Randseed b77d7c54
# 5460 nodes in table
# best score 1
0 00aa8002aa000aa8002aa000aa8002aa 00002aa800aaa002aa800aaa002aa800 2 1
# 0.5280 seconds
# 10445 nodes in table
# best score 1
2 00ab0002aa000aa8002aa000aa8002aa 00002aa800aaa0022a900aaa002aa800 2 1
# 0.5796 seconds
# 15524 nodes in table
# best score 1
4 00a70002aa000aa8002aa000aa8002aa 00002b2800aaa0022a900aaa002aa800 2 1
# 0.3828 seconds
# 53488 nodes in table
# best score -1
6 00a70002aa000aa8002aa000aa8001aa 00002b0804aaa0022a900aaa002aa800 3 -1
# 1.9859 seconds
# 81956 nodes in table
# best score -1
8 00a70002aa000aa8002aa000aa8001a6 00002b0800aba0022a900aaa002aa800 3 -1
# 1.2007 seconds
# 94041 nodes in table
# best score 0
10 00a70002ca000aa8002aa000aa8001a6 00002b0800aba0002ad00aaa002aa800 3 0
# 0.7020 seconds
# 106365 nodes in table
# best score 0
12 00870402ca000aa8002aa000aa8001a6 00002b0800aba0002ad00a9a002aa800 3 0
# 0.5481 seconds
# 117151 nodes in table
# best score 1
14 00870402ca000aa8002aa000aa8011a2 00002b0800aba0002ad00a9a002ac800 3 1
# 0.6739 seconds
# 124306 nodes in table
# best score 2
16 00870402ca1008a8002aa000aa8011a2 00002b0800aba0002a501a9a002ac800 3 2
# 0.3031 seconds
# 129327 nodes in table
# best score 3
18 00870402ca1008a8002aa004aa8011a0 00002b0800aba00026501a9a002ac800 3 3
# 0.3302 seconds
# 136554 nodes in table
# best score 4
20 00870402ca1008a8002aa004aa811180 00002b09008ba00026501a9a002ac800 3 4
# 0.2597 seconds
# 142242 nodes in table
# best score 5
22 00071402ca1008a8002aa004aa811180 00002b090083a10026501a9a002ac800 3 5
# 0.2000 seconds
# 148515 nodes in table
# best score 5
24 00071402c81048a8002aa004aa811180 00002b090083a11022501a9a002ac800 3 5
# 0.3024 seconds
# 153531 nodes in table
# best score 5
26 00071402c81048a8002aa004ab810180 000029092083a11022501a9a002ac800 3 5
# 0.1502 seconds
# 156811 nodes in table
# best score 6
28 00071402c85040a8002aa004ab810180 000029092083a11022501a9a002a6800 3 6
# 0.1861 seconds
# 182405 nodes in table
# best score 9
30 00071402c85040a8002aa004ab850080 000028092087a11022501a9a002a6800 4 9
# 1.3165 seconds
# 208870 nodes in table
# best score 9
32 00071402c85040a8002aa004bb850000 000028092087a11022501a9a40226800 4 9
# 1.5703 seconds
# 257177 nodes in table
# best score 8
34 00071402c85040a8000aa404bb850000 000028090087a11022505a9a40226800 4 8
# 2.9604 seconds
# 278486 nodes in table
# best score 9
36 00071402c85040a80002a504bb850000 000028090087a11022705a9a00226800 4 9
# 1.2695 seconds
# 296751 nodes in table
# best score 9
38 00071402c85040a80002a104fb850000 000028010187a11022705a9a00226800 4 9
# 0.8368 seconds
# 302685 nodes in table
# best score 10
40 00071002c87040a80002a104fb850000 000028010187a11022705a9a00223800 4 10
# 0.3541 seconds
# 310243 nodes in table
# best score 11
42 00071002c87040a80002a1447b850000 000028010187a11022704a9a00623800 4 11
# 0.4439 seconds
# 314907 nodes in table
# best score 11
44 00071002c87040a81002a1443b850000 000028010387811022704a9a00623800 4 11
# 0.3041 seconds
# 357779 nodes in table
# best score 7
46 00071002c87040281003a1443b850000 000028010387811022744a1a00623800 5 7
# 2.0903 seconds
# 372059 nodes in table
# best score 7
48 00071002c87040281403a0443b850000 00002801038f811022744a0a00623800 5 7
# 0.5797 seconds
# 399167 nodes in table
# best score 8
50 00071002c87040280403a0543b850000 00002801038f8110227c4a0200623800 7 8
# 1.7924 seconds
# 480972 nodes in table
# best score 8
52 00071002c87040080503a0543b850000 00002801078f8110227c480200623800 10 8
# 4.4457 seconds
# 485973 nodes in table
# best score 8
54 00031042c87040080503a0543b850000 00002801068f8110227c480300623800 8 8
# 0.9605 seconds
# 540487 nodes in table
# best score 8
56 00031042c87060080103a0543b850000 00002805060f8110227c480300623800 10 8
# 2.6508 seconds

