Randseed b77e4e07
# 6610 nodes in table
# best score 0
1 00aa8000aa400aa8002aa000aa8002aa 00002aa800aaa002aa800aaa002aa800 2 0
# 0.3893 seconds
# 11407 nodes in table
# best score 0
3 00aa8000a8404aa8002aa000aa8002aa 00002aa800aaa002aa800aab000aa800 2 0
# 0.4185 seconds
# 26022 nodes in table
# best score -1
5 00aa8000a8404aa8002aa1008a8002aa 00002aa8008aa402aa800aab000aa800 3 -1
# 0.7929 seconds
# 39492 nodes in table
# best score -1
7 006a8000a8404aa8002aa1008a8002aa 00002aa8008aa402aa001aab000aa800 3 -1
# 0.7139 seconds
# 54244 nodes in table
# best score 0
9 006a8000a8404aa80029a1008a8002aa 00002aa8008aa402aa001eaa000aa800 3 0
# 0.6458 seconds
# 65134 nodes in table
# best score 2
11 006a8000a84048a84029a1008a8002aa 00002aa8008aa402aa1016aa000aa800 3 2
# 0.4927 seconds
# 74059 nodes in table
# best score 3
13 006a8000a84048a84029a1008a8002ac 00002aa8008aa401aa1016aa000aa800 3 3
# 0.4038 seconds
# 85907 nodes in table
# best score 3
15 006a8000a84048a84029a100868002ac 00002aa8008aa401aa1006ae000aa800 3 3
# 0.5934 seconds
# 92757 nodes in table
# best score 3
17 006a8000a84048a84028a110868002ac 00002aa8008aa401aa1046ac000aa800 3 3
# 0.2793 seconds
# 102136 nodes in table
# best score 4
19 006c8000a84048a84028a110868002ac 00002aa8008a2411aa1046ac000aa800 3 4
# 0.3690 seconds
# 108465 nodes in table
# best score 5
21 006c8000a84048884428a110868002ac 00002aa8008a2411aa1046ac000a6800 3 5
# 0.4135 seconds
# 115387 nodes in table
# best score 6
23 006c8000a84048884428a110069002ac 00002aa8008a2401aa1046ac010a6800 3 6
# 0.3602 seconds
# 124233 nodes in table
# best score 7
25 006c8002a84040884428a110069002ac 00002aa8008a2401a81046ac010a7800 3 7
# 0.4154 seconds
# 133288 nodes in table
# best score 7
27 006c8002a84040884448a110069002ac 00002aa8018a0401a81046ac010a7800 3 7
# 0.3210 seconds
# 137026 nodes in table
# best score 7
29 006c8002a04140884448a110069002ac 00002a28118a0401a81046ac010a7800 3 7
# 0.2375 seconds
# 166218 nodes in table
# best score 8
31 006d0002a04140884448a110069002ac 00002a28118a0441a01046ac010a7800 4 8
# 2.5578 seconds
# 186058 nodes in table
# best score 10
33 006d0002a04140884448a1100690026c 00002a28118a0441a01046ac010af000 4 10
# 1.7361 seconds
# 207734 nodes in table
# best score 11
35 002d0402a04140884448a1100690026c 00002a28118e0401a01046ac010af000 4 11
# 1.5683 seconds
# 233180 nodes in table
# best score 11
37 002d0402a04140484448a1100690026c 00002828518e0401a01046ac010af000 4 11
# 1.3724 seconds
# 263333 nodes in table
# best score 12
39 002d0402a04140684448a1100290026c 00002828118e0501a01046ac010af000 4 12
# 1.5868 seconds
# 299377 nodes in table
# best score 13
41 002d0402a04140684408a9100290026c 00002828118e0700a01046ac010af000 4 13
# 1.5275 seconds
# 317896 nodes in table
# best score 13
43 002d0402a0414068040ca9100290026c 00002838108e0700a01046ac010af000 4 13
# 1.0755 seconds
# 335607 nodes in table
# best score 14
45 00290502a0414068040ca9100290026c 00002838108e0700a01006ac050af000 4 14
# 0.6278 seconds
# 348602 nodes in table
# best score 13
47 0039050280414068040ca9100290026c 00002838108e0700a010068c050bf000 5 13
# 0.7715 seconds
# 383823 nodes in table
# best score 13
49 003a050280414068040ca9100290026c 00002838108e0700a010068c110bf000 5 13
# 1.6113 seconds
# 433640 nodes in table
# best score 13
51 003a050280414068040ce9100090026c 00002870108e0700a010068c110bf000 5 13
# 1.6912 seconds
# 448742 nodes in table
# best score 13
53 003a050380014068040ce9100090026c 000028e0108e0700a010068c110bf000 5 13
# 0.5861 seconds
# 457848 nodes in table
# best score 14
55 003a050380010068050ce9100090026c 000028e0108e0700a010028c510bf000 5 14
# 0.4218 seconds
# 463495 nodes in table
# best score 15
57 003a050380010068050ce9100080036c 000028e0108e0700a010028c7103f000 5 15
# 0.3079 seconds
# 467056 nodes in table
# best score 15
59 003a050380000068050de9100080036c 000028e0108e0f008010028c7103f000 5 15
# 0.2292 seconds
# 467169 nodes in table
# best score 10000
61 003c050380000068050de9100080036c 000028e0108e1f008010020c7103f000 8 10000
# 0.0047 seconds
# 467170 nodes in table
# best score 10000
63 003e040380000068050de9100080036c 000028e4108e1f008010020c7103e000 11 10000
# 0.0005 seconds

