Randseed b7872b87
# 5638 nodes in table
# best score 1
0 00aa8002aa000aa8002aa000aa8002aa 00002aa800aaa002aa800aaa002aa800 2 1
# 0.4577 seconds
# 11442 nodes in table
# best score 1
2 00aa8002aa000aa8002aa000aa8002ca 00002a2810aaa002aa800aaa002aa800 2 1
# 0.4662 seconds
# 15829 nodes in table
# best score 1
4 00ab0002aa000aa8002aa000aa8002ca 00002c2810aaa002aa800aaa002aa800 2 1
# 0.3389 seconds
# 41323 nodes in table
# best score 0
6 00ab0002a6000aa8002aa000aa8002ca 00002c2810ab2002aa800aaa002aa800 3 0
# 1.3546 seconds
# 63236 nodes in table
# best score -1
8 002b1002a6000aa8002aa000aa8002ca 0000282910ab2002aa800aaa002aa800 3 -1
# 1.3179 seconds
# 81030 nodes in table
# best score -2
10 000b1402a6000aa8002aa000aa8002ca 00002829106b2002aa800aaa002aa800 3 -2
# 0.8216 seconds
# 106614 nodes in table
# best score -2
12 000b1002e6000aa8002aa000aa8002ca 00002829106b2002ac800aaa002aa800 3 -2
# 1.1855 seconds
# 118671 nodes in table
# best score -1
14 000b1002e6000aa8002aa000aa80038a 00002829106b2002ac800aaa042a2800 3 -1
# 0.6470 seconds
# 130771 nodes in table
# best score -1
16 000b1002e6000aa8002aa000aa84018a 00002829106b2002ac800aaa44222800 3 -1
# 0.6209 seconds
# 141290 nodes in table
# best score -1
18 000b1002e6000aa8002aa010a884018a 00002829106b2002ac800aaa44622000 3 -1
# 0.4015 seconds
# 149654 nodes in table
# best score 0
20 000b1002e6000aa8002aa010b884008a 00002829106b2002ac800aab44422000 3 0
# 0.3041 seconds
# 159856 nodes in table
# best score 1
22 000b100266040aa8002aa010b884008a 00002829106b2002ac800aab45420000 3 1
# 0.3641 seconds
# 168144 nodes in table
# best score 0
24 000b100226040aa8102aa010b884008a 00002829106b2002ac800eaa45420000 3 0
# 0.3808 seconds
# 173999 nodes in table
# best score -1
26 000b100226040aa8102a8014b884008a 00002029106b2402ac800eaa45420000 3 -1
# 0.2356 seconds
# 180116 nodes in table
# best score -1
28 000b100226040aa8102a8054b884000a 00002028106b2402ac900eaa45420000 3 -1
# 0.2943 seconds
# 211805 nodes in table
# best score 0
30 000b000626040aa8102a8054b884000a 00002028106b2403ac9006aa45420000 4 0
# 1.9882 seconds
# 250875 nodes in table
# best score 1
32 000b000626040aa8102b8044b884000a 00002028106b2403ac94062a45420000 4 1
# 2.2466 seconds
# 291763 nodes in table
# best score 1
34 000b0006260412a8102b8044b884000a 00002028106b2503ac90062a45420000 4 1
# 2.1004 seconds
# 324216 nodes in table
# best score 1
36 000b0006260412e8102b0044b884000a 00002028106b2503a690062a45420000 4 1
# 1.7182 seconds
# 342832 nodes in table
# best score 1
38 000b0006260410e8502b0044b884000a 00002028106b2503a690060a47420000 4 1
# 1.1287 seconds
# 356470 nodes in table
# best score 3
40 000b0006260410e8502a0144b884000a 00002028106b2503a290460a47420000 4 3
# 0.6253 seconds
# 436137 nodes in table
# best score 0
42 000b0106260410e8102a0144b884000a 00002028106b2503a290560a47020000 5 0
# 3.5290 seconds
# 520041 nodes in table
# best score 1
44 000b0106220450e8102a0144b884000a 00002028106b2507a290560847020000 5 1
# 3.9278 seconds
# 532067 nodes in table
# best score 2
46 000b0106220450f810220144b884000a 00002030106b2507a290560847020000 5 2
# 0.5509 seconds
# 563819 nodes in table
# best score 1
48 000f0106220450f810220044b884000a 00001030106b2507a290560847020000 5 1
# 1.2525 seconds

