Randseed b787f3d6
# 6175 nodes in table
# best score 1
1 00b28002aa000aa8002aa000aa8002aa 00002aa800aaa002aa800aaa002aa800 2 1
# 0.4181 seconds
# 10558 nodes in table
# best score 1
3 00b28002aa000aa8002b2000aa8002aa 00002ab000aaa002aa800aaa002aa800 2 1
# 0.4771 seconds
# 14421 nodes in table
# best score 1
5 00b280028a040aa8002b2000aa8002aa 00002ab000aaa002aa800aab000aa800 2 1
# 0.3890 seconds
# 25880 nodes in table
# best score 0
7 00b280028a040aa8002b2000a28102aa 00002a7000aaa002aa800aab000aa800 3 0
# 0.5266 seconds
# 37191 nodes in table
# best score 1
9 00b280028a040aa8002b2000a285022a 00002c7000aaa002aa800aab000aa800 3 1
# 0.4418 seconds
# 45178 nodes in table
# best score 2
11 00b2800286040aa8002b2000a285022a 00002c7000aaa002ab000aab000aa800 3 2
# 0.4857 seconds
# 55243 nodes in table
# best score 3
13 00b2800286000ba8002b2000a285022a 00002c7000aac002ab000aab000aa800 3 3
# 0.3972 seconds
# 65020 nodes in table
# best score 4
15 00b2800286100b28002b2000a285022a 00002c7000a9c002ab000aab000aa800 3 4
# 0.5813 seconds
# 73270 nodes in table
# best score 4
17 00b2800186100b28002b2000a285022a 00001c7000a9c002ab000aab000aa800 3 4
# 0.3720 seconds
# 79989 nodes in table
# best score 4
19 00b2800186100b28002b2000a2851228 00001c7000a9c002ab000aad000aa800 3 4
# 0.3872 seconds
# 87998 nodes in table
# best score 4
21 00b2800086100b28402b2000a2851228 00001c7040a1c002ab000aad000aa800 3 4
# 0.2925 seconds
# 92615 nodes in table
# best score 4
23 00b2800086100a28402b2100a2851228 00001c7040a1c002ab000aad000a6800 3 4
# 0.1708 seconds
# 97185 nodes in table
# best score 5
25 00b2800086110a08402b2100a2851228 00001c7040a0c012ab000aad000a6800 3 5
# 0.1841 seconds
# 101894 nodes in table
# best score 5
27 00b2800006110a08402b2100e2851228 00000e7040a0c012ab000aad000a6800 3 5
# 0.2886 seconds
# 106191 nodes in table
# best score 6
29 00b2800006110a08402e2100e2851228 00000e7040a0c012ab000aad00126800 3 6
# 0.2542 seconds
# 110461 nodes in table
# best score 6
31 00b2800006110a08402e1100e2851228 00000e7040a0c012ab000aad01122800 3 6
# 0.2174 seconds
# 115729 nodes in table
# best score 5
33 00b2800006110a09400e1100e2851228 00000e7040a0c012ab000aad01522000 3 5
# 0.3724 seconds
# 138312 nodes in table
# best score 6
35 00b2800006110e09400c1100e2851228 00000e7040a0c012ae000aad01522000 4 6
# 1.6956 seconds
# 150156 nodes in table
# best score 6
37 00b2800006110e0940081100e2871228 00000e7040a0c012ae000aad11502000 4 6
# 0.9777 seconds
# 163667 nodes in table
# best score 6
39 00b3000006110e0940081100e2871228 00000e7040a0c012ae040aad01502000 4 6
# 1.3239 seconds
# 174202 nodes in table
# best score 7
41 00b3000006110e0940082100e2871228 00000e7040a0c012ae040aaf01102000 4 7
# 0.7098 seconds
# 179587 nodes in table
# best score 7
43 00b6000006110e0940082100e2871228 00000e7040a0c012a6044aaf01102000 4 7
# 0.4967 seconds
# 184234 nodes in table
# best score 7
45 00bc000006110e0940082100e2871228 00000e7040a0c012a6044abd01102000 4 7
# 0.2958 seconds
# 190962 nodes in table
# best score 7
47 00bc000006110e0840082100e2871238 00000ee040a0c012a6044abd01102000 4 7
# 0.5244 seconds
# 195288 nodes in table
# best score 7
49 00bc00000611060840082100e2875238 00000ee040a0c01226144abd01102000 4 7
# 0.2142 seconds
# 198727 nodes in table
# best score 7
51 00bc00000611060840082100628f5238 00000ee040a0c01226044ebd01102000 4 7
# 0.2061 seconds
# 213600 nodes in table
# best score 6
53 00bc00000611060840082100620f523a 00000ee040a0c01226044cbd01302000 5 6
# 0.6295 seconds
# 227912 nodes in table
# best score 7
55 00bc00000611060840082100220f533a 00000ee040a0c01226044cfd01300000 5 7
# 0.7725 seconds
# 248882 nodes in table
# best score 8
57 00f800000611060840082100220f533a 00000ee040a0c11222044cfd01300000 5 8
# 0.8738 seconds
# 254054 nodes in table
# best score 8
59 007c00000611060840082100220f533a 00000fc040a0c11222044cfd01300000 5 8
# 0.2484 seconds
# 261409 nodes in table
# best score 8
61 007c00000e10060840082100220f533a 00000fc040a0c11222444cfd01200000 5 8
# 0.2851 seconds
# 264280 nodes in table
# best score 10000
63 007c00000e10020840082100220f733a 00000fc040a0d11222444cfd01000000 6 10000
# 0.1238 seconds
# 265211 nodes in table
# best score 10000
65 007c00000e00020840082100228f733a 00000fc040a8911222444cfd01000000 5 10000
# 0.0384 seconds
# 265216 nodes in table
# best score 10000
67 007c00000e0000084008210022cf733a 00000fc040b8911222444cfd00000000 8 10000
# 0.0003 seconds

