Randseed b7902054
# 5437 nodes in table
# best score 1
0 00aa8002aa000aa8002aa000aa8002aa 00002aa800aaa002aa800aaa002aa800 2 1
# 0.4826 seconds
# 10187 nodes in table
# best score 1
2 00ab0002aa000aa8002aa000aa8002aa 00002a6800aaa002aa800aaa002aa800 2 1
# 0.4183 seconds
# 15867 nodes in table
# best score 2
4 006b0002aa000aa8002aa000aa8002aa 00000a6c00aaa002aa800aaa002aa800 2 2
# 0.4595 seconds
# 19740 nodes in table
# best score 3
6 002b0402aa000aa8002aa000aa8002aa 00000a6c00aa8006aa800aaa002aa800 2 3
# 0.3342 seconds
# 34732 nodes in table
# best score 2
8 002b0402ac000aa8002aa000aa8002aa 00000a6c00aa8046a2800aaa002aa800 3 2
# 0.9174 seconds
# 44326 nodes in table
# best score 2
10 002b0401ac000aa8002aa000aa8002aa 0000086c40aa8046a2800aaa002aa800 3 2
# 0.7173 seconds
# 57714 nodes in table
# best score 2
12 002b0401ac000aa8002aa000aa8012a8 0000086c40ae8006a2800aaa002aa800 3 2
# 0.8378 seconds
# 65239 nodes in table
# best score 2
14 000b0401ac100aa8002aa000aa8012a8 0000086c40af0006a2800aaa002aa800 3 2
# 0.4128 seconds
# 72849 nodes in table
# best score 2
16 000b0401ac100aa8002aa000aa8012b0 0000086c40af0006a2800aaa001aa800 3 2
# 0.2835 seconds
# 84306 nodes in table
# best score 2
18 000b0401ac100ab0002aa000aa8012b0 0000086c40af0006a2800aaa000ea800 3 2
# 0.4815 seconds
# 95662 nodes in table
# best score 2
20 000b0001ac100eb0002aa000aa8012b0 0000086c40af0006a2800aaa400ca800 3 2
# 0.6007 seconds
# 101420 nodes in table
# best score 3
22 000e0001ac100eb0002aa000aa8012b0 0000086c40af0006a2800aaa400c6800 3 3
# 0.1853 seconds
# 107022 nodes in table
# best score 3
24 000e00019c100eb0002aa000aa8012b0 0000086c40af0006a2800aaa410c2800 3 3
# 0.1880 seconds
# 112130 nodes in table
# best score 4
26 000e00019c100f30002aa000aa8012b0 0000086c40af0002a3800aaa410c2800 3 4
# 0.2360 seconds
# 115671 nodes in table
# best score 4
28 000e00019c100f300028a040aa8012b0 0000086c40af0002a3004aaa410c2800 3 4
# 0.1903 seconds
# 142882 nodes in table
# best score 6
30 000e00019c100f3000288044aa8012b0 0000086c40af000263004aaa410c2800 4 6
# 1.5809 seconds
# 162254 nodes in table
# best score 7
32 000c00819c100f3000288044aa8012b0 00000a6c40ae000263004aaa410c2800 4 7
# 1.3001 seconds
# 181878 nodes in table
# best score 7
34 000c008198110f3000288044aa8012b0 00000a6c40ae000263004eaa41082800 4 7
# 0.8918 seconds
# 190394 nodes in table
# best score 7
36 000c008198110f3000208144aa8012b0 00000a6c40ae000262004eba41082800 4 7
# 0.4629 seconds
# 197205 nodes in table
# best score 8
38 000c008198110f2004208144aa8012b0 00000a6c40ce000262004eba41082800 4 8
# 0.3115 seconds
# 203641 nodes in table
# best score 9
40 000c008198110f2004208144aa8112a0 00000a6c40ce000260006eba41082800 4 9
# 0.2709 seconds
# 209395 nodes in table
# best score 9
42 000c008198110f2004208140aa8112a2 0000066c40ce000260006eba41082800 4 9
# 0.2914 seconds
# 235595 nodes in table
# best score 10
44 0004008198110f2004218140aa8112a2 0000066c40ce000260046e3a41082800 4 10
# 0.7752 seconds
# 247674 nodes in table
# best score 11
46 0004008098110f2104218140aa8112a2 0000066840ce100260046e3a41082800 4 11
# 0.3517 seconds
# 259207 nodes in table
# best score 12
48 0004008018110fa104218140aa8112a2 0000026840ce104260046e3a41082800 4 12
# 0.4504 seconds
# 268709 nodes in table
# best score 12
50 0004008018110fa114018140aa8112a2 0000026840ce1042400c6e3a41082800 4 12
# 0.3836 seconds
# 275643 nodes in table
# best score 12
52 0004008018110fa114018140ae811282 00000068c0ce1042400c6e3a41082800 4 12
# 0.3068 seconds
# 281476 nodes in table
# best score 13
54 0004008018110fa1140181402e911282 00000068c0ce104240186e3a41082800 4 13
# 0.2407 seconds
# 288725 nodes in table
# best score 13
56 0004008018110fa1140181402e111286 00000069c0ce100240186e3a41082800 4 13
# 0.1981 seconds
# 291119 nodes in table
# best score 14
58 0004008018110fa1140180402e151286 0000006bc0ce100040186e3a41082800 4 14
# 0.1388 seconds
# 294248 nodes in table
# best score 9
60 0004008018010fa1140380402e151286 0000006bc0cc100240186e3a41082800 5 9
# 0.1315 seconds
# 294932 nodes in table
# best score 10000
62 0004008018010fa1140380400e151386 0000003bc0cc100240186e3a41082800 8 10000
# 0.0675 seconds
# 294936 nodes in table
# best score 10000
64 0004008018010fa1140380400e15038e 0000001bc2cc100240186e3a41082800 7 10000
# 0.0049 seconds
# 294939 nodes in table
# best score 10000
66 0004008018010fa1140380400e15438c 0000001bc2cc100240187e3a41080800 10 10000
# 0.0003 seconds

