Randseed b7909bcf
# 5912 nodes in table
# best score 1
1 00b28002aa000aa8002aa000aa8002aa 00002aa800aaa002aa800aaa002aa800 2 1
# 0.4763 seconds
# 10297 nodes in table
# best score 1
3 00b28002aa000ac8002aa000aa8002aa 00002ab000aaa002aa800aaa002aa800 2 1
# 0.3826 seconds
# 14379 nodes in table
# best score 1
5 00b284022a000ac8002aa000aa8002aa 00002ab000aaa000aac00aaa002aa800 2 1
# 0.3437 seconds
# 28186 nodes in table
# best score 1
7 00b284022a0009c8002aa000aa8002aa 00002a7000aaa000aac00aaa002aa800 3 1
# 0.7236 seconds
# 41763 nodes in table
# best score 2
9 00f280022a0009c8002aa000aa8002aa 00002a7000aac000aac00aaa002aa800 3 2
# 0.7411 seconds
# 49565 nodes in table
# best score 3
11 00f280021a0009c8002aa000aa8002aa 00002a3004aac000aac00aaa002aa800 3 3
# 0.3970 seconds
# 61041 nodes in table
# best score 4
13 00f280021a0009c80026a000aa8002aa 00002a3004aac000ab400aaa002aa800 3 4
# 0.7081 seconds
# 74502 nodes in table
# best score 3
15 00f290001a0009c80026a000aa8002aa 00002a30046ac000ab400aaa002aa800 3 3
# 0.5243 seconds
# 82356 nodes in table
# best score 4
17 00f290001a0009c80026a000aa8001aa 00002a30046ac000ab400aaa001aa800 3 4
# 0.3231 seconds
# 91030 nodes in table
# best score 5
19 00f290001a0009c80026a000aa8000ea 00002a30046ac000ab000eaa001aa800 3 5
# 0.3539 seconds
# 98440 nodes in table
# best score 7
21 00f290001a0008c81026a000aa8000ea 00002a30046ac000ab0006aa401aa800 3 7
# 0.5195 seconds
# 105608 nodes in table
# best score 8
23 00f290001a0008c81026a000aa80007a 00002a30046ac0002b1006aa401aa800 3 8
# 0.2765 seconds
# 110081 nodes in table
# best score 8
25 00f290001a0008c81026a000aa80003e 00002a30046ac0002b1006aa5018a800 3 8
# 0.1754 seconds
# 112995 nodes in table
# best score 8
27 00f290001a0008c81026a000a680003e 00002c30046ac0002b1006aa5018a800 3 8
# 0.1885 seconds
# 115600 nodes in table
# best score 9
29 00f290001a0008c81026a000a380003e 00002c30046ac1000b1006aa5018a800 3 9
# 0.1316 seconds
# 119732 nodes in table
# best score 9
31 00f290001a0008c81023a000a380003e 00002c30046ac1000b1007aa5008a800 3 9
# 0.2473 seconds
# 137984 nodes in table
# best score 11
33 00f290001a0008c810238004a380003e 00002c30046ac1000b1007ea4008a800 4 11
# 0.9225 seconds
# 151812 nodes in table
# best score 11
35 00f290001a0008d010238004a380003e 00002c30046ac1000b1007fa4000a800 4 11
# 0.8573 seconds
# 162987 nodes in table
# best score 12
37 00f290001a0008d0102380042390003e 00000c34046ac1000b1007fa4000a800 4 12
# 0.9093 seconds
# 176843 nodes in table
# best score 13
39 00f290001a0008d0102380042388003e 00000c34046ac1000b1007fa0400a800 4 13
# 0.7276 seconds
# 189887 nodes in table
# best score 12
41 00f290001a0008f0102300042388003e 00000c3004eac1000b1007fa0400a800 4 12
# 0.5982 seconds
# 196184 nodes in table
# best score 11
43 00f290001a0008f0102300042188103e 00000c31046ac1000b1007fa0400a800 4 11
# 0.4135 seconds
# 200780 nodes in table
# best score 10
45 00f290001a0108e0102300042188103e 00000c31046ac100071007fa0400a800 4 10
# 0.4000 seconds
# 205901 nodes in table
# best score 10
47 00f290400a0108e0102300042188103e 00000c31046ac100071047fa04002800 4 10
# 0.4209 seconds
# 210358 nodes in table
# best score 11
49 00fa80400a0108e0102300042188103e 00000c31046ac108071047fa00002800 4 11
# 0.2592 seconds
# 214053 nodes in table
# best score 11
51 00fa80400a0108e010230004018c103e 00000c31046ac108071047fa00402000 4 11
# 0.1864 seconds
# 228683 nodes in table
# best score 12
53 007e80400a0108e010230004018c103e 00000c31046ac108831047fa00402000 6 12
# 0.7613 seconds
# 255505 nodes in table
# best score 12
55 007f80400a0108e010220004018c103e 00000c31047ac008831047fa00402000 6 12
# 0.9421 seconds
# 263020 nodes in table
# best score 12
57 003fc0400a0108e010220004018c103e 00000c31047ac008831057fa00002000 5 12
# 0.4304 seconds
# 268813 nodes in table
# best score 13
59 001fc0480a0108e010220004018c103e 00000831047ac408831057fa00002000 5 13
# 0.2822 seconds
# 272451 nodes in table
# best score 13
61 001fc0480b0108e010200004018c103e 00000031047ec408831057fa00002000 5 13
# 0.1797 seconds
# 272457 nodes in table
# best score 10000
63 003fc048090108e010200004018c103e 00000031047ec408839057f800002000 7 10000
# 0.0029 seconds
# 272463 nodes in table
# best score 10000
65 003fc448090108e000200004018c103e 00000031047ec408839057f800004000 7 10000
# 0.0003 seconds

