Randseed b7989f89
# 5551 nodes in table
# best score 1
0 00aa8002aa000aa8002aa000aa8002aa 00002aa800aaa002aa800aaa002aa800 2 1
# 0.5139 seconds
# 10150 nodes in table
# best score 1
2 00b28002aa000aa8002aa000aa8002aa 00002aa800aaa002aa800aaa002ab000 2 1
# 0.5130 seconds
# 28698 nodes in table
# best score -1
4 00b28002aa000aa8002aa000aa80029a 00002aa800aaa002aa800aac002ab000 3 -1
# 1.0163 seconds
# 51725 nodes in table
# best score -1
6 00b28002aa000aa8002aa000ab00029a 00002aa800aaa002ab000aac002ab000 3 -1
# 1.4269 seconds
# 75974 nodes in table
# best score -1
8 00b28002aa000aa8002aa000ab00029c 00002aa800aac002ab000aac002ab000 3 -1
# 1.3918 seconds
# 108006 nodes in table
# best score -2
10 00b28002aa000aa8002aa000ab00019c 00002ab000aac002ab000aac002ab000 3 -2
# 1.6208 seconds
# 129309 nodes in table
# best score -2
12 00b28002aa000aa8002ac000ab00019c 00002ab000aac002ab000aac001ab000 3 -2
# 1.0879 seconds
# 140087 nodes in table
# best score -2
14 00b28002aa000aa8002ac000aa00419c 00002ab000aac002ab0006ac001ab000 3 -2
# 0.5390 seconds
# 150557 nodes in table
# best score -1
16 00b28002aa000aa8002ac000ae00418c 00001ab000aac002ab0006ac001ab000 3 -1
# 0.4565 seconds
# 162759 nodes in table
# best score 1
18 00b28002aa000aa8002ac000ae04408c 00001ab000aac001ab0006ac001ab000 3 1
# 0.6646 seconds
# 173056 nodes in table
# best score 3
20 00b28002aa000aa8002ac000ee04400c 00001ab000aac001ab0006ac011aa000 3 3
# 0.5800 seconds
# 182363 nodes in table
# best score 3
22 00b28002aa000aa8002ac000fe044008 00001ab000aac001ab0006bc011a8000 3 3
# 0.3915 seconds
# 187104 nodes in table
# best score 3
24 00b28002aa4002a8002ac000fe044008 00001ab000aac001ab0026bc001a8000 3 3
# 0.1870 seconds
# 192644 nodes in table
# best score 4
26 00b28002aa4002a8002ac100fe044000 00001cb000aac001ab0026bc001a8000 3 4
# 0.3003 seconds
# 198140 nodes in table
# best score 5
28 00b28002aa4002a8003ac100fe040000 00001cb000aac001a90026fc001a8000 3 5
# 0.2890 seconds
# 201007 nodes in table
# best score 5
30 00b28002ca4002a8003ac100fe040000 00001cb000aac001a80126fc001a8000 3 5
# 0.1213 seconds
# 229219 nodes in table
# best score 7
32 00b28002ca4002a8043a8100fe040000 00001cb000aac041a80106fc001a8000 4 7
# 1.1136 seconds
# 245417 nodes in table
# best score 8
34 00b28002ca4102a8043a0100fe040000 00001cb000a8c041b80106fc001a8000 4 8
# 0.8224 seconds
# 255707 nodes in table
# best score 9
36 00b28002ca4102a8443a0100fc040000 00001cb000a8c101b80106fc001a8000 4 9
# 0.4865 seconds
# 265178 nodes in table
# best score 10
38 00b28002ca5102a8443a0100f8040000 00001cb000a0c101b80106fc041a8000 4 10
# 0.6302 seconds
# 266894 nodes in table
# best score 10
40 00b28002ca5102b8403a0100f8040000 00001cb000a0c001b80106fc041b8000 3 10
# 0.0491 seconds
# 283188 nodes in table
# best score 14
42 00b28042ca5102b0403a0100f8040000 00001cb004a08001b80106fc041b8000 4 14
# 0.7154 seconds
# 289378 nodes in table
# best score 15
44 00b28043ca5102b0403a0100f0040000 00001cb004a08041b80106fc04198000 4 15
# 0.4904 seconds
# 293194 nodes in table
# best score 16
46 00b28243ca5102b0403a0100e0040000 00001cb004a08440b80106fc04198000 4 16
# 0.2887 seconds
# 296574 nodes in table
# best score 17
48 00b28243c85142b0403a0100e0040000 00001cb004209440b80106fc04198000 4 17
# 0.2359 seconds
# 301022 nodes in table
# best score 17
50 00b30243c85142b0403a0100e0040000 00001cb004229440b80106fc04188000 4 17
# 0.2680 seconds
# 318470 nodes in table
# best score 16
52 00b20243c85142b8403a0100e0040000 00001cb014229440980106fc04188000 5 16
# 0.7431 seconds
# 326607 nodes in table
# best score 16
54 00f20243c81142b8403a0100e0040000 00001c3014229440980106fc14188000 5 16
# 0.3517 seconds
# 333646 nodes in table
# best score 16
56 00720243c81142b8403e0100e0040000 00001c3004229440980106fc141a8000 5 16
# 0.2181 seconds
# 333825 nodes in table
# best score 10000
58 00700243d81142b8403e0100e0040000 00001c1006229440980106fc141a8000 5 10000
# 0.0064 seconds
# 333848 nodes in table
# best score 10000
60 00700243f81102b8403e0100e0040000 00001c1006209440980106fc141a8040 5 10000
# 0.0005 seconds

