Randseed b7991fc2
# 5461 nodes in table
# best score 0
1 00aa8002aa000aa8002aa000aa8012a8 00002aa800aaa002aa800aaa002aa800 2 0
# 0.4575 seconds
# 10258 nodes in table
# best score 0
3 00aa0012aa000aa8002aa000aa8012a8 00002aa001aaa002aa800aaa002aa800 2 0
# 0.4647 seconds
# 14189 nodes in table
# best score 0
5 00aa0012aa000aa8002aa000aa8052a0 00002aa001aaa002aa800aaa001aa800 2 0
# 0.3556 seconds
# 29106 nodes in table
# best score 1
7 00a80052aa000aa8002aa000aa8052a0 00002aa000aae002aa800aaa001aa800 3 1
# 1.0215 seconds
# 91335 nodes in table
# best score 0
9 00a80052aa000aa8002aa000aa815280 00002aa004aac002aa800aaa001aa800 3 0
# 2.7201 seconds
# 139299 nodes in table
# best score 0
11 00a00152aa000aa8002aa000aa815280 00002aa004aac002aac002aa001aa800 3 0
# 2.1564 seconds
# 169680 nodes in table
# best score 1
13 00a00152aa000aa8002aa000aa855200 00002a2014aac002aac002aa001aa800 3 1
# 1.4570 seconds
# 186288 nodes in table
# best score 1
15 00a00152aa000aa8002aa004aa854200 00001a2014aac002aac002aa001aa800 3 1
# 0.6382 seconds
# 196724 nodes in table
# best score 0
17 00a00152aa000aa8012aa004aa054200 00001a2014aac002aac002a2011aa800 3 0
# 0.4708 seconds
# 207216 nodes in table
# best score 0
19 00a00152aa000aa9010aa004aa054200 00001a2014aac002aac002a2001ab800 3 0
# 0.4152 seconds
# 219529 nodes in table
# best score 0
21 00a00152aa000aa9010ae000aa054200 00001c2014aac002aac002a2001ab800 3 0
# 0.5451 seconds
# 234347 nodes in table
# best score 0
23 00a00152aa000aa1050ae000aa054200 00001c2014aac002aac002a2041a3800 3 0
# 0.6047 seconds
# 249848 nodes in table
# best score 0
25 00a00152aa000a81050be000aa054200 00001c2014aac002aac002a2045a1800 3 0
# 0.4838 seconds
# 283409 nodes in table
# best score 1
27 00a00152aa400a80050be000aa054200 00001c2014aac0026ac002a2045a1800 4 1
# 1.6746 seconds
# 287623 nodes in table
# best score -1
29 00a00152aa400a80010be010aa054200 00001c2014aac0026ac012a2045a0800 3 -1
# 0.1784 seconds
# 299190 nodes in table
# best score 4
31 00a00152aa400a800109e010ae054200 00001c2014aac0026ac012e2005a0800 4 4
# 1.1063 seconds
# 302479 nodes in table
# best score 3
33 00a001d2a2400a800109e010ae054200 00001c2014aac0026ac012c2105a0800 3 3
# 0.1738 seconds
# 318762 nodes in table
# best score 7
35 00a00192e2400a800109e010ae054200 00001c2014aac0026ac01382105a0800 4 7
# 1.2093 seconds
# 337092 nodes in table
# best score 8
37 00a00192e2400a800108e010ae074200 00001c2014aac0026ac0138250580800 4 8
# 0.9438 seconds
# 355968 nodes in table
# best score 7
39 00a0019262440a800108e010ae074200 00001c2014aac0026ac4138240580800 4 7
# 1.1772 seconds
# 369789 nodes in table
# best score 8
41 0060019262440a800108e010ae074200 00001c2014a2c1026ac4138240580800 4 8
# 0.5681 seconds
# 389539 nodes in table
# best score 9
43 0060019262440c800108e010ae074200 00001c2014a2c1066ac4138240580000 4 9
# 0.8887 seconds
# 404899 nodes in table
# best score 10
45 0030019262440c800108e010ae074200 00001c201422d1066ac4138240580000 4 10
# 0.7375 seconds
# 419887 nodes in table
# best score 11
47 0030031262440c800108e010ae074200 00001c201422d1063ac4138240580000 4 11
# 0.5932 seconds
# 436192 nodes in table
# best score 11
49 00100312e2440c800108e010ae074200 00001c201422c1063ae4138240580000 4 11
# 0.8804 seconds
# 448136 nodes in table
# best score 11
51 00000312e2540c800108e010ae074200 000018211422c1063ae4138240580000 4 11
# 0.6404 seconds
# 458964 nodes in table
# best score 10
53 00000112e2540e800108e010ae074200 000018211422c0463ae4138240580000 4 10
# 0.3815 seconds
# 463847 nodes in table
# best score 11
55 00000012e2540e804108e010ae074200 000018211422c0463ce4138240580000 4 11
# 0.2309 seconds
# 467719 nodes in table
# best score 9
57 00000112e2540e004108e010ae074200 000018211422c04e3ce4138240180000 5 9
# 0.2140 seconds
# 510350 nodes in table
# best score 9
59 00000192e2500e004108e010ae074200 000018210422c04e3ce4178240180000 8 9
# 2.2237 seconds
# 511528 nodes in table
# best score 10000
61 000001d2e2500e004100e010ae074200 000038210402c04e3ce4178240180000 8 10000
# 0.1654 seconds
# 511531 nodes in table
# best score 10000
63 000081d2e0500e004100e010ae074200 000038240402c04e3ce4178240180000 8 10000
# 0.0208 seconds
# 511534 nodes in table
# best score 10000
65 000081d2e0500e004000e010ae074280 000038240403c04e3ce4178240080000 8 10000
# 0.0032 seconds
# 511538 nodes in table
# best score 10000
67 000081d2e0500e004000c010ae074380 000038240403d04e3ce4178240000000 8 10000
# 0.0004 seconds

