Randseed b7a2278a
# 5437 nodes in table
# best score 1
0 00aa8002aa000aa8002aa000aa8002aa 00002aa800aaa002aa800aaa002aa800 2 1
# 0.4548 seconds
# 14510 nodes in table
# best score 1
2 00aa8002aa000aa8002aa000aa8001aa 00002aa001aaa002aa800aaa002aa800 2 1
# 0.6541 seconds
# 20220 nodes in table
# best score 1
4 00a68002aa000aa8002aa000aa8001aa 00002aa001aaa002aa800aaa006aa000 2 1
# 0.6293 seconds
# 25030 nodes in table
# best score 1
6 00a68002aa000aa8002aa000aa8001ac 00002aa000aaa006aa800aaa006aa000 2 1
# 0.3487 seconds
# 41226 nodes in table
# best score 1
8 00a68002ac000aa8002aa000aa8001ac 00002aa000aaa006aa801aaa002aa000 3 1
# 1.1425 seconds
# 56921 nodes in table
# best score 1
10 00a28042ac000aa8002aa000aa8001ac 00002aa000aae006aa801aa8002aa000 3 1
# 0.9948 seconds
# 68562 nodes in table
# best score 1
12 00a28042ac000aa8002aa000ab0001ac 00002aa000abe006aa800aa8002aa000 3 1
# 0.9645 seconds
# 91845 nodes in table
# best score 1
14 00a28042ac000aa8002aa000ab0041a8 00002aa000afe006aa000aa8002aa000 3 1
# 1.2584 seconds
# 119496 nodes in table
# best score 0
16 00a28042ac000aa8002aa000af0041a0 00002aa000bfe002aa000aa8002aa000 3 0
# 1.0113 seconds
# 137181 nodes in table
# best score -1
18 00229042ac000aa8002aa000af0041a0 00002aa000ffc002aa000aa8002aa000 3 -1
# 0.6564 seconds
# 150708 nodes in table
# best score 1
20 00229042ac000aa8002aa000af014180 00002a9000ffc002aa000aa8002aa000 3 1
# 0.8191 seconds
# 171857 nodes in table
# best score 0
22 00229042ac000aa8002aa000af054080 00002a8002ffc002aa000aa8002aa000 3 0
# 1.1877 seconds
# 179279 nodes in table
# best score 0
24 00209042bc000aa8002aa000af054080 00002b0002ffc002aa000aa8002aa000 3 0
# 0.2988 seconds
# 186216 nodes in table
# best score 0
26 00209002fc000aa8002aa000af054080 00002e0002ffc002aa000aa8002aa000 3 0
# 0.3101 seconds
# 204646 nodes in table
# best score -1
28 00209002fc000aa8002aa000bf054000 00002c0102ffc002aa000aa8002aa000 3 -1
# 0.6065 seconds
# 215429 nodes in table
# best score 0
30 00209002fc000aa8002ac000bf054000 00000c0502ffc002aa000aa8002aa000 3 0
# 0.6347 seconds
# 227208 nodes in table
# best score -1
32 00209002fc000aa8002ac0007f054000 00000c0502ffc002aa000ab0002aa000 3 -1
# 0.5752 seconds
# 240231 nodes in table
# best score 0
34 00201012fc000aa8002ac0007f054000 00000c0502ffc002aa000ab0002a8004 3 0
# 0.5176 seconds
# 257859 nodes in table
# best score -1
36 00201012fc000aa8002ac0403f054000 00000c0502ffc002aa010aa0002a8004 3 -1
# 0.7429 seconds
# 264883 nodes in table
# best score 2
38 00201012fc000aa8102ac0403f050000 00000c0502ffc002aa010aa000288044 3 2
# 0.3740 seconds
# 273098 nodes in table
# best score 1
40 00201012fc000ae8102ac0403f040000 00000c0502ffc002ae010a8000288044 3 1
# 0.3276 seconds
# 276543 nodes in table
# best score 2
42 00201012fc000af8102ac0403f000000 00000c0502ffc002af000a8000288044 3 2
# 0.1866 seconds
# 285780 nodes in table
# best score 3
44 00201012fc0002f9102ac0403f000000 00000c0502ffc002a7800a8000288044 4 3
# 0.5884 seconds
# 308113 nodes in table
# best score 5
46 00201012fc0002f9102b80403f000000 00000c0502ffc006a3800a8000288044 4 5
# 0.7004 seconds
# 376334 nodes in table
# best score 3
48 00201012fc0002f9102b81403e000000 00000c0502ffe006a1800a8000288044 5 3
# 2.6178 seconds
# 413274 nodes in table
# best score 3
50 00201012fc0002f9103b01403e000000 00000c0502ffe006a1840a0000288044 5 3
# 1.8251 seconds

