Randseed b7a2b3e4
# 6089 nodes in table
# best score 0
1 00ab0002aa000aa8002aa000aa8002aa 00002aa800aaa002aa800aaa002aa800 2 0
# 0.5036 seconds
# 11483 nodes in table
# best score 0
3 006b0002aa000aa8002aa000aa8002aa 00002aa001aaa002aa800aaa002aa800 2 0
# 0.4858 seconds
# 19961 nodes in table
# best score 0
5 003b0002aa000aa8002aa000aa8002aa 00002aa001aaa002aa800aaa002ab000 2 0
# 0.6415 seconds
# 24159 nodes in table
# best score 0
7 003e0002aa000aa8002aa000aa8002aa 00001aa001aaa002aa800aaa002ab000 2 0
# 0.3284 seconds
# 51111 nodes in table
# best score 0
9 001e0042aa000aa8002aa000aa8002aa 00001aa000aae002aa800aaa002ab000 3 0
# 1.3607 seconds
# 67905 nodes in table
# best score 0
11 000e0042aa010aa8002aa000aa8002aa 00001aa004aac002aa800aaa002ab000 3 0
# 0.7478 seconds
# 114523 nodes in table
# best score 1
13 00060042aa010aa8042aa000aa8002aa 00000aa104aac002aa800aaa002ab000 3 1
# 1.7180 seconds
# 142909 nodes in table
# best score 2
15 00020042aa010aa8042aa010aa8002aa 00000aa1046ac002aa800aaa002ab000 3 2
# 1.4455 seconds
# 173440 nodes in table
# best score 1
17 00000042aa010aa8042aa010aa8042aa 00000aa1046ac001aa800aaa002ab000 3 1
# 1.5257 seconds
# 184180 nodes in table
# best score 3
19 00000042a9010aa8042aa010aa8042aa 00000aa1046ac001ab000aaa002ab000 3 3
# 0.5551 seconds
# 195856 nodes in table
# best score 4
21 00000044a9010aa8042aa010aa8042aa 00000aa1046a8011ab000aaa002ab000 3 4
# 0.7614 seconds
# 209318 nodes in table
# best score 3
23 0000004469010aa8042aa010aa8042aa 00000aa1043a8011ab000aaa002ab000 3 3
# 0.5391 seconds
# 225050 nodes in table
# best score 5
25 0000004469010aa8042aa010aa8042ac 000002a1043a8411ab000aaa002ab000 3 5
# 0.8073 seconds
# 238340 nodes in table
# best score 5
27 0000004469010aa8041aa010aa8042ac 000002a1043a8411ab0006aa002ab000 3 5
# 0.7053 seconds
# 248957 nodes in table
# best score 5
29 0000004469010aa8041aa0106a8042ac 000002a1043a8411ab0006aa001ab000 3 5
# 0.5192 seconds
# 258154 nodes in table
# best score 6
31 0000004469010aa8041aa0146a0042ac 000002a1043a8411ab0006aa011aa000 3 6
# 0.6802 seconds
# 264868 nodes in table
# best score 8
33 0000004469010aa8041aa0146a0041ac 000002a1043a8411ab0046aa011a8000 3 8
# 0.4872 seconds
# 277397 nodes in table
# best score 7
35 000000446a010aa8041aa0146a0041ac 000002a1043a8411ab0056a8011a8000 3 7
# 0.5322 seconds
# 289773 nodes in table
# best score 8
37 0000004468014aa8041aa0146a0041ac 000002a104328411ab2056a8011a8000 3 8
# 0.5845 seconds
# 337602 nodes in table
# best score 11
39 000000446a014aa0041aa0146a0041ac 000002a104328411eb2054a8011a8000 4 11
# 2.2805 seconds
# 354981 nodes in table
# best score 11
41 000000546a010aa0041aa0146a0041ac 000002a104328411eb2054a801198000 4 11
# 0.9425 seconds
# 375380 nodes in table
# best score 15
43 0000805468010aa0041aa0146a0041ac 000002a104328411eba044a801198000 4 15
# 0.8864 seconds
# 402768 nodes in table
# best score 15
45 00008054680109a0041aa0146a0041ac 000102a104328411eb2044a801198000 4 15
# 1.1450 seconds
# 411006 nodes in table
# best score 14
47 0000005c680109a0041aa0146a0041ac 000102a104328411cb2044a881198000 3 14
# 0.3808 seconds
# 506802 nodes in table
# best score 13
49 0000004c690109a0041aa0146a0041ac 000102a184228411cb2044a881198000 5 13
# 6.7587 seconds

