Randseed b7abb387
# 6061 nodes in table
# best score 1
0 00aa8002aa000aa8002aa000aa8002aa 00002aa800aaa002aa800aaa002aa800 2 1
# 0.4730 seconds
# 10849 nodes in table
# best score 1
2 00aa8002aa000aa8002aa000aa8001aa 00002aa800aaa002aa800aaa0026a800 2 1
# 0.3812 seconds
# 15217 nodes in table
# best score 1
4 00aa8002aa000aa8002aa000aa80019a 00002aa800aaa002aa800aaa1022a800 2 1
# 0.3147 seconds
# 78731 nodes in table
# best score -1
6 002a9002aa000aa8002aa000aa80019a 00002aa800aaa002aa840aaa1020a800 3 -1
# 2.7724 seconds
# 95005 nodes in table
# best score 0
8 002a9002aa000aa8002aa0006a80019a 00002aa800aaa0026a840aaa1020a800 3 0
# 1.1166 seconds
# 106802 nodes in table
# best score 2
10 002a9002aa000aa8002aa1002a80019a 00002aa8006aa0026a840aaa1020a800 3 2
# 0.6995 seconds
# 123652 nodes in table
# best score 2
12 002a9002aa000aa8002aa1002680019a 00002aa8006aa1026a840aaa0020a800 3 2
# 1.0531 seconds
# 138461 nodes in table
# best score 3
14 002a9002aa000aa8002aa1002680418a 000028a8406aa1026a840aaa0020a800 3 3
# 1.0480 seconds
# 150330 nodes in table
# best score 4
16 002a9002aa000aa8002aa10026805188 000028a8406aa1027a840a2a0020a800 3 4
# 0.6039 seconds
# 162726 nodes in table
# best score 4
18 002a8003aa000aa8002aa10026805188 000028a8406aa1027c840a2a0020a800 3 4
# 0.5051 seconds
# 172732 nodes in table
# best score 4
20 002a0013aa000aa8002aa10026805188 000028a8406aa1027c810a2a0020a800 3 4
# 0.4184 seconds
# 179442 nodes in table
# best score 6
22 002a0011aa100aa8002aa10026805188 00002888446aa1027c810a2a0020a800 3 6
# 0.2740 seconds
# 185617 nodes in table
# best score 6
24 002a0011aa100aa8002aa10027805180 00002888446aa10278810a3a0020a800 3 6
# 0.2581 seconds
# 197001 nodes in table
# best score 6
26 002a0001aa104aa8002aa10027805180 00002808546aa10278810a3a0020a800 3 6
# 0.4175 seconds
# 202632 nodes in table
# best score 6
28 002a0001aa104aa8042a210027805180 00002808506ba10278810a3a0020a800 3 6
# 0.2341 seconds
# 207523 nodes in table
# best score 6
30 002a0001aa104aa8042a010427805180 00002808506ba10278810a3a00208804 3 6
# 0.2654 seconds
# 209774 nodes in table
# best score 6
32 002a0001aa104aa8042a01042f801180 00002808506ba10278011a3a00208804 3 6
# 0.1310 seconds
# 228423 nodes in table
# best score 7
34 002a0001aa104aa8042801442f801180 00002808506b214278011a3a00208804 4 7
# 1.2223 seconds
# 253031 nodes in table
# best score 6
36 002a0001aa104aa8042801043f801180 00002808506a2142f8011a3a00208804 4 6
# 1.2702 seconds
# 267246 nodes in table
# best score 8
38 002a0000aa104ea8042801043f801180 00002808106a2143f8011a3a00208804 4 8
# 0.7027 seconds
# 271432 nodes in table
# best score 8
40 002a0000aa104ea8041801043f801180 0000280810622143f8411a3a00208804 4 8
# 0.3010 seconds
# 275801 nodes in table
# best score 8
42 002a0000aa104eb8001801043f801180 0000280810622043f8411e3a00208804 4 8
# 0.3523 seconds
# 281185 nodes in table
# best score 8
44 002a0000aa104eb8001801043f841080 0000280810622043f8411e3b00008804 4 8
# 0.3225 seconds
# 290523 nodes in table
# best score 10
46 002a0000aa104eb8001821043f841000 0000280810623043f8411e3a00008804 4 10
# 0.3431 seconds
# 299213 nodes in table
# best score 10
48 002a0000aa104eb8011821043f840000 0000280810e23043f8411e3200008804 4 10
# 0.3121 seconds
# 301954 nodes in table
# best score 10
50 002a0000aa1047b8011821043f840000 0000280810e23043f8411e3200000814 4 10
# 0.1886 seconds
# 308137 nodes in table
# best score 9
52 002a0000aa1443b8011821043f840000 0000080c10e23043f8411e3200000814 5 9
# 0.2235 seconds
# 312470 nodes in table
# best score 9
54 00280040aa1443b8011821043f840000 0000080910e23043f8411e3200000814 5 9
# 0.1601 seconds
# 313613 nodes in table
# best score 10000
56 00200140aa1443b8011821043f840000 0000080900e33043f8411e3200000814 6 10000
# 0.0566 seconds
# 313619 nodes in table
# best score 10000
58 00200140ae1443b8011821043f800000 0000080900e33043f8411e2240000814 6 10000
# 0.0025 seconds
# 313622 nodes in table
# best score 10000
60 00200440ae1443b8011821043f800000 0000080900e23043f8411e2240080814 10 10000
# 0.0005 seconds

