Randseed b7ac0cb8
# 4865 nodes in table
# best score 0
1 00aa8002aa000aa8002aa000aa8012a8 00002aa800aaa002aa800aaa002aa800 2 0
# 0.4335 seconds
# 8935 nodes in table
# best score 0
3 00aa8000aa400aa8002aa000aa8012a8 00002aa800aab000aa800aaa002aa800 2 0
# 0.3899 seconds
# 47576 nodes in table
# best score -2
5 00aa8000aa400aa8002aa004aa8002a8 00002aa800aab000aa001aaa002aa800 3 -2
# 1.8431 seconds
# 68714 nodes in table
# best score -2
7 00aa8000aa400aa8002ae004aa0002a8 00002aa801aa9000aa001aaa002aa800 3 -2
# 1.4322 seconds
# 111513 nodes in table
# best score -2
9 00aa8000aa400aa8002be000aa0002a8 00002ab800aa9000aa001aaa002aa800 3 -2
# 1.8422 seconds
# 133474 nodes in table
# best score -2
11 00aa8000aa400aa8002fc000aa0002a8 00002ab800aa9000aa001aa2012aa800 3 -2
# 0.8976 seconds
# 154815 nodes in table
# best score -1
13 00aa8000aa400aa8002f8100aa0002a8 00002ab004aa9000aa001aa2012aa800 3 -1
# 1.0581 seconds
# 169923 nodes in table
# best score -1
15 00aa8000aa400aa8002f81006a0002a8 00002a7004aa9000aa001aa2012aa800 3 -1
# 0.6604 seconds
# 181108 nodes in table
# best score -1
17 00aa8000aa400aa8002f8100620102a8 00002a70048a9400aa001aa2012aa800 3 -1
# 0.5651 seconds
# 191921 nodes in table
# best score -1
19 00aa8000aa400a28102f8100620102a8 00002a30048a9410aa001aa2012aa800 3 -1
# 0.4706 seconds
# 201592 nodes in table
# best score -1
21 00aa8000aa400a28042f8100620102a8 00002a30048a9410aa001aa2002ae800 3 -1
# 0.4284 seconds
# 211212 nodes in table
# best score -2
23 00aa8000aa410a28042f8100220102a8 00002a30048a9410aa001aa20026e800 3 -2
# 0.4044 seconds
# 217600 nodes in table
# best score -1
25 00aa8040aa410a28042f8100020102a8 00002a30048a9010aa101aa20026e800 3 -1
# 0.2519 seconds
# 236260 nodes in table
# best score 0
27 00aa8040aa410a28042f8110000102a8 00002a30048c9010aa101aa20026e800 4 0
# 0.8043 seconds
# 255339 nodes in table
# best score -1
29 00aa8040aa410a28442f8100000102a8 00002a30048c9010aa101aa30006e800 4 -1
# 1.0992 seconds
# 274733 nodes in table
# best score -1
31 00aa8040aa010e28442f8100000102a8 00002a30048c9010aa101aa31002e800 4 -1
# 1.0938 seconds
# 293899 nodes in table
# best score -1
33 00aa8040aa010e29440f8100000102a8 00002a30048c9010aa101a831402e800 4 -1
# 0.9612 seconds
# 312473 nodes in table
# best score 0
35 00aa8040aa110e28440f8100000102a8 00002a30048c90102a101e831402e800 4 0
# 1.0991 seconds
# 326787 nodes in table
# best score 1
37 00aa8040ea110628440f8100000102a8 00002a30048c90102a101e831c00e800 4 1
# 0.7494 seconds
# 340482 nodes in table
# best score -1
39 00a28140ea110628440f8100000102a8 00002c30048c90102a101e831c00e800 5 -1
# 0.9202 seconds
# 351686 nodes in table
# best score -1
41 00a28140ea110628440f8100000002e8 00002c30048c90102a001e835c00e800 5 -1
# 0.7739 seconds
# 359140 nodes in table
# best score 1
43 00a28140ea110628440f810000000278 00002c30048c90102a001e037c00e800 5 1
# 0.4500 seconds
# 368497 nodes in table
# best score 1
45 00a38140ea110628440f800000000278 00002c30048c90102a001e037c00f000 5 1
# 0.4122 seconds
# 373681 nodes in table
# best score 1
47 00638140ea110628440f800000000278 00002c30048c90102a401e027c00f000 5 1
# 0.2913 seconds
# 380911 nodes in table
# best score 1
49 00638140ea110628440f800000000178 00002c30048c901032401e027c00f000 5 1
# 0.4385 seconds
# 385047 nodes in table
# best score 1
51 00638140ea110628440f8000000000f8 00002c30048c901032403e007c00f000 5 1
# 0.2736 seconds
# 392696 nodes in table
# best score 0
53 00638140ea110628440f80000000007c 00002c30048c901032406e007c00f000 5 0
# 0.2864 seconds
# 400384 nodes in table
# best score -1
55 00638140ea110628440f80000000003e 00002c34048c801032406e007c00f000 5 -1
# 0.3350 seconds
# 415140 nodes in table
# best score -1
57 00638140ea110628440f80000000001f 00002c34048c801032006e007d00f000 6 -1
# 0.6891 seconds
# 439751 nodes in table
# best score -2
59 00638140ea110628440f80000000080f 00002c34048c811022006e007d00f000 7 -2
# 1.3124 seconds
# 464011 nodes in table
# best score -2
61 00638140ea110628440f800000400807 00002c34048e811002006e007d00f000 7 -2
# 1.5144 seconds
# 489234 nodes in table
# best score -2
63 00638140ea110628440f800200400803 00002c34148e801002006e007d00f000 7 -2
# 1.3659 seconds
# 524799 nodes in table
# best score -2
65 00638140ea110628440f800600400801 00002cb41486801002006e007d00f000 7 -2
# 1.3676 seconds
# 572232 nodes in table
# best score -1
67 00638140ea110628440f900600400800 00002cb41486801002006e087d00e000 8 -1
# 2.3348 seconds

