Randseed b7b57b25
# 5726 nodes in table
# best score 1
0 00aa8002aa000aa8002aa000aa8002aa 00002aa800aaa002aa800aaa002aa800 2 1
# 0.5059 seconds
# 10305 nodes in table
# best score 1
2 006a8002aa000aa8002aa000aa8002aa 00002ab000aaa002aa800aaa002aa800 2 1
# 0.4888 seconds
# 15494 nodes in table
# best score 1
4 006a8002aa000aa8002aa000aa9000aa 00002ab000aaa002aa800aab000aa800 2 1
# 0.4827 seconds
# 31528 nodes in table
# best score -1
6 00728002aa000aa8002aa000aa9000aa 00002ab000aac002aa800aab000aa800 3 -1
# 0.9231 seconds
# 48629 nodes in table
# best score -1
8 00728002aa000aa8002aa000ea8000aa 00002ab000aac002aa800aab0006a800 3 -1
# 0.8897 seconds
# 63428 nodes in table
# best score -1
10 00728002ac000aa8002aa000ea8000aa 00002ae000aac002aa800aab0006a800 3 -1
# 0.7171 seconds
# 74862 nodes in table
# best score -1
12 00328402ac000aa8002aa000ea8000aa 00002ac010aac002aa800aab0006a800 3 -1
# 0.5452 seconds
# 85517 nodes in table
# best score -1
14 00328402ac000aa8000aa400ea8000aa 00002ac010aac002aac00aaa0006a800 3 -1
# 0.4536 seconds
# 98700 nodes in table
# best score -1
16 00330402ac000aa8000aa400ea8000aa 000028c050aac002aac00aaa0006a800 3 -1
# 0.6730 seconds
# 110154 nodes in table
# best score -1
18 00330402ac000ab0000aa400ea8000aa 000028c050ab8002aac00aaa0006a800 3 -1
# 0.4669 seconds
# 124109 nodes in table
# best score -1
20 00330402ac000ab0000aa000fa8000aa 000028c050ab8002aac00aaa0003a800 3 -1
# 0.5635 seconds
# 133266 nodes in table
# best score -1
22 00330402ac000ab0000aa0007e8000aa 000028c050ab8002aac00aaa0001e800 3 -1
# 0.4082 seconds
# 142183 nodes in table
# best score -1
24 00330402ac000ab0000aa0003f8000aa 000028c050ab8002aac00aaa0000f800 3 -1
# 0.3413 seconds
# 149713 nodes in table
# best score -1
26 00330402ac000ab0000aa0103f0000aa 000028c050ab8002aac00aaa00407800 3 -1
# 0.2720 seconds
# 159463 nodes in table
# best score -1
28 003304028c040ab0000aa0103f0000aa 000028c050ab8002aac04aa200407800 3 -1
# 0.3061 seconds
# 170316 nodes in table
# best score -1
30 003304028c040ab0040aa0103e0000aa 000028c050ab8002aac05aa200403800 3 -1
# 0.4266 seconds
# 178197 nodes in table
# best score -2
32 003304028c040ab0040aa0101e0040aa 000028c050ab8002abc05aa200401800 3 -2
# 0.3068 seconds
# 183970 nodes in table
# best score -2
34 003304028c040ab0040aa0100e0140aa 000028c050ab800aabc05aa200400800 3 -2
# 0.2527 seconds
# 190038 nodes in table
# best score -2
36 003304028c040ae0040aa0100e0140aa 000028c050ab801aabc05aa200400000 3 -2
# 0.2549 seconds
# 194055 nodes in table
# best score 4
38 002304028c140ae0040aa0100e0140aa 000028c070ab8012abc05aa200400000 3 4
# 0.2340 seconds
# 199094 nodes in table
# best score 5
40 002304028c140be0040aa0100e01408a 000020c170ab8012abc05aa200400000 3 5
# 0.2273 seconds
# 205176 nodes in table
# best score 5
42 002304028c140be0040aa0100e05400a 000000c570ab8012abc05aa200400000 3 5
# 0.2630 seconds
# 210081 nodes in table
# best score 7
44 002304028c140fe0040aa0100e054002 000000c470eb8012abc05aa200400000 3 7
# 0.2857 seconds
# 214156 nodes in table
# best score 8
46 002304028c100fe0040aa0100e074002 000000c470eb8012abc01aa200400800 3 8
# 0.2521 seconds
# 217578 nodes in table
# best score 8
48 002304018c100fe0040aa0100e074002 0000008470eb8012abc01aa200401800 3 8
# 0.1977 seconds
# 221926 nodes in table
# best score 8
50 0023044188100fe0040aa0100e074002 0000000470eb8012abc01aa200403800 3 8
# 0.1850 seconds
# 232507 nodes in table
# best score 11
52 0023044088100fe0040ae0100e074002 0000000470e38012abc01aa200403804 4 11
# 0.4832 seconds
# 241881 nodes in table
# best score 10
54 0023044088100fe0140ae0100e070002 0000000430e38012abc01aa20040380c 5 10
# 0.3309 seconds
# 246198 nodes in table
# best score 10
56 0023044088100fe0540ac0100e070002 0000000410e38012abc01aa20040381c 5 10
# 0.2377 seconds
# 246221 nodes in table
# best score 10000
58 0023064088100fe0540a80100e070002 0000000400e38012abc01aa20040383c 7 10000
# 0.0069 seconds
# 246227 nodes in table
# best score 10000
60 00230740881007e0540a80100e070002 0000000400e18012abc01aa20040387c 7 10000
# 0.0005 seconds

