Randseed b7b5bf0d
# 4976 nodes in table
# best score 0
1 002a9002aa000aa8002aa000aa8002aa 00002aa800aaa002aa800aaa002aa800 2 0
# 0.4876 seconds
# 9452 nodes in table
# best score 0
3 000a9402aa000aa8002aa000aa8002aa 00002aa800aaa002aa800aab000aa800 2 0
# 0.5009 seconds
# 13694 nodes in table
# best score 1
5 00029502aa000aa8002aa000aa8002aa 00002aa800aaa002aa800aab004aa000 2 1
# 0.4037 seconds
# 116128 nodes in table
# best score -2
7 00031502aa000aa8002aa000aa8002aa 00002ab000aaa002aa800aab004aa000 3 -2
# 4.3294 seconds
# 137292 nodes in table
# best score -2
9 00021542aa000aa8002aa000aa8002aa 00002ab000aaa002aa801aab000aa000 3 -2
# 1.1089 seconds
# 161183 nodes in table
# best score -2
11 00021542a8004aa8002aa000aa8002aa 00002aa004aaa002aa801aab000aa000 3 -2
# 1.0241 seconds
# 182380 nodes in table
# best score -3
13 00021542a8000ab8002aa000aa8002aa 00002aa004aaa002ab801aa9000aa000 3 -3
# 0.9613 seconds
# 192993 nodes in table
# best score -2
15 00001542a8010ab8002aa000aa8002aa 00002a2014aaa002ab801aa9000aa000 3 -2
# 0.4127 seconds
# 210591 nodes in table
# best score -2
17 00001542a8010ab8002ac000aa8002aa 0000282054aaa002ab801aa9000aa000 3 -2
# 0.6552 seconds
# 230575 nodes in table
# best score -2
19 00000542a8410ab8002ac000aa8002aa 0000202154aaa002ab801aa9000aa000 3 -2
# 0.7556 seconds
# 241428 nodes in table
# best score -2
21 00000542a8410ab8002ac000ab0002aa 0000202054baa002ab801aa9000aa000 3 -2
# 0.3970 seconds
# 255537 nodes in table
# best score -2
23 00000542a8410ab8002ac000ab0002ac 0000202054baa002af800aa9000aa000 3 -2
# 0.4302 seconds
# 265483 nodes in table
# best score -2
25 00000502a8410af8002ac000ab0002ac 0000202054baa002af800aa9000ac000 3 -2
# 0.2817 seconds
# 276673 nodes in table
# best score -3
27 00000402a8450af8002ac000ab0002ac 0000002454baa002af800aa9000ac000 3 -3
# 0.3434 seconds
# 284278 nodes in table
# best score -3
29 00000003a8450af8002ac000ab0002ac 0000002454baa002af800aa9000b8000 3 -3
# 0.3617 seconds
# 299586 nodes in table
# best score -3
31 0000000328450af9002ac000ab0002ac 0000002454baa002af800ab1000b8000 3 -3
# 0.4491 seconds
# 306473 nodes in table
# best score -3
33 0000000308450af9102ac000ab0002ac 0000002414baa102af800ab1000b8000 3 -3
# 0.3320 seconds
# 356003 nodes in table
# best score -1
35 0000000208450af9103ac000ab0002ac 0000002414baa102af800eb0000b8000 4 -1
# 1.4697 seconds
# 376277 nodes in table
# best score 3
37 00000002084508f9503ac000ab0002ac 00000024149aa102af840eb0000b8000 4 3
# 0.6942 seconds
# 411082 nodes in table
# best score 4
39 00000003084508f9103ac000ab0002ac 00000024148aa102af840fb0000b8000 4 4
# 1.1699 seconds
# 433674 nodes in table
# best score 4
41 00000003884508f91032c000ab0002ac 00000024148aa102af840fb040038000 4 4
# 0.8258 seconds
# 473077 nodes in table
# best score 8
43 00000403884508f91022c000ab0002ac 000000243488a102af840fb040038000 4 8
# 1.8006 seconds
# 503502 nodes in table
# best score 8
45 00000603884508f91002c000ab0002ac 0000002434888106af840fb040038000 4 8
# 1.0732 seconds
# 508512 nodes in table
# best score 6
47 00000603884108f91003c000ab0002ac 0000002434888106af840fe040038000 3 6
# 0.2313 seconds
# 513200 nodes in table
# best score 7
49 00100603884108f81003c000ab0002ac 0000006434880106af840fe040038000 3 7
# 0.2412 seconds
# 526205 nodes in table
# best score 8
51 00180603884100f81003c000ab0002ac 0000006434880106af940fe000038000 4 8
# 0.5315 seconds
# 538251 nodes in table
# best score 9
53 001c0603880100f81003c000ab0002ac 0000006434880106af940fe010030000 4 9
# 0.5313 seconds
# 555657 nodes in table
# best score 10
55 001e0601880100f81003c000ab0002ac 0000006474880106af9407e010030000 5 10
# 0.9355 seconds

