Randseed b7be790c
# 5198 nodes in table
# best score 1
0 00aa8002aa000aa8002aa000aa8002aa 00002aa800aaa002aa800aaa002aa800 2 1
# 0.4901 seconds
# 10101 nodes in table
# best score 1
2 00aa8002aa000aa8002aa000aa8002ac 00002ac800aaa002aa800aaa002aa800 2 1
# 0.3684 seconds
# 14577 nodes in table
# best score 1
4 00ac8002aa000aa8002aa000aa8002ac 00002ac800aaa002aa800aaa001aa800 2 1
# 0.4781 seconds
# 29489 nodes in table
# best score 0
6 00ac8002b2000aa8002aa000aa8002ac 000028c840aaa002aa800aaa001aa800 3 0
# 1.1615 seconds
# 48572 nodes in table
# best score 0
8 00ac0012b2000aa8002aa000aa8002ac 000018c840aaa002aa800aaa001aa800 3 0
# 1.2233 seconds
# 61459 nodes in table
# best score 1
10 00ac0012b2000aa8002aa000aa8001ac 000018c9408aa002aa800aaa001aa800 3 1
# 0.7591 seconds
# 72817 nodes in table
# best score 0
12 006c0012b2000aa8002aa000aa8001ac 00001989408aa002aa800aaa001aa800 3 0
# 0.5573 seconds
# 86796 nodes in table
# best score 0
14 006c0002b2004aa8002aa000aa8001ac 00001989408aa002aa800aaa400aa800 3 0
# 0.7655 seconds
# 112193 nodes in table
# best score 0
16 002c0402b2004aa8002aa000aa8001ac 00001989408aa002aa8006aa400aa800 3 0
# 0.9963 seconds
# 132538 nodes in table
# best score 0
18 002c0402b0004ab8002aa000aa8001ac 00001989408aa002aa8007aa4002a800 3 0
# 0.7671 seconds
# 153276 nodes in table
# best score 1
20 002c0400b0404ab8002aa000aa8001ac 00001989408aa002aa8007aa1002a800 3 1
# 0.7793 seconds
# 176789 nodes in table
# best score 2
22 002c0400b0404ab9000aa000aa8001ac 00001989408aa002aa8403aa1002a800 3 2
# 0.7365 seconds
# 185515 nodes in table
# best score 3
24 002c0400b0404ab94002a000aa8001ac 00001989408ab000aa8403aa1002a800 3 3
# 0.3286 seconds
# 193595 nodes in table
# best score 4
26 002c0400b0004eb94002a000aa8001ac 00001989408ab0002a9403aa1002a800 3 4
# 0.3209 seconds
# 200257 nodes in table
# best score 5
28 002c0400b0004fb90002a000aa8001ac 0000098940aab0002a9403aa1002a800 3 5
# 0.2376 seconds
# 204912 nodes in table
# best score 5
30 002c0400b0104fb80002a000aa8001ac 0000098141aab0002a9403aa1002a800 3 5
# 0.2078 seconds
# 222462 nodes in table
# best score 5
32 000c0400b0144fb80002a000aa8001ac 00000b8141a2b0002a9403aa1002a800 3 5
# 0.4880 seconds
# 226818 nodes in table
# best score 5
34 00180400b0144fb80002a000aa8001ac 00000b8141a2b0002c9403aa1002a800 3 5
# 0.2116 seconds
# 230097 nodes in table
# best score 6
36 00180400b01447f80002a000aa8001ac 00000b8141a2b0002c9403aa10032800 3 6
# 0.1813 seconds
# 232567 nodes in table
# best score 6
38 00180400b01447f80002a000aa8001b8 00000b8141e2a0002c9403aa10032800 3 6
# 0.1391 seconds
# 247103 nodes in table
# best score 7
40 00180400b01447f800022010aa8001b8 00000b8141e2a0002c9403ca10032800 4 7
# 1.0164 seconds
# 252056 nodes in table
# best score 8
42 00180400b01447f810002010aa8001b8 00000b8141e2a0002c9403c211032800 4 8
# 0.2873 seconds
# 256351 nodes in table
# best score 8
44 00180400b01447f810002010aa8000f8 00000bc101e2a0002c9403c211032800 4 8
# 0.3357 seconds
# 265410 nodes in table
# best score 9
46 00180400b01447f810002014aa0000f8 000009c109e2a0002c9403c211032800 4 9
# 0.3321 seconds
# 276182 nodes in table
# best score 10
48 00180400a01447f811002014aa0000f8 000009c109e1a0002c9403c211032800 4 10
# 0.3354 seconds
# 295112 nodes in table
# best score 9
50 00100600a01447f811002014aa0000f8 000009c10961a8002c9403c211032800 5 9
# 0.5125 seconds
# 310104 nodes in table
# best score 9
52 00100600a01447f811002014a60000f8 000009c10d60a8002c9403c211032800 5 9
# 0.3293 seconds
# 314761 nodes in table
# best score 10000
54 00100600a01447f811002014a20040f8 000009c10d60a800289503c211032800 6 10000
# 0.2235 seconds
# 314922 nodes in table
# best score 10000
56 00000600a01447f81100201ca20040f8 000009c10d60a800089703c211032800 7 10000
# 0.0104 seconds
# 314926 nodes in table
# best score 10000
58 00000600a01407f81100201ca20440f8 000009c10d60a80008b303c211032800 8 10000
# 0.0005 seconds

