Randseed b7befeb8
# 8099 nodes in table
# best score 0
1 00aa8002aa000aa8000aa400aa8002aa 00002aa800aaa002aa800aaa002aa800 2 0
# 0.4814 seconds
# 13307 nodes in table
# best score 1
3 00a28102aa000aa8000aa400aa8002aa 00000aac00aaa002aa800aaa002aa800 2 1
# 0.4561 seconds
# 17377 nodes in table
# best score 1
5 00828502aa000aa8000aa400aa8002aa 00000ab400aaa002aa800aaa002aa800 2 1
# 0.3455 seconds
# 34673 nodes in table
# best score -1
7 00828502aa000aa8000aa000aa9002aa 00000ab400aaa002aa8008aa402aa800 3 -1
# 1.0261 seconds
# 50345 nodes in table
# best score -1
9 00828402ea000aa8000aa000aa9002aa 00000a7400aaa002aa8008aa402aa800 3 -1
# 1.0262 seconds
# 65046 nodes in table
# best score 0
11 00828401ea000aa8000aa000aa9002aa 00000a7000eaa002aa8008aa402aa800 3 0
# 0.8194 seconds
# 79351 nodes in table
# best score 0
13 00828401ea1008a8000aa000aa9002aa 00000a7000eaa4022a8008aa402aa800 3 0
# 0.7199 seconds
# 104951 nodes in table
# best score 0
15 00029401ea1008a8000aa000aa9002aa 00000a7000eaa4022a8008aa002ea800 3 0
# 1.1887 seconds
# 139001 nodes in table
# best score 0
17 00031401ea1008a8000aa000aa9002aa 00000a7000e2a5022a8008aa002ea800 3 0
# 1.3290 seconds
# 161006 nodes in table
# best score 1
19 00031401ea1008b0000aa000aa9002aa 00000a7000e2c5022a8008aa002ea800 3 1
# 0.9503 seconds
# 190337 nodes in table
# best score 1
21 00031401fa0008b0000aa000aa9002aa 00000a6004e2c5022a8008aa002ea800 3 1
# 1.1388 seconds
# 213164 nodes in table
# best score 0
23 00031401fa0008a0040aa000aa9002aa 00000a6004e1c5022a8008aa002ea800 3 0
# 0.8015 seconds
# 229572 nodes in table
# best score 1
25 00030403fa0008a0040aa000aa9002aa 00000a6004e1c5022a8008aa0027a800 3 1
# 0.5107 seconds
# 241796 nodes in table
# best score 2
27 00030403fa0000a1040aa000aa9002aa 0000096004e1c5022a8008aa0027a800 3 2
# 0.6705 seconds
# 245250 nodes in table
# best score 2
29 00030403fa000021140aa000aa9002aa 000009e004e0c5022a8008aa0027a800 3 2
# 0.2429 seconds
# 250729 nodes in table
# best score 2
31 00030403fa0000211406a000aa9002aa 000009e004e0c5022a8008aa0423a800 3 2
# 0.2594 seconds
# 259382 nodes in table
# best score 4
33 00030403fa0000211406a040a29002aa 000009e004e0c5022a8108aa0421a800 4 4
# 0.9188 seconds
# 278305 nodes in table
# best score 5
35 00030403fa0000201426a040a29002aa 000009e004e0c5022a8108ba0420a800 4 5
# 1.3605 seconds
# 288649 nodes in table
# best score 6
37 00030403fa0000201426a440a29000aa 000009e004e0c5022a8108ba0420b000 4 6
# 0.6781 seconds
# 302639 nodes in table
# best score 5
39 00030403fa0000201426c440a29000aa 000009e004e0c5022a8108be04203000 4 5
# 0.5852 seconds
# 315975 nodes in table
# best score 5
41 00030403fa0000201426c440e28000aa 000009e004e0c5022a8108bc05203000 4 5
# 0.5948 seconds
# 329382 nodes in table
# best score 5
43 00030403fa01002014268440e28000aa 000009e004e0c5022b0108bc05203000 4 5
# 0.5477 seconds
# 333331 nodes in table
# best score 5
45 00030403fa01006014260440e28000aa 000009e004e0c5022b0148b805203000 4 5
# 0.2686 seconds
# 343961 nodes in table
# best score 4
47 00030413f801006014260440e28000aa 000009e004e085122b0148b805203000 5 4
# 0.4804 seconds
# 357011 nodes in table
# best score 6
49 00030413f801006014060440e28400aa 000009e004e085122a0148b80d203000 5 6
# 0.5330 seconds
# 364684 nodes in table
# best score 6
51 00030413f80100e014060400e28400aa 000008e004e085122a0148b81d203000 5 6
# 0.4156 seconds
# 368195 nodes in table
# best score 6
53 00030093f80100e014060400e28400aa 0000086004e085122a0149b81d203000 5 6
# 0.1769 seconds
# 373483 nodes in table
# best score 7
55 00070093f80100e010060400e28400aa 0000086004e087120a0149b81d203000 6 7
# 0.3126 seconds
# 388335 nodes in table
# best score 6
57 00070093f80100e010060400e08440aa 0000086004e096120a0149b81d203000 7 6
# 0.4985 seconds
# 392779 nodes in table
# best score 7
59 00078093f80100e010020400e08440aa 0000086004e09612020949b81d203000 6 7
# 0.3002 seconds
# 396673 nodes in table
# best score 7
61 00078093f80100e010020000e08440ea 0000086004e09612420849b81d203000 8 7
# 0.2170 seconds
# 396850 nodes in table
# best score 10000
63 00078093f80100e010020000608440fa 0000086004e09612420849b91d003000 10 10000
# 0.0219 seconds
# 396858 nodes in table
# best score 10000
65 00078093f80100e010020000208440fe 0000086004e09612424849b91d002000 10 10000
# 0.0028 seconds
# 396862 nodes in table
# best score 10000
67 00078091fa0100e010020000208440fe 0000086404e09612424849b91d000000 7 10000
# 0.0008 seconds
# 396867 nodes in table
# best score 10000
69 00078090fa0140e010020000208440fe 0000286404e09612424849b91c000000 7 10000
# 0.0002 seconds

