Randseed b7c74b50
# 5790 nodes in table
# best score 1
0 00aa8002aa000aa8002aa000aa8002aa 00002aa800aaa002aa800aaa002aa800 2 1
# 0.5480 seconds
# 10206 nodes in table
# best score 2
2 00b28002aa000aa8002aa000aa8002aa 00002aa800aaa002aa800aac002aa800 2 2
# 0.3835 seconds
# 14319 nodes in table
# best score 2
4 00b28002aa000aa8002aa000aa8012a8 00002aa800aaa002aa800aad000aa800 2 2
# 0.2703 seconds
# 29177 nodes in table
# best score 0
6 00b28002aa000aa8002aa000aa8011a8 00002ab000aaa002aa800aad000aa800 3 0
# 1.0716 seconds
# 42087 nodes in table
# best score 0
8 00728002aa000aa8002aa000aa8011a8 000026b000aaa002aa800aad000aa800 3 0
# 0.6517 seconds
# 51368 nodes in table
# best score 0
10 00728001aa000aa8002aa000aa8011a8 000026b000aaa002aa800aad0006a800 3 0
# 0.5453 seconds
# 61108 nodes in table
# best score 0
12 00728001aa000aa8002aa000aa8051a0 000023b000aaa002aa800aad0006a800 3 0
# 0.4247 seconds
# 70912 nodes in table
# best score 0
14 00328401aa000aa8002aa000aa8051a0 000023b040a2a002aa800aad0006a800 3 0
# 0.4578 seconds
# 78877 nodes in table
# best score 0
16 00308441aa000aa8002aa000aa8051a0 000023b040a2a002ab000aad0006a800 3 0
# 0.3504 seconds
# 93241 nodes in table
# best score 0
18 00308441aa000aa8002aa000ab8011a0 000023a044a2a002ab000aad0006a800 3 0
# 0.5650 seconds
# 102177 nodes in table
# best score 1
20 00308441a8004aa8002aa000ab8011a0 000023a044a2a002a7000aad0006a800 3 1
# 0.2954 seconds
# 110090 nodes in table
# best score 2
22 00308441a8004aa8002ac000ab8011a0 000023a044a2a001a7000aad0006a800 3 2
# 0.3038 seconds
# 120176 nodes in table
# best score 2
24 00308441a8004aa8000ac400ab8011a0 000023a044a2a011a3000aad0006a800 3 2
# 0.4071 seconds
# 125976 nodes in table
# best score 2
26 00308441a8014a88000ac400ab8011a0 000023a014a2a011a3000aad0006a800 3 2
# 0.2628 seconds
# 132936 nodes in table
# best score 3
28 00308441a8014a88000a8410ab8011a0 000023a014a2a011c3000aad0006a800 3 3
# 0.3177 seconds
# 161737 nodes in table
# best score 5
30 00308441a8014688000a8410ab8011a0 000023a014a2a011c3000a8d0406a800 4 5
# 1.4289 seconds
# 181868 nodes in table
# best score 5
32 00308440e8014688000a8410ab8011a0 000003a414a2a011c3000a8d0406a800 4 5
# 0.9716 seconds
# 198037 nodes in table
# best score 5
34 00308440ea014680000a8410ab8011a0 000003a014e2a011c3000a8d0406a800 4 5
# 0.7669 seconds
# 211525 nodes in table
# best score 5
36 00308440ea01468000028510ab8011a0 000003a014e2a011c3000a8d1402a800 4 5
# 0.6472 seconds
# 220655 nodes in table
# best score 5
38 00308440ea01468000028510ab811180 000003a014e2a011c3400a8c1402a800 4 5
# 0.4271 seconds
# 266039 nodes in table
# best score 3
40 00308440ca11468000028510ab811180 000003a014e2a011c360028c1402a800 5 3
# 1.6153 seconds
# 315186 nodes in table
# best score 3
42 00328440ca10468000028510ab811180 000003a01462a811c360028c1402a800 5 3
# 1.8038 seconds
# 377775 nodes in table
# best score 2
44 00328440ca10468000008550ab811180 000003a01462a811c330028c1402a800 5 2
# 2.0484 seconds
# 433163 nodes in table
# best score 1
46 00328440ca10468000008550ab851080 000003a01462a811e330008c1402a800 5 1
# 1.9133 seconds
# 474648 nodes in table
# best score -1
48 00328440ca10468000008450eb851080 000003a01462a811e314008c1402a800 5 -1
# 1.3585 seconds
# 544231 nodes in table
# best score -4
50 00328440ca10468000008050eb8510c0 000003a01462a811f304008c1402a800 5 -4
# 2.5150 seconds
# 589943 nodes in table
# best score -3
52 00328440ca10468000000070eb8510c0 000003a01442a811fb04008c1402a800 6 -3
# 2.1910 seconds
# 656839 nodes in table
# best score -4
54 003284408a10478000000070eb8510c0 000001a01443a811fb04008c1402a800 7 -4
# 4.2032 seconds

