Randseed b7c82553
# 5586 nodes in table
# best score 1
1 00aa8002aa000aa8002aa000aa8002a6 00002aa800aaa002aa800aaa002aa800 2 1
# 0.5210 seconds
# 10826 nodes in table
# best score 1
3 00aa80028a040aa8002aa000aa8002a6 00002aa800aaa002aa800aaa002ab000 2 1
# 0.5731 seconds
# 15345 nodes in table
# best score 2
5 008a84028a040aa8002aa000aa8002a6 00002aa800aaa002aa801aa8002ab000 2 2
# 0.3399 seconds
# 28066 nodes in table
# best score 1
7 008a84028a040aa8001aa000aa8002a6 00001aa800aaa002aa801aa8002ab000 3 1
# 0.7418 seconds
# 38387 nodes in table
# best score 1
9 008a84028a4402a8001aa000aa8002a6 00001aa800aaa002aa801aa8001ab000 3 1
# 0.6066 seconds
# 54383 nodes in table
# best score 2
11 008a84028a4402a8001aa004aa0002a6 00000aa900aaa002aa801aa8001ab000 3 2
# 0.7717 seconds
# 68754 nodes in table
# best score 3
13 008a84028c4402a8001aa004aa0002a6 00000aa900aaa002aa8018a8401ab000 3 3
# 0.7253 seconds
# 76106 nodes in table
# best score 4
15 008a84028c4402a8001aa004a20102a6 00000a6900aaa002aa8018a8401ab000 3 4
# 0.2516 seconds
# 85251 nodes in table
# best score 4
17 008a80028c5402a8001aa004a20102a6 00000a6900a9a002aa8018a8401ab000 3 4
# 0.4046 seconds
# 92198 nodes in table
# best score 4
19 008a80028c5402a8001aa004a20102ac 00000a6900a9a002aa8018a8401a7000 3 4
# 0.3236 seconds
# 98661 nodes in table
# best score 4
21 008a80028c5002e8001aa004a20102ac 00000a6900a9a002aa8018a8001e7000 3 4
# 0.3888 seconds
# 101971 nodes in table
# best score 4
23 008a80028c5002e0011aa004a20102ac 0000026900a9a402aa8018a8001e7000 3 4
# 0.1020 seconds
# 126303 nodes in table
# best score 5
25 008a80028c5002e0410aa004a20102ac 0000026900a9a402aa801898001e7000 4 5
# 0.9557 seconds
# 139374 nodes in table
# best score 4
27 008a80028c5002e0410ae000a20102ac 0000027100a9a402aa801898001e7000 4 4
# 0.6744 seconds
# 152095 nodes in table
# best score 4
29 008b00028c5002e0410ae000a20102ac 0000027100a9a402aa801898011e6000 4 4
# 0.9966 seconds
# 165361 nodes in table
# best score 5
31 008b00028c5002e0410ae000a20002bc 0000027100a9a406aa800898011e6000 4 5
# 0.7046 seconds
# 173552 nodes in table
# best score 5
33 008b00028c5002e05108e000a20002bc 0000027100a9e406aa000898011e6000 4 5
# 0.5562 seconds
# 180266 nodes in table
# best score 5
35 008b00028c5002e05108e000620002bc 0000027102a9e402aa000898011e6000 4 5
# 0.3436 seconds
# 199142 nodes in table
# best score 4
37 008b10028c1002e05108e000620002bc 0000027102a9e402a6000898011e6000 4 4
# 0.9208 seconds
# 213860 nodes in table
# best score 4
39 008b10028c1002e05108e100220002bc 0000007142a9e402a6000898011e6000 4 4
# 0.6118 seconds
# 238094 nodes in table
# best score 1
41 008b10028c1002e0510ce100020002bc 0000007102a9e502a6000898011e6000 5 1
# 1.0887 seconds
# 243888 nodes in table
# best score 2
43 008b10028c1002e0510ee000020002bc 0000007102ade50286000898011e6000 4 2
# 0.2907 seconds
# 264863 nodes in table
# best score 0
45 008b10028c1002e0510ee000020001bc 0000007102ade51282000898011e6000 5 0
# 0.5412 seconds
# 274173 nodes in table
# best score 2
47 008b10028c1002e0510ee000020000fc 0000007102afe41282000898011e6000 4 2
# 0.2973 seconds
# 291401 nodes in table
# best score 0
49 008b10028c1002c0510fe000020000fc 00000071026fe41282000898011e6000 5 0
# 0.5461 seconds
# 297723 nodes in table
# best score 0
51 008710028c1002c0510fe000020000fc 00000071026fe412820008b8011e2000 5 0
# 0.2112 seconds
# 313720 nodes in table
# best score 1
53 008610828c1002c0510fe000020000fc 00000071026fe412820008f8011e0000 6 1
# 0.5138 seconds
# 319426 nodes in table
# best score 0
55 008410829c1002c0510fe000020000fc 00000071026fe411820008f8011e0000 5 0
# 0.1904 seconds
# 331647 nodes in table
# best score 3
57 000418829c1002c0510fe000020000fc 00000071026fe411820004f8011e0000 6 3
# 0.4369 seconds
# 354813 nodes in table
# best score -3
59 00001882bc1002c0510fe000020000fc 00000070026fe411822004f8011e0000 7 -3
# 0.6959 seconds
# 372716 nodes in table
# best score -4
61 00001083bc1002c0510fe000020000fc 000000700267e415822004f8011e0000 7 -4
# 0.3395 seconds
# 378483 nodes in table
# best score -3
63 00001003fc1002c0510fe000020000fc 000000700267e415822004f8811c0000 6 -3
# 0.1202 seconds
# 385730 nodes in table
# best score -1
65 00001003f81002c0510fe100020000fc 000000700267e415822006f881180000 6 -1
# 0.2230 seconds
# 490140 nodes in table
# best score -3
67 00001003f8100280510fe100220000fc 000000700227e415822006f8811c0000 8 -3
# 4.3577 seconds
# 569500 nodes in table
# best score -5
69 00001003f0100280510fe100320000fc 000000700227e415822004f8811e0000 8 -5
# 3.8706 seconds
# 629090 nodes in table
# best score -9
71 00001003f0100280500fe1003a0000fc 000000700207e415822004f8811f0000 8 -9
# 2.9948 seconds
# 638642 nodes in table
# best score -10
73 00001003f0100280500fe1003c0000fc 000000700207e015822004f8811f8000 7 -10
# 0.2384 seconds
# 640282 nodes in table
# best score -10
75 00001003f0100280500fe104380000fc 000000700207e015022004f8811fc000 5 -10
# 0.1174 seconds
# 658438 nodes in table
# best score -9
77 00001003f0100280500fe104308000fc 000000700207e01502200478811fe000 8 -9
# 0.3697 seconds
# 661364 nodes in table
# best score -9
79 00001003f0100200500fe10430c000fc 000000700207e01502200438811ff000 6 -9
# 0.1179 seconds
# 661638 nodes in table
# best score -10000
81 00001003e0100200500fe10430c008fc 000000f00207e01102200438811ff000 6 -10000
# 0.0185 seconds
# 661656 nodes in table
# best score -10000
83 00001003e0100200400fe10430c008fd 000400f00207c01102200438811ff000 8 -10000
# 0.0013 seconds
# 661656 nodes in table
# best score -10000
85 00001003e0100200400fe10420c008ff 000400f00207c81102200438811fe000 10 -10000
# 0.0002 seconds

