Randseed b7d160fa
# 5160 nodes in table
# best score 1
0 00aa8002aa000aa8002aa000aa8002aa 00002aa800aaa002aa800aaa002aa800 2 1
# 0.4480 seconds
# 10099 nodes in table
# best score 1
2 00a68002aa000aa8002aa000aa8002aa 00002aa800aaa002aa800aaa002ab000 2 1
# 0.3357 seconds
# 27532 nodes in table
# best score -1
4 00a68002aa000aa8002aa000aa80029a 00002aa800aaa002aa800aac002ab000 3 -1
# 1.0831 seconds
# 40727 nodes in table
# best score -2
6 00a68002aa000aa8002aa000ab00029a 00002aa800aaa002aa800aac002ae000 3 -2
# 0.7504 seconds
# 54905 nodes in table
# best score -2
8 00c68002aa000aa8002aa000ab00029a 00002aa800aaa002ab000aac002ae000 3 -2
# 1.0313 seconds
# 76715 nodes in table
# best score -1
10 00869002aa000aa8002aa000ab00029a 00002a8804aaa002ab000aac002ae000 3 -1
# 1.0698 seconds
# 86640 nodes in table
# best score -1
12 00869002aa004aa0002aa000ab00029a 0000228904aaa002ab000aac002ae000 3 -1
# 0.4369 seconds
# 93251 nodes in table
# best score -1
14 00869002aa004aa0002aa000ab10009a 0000228904aaa002ab000a9c002ae000 3 -1
# 0.3626 seconds
# 110123 nodes in table
# best score -1
16 00869002aa004aa0002ac000ab10009a 0000228105aaa002ab000a9c002ae000 3 -1
# 0.7239 seconds
# 121015 nodes in table
# best score -1
18 00869002aa004aa0002ac000ab10009c 0000228101aba002ab000a9c002ae000 3 -1
# 0.4994 seconds
# 142410 nodes in table
# best score -2
20 00869002aa004aa0002b8000ab10009c 0000220111aba002ab000a9c002ae000 3 -2
# 0.6553 seconds
# 153622 nodes in table
# best score 0
22 00869002aa004aa0002b8000ab14001c 0000220111aba002ae000a9c002ae000 3 0
# 0.4185 seconds
# 166737 nodes in table
# best score -1
24 00869002aa004aa0102b0000ab14001c 0000220111aba042ac000a9c002ae000 3 -1
# 0.3918 seconds
# 180778 nodes in table
# best score -1
26 008690026a004aa0102b0000ab14001c 0000220111aba042ac008a98002ae000 3 -1
# 0.6958 seconds
# 187002 nodes in table
# best score -2
28 008690026a004a90102b0000ab14001c 0000220111af2042ac008a98002ae000 3 -2
# 0.3400 seconds
# 191510 nodes in table
# best score 0
30 000690026a404a90102b0000ab14001c 0000220111af2042ac048a18002ae000 3 0
# 0.2543 seconds
# 206448 nodes in table
# best score 1
32 000690026a404a90100b0400ab14001c 0000220111af2042ac048a184022e000 4 1
# 1.1125 seconds
# 227042 nodes in table
# best score 2
34 000690026a404b90100a0400ab14001c 0000220011af2442ac048a184022e000 4 2
# 0.9734 seconds
# 240831 nodes in table
# best score 1
36 000690026840cb90100a0400ab14001c 0000220011af2442ac048a184021e000 4 1
# 0.6414 seconds
# 246304 nodes in table
# best score 0
38 000690026840cb90100a0500ab10001c 0000220011af2442ec008a184021e000 4 0
# 0.4918 seconds
# 258409 nodes in table
# best score 0
40 000680026840cb91100a0500ab10001c 0000220011af2442ec008a194001e000 4 0
# 0.6074 seconds
# 287432 nodes in table
# best score -3
42 000680026c40cb81100a0500ab10001c 0000220011af2442ec008a194400e000 5 -3
# 1.4472 seconds
# 315780 nodes in table
# best score -4
44 00068002cc40cb81100a0500ab10001c 0000220011be2442ec008a194400e000 5 -4
# 1.3138 seconds
# 333914 nodes in table
# best score -4
46 00068002cc40cb81102a0500ab00001c 0000220011be2442cc108a194400e000 5 -4
# 0.7750 seconds
# 369166 nodes in table
# best score -3
48 00068002cc40cb8110220500bb00001c 0000220011be2442cc108a314400e000 6 -3
# 1.4242 seconds
# 378335 nodes in table
# best score -2
50 00068002cc40cb8110220500b980001c 0000228011be2442cc108a314400c000 6 -2
# 0.5318 seconds
# 390245 nodes in table
# best score -3
52 000680038c40cb8110220500b980001c 0000238011be24428c108a314400c000 6 -3
# 0.6427 seconds
# 412579 nodes in table
# best score -3
54 000680038c40cb8110220500b900201c 0000038411be24428c108a314400c000 7 -3
# 0.9115 seconds
# 461359 nodes in table
# best score 0
56 000680030c40cb8110220500b910201c 0000038413be04428c108a314400c000 7 0
# 1.3312 seconds
# 478125 nodes in table
# best score 1
58 000680030c40c98110220540b910201c 000001c413be04428c108a314400c000 6 1
# 0.6315 seconds
# 482171 nodes in table
# best score 0
60 000680230c40898110220540b910201c 0000018413be04428e108a314400c000 5 0
# 0.2031 seconds
# 512349 nodes in table
# best score 0
62 000780230c40098110220540b910201c 0000018412be44428e108a314400c000 7 0
# 1.0671 seconds
# 536116 nodes in table
# best score 2
64 000780230c40098110220440b914201c 0000008412bf44428e108a314400c000 8 2
# 1.2524 seconds
# 564627 nodes in table
# best score -3
66 000780230c40088110220440b91c201c 0000008412bfc4428e108a3144008000 8 -3
# 1.6528 seconds
# 572997 nodes in table
# best score -6
68 000780230c40080110220440b91d201c 0000008492bfc4428e108a3144000000 7 -6
# 0.4355 seconds
# 629359 nodes in table
# best score -11
70 000780220c40080110220440b91da01c 0000008512bfc4428e108a3144000000 10 -11
# 2.9288 seconds

