Randseed b7d26a31
# 5183 nodes in table
# best score 0
1 00aa0012aa000aa8002aa000aa8002aa 00002aa800aaa002aa800aaa002aa800 2 0
# 0.4670 seconds
# 9910 nodes in table
# best score 0
3 002a1012aa000aa8002aa000aa8002aa 00002aa800aaa006aa000aaa002aa800 2 0
# 0.4475 seconds
# 39727 nodes in table
# best score -2
5 00281052aa000aa8002aa000aa8002aa 00002aa800aaa006aa000aab000aa800 3 -2
# 1.3732 seconds
# 88560 nodes in table
# best score -2
7 00081452aa000aa8002aa000aa8002aa 00002a8804aaa006aa000aab000aa800 3 -2
# 2.0066 seconds
# 122287 nodes in table
# best score -3
9 00001552aa000aa8002aa000aa8002aa 00002a8804aaa006aa000aab000ab000 3 -3
# 1.3906 seconds
# 135146 nodes in table
# best score -4
11 00001552aa004aa0002aa000aa8002aa 00002a8805aaa002aa000aab000ab000 3 -4
# 0.5828 seconds
# 148998 nodes in table
# best score -4
13 00001552aa004aa00028a040aa8002aa 00002a8005aaa006aa000aab000ab000 3 -4
# 0.5498 seconds
# 160123 nodes in table
# best score -3
15 00001552aa004aa00028a040aa8002ca 00002a8004aaa00eaa000aab000ab000 3 -3
# 0.6806 seconds
# 168237 nodes in table
# best score -2
17 00001552aa014a800028a040aa8002ca 00002a8004aa801eaa000aab000ab000 3 -2
# 0.3926 seconds
# 179526 nodes in table
# best score -1
19 00001552aa014a800028a040aa84028a 00002a8004aa801eaa000aad000ab000 3 -1
# 0.4635 seconds
# 192010 nodes in table
# best score 0
21 00001552aa014a800028a040aa94008a 00002a8004aa801aaa004aad000ab000 3 0
# 0.4105 seconds
# 213916 nodes in table
# best score -1
23 00001552ba004a800028a040aa94008a 00002a8004aa801aaa004aad000a7000 3 -1
# 0.7189 seconds
# 230333 nodes in table
# best score -1
25 00001552ba004a8000282050aa94008a 00002a8004aa8012aa004aad010a7000 3 -1
# 0.7252 seconds
# 242642 nodes in table
# best score -2
27 00001552ba004a8000282050ea84008a 00002a8004aa8012aa004eac010a7000 3 -2
# 0.5081 seconds
# 250441 nodes in table
# best score -1
29 00001552ba004a8000282150ea84000a 00002a8004aa8012aa004eac11087000 3 -1
# 0.2612 seconds
# 259532 nodes in table
# best score -2
31 00001552ba004a8000382150ea80000a 00002a8004aa8011aa004eac11087000 3 -2
# 0.3667 seconds
# 266186 nodes in table
# best score -2
33 00001552ba004a80403821506a80000a 0000228104aa8011aa004eac11087000 3 -2
# 0.2186 seconds
# 269698 nodes in table
# best score -1
35 00001552ba004b00403821506a80000a 0000228004ea8011aa004eac11087000 3 -1
# 0.0919 seconds
# 310419 nodes in table
# best score 0
37 00001152ba104b00403821506a80000a 0000028404ea8011aa004eac11087000 4 0
# 1.4969 seconds
# 338586 nodes in table
# best score -1
39 00001152fa104a00403821506a80000a 0000028004ea8411aa004eac11087000 4 -1
# 1.7523 seconds
# 375961 nodes in table
# best score -4
41 00001172fa100a00403821506a80000a 0000028004ea84118a044eac11087000 4 -4
# 1.8662 seconds
# 408932 nodes in table
# best score -4
43 00000173fa100a00403821506a80000a 0000028000eb84118a044eac11087000 4 -4
# 1.5175 seconds
# 419673 nodes in table
# best score -2
45 00000171fa100a00403c21506a80000a 0000028000eb84118a004eac110a7000 4 -2
# 0.4765 seconds
# 437214 nodes in table
# best score -7
47 00000171f8100a00403e21506a80000a 0000028000eb84118a004cac910a7000 4 -7
# 0.7432 seconds
# 450652 nodes in table
# best score -8
49 00000171f8100a00403e21502e80000a 0000028000eb84118a014c8c910a7000 4 -8
# 0.5461 seconds
# 464824 nodes in table
# best score -8
51 00000171f8100a00401e21502e80800a 00000280006b84138a014c8c910a7000 4 -8
# 0.6010 seconds
# 474192 nodes in table
# best score -6
53 00000171f8100a00401e21502e808006 00000280006b84138a01448cd10a7000 4 -6
# 0.2719 seconds
# 479950 nodes in table
# best score -4
55 00000171f8100a00401e21402e808016 00000280006b84138a01440cd10e7000 4 -4
# 0.2017 seconds
# 483716 nodes in table
# best score -3
57 00000171f8100a00401e21400e80801e 00000280006b84118a21440cd10e7000 4 -3
# 0.2076 seconds
# 486016 nodes in table
# best score -2
59 00000171f8100a00401e21400c80801f 00040200006b84118a21440cd10e7000 4 -2
# 0.1778 seconds
# 488124 nodes in table
# best score 0
61 00000171f8100a00401e20400c80881f 00040202006b84118a21440cc10e7000 4 0
# 0.1401 seconds
# 489407 nodes in table
# best score 0
63 00000171f8100a00400e20400cc0881f 00140002006b84118a21440cc10e7000 4 0
# 0.0907 seconds
# 497078 nodes in table
# best score 0
65 00000171f8100a00400e20420c40881f 00140002006b84518a21440cc10e3000 7 0
# 0.4943 seconds
# 497644 nodes in table
# best score 1
67 00000171f8100a00400e10420c40881f 00140002006f84518a214408c10e3000 6 1
# 0.1458 seconds
# 498406 nodes in table
# best score 1
69 00000971f8100a00400e00420c40881f 00141002006f84518a214408c10c3000 6 1
# 0.0939 seconds
# 499753 nodes in table
# best score 1
71 00000971f8100a00400e00400c40883f 00941002006f84518a214408c1083000 6 1
# 0.1628 seconds
# 500987 nodes in table
# best score 1
73 00000871f8100a00400e00400c40887f 009410020067c4518a214408c1083000 6 1
# 0.1135 seconds
# 501942 nodes in table
# best score 1
75 00000871f8100a00400e00400c0088ff 00d410020067c4518a214408c1003000 6 1
# 0.1069 seconds
# 502745 nodes in table
# best score 0
77 00000071f8100a00400e00400c0089ff 00f410020067c4518a21440881003000 7 0
# 0.0770 seconds
# 503222 nodes in table
# best score 0
79 00000071f8100a00400e00400c0083ff 00fc10020067c4518a21440801003000 7 0
# 0.0431 seconds
# 503883 nodes in table
# best score 0
81 00000070f8100a00400e00400c0087ff 00fc10020263c4518a21440801003000 11 0
# 0.0713 seconds
# 503943 nodes in table
# best score 10000
83 00000070f8101200400e00400c0087ff 00fc10020363c4518a20440801003000 11 10000
# 0.0262 seconds
# 503943 nodes in table
# best score 10000
85 00000070f8100202400e00400c0087ff 00fc100a0363c4518a20440801002000 11 10000
# 0.0119 seconds
# 503943 nodes in table
# best score 10000
87 00000070f8100200404e00400c0087ff 00fe100a0363c4518a20400801002000 11 10000
# 0.0027 seconds
# 503943 nodes in table
# best score 10000
89 00000070f8100200400e08400c0087ff 00fe500a0363c4518a20400801000000 11 10000
# 0.0005 seconds
# 503944 nodes in table
# best score 10000
91 00000060f8100200400e08400c2087ff 00ff500a0363c4518a00400801000000 11 10000
# 0.0002 seconds

