Randseed 232d991b
# 5166 nodes in table
# best score 0
1 00ab0002aa000aa8002aa000aa8002aa 00002aa800aaa002aa800aaa002aa800 2 0
# 0.4585 seconds
# 9563 nodes in table
# best score 0
3 00ae0002aa000aa8002aa000aa8002aa 00002aa801aa8002aa800aaa002aa800 2 0
# 0.3977 seconds
# 15446 nodes in table
# best score 0
5 00a60042aa000aa8002aa000aa8002aa 00002aa801aa8002aa800aaa002ab000 2 0
# 0.3590 seconds
# 54366 nodes in table
# best score -2
7 00a20042ae000aa8002aa000aa8002aa 00001aa801aa8002aa800aaa002ab000 3 -2
# 2.3105 seconds
# 74350 nodes in table
# best score -2
9 00a00042be000aa8002aa000aa8002aa 00001aa801aa8002aa001aaa002ab000 3 -2
# 0.9761 seconds
# 91827 nodes in table
# best score -1
11 00a000429e004aa8002aa000aa8002aa 00001aa801aa8002aa000aae002ab000 3 -1
# 0.9326 seconds
# 107502 nodes in table
# best score 0
13 00a000428e014aa8002aa000aa8002aa 00001aa801aa8002aa000aac012ab000 3 0
# 0.8814 seconds
# 120131 nodes in table
# best score 1
15 00a000428e014a88012aa000aa8002aa 00001ca801aa8002aa000aac012ab000 3 1
# 0.6196 seconds
# 128016 nodes in table
# best score 1
17 00a000428e004a88012ae000aa8002aa 00001cb800aa8002aa000aac012ab000 3 1
# 0.3488 seconds
# 149459 nodes in table
# best score 3
19 00a000028e004a88012be000aa8002aa 00001cb8006a8002aa000aac012ab000 3 3
# 0.8897 seconds
# 161859 nodes in table
# best score 2
21 00a000028e004a880129e010aa8002aa 00001cb800728002aa000aac012ab000 3 2
# 0.5291 seconds
# 167494 nodes in table
# best score 3
23 00a000028e004a880128e014aa8002aa 00001cb800728002aa000aa8012af000 3 3
# 0.2677 seconds
# 172102 nodes in table
# best score 4
25 00a0000286004a880128e014ae8002aa 00001cb800728002aa000aa0012bf000 3 4
# 0.2401 seconds
# 176984 nodes in table
# best score 5
27 00a0000286004a980128e014a68002aa 00001cb800728002aa000aa0102bf000 3 5
# 0.2451 seconds
# 186198 nodes in table
# best score 5
29 00a0000286004ab80128e014a28002aa 00001cb800728001aa000aa0102bf000 3 5
# 0.4524 seconds
# 190696 nodes in table
# best score 5
31 00a0000286004af80128e014a08002aa 00001cb900628001aa000aa0102bf000 3 5
# 0.2927 seconds
# 196818 nodes in table
# best score 4
33 00a0000286004bf80128e004a08002aa 00001cb900628001ca000aa0102bf000 3 4
# 0.3563 seconds
# 217065 nodes in table
# best score 7
35 00a0000286104bf801286004a08002aa 00001cb900628001ca000a20102ff000 4 7
# 1.1349 seconds
# 228722 nodes in table
# best score 9
37 00a0000286104bf821282004a08002aa 00000cb900628401ca000a20102ff000 4 9
# 0.7982 seconds
# 239823 nodes in table
# best score 10
39 00a0000206104bf8212c2004a08002aa 00000cb900628401ca000a20003ff000 4 10
# 0.6066 seconds
# 246693 nodes in table
# best score 10
41 00a0000206004bf8212c2104a08002aa 00000cb9006284018a100a20003ff000 4 10
# 0.4949 seconds
# 253658 nodes in table
# best score 11
43 00a00002060049f8212c2104a0c002aa 00000cb9006284018a100a20401ff000 4 11
# 0.4709 seconds
# 261623 nodes in table
# best score 11
45 00a00002060049f8212c210480c00aaa 00000cb9002284018a100e20401ff000 5 11
# 0.6044 seconds
# 267348 nodes in table
# best score 14
47 00a00002060049f8212c200480c00aab 00000cb9002284018a100e00441ff000 5 14
# 0.9752 seconds
# 272957 nodes in table
# best score 14
49 00a00002060049f82124200480c00aaf 00000cf1002284018a100e00441ff000 5 14
# 0.4706 seconds
# 277107 nodes in table
# best score 14
51 00a00002060049f82120200480c00abf 00000ef1002284018a100e00441fe000 5 14
# 0.3496 seconds
# 287808 nodes in table
# best score 15
53 00a00002060049f80120200480c00aff 00000ff1002284018a100e00441fc000 6 15
# 0.7858 seconds
# 306496 nodes in table
# best score 14
55 00a00002060048f80120200480c00bff 00000ff1102284018a100e00441f8000 7 14
# 0.7675 seconds
# 306888 nodes in table
# best score 10000
57 00a00002060048780120200480c00fff 00000ff1102284018c100e00441f8000 7 10000
# 0.0228 seconds
# 306893 nodes in table
# best score 10000
59 00a00002060048380120200480d00fff 00000ff1102384018c100e00440f8000 8 10000
# 0.0004 seconds

