Randseed 232dff1d
# 5723 nodes in table
# best score 1
0 00aa8002aa000aa8002aa000aa8002aa 00002aa800aaa002aa800aaa002aa800 2 1
# 0.5153 seconds
# 14776 nodes in table
# best score 1
2 00a68002aa000aa8002aa000aa8002aa 00002aa800aaa002aa800aaa006aa000 2 1
# 0.9018 seconds
# 19477 nodes in table
# best score 1
4 00a70002aa000aa8002aa000aa8002aa 00002aa800aaa002aa801aaa002aa000 2 1
# 0.4744 seconds
# 44631 nodes in table
# best score -1
6 00a70002ac000aa8002aa000aa8002aa 00002aa800aaa002aa001aae002aa000 3 -1
# 1.4650 seconds
# 61790 nodes in table
# best score -1
8 00a70002ac000aa8002aa000aa80032a 00002aa800aaa002aa004aae002aa000 3 -1
# 1.0218 seconds
# 79942 nodes in table
# best score -1
10 00a70002ac000aa8002aa000aa90022a 00002aa800aaa002a8004abe002aa000 3 -1
# 0.8761 seconds
# 100950 nodes in table
# best score 0
12 00a60042ac000aa8002aa000aa90022a 00002aa800aaa002a8004a9e012aa000 3 0
# 1.0014 seconds
# 115911 nodes in table
# best score 1
14 00a60042b8000aa8002aa000aa90022a 00002aa800aaa002a8000a9e012ae000 3 1
# 0.6835 seconds
# 134359 nodes in table
# best score 2
16 00a60042b8000aa8002aa000aa91020a 00002aa800aaa002a8000abe012a6000 3 2
# 0.8491 seconds
# 146964 nodes in table
# best score 4
18 00a6004298010aa8002aa000aa91020a 00002aa800aaa002a8010abe012a2000 3 4
# 0.5544 seconds
# 156863 nodes in table
# best score 4
20 00a6004298010aa8002aa000ba90020a 00002aa800aaa002a0010afe012a2000 3 4
# 0.5807 seconds
# 178154 nodes in table
# best score 3
22 00a6004298010aa8002aa000fa90000a 00002aa800aaa002a0040afe012a2000 3 3
# 0.7874 seconds
# 183878 nodes in table
# best score 3
24 00c6004298010aa8002aa000fa90000a 00002aa800aaa00280040bfe012a2000 3 3
# 0.3440 seconds
# 192009 nodes in table
# best score 3
26 00c6004298010ab0002aa000fa90000a 00002aa800aaa00280100bfe012a2000 3 3
# 0.3614 seconds
# 196316 nodes in table
# best score 5
28 0086104298010ab0002aa000fa90000a 00002aa800aaa00200100ffe012a2000 3 5
# 0.2506 seconds
# 200004 nodes in table
# best score 6
30 0082104298010af0002aa000fa90000a 00002aa800aaa00200400ffe012a2000 3 6
# 0.2333 seconds
# 202920 nodes in table
# best score 7
32 0002104298410af0002aa000fa90000a 00002aa800aaa00000400fff012a2000 3 7
# 0.2126 seconds
# 205986 nodes in table
# best score 7
34 0002104298410af1000aa000fa90000a 00002aa800aaa00200400ffd012a2000 3 7
# 0.2220 seconds
# 208632 nodes in table
# best score 11
36 0002104398410af0000aa000fa90000a 00002aa800aab00200400ff9012a2000 3 11
# 0.1645 seconds
# 225016 nodes in table
# best score 15
38 00021043985102f0000aa000fa90000a 00002aac00aab00200400ff9012a0000 4 15
# 1.1761 seconds
# 228072 nodes in table
# best score 13
40 00021043985102e0040aa000fa90000a 00002aac00aab80200400ff9002a0000 3 13
# 0.1915 seconds
# 241710 nodes in table
# best score 17
42 00021043885102e0040ae000fa90000a 00002aac00aabc0200400ff1002a0000 4 17
# 0.7768 seconds
# 247068 nodes in table
# best score 19
44 00021043885102e0040ae000f890400a 01002aac00aabc0200400fe1002a0000 4 19
# 0.3741 seconds
# 267555 nodes in table
# best score 19
46 0002104388510260040ae004f890400a 01802aac00aabc0200400fc1002a0000 5 19
# 1.1547 seconds
# 284160 nodes in table
# best score 21
48 0002104388510260040ae004f8905008 01c02aac00aabc0200400f81002a0000 5 21
# 1.0423 seconds
# 391519 nodes in table
# best score 24
50 0002104388110260440ae004f8905008 01c02eac00aabc0200400f01002a0000 6 24
# 4.5152 seconds
# 409457 nodes in table
# best score 23
52 0002004388110260440ee004f8905008 01c02fac00aabc0200400e01002a0000 5 23
# 1.2984 seconds
# 420366 nodes in table
# best score 19
54 0002004388110260440ce084f8905008 01c02fac10aabc0200400c01002a0000 5 19
# 0.5245 seconds
# 422442 nodes in table
# best score 10000
56 0002004188110360440ce084f8905008 01c02fac50a8bc0200400c01002a0000 7 10000
# 0.0549 seconds
# 422526 nodes in table
# best score 10000
58 0002004188110320440ce084f8907008 01c02fac50a0bc0200400c01002a0400 4 10000
# 0.0050 seconds
# 422533 nodes in table
# best score 10000
60 0000004188110320440ce084f890f008 01c02fac40a0bc0200400c01002a0600 6 10000
# 0.0005 seconds

