Randseed 23320db4
# 5668 nodes in table
# best score 0
1 002a9002aa000aa8002aa000aa8002aa 00002aa800aaa002aa800aaa002aa800 2 0
# 0.4825 seconds
# 9970 nodes in table
# best score 0
3 002a8002aa400aa8002aa000aa8002aa 00002aa800aab000aa800aaa002aa800 2 0
# 0.4626 seconds
# 13918 nodes in table
# best score 0
5 002a8000aa400aa9002aa000aa8002aa 00002aa800aab000aa800aaa002ab000 2 0
# 0.4955 seconds
# 42984 nodes in table
# best score -2
7 002a8000aa000aa9002aa400aa8002aa 000022a900aab000aa800aaa002ab000 3 -2
# 1.4926 seconds
# 54439 nodes in table
# best score -2
9 002a8000aa0002a9003aa400aa8002aa 000022a900aab000aa800aaa001ab000 3 -2
# 0.9677 seconds
# 64063 nodes in table
# best score -2
11 002a8000aa0002a8003aa400ea8002aa 000022a800bab000aa800aaa001ab000 3 -2
# 0.5357 seconds
# 76261 nodes in table
# best score -2
13 002a8000aa0002a8003aa400ea8001aa 000002ac00bab000aa800aaa001ab000 3 -2
# 0.6046 seconds
# 84122 nodes in table
# best score -2
15 002a8000aa0002a8003aa400ea8000ea 000002ac00bab000aa800aaa000eb000 3 -2
# 0.4042 seconds
# 93345 nodes in table
# best score -2
17 000a8400aa0002a8003aa400ea8000ea 000002b400bab000aa800aaa000eb000 3 -2
# 0.4246 seconds
# 103282 nodes in table
# best score -2
19 000a8000ea0002a8003aa400ea8000ea 000002e400bab000aa800aaa000eb000 3 -2
# 0.4223 seconds
# 126226 nodes in table
# best score -3
21 000a80006a0402a8003aa400ea8000ea 000001e400bab000aa800aaa000eb000 3 -3
# 0.6978 seconds
# 141146 nodes in table
# best score -3
23 000a80006a0400a8403aa400ea8000ea 000001e400bab000aa800aaa0007b000 3 -3
# 0.4669 seconds
# 158857 nodes in table
# best score -2
25 000a80006a0400a8003aa400ea8400ea 000001e400bab000aa800aaa1003b000 3 -2
# 0.6305 seconds
# 164320 nodes in table
# best score -2
27 000a80006a0400a80032a400ea8400fa 000001e400bab0006a800aaa1003b000 3 -2
# 0.2797 seconds
# 171259 nodes in table
# best score -2
29 000a80006a0400a80022a400ea8440fa 000000e410bab0006a800aaa1003b000 3 -2
# 0.2455 seconds
# 174881 nodes in table
# best score -2
31 000a80006a0400a80002a400ee8440fa 000000e410bab0006a800aaa1103a000 3 -2
# 0.2198 seconds
# 180752 nodes in table
# best score -1
33 000a80006a0400a80002a040ee8440fa 000000e410bab0002a840aaa1103a000 3 -1
# 0.2735 seconds
# 184062 nodes in table
# best score 0
35 000a80006a0400a80003a0406e8440fa 000000e410bab0003a840aaa11032000 3 0
# 0.1591 seconds
# 209110 nodes in table
# best score 7
37 000a80006a0400a80003e0402e8440fa 000000e410bab0003e840aaa11022000 4 7
# 1.3339 seconds
# 228688 nodes in table
# best score 11
39 000a80006a0400a80003e0400e8440fe 000000e410bab0003f840aaa11002000 4 11
# 1.0964 seconds
# 245012 nodes in table
# best score 13
41 000a80006a0400a80003e0400e8050fe 000000e410bab0003f840aae11000000 4 13
# 0.8802 seconds
# 255121 nodes in table
# best score 15
43 000a81002a0400a80003e0400e8050fe 000000e410faa0003f840aae11000000 4 15
# 0.5249 seconds
# 266812 nodes in table
# best score 15
45 000281002a0400e80003e0400e8050fe 000000e010faa1003f840aae11000000 4 15
# 0.5360 seconds
# 272073 nodes in table
# best score 18
47 000280002a0500e80003e0400e8050fe 000000e010faa1103f840aae01000000 4 18
# 0.2785 seconds
# 278870 nodes in table
# best score 18
49 000280000e0500e80003e0400e8050fe 000000e010fac1103f840aae01000000 5 18
# 0.3349 seconds
# 280630 nodes in table
# best score 19
51 000280100e0100e80003e0400e8050fe 000000e010fac1103f8406ae01000000 5 19
# 0.1392 seconds
# 281414 nodes in table
# best score 19
53 000380100e0100680003e0400e8050fe 000000e010fac1103f8403ae01000000 5 19
# 0.0590 seconds
# 281418 nodes in table
# best score 10000
55 000380100f0100280003e0400e8050fe 000000c010fec1103f8403ae01000000 7 10000
# 0.0008 seconds
# 281419 nodes in table
# best score 10000
57 000180100f0120280003e0400e8050fe 000000c010fec1103f8403be00000000 8 10000
# 0.0003 seconds

