Randseed 233257c3
# 5566 nodes in table
# best score 1
0 00aa8002aa000aa8002aa000aa8002aa 00002aa800aaa002aa800aaa002aa800 2 1
# 0.5721 seconds
# 10729 nodes in table
# best score 1
2 006a8002aa000aa8002aa000aa8002aa 00000aac00aaa002aa800aaa002aa800 2 1
# 0.4576 seconds
# 15457 nodes in table
# best score 1
4 006a8002aa000aa8002aa000aa8002ac 00000aa800aab002aa800aaa002aa800 2 1
# 0.3224 seconds
# 19488 nodes in table
# best score 3
6 006a8001aa000aa8002aa000aa8002ac 00000aa8002ab002aac00aaa002aa800 2 3
# 0.3354 seconds
# 24790 nodes in table
# best score 4
8 002a8401aa000aa8002aa000aa8002ac 00000aa8002aa002aac00aab002aa800 2 4
# 0.4400 seconds
# 43462 nodes in table
# best score 3
10 002a8401aa0006a8002aa000aa8002ac 00000aa8002aa000aac00eab002aa800 3 3
# 1.1500 seconds
# 61990 nodes in table
# best score 3
12 000a8401aa1006a8002aa000aa8002ac 00000aa8002aa000aa800eab003aa800 3 3
# 0.8454 seconds
# 74671 nodes in table
# best score 5
14 00028501aa1006a8002aa000aa8002ac 004002a8002aa000aa800eab003aa800 3 5
# 0.8177 seconds
# 84314 nodes in table
# best score 5
16 00028101ea1006a8002aa000aa8002ac 00000aa8002aa000aa800eab003aa800 3 5
# 0.5009 seconds
# 99116 nodes in table
# best score 6
18 00028101ea1006a8001aa000aa8002ac 000006a8002aa000aa800eab003aa800 3 6
# 0.8316 seconds
# 108581 nodes in table
# best score 6
20 00028101ea1006a8001aa000aa8001ac 000006a8004aa000aa800eab003aa800 3 6
# 0.5123 seconds
# 118497 nodes in table
# best score 7
22 00008141ea1006a8001aa000aa8001ac 000006a8000aa800aa800eab003aa800 3 7
# 0.5367 seconds
# 129938 nodes in table
# best score 8
24 00000151ea1006a8001aa000aa8001ac 000006a8000aa001aa800eab003aa800 3 8
# 0.4717 seconds
# 142564 nodes in table
# best score 8
26 00000150fa1006a8001aa000aa8001ac 000006a8000aa000ea800eab003aa800 3 8
# 0.5238 seconds
# 150210 nodes in table
# best score 8
28 00000110fe1006a8001aa000aa8001ac 000006a8000aa1006a800eab003aa800 3 8
# 0.2744 seconds
# 159823 nodes in table
# best score 8
30 00000110fe1006a8001aa000aa8001b8 000006a8000aa1006a800cab003ea800 3 8
# 0.3880 seconds
# 166616 nodes in table
# best score 8
32 00000110fe1006a8001aa000ab0001b8 000006a8000aa1006a8008ab103ea800 3 8
# 0.3449 seconds
# 182830 nodes in table
# best score 6
34 00000110fe1006a8000ea000ab0001b8 000006a8000aa1006a8000eb103ea800 3 6
# 0.5361 seconds
# 190031 nodes in table
# best score 7
36 00000110fe1402a8000ea000ab0001b8 000006a8000aa1006a8000ea103fa800 3 7
# 0.4193 seconds
# 201180 nodes in table
# best score 8
38 00000110fe1400a8100ea000ab0001b8 000006a8000aa1006a8100ea101fa800 3 8
# 0.4164 seconds
# 230198 nodes in table
# best score 11
40 00000110fe1400a8100ea000aa0041b8 000006a8000aa1406a8100ea100fa800 4 11
# 1.0068 seconds
# 241629 nodes in table
# best score 11
42 00000110fe0500a8100ea000aa0041b8 000006a8000aa1406e8100ea1007a800 4 11
# 0.6126 seconds
# 278643 nodes in table
# best score 10
44 00000110fe0500a0110ea000aa0041b8 001002a8000aa1406e8100ea1007a800 5 10
# 1.2916 seconds
# 308269 nodes in table
# best score 9
46 00000110fe0500a0110ea0006a0041b8 001002a8000aa1406e8100fa1003a800 5 9
# 1.2378 seconds
# 313558 nodes in table
# best score 11
48 00000110fe0500a0110ea0004a0841b8 001800a8000aa1406e8100fa1003a800 4 11
# 0.2692 seconds
# 377808 nodes in table
# best score 9
50 00000010fe0500a0110ea1004a0841b8 001800a8001aa1402e8100fa1003a800 5 9
# 2.6621 seconds
# 396965 nodes in table
# best score 10
52 00000010fe0500a0110ea1000a0841f8 000801a8001aa1402e8100fa1003a800 5 10
# 0.9484 seconds
# 433647 nodes in table
# best score 11
54 00000010fe054080110ea1000a0841f8 000801a8003aa1400e8100fa1003a800 6 11
# 1.0651 seconds
# 468204 nodes in table
# best score 11
56 00000010fe054080110ea1000e0041f8 000801a9003aa0400e8100fa1003a800 6 11
# 0.9359 seconds
# 481827 nodes in table
# best score 10
58 00000010fe054080110ea1000e0440f8 000809a90032a0400e8100fa1003a800 5 10
# 0.4406 seconds
# 527661 nodes in table
# best score 10000
60 00000010fe054080110ea100260440f8 00080da90022a0400e8100fa1003a800 7 10000
# 1.0630 seconds
# 527665 nodes in table
# best score 10000
62 00000010fe054080110e6100260440f8 00080fa90002a0400e8100fa1003a800 8 10000
# 0.0008 seconds

