Randseed 233bef17
# 5993 nodes in table
# best score 0
1 00aa80026a000aa8002aa000aa8002aa 00002aa800aaa002aa800aaa002aa800 2 0
# 0.6242 seconds
# 10652 nodes in table
# best score 0
3 00aa80026a000aa8002aa000b28002aa 00002aa800aaa000aac00aaa002aa800 2 0
# 0.3204 seconds
# 35283 nodes in table
# best score -1
5 00aa80026a000aa8002aa010b08002aa 00002ab000aaa000aac00aaa002aa800 3 -1
# 1.4266 seconds
# 49703 nodes in table
# best score -1
7 00aa80026a000aa8002a8014b08002aa 00002ab000aaa000aac00aaa006aa000 3 -1
# 0.8740 seconds
# 66478 nodes in table
# best score 1
9 00aa80026a000aa8002a8014b08002a6 00002ab000aaa000aa800eaa006aa000 3 1
# 1.0222 seconds
# 76273 nodes in table
# best score 2
11 00aa800268004aa8002a8014b08002a6 00002ab000aaa000aa800eaa005aa000 3 2
# 0.5733 seconds
# 88965 nodes in table
# best score 3
13 00b2800268004aa8002a8014b08002a6 00002ab000aaa000aa8006aa405aa000 3 3
# 0.6027 seconds
# 97841 nodes in table
# best score 4
15 00b28002680048a8402a8014b08002a6 00002ab0006aa000aa8006aa405aa000 3 4
# 0.5288 seconds
# 105080 nodes in table
# best score 6
17 00b28002680048a840298014b08002a6 00001ab0006aa000aa8006aa405aa000 3 6
# 0.3978 seconds
# 111224 nodes in table
# best score 7
19 00b28002680048a844298004b08002a6 00001ab0006aa0002a9006aa405aa000 3 7
# 0.2174 seconds
# 117985 nodes in table
# best score 8
21 00b28002380048a844298004b08002a6 00001ae0006aa0002a9006aa405aa000 3 8
# 0.2358 seconds
# 133053 nodes in table
# best score 8
23 00b28002380148a844288004b08002a6 00001ae0006aa0002a8006aa405ea000 3 8
# 0.5733 seconds
# 139295 nodes in table
# best score 9
25 00b28002380148a844288004b08012a2 00001ae0006a80042a8006aa405ea000 3 9
# 0.2045 seconds
# 143566 nodes in table
# best score 9
27 00b28002380148a804388004b08012a2 00001ae0006a80042a8007aa405ca000 3 9
# 0.2179 seconds
# 148848 nodes in table
# best score 9
29 00b28002380148a80438a004b08012a0 00001ae0006a00142a8007aa405ca000 3 9
# 0.2787 seconds
# 153868 nodes in table
# best score 12
31 00b28002380548280438a004b08012a0 00001ae0006a00102b8007aa405ca000 3 12
# 0.2339 seconds
# 158645 nodes in table
# best score 12
33 00b280023805483804382004b08012a0 00001ae0006a00002b8047aa405ca000 3 12
# 0.1726 seconds
# 162653 nodes in table
# best score 14
35 00b280013805483804382004b08012a0 00001bc0006a00002b8047aa405ca000 3 14
# 0.1972 seconds
# 178849 nodes in table
# best score 16
37 007280013805483804382004b08012a0 00001f80006a00002b8047aa405ca000 4 16
# 0.7797 seconds
# 192102 nodes in table
# best score 17
39 007280013805483804382004b08011a0 00001f00406a00002b8047aa405ca000 4 17
# 0.7052 seconds
# 198740 nodes in table
# best score 17
41 007280013805483804382004908211a0 00001e02406a00002b8047aa405ca000 4 17
# 0.4670 seconds
# 205386 nodes in table
# best score 18
43 007280013805483804382004908210e0 00001e02406a00002b8447aa4058a000 4 18
# 0.3483 seconds
# 211278 nodes in table
# best score 19
45 00728001380548380438200490821070 00001e02406a00002b8447aa41588000 4 19
# 0.3123 seconds
# 216424 nodes in table
# best score 20
47 00728001380548380438200480821078 00001e02406a00002b8447aa45580000 4 20
# 0.2474 seconds
# 219252 nodes in table
# best score 20
49 0072800138054838043820048080107c 00001e02406a00002b8447ba41580000 4 20
# 0.1916 seconds
# 220788 nodes in table
# best score 21
51 0072800138054838043820048080103e 00001e02406a00002b8447fa40580000 4 21
# 0.1110 seconds
# 224187 nodes in table
# best score 20
53 0073000138054838043820048080103e 00001e02406a00002b8457fa40180000 5 20
# 0.1755 seconds
# 224234 nodes in table
# best score 10000
55 0073000138054838043800048080107e 00001e02406a01002b8457f840180000 5 10000
# 0.0046 seconds
# 224236 nodes in table
# best score 10000
57 0072004138054838043800048080107e 00001e02406a01003b8453f840180000 10 10000
# 0.0005 seconds

