Randseed 233c70d0
# 5603 nodes in table
# best score 1
0 00aa8002aa000aa8002aa000aa8002aa 00002aa800aaa002aa800aaa002aa800 2 1
# 0.6475 seconds
# 10007 nodes in table
# best score 1
2 00aa8002aa000aa8002aa000aa8002ac 00002aa800aaa002aa800aaa002ac800 2 1
# 0.3254 seconds
# 18035 nodes in table
# best score 1
4 00aa8002aa000aa8002aa000aa8001ac 00002aa800aaa002aa800aaa002cc800 2 1
# 0.6432 seconds
# 32890 nodes in table
# best score 0
6 00a98002aa000aa8002aa000aa8001ac 00002aa800aaa002ca800aaa002cc800 3 0
# 0.9129 seconds
# 43170 nodes in table
# best score 0
8 00a98002aa000aa8002aa000ab0001ac 00002aa800b2a002ca800aaa002cc800 3 0
# 0.4916 seconds
# 54628 nodes in table
# best score 0
10 00698002aa000aa8002aa000ab0001ac 00002aa800b2a002ca8006aa002cc800 3 0
# 0.5641 seconds
# 64363 nodes in table
# best score 0
12 00698002aa000aa8002aa000ae0001ac 00002aa800b2a002ca8006aa001cc800 3 0
# 0.4677 seconds
# 73406 nodes in table
# best score 0
14 00698002aa000aa8002aa0006e0001ac 00002ab000b2a002ca8006aa001cc800 3 0
# 0.5114 seconds
# 82290 nodes in table
# best score 1
16 00698002aa000aa8002aa0006e0001b8 00002ae000b2a002ca8006aa001cc800 3 1
# 0.4353 seconds
# 105844 nodes in table
# best score 0
18 00688012aa000aa8002aa0006e0001b8 00002ae000b2a4028a8006aa001cc800 3 0
# 0.8595 seconds
# 117114 nodes in table
# best score 1
20 00288412aa000aa8002aa0006e0001b8 00002ae000b2c4028a8006aa001cc800 3 1
# 0.3882 seconds
# 130683 nodes in table
# best score 1
22 00288412aa000aa80028a0406e0001b8 00002bc000b2c4028a8006aa001cc800 3 1
# 0.6972 seconds
# 138577 nodes in table
# best score 1
24 00280412ae000aa80028a0406e0001b8 00002bc000a2c4038a8006aa001cc800 3 1
# 0.2619 seconds
# 149900 nodes in table
# best score 1
26 00280402be000aa80028a0406e0001b8 00002bc000a2c4038a80072a001cc800 3 1
# 0.3429 seconds
# 158820 nodes in table
# best score 1
28 00280402bc010aa80028a0406e0001b8 00002bc000a2c4018a90072a001cc800 3 1
# 0.2862 seconds
# 163810 nodes in table
# best score 1
30 00280402bc010a680028a0406e0001b8 00002bc00062c4018a90072a001cc800 3 1
# 0.2112 seconds
# 181983 nodes in table
# best score 2
32 00280402bc010a700028a0406e0001b8 00002bc10062c4018a90062a001cc800 4 2
# 1.5340 seconds
# 199510 nodes in table
# best score 2
34 00280402bc010a700028a0406e0001f0 00002bc10062c4018990062a001cc800 4 2
# 1.2436 seconds
# 209744 nodes in table
# best score 2
36 00280402bc010a700028a0106e0001f0 00002b814062c4018990062a001cc800 4 2
# 0.6586 seconds
# 222631 nodes in table
# best score 1
38 00280402bc0112700028a0106e0001f0 00003b814062c4008990062a001cc800 4 1
# 1.2894 seconds
# 233998 nodes in table
# best score 2
40 00280402bc0112700048a0106e0001f0 00003b814062c4008990062a005cc000 4 2
# 0.8428 seconds
# 253659 nodes in table
# best score 2
42 002804029c0112700448a0106e0001f0 00003b01406ac4008990062a005cc000 4 2
# 1.7963 seconds
# 265259 nodes in table
# best score 1
44 002804029c0112700448a1102e0001f0 00003b01403ac4008990062a005cc000 4 1
# 0.8296 seconds
# 269873 nodes in table
# best score 1
46 002804029c0112700448a1102e0101e0 00003b01403ac4008990062a8058c000 4 1
# 0.3930 seconds
# 274814 nodes in table
# best score 1
48 002804029c0112600448a1102e0501e0 00001b01403ec4008990062a8058c000 5 1
# 0.3090 seconds
# 285167 nodes in table
# best score 3
50 002804029c0112600448e1102e0500e0 00001b01403e44088990062a8058c000 6 3
# 0.6690 seconds
# 294793 nodes in table
# best score 3
52 002804049c0112600448e1102e0500e0 00001b01403e44088990062a80586000 6 3
# 0.5565 seconds
# 300113 nodes in table
# best score 4
54 003004049c0112600448e1102e0500e0 00001b01403e44088191062a80586000 6 4
# 0.4171 seconds
# 333102 nodes in table
# best score -1
56 003004049c0112620408e1102e0500e0 00001b01403e44888191062a80506000 7 -1
# 2.1039 seconds
# 363387 nodes in table
# best score -3
58 003004049c8112600408e1102e0500e0 00001b01403e44888991060a80506000 7 -3
# 1.8485 seconds
# 367515 nodes in table
# best score 3
60 003004049c8112604408c1102e0500e0 00001a01403e44889991060a80506000 6 3
# 0.2551 seconds
# 369923 nodes in table
# best score 1
62 003024049c8102604408c1102e0500e0 00001a01403e44889991060680506000 5 1
# 0.1616 seconds
# 377838 nodes in table
# best score 4
64 013024049c0102604408c1102e0500e0 00001a01403e44889991060680503000 6 4
# 0.3296 seconds
# 404021 nodes in table
# best score -2
66 017024041c0102604408c1102e0500e0 00000b01403e44889991060680503000 7 -2
# 1.3769 seconds
# 424742 nodes in table
# best score -10000
68 01e024041c0102604408c1102e0500e0 00000b01403e44889991160280503000 8 -10000
# 1.2970 seconds
# 432928 nodes in table
# best score -2
70 01e02484180102604408c1102e0500e0 00080301403e44889991160280503000 8 -2
# 0.4188 seconds
# 442290 nodes in table
# best score -2
72 01e02084188102604408c1102e0500e0 000c0300403e44889991160280503000 8 -2
# 0.3870 seconds
# 446678 nodes in table
# best score -3
74 01e02084188102204408c1102e0501e0 000e0300403e44889991160280403000 7 -3
# 0.2451 seconds
# 447623 nodes in table
# best score -10000
76 01e02084188102204408c1102e0d00e0 000e0300403e44889991160280401800 10 -10000
# 0.0573 seconds
# 447693 nodes in table
# best score -10000
78 01e0208418810220440881102e1d00e0 000e0300403ec4889991160280400800 11 -10000
# 0.0043 seconds
# 447737 nodes in table
# best score -10000
80 01c0208418811220440881102e1d00e0 000e0300443ec4889991160280400000 11 -10000
# 0.0014 seconds
# 447753 nodes in table
# best score -10000
82 0180208418811222440881102e1d00e0 000e0320443ec4889991160280000000 11 -10000
# 0.0006 seconds
# 447756 nodes in table
# best score -10000
84 0100208418811222444881102e1d00e0 000e0360443ec4889991160080000000 11 -10000
# 0.0002 seconds

