Randseed 2348505c
# 5184 nodes in table
# best score 0
1 00aa8002aa000aa8002aa000aa8012a8 00002aa800aaa002aa800aaa002aa800 2 0
# 0.4602 seconds
# 13530 nodes in table
# best score 0
3 00aa0012aa000aa8002aa000aa8012a8 00002aa800aaa002aa001aaa002aa800 2 0
# 0.6074 seconds
# 50514 nodes in table
# best score -2
5 00aa0012aa000aa8002aa000aa9010a8 00002aa800aaa000aa401aaa002aa800 3 -2
# 2.2539 seconds
# 70742 nodes in table
# best score -2
7 002a1012aa000aa8002aa000aa9010a8 00002aa800aaa000aa401aaa002a6800 3 -2
# 1.0352 seconds
# 82814 nodes in table
# best score -2
9 002a1012aa000aa8002aa400aa8010a8 00002aa800aaa000aa401a9a002a6800 3 -2
# 0.6153 seconds
# 104061 nodes in table
# best score -2
11 002a1002aa004aa8002aa400aa8010a8 00002aa800aaa000aa401a8e002a6800 3 -2
# 1.0141 seconds
# 123873 nodes in table
# best score -2
13 002a1002aa004aa8002aa400ab8000a8 000022a900aaa000aa401a8e002a6800 3 -2
# 1.1063 seconds
# 137661 nodes in table
# best score -3
15 002a0002aa404aa8002aa400ab8000a8 000022a900aaa000aa401a8e002a3800 3 -3
# 0.6806 seconds
# 155831 nodes in table
# best score -4
17 002a0002aa404aa8002ac400ab8000a8 000022a900aaa000aa401a8e006a1800 3 -4
# 0.7953 seconds
# 162833 nodes in table
# best score -4
19 002a0002ae404aa0002ac400ab8000a8 000022a900aaa000aa403a8e006a0800 3 -4
# 0.3786 seconds
# 175615 nodes in table
# best score -5
21 002a0002ae404aa0042a8400ab8000a8 000022a900aaa000ab403a8e006a0000 3 -5
# 0.4777 seconds
# 187734 nodes in table
# best score -6
23 002a0002ae404aa0042a8400ab840028 000022a800aaa400ab403a8e006a0000 3 -6
# 0.4828 seconds
# 199921 nodes in table
# best score -6
25 002a0002ae404aa0042a8400ab850008 000022a800aaa400ab403a8e10680000 3 -6
# 0.3788 seconds
# 208034 nodes in table
# best score -6
27 002a0002ae404aa0042a8400ab854000 000022a800aaa400ab403a8e50600000 3 -6
# 0.2670 seconds
# 227324 nodes in table
# best score -6
29 002a0002ae410aa0042a8400ab854000 000022a800aaa410ab402a8e50600000 3 -6
# 0.6133 seconds
# 325047 nodes in table
# best score -10
31 002a0002ae410aa0042a8410ab054000 0000226800aaa410ab402a8e50600000 4 -10
# 4.6170 seconds
# 378788 nodes in table
# best score -9
33 002a0002ae410aa0042b8410ab050000 0000226800aaa410ab402b8e10600000 4 -9
# 2.8622 seconds
# 412995 nodes in table
# best score -9
35 002a0002be410aa0042b8410aa050000 0000226800aae410ab402b8e10200000 4 -9
# 1.8446 seconds
# 434765 nodes in table
# best score -9
37 002a0002be410ae004298410aa050000 0000226800aae410ab402b8f10000000 4 -9
# 0.9912 seconds
# 452329 nodes in table
# best score -7
39 002a0002fe410ae004298410a8050000 0000226800aae410ab502b8f00000000 4 -7
# 0.6104 seconds
# 477320 nodes in table
# best score -8
41 00260002fe410ae004298410a8050000 0000226800aae412ab502b8e00000000 4 -8
# 1.1932 seconds
# 499880 nodes in table
# best score -8
43 002600827e410ae004298410a8050000 00002268008ae412eb502b8e00000000 4 -8
# 0.8278 seconds
# 518208 nodes in table
# best score -8
45 002600807e410ee004298410a8050000 00002268008ae013eb502b8e00000000 4 -8
# 0.6701 seconds
# 521978 nodes in table
# best score -11
47 002600807e410ee004298420a8050000 00002268008ae113eb50238e00000000 4 -11
# 0.3242 seconds
# 527893 nodes in table
# best score -11
49 002600807e410ee004298420ac040000 00002468008ae113eb50238e00000000 4 -11
# 0.2316 seconds
# 544578 nodes in table
# best score -13
51 002600807e410e6004298420bc040000 00002468008ee113eb50230e00000000 5 -13
# 0.5124 seconds
# 552168 nodes in table
# best score -12
53 002600803e410e6004298420fc040000 0000046c008ee113eb50230e00000000 5 -12
# 0.3755 seconds
# 555953 nodes in table
# best score -10
55 002600803e410e60042984a0fc000000 00000468008ef113eb50230e00000000 5 -10
# 0.1880 seconds
# 557309 nodes in table
# best score -9
57 002600803e410e60042584a0fc000000 00000068808ef113eb50230e00000000 4 -9
# 0.1445 seconds
# 567950 nodes in table
# best score -9
59 002e00803e410e60042184a0fc000000 00000068801ef113eb50230e00000000 6 -9
# 0.3871 seconds
# 576499 nodes in table
# best score -9
61 003e00803c410e60042184a0fc000000 00000068801ee113fb50230e00000000 6 -9
# 0.2708 seconds
# 578283 nodes in table
# best score -10
63 007e008038410e60042184a0fc000000 00000068001ee113fb502b0e00000000 5 -10
# 0.0894 seconds
# 578735 nodes in table
# best score -10000
65 00fe008038410e20042184a0fc000000 00000068001ee113fb502a0f00000000 5 -10000
# 0.0476 seconds
# 578834 nodes in table
# best score -10000
67 00fe108018410e20042184a0fc000000 00000068001ee113f3502a0f00200000 5 -10000
# 0.0049 seconds
# 578846 nodes in table
# best score -10000
69 00fc108218410e20042184a0fc000000 00000028041ee113f3502a0f00200000 5 -10000
# 0.0005 seconds

