Randseed 2349386c
# 5871 nodes in table
# best score 1
0 00aa8002aa000aa8002aa000aa8002aa 00002aa800aaa002aa800aaa002aa800 2 1
# 0.4795 seconds
# 10439 nodes in table
# best score 1
2 00aa8002aa000aa8002aa000aa8002ca 00002ab000aaa002aa800aaa002aa800 2 1
# 0.4069 seconds
# 28064 nodes in table
# best score -1
4 00b28002aa000aa8002aa000aa8002ca 00001ab000aaa002aa800aaa002aa800 3 -1
# 0.9364 seconds
# 43326 nodes in table
# best score -1
6 00b30002aa000aa8002aa000aa8002ca 00001ab000aaa002aa800aaa001aa800 3 -1
# 1.3462 seconds
# 55642 nodes in table
# best score 0
8 00b20042aa000aa8002aa000aa8002ca 00001ab000aaa002aa800aaa001ab000 3 0
# 0.7790 seconds
# 65741 nodes in table
# best score 0
10 00b00042ae000aa8002aa000aa8002ca 00000eb000aaa002aa800aaa001ab000 3 0
# 0.5591 seconds
# 78911 nodes in table
# best score 0
12 00b00042ae000aa8002aa000aa8001ca 00000eb000aaa002aa800aaa400ab000 3 0
# 0.8639 seconds
# 104439 nodes in table
# best score 0
14 00b00042ae000aa8002aa4002a8001ca 00000eb000aaa002aa800aaa400ae000 3 0
# 1.1592 seconds
# 127328 nodes in table
# best score 0
16 00b00042ae000aa8002aa4002a8400ca 00000eb000aaa002aa900aaa4002e000 3 0
# 0.9688 seconds
# 145603 nodes in table
# best score 0
18 00b00042ae000aa9002aa0002a8400ca 00000eb000aaa402aa900aaa0002e000 3 0
# 0.9071 seconds
# 161928 nodes in table
# best score 0
20 00b00042ae400aa9000aa0002a8400ca 00000eb000aaa402aa900aac0002e000 3 0
# 0.5616 seconds
# 180101 nodes in table
# best score 0
22 00b00043ae400aa8000aa0002a8400ca 000006b040aaa402aa900aac0002e000 3 0
# 0.5968 seconds
# 198329 nodes in table
# best score 0
24 00b00043ae5002a8000aa0002a8400ca 000002b040aaa502aa900aac0002e000 3 0
# 0.5804 seconds
# 214116 nodes in table
# best score -1
26 00b00043ae1002a8400aa0002a8400ca 000002b0408aa502aa900bac0002e000 3 -1
# 0.6182 seconds
# 221793 nodes in table
# best score -2
28 00b00043bc1002a8400aa0002a8400ca 000002b0408aa102aa940bac0002e000 3 -2
# 0.2359 seconds
# 243311 nodes in table
# best score -2
30 00b00043bc1002a8400a20102a8400ca 000002b0408aa102ab140bac0002e000 4 -2
# 0.9437 seconds
# 268156 nodes in table
# best score -3
32 00b00043bc1002a8400a20102b0400ca 000002b0408aa1022b140bac1002e000 4 -3
# 0.9381 seconds
# 302200 nodes in table
# best score -4
34 00700043bc1002a8400a20102b0400ca 000002b0408ac1022b140bac1002e000 4 -4
# 1.0883 seconds
# 317271 nodes in table
# best score -4
36 00300443bc1002a8400a20102b0400ca 000002b04089c1022b140bac1002e000 4 -4
# 0.4151 seconds
# 334561 nodes in table
# best score -5
38 00300443bc1002a8400a20100b0400ea 000002b04088c1122b140bac1002e000 4 -5
# 0.6936 seconds
# 349717 nodes in table
# best score -4
40 00300443bc1002a8400a20100b0100ea 000002b04088c1122b1407ac1002e000 4 -4
# 0.5172 seconds
# 359646 nodes in table
# best score -5
42 00300443bc1002a8400a20100b0100ec 000003b04088c1122b1407ac1000e000 4 -5
# 0.2797 seconds
# 389694 nodes in table
# best score -11
44 00300443bc1002a8400820500b0100ec 000003b04088c1122b1407ac1400c000 5 -11
# 1.1526 seconds
# 407645 nodes in table
# best score -11
46 00300443b81102a8400820500b0100ec 000003b04088c1122b1447a81400c000 5 -11
# 0.4965 seconds
# 414131 nodes in table
# best score -10
48 00380443b81102a8400020500b0100ec 000003b0448881122b1447a81400c000 5 -10
# 0.1618 seconds
# 425332 nodes in table
# best score -9
50 003c0443b81102a8000020500b0100ec 000003b044888112271447a81400c000 5 -9
# 0.2576 seconds
# 439504 nodes in table
# best score -9
52 003c0443b81102a4000020500b0100ec 000003b04488811227044fa81400c000 5 -9
# 0.4201 seconds
# 443720 nodes in table
# best score -6
54 003c0443b8150284000020500b0100ec 000003b0448881122304cfa81400c000 5 -6
# 0.1340 seconds
# 445536 nodes in table
# best score -7
56 003c0443b8150284000020500b0120e4 000003b0440891122304cfa81400c000 5 -7
# 0.0443 seconds
# 446838 nodes in table
# best score -7
58 003c0443b8150284000220500b012064 000003b0440891122305cfa01400c000 5 -7
# 0.0331 seconds
# 447117 nodes in table
# best score -7
60 003c0443b8150284100220500b012024 000003b0440881122345cfa01400c000 5 -7
# 0.0047 seconds
# 450194 nodes in table
# best score -6
62 003e0443b8150284100220500b012004 000003b0440881102345cfa01402c000 6 -6
# 0.0663 seconds
# 450373 nodes in table
# best score -10000
64 003e0443b8150284100220500b812000 000003b0440881102305cfa01402c040 7 -10000
# 0.0039 seconds

