Randseed 23561694
# 5536 nodes in table
# best score 1
0 00aa8002aa000aa8002aa000aa8002aa 00002aa800aaa002aa800aaa002aa800 2 1
# 0.4659 seconds
# 11495 nodes in table
# best score 1
2 00ab0002aa000aa8002aa000aa8002aa 000029a800aaa002aa800aaa002aa800 2 1
# 0.5945 seconds
# 15709 nodes in table
# best score 1
4 006b0002aa000aa8002aa000aa8002aa 000028e800aaa002aa800aaa002aa800 2 1
# 0.4044 seconds
# 30690 nodes in table
# best score 0
6 006b00032a000aa8002aa000aa8002aa 000028e800aca002aa800aaa002aa800 3 0
# 0.8828 seconds
# 43412 nodes in table
# best score 1
8 006b00032c000aa8002aa000aa8002aa 000028e800aca006aa000aaa002aa800 3 1
# 0.6219 seconds
# 51249 nodes in table
# best score 1
10 006b00022c400aa8002aa000aa8002aa 000028e800aca006aa000aab000aa800 3 1
# 0.4351 seconds
# 69722 nodes in table
# best score 1
12 006b00022c400ab0002aa000aa8002aa 000028e800aca006a2010aab000aa800 3 1
# 0.7277 seconds
# 89218 nodes in table
# best score 1
14 006b00022c400ab0002aa000aa80026a 000028f000aca006a2010aab000aa800 3 1
# 0.7522 seconds
# 100666 nodes in table
# best score 2
16 006b00022c400ab0002ac000aa80026a 000028f000aca006a2000abb000aa800 3 2
# 0.6000 seconds
# 108551 nodes in table
# best score 2
18 006b00022c400ab00028c040aa80026a 000028f000aca006a2000abb1008a800 3 2
# 0.2824 seconds
# 113579 nodes in table
# best score 2
20 006b00022c400ab00028c040aa00126a 000028f1008ca006a2000abb1008a800 3 2
# 0.1882 seconds
# 117274 nodes in table
# best score 3
22 006b00022c400ab00028c040aa01122a 000028f1008ca00722000abb1008a800 3 3
# 0.1305 seconds
# 141364 nodes in table
# best score 7
24 006b00022c400ab00028c040ae01120a 000028f1008ca00722000cbb1008a800 4 7
# 1.0549 seconds
# 152478 nodes in table
# best score 6
26 006b00022c400ab00028c000ae01520a 000028e1108ca00722000cbb1008a800 4 6
# 0.5912 seconds
# 163136 nodes in table
# best score 7
28 006b00022c400ab00028c000ae11500a 000008e5108ca00722000cbb1008a800 4 7
# 0.4603 seconds
# 172734 nodes in table
# best score 7
30 006b00022c400ab00018c000ae11500a 000008e5108ca00722400cba1008a800 4 7
# 0.6354 seconds
# 179442 nodes in table
# best score 7
32 006b00022c400ab00018c000ce11500a 000008e5108ca00722400cba1048a000 4 7
# 0.4879 seconds
# 188236 nodes in table
# best score 6
34 006b00022c400ab00018c200ce01500a 000008e5108ce00322400cba1048a000 4 6
# 0.5216 seconds
# 196715 nodes in table
# best score 6
36 006b00022c400ab00018c200ce01400e 000008e5108ce00322400cbe1008a000 4 6
# 0.4060 seconds
# 201683 nodes in table
# best score 6
38 006b00022c400ab00018c240ce01400c 000008e5108dc00322400cbe1008a000 4 6
# 0.2392 seconds
# 205594 nodes in table
# best score 6
40 006b00022c400ab004188240ce01400c 000008e5108dc00322400c9e1108a000 4 6
# 0.2424 seconds
# 214573 nodes in table
# best score 6
42 006b00022c400ab0041a8240ce014008 000008e5108dc00322404c9c1108a000 4 6
# 0.5360 seconds
# 223877 nodes in table
# best score 7
44 006b00022c400af0041a0240ce014008 000008e5108f800322404c9c1108a000 4 7
# 0.3584 seconds
# 250338 nodes in table
# best score 6
46 006b00022c400af0101a0240ce014008 000008e5108f800302444c9c1108a000 5 6
# 1.1301 seconds
# 279316 nodes in table
# best score 8
48 006b000226400af0101a0240ce014008 000008e5108f900202444c9c1108a000 5 8
# 1.0456 seconds
# 305130 nodes in table
# best score 7
50 006b000222404af0101a0240ce014008 000008e5108f110202444c9c1108a000 5 7
# 0.7037 seconds
# 322114 nodes in table
# best score 7
52 006b000222404af0501a02404e014008 000008c5108f110222444c9c1108a000 5 7
# 0.5340 seconds
# 334181 nodes in table
# best score 9
54 006b000222404ef0501a02400e014008 00000885108f110222444c9c110aa000 5 9
# 0.3983 seconds
# 348516 nodes in table
# best score 9
56 006b100222404ef0501a00400e014008 00000881108f110222444e9c110aa000 5 9
# 0.4546 seconds
# 359579 nodes in table
# best score 9
58 006b110202404ef0501a00400e014008 00000881108e110222444f9c110aa000 5 9
# 0.3799 seconds
# 382154 nodes in table
# best score 11
60 007b100202404ef0501a00400e014008 00000801108e110222444f9c110ea000 6 11
# 0.5893 seconds
# 423225 nodes in table
# best score 8
62 00fb100202404ef0500a00400e014008 00000001908e110222444f9c110ea000 7 8
# 1.3042 seconds
# 423681 nodes in table
# best score 10000
64 00ff100202404ef0500200400e014008 00000000d08e110222444f9c110ea000 7 10000
# 0.0102 seconds
# 423698 nodes in table
# best score 10000
66 00ff10020240cef0500200400e014000 00000000d08e110220444f9c110ea004 7 10000
# 0.0022 seconds
# 423700 nodes in table
# best score 10000
68 00ff10120240cef0500200400e004000 00000000d08e110220444f8c110ea00c 10 10000
# 0.0003 seconds

