Randseed 235778a9
# 5544 nodes in table
# best score 0
1 00aa8002aa000aa8002aa000aa8002ac 00002aa800aaa002aa800aaa002aa800 2 0
# 0.5441 seconds
# 10584 nodes in table
# best score 0
3 00aa8002aa000aa8002aa000aa8042a8 00002aa800aaa002aa001aaa002aa800 2 0
# 0.3415 seconds
# 15181 nodes in table
# best score 0
5 00aa8002aa000aa8002aa000ab0042a8 00002aa800aaa002aa000aaa006aa800 2 0
# 0.4376 seconds
# 36232 nodes in table
# best score -1
7 00aa8002aa000aa8042a2000ab0042a8 00000aac00aaa002aa000aaa006aa800 3 -1
# 1.2707 seconds
# 51610 nodes in table
# best score -1
9 00aa8002aa000aa8042a2000ab004298 00000aac00aaa042a2000aaa006aa800 3 -1
# 0.9382 seconds
# 58492 nodes in table
# best score -2
11 00aa8002aa004aa0042a2000ab004298 00000aac00aaa042a20002ab006aa800 3 -2
# 0.4253 seconds
# 64622 nodes in table
# best score -2
13 00aa8002aa004aa0042a0004ab004298 00000aac00aaa042a00042ab006aa800 3 -2
# 0.2699 seconds
# 72308 nodes in table
# best score -2
15 00aa8002aa004aa0042a0044a3004298 00000aac00aaa042a00042ab046a2800 3 -2
# 0.4491 seconds
# 77884 nodes in table
# best score -2
17 00aa8002aa0048a0442a0044a3004298 00000aac00aaa042a00042aa047a2800 3 -2
# 0.2139 seconds
# 82930 nodes in table
# best score 0
19 00aa8002aa0048a0442a0044a3004318 00000aa800eaa042a00042aa047a2800 3 0
# 0.3506 seconds
# 88755 nodes in table
# best score 1
21 00aa8002aa0148a0402a0044a3004318 00000aa800eaa042a00042aa045e2800 3 1
# 0.3073 seconds
# 93060 nodes in table
# best score 1
23 00a88042aa0148a0402a0044a3004318 00000aa800eaa041a00042aa045e2800 3 1
# 0.1588 seconds
# 98560 nodes in table
# best score 2
25 00a08142aa0148a0402a0044a3004318 00000ab000eaa041a00042aa045e2800 3 2
# 0.2403 seconds
# 118712 nodes in table
# best score 5
27 00a08142aa0148a0402a0044a3004618 00000ab010eaa001a00042aa045e2800 4 5
# 0.7680 seconds
# 147964 nodes in table
# best score 5
29 00a08142aa0148a0402e0004a3004618 00000ab0106aa401a00042aa045e2800 4 5
# 1.5195 seconds
# 166609 nodes in table
# best score 6
31 00209142aa0148a0402e0004a3004618 00000ab0106aa401a00042aa444e2800 4 6
# 1.1691 seconds
# 186766 nodes in table
# best score 7
33 00009542aa0148a0402e0004a3004618 00000ab0106aa401a01042aa444c2800 4 7
# 1.2512 seconds
# 197199 nodes in table
# best score 7
35 00009542aa0148a0002e0104a3004618 00000ab1106aa401a01042aa44482800 4 7
# 0.5560 seconds
# 207905 nodes in table
# best score 7
37 00011542aa0148a0002e0104a3004618 00000ab1106aa501801042aa44482800 4 7
# 0.5167 seconds
# 216275 nodes in table
# best score 7
39 00011542ae0108a0002e0104a3004618 00000ab1107aa501801042aa44402800 4 7
# 0.4819 seconds
# 232174 nodes in table
# best score 5
41 00011442ae0508a0002e0104a3004618 00000ab1507aa401801042aa44402800 5 5
# 0.7623 seconds
# 236834 nodes in table
# best score 7
43 000114428e0508a0102e0104a3004618 00000ab1507aa401801042ba40402800 4 7
# 0.2286 seconds
# 251319 nodes in table
# best score 5
45 000114428e0508a0102e0104a3104218 00000bb15078a401801042ba40402800 5 5
# 0.5987 seconds
# 261491 nodes in table
# best score 5
47 000114428c0508e0102e0104a3104218 00000bb14078a401801042ba40482800 5 5
# 0.4249 seconds
# 274059 nodes in table
# best score 5
49 00031442880508e0102e0104a3104218 00000b314078a401801042ba404c2800 5 5
# 0.4996 seconds
# 284595 nodes in table
# best score 4
51 00031442880108e0102e0104b3104218 00000b314078a4018010427a404c2800 5 4
# 0.4402 seconds
# 289549 nodes in table
# best score 3
53 00021442880108e0102e0104bb104218 00000b314078c4018010427a404c2800 5 3
# 0.2759 seconds
# 293822 nodes in table
# best score 2
55 00021442880108e0102e0104bb904208 00000a314078c4018010427a404e2800 5 2
# 0.3170 seconds
# 303911 nodes in table
# best score 4
57 00821440880108e0102e0104bb904208 00000a214478c4018010427a404e2800 6 4
# 0.7703 seconds
# 312539 nodes in table
# best score 3
59 00821440880108e0102e0504bb904008 00000a21447884118010427a404e2800 7 3
# 0.3659 seconds
# 322667 nodes in table
# best score 3
61 00821440880108e0106e0504bb804008 00000a21447884118210423a404e2800 7 3
# 0.3675 seconds
# 325129 nodes in table
# best score 12
63 00821440880110e0106e0504bb804008 00000221447884118210423a404f2800 6 12
# 0.1693 seconds
# 333717 nodes in table
# best score 11
65 00021c40880110e0106e0504bb804008 00000201447884118210423a444f2800 7 11
# 0.2639 seconds
# 336361 nodes in table
# best score 10000
67 00021c40880110e2106e05043b804008 00000201443884118210423a444fa800 8 10000
# 0.1100 seconds
# 336380 nodes in table
# best score 10000
69 00021c40880110e2106e05003b804018 00000201403884118210623a444fa800 5 10000
# 0.0012 seconds
# 336386 nodes in table
# best score 10000
71 00021c40888110e2106e01003b804018 00000201403884118210423e444fa800 8 10000
# 0.0003 seconds

