Randseed 23608a4e
# 6050 nodes in table
# best score 1
0 00aa8002aa000aa8002aa000aa8002aa 00002aa800aaa002aa800aaa002aa800 2 1
# 0.5089 seconds
# 11026 nodes in table
# best score 1
2 00a68002aa000aa8002aa000aa8002aa 00002aa800aaa002aa800aaa006aa000 2 1
# 0.3817 seconds
# 19472 nodes in table
# best score 1
4 00a68002aa000aa8002aa000aa9000aa 00002aa800aaa002aa801aaa002aa000 2 1
# 0.7562 seconds
# 36784 nodes in table
# best score -1
6 00a68002aa000aa8002aa000aa9000ac 00002aa800aaa002aa801aaa012a8000 3 -1
# 1.1080 seconds
# 52439 nodes in table
# best score 0
8 00a60012aa000aa8002aa000aa9000ac 00002aa800aaa002aa801aae002a8000 3 0
# 0.8292 seconds
# 74850 nodes in table
# best score 1
10 00a20052aa000aa8002aa000aa9000ac 00002aa800aaa002aa801aae042a0000 3 1
# 1.2040 seconds
# 98021 nodes in table
# best score 2
12 00a00052ae000aa8002aa000aa9000ac 00012a8800aaa002aa801aae042a0000 3 2
# 1.1941 seconds
# 114640 nodes in table
# best score 3
14 00a00012be000aa8002aa000aa9000ac 0000aa8800aaa002aa801aae042a0000 3 3
# 0.7512 seconds
# 126217 nodes in table
# best score 3
16 00a00002fe000aa8002aa000aa9000ac 0000aa8800aaa002aa801abe002a0000 3 3
# 0.5594 seconds
# 135593 nodes in table
# best score 3
18 00a00002fe000aa8002aa000ab1000ac 0000aa8800aaa002aa801abe10280000 3 3
# 0.4449 seconds
# 146809 nodes in table
# best score 4
20 00800402fe000aa8002aa000ab1000ac 0000aa8800aaa002aa801afe00280000 3 4
# 0.5059 seconds
# 155672 nodes in table
# best score 5
22 00001402fe000aa8002aa000ab1000ac 0000aa8800aaa002aa801afe40200000 3 5
# 0.4231 seconds
# 173415 nodes in table
# best score 4
24 00001403fc000aa8002aa000ab1000ac 0040a28800aaa002aa801afe40200000 3 4
# 0.8035 seconds
# 190539 nodes in table
# best score 4
26 00001403fc000aa8002aa400ab0000ac 0020a28800aaa002aa801afe40200000 3 4
# 0.8232 seconds
# 203140 nodes in table
# best score 5
28 00001403fc000aa80022a500ab0000ac 0020a28800aaa002aa901afe00200000 3 5
# 0.5231 seconds
# 211893 nodes in table
# best score 5
30 00001403fc000aa90022a5002b0000ac 0020a28800aaa002aa901aff00000000 3 5
# 0.5127 seconds
# 217643 nodes in table
# best score 6
32 00001403fc000aa90022a5002b04002c 0020a28800aaa002aad01afe00000000 3 6
# 0.2837 seconds
# 224565 nodes in table
# best score 6
34 00001003fc400aa90022a5002b04002c 0020a28800aaa002aad05a7e00000000 3 6
# 0.3130 seconds
# 234101 nodes in table
# best score 7
36 00000003fc440aa90022a5002b04002c 0020a28800aaa002aad15a3e00000000 3 7
# 0.3980 seconds
# 239193 nodes in table
# best score 11
38 00000003f8440aa91022a5002b04002c 0020a28800aaa002ead1583e00000000 3 11
# 0.3479 seconds
# 242855 nodes in table
# best score 12
40 00000003f8440aa91022a7002b00002c 0020a28800aaa102eac1583e00000000 3 12
# 0.1995 seconds
# 261625 nodes in table
# best score 15
42 00000003f8440aa91022a7002b01000c 0020a28800aab102eac1503e00000000 4 15
# 1.1316 seconds
# 271799 nodes in table
# best score 13
44 00000003f8440aa91022a7002b012004 0020a28800aab112ea41503e00000000 4 13
# 0.7123 seconds
# 277797 nodes in table
# best score 13
46 00000003f8440aa91022a7002f012000 0020a28800aab152ea41403e00000000 4 13
# 0.4603 seconds
# 293888 nodes in table
# best score 12
48 00000003f8440aa91022a7402f010000 0020a28800aaf152ea41403c00000000 5 12
# 1.0271 seconds
# 300784 nodes in table
# best score 14
50 00000003f8440aa11122a7402f010000 0020a28801aaf152ea41403800000000 5 14
# 0.3692 seconds
# 302404 nodes in table
# best score 16
52 00000003f8440aa11022a7442f010000 0020a30801aaf152ea41403800000000 4 16
# 0.2226 seconds
# 304599 nodes in table
# best score 16
54 00000003f85408a11022a7442f010000 0020a60801aaf152ea41403800000000 5 16
# 0.1870 seconds
# 304609 nodes in table
# best score 10000
56 00000003f85408a11022a7442f800000 0020ac0801aaf152ea41403800000000 8 10000
# 0.0023 seconds
# 304609 nodes in table
# best score 10000
58 00000003f85508a11022a7440f800000 0020ac0c01aaf152ea01403800000000 10 10000
# 0.0003 seconds

