Randseed 2360e13d
# 4958 nodes in table
# best score 0
1 00aa8002aa000aa8002aa000aa8012a8 00002aa800aaa002aa800aaa002aa800 2 0
# 0.4454 seconds
# 9360 nodes in table
# best score 0
3 00aa8002aa000aa8002aa004aa8002a8 00000aac00aaa002aa800aaa002aa800 2 0
# 0.3723 seconds
# 13174 nodes in table
# best score 0
5 00aa8002aa000aa8002aa004aa8042a0 00000aac00aaa002aa001aaa002aa800 2 0
# 0.3399 seconds
# 34256 nodes in table
# best score -2
7 00aa8002aa000aa8002aa004ab8002a0 00000aac00aab000aa001aaa002aa800 3 -2
# 1.2460 seconds
# 51125 nodes in table
# best score -3
9 00aa8002aa000aa8002aa004ab810280 00000aac00aab000aa000aaa006aa800 3 -3
# 0.9926 seconds
# 69147 nodes in table
# best score -2
11 00aa8002aa000aa8002aa004af800280 00000aac01aa9000aa000aaa006aa800 3 -2
# 1.1112 seconds
# 79010 nodes in table
# best score -2
13 00aa8002aa000aa8002aa004af840200 00000abc00aa9000aa000aaa006aa800 3 -2
# 0.4742 seconds
# 99333 nodes in table
# best score -1
15 00aa8002aa000aa8002aa004bf800200 00000ab800ea9000aa000aaa006aa800 3 -1
# 0.9413 seconds
# 112575 nodes in table
# best score 0
17 00aa8002aa000aa8002aa004bf800100 00000ab800ea9000aa000aaa005aa800 3 0
# 0.6809 seconds
# 130202 nodes in table
# best score 1
19 00aa8002aa000aa8002aa004bf800080 00000ab800ea9000aa0008aa405aa800 3 1
# 1.0541 seconds
# 148734 nodes in table
# best score 2
21 00aa8002aa000aa8002aa004bf800040 00000ab800ea9000aa0008aa005ea800 3 2
# 0.9349 seconds
# 173468 nodes in table
# best score 3
23 00aa8002aa000aa8002aa004bf800020 00000ab800ea9000aa0008aa004fa800 3 3
# 0.9807 seconds
# 185972 nodes in table
# best score 4
25 00aa8002aa000aa8002aa004bf800010 00000ab800ea9000aa0008aa0047e800 3 4
# 0.7129 seconds
# 194908 nodes in table
# best score 6
27 00aa8002aa000aa8002aa004bf800008 00000ab800ea9000aa04082a0047e800 3 6
# 0.4814 seconds
# 204100 nodes in table
# best score 8
29 00aa8002aa000aa8002aa004bf800004 00000ab800ea94002a04082a0047e800 3 8
# 0.6898 seconds
# 223790 nodes in table
# best score 8
31 00aa8002aa000aa8002aa004bf800008 00000ab800ea94002a0408280047f800 3 8
# 0.9218 seconds
# 232675 nodes in table
# best score 8
33 00aa8002aa000aa8002aa004bf800010 000002b900ea94002a0408280047f800 3 8
# 0.5975 seconds
# 243205 nodes in table
# best score 10
35 00aa8002aa000aa8002aa004bf800020 000002b800fa94002a0408280047f800 3 10
# 0.4956 seconds
# 252335 nodes in table
# best score 11
37 00aa8002aa000aa8002aa004bf800040 000002b800fa94002a040828000ff800 3 11
# 0.5670 seconds
# 266714 nodes in table
# best score 13
39 00aa8002aa000aa8002aa004bf800080 000002b800fa94002a040828001ff000 3 13
# 0.8772 seconds
# 280179 nodes in table
# best score 15
41 00aa8002aa000aa8002aa004bf800100 000002b004fa94002a040828001ff000 3 15
# 0.6214 seconds
# 316207 nodes in table
# best score 19
43 00aa8002aa000aa8002aa004bf800200 000002e004fa94002a040828001ff000 4 19
# 2.0237 seconds
# 368006 nodes in table
# best score 19
45 00aa8002aa000aa8002aa004bf800100 000002e004fa94002a040029001ff000 4 19
# 2.2331 seconds
# 421684 nodes in table
# best score 19
47 00aa8002aa000aa8002aa004bf800080 000002e004fe90002a040029001ff000 4 19
# 2.1762 seconds
# 477182 nodes in table
# best score 19
49 00aa8002aa000aa8002aa004bf800040 0000026004ff90002a040029001ff000 4 19
# 1.9897 seconds
# 519519 nodes in table
# best score 19
51 00aa8002aa000aa8002aa004bf800020 0000026004ff90003a000029001ff000 4 19
# 2.0896 seconds
# 536104 nodes in table
# best score 19
53 00aa8002aa000aa8002aa004bf800010 0000026004ff90001e000029001ff000 4 19
# 0.5742 seconds

