Randseed 236bdda6
# 5901 nodes in table
# best score 1
0 00aa8002aa000aa8002aa000aa8002aa 00002aa800aaa002aa800aaa002aa800 2 1
# 0.5667 seconds
# 14757 nodes in table
# best score 1
2 00aa8002aa000aa8002aa000aa80029a 00002aa800aaa002aa800aaa002ab000 2 1
# 0.6575 seconds
# 21205 nodes in table
# best score 1
4 00a68002aa000aa8002aa000aa80029a 00002aa800aaa002aa800aaa002ae000 2 1
# 0.4393 seconds
# 49928 nodes in table
# best score -1
6 00a70002aa000aa8002aa000aa80029a 00002aa800aaa002aa800aaa002bc000 3 -1
# 1.7139 seconds
# 68196 nodes in table
# best score -1
8 00a70002aa000aa8002aa000aa80019a 00002aa800aaa002aa800aaa002f8000 3 -1
# 1.2392 seconds
# 95167 nodes in table
# best score -1
10 00a60042aa000aa8002aa000aa80019a 00002aa800aaa002aa800aaa003f0000 3 -1
# 1.3099 seconds
# 141548 nodes in table
# best score -2
12 00a60042aa000aa8002aa000ab00019a 00002aa800aaa002aa800aaa103e0000 3 -2
# 2.2291 seconds
# 159834 nodes in table
# best score -1
14 00a60042aa000aa8002aa4002b00019a 00002aa800aaa002aa800aaa501e0000 3 -1
# 0.8771 seconds
# 180337 nodes in table
# best score -1
16 00a60042aa000aa8002aa4102a00019a 00002aa800aaa002aa800aea500e0000 3 -1
# 0.8652 seconds
# 195124 nodes in table
# best score -1
18 00a60042aa000aa8003aa0102a00019a 00002aa800aaa002aa800aec500e0000 3 -1
# 0.6319 seconds
# 215516 nodes in table
# best score -2
20 00a600429a000aa8003aa0102a00019a 00002aa800aaa002aa804ae8500e0000 3 -2
# 0.8021 seconds
# 241642 nodes in table
# best score 1
22 00a200429a010aa8003aa0102a00019a 00002aa800aaa002ab804ae0500e0000 3 1
# 1.1285 seconds
# 257106 nodes in table
# best score 2
24 00a200428a010aa8043aa0102a00019a 00002aa800aaa002ab804ec0500e0000 3 2
# 0.7504 seconds
# 269534 nodes in table
# best score 2
26 00a200428a010aa8043aa1100a00019a 00002aa800aaa002ab844e80500e0000 3 2
# 0.5015 seconds
# 279938 nodes in table
# best score 3
28 00a200428a010aa8043a81140a00019a 00002aa800aaa002bb844680500e0000 3 3
# 0.4081 seconds
# 296191 nodes in table
# best score 3
30 00a200428a010aa8043a81180a00019a 00002aa800aaa002fb844280500e0000 3 3
# 0.6865 seconds
# 308466 nodes in table
# best score 2
32 00a200428a010aa9043a80180a00019a 00002aa800aaa042fb844080500e0000 3 2
# 0.4942 seconds
# 320350 nodes in table
# best score 3
34 00a200428a410aa9043280180a00019a 00002aa800aaa142fb844080100e0000 3 3
# 0.5117 seconds
# 329982 nodes in table
# best score 3
36 00a210428a410aa9042280180a00019a 00002aa800aaa542fb84408010060000 3 3
# 0.5314 seconds
# 382549 nodes in table
# best score 4
38 00a210428a410aa9042080580a00019a 00002aa810aaa542fb84408010020000 4 4
# 3.1953 seconds
# 399366 nodes in table
# best score 5
40 00a210428a414aa1042080580a00019a 00002aa850aaa542fb84408010000000 4 5
# 1.2802 seconds
# 410753 nodes in table
# best score 7
42 00a210428e410aa1042080580a00019a 00002aa950aaa542fb84408000000000 4 7
# 0.6279 seconds
# 422646 nodes in table
# best score 8
44 00a210428e450a21042080580a00019a 00002aa950aaa542fb94400000000000 4 8
# 0.5725 seconds
# 430249 nodes in table
# best score 9
46 00a210428e450a21042080180e00019a 00002aa950aaa546fb94000000000000 4 9
# 0.4184 seconds
# 434895 nodes in table
# best score 10
48 00a21042ae410a21042080180e00019a 00002aa950aaa546fb90020000000000 4 10
# 0.1938 seconds
# 442837 nodes in table
# best score 9
50 00a21042ae510821042080180e00019a 00002aa950aae546f990020000000000 5 9
# 0.3524 seconds
# 449426 nodes in table
# best score 10
52 00a21442ae410821042080180e00019a 00002aa951aae546f890020000000000 5 10
# 0.2315 seconds
# 458350 nodes in table
# best score 11
54 00a215428e410821042080180e00019a 00002ab951aae546f810020000000000 5 11
# 0.2544 seconds
# 463309 nodes in table
# best score 14
56 00aa14428e410821042080180e00019a 00002ab951aaf544f810020000000000 4 14
# 0.2399 seconds
# 468792 nodes in table
# best score 13
58 00aa14428e410821042080180e00018e 00002ab951aaf548f810020000000000 5 13
# 0.2305 seconds
# 474570 nodes in table
# best score 14
60 00ae14428e410821042080100e00018e 00002ab951aaf550f810020000000000 6 14
# 0.2538 seconds
# 481836 nodes in table
# best score 14
62 00ae14428c410821042080100e00418e 00002abd51aae550f810020000000000 7 14
# 0.2657 seconds
# 483157 nodes in table
# best score 10000
64 00be144288410821042080100e00418e 00002a3d51aae550f810060000000000 8 10000
# 0.0676 seconds
# 484090 nodes in table
# best score 0
66 00fe144288410821040080100e00418e 00002a3d51aae550f830040000000000 5 0
# 0.0226 seconds
# 484093 nodes in table
# best score 10000
68 00fe144288410821040080100e01418c 00002a3d51aae550f870000000000000 7 10000
# 0.0006 seconds
# 484094 nodes in table
# best score 10000
70 00fe144288410820040080100e0141ac 00002a3d41aae552f870000000000000 10 10000
# 0.0002 seconds

