Randseed 236c5584
# 5254 nodes in table
# best score 0
1 00aa8002aa000aa8002aa000aa8002ac 00002aa800aaa002aa800aaa002aa800 2 0
# 0.4640 seconds
# 10421 nodes in table
# best score 0
3 00aa8002aa000aa8002aa000aa8002b8 00002aa800aaa002aa800aaa006aa000 2 0
# 0.4645 seconds
# 14794 nodes in table
# best score 0
5 00aa8002aa000aa8002aa000aa8002f0 00002aa800aaa002aa800aaa005aa000 2 0
# 0.5083 seconds
# 18804 nodes in table
# best score 0
7 00aa8002aa000aa8002aa000aa8003e0 00001aa800aaa002aa800aaa005aa000 2 0
# 0.3618 seconds
# 31507 nodes in table
# best score 0
9 00aa8002aa000aa8002aa000aa8403c0 00001aa800aaa002aa800aaa015a8000 3 0
# 0.7638 seconds
# 50104 nodes in table
# best score 0
11 00aa8002aa000aa8002aa000ba840380 00001aa800aaa002aa800aae011a8000 3 0
# 1.0212 seconds
# 85629 nodes in table
# best score 0
13 00aa8002aa000aa8002aa000be840180 00001aa800aaa002aa800aae410a8000 3 0
# 1.7438 seconds
# 93561 nodes in table
# best score 2
15 00aa8002aa000aa8002aa010be840080 00001aa800aaa002aa804aac410a8000 3 2
# 0.5412 seconds
# 101328 nodes in table
# best score 3
17 00aa8002aa000aa8002aa050be840000 00001aa800aaa002aa8046ac410a8000 3 3
# 0.4969 seconds
# 121645 nodes in table
# best score 3
19 00aa8002aa000aa8002aa150be800000 00001aa800aaa002ab0046ac410a8000 3 3
# 0.8120 seconds
# 130468 nodes in table
# best score 5
21 00aa8002aa000aa8002aa150be001000 00001ab000aaa002ab0046ac410a8000 3 5
# 0.4236 seconds
# 142409 nodes in table
# best score 7
23 00aa8002aa000aa8002aa150be002000 00001ab000aac002ab0046ac410a8000 3 7
# 0.7784 seconds
# 160984 nodes in table
# best score 7
25 00aa8002aa000aa8002aa150be004000 00001ab000aac012ab0046ac400a8000 3 7
# 0.7508 seconds
# 182500 nodes in table
# best score 6
27 00aa8002aa000aa8003aa150be000000 00001ab004aac012ab0046a8400a8000 3 6
# 0.9918 seconds
# 202189 nodes in table
# best score 6
29 00aa8002aa000aa8003aa1513e000000 00001ab0042ad012ab0046a8400a8000 3 6
# 0.9760 seconds
# 211502 nodes in table
# best score 5
31 00aa8002aa000aa8003aa9503e000000 00001ab01428d012ab0046a8400a8000 3 5
# 0.5000 seconds
# 221554 nodes in table
# best score 5
33 00aa8002aa000aa8007aa1503e000000 00001ab01428c013ab0046a8400a8000 3 5
# 0.4155 seconds
# 245638 nodes in table
# best score 3
35 00aa8002aa000aa8007a81543e000000 00001af014288013ab0046a8400a8000 3 3
# 0.9108 seconds
# 279193 nodes in table
# best score 4
37 00aa8002aa000aa8007a81503e800000 00001bf014288013aa0046a8400a8000 4 4
# 2.4124 seconds
# 306848 nodes in table
# best score 6
39 00aa8002aa000aa8007a81503f000000 00001bf014288013aa0042a8400e8000 4 6
# 1.6003 seconds
# 330202 nodes in table
# best score 7
41 00aa8002aa000aa8047a81503e000000 00001ff004288013aa0042a8400e8000 4 7
# 1.1386 seconds
# 353265 nodes in table
# best score 7
43 00aa8002aa000aa8447881503e000000 00001ff004288411aa0042a8400e8000 4 7
# 0.9346 seconds
# 388643 nodes in table
# best score 6
45 00aa8002aa000ae8447881103e000000 00001ff004308411aa0042a8400e8000 5 6
# 1.7172 seconds
# 408357 nodes in table
# best score 7
47 00aa8002aa010ae8443881103e000000 00001ff104308411aa0042a0400e8000 5 7
# 1.2396 seconds
# 427166 nodes in table
# best score 9
49 00aa8002aa050ae8441881103e000000 00001ff104308411aa014280400e8000 5 9
# 0.9017 seconds
# 445852 nodes in table
# best score 12
51 00aa8002ea050ae8440881103e000000 00001ff104308411ba004280400e8000 6 12
# 0.8802 seconds
# 463351 nodes in table
# best score 13
53 00aa8002ea054ae0440881103e000000 00001ff104308411ba044200400e8000 6 13
# 0.7646 seconds
# 464482 nodes in table
# best score 10000
55 00aa8002ea0548e0440881183e000000 00001ff104308410ba144200400e8000 7 10000
# 0.0735 seconds
# 464488 nodes in table
# best score 10000
57 00aa8002ea0548e00408811c3e000000 00001ff104308410ba144200400f0000 7 10000
# 0.0005 seconds

