Randseed 2376a8ac
# 5625 nodes in table
# best score 1
0 00aa8002aa000aa8002aa000aa8002aa 00002aa800aaa002aa800aaa002aa800 2 1
# 0.6167 seconds
# 11099 nodes in table
# best score 1
2 00aa8002aa000aa8002aa000aa80029a 00002aa8009aa002aa800aaa002aa800 2 1
# 0.3647 seconds
# 19263 nodes in table
# best score 1
4 00aa8002aa000aa8002aa000aa80029c 00002aa8009b2002aa800aaa002aa800 2 1
# 0.7420 seconds
# 33300 nodes in table
# best score 1
6 002a9002aa000aa8002aa000aa80029c 00002aa8009b2002aa8006aa002aa800 3 1
# 0.9958 seconds
# 47398 nodes in table
# best score 2
8 000a9402aa000aa8002aa000aa80029c 00002aa0019b2002aa8006aa002aa800 3 2
# 0.8060 seconds
# 58366 nodes in table
# best score 2
10 000a9402aa000aa9000aa000aa80029c 00002aa0019b3000aa8006aa002aa800 3 2
# 0.6185 seconds
# 69921 nodes in table
# best score 3
12 00089442aa000aa9000aa000aa80029c 00002aa0019b30008a8406aa002aa800 3 3
# 0.5838 seconds
# 77366 nodes in table
# best score 4
14 00089442aa000aa9000aa000aa90009c 00002aa0019b3000828506aa002aa800 3 4
# 0.2889 seconds
# 84978 nodes in table
# best score 5
16 00081452aa000aa9000aa000aa90009c 00002aa0019b3000828506ac002aa800 3 5
# 0.3961 seconds
# 91052 nodes in table
# best score 5
18 00081452aa000aa9010a8000aa90009c 00002aa0019b3000828506ac4022a800 3 5
# 0.2950 seconds
# 96876 nodes in table
# best score 6
20 00081452aa000aa901028100aa90009c 00002aa0019b3000828546a84022a800 3 6
# 0.2974 seconds
# 101587 nodes in table
# best score 6
22 00081452aa000aa901028100ab10009c 00002aa0019b3000828546a840226800 3 6
# 0.1597 seconds
# 106565 nodes in table
# best score 6
24 00081452aa000aa901028100ab14001c 00002aa0019b3000828546a850206800 3 6
# 0.1615 seconds
# 111310 nodes in table
# best score 6
26 00081452aa000aa9010281002b1c001c 00002aa0019b3000828546a950006800 3 6
# 0.2118 seconds
# 115905 nodes in table
# best score 6
28 00081452aa000aa901028100271c001c 00002aa0019b3000829542a950006800 3 6
# 0.2396 seconds
# 120745 nodes in table
# best score 7
30 00081452aa400aa801028100271c001c 00002aa0019b3000029d42a950006800 3 7
# 0.2709 seconds
# 123489 nodes in table
# best score 6
32 00081452aa400aa801028100271c8018 00002aa0019b3000029c42b950006800 3 6
# 0.1491 seconds
# 134439 nodes in table
# best score 9
34 00081452aa400ac801028100271c8018 000022a1019b3000029c42b950006800 4 9
# 0.5035 seconds
# 144218 nodes in table
# best score 9
36 00001552aa400ac801028100271c8018 00002281059b3000029c42b950006800 4 9
# 0.4479 seconds
# 150094 nodes in table
# best score 9
38 00001152ea400ac801028100271c8018 00002281059b3000029c42b8d0006800 4 9
# 0.3847 seconds
# 156971 nodes in table
# best score 9
40 000011527a400ac801028100271c8018 0000228185933000029c42b8d0006800 4 9
# 0.5158 seconds
# 165354 nodes in table
# best score 9
42 000011723a400ac801028100271c8018 0004220185933000029c42b8d0006800 4 9
# 0.4036 seconds
# 187493 nodes in table
# best score 11
44 000011723a400ac8010281002f1c8010 0004260185833000029c42b8d0006800 5 11
# 1.0767 seconds
# 197263 nodes in table
# best score 12
46 000011723a400ac8010281402f1c8000 000426018581b000029c42b8d0006800 4 12
# 0.5701 seconds
# 255321 nodes in table
# best score 10
48 000010723a440ac8010281402f1c8000 000426018580f000029c42b8d0006800 5 10
# 2.3258 seconds
# 282495 nodes in table
# best score 11
50 000010723a440ad8000281402f1c8000 000826018580f000029c42b8d0006800 5 11
# 1.1178 seconds
# 298549 nodes in table
# best score 12
52 000010723a440b98000281402f1c8000 000826018580f000829c42b850006800 5 12
# 0.6768 seconds
# 329553 nodes in table
# best score 13
54 0000107238440f98000281402f1c8000 000826018580f001829c42b810006800 6 13
# 1.0998 seconds
# 437361 nodes in table
# best score 13
56 0000106238440f98100281402f1c8000 000806058580f001829c42b810006800 7 13
# 4.2214 seconds
# 439763 nodes in table
# best score 13
58 0000106238440f98100281402f0e8000 000806058180f005829c42b810006800 5 13
# 0.2501 seconds
# 440539 nodes in table
# best score 10000
60 0000106238440f98100281402f0f0000 000806058180f005829c42b810007000 7 10000
# 0.0517 seconds
# 440557 nodes in table
# best score 10000
62 0000106238440f98100381402e0f0000 0008060581807005839c42b810007000 4 10000
# 0.0042 seconds
# 440563 nodes in table
# best score 10000
64 0000006238440fd8100381402e0f0000 0008060581807007839c42b800007000 7 10000
# 0.0004 seconds

