Randseed 23776a11
# 5014 nodes in table
# best score 0
1 00aa8002aa000aa8002aa000aa8012a8 00002aa800aaa002aa800aaa002aa800 2 0
# 0.4565 seconds
# 10090 nodes in table
# best score 0
3 00aa8002aa004aa0002aa000aa8012a8 00002aa800aaa000aac00aaa002aa800 2 0
# 0.5153 seconds
# 24998 nodes in table
# best score -2
5 00aa8002ca004aa0002aa000aa8012a8 00002aa800aaa000aa401aaa002aa800 3 -2
# 1.0822 seconds
# 36687 nodes in table
# best score -1
7 00aa8002ca004aa00028a040aa8012a8 00002aa800aaa000a8405aaa002aa800 3 -1
# 0.7686 seconds
# 44573 nodes in table
# best score -1
9 00aa8002ca004aa00008a440aa8012a8 00002aa804aa2000a8405aaa002aa800 3 -1
# 0.4275 seconds
# 54839 nodes in table
# best score -1
11 00a68002ca004aa00008a440aa8012a8 00002aa804aa2000a8404aae002aa800 3 -1
# 0.4639 seconds
# 61939 nodes in table
# best score 1
13 00a68002ca0048a04008a440aa8012a8 00001aa804aa2000a8404aae002aa800 3 1
# 0.4058 seconds
# 68861 nodes in table
# best score 1
15 00a68002ca0048a04008a440aa8052a0 00001aa804aa2000a8404aae012a8800 3 1
# 0.3871 seconds
# 76473 nodes in table
# best score 2
17 00a68002ca0048a04008a440aa805260 00001aa8046a2000a8404aae012a8800 3 2
# 0.3011 seconds
# 85478 nodes in table
# best score 3
19 00a68002ca0044a04008a440aa805260 00001aa8046a2000a8404abe002a8800 3 3
# 0.4172 seconds
# 91532 nodes in table
# best score 3
21 00a680038a0044a04008a440aa805260 00001aa8046a2000a8404abe042a0800 3 3
# 0.4107 seconds
# 96632 nodes in table
# best score 4
23 00a680038a0044a044082440aa805260 00001aa8046a2000a8404abe14280800 3 4
# 0.2131 seconds
# 100160 nodes in table
# best score 4
25 00a684018a0044a044082440aa805260 00001aa8043a2000a8404abe14280800 3 4
# 0.2043 seconds
# 103384 nodes in table
# best score 4
27 00a68401820144a044082440aa805260 00001ab8003a2000a8404abe14280800 3 4
# 0.0983 seconds
# 105965 nodes in table
# best score 5
29 00a68401820144a044082440ca805260 00001ab8003a2000a8410abe14280800 3 5
# 0.1794 seconds
# 125846 nodes in table
# best score 8
31 00a68401820144a044084440ca805260 00001ab8003a2040a8410abe10280800 4 8
# 1.5665 seconds
# 162362 nodes in table
# best score 9
33 00a68401820142a044084440ca805260 00001ab8003a2040a8410abe10180800 4 9
# 1.9500 seconds
# 181549 nodes in table
# best score 10
35 00a68401820142a044084440ca805160 00001ab8013a0040a8410abe10180800 4 10
# 1.2953 seconds
# 191539 nodes in table
# best score 12
37 00a68401820142a044088440ca805160 00001af8003a0040a8410abe10180800 4 12
# 0.9829 seconds
# 200271 nodes in table
# best score 13
39 00a68401820142a044088440ca8050e0 000018f8403a0040a8410abe10180800 4 13
# 0.7675 seconds
# 223958 nodes in table
# best score 14
41 00a68401820142a044088040ea8050e0 000010fa403a0040a8410abe10180800 4 14
# 1.0199 seconds
# 243671 nodes in table
# best score 16
43 00a68401820142a044088000ea8150e0 000010fa003e0040a8410abe10180800 4 16
# 1.0838 seconds
# 253514 nodes in table
# best score 16
45 00a68401820142a044088000ee8110e0 000010fa003e014088410abe10180800 4 16
# 0.6638 seconds
# 257360 nodes in table
# best score 16
47 00a684018201432044088000ee8110e0 000010fa007e004088410abe10180800 4 16
# 0.2647 seconds
# 259902 nodes in table
# best score 17
49 00e684008201432044088000ee8110e0 000010fa007e004088410abe100c0800 4 17
# 0.1631 seconds
# 264004 nodes in table
# best score 16
51 00e704008201432044088000ee8110e0 000010fa007e004088410abe104c0000 5 16
# 0.2019 seconds
# 270115 nodes in table
# best score 17
53 007704008201432044088000ee8110e0 000010fa107e004088410abe100c0000 5 17
# 0.2788 seconds
# 278169 nodes in table
# best score 17
55 007704008201432044088000ef8100e0 000000fa107e044088410abe100c0000 5 17
# 0.3703 seconds
# 280421 nodes in table
# best score 20
57 007704008201432044088000ef0101e0 000000fa107e044088510abc100c0000 4 20
# 0.0575 seconds
# 280512 nodes in table
# best score 10000
59 007704008201432044088000cf1101e0 000000f8107e044088510bbc100c0000 4 10000
# 0.0029 seconds
# 280517 nodes in table
# best score 10000
61 0077040082014320440880008f1901e0 000000f8107e044088510bbc30040000 5 10000
# 0.0003 seconds

