Randseed 23823a70
# 5069 nodes in table
# best score 1
0 00aa8002aa000aa8002aa000aa8002aa 00002aa800aaa002aa800aaa002aa800 2 1
# 0.4512 seconds
# 10265 nodes in table
# best score 1
2 00aa8002aa000aa8002aa000aa8002ac 00002aa800aaa002aa800aaa002ab000 2 1
# 0.4608 seconds
# 17020 nodes in table
# best score 1
4 00b28002aa000aa8002aa000aa8002ac 00002aa800aaa002aa800aac002ab000 2 1
# 0.6497 seconds
# 43753 nodes in table
# best score 0
6 00b28002aa000aa8002aa000ab0002ac 00002aa800aaa002ab000aac002ab000 3 0
# 1.2595 seconds
# 79638 nodes in table
# best score -1
8 00b28002aa000aa8002ac000ab0002ac 00002aa800aac002ab000aac002ab000 3 -1
# 1.7335 seconds
# 98642 nodes in table
# best score -2
10 00b28002aa000aa8002ac000ab0002cc 00002ab000aac002ab000aac002ab000 3 -2
# 1.0357 seconds
# 112916 nodes in table
# best score -2
12 00b28002aa000ab0002ac000ab0002cc 00002ab000aac002ab000aac001ab000 3 -2
# 0.6244 seconds
# 126562 nodes in table
# best score -2
14 00b28002aa000ab0002b8000ab0002cc 00002ab000aac002ab0006ac001ab000 3 -2
# 0.5741 seconds
# 141790 nodes in table
# best score -2
16 00b28002aa000ab0002b8000ab0001cc 00002ab000aac001ab0006ac001ab000 3 -2
# 0.6520 seconds
# 153818 nodes in table
# best score -1
18 00b28002aa000ab000298010ab0001cc 00001ab000aac001ab0006ac001ab000 3 -1
# 0.4928 seconds
# 162401 nodes in table
# best score -2
20 00b28002aa4002b000298010ab0001cc 00001ab000aac001ab0006ac001ae000 3 -2
# 0.3182 seconds
# 170256 nodes in table
# best score -2
22 00b28002aa4002b000298010ab0001d8 00001ab000aac001ab0006ac041ac000 3 -2
# 0.2749 seconds
# 179140 nodes in table
# best score -2
24 00b28002aa4002b000298010ab0001f0 00001ab000aac001ab0006ac041b8000 3 -2
# 0.4570 seconds
# 187412 nodes in table
# best score -3
26 00b28002aa4002b000198010ab0001f0 00001ab000aac001ab00068c141b8000 3 -3
# 0.2890 seconds
# 194700 nodes in table
# best score -3
28 00b28002aa4002b0001980106b0001f0 00001ab000aac001ab00068c101f8000 3 -3
# 0.2627 seconds
# 199750 nodes in table
# best score -3
30 00b28002aa4002b0001981102b0001f0 00001cb000aac001ab00068c101f8000 3 -3
# 0.2047 seconds
# 205155 nodes in table
# best score -4
32 00b28002aa4002b0001981102b0000f8 00001cb000aac001ab04068c101f0000 3 -4
# 0.2975 seconds
# 210738 nodes in table
# best score -3
34 00b28002aa4002b0400981102b0000f8 00001cb000aac001ab04068c501e0000 3 -3
# 0.2452 seconds
# 216896 nodes in table
# best score 0
36 00b28002aa4002b0440981102a0000f8 00001cb000aac001ab14028c501e0000 3 0
# 0.2431 seconds
# 225715 nodes in table
# best score 0
38 00b28002aa4102b0440881102a0000f8 00001cb000aac401ab14028c500e0000 3 0
# 0.4208 seconds
# 228837 nodes in table
# best score 2
40 00b28003aa0102b0440881102a0000f8 00001cb000eac400ab14028c500e0000 3 2
# 0.1616 seconds
# 240782 nodes in table
# best score 3
42 00b28043aa0102b044088110280000f8 00001cb0007ac400ab14028c500e0000 4 3
# 0.6090 seconds
# 249900 nodes in table
# best score 3
44 00b28043aa0102b044088110280100f0 00001cb0003ec400ab14028c500e0000 4 3
# 0.5784 seconds
# 253542 nodes in table
# best score 3
46 00b28043ae0102a044088110280100f0 00001cb0103ec4008b14028c500e0000 5 3
# 0.2398 seconds
# 257737 nodes in table
# best score 3
48 00b30043ae0102a044088110280100f0 00001cb0103ec4408b10028c500e0000 5 3
# 0.2079 seconds
# 262265 nodes in table
# best score 6
50 00b30043ce0102a044088110280100f0 00001db0103ec4408b10020c500e0000 5 6
# 0.2361 seconds
# 264019 nodes in table
# best score 9
52 00930243ce0102a044088110280100f0 00001db0107ec4408310020c500e0000 4 9
# 0.1269 seconds
# 269585 nodes in table
# best score 8
54 00920243ce0102a04c088110280100f0 00001db0107ec44083104208500e0000 5 8
# 0.1415 seconds
# 271975 nodes in table
# best score 9
56 00920243ce0102a04c088150280100e0 00001db010fec44083104208400e0000 4 9
# 0.1064 seconds
# 280680 nodes in table
# best score 9
58 00920243ce0102a04c088110380100e0 00001db410fec44083104208400c0000 6 9
# 0.3190 seconds
# 282752 nodes in table
# best score 8
60 00520243ce0102a04c088110380100e0 00003db410fec40083104208400c0000 5 8
# 0.1358 seconds
# 286523 nodes in table
# best score 9
62 00320243ce0102a04c088110380100e0 00003db410fec5008310420840080000 5 9
# 0.1582 seconds
# 291795 nodes in table
# best score 10
64 00320243ce0102e044088110380100e0 00003db410fec500a310420840000000 5 10
# 0.1747 seconds
# 294195 nodes in table
# best score 10000
66 00320243ce0102e04408815038010060 00003db410fec500a314420800000000 7 10000
# 0.0752 seconds
# 294204 nodes in table
# best score 10000
68 003a0241ce0102e04408815038010060 00003cb410fec500a316420800000000 6 10000
# 0.0014 seconds
# 294209 nodes in table
# best score 10000
70 003e0241cc0102e04408815038010060 00003c3410fec500a317420800000000 8 10000
# 0.0003 seconds

