Randseed 23829c8f
# 5591 nodes in table
# best score 0
1 00aa8002aa000aa8002aa000aa8012a8 00002aa800aaa002aa800aaa002aa800 2 0
# 0.4600 seconds
# 14477 nodes in table
# best score 0
3 00aa0012aa000aa8002aa000aa8012a8 00002aa001aaa002aa800aaa002aa800 2 0
# 0.6111 seconds
# 18559 nodes in table
# best score 0
5 00aa0012aa000aa8002aa000aa8052a0 00002aa001aaa000aac00aaa002aa800 2 0
# 0.3500 seconds
# 38264 nodes in table
# best score -2
7 00a80052aa000aa8002aa000aa8052a0 00002aa001aaa000aac00aab000aa800 3 -2
# 0.9279 seconds
# 72372 nodes in table
# best score -2
9 00a80052aa000aa8002aa000aa815280 00002a8005aaa000aac00aab000aa800 3 -2
# 1.3924 seconds
# 82894 nodes in table
# best score -2
11 00a00152aa000aa8002aa000aa815280 00002a8005aaa000aac00aab010a8800 3 -2
# 0.7218 seconds
# 109236 nodes in table
# best score -2
13 00a00152aa000aa8002aa000aa855200 00002a8004aae000aac00aab010a8800 3 -2
# 1.5456 seconds
# 126954 nodes in table
# best score -1
15 00800552aa000aa8002aa000aa855200 00002a8004abc000aac00aab010a8800 3 -1
# 0.7749 seconds
# 153809 nodes in table
# best score -1
17 00001552aa000aa8002aa000aa855200 00002a8010abc000aac00aab010a8800 3 -1
# 1.0855 seconds
# 168529 nodes in table
# best score 0
19 00001552aa000aa8002aa004aa854200 00002a8010abc000aa800eab010a8800 3 0
# 0.6324 seconds
# 180225 nodes in table
# best score 0
21 00001552aa000aa8012aa004aa054200 00002a8010abc000aa800faa010a8800 3 0
# 0.4755 seconds
# 190635 nodes in table
# best score 0
23 00001552aa4002a8012aa004aa054200 00002a8010abc0002a900faa010a8800 3 0
# 0.4052 seconds
# 199775 nodes in table
# best score 1
25 00001552aa4002a0012ae004aa054200 00002a8010abc0002a900faa41028800 3 1
# 0.4195 seconds
# 207557 nodes in table
# best score 1
27 00001552aa4002a0052ae000aa054200 00002a8010abc0002a9007aa51028800 3 1
# 0.3235 seconds
# 214493 nodes in table
# best score 1
29 00001552aa400280052be000aa054200 00002a8010abc0002a9007ba50028800 3 1
# 0.3179 seconds
# 222627 nodes in table
# best score 2
31 00001552aa400280112be000aa054200 00002a8010abc0002a9007b254028800 3 2
# 0.2791 seconds
# 227657 nodes in table
# best score 2
33 00001552aa400200112fe000aa054200 00002a8010abc0002a9007f254020800 3 2
# 0.1484 seconds
# 260586 nodes in table
# best score 4
35 00001552aa400200412fe000aa054200 00002a8010abc0002a9007fa50020800 4 4
# 1.3615 seconds
# 276504 nodes in table
# best score 4
37 00001542ae400200412fe000aa054200 0000288050abc0002a9007fa50020800 4 4
# 0.7461 seconds
# 289785 nodes in table
# best score 4
39 00001542ae400200412fe000ae050200 0000288050abc0002a9007fe10020800 4 4
# 0.5893 seconds
# 304180 nodes in table
# best score 4
41 000017428e400200412fe000ae050200 0000208150abc0002a9007fe10020800 4 4
# 0.5680 seconds
# 319297 nodes in table
# best score 4
43 00001e428e400200412fe000ae050200 0000208150abc0002a9007fe10420000 4 4
# 0.4573 seconds
# 330932 nodes in table
# best score 4
45 00001e428e400000c12fe000ae050200 0000208050bbc0002a9007fe10420000 4 4
# 0.6556 seconds
# 348287 nodes in table
# best score 2
47 00001e420e400800c12fe000ae050200 00002080509bc1002a9007fe10420000 4 2
# 0.7005 seconds
# 351519 nodes in table
# best score 3
49 00001c420e400801c12fe000ae050200 00002080708bc1002a9007fe10420000 4 3
# 0.1416 seconds
# 364111 nodes in table
# best score 1
51 00001c420e400801c12fe000ae150000 00002080708bc1100a9007fe10420000 5 1
# 0.3421 seconds
# 373059 nodes in table
# best score 2
53 00001c420e400801c12fe0002e1d0000 00002080708bc1100a9017fe10020000 5 2
# 0.3661 seconds
# 376690 nodes in table
# best score 4
55 00021c420c400801c12fe0002e1d0000 00002080708bc1140a8017fe10020000 4 4
# 0.1724 seconds
# 379779 nodes in table
# best score 4
57 00021e420c400801c10fe0002e1d0000 00002000708bc11c0a8017fe10020000 5 4
# 0.1545 seconds
# 382575 nodes in table
# best score 0
59 00021f420c400801c00fe0002e1d0000 00000004708bc11c0a8017fe10020000 5 0
# 0.1476 seconds
# 385426 nodes in table
# best score 0
61 00021fc20c400801c00fc0002e1d0000 00000000708bd11c0a8017fe10020000 5 0
# 0.1238 seconds
# 387131 nodes in table
# best score 4
63 00021fc20c400801c00fc0002c1d0020 00000000700bd11e0a8017fe10020000 5 4
# 0.0800 seconds
# 387366 nodes in table
# best score 10000
65 00021fc20c400801c00fc000281d0060 00000000700bc11e0ac017fe10020000 4 10000
# 0.0103 seconds
# 387370 nodes in table
# best score 10000
67 00021fc20c400801c00fc000201d00e0 00000000700bc11c0ae017fe10020000 6 10000
# 0.0004 seconds

