Randseed 238d0e4c
# 5762 nodes in table
# best score 1
0 00aa8002aa000aa8002aa000aa8002aa 00002aa800aaa002aa800aaa002aa800 2 1
# 0.5665 seconds
# 10936 nodes in table
# best score 1
2 00aa8002aa000aa8002aa000aa80029a 00002aa001aaa002aa800aaa002aa800 2 1
# 0.4588 seconds
# 15873 nodes in table
# best score 1
4 00ab0002aa000aa8002aa000aa80029a 00001aa001aaa002aa800aaa002aa800 2 1
# 0.3577 seconds
# 32849 nodes in table
# best score 0
6 00ab0002aa000aa8002aa000aa80428a 00001a8005aaa002aa800aaa002aa800 3 0
# 1.0847 seconds
# 48985 nodes in table
# best score -1
8 00ab0002aa000aa8002aa000aa805288 00001a8005aaa002aa800aaa012a8800 3 -1
# 0.9548 seconds
# 61753 nodes in table
# best score 0
10 00ab0002a8004aa8002aa000aa805288 00000a8105aaa002aa800aaa012a8800 3 0
# 0.6553 seconds
# 73976 nodes in table
# best score 0
12 00ab0002a8004aa8002aa000ae805280 00000b0105aaa002aa800aaa012a8800 3 0
# 0.5807 seconds
# 84751 nodes in table
# best score 0
14 00aa0042a8004aa8002aa000ae805280 00000b0105aaa4022a800aaa012a8800 3 0
# 0.4880 seconds
# 97061 nodes in table
# best score 0
16 00aa0042a8000ab8002aa000ae805280 00000b0105eaa0022a800aaa012a8800 3 0
# 0.5223 seconds
# 108172 nodes in table
# best score 0
18 00aa0042a8000ab8002aa000ae805180 00000b0105eaa0022a800aaa012c8800 3 0
# 0.5325 seconds
# 121971 nodes in table
# best score 0
20 00aa0042a8000ab8002aa000be801180 00000b0105eaa0022a800aac012c8800 3 0
# 0.4891 seconds
# 136742 nodes in table
# best score 1
22 00aa0042a8000ab8002aa000be003180 00000b0105eaa00229800aac012c8800 3 1
# 0.4699 seconds
# 146708 nodes in table
# best score 1
24 00a80042a8010ab8002aa000be003180 00000b0104eae00229800aac012c8800 3 1
# 0.4675 seconds
# 154519 nodes in table
# best score 2
26 00a80042b8010ab0002aa000be003180 00000b0104eae00229800b2c012c8800 3 2
# 0.2211 seconds
# 161071 nodes in table
# best score 2
28 00a80042f8010aa0002aa000be003180 00000e0104eae00229800b2c012c8800 3 2
# 0.1945 seconds
# 167107 nodes in table
# best score 4
30 00a80002f8110aa0002aa000be003180 00000e0104eae00229800e2c012c8800 3 4
# 0.2798 seconds
# 173180 nodes in table
# best score 4
32 00a80002f8150a80002aa000be003180 00000e0104eae00229800e1c012c8800 3 4
# 0.2212 seconds
# 181121 nodes in table
# best score 4
34 00a80002f8150a80002ac000be003180 00000e0104eae00229800e1c011c8800 3 4
# 0.2564 seconds
# 186832 nodes in table
# best score 5
36 00a80002f8150a80002b8000be003180 00000e0104eae00229800e1c41188800 3 5
# 0.2177 seconds
# 195938 nodes in table
# best score 6
38 00a80002f8150a80102b0000be003180 00000c0104eaf00229800e1c41188800 3 6
# 0.3711 seconds
# 200335 nodes in table
# best score 7
40 00a80002f8150a80102a0040be003180 00000c0100eaf00629800e1c41188800 3 7
# 0.2037 seconds
# 217207 nodes in table
# best score 10
42 00a80002f8150a80102a00409e007180 00000c0100ea700629802e1c41188800 4 10
# 0.7630 seconds
# 219881 nodes in table
# best score 9
44 00a80002f8150a80102a00409e047080 00000c0100ea700629802e1c40988800 3 9
# 0.1705 seconds
# 223511 nodes in table
# best score 10
46 00a00102f8150a80102a00409e047080 00000c0100ea300629802e1c40d88800 3 10
# 0.1989 seconds
# 227623 nodes in table
# best score 11
48 00a00102f8150a80502a00409e046080 00000c0100ea10062b802e1c40d88800 4 11
# 0.5220 seconds
# 236749 nodes in table
# best score 10
50 00a00102f8150a80502a00409e064080 00000c0100ea10062f802e0c40d88800 5 10
# 0.5363 seconds
# 242618 nodes in table
# best score 10
52 00a00102f8140e80502a00409e064080 00000c0100ea10062f802e0c40d80810 5 10
# 0.3484 seconds
# 245776 nodes in table
# best score 10
54 00a00102f8140e80503a00409e060080 00000c0100ea10062f802e0c40d80808 5 10
# 0.2452 seconds
# 250621 nodes in table
# best score 10
56 00a00102f8140e80503a00411e060080 00000c0100ea10062f802e0c40d80804 5 10
# 0.3307 seconds
# 257810 nodes in table
# best score 10
58 00a00102f8140e80503a00401e260080 00000c0100ea10422f802e0c40d80804 5 10
# 0.3566 seconds
# 261417 nodes in table
# best score 11
60 00a00102f8140e80503a00401e060480 00000c0100e810422f802e0c40d81804 4 11
# 0.1673 seconds
# 271224 nodes in table
# best score 10
62 00a00102f8140e80503a00401c060580 00000c0100e810422fc02e0c40c81804 6 10
# 0.5699 seconds
# 287500 nodes in table
# best score 8
64 00c00102f8140e80503a00401c060580 00000c0100e011422fc02e0c40c81804 7 8
# 0.6763 seconds
# 295285 nodes in table
# best score 5
66 00801102f8140e80503a00401c060580 00000c0100e011422fc02e0c40c83800 7 5
# 0.3623 seconds
# 295353 nodes in table
# best score 5
68 00801102f8140e80503a00401c060380 00000c0100e010422fc42e0c40c83800 5 5
# 0.0488 seconds
# 296417 nodes in table
# best score 5
70 00801302f8140e80503a00401c060180 0000080100e010422fc42f0c40c83800 5 5
# 0.0424 seconds
# 296422 nodes in table
# best score 10000
72 00801702f8140e80503a00401c060080 0000080100e010522fc42f0c40883800 6 10000
# 0.0011 seconds
# 296447 nodes in table
# best score 10000
74 00c01700f8140e80503a00401c060080 0000000100e010522fc42f8c40883800 4 10000
# 0.0004 seconds

