Randseed 238dab52
# 6097 nodes in table
# best score 1
1 00a28102aa000aa8002aa000aa8002aa 00002aa800aaa002aa800aaa002aa800 2 1
# 0.5289 seconds
# 10301 nodes in table
# best score 1
3 00a28102aa000aa8002ca000aa8002aa 00001aa800aaa002aa800aaa002aa800 2 1
# 0.3744 seconds
# 14002 nodes in table
# best score 1
5 00a28101aa000aa8002ca000aa8002aa 00001aa800aaa002aa800aaa006aa000 2 1
# 0.2775 seconds
# 25414 nodes in table
# best score 1
7 00a28101a2010aa8002ca000aa8002aa 00001ca800aaa002aa800aaa006aa000 3 1
# 0.6210 seconds
# 34749 nodes in table
# best score 1
9 00a28101a0014aa8002ca000aa8002aa 00001cb000aaa002aa800aaa006aa000 3 1
# 0.5084 seconds
# 47866 nodes in table
# best score 1
11 00a28101a0014a68002ca000aa8002aa 00001cb0006aa002aa800aaa006aa000 3 1
# 0.6507 seconds
# 59725 nodes in table
# best score 1
13 00a28101a0004a68042ca000aa8002aa 00001cb0003aa002aa800aaa006aa000 3 1
# 0.4962 seconds
# 72673 nodes in table
# best score 1
15 00a28101a0000a68052ca000aa8002aa 00001c70003aa002aa800aaa006aa000 3 1
# 0.4942 seconds
# 81986 nodes in table
# best score 1
17 00a28101a0000a60052ca004aa8002aa 00001c70003aa002aa800aaa005aa000 3 1
# 0.5969 seconds
# 92344 nodes in table
# best score 2
19 00a28101a0000a60052ca004aa8002ca 00001c70003aa002aa801aaa001aa000 3 2
# 0.4406 seconds
# 103152 nodes in table
# best score 1
21 00a28101a0000a60052ca004aa8042c2 00001c70003aa002aa801a2a101aa000 3 1
# 0.3727 seconds
# 108530 nodes in table
# best score 1
23 00a28101a0000a60052ca0046a8042c2 00001c70003aa002ca801a2a101aa000 3 1
# 0.2696 seconds
# 112647 nodes in table
# best score 1
25 00a28101a0000a60042ca0046b8042c2 00001c70003aa001ca801a2a101aa000 3 1
# 0.1387 seconds
# 117410 nodes in table
# best score 1
27 00a28101a0000a600438a0046b8042c2 00001c70003aa001ca801a2a100ea000 3 1
# 0.2603 seconds
# 120321 nodes in table
# best score 1
29 00a28101a0000a600438a004678042c2 00001c70003aa001ca801a2a1007a000 3 1
# 0.1905 seconds
# 123568 nodes in table
# best score 1
31 00a28101a00006600438a004678042c2 00001c70003aa001ca801a2a10079000 3 1
# 0.1273 seconds
# 126403 nodes in table
# best score 3
33 00a28001e00006600438a004678042c2 00001c70003aa001ca801aaa10071000 3 3
# 0.1025 seconds
# 159529 nodes in table
# best score 4
35 00a28001e00006600438a00467804382 00001c70003aa001ca801baa10061000 4 4
# 1.4395 seconds
# 185409 nodes in table
# best score 4
37 00a28001e00006600438801467804382 00001c70003aa001ca801faa10021000 4 4
# 1.0584 seconds
# 200242 nodes in table
# best score 4
39 00a28001e00006e00438801467800382 00001c70003aa001ca811f8a10021000 4 4
# 0.9255 seconds
# 215335 nodes in table
# best score 4
41 00a28001e00007e00438801067800382 00001c70003aa001ca85178a10021000 4 4
# 0.6553 seconds
# 239248 nodes in table
# best score 4
43 00628001e00007e00438801067800382 00001c70003ca001ca85178a10021000 4 4
# 1.3760 seconds
# 250889 nodes in table
# best score 4
45 00630001e00007e00438801067800382 00001c70003ca001c287178a10021000 4 4
# 0.4308 seconds
# 262643 nodes in table
# best score 4
47 00630001e00007e00470801067800382 00001c70003ca001c087578a10021000 4 4
# 0.4111 seconds
# 271929 nodes in table
# best score 5
49 00630001e00007e20460801067800382 00001c70003ca001e087578a10001000 4 5
# 0.3413 seconds
# 310112 nodes in table
# best score 2
51 00630001e00007e00460881067800382 00001c70003ca801e086578a10001000 5 2
# 1.2559 seconds
# 337608 nodes in table
# best score 2
53 00630001e00007e00440881167800382 00001c60043ca801e086578a10001000 5 2
# 0.8000 seconds
# 442081 nodes in table
# best score 6
55 00630001e00007e00440881163802382 00001c60043ca801e086178e10001000 6 6
# 3.4133 seconds
# 506241 nodes in table
# best score 11
57 00660001e00007e00440881163802382 00001c60047ca801e084178e10001000 6 11
# 1.8284 seconds
# 575368 nodes in table
# best score 10
59 006c0001e00007e00440881163802382 00001c62047ca801e084138e10001000 7 10
# 3.4460 seconds
# 585821 nodes in table
# best score 12
61 003c0001e00007e00440881163802382 00001862047ea801e084138e10001000 6 12
# 0.5918 seconds
# 614605 nodes in table
# best score 11
63 003c0001e00007e00440881163802384 00001822047fa801e084138e10001000 7 11
# 1.6353 seconds
# 616263 nodes in table
# best score 10000
65 003c0001e00007e0044088116300238c 00001822047fa801e084138e10000800 6 10000
# 0.1912 seconds
# 616269 nodes in table
# best score 10000
67 003c0100e00007e0044088116300238c 00001822047fe801e084118e10000800 7 10000
# 0.0027 seconds
# 616274 nodes in table
# best score 10000
69 003c0100e00007e0044088114308238c 00001802047fe805e084118e10000800 8 10000
# 0.0002 seconds

