Randseed 2398b843
# 5891 nodes in table
# best score 1
0 00aa8002aa000aa8002aa000aa8002aa 00002aa800aaa002aa800aaa002aa800 2 1
# 0.6302 seconds
# 10102 nodes in table
# best score 1
2 00a68002aa000aa8002aa000aa8002aa 00002a8804aaa002aa800aaa002aa800 2 1
# 0.3064 seconds
# 14106 nodes in table
# best score 1
4 00a68002aa000aa8002aa000aa8012a8 0000268804aaa002aa800aaa002aa800 2 1
# 0.2685 seconds
# 27060 nodes in table
# best score 0
6 00a68002aa000aa8002aa000aa8011a8 0000268804aaa002aa800a9a002aa800 3 0
# 0.6248 seconds
# 38918 nodes in table
# best score 1
8 00a70002aa000aa8002aa000aa8011a8 0000268804aaa002aa801a98002aa800 3 1
# 0.7098 seconds
# 59115 nodes in table
# best score 1
10 00a70002a8004aa8002aa000aa8011a8 0000268804aaa002ab800a98002aa800 3 1
# 0.9197 seconds
# 71999 nodes in table
# best score 1
12 00a70002a8004aa8002aa000aa8011b0 0000268804aaa002ab004a98002aa800 3 1
# 0.7207 seconds
# 84143 nodes in table
# best score 1
14 00a70002a8004aa8002aa000a98011b0 0000268804aaa002ab004a981028a800 3 1
# 0.8297 seconds
# 94897 nodes in table
# best score 2
16 00a70002a8000ab8002aa000a98011b0 0000268804aaa002ab1048981028a800 3 2
# 0.3949 seconds
# 103960 nodes in table
# best score 4
18 00a70002a8000ab8002a8004a98011b0 0000268804aaa0029b1048981028a800 3 4
# 0.4094 seconds
# 111317 nodes in table
# best score 5
20 00a70002a81008b8002a8004a98011b0 0000268804aac0029b1048981028a800 3 5
# 0.2496 seconds
# 116367 nodes in table
# best score 6
22 00a70002a81108b0002a8004a98011b0 0000268804aac0029b5040981028a800 3 6
# 0.1970 seconds
# 123639 nodes in table
# best score 6
24 00a70042a81108a0002a8004a98011b0 0000260814aac0029b5040981028a800 3 6
# 0.2335 seconds
# 131865 nodes in table
# best score 6
26 00a30042a81108a0042a8004a98011b0 0000260814aac0039b4040981028a800 3 6
# 0.3585 seconds
# 137631 nodes in table
# best score 6
28 00a20042a81108e0042a8004a98011b0 00002608146ac0039b4040981028a800 3 6
# 0.2453 seconds
# 170903 nodes in table
# best score 9
30 00a00042a81508e0042a8004a98011b0 00002608146ac4039b0040981028a800 4 9
# 1.7634 seconds
# 197649 nodes in table
# best score 10
32 00a00042a81508e0042a8004a98410b0 00002610146ac4039b0040981028a800 4 10
# 1.6202 seconds
# 226028 nodes in table
# best score 10
34 00a00042e80508e0042a8004a98410b0 000026101472c4039b0040981028a800 4 10
# 1.7882 seconds
# 238768 nodes in table
# best score 11
36 00a00043e80508e0042a0004a98410b0 000026101472c40b9b0040881028a800 4 11
# 0.6327 seconds
# 248056 nodes in table
# best score 13
38 00a00043e80508e0042a0000ab8410b0 00002c101472c40b9b0040881028a800 4 13
# 0.5950 seconds
# 255599 nodes in table
# best score 13
40 00a01043e80508e0002a0000ab8410b0 00002c101472c40b9b0040881028c800 4 13
# 0.4818 seconds
# 283772 nodes in table
# best score 6
42 00a01043e80508e0002a0000ab8510a0 00002c101472c40b9f0040801028c800 4 6
# 1.5562 seconds
# 316704 nodes in table
# best score 4
44 00a01043e80508e000260000ab8510a0 00002c101672c40b9f0000801028c800 5 4
# 1.6319 seconds
# 334045 nodes in table
# best score 3
46 00a01043e80508e000260000ab871020 00002c901670c40b9f0000801028c800 5 3
# 1.0487 seconds
# 362015 nodes in table
# best score 5
48 00a01043e80508e000260040ab871000 00000c941670c40b9f0000801028c800 6 5
# 1.4998 seconds

