Randseed 2399c22b
# 5894 nodes in table
# best score 0
1 00aa80026a000aa8002aa000aa8002aa 00002aa800aaa002aa800aaa002aa800 2 0
# 0.4677 seconds
# 10491 nodes in table
# best score 1
3 00aa80026a000aa8002aa000aa84022a 00002aa001aaa002aa800aaa002aa800 2 1
# 0.3593 seconds
# 14453 nodes in table
# best score 1
5 00aa80026a000aa8002a8004aa84022a 00001aa001aaa002aa800aaa002aa800 2 1
# 0.3235 seconds
# 29808 nodes in table
# best score 1
7 00aa80026a040a28002a8004aa84022a 00001aa001caa002aa800aaa002aa800 3 1
# 0.8002 seconds
# 40389 nodes in table
# best score 1
9 00a880426a040a28002a8004aa84022a 00001aa001caa002aa800aaa0032a800 3 1
# 0.6568 seconds
# 53830 nodes in table
# best score 2
11 00a880426a040a2800228104aa84022a 00001aa001caa002ac800aaa0032a800 3 2
# 0.5755 seconds
# 64577 nodes in table
# best score 2
13 00a880426a040c2800228104aa84022a 00001aa001caa002ac800a2a1032a800 3 2
# 0.4497 seconds
# 72916 nodes in table
# best score 2
15 00a880426a040c2800220114aa84022a 00001a2011caa002ac800a2a1032a800 3 2
# 0.5123 seconds
# 77993 nodes in table
# best score 2
17 00a880426a050c0800220114aa84022a 00001a2011caa002ac800a2a1032b000 3 2
# 0.2223 seconds
# 83340 nodes in table
# best score 3
19 00a880426a050c0800220114aa84021a 00001a0015caa002ac800a2a1032b000 3 3
# 0.2708 seconds
# 89360 nodes in table
# best score 2
21 00a800526a050c0800220114aa84021a 00001a0014cae002ac800a2a1032b000 3 2
# 0.2180 seconds
# 106489 nodes in table
# best score 3
23 00a800526a050c0800220114aa84420a 00001a0014cae002ac800c2a1032b000 4 3
# 0.7869 seconds
# 128328 nodes in table
# best score 4
25 00a800526a050c0800220114aa84420c 00001a0010cae006ac800c2a1032b000 4 4
# 0.9405 seconds
# 140596 nodes in table
# best score 4
27 00a800526a050c0800220114ae844208 00001a0010cae006ac800c2a1132a000 4 4
# 0.5633 seconds
# 154659 nodes in table
# best score 5
29 00a800526a050c0800220114ae844108 00001a0010cae006ac801c281132a000 4 5
# 0.8425 seconds
# 172047 nodes in table
# best score 4
31 00a800526a050c0800200154ae844108 00001a0010cae016ac800c281132a000 4 4
# 1.0531 seconds
# 183968 nodes in table
# best score 5
33 00a800526a05080900200154ae844108 00001c0010cae016ac800c281132a000 4 5
# 0.8249 seconds
# 205016 nodes in table
# best score 5
35 00a800526a05080101200154ae844108 0000180110cae016ac800c281132a000 4 5
# 1.3330 seconds
# 245977 nodes in table
# best score 5
37 00b000526a05080101200154ae844108 0000180110cae016ae000c281132a000 4 5
# 1.9890 seconds
# 268559 nodes in table
# best score 5
39 00b000526a050801012001c4ae844108 0000080110eae016ae000c281132a000 4 5
# 1.5350 seconds
# 293412 nodes in table
# best score 5
41 00b010506a050801012001c4ae844108 0000080110eae012be000c281132a000 4 5
# 1.6198 seconds
# 312835 nodes in table
# best score 7
43 00b012506a010801012001c4ae844108 0000080110eae012be000c280133a000 4 7
# 0.8484 seconds
# 327331 nodes in table
# best score 8
45 00b012506e000801012001c4ae844108 0000080110eae4123e000c280133a000 4 8
# 0.6048 seconds
# 340947 nodes in table
# best score 8
47 00f012504e000801012001c4ae844108 0000000110fae4123e000c280133a000 4 8
# 0.6153 seconds
# 342885 nodes in table
# best score 7
49 00f012c04e000801012001c4ae844108 0000000010fee4123e000c280133a000 3 7
# 0.0858 seconds
# 344484 nodes in table
# best score 7
51 00f003c04e000801012001c4ae844108 0000000010fee4123e010c080133a000 3 7
# 0.0704 seconds
# 351447 nodes in table
# best score 7
53 00f003c04e000801012001c4ae8c4008 0000000010fee4123e004c080133a000 4 7
# 0.2336 seconds
# 356196 nodes in table
# best score 9
55 00f003c04e000801012001c4ee8c4000 0000000010fee4123e4048080133a000 4 9
# 0.1730 seconds
# 359952 nodes in table
# best score 9
57 00f003c04e000801012021c4ee0c4000 0000000010fee4123e4048080131a010 4 9
# 0.1255 seconds
# 363500 nodes in table
# best score 9
59 00f003c04e000801012025c4ee084000 0000000010fee4123e4048080130a018 4 9
# 0.1020 seconds
# 365520 nodes in table
# best score 8
61 00f003c04e000809012025c0ee084000 0000000010fec4123e4048080130a01c 4 8
# 0.0423 seconds
# 366517 nodes in table
# best score 0
63 00f003c04e00080d012005c0ee084000 0000000010fed4123e4040080130a01c 4 0
# 0.0298 seconds
# 366601 nodes in table
# best score -10000
65 007003c04f00080d012005c0ee084000 0000000010fed4123e4040090120a01c 4 -10000
# 0.0059 seconds
# 366601 nodes in table
# best score -10000
67 007003c04f00280d002005c0ee084000 0000000010fed4923e0040090120a01c 8 -10000
# 0.0002 seconds

