Randseed 23a5b33e
# 5067 nodes in table
# best score 1
0 00aa8002aa000aa8002aa000aa8002aa 00002aa800aaa002aa800aaa002aa800 2 1
# 0.5331 seconds
# 9654 nodes in table
# best score 1
2 00aa8002aa000aa8002aa000aa80029a 00001aa800aaa002aa800aaa002aa800 2 1
# 0.4387 seconds
# 13627 nodes in table
# best score 1
4 00aa8002aa000aa8002aa000aa80029c 00001ab000aaa002aa800aaa002aa800 2 1
# 0.2839 seconds
# 36795 nodes in table
# best score 0
6 006a8002aa000aa8002aa000aa80029c 00000eb000aaa002aa800aaa002aa800 3 0
# 1.2388 seconds
# 51066 nodes in table
# best score 0
8 006a8002aa000aa8002aa000aa804298 00000f3000aaa002aa800aaa002aa800 3 0
# 0.9048 seconds
# 85396 nodes in table
# best score 0
10 006a8002aa000aa8002aa000ab004298 00000f3000aaa002aa800aac002aa800 3 0
# 1.4058 seconds
# 100730 nodes in table
# best score 2
12 006a8002aa000aa8002aa000af004288 00000f3000aaa002aa800ab8002aa800 3 2
# 0.7125 seconds
# 119351 nodes in table
# best score 2
14 006a8002aa000aa8002aa000bf004280 00000f3000aaa002aa800ab8002ca800 3 2
# 0.8754 seconds
# 135524 nodes in table
# best score 3
16 006a8002ac000aa8002aa000bf004280 00000f3000ab2002aa800ab8002ca800 3 3
# 0.6133 seconds
# 145872 nodes in table
# best score 4
18 006a8000ac400aa8002aa000bf004280 00000f3000ab2002aa800af0002ca800 3 4
# 0.5281 seconds
# 150635 nodes in table
# best score 4
20 006a8040a8400aa8002aa000bf004280 00000f3000ab2002aa800af0001ca800 3 4
# 0.2970 seconds
# 154685 nodes in table
# best score 4
22 006a8040a8400aa8012a8000bf004280 00000f3000ab2002aa800af0001cb000 3 4
# 0.2545 seconds
# 159638 nodes in table
# best score 4
24 006b0040a8400aa8012a8000bf004280 00000f3000ab2002aa800af0400cb000 3 4
# 0.2999 seconds
# 165625 nodes in table
# best score 4
26 006b0040a8400aa8052a0000bf004280 00000f3000ab2002aa8006f0400cb000 3 4
# 0.1857 seconds
# 170467 nodes in table
# best score 4
28 006b0040a8400aa9050a0000bf004280 00000f3000ab2002aa8007f04008b000 3 4
# 0.1864 seconds
# 185506 nodes in table
# best score 6
30 006b0040a8400ab9040a0000bf004280 00000f3000a72002aa8007f04008b000 4 6
# 1.2187 seconds
# 195045 nodes in table
# best score 6
32 006b0040a8400ab9040a00003f104280 00000f2004a72002aa8007f04008b000 4 6
# 0.6162 seconds
# 204260 nodes in table
# best score 6
34 006b0040a8400af1040a00003f104280 00000f2004a72002b28007f04008b000 4 6
# 0.4904 seconds
# 211528 nodes in table
# best score 5
36 006a0040b8400af1040a00003f104280 00000f0004a7a002b28007f04008b000 4 5
# 0.3817 seconds
# 245847 nodes in table
# best score 1
38 006a0040b8000ef1040a00003f104280 00000f0004a7a002728007f04008b000 5 1
# 1.5473 seconds
# 300614 nodes in table
# best score 1
40 006a0040b8000fe1040a00003f104280 00000f0004a7a002728407f04000b000 5 1
# 2.1568 seconds
# 413722 nodes in table
# best score -1
42 006a0040b8000fe1040a00003f144200 00000f0004a7a002728407f80000b000 5 -1
# 4.2390 seconds
# 480496 nodes in table
# best score -3
44 006a0040b8000fe1040a00003f1c0200 00000f0004a7a002328447f80000b000 5 -3
# 2.4407 seconds
# 542870 nodes in table
# best score -4
46 006a0040b8000fe0440a00003f1c0200 00000f0000a7a012328447f80000b000 5 -4
# 1.9734 seconds
# 584173 nodes in table
# best score -4
48 006a0040b8100fe0400a00003f1c0200 00000e0100a7a012328447f80000b000 5 -4
# 1.1271 seconds
# 621358 nodes in table
# best score -9
50 00680140b8100fe0400a00003f1c0200 00000e0100a7a012328447f800007000 5 -9
# 1.0364 seconds
# 656869 nodes in table
# best score -10
52 00680100f8100fe0400a00003f1c0200 00000e0100a7a012328447f800803000 6 -10
# 1.3052 seconds
# 678624 nodes in table
# best score -11
54 00780100f81007e0400a00003f1c0200 00000e010067a012328447f800803000 6 -11
# 0.6182 seconds
# 718162 nodes in table
# best score -12
56 00780100f81003e0480a00003f1c0200 00000e010067a01032c447f800803000 7 -12
# 1.2642 seconds
# 722328 nodes in table
# best score -11
58 00780100f81003e0480a00003f1c4000 00000e010067e01022c447f800803000 6 -11
# 0.2977 seconds

