Randseed 23a69f25
# 5087 nodes in table
# best score 0
1 00aa0012aa000aa8002aa000aa8002aa 00002aa800aaa002aa800aaa002aa800 2 0
# 0.4415 seconds
# 9608 nodes in table
# best score 0
3 00aa0002aa004aa8002aa000aa8002aa 00002aa800aaa006aa000aaa002aa800 2 0
# 0.4126 seconds
# 31294 nodes in table
# best score -2
5 00aa0002aa004aa8002aa004aa0002aa 00002aa800aab004aa000aaa002aa800 3 -2
# 1.3235 seconds
# 48653 nodes in table
# best score -1
7 00aa0002aa004aa8002aa004aa0042a2 00002aa800eaa004aa000aaa002aa800 3 -1
# 0.9839 seconds
# 66622 nodes in table
# best score -1
9 00aa0002aa004aa8002aa4042a0042a2 00000aac00eaa004aa000aaa002aa800 3 -1
# 1.0244 seconds
# 77841 nodes in table
# best score 0
11 00aa0002aa004aa8002aa404320042a2 00000aac00eaa004aa0008aa402aa800 3 0
# 0.5062 seconds
# 94025 nodes in table
# best score 1
13 00aa0002aa004aa8002b2404320042a2 00000aac00eaa004aa0008aa002ea800 3 1
# 0.7000 seconds
# 105499 nodes in table
# best score 1
15 00aa0002a8004ab8002b2404320042a2 00000aac00eaa004aa0008aa006ea000 3 1
# 0.4661 seconds
# 128061 nodes in table
# best score 0
17 00aa0002a8010ab8002b2404320042a2 00000aa900eaa004aa0008aa006ea000 3 0
# 0.8570 seconds
# 135307 nodes in table
# best score 0
19 00a80042a8010ab8002b2404320042a2 00000a8904eaa004aa0008aa006ea000 3 0
# 0.3163 seconds
# 141352 nodes in table
# best score 1
21 00a80042a8010ab8002b2414320002a2 00000a8904eaa004aa0008aa016e8000 3 1
# 0.2777 seconds
# 148284 nodes in table
# best score 1
23 00a80042a8010ab8012b2410320002a2 00000a8904eaa004aa0008a801ee8000 3 1
# 0.2292 seconds
# 155366 nodes in table
# best score 1
25 00a00142a8010ab8012b2410320002a2 00000e89046aa004aa0008a801ee8000 3 1
# 0.2376 seconds
# 163663 nodes in table
# best score 1
27 00a001c2a8010ab8012b0410320002a2 00000e09146aa004aa0008a801ee8000 3 1
# 0.2934 seconds
# 172795 nodes in table
# best score 1
29 00a001c288010af8012b0410320002a2 00000e09146aa004aa0000a901ee8000 3 1
# 0.3146 seconds
# 215813 nodes in table
# best score 1
31 00a001c288010af8102b0410320002a2 00000e09146aa004aa0000a801fe8000 4 1
# 2.0502 seconds
# 241639 nodes in table
# best score 0
33 00a001c288010bf0102b0410320002a2 00000e09146aa0048a0400a801fe8000 4 0
# 1.3472 seconds
# 255723 nodes in table
# best score 0
35 00a001c288010bf0103b0010320002a2 00000e09146aa4040a0400a801fe8000 4 0
# 0.7480 seconds
# 311323 nodes in table
# best score -2
37 00a001c208110bf0103b0010320002a2 00000e09146aa4040a0400a801df8000 5 -2
# 2.3527 seconds
# 325577 nodes in table
# best score -1
39 00a001c208010bf0103b8010320002a2 00000e09146aa404080440a801df8000 4 -1
# 0.8499 seconds
# 332377 nodes in table
# best score 0
41 00a001c208010bf0503b8010300002a2 00000e09146aa404080440a8019fa000 4 0
# 0.3703 seconds
# 338302 nodes in table
# best score 1
43 006001c208010bf0503b8010300002a2 00000e09146aa404080440a8011fe000 4 1
# 0.3143 seconds
# 359981 nodes in table
# best score 0
45 003001c208010bf0503b8010300002a2 00000e09046ea404080440a8011fe000 5 0
# 0.8106 seconds
# 377597 nodes in table
# best score 0
47 003011c008010bf0503b8010300002a2 00000c09047ea404080440a8011fe000 5 0
# 0.6533 seconds
# 394348 nodes in table
# best score 0
49 00b001c008010bf0503b8010300002a2 00000c0904fea004080440a8011fe000 5 0
# 0.9152 seconds
# 403137 nodes in table
# best score 0
51 00b003c008010bf0503b8000300002a2 00000c0904fea004040440a8011fe000 5 0
# 0.5375 seconds
# 410022 nodes in table
# best score 0
53 007003c008010bf0503b8000300002a2 0000080904feb004040440a8011fe000 5 0
# 0.2553 seconds
# 417443 nodes in table
# best score 0
55 003003c008010ff0503b8000300002a2 0000080904feb004020440a8011fe000 5 0
# 0.2578 seconds
# 423936 nodes in table
# best score 2
57 003003c008010ff0503b8000300002c2 0000080904fcb006020440a8011fe000 5 2
# 0.2529 seconds
# 436048 nodes in table
# best score 3
59 003003c008010ff0503b800030000382 0000000904fcb006024440a8011fe000 5 3
# 0.3746 seconds
# 442498 nodes in table
# best score 6
61 003003c008010ff0503b800030000702 0000000900fcf006024440a8011fe000 5 6
# 0.2535 seconds
# 450068 nodes in table
# best score 7
63 001003c008010ff0503b810030000702 0000000800fcf006024448a8011fe000 5 7
# 0.2528 seconds
# 485751 nodes in table
# best score 5
65 000003c008010ff0503b850030000702 0000000800fcf006024448c8011fe000 7 5
# 1.1461 seconds
# 540073 nodes in table
# best score 7
67 000003c0080107f0503b8500b0000702 0000000800fcf006004448c8091fe000 8 7
# 1.7944 seconds
# 581042 nodes in table
# best score 6
69 000003c0080107f0503b8500b0000382 0000000800f8f006004448c9091fe000 8 6
# 1.6244 seconds
# 590111 nodes in table
# best score 2
71 000003c0080107f0503b8500b00001c2 0000000800f0f006004448c9093fe000 7 2
# 0.4956 seconds
# 609859 nodes in table
# best score 2
73 000003c0080107f8503b0500b00001c2 0000000801f0f002004448c9093fe000 8 2
# 0.7872 seconds
# 672316 nodes in table
# best score 0
75 000003c0080103f8513b0500b00001c2 0000000001f0f006004448c9093fe000 10 0
# 2.6398 seconds

