Randseed 23b14fc0
# 5409 nodes in table
# best score 1
1 00a88042aa000aa8002aa000aa8002aa 00002aa800aaa002aa800aaa002aa800 2 1
# 0.3808 seconds
# 10380 nodes in table
# best score 1
3 00a88042aa000aa8002aa000aa9000aa 00002ab000aaa002aa800aaa002aa800 2 1
# 0.4395 seconds
# 17867 nodes in table
# best score 1
5 00a881428a000aa8002aa000aa9000aa 00000ab400aaa002aa800aaa002aa800 2 1
# 0.4645 seconds
# 28763 nodes in table
# best score 0
7 00a881428a000aa8002ca000aa9000aa 00000ab000aab002aa800aaa002aa800 3 0
# 0.5237 seconds
# 40759 nodes in table
# best score 1
9 002891428a000aa8002ca000aa9000aa 00000ab000aad002aa800aaa002aa800 3 1
# 0.6649 seconds
# 48345 nodes in table
# best score 1
11 002881438a000aa8002ca000aa9000aa 00000aa004aad002aa800aaa002aa800 3 1
# 0.3108 seconds
# 59903 nodes in table
# best score 1
13 002881438a000aa8002ca000aa94002a 000006a004aad002aa800aaa002aa800 3 1
# 0.4736 seconds
# 70640 nodes in table
# best score 1
15 002881438a000aa8002ca000aa95000a 000006a004aad002aa800aaa002ab000 3 1
# 0.5806 seconds
# 79514 nodes in table
# best score 1
17 002881438a000aa8002ca000ea85000a 0000068004abd002aa800aaa002ab000 3 1
# 0.3307 seconds
# 86473 nodes in table
# best score 1
19 002881438a000aa8002ca1006a85000a 0000068004abd002aa800a2a102ab000 3 1
# 0.3419 seconds
# 96183 nodes in table
# best score 1
21 002881418a100aa8002ca1006a85000a 0000068004abd002aa800a2a102a7000 3 1
# 0.4708 seconds
# 101099 nodes in table
# best score 1
23 002881418a100aa8002ca1006e84000a 0000068004abd1028a800a2a102a7000 3 1
# 0.2722 seconds
# 104915 nodes in table
# best score 1
25 002881418a100aa8002c81046e84000a 0000068004abd1028b000a2a102a7000 3 1
# 0.1993 seconds
# 110404 nodes in table
# best score 1
27 001881418a100aa8002c81046e84000a 0000068004abd1128a000a2a102a7000 3 1
# 0.1588 seconds
# 114382 nodes in table
# best score 1
29 00088141aa100aa8002c81046e84000a 0000028044abd1128a000a2a102a7000 3 1
# 0.1465 seconds
# 117427 nodes in table
# best score 1
31 00008141aa140aa8002c81046e84000a 0000028050abd1128a000a2a102a7000 3 1
# 0.1042 seconds
# 127767 nodes in table
# best score 3
33 00008141aa140aa8002c81146684000a 0000028050abd15288000a2a102a7000 4 3
# 0.6665 seconds
# 137933 nodes in table
# best score 3
35 00008141aa1406a8002c81146684000a 0000028050abd15288000a22112a7000 4 3
# 0.7062 seconds
# 149876 nodes in table
# best score 3
37 00000151aa1406a8002c81146684000a 0000028050abd15288000a22102af000 4 3
# 0.6224 seconds
# 162813 nodes in table
# best score 5
39 00000151aa1406a8402c81146680000a 0000008050abd152a8000a22102af000 4 5
# 0.6122 seconds
# 186998 nodes in table
# best score 4
41 00000051aa1406a8502c81146680000a 0000008050abd152a8000a20106af000 4 4
# 0.7995 seconds
# 190910 nodes in table
# best score 2
43 000000518a1406a8502e81146680000a 0000028050abd15288000a20106af000 3 2
# 0.1963 seconds
# 222249 nodes in table
# best score 3
45 000000518a1006a8503e81146680000a 0000020050abd15288010a20106af000 4 3
# 0.9674 seconds
# 238928 nodes in table
# best score 7
47 000000518a1006a8503e81542680000a 0000020050abd15288010a20006bf000 4 7
# 0.6982 seconds
# 257280 nodes in table
# best score 8
49 000000518a1006a8501e81542e80000a 0000020050abd15288010820406bf000 4 8
# 0.5274 seconds
# 272684 nodes in table
# best score 8
51 000000418e1006a8501e81542e80000a 0000020050abd15288010820006ff000 4 8
# 0.4628 seconds
# 291093 nodes in table
# best score 8
53 000000418e1006a8541e81540e80000a 0000020070abd15288010800006ff000 5 8
# 0.5622 seconds
# 293733 nodes in table
# best score 12
55 000000418e100688541e81540f80000a 0000020070abd15288010800005ff000 4 12
# 0.1241 seconds
# 298569 nodes in table
# best score 10
57 000000418e100688541ea0540f80000a 0000020070abf15288000800005ff000 5 10
# 0.2354 seconds
# 300557 nodes in table
# best score 11
59 000000418e100688550ea0540f80000a 0000020070cbf15288000800005ff000 5 11
# 0.0913 seconds
# 304052 nodes in table
# best score 13
61 000000418e100688550ea0540f800006 00000200708bf15388000800005ff000 6 13
# 0.2091 seconds
# 307623 nodes in table
# best score 13
63 000200418c100688550ea0540f800006 00000200708bf15780000800005ff000 6 13
# 0.2119 seconds
# 315221 nodes in table
# best score 12
65 000200418c100688550ea0540f80000c 00000200708bf14780800800005ff000 7 12
# 0.3212 seconds
# 318203 nodes in table
# best score 13
67 0006004188100688550ea0540f80000c 00000200708bf14700c00800005ff000 6 13
# 0.0853 seconds
# 320461 nodes in table
# best score 11
69 0006044088100688550ea0540f80000c 00000200708bf14600c00c00005ff000 7 11
# 0.1358 seconds
# 322686 nodes in table
# best score 10
71 0006044088100688550ea0540f800018 00000200708bf14600c00c00004ff800 7 10
# 0.1347 seconds
# 322750 nodes in table
# best score -10000
73 000e044080100688550ea0540f800018 00000200708bf10600c01c00004ff800 8 -10000
# 0.0029 seconds
# 322766 nodes in table
# best score -10000
75 002e044080100680550ea0540f800018 00000200708bf00600c01c02004ff800 8 -10000
# 0.0007 seconds
# 322766 nodes in table
# best score -10000
77 003e044080100680540ea0540f800018 00000000708bf00600c01c02404ff800 10 -10000
# 0.0001 seconds

