Randseed 23b1f518
# 5532 nodes in table
# best score 1
0 00aa8002aa000aa8002aa000aa8002aa 00002aa800aaa002aa800aaa002aa800 2 1
# 0.5493 seconds
# 11560 nodes in table
# best score 2
2 00aa8002aa000aa8002aa000aa80029a 00002aa800aaa001aa800aaa002aa800 2 2
# 0.4823 seconds
# 15266 nodes in table
# best score 2
4 002a9002aa000aa8002aa000aa80029a 00002aa800a6a001aa800aaa002aa800 2 2
# 0.4163 seconds
# 43097 nodes in table
# best score 1
6 002a9002aa4002a8002aa000aa80029a 00002aa800a6a001aa8006aa002aa800 3 1
# 1.4795 seconds
# 64942 nodes in table
# best score 1
8 000a9402aa4002a8002aa000aa80029a 000029a800a6a001aa8006aa002aa800 3 1
# 0.9391 seconds
# 78415 nodes in table
# best score 1
10 000a9003aa4002a8002aa000aa80029a 000029a800a6a001aa8006aa001aa800 3 1
# 0.7769 seconds
# 88733 nodes in table
# best score 1
12 000a9003aa4002a8001aa000aa80029a 000029a800a6a001aa8006aa400aa800 3 1
# 0.4736 seconds
# 102340 nodes in table
# best score 1
14 000a9003aa4002a8400aa000aa80029a 000029a800a6a0018a8406aa400aa800 3 1
# 0.5613 seconds
# 114101 nodes in table
# best score 1
16 000a9003aa4000a8400aa100aa80029a 000029c800a6a0018a8406aa400aa800 3 1
# 0.5419 seconds
# 125426 nodes in table
# best score 1
18 000a9003aa4000a8000aa100aa84029a 000029c800a6a0018a8406aa5008a800 3 1
# 0.3938 seconds
# 132474 nodes in table
# best score 1
20 000a9003aa4000a8000aa1002a94029a 000029c800a6a0018a8406aa54082800 3 1
# 0.3306 seconds
# 140543 nodes in table
# best score 1
22 000a9003b24000a8000aa1002a94029a 000029c800a6c0018a8406aa54082800 3 1
# 0.2865 seconds
# 144959 nodes in table
# best score 1
24 000a9013b04000a8000aa1002a94029a 000029c800a6c0018a8406aa54482000 3 1
# 0.2608 seconds
# 152364 nodes in table
# best score 1
26 000a9013e04000a8000aa1002a94029a 000029c800a6c0018a8406aa55480000 3 1
# 0.2880 seconds
# 160105 nodes in table
# best score 0
28 000b9003e04000a8000aa1002a94029a 000029c800a6c0018a8406ae55080000 3 0
# 0.2475 seconds
# 223013 nodes in table
# best score 0
30 000b9003e04000a80008a1402a94029a 000029c800a6c0018a8446ae54080000 4 0
# 3.0564 seconds
# 242003 nodes in table
# best score -1
32 000b9003e04000a8010881402a94029a 000029c800a6c0118a8446ac54080000 4 -1
# 1.3886 seconds
# 258614 nodes in table
# best score -1
34 000b9203c04000a8010881402a94029a 000029d000a6c0118a8446ac54080000 4 -1
# 1.3153 seconds
# 284529 nodes in table
# best score -2
36 000b9203c04000a8010881402a941298 000029d000a6c0118a0456ac54080000 4 -2
# 1.0239 seconds
# 307846 nodes in table
# best score -2
38 000b9203c04000ac000881402a941298 000029d000a6c0118a0466ac54080000 4 -2
# 0.9817 seconds
# 335270 nodes in table
# best score -4
40 000b9203c04000ac000881402a841398 000029d000a2c0518a0466ac54080000 4 -4
# 1.3918 seconds
# 351656 nodes in table
# best score -3
42 000b9203c04000ac000801502a841398 000029d00082c4518a0466ac54080000 4 -3
# 0.8559 seconds
# 383348 nodes in table
# best score -3
44 000b9203c040008c040801502a841398 000029d00082c4518a2466ac54000000 4 -3
# 1.0904 seconds
# 409639 nodes in table
# best score -2
46 000b9203c040008c040801502a861198 000029d00082c4718a2466a454000000 4 -2
# 0.8308 seconds
# 466731 nodes in table
# best score -3
48 000b9203c040000c140801502a861198 000029d00282c4718a2466a054000000 5 -3
# 2.3244 seconds
# 487443 nodes in table
# best score -2
50 000b9203c040000c140801502a871098 000029901282c4718a2466a054000000 4 -2
# 0.9142 seconds
# 496387 nodes in table
# best score -2
52 000b9203c040000c140801502a871038 000028901282c4718a2566a054000000 4 -2
# 0.4747 seconds
# 526898 nodes in table
# best score -4
54 000b9203c040000c100881502a871038 004020901282c4718a2566a054000000 5 -4
# 1.2503 seconds
# 532480 nodes in table
# best score -4
56 001b8203c040000c100881502a871038 004020901282c471ca2566a014000000 5 -4
# 0.3155 seconds
# 562780 nodes in table
# best score -3
58 001b8203c040000c100281502a871038 004020901282c471ea2566a004000000 6 -3
# 0.7390 seconds
# 646761 nodes in table
# best score -3
60 001b8203c040000c100281502b870038 004020941202c471ea2566a004000000 7 -3
# 2.3865 seconds

