Randseed 23ba38e2
# 5321 nodes in table
# best score 0
1 00aa0012aa000aa8002aa000aa8002aa 00002aa800aaa002aa800aaa002aa800 2 0
# 0.4742 seconds
# 9876 nodes in table
# best score 0
3 00a80052aa000aa8002aa000aa8002aa 00000aac00aaa002aa800aaa002aa800 2 0
# 0.3199 seconds
# 14688 nodes in table
# best score 0
5 00281052aa000aa8002aa000aa8002aa 00000aac00aaa002aa800aab000aa800 2 0
# 0.3014 seconds
# 53372 nodes in table
# best score -2
7 00081452aa000aa8002aa000aa8002aa 00000aa800aab002aa800aab000aa800 3 -2
# 1.7510 seconds
# 75304 nodes in table
# best score -1
9 00081452aa000aa8002aa000a98002aa 000002a900aab002aa800aab000aa800 3 -1
# 1.0340 seconds
# 93598 nodes in table
# best score -1
11 00081052ea000aa8002aa000a98002aa 0000032900aab002aa800aab000aa800 3 -1
# 0.7673 seconds
# 115671 nodes in table
# best score -1
13 00080052ea400aa8002aa000a98002aa 0000030904aab002aa800aab000aa800 3 -1
# 1.0457 seconds
# 135115 nodes in table
# best score -1
15 00080012fa400aa8002aa000a98002aa 0000030904aab002aa800aab000ab000 3 -1
# 0.7574 seconds
# 148361 nodes in table
# best score -1
17 00080012fa400aa8002aa004a88002aa 0000030904aab002aa800aab000ae000 3 -1
# 0.5142 seconds
# 159519 nodes in table
# best score -1
19 00080012fa400aa8002aa004a884022a 0000030900aaf002aa800aab000ae000 3 -1
# 0.4211 seconds
# 170666 nodes in table
# best score -1
21 00080010fa400aa9002aa004a884022a 0000030101aaf002aa800aab000ae000 3 -1
# 0.5081 seconds
# 179843 nodes in table
# best score 0
23 00080010fa400aa9002ae004a804022a 0000030101aaf002aa800eaa000ae000 3 0
# 0.4086 seconds
# 188872 nodes in table
# best score 0
25 00080010fa000ea9002ae004a804022a 0000030101aaf002aa800eaa4002e000 3 0
# 0.2721 seconds
# 197633 nodes in table
# best score 1
27 00080010fa000fa9000ae004a804022a 0000030101aaf002aa800eaa4003c000 3 1
# 0.2477 seconds
# 208262 nodes in table
# best score 2
29 00080010fa000fa8100ae004a804022a 0000030101aaf002aa800eaa50038000 3 2
# 0.3349 seconds
# 214455 nodes in table
# best score 2
31 00080010fa0007a8100be004a804022a 0000030101aaf002aa800eea50030000 3 2
# 0.2082 seconds
# 220662 nodes in table
# best score 4
33 00080010fa0007a8110be000a804022a 0000030100aaf012aa800eea50030000 3 4
# 0.2153 seconds
# 225301 nodes in table
# best score 5
35 00080010fa1003a8110be000a804022a 0000030100aaf012aa800fea10030000 3 5
# 0.2432 seconds
# 255168 nodes in table
# best score 10
37 00080010fa1003a8110be000a804022c 0000030100aaf012aa8007fa10030000 4 10
# 1.2206 seconds
# 258195 nodes in table
# best score 9
39 00080010fa1003a8110be000a814002c 0000030100aaf012aa9007fa10020000 3 9
# 0.1325 seconds
# 262972 nodes in table
# best score 11
41 00080010fa1003a8110be000a815000c 0000030100aaf012aa9007fe10000000 3 11
# 0.2163 seconds
# 267609 nodes in table
# best score 11
43 00080010fa1003a8110be000a8150018 0000030100aaf412aa9007fe00000000 3 11
# 0.2164 seconds
# 272226 nodes in table
# best score 12
45 00000110fa1003a8110be000a8150018 0000060100aaf412aa9007fe00000000 3 12
# 0.2197 seconds
# 276325 nodes in table
# best score 13
47 00000110fa1003a8110be000281d0018 0000060100aaf4128a9407fe00000000 3 13
# 0.1798 seconds
# 280519 nodes in table
# best score 15
49 00000010fa1103a8110be000281d0018 00000e0100aaf4128a9007fe00000000 4 15
# 0.1726 seconds
# 283975 nodes in table
# best score 15
51 00000010fa1103a8110be000280f0018 00000e01002af4138a9007fe00000000 5 15
# 0.1937 seconds
# 285566 nodes in table
# best score 16
53 00000010fa110388110fe000280f0018 00000e01002af4138a9013fe00000000 6 16
# 0.0984 seconds
# 285900 nodes in table
# best score 10000
55 00000010fe100388110fe000280f0018 00000e010026f4138a9013fe00000000 6 10000
# 0.0159 seconds
# 285912 nodes in table
# best score 10000
57 00000010fe100388110fe000280f0030 00000e010026e4178a9013fe00000000 6 10000
# 0.0034 seconds
# 285917 nodes in table
# best score 10000
59 00000100fe100388110fe000280f0030 00000e010026e4158e9013fe00000000 7 10000
# 0.0005 seconds

