Randseed 23bab940
# 6013 nodes in table
# best score 1
0 00aa8002aa000aa8002aa000aa8002aa 00002aa800aaa002aa800aaa002aa800 2 1
# 0.5172 seconds
# 10948 nodes in table
# best score 2
2 00b28002aa000aa8002aa000aa8002aa 00002aa800aaa001aa800aaa002aa800 2 2
# 0.4573 seconds
# 15041 nodes in table
# best score 2
4 00b28002aa000aa8002aa000aa9000aa 00002aa800aaa001aa800aaa002ab000 2 2
# 0.3930 seconds
# 28862 nodes in table
# best score 0
6 00b28002aa4002a8002aa000aa9000aa 00002aa800aaa001aa800aac002ab000 3 0
# 0.6590 seconds
# 46461 nodes in table
# best score 0
8 00329002aa4002a8002aa000aa9000aa 00002ab000aaa001aa800aac002ab000 3 0
# 0.7623 seconds
# 62290 nodes in table
# best score 1
10 00329002aa4002a8000aa400aa9000aa 00002ab000aaa001a6800aac002ab000 3 1
# 0.7101 seconds
# 74595 nodes in table
# best score 1
12 00329002aa4002a8000aa400aa94002a 000026b000aaa001a6800aac002ab000 3 1
# 0.5469 seconds
# 92770 nodes in table
# best score 1
14 00329002aa4002a8000aa000ea94002a 000026b000aac001a6800aac002ab000 3 1
# 0.7422 seconds
# 108979 nodes in table
# best score 0
16 00329002aa4002a8010a8000ea94002a 000026b000aac011a2800aac002ab000 3 0
# 0.7649 seconds
# 124157 nodes in table
# best score 1
18 00328003aa4002a8010a8000ea94002a 000026b000aa8011a2804aac002ab000 3 1
# 0.7569 seconds
# 134524 nodes in table
# best score 1
20 00328003ac4002a8010a8000ea94002a 000026b000aa8011a2804aa8012ab000 3 1
# 0.4196 seconds
# 139055 nodes in table
# best score 1
22 00328003ac4002a8010a8004ea14002a 000026b010a88011a2804aa8012ab000 3 1
# 0.1792 seconds
# 146358 nodes in table
# best score 2
24 00328003ac4002a8010aa000ea14002a 000026b010a88011a2804aa8012ae000 3 2
# 0.3946 seconds
# 152247 nodes in table
# best score 2
26 001a8003ac4002a8010aa000ea14002a 000026e010a88011a2804aa8012ae000 3 2
# 0.3111 seconds
# 157916 nodes in table
# best score 1
28 000a8103ac4002a8010aa000ea14002a 000022e050a88011a2804aa8012ae000 3 1
# 0.1878 seconds
# 161630 nodes in table
# best score 1
30 000a8103ac400288050aa000ea14002a 000020e050b88011a2804aa8012ae000 3 1
# 0.2463 seconds
# 166414 nodes in table
# best score 1
32 000a8103a6400288050aa000ea14002a 000020e050b88011a2005aa8012ae000 3 1
# 0.2365 seconds
# 173390 nodes in table
# best score 1
34 000a8103a6400288010aa010ea14002a 000020e050b80011a2005aa8012be000 3 1
# 0.3288 seconds
# 190993 nodes in table
# best score 2
36 000a8103a6400188010aa010ea14002a 000020e050b80011a2005ac8012be000 4 2
# 0.8469 seconds
# 200596 nodes in table
# best score 2
38 000a8103a64001880102a110ea14002a 000020e050b80011a2005a88112be000 4 2
# 0.6477 seconds
# 208813 nodes in table
# best score 1
40 000a8103a640018801022110ee14002a 000020c050ba0011a2005a88112be000 4 1
# 0.3615 seconds
# 216701 nodes in table
# best score 1
42 00028103a644018801022110ee14002a 000020c050ba0010a2105a88112be000 4 1
# 0.4394 seconds
# 241866 nodes in table
# best score 0
44 00028113a244018801022110ee14002a 000020c050ba0010a2104a8a112be000 5 0
# 1.0533 seconds
# 255210 nodes in table
# best score -1
46 00028113a244018801022140ee14002a 000020c050ba0010a2104a8c112be000 5 -1
# 0.5493 seconds
# 274555 nodes in table
# best score -3
48 00028113a244418801020140ee14002a 000020c050ba001082144a8c112be000 5 -3
# 0.7065 seconds
# 285588 nodes in table
# best score -3
50 00028113a244418801020040ee1400aa 0000208050ba005082144a8c112be000 5 -3
# 0.4380 seconds
# 298081 nodes in table
# best score -2
52 00028113a244418811020040ec1400aa 0000208050ba005002144e8c112be000 5 -2
# 0.6794 seconds
# 322442 nodes in table
# best score -2
54 000a8113a244408811020040ec1400aa 0000200050ba007002144e8c112be000 6 -2
# 1.0272 seconds
# 327055 nodes in table
# best score -3
56 000a8113a244408811020040ec1400ac 0000200050ba007002104f8c112be000 6 -3
# 0.2127 seconds
# 336341 nodes in table
# best score -4
58 000e8113a244408811020040e81400ac 0000000450ba007002104f8c112be000 7 -4
# 0.2868 seconds
# 353479 nodes in table
# best score -4
60 000f8113a244408811020040e01400ac 0000000050ba107002104f8c112be000 7 -4
# 0.5304 seconds
# 360762 nodes in table
# best score -3
62 000f8313a244408811020000e01400ac 0000000010ba147002104f8c112be000 6 -3
# 0.4085 seconds
# 364899 nodes in table
# best score -3
64 000f8313e204408811020000e01400ac 0000000010fa047002104f8c112be000 6 -3
# 0.1785 seconds
# 368651 nodes in table
# best score -3
66 000f8113e204408811022000e01400ac 00000000107a047082104f8c112be000 8 -3
# 0.1413 seconds
# 370169 nodes in table
# best score -2
68 000f8113e204408811003000e01400ac 00000000107a047082104f8d110be000 8 -2
# 0.1035 seconds
# 371064 nodes in table
# best score -2
70 000f8111e204408811003002e01400ac 00000000107a047082104f89112be000 6 -2
# 0.0570 seconds
# 371104 nodes in table
# best score -10000
72 000f8110e204408811003006e01400ac 00000000103a047082104f89112be400 7 -10000
# 0.0091 seconds
# 371107 nodes in table
# best score -10000
74 000f8110e204408811003006e00400ec 00000000003a047082104f89113be400 8 -10000
# 0.0002 seconds

