Randseed 23c46409
# 5378 nodes in table
# best score 0
1 00aa8002aa000aa8002aa000aa9000aa 00002aa800aaa002aa800aaa002aa800 2 0
# 0.3812 seconds
# 9775 nodes in table
# best score 0
3 00aa8002aa000aa8002aa400aa8000aa 00002aa800aaa002aa800aab000aa800 2 0
# 0.3556 seconds
# 15048 nodes in table
# best score 0
5 00aa8002aa000aa8000aa400ea8000aa 00002ab000aaa002aa800aab000aa800 2 0
# 0.4095 seconds
# 19264 nodes in table
# best score 0
7 00aa8002aa000aa8000aa100ea8000aa 00002ab000aaa002aa800aab0006a800 2 0
# 0.3085 seconds
# 35790 nodes in table
# best score -1
9 00aa8002aa000aa80002a100fa8000aa 00001ab000aaa002aa800aab0006a800 3 -1
# 0.7857 seconds
# 48784 nodes in table
# best score 0
11 00aa8002aa000aa80002a100f28400aa 00001ab000aaa002aa800aab0003a800 3 0
# 0.7232 seconds
# 62242 nodes in table
# best score 0
13 00aa8002aa000aa80002a100e28400ea 00001ab0006aa002aa800aab0003a800 3 0
# 0.6003 seconds
# 70357 nodes in table
# best score 1
15 00aa8002aa000aa80002a000e28400fa 00001ab0006a8006aa800aab0003a800 3 1
# 0.4433 seconds
# 79790 nodes in table
# best score 1
17 00aa8002aa000aa80002a000628440fa 00001ab0006a84062a800aab0003a800 3 1
# 0.5106 seconds
# 90283 nodes in table
# best score 2
19 00aa8002aa000aa80002a000608440fe 00001ab0006a84062a800a8b0403a800 3 2
# 0.4063 seconds
# 95522 nodes in table
# best score 2
21 00aa8002aa000aa80002a000228440fe 00001ab0006a84062a800a8b0403b000 3 2
# 0.2479 seconds
# 110446 nodes in table
# best score 2
23 00aa8002aa000aa80002a010028440fe 00001ab0006a84062a800a8b0503a000 3 2
# 0.5227 seconds
# 117918 nodes in table
# best score 3
25 00aa8002aa000aa800022010028450fe 00001ab0006a84062a804a8b05038000 3 3
# 0.3007 seconds
# 121975 nodes in table
# best score 4
27 00aa8002aa000aa800022004028450fe 00001ab1006a80062a804a8b05038000 3 4
# 0.1722 seconds
# 127023 nodes in table
# best score 5
29 00aa8002aa000aa800020014028450fe 00001ab1006a80022b804a8b05038000 3 5
# 0.2847 seconds
# 132419 nodes in table
# best score 7
31 00aa8002aa000aa800028010028450fe 00001ab1006a80022f804a8b04038000 3 7
# 0.2761 seconds
# 137877 nodes in table
# best score 8
33 00aa8002aa000aa800038010028050fe 00001ab1006a80023f804a8304038000 3 8
# 0.3031 seconds
# 143315 nodes in table
# best score 11
35 00aa8002aa000aa800018010028450fe 00001ab1006a80023f840a8304038000 3 11
# 0.2873 seconds
# 146463 nodes in table
# best score 11
37 00aa8002aa000aa800008010228450fe 00001ab1006a80023f840e8204038000 3 11
# 0.2663 seconds
# 149507 nodes in table
# best score 11
39 00aa8002aa000aa800000010628450fe 00001ab1006a80023f84078204038000 3 11
# 0.2091 seconds
# 153587 nodes in table
# best score 12
41 00aa8002aa000aa800000000e28450fe 00001ab1006a80023f84078210038000 3 12
# 0.2359 seconds
# 159582 nodes in table
# best score 14
43 00aa8002aa000aa800000001e08450fe 00001ab1006a81023f84078210030000 3 14
# 0.2726 seconds
# 163680 nodes in table
# best score 14
45 00aa8002aa000aa800000801e08410fe 00001ab1007a81023f04078210030000 3 14
# 0.2969 seconds
# 168290 nodes in table
# best score 15
47 00aa8002aa000aa800400801e00410fe 00001ab1407a81023f04078210020000 3 15
# 0.2682 seconds
# 175544 nodes in table
# best score 18
49 00aa8002aa000aa800600801e00400fe 00001ab1407a91003f04078210020000 3 18
# 0.3529 seconds
# 182681 nodes in table
# best score 19
51 00aa8002aa000aa900600801e00400fc 00001bb1407a91003f04078210000000 3 19
# 0.4237 seconds
# 189298 nodes in table
# best score 20
53 00aa8002aa000ea900600801e00400f8 00001bb1407a91003f04078410000000 3 20
# 0.4013 seconds
# 195186 nodes in table
# best score 20
55 00aa8002aa000ca900600801e00400fc 00001bb1407a91103f04038410000000 3 20
# 0.2420 seconds
# 200289 nodes in table
# best score 20
57 00aa8002aa0008a900600801e00400fe 00001bb1407a91103f04238010000000 3 20
# 0.3197 seconds
# 203502 nodes in table
# best score 20
59 00aa8002aa0000a900600801e00400ff 00001b31447a91103f04238010000000 3 20
# 0.2092 seconds
# 203536 nodes in table
# best score 10000
61 00aa8002aa0000a800600801e00408ff 00001a31447a99103f04238010000000 4 10000
# 0.0006 seconds

