Randseed 23c4a9fa
# 5457 nodes in table
# best score 1
0 00aa8002aa000aa8002aa000aa8002aa 00002aa800aaa002aa800aaa002aa800 2 1
# 0.4774 seconds
# 10252 nodes in table
# best score 1
2 00aa8002aa000aa8002aa000aa8001aa 00002aa800aaa002aa800aaa006aa000 2 1
# 0.4445 seconds
# 14618 nodes in table
# best score 1
4 00a68002aa000aa8002aa000aa8001aa 00002aa800aaa002aa801aaa002aa000 2 1
# 0.3144 seconds
# 28988 nodes in table
# best score -1
6 00a68002aa000aa8002aa000aa8001b2 00002aa800aaa002aa001aae002aa000 3 -1
# 0.9665 seconds
# 43212 nodes in table
# best score -1
8 00a70002aa000aa8002aa000aa8001b2 00002aa800aaa002aa004aae002aa000 3 -1
# 0.9115 seconds
# 58534 nodes in table
# best score 0
10 00a30042aa000aa8002aa000aa8001b2 00002aa800aaa002a8004abe002aa000 3 0
# 0.9089 seconds
# 74938 nodes in table
# best score 0
12 00a20042ae000aa8002aa000aa8001b2 00002aa800aaa002a8004a9e012aa000 3 0
# 0.9788 seconds
# 84701 nodes in table
# best score 1
14 00a200429e000aa8002aa000aa8001b2 00002aa800aaa002a8004a8e012ae000 3 1
# 0.4764 seconds
# 95108 nodes in table
# best score 2
16 00a000429e004aa8002aa000aa8001b2 00002aa800aaa002a8000a8e012be000 3 2
# 0.4669 seconds
# 103799 nodes in table
# best score 2
18 00a000429e004aa8002aa000aa8400b2 00002aa800aaa002a8000a8c112be000 3 2
# 0.4255 seconds
# 112134 nodes in table
# best score 3
20 00a000428e014aa8002aa000aa8400b2 00002aa800aaa002a8040a88112be000 3 3
# 0.4998 seconds
# 124284 nodes in table
# best score 3
22 00a000428e014ae0002aa000aa8400b2 00002aa800aaa00288040b88112be000 3 3
# 0.5068 seconds
# 134318 nodes in table
# best score 3
24 00c000428e014ae0002aa000aa8400b2 00002aa800aaa00288100b88112be000 3 3
# 0.4141 seconds
# 142550 nodes in table
# best score 4
26 008010428e014ae0002aa000aa8400b2 00002aa800aaa00208100f88112be000 3 4
# 0.3588 seconds
# 146546 nodes in table
# best score 5
28 008010428e014ae0002aa0006a8400b2 00002aa800aaa00208400f88112be000 3 5
# 0.2063 seconds
# 150463 nodes in table
# best score 7
30 000010428e414ae0002aa0006a8400b2 00002aa800aaa00008400f89112be000 3 7
# 0.2347 seconds
# 154247 nodes in table
# best score 7
32 000010428e414ae0002aa010688400b2 00002aa800aaa00008400f81113be000 3 7
# 0.2692 seconds
# 156530 nodes in table
# best score 7
34 000010428e414ae0002a8014688400b2 00002aa800aaa00208400f81103be000 3 7
# 0.1669 seconds
# 173204 nodes in table
# best score 8
36 000010430e414ae0002a8014688400b2 00002aa800aab00208400f811033e000 4 8
# 0.8810 seconds
# 179314 nodes in table
# best score 8
38 000010430e414ae0002a001c688400b2 00002aac00aab00208400f811033c000 4 8
# 0.3681 seconds
# 184291 nodes in table
# best score 8
40 000010430e414ae0002a005c608400b2 01002aac00aab00208400f8110338000 4 8
# 0.2814 seconds
# 188639 nodes in table
# best score 8
42 000010430e414ae00026005c608400b2 01802aac00aab00208400f8110330000 4 8
# 0.2662 seconds
# 201015 nodes in table
# best score 7
44 000010420e414ee00026005c608400b2 01c02aac00aab00208400f8110320000 5 7
# 0.6249 seconds
# 203856 nodes in table
# best score 8
46 000000420e414fe00026005c608400b2 01c02eac00aab00208400f8110300000 4 8
# 0.1890 seconds
# 232806 nodes in table
# best score 8
48 000000420e414fe02026001c608400b2 01c02fac00aab00208400f8100300000 6 8
# 1.1555 seconds
# 238902 nodes in table
# best score 13
50 000000420e414fe12024001c608400b2 01c02fac10aab00208400f0100300000 5 13
# 0.4580 seconds
# 263858 nodes in table
# best score 19
52 000000420e414fe12404001c608400b2 01c02fac50a8b00208400f0100300000 6 19
# 0.8008 seconds
# 289222 nodes in table
# best score 18
54 000000420e414fe12404001c208400f2 01c02fad50a0b00208400f0100300000 6 18
# 1.1028 seconds
# 289804 nodes in table
# best score 10000
56 000000420e414fe12404001c208410f0 01c42fad40a0b00208400f0100300000 7 10000
# 0.0241 seconds
# 289966 nodes in table
# best score 10000
58 000000420e414fe12404801c208400f0 01c62fad40a0b00208400e0100300000 5 10000
# 0.0043 seconds
# 289974 nodes in table
# best score 10000
60 000000020e414fe12404809c208400f0 01c72fad00a0b00208400e0100300000 6 10000
# 0.0003 seconds

