Randseed 23cdca70
# 5006 nodes in table
# best score 0
1 00aa80028a040aa8002aa000aa8002aa 00002aa800aaa002aa800aaa002aa800 2 0
# 0.4549 seconds
# 9912 nodes in table
# best score 1
3 00a880428a040aa8002aa000aa8002aa 00002aa001aaa002aa800aaa002aa800 2 1
# 0.4998 seconds
# 13815 nodes in table
# best score 1
5 00a880428a040aa8002a6000aa8002aa 00001aa001aaa002aa800aaa002aa800 2 1
# 0.3746 seconds
# 36118 nodes in table
# best score 0
7 00a880028e040aa8002a6000aa8002aa 00001aa0012ab002aa800aaa002aa800 3 0
# 0.9754 seconds
# 49418 nodes in table
# best score 0
9 00a880028e040aa0012a6000aa8002aa 00001aa0002af002aa800aaa002aa800 3 0
# 0.6729 seconds
# 58626 nodes in table
# best score 0
11 00a880018e040aa0012a6000aa8002aa 00001ca0002af002aa800aaa002aa800 3 0
# 0.3923 seconds
# 70839 nodes in table
# best score 0
13 00a880018e040ac0012a6000aa8002aa 00001ca0002bd002aa800aaa002aa800 3 0
# 0.5605 seconds
# 79703 nodes in table
# best score 0
15 00a880018e040a80112a6000aa8002aa 00001ca0002bd002aa800aaa001aa800 3 0
# 0.4756 seconds
# 92745 nodes in table
# best score 0
17 00a880018e040680112a6000aa8002aa 00001ca0002bd002aac002aa001aa800 3 0
# 0.5570 seconds
# 100854 nodes in table
# best score 1
19 00a880018e040680112a64002a8002aa 00001cc0002bd002aac002aa001aa800 3 1
# 0.4383 seconds
# 108731 nodes in table
# best score 2
21 00a880018e000780112a64002a8002aa 00001c80102bd002aac002aa001aa800 3 2
# 0.3604 seconds
# 118065 nodes in table
# best score 4
23 00a880018e000780112a6400298002aa 00001c80102bc003aac002aa001aa800 3 4
# 0.4837 seconds
# 126018 nodes in table
# best score 4
25 00a880018e000780112a6404288002aa 00001c80102bc003aa9002aa001aa800 3 4
# 0.2843 seconds
# 130307 nodes in table
# best score 4
27 00a880018e000780112a6504088002aa 00001c80101bc003aa9002aa001aa800 3 4
# 0.1205 seconds
# 135305 nodes in table
# best score 5
29 00a880018e000780112a6504088001aa 00001c00101bc043aa9002aa001aa800 3 5
# 0.1963 seconds
# 138154 nodes in table
# best score 6
31 00a880018e000780112a6544008001aa 00001c00101bc043ca9002aa001aa800 3 6
# 0.0972 seconds
# 141270 nodes in table
# best score 6
33 00a880018e000780112a2544008011aa 00001c00101bc0438a9002aa401aa800 3 6
# 0.1739 seconds
# 143848 nodes in table
# best score 6
35 00a880018e000780512a2444008011aa 00001c00101bc0438a9002aa411a8800 3 6
# 0.1201 seconds
# 159923 nodes in table
# best score 8
37 00a880018e000780510a2c44008011aa 00001c00101bc0438a9042aa401a8800 4 8
# 1.1135 seconds
# 170323 nodes in table
# best score 9
39 00b080018e000780510a2c44008011aa 00001c00101bc0418a9042aa401e8800 4 9
# 0.8852 seconds
# 172830 nodes in table
# best score 8
41 00b080018e000780510a2845008011aa 00000e00101bc0418a9042aa401e8800 3 8
# 0.0846 seconds
# 190553 nodes in table
# best score 10
43 00b080018e000780500a2845008011ae 00000e00101bc0418a9042aa400f8800 4 10
# 1.1455 seconds
# 202926 nodes in table
# best score 11
45 00b080018e000780500a2045808011ae 00000e00101bc0418a9042aa404f8000 4 11
# 0.7233 seconds
# 216536 nodes in table
# best score 12
47 00b080018e000780500a2044809011ae 00000e00101bc0418b9042a2404f8000 4 12
# 0.7467 seconds
# 218540 nodes in table
# best score 12
49 00b080018e000780500a2044009013ae 00000e00500bc0418b9042a2404f8000 3 12
# 0.0481 seconds
# 221100 nodes in table
# best score 12
51 00b080018e100780500a2004009013ae 00000e00500b80418b9142a2404f8000 3 12
# 0.0784 seconds
# 223885 nodes in table
# best score 13
53 00b080018e100780500a0004009013be 00000e00400b80418b9142a2444f8000 4 13
# 0.2218 seconds
# 224828 nodes in table
# best score 13
55 00b080038e10078050020004009013be 00000e00400b80418b914322444f8000 4 13
# 0.0719 seconds
# 224846 nodes in table
# best score 10000
57 003090038e10078050020004009013be 00000e00400b80418f910322444f8000 6 10000
# 0.0017 seconds
# 224850 nodes in table
# best score 10000
59 003090038e10078050020004008013fe 00000e00400f80408f910322444f8000 8 10000
# 0.0003 seconds

