Randseed 23ce4a81
# 5819 nodes in table
# best score 1
0 00aa8002aa000aa8002aa000aa8002aa 00002aa800aaa002aa800aaa002aa800 2 1
# 0.4880 seconds
# 10544 nodes in table
# best score 1
2 00b28002aa000aa8002aa000aa8002aa 00002aa800aaa002a8804aaa002aa800 2 1
# 0.4620 seconds
# 15492 nodes in table
# best score 2
4 00b28002aa000aa8002aa000aa8012a8 00002a9800aaa002a8804aaa002aa800 2 2
# 0.4291 seconds
# 30517 nodes in table
# best score 0
6 00b28002a8004aa8002aa000aa8012a8 00002a9800aaa002a8800aaa012aa800 3 0
# 0.8827 seconds
# 45098 nodes in table
# best score 0
8 00b30002a8004aa8002aa000aa8012a8 00002a9800aaa002a8800aaa011aa800 3 0
# 0.8918 seconds
# 65753 nodes in table
# best score 0
10 00b30002a8004aa8002a8004aa8012a8 00002a9800ab2002a8800aaa011aa800 3 0
# 1.3706 seconds
# 83955 nodes in table
# best score 0
12 00b30002a8004aa8002a8004aa8052a0 00002a9800ab2002a0810aaa011aa800 3 0
# 0.9467 seconds
# 95685 nodes in table
# best score 1
14 00a30402a8004aa8002a8004aa8052a0 00002a9800ab2002a0810aaa410aa800 3 1
# 0.6277 seconds
# 107372 nodes in table
# best score 2
16 00a30402a8004aa8002a0014aa8052a0 00002a9800ab2002a0011aaa410aa800 3 2
# 0.4609 seconds
# 114316 nodes in table
# best score 2
18 00a30402a8004aa8002a0014aa815280 00002a9800ab2002a0011aaa5108a800 3 2
# 0.3549 seconds
# 120639 nodes in table
# best score 2
20 00a30402a8004aa8002a0004ae815280 0000329800ab2002a0011aaa5108a800 3 2
# 0.2326 seconds
# 124324 nodes in table
# best score 4
22 00a20442a8004aa8002a0004ae815280 0000329800ab240220011aaa5108a800 3 4
# 0.2011 seconds
# 130782 nodes in table
# best score 3
24 00a00442b8004aa8002a0004ae815280 0000329800ab240220011baa5100a800 3 3
# 0.2891 seconds
# 134839 nodes in table
# best score 5
26 00800442f8004aa8002a0004ae815280 0000329800ab240020411baa5100a800 3 5
# 0.1722 seconds
# 138106 nodes in table
# best score 7
28 00800442f8004aa8002a04042e815280 0000329800ab250000411baa5100a800 3 7
# 0.0963 seconds
# 153927 nodes in table
# best score 9
30 00800442f84042a8002a04042e815280 0000329800ab250000411baa51002810 4 9
# 1.2065 seconds
# 176859 nodes in table
# best score 8
32 00800442f84042a8002a04442e805280 0000329800ae250000411baa51002810 4 8
# 1.5897 seconds
# 189229 nodes in table
# best score 9
34 00800442f84042a8002a04440e845280 0000329800bc250000411baa51002810 4 9
# 0.8370 seconds
# 197405 nodes in table
# best score 8
36 00800442f84042a8002e04440e841280 0000329900b8250000411baa51002810 4 8
# 0.7214 seconds
# 212505 nodes in table
# best score 8
38 00400442f84042a8002e04440e841280 00003a9900b8240000411baa51002810 4 8
# 0.8293 seconds
# 230653 nodes in table
# best score 10
40 00400442f84042a8003e04440c841280 00003a9900b8240000411baac1002810 4 10
# 0.9709 seconds
# 246681 nodes in table
# best score 10
42 00400442f84042a8003e04440c841180 00003a9900b8240000411baac100a800 4 10
# 0.7600 seconds
# 260399 nodes in table
# best score 13
44 00400442f84042a8103e00440c841180 00003a9900b8240000411bbac1008800 4 13
# 0.7169 seconds
# 273257 nodes in table
# best score 13
46 00400442f84042a8103e00440c861080 00003a9900b8240000411b3bc1008800 4 13
# 0.8837 seconds
# 287383 nodes in table
# best score 13
48 00400442f84040a8503e00440c861080 00003a9900b8240000401b3bc3008800 4 13
# 0.5918 seconds
# 295620 nodes in table
# best score 13
50 00400442f84440a8503e004408861080 00003a9900b8240200401a3bc3008800 4 13
# 0.4817 seconds
# 299877 nodes in table
# best score 13
52 00400442f84440a8503e004418861000 00003a9d00b8200200401a3bc3008800 4 13
# 0.2758 seconds
# 311152 nodes in table
# best score 12
54 00600442f84440a8503e004418821000 00003a9d00b8200200401a3bc5008800 5 12
# 0.4739 seconds
# 314198 nodes in table
# best score 14
56 00600442f84540a8103e004418821000 00003a8d01b8200200401a3bc5008800 5 14
# 0.1853 seconds
# 323068 nodes in table
# best score 17
58 00600442f845c088103e004418821000 00003a8501b8200600401a3bc5008800 6 17
# 0.4059 seconds
# 323274 nodes in table
# best score 10000
60 00200442f845c088113e004418821000 00003a8500b8200600c01a3bc5008800 8 10000
# 0.0094 seconds
# 323288 nodes in table
# best score 10000
62 00200442f845c088113e204418820000 00003a8500b8200600c01a3bc5002800 8 10000
# 0.0017 seconds
# 323291 nodes in table
# best score 10000
64 00000442f845c089113e204418820000 00003a8500b8200600c01a3bc1003800 8 10000
# 0.0003 seconds

