Randseed 23d6edd2
# 5841 nodes in table
# best score 0
1 00aa8002ac000aa8002aa000aa8002aa 00002aa800aaa002aa800aaa002aa800 2 0
# 0.4036 seconds
# 10394 nodes in table
# best score 0
3 00aa81028c000aa8002aa000aa8002aa 00002aa800aa8006aa800aaa002aa800 2 0
# 0.4214 seconds
# 14801 nodes in table
# best score 0
5 00aa814288000aa8002aa000aa8002aa 00002aa800aa8002aa801aaa002aa800 2 0
# 0.4889 seconds
# 42760 nodes in table
# best score -2
7 00aa814288000ab0002aa000aa8002aa 00002aa800aa8002ab801aa8002aa800 3 -2
# 1.3635 seconds
# 84014 nodes in table
# best score -3
9 00aa814288000ab0002aa000aa8012a8 00002aa800aa8002ab804aa8002aa800 3 -3
# 2.0368 seconds
# 93509 nodes in table
# best score -2
11 00ae814280000ab0002aa000aa8012a8 00002ab000aa8002ab804aa8002aa800 3 -2
# 0.5992 seconds
# 106521 nodes in table
# best score 0
13 00af804280000ab0002aa000aa8012a8 00002ab000aa8002ab004aa8012aa800 3 0
# 0.5903 seconds
# 121226 nodes in table
# best score 1
15 00af8042801008b0002aa000aa8012a8 00002ab000aa8002ab004aa8012aa001 3 1
# 0.7033 seconds
# 138364 nodes in table
# best score 1
17 00bf0042801008b0002aa000aa8012a8 00002ab000aa8002ab004aa8012aa002 3 1
# 0.7931 seconds
# 158882 nodes in table
# best score 1
19 00bf0042801008b0002aa010a88012a8 000026b000aa8002ab004aa8012aa002 3 1
# 0.8262 seconds
# 183455 nodes in table
# best score 1
21 00bf0042801008b0002aa010a89010a8 000026b000ca8002ab004aa8012aa002 3 1
# 0.9746 seconds
# 196626 nodes in table
# best score 3
23 00bf0042801008b01028a010a89010a8 000026b000ca8002ab004aa8012ca002 3 3
# 0.5214 seconds
# 210105 nodes in table
# best score 4
25 00bf0042801008b01028a010889410a8 000026b000ca8002ab004aa84128a002 3 4
# 0.4111 seconds
# 223893 nodes in table
# best score 4
27 00bf0043800008b01028a010889410a8 000026b000ca8002ab004ea84120a002 3 4
# 0.5258 seconds
# 231523 nodes in table
# best score 6
29 00ff0003800008b01028a010889410a8 000026b000ca8001ab004ea84120a002 3 6
# 0.3456 seconds
# 238160 nodes in table
# best score 7
31 00ff0003800008b01020a110889410a8 000026b000ca8001ab104ea80120a002 3 7
# 0.2695 seconds
# 265911 nodes in table
# best score 9
33 00ff0003800008b01020a110089c10a8 000026b000c88041ab104ea80120a002 4 9
# 1.9407 seconds
# 288405 nodes in table
# best score 9
35 00ff0003800008b01420a100089c10a8 000006b400c88041ab104ea80120a002 4 9
# 1.6130 seconds
# 302445 nodes in table
# best score 9
37 00ff0003800008b01420a100088c10e8 000006e400c88041ab104ea80120a002 4 9
# 0.8543 seconds
# 328613 nodes in table
# best score 10
39 00ff0003800008b01420a100088c10f0 000006e000e88041ab104ea80120a002 4 10
# 1.2014 seconds
# 350940 nodes in table
# best score 11
41 00ff0003800008b01420a100008d10f0 000006e000e88041ab104ea90100a002 4 11
# 1.1502 seconds
# 365090 nodes in table
# best score 13
43 00ff0003800008a01421a100008d10f0 000006e000e88041ab104ea905002002 4 13
# 0.9556 seconds
# 378020 nodes in table
# best score 13
45 00ff0003800008a01441a100008d10f0 000006e000e80051ab104ea905002002 4 13
# 0.7845 seconds
# 391155 nodes in table
# best score 14
47 00ff0003800008a21401a100008d10f0 000006e000ea0051a3104ea905002002 4 14
# 0.9046 seconds
# 411237 nodes in table
# best score 16
49 00fe0803800008a21401a100008d10f0 000006e000ea0450a3104ea905002002 4 16
# 0.8558 seconds
# 421145 nodes in table
# best score 17
51 00fe0801801008a21401a100008d10f0 000006e000ee0410a3104ea905002002 4 17
# 0.4518 seconds
# 425585 nodes in table
# best score 17
53 00fe0801801008221403a100008d10f0 000006e000ee0410e3104ea805002002 4 17
# 0.2785 seconds
# 428994 nodes in table
# best score 19
55 00fe0801801008021403a140008d10f0 000006e000ee0410e31446a805002002 4 19
# 0.1934 seconds
# 437901 nodes in table
# best score 19
57 007e080180100a021403a140008d10f0 000006e000ee0410e31446b801002002 5 19
# 0.5294 seconds
# 448015 nodes in table
# best score 20
59 007e0901801008021403a140008d10f0 000006e000ee0510e314463801002002 5 20
# 0.4472 seconds
# 561407 nodes in table
# best score 18
61 007e0901801008020403a1c0008d10f0 000006e040ee0510e310463801002002 7 18
# 4.6896 seconds

