Randseed 23d7a474
# 5067 nodes in table
# best score 1
0 00aa8002aa000aa8002aa000aa8002aa 00002aa800aaa002aa800aaa002aa800 2 1
# 0.4797 seconds
# 10118 nodes in table
# best score 1
2 00aa8002aa000aa8002aa000aa8002ac 00002aa800aa2012aa800aaa002aa800 2 1
# 0.4157 seconds
# 14411 nodes in table
# best score 2
4 00aa8002aa000aa8002aa000aa8001ac 00002ca800aa2012aa800aaa002aa800 2 2
# 0.3182 seconds
# 30169 nodes in table
# best score 1
6 00aa0012aa000aa8002aa000aa8001ac 00002ca001aa2012aa800aaa002aa800 3 1
# 0.8891 seconds
# 50998 nodes in table
# best score 1
8 00a80052aa000aa8002aa000aa8001ac 00002c2011aa2012aa800aaa002aa800 3 1
# 1.2638 seconds
# 67262 nodes in table
# best score 1
10 00a80042aa004aa8002aa000aa8001ac 00002c2001aa2052aa800aaa002aa800 3 1
# 0.8784 seconds
# 82179 nodes in table
# best score 1
12 00a80002aa014aa8002aa000aa8001ac 00002c2001aa2042ae800aaa002aa800 3 1
# 0.8732 seconds
# 93226 nodes in table
# best score 1
14 00a80002aa014aa8002aa000ab0001ac 00002c2001a82042ae804aaa002aa800 3 1
# 0.6149 seconds
# 104924 nodes in table
# best score 1
16 00a80002a8014aa8012aa000ab0001ac 0000382001a82042ae804aaa002aa800 3 1
# 0.4721 seconds
# 118519 nodes in table
# best score 1
18 00680002a8014aa8012aa000ab0001ac 0000382001a820429e804aaa002aa800 3 1
# 0.5837 seconds
# 126469 nodes in table
# best score 1
20 00680002a8014aa8012aa000a70001ac 0000382001a820429e804aaa001aa800 3 1
# 0.3873 seconds
# 132354 nodes in table
# best score 1
22 00280402a8014aa8012aa000a70001ac 0000382001a820429e804aaa000ea800 3 1
# 0.2873 seconds
# 139530 nodes in table
# best score 2
24 00080402a8114aa8012aa000a70001ac 0000382001a820429e804aaa400ca800 3 2
# 0.2387 seconds
# 146222 nodes in table
# best score 3
26 00080402a8114aa8012aa000a70041a8 0000382001c820429e804aaa400ca800 3 3
# 0.2026 seconds
# 151113 nodes in table
# best score 5
28 00080402a8114aa8012aa400270041a8 0000382001c820429e804aa8404ca800 3 5
# 0.2150 seconds
# 154453 nodes in table
# best score 5
30 00080003a8114aa8012aa400270041a8 0000382001c820429e804b28404ca800 3 5
# 0.2305 seconds
# 157682 nodes in table
# best score 6
32 00080001a8114ba8012aa400270041a8 0000382001c820429ec04328404ca800 3 6
# 0.1205 seconds
# 160516 nodes in table
# best score 7
34 00080001a81143a9012aa400270041a8 0000382001c820421ed04328404ca800 3 7
# 0.1775 seconds
# 186726 nodes in table
# best score 9
36 00080000a81543a9012aa400270041a8 0000382001c830421e904328404ca800 4 9
# 1.2099 seconds
# 194032 nodes in table
# best score 8
38 00080000281543a9412aa400270041a8 0000382001c830421e914308404ca800 3 8
# 0.2735 seconds
# 200349 nodes in table
# best score 8
40 00080000281543a9412aa400170041a8 0000382001c830421e914308404c9800 3 8
# 0.2223 seconds
# 204925 nodes in table
# best score 9
42 00080000281543a9412a2410170041a8 0000382001c830421e914308408c9800 3 9
# 0.2291 seconds
# 209548 nodes in table
# best score 10
44 00080000281543a9c12a2010170041a8 0000382001c830421e90430c408c9800 3 10
# 0.1994 seconds
# 223426 nodes in table
# best score 13
46 00000100281543a9c12a2010170041a8 0000382001c830421e90430e408c9000 4 13
# 0.6981 seconds
# 224902 nodes in table
# best score 13
48 00000100281543a9c12a20001f0041a8 0000380005c830421e90430e408c9000 3 13
# 0.0957 seconds
# 226257 nodes in table
# best score 15
50 00000100280543a9c12e20001f0041a8 0000380003c830421e90430e408c9000 3 15
# 0.0406 seconds
# 230788 nodes in table
# best score 17
52 00000100280543a9c12e20001f0141a0 0000380003c830421e80470e408c9000 4 17
# 0.3896 seconds
# 232453 nodes in table
# best score 18
54 00000100280543a9c12e20401e0141a0 0000380001c830461e80470e408c9000 4 18
# 0.1660 seconds
# 232576 nodes in table
# best score 10000
56 00000100200543b9c12e20401e0141a0 00003804018830461e80470e408c9000 5 10000
# 0.0031 seconds
# 232580 nodes in table
# best score 10000
58 00000100200703b9c12e20401e0141a0 00003804019030461e80470e408c9000 8 10000
# 0.0005 seconds

