Randseed 23dffd7d
# 5709 nodes in table
# best score 0
1 00aa8002aa000aa8002aa000aa8002ac 00002aa800aaa002aa800aaa002aa800 2 0
# 0.4649 seconds
# 10495 nodes in table
# best score 1
3 00aa8002aa000aa8002a6000aa8002ac 00002aa800aab000aa800aaa002aa800 2 1
# 0.5562 seconds
# 35216 nodes in table
# best score -1
5 00aa8002aa000aa8002a6000aa81028c 00002aa800aab000ab000aaa002aa800 3 -1
# 1.4854 seconds
# 54266 nodes in table
# best score 0
7 00aa8002b2000aa8002a6000aa81028c 00002aa800aab000ab000aac002aa800 3 0
# 0.9680 seconds
# 67187 nodes in table
# best score 1
9 00aa8002b2000aa8002a6000ac81028c 00002aa800aab000ab000aa8012aa800 3 1
# 0.6254 seconds
# 97317 nodes in table
# best score 0
11 002a9002b2000aa8002a6000ac81028c 00002aa800aab000ab000aa8012a6800 3 0
# 1.1491 seconds
# 109702 nodes in table
# best score 2
13 002c9002b2000aa8002a6000ac81028c 00002ab000aab000ab000aa8012a6800 3 2
# 0.6072 seconds
# 119820 nodes in table
# best score 3
15 002d1002b2000aa8002a6000ac81028c 00002ab000aa3010ab000aa8012a6800 3 3
# 0.4482 seconds
# 130410 nodes in table
# best score 4
17 002e1002b2000aa8002a6000ac81028c 00002ab000aa5010ab000aa8012a6800 3 4
# 0.4419 seconds
# 141909 nodes in table
# best score 3
19 002c1102b2000aa8002a6000ac81028c 00002ab000a85050ab000aa8012a6800 3 3
# 0.5752 seconds
# 153866 nodes in table
# best score 3
21 002c1102b2000aa800326000ac81028c 00002ab000a85050ab000aa8012a3800 3 3
# 0.4706 seconds
# 163267 nodes in table
# best score 4
23 002c1102b21008a800326000ac81028c 00002ab000e84050ab000aa8012a3800 3 4
# 0.4992 seconds
# 176377 nodes in table
# best score 3
25 002c1102b21008a800226400ac81028c 000022b100e84050ab000aa8012a3800 3 3
# 0.5648 seconds
# 187678 nodes in table
# best score 5
27 002c1102b41008a800226400ac81028c 000022b100e84050ab000aa8012c3800 3 5
# 0.5189 seconds
# 201565 nodes in table
# best score 4
29 002c1102b41008a800026400ec81028c 000020b140e84050ab000aa8012c3800 3 4
# 0.5579 seconds
# 207572 nodes in table
# best score 5
31 002c1900b41008a800026400ec81028c 000020b140e84050ab000aa8011c3800 3 5
# 0.2466 seconds
# 223248 nodes in table
# best score 7
33 000c1d00b41008a800026400ec81028c 000020b140e84050ab000a68011c3800 4 7
# 1.0922 seconds
# 234561 nodes in table
# best score 7
35 00081d00bc1008a800026400ec81028c 000020b040e84450ab000a68011c3800 4 7
# 0.6823 seconds
# 246795 nodes in table
# best score 8
37 00080f00bc1008a800026400ec81028c 000020b040e84450ab100868011c3800 4 8
# 0.5803 seconds
# 266582 nodes in table
# best score 9
39 00000f00bc1108a800026400ec81028c 000020b040e84410bb100868011c3800 4 9
# 0.8329 seconds
# 301419 nodes in table
# best score 6
41 00000f00bc15082800026400ec81028c 000020b000e84510bb100868011c3800 4 6
# 1.5309 seconds
# 314666 nodes in table
# best score 7
43 00000f00bc15082800026400ec814288 0000207000e84510bb100868011c3800 4 7
# 0.6122 seconds
# 328077 nodes in table
# best score 6
45 00000700bc15082804026400ec814288 0000207000e84510bb100878011c3000 4 6
# 0.6214 seconds
# 357367 nodes in table
# best score 5
47 00000700bc1108280402e400ec814288 0000207000e04510bb110878011c3000 5 5
# 1.4496 seconds
# 362674 nodes in table
# best score 9
49 00000700bc1108280402e400ee814280 0000207000604510fb110878011c3000 4 9
# 0.3606 seconds
# 369650 nodes in table
# best score 6
51 00000700bc0108280402e404ee814280 0000207000604510fb310878011c2000 5 6
# 0.3837 seconds
# 375555 nodes in table
# best score 5
53 00000700bc0110280402e404ee814280 0000207000604510fb710838011c2000 5 5
# 0.3913 seconds
# 383421 nodes in table
# best score 6
55 00000700b80110280402f404ee814280 0000207200604410fb710838011c2000 6 6
# 0.4622 seconds
# 428678 nodes in table
# best score 5
57 00000700b88100280402f404ee814280 0000107200604410fb710838011c2000 7 5
# 3.0158 seconds
# 436663 nodes in table
# best score 7
59 00000700b88100240402f404ee814280 0000107200608410fb710838011c2000 8 7
# 0.7096 seconds
# 440433 nodes in table
# best score 6
61 00000700b88100240402f404ee814300 0000107204608410fa710838011c2000 7 6
# 0.5382 seconds

