Randseed 23e0de73
# 5069 nodes in table
# best score 1
0 00aa8002aa000aa8002aa000aa8002aa 00002aa800aaa002aa800aaa002aa800 2 1
# 0.4706 seconds
# 9645 nodes in table
# best score 1
2 00aa8002aa000aa8002aa000aa8002ac 00002aa800aaa002aa800aa2012aa800 2 1
# 0.4940 seconds
# 15036 nodes in table
# best score 2
4 00ab0002aa000aa8002aa000aa8002ac 00002aac002aa002aa800aa2012aa800 2 2
# 0.4134 seconds
# 33150 nodes in table
# best score 2
6 002b1002aa000aa8002aa000aa8002ac 00002aac002aa002ab000aa2012aa800 3 2
# 1.2817 seconds
# 51512 nodes in table
# best score 2
8 002b1002aa000aa8002aa000aa8042a8 00002aa4012aa002ab000aa2012aa800 3 2
# 1.0432 seconds
# 64786 nodes in table
# best score 3
10 002a1042aa000aa8002aa000aa8042a8 00002aa4012aa002ab0002a3012aa800 3 3
# 0.6984 seconds
# 76069 nodes in table
# best score 4
12 002a1042a8004aa8002aa000aa8042a8 00002aa4012aa002ab1000a3012aa800 3 4
# 0.5658 seconds
# 86023 nodes in table
# best score 5
14 002a1042a8004aa8002aa000aa9040a8 00002aa4012aa042a31000a3012aa800 3 5
# 0.4325 seconds
# 94067 nodes in table
# best score 6
16 002a1042a8004aa8002aa000aa944028 00002aa4012aa042a31000a3052a2800 3 6
# 0.3176 seconds
# 99358 nodes in table
# best score 6
18 00281042a8014aa8002aa000aa944028 00002a84052aa042a31000a3052a2800 3 6
# 0.2680 seconds
# 107645 nodes in table
# best score 6
20 00281042a8010ab8002aa000aa944028 00002a84052aa042a31000a315282800 3 6
# 0.2743 seconds
# 113500 nodes in table
# best score 7
22 00281042a8010ab9000aa000aa944028 00002a84052aa042a31000a115682800 3 7
# 0.1883 seconds
# 120280 nodes in table
# best score 8
24 00281002b8010ab9000aa000aa944028 00002a84052aa442a30000a115682800 3 8
# 0.1981 seconds
# 124513 nodes in table
# best score 9
26 00281002b8050ab1000aa000aa944028 00002a84012ae442a30000a115682800 3 9
# 0.2419 seconds
# 128712 nodes in table
# best score 12
28 00281102b8050aa1000aa000aa944028 00002a84010ae442e30000a115682800 3 12
# 0.1284 seconds
# 131194 nodes in table
# best score 13
30 00081502b8050aa1000aa000aa944028 00002884410ae442e30000a115682800 3 13
# 0.1710 seconds
# 134286 nodes in table
# best score 14
32 00081502b8050aa1000aa010aa944020 00002884410ae442e30000a115283800 3 14
# 0.1664 seconds
# 160599 nodes in table
# best score 17
34 00081502b8050a21040aa010aa944020 00002884410ae442e30008a115083800 4 17
# 1.4163 seconds
# 184783 nodes in table
# best score 18
36 00081502b8050a21040aa010aa954000 00002085410ae442e30008a115083800 4 18
# 1.4778 seconds
# 196448 nodes in table
# best score 18
38 00081502b8050a21040aa010a295c000 00002085410ae442e30408a105083800 4 18
# 0.9155 seconds
# 213287 nodes in table
# best score 18
40 00081502b8050a21040aa014a215c000 00002085010ae542e30408a105083800 4 18
# 1.0319 seconds
# 224832 nodes in table
# best score 19
42 00081502b8010a21040ae014a215c000 00002085010ae552e20408a105083800 4 19
# 0.6216 seconds
# 232680 nodes in table
# best score 19
44 00080502b8410a21040ae014a215c000 000020850102e5d2e20408a105083800 4 19
# 0.4981 seconds
# 238043 nodes in table
# best score 20
46 00080102b8510a21040ae014a215c000 000020850100e5d2e20408e105083800 4 20
# 0.4154 seconds
# 254264 nodes in table
# best score 20
48 00080102b8710821040ae014a215c000 000028840100e5d2e20408e105083800 5 20
# 0.6599 seconds
# 257501 nodes in table
# best score 20
50 00080102b87108210402e114a215c000 000028840100e5d0e24408e105083800 5 20
# 0.2297 seconds
# 261453 nodes in table
# best score 20
52 00080102b87108210402e110a217c000 000028840500e5d0e04408e105083800 5 20
# 0.2469 seconds
# 261484 nodes in table
# best score 10000
54 00080102b87108210402c110e217c000 000028840500e5d0e06408e005083800 6 10000
# 0.0031 seconds
# 261487 nodes in table
# best score 10000
56 00080102b871082104038110e217c000 000028a40500e5c0e06408e005083800 8 10000
# 0.0003 seconds

