Randseed 23e9551a
# 5920 nodes in table
# best score 0
1 00aa8002a6000aa8002aa000aa8002aa 00002aa800aaa002aa800aaa002aa800 2 0
# 0.4930 seconds
# 13976 nodes in table
# best score -1
3 00aa8012a2000aa8002aa000aa8002aa 00002aa800aaa002aa001aaa002aa800 2 -1
# 0.6471 seconds
# 21695 nodes in table
# best score 0
5 00ab8012a0000aa8002aa000aa8002aa 00002aa800aaa002aa001aaa001aa800 2 0
# 0.6913 seconds
# 28273 nodes in table
# best score 0
7 00af8002a0000aa8002aa000aa8002aa 00002aa001aaa002aa001aaa001aa800 2 0
# 0.5435 seconds
# 42239 nodes in table
# best score -1
9 00af0102a0000aa8002aa000aa8002aa 00002aa000aae002aa001aaa001aa800 3 -1
# 0.7185 seconds
# 53243 nodes in table
# best score -1
11 00bf010280000aa8002aa000aa8002aa 00002aa000aae002aa000aaa005aa800 3 -1
# 0.7546 seconds
# 65132 nodes in table
# best score -1
13 00be050280000aa8002aa000aa8002aa 000028a040aae002aa000aaa005aa800 3 -1
# 0.5429 seconds
# 78339 nodes in table
# best score -1
15 00be040380000aa8002aa000aa8002aa 000028a040aae002aa4002aa005aa800 3 -1
# 0.7790 seconds
# 88099 nodes in table
# best score 0
17 00be0403801008a8002aa000aa8002aa 000030a040aae002aa4002aa005aa800 3 0
# 0.3748 seconds
# 95970 nodes in table
# best score 1
19 00be0403805000a8002aa000aa8002aa 000030a040aae002aa4002ae005aa000 3 1
# 0.3178 seconds
# 103744 nodes in table
# best score 6
21 00be0403805000a8002aa000b28002aa 000030a040aae002aa4042ae001aa000 3 6
# 0.3183 seconds
# 111173 nodes in table
# best score 7
23 00be0403805000a8002aa000b28002b2 000030a040aac012aa4042ae001aa000 3 7
# 0.4222 seconds
# 116981 nodes in table
# best score 8
25 00be0403805000a8000aa400b28002b2 000030a040aac012aa4042ae000ea000 3 8
# 0.2488 seconds
# 123473 nodes in table
# best score 8
27 00be0403805000a8000aa410b08002b2 000030a040aac012aa4042ae010e8000 3 8
# 0.2627 seconds
# 130172 nodes in table
# best score 8
29 00be0403805000a8000ba400b08002b2 000030a040aac013aa0042ae010e8000 3 8
# 0.3419 seconds
# 135558 nodes in table
# best score 9
31 00be0403805000a80007a400b08002b2 000030a040aac013aa0041ae010e8000 3 9
# 0.3142 seconds
# 138626 nodes in table
# best score 10
33 00be0403805000a80007a400b08001b2 000030c040aac013aa0041ae010e8000 3 10
# 0.1594 seconds
# 142242 nodes in table
# best score 11
35 00be0403805000a81003a400b08001b2 000030c000aac113aa0041ae010e8000 3 11
# 0.1750 seconds
# 174361 nodes in table
# best score 13
37 00be0403805000a81003a400b00011b2 000030c000aac113aa0040ee010e8000 4 13
# 1.6132 seconds
# 176461 nodes in table
# best score 11
39 00be0403805000a81003a400b00001b6 000030c0008ac513aa0040ee010e8000 3 11
# 0.0909 seconds
# 185165 nodes in table
# best score 14
41 00be0403805000a81003a400b00001bc 000030c00082c513aa0440ee010e8000 4 14
# 0.6208 seconds
# 192397 nodes in table
# best score 14
43 00fe0403801000a81003a400b00001bc 000030c00082c513aa0440fe000e8000 4 14
# 0.6692 seconds
# 201771 nodes in table
# best score 15
45 00fc0403801800a81003a400b00001bc 000020c40082c513aa0440fe000e8000 4 15
# 0.6848 seconds
# 209046 nodes in table
# best score 16
47 00f80403801c00a81003a400b00001bc 000020c40082c113ea0440fe000e8000 4 16
# 0.4127 seconds
# 211772 nodes in table
# best score 16
49 00f80403801c00a81003a400b00001f8 000020c40083c113ea0440fc000e8000 3 16
# 0.1278 seconds
# 215849 nodes in table
# best score 18
51 00f80403801c00a81003a400b00003f0 000020c40083c113ea0440fc000f0000 4 18
# 0.2825 seconds
# 216914 nodes in table
# best score 19
53 00f80403801c00a81003a400b01003e0 000020c40081c113ee0440fc000f0000 4 19
# 0.0810 seconds
# 216984 nodes in table
# best score 10000
55 00f80403801c00c81003a400b01003e0 000020c40081d013ee0440fc000f0000 6 10000
# 0.0020 seconds
# 216993 nodes in table
# best score 10000
57 00f80403801c00c811038400b01003e0 000020c408819013ee0440fc000f0000 8 10000
# 0.0003 seconds

