Randseed 23e99aee
# 5160 nodes in table
# best score 1
0 00aa8002aa000aa8002aa000aa8002aa 00002aa800aaa002aa800aaa002aa800 2 1
# 0.4763 seconds
# 10430 nodes in table
# best score 2
2 00aa8002aa000aa8002aa000aa8001aa 00002aa800aaa002aa001aaa002aa800 2 2
# 0.6569 seconds
# 15199 nodes in table
# best score 3
4 00aa0012aa000aa8002aa000aa8001aa 00002aa800aaa002aa000aaa006aa800 2 3
# 0.3587 seconds
# 32961 nodes in table
# best score 0
6 00aa0012aa000aa8002a8004aa8001aa 00002aa800aaa002aa000aa8006ab800 3 0
# 0.9586 seconds
# 44271 nodes in table
# best score 0
8 00aa0012aa004aa0002a8004aa8001aa 00002aa800aaa002aa000aa8012ab800 3 0
# 0.8031 seconds
# 69998 nodes in table
# best score -1
10 00aa0012aa004aa0002a8004aa8001ac 00002aa800aaa002aa004aa8012ab000 3 -1
# 1.1453 seconds
# 82182 nodes in table
# best score -1
12 006a0012aa004aa0002a8004aa8001ac 00002a8804aaa002aa004aa8012ab000 3 -1
# 0.6570 seconds
# 92622 nodes in table
# best score -1
14 00680052aa004aa0002a8004aa8001ac 00002a8800aaa012aa004aa8012ab000 3 -1
# 0.6686 seconds
# 102382 nodes in table
# best score -1
16 00680012ba004aa0002a8004aa8001ac 00002b0800aaa012aa004aa8012ab000 3 -1
# 0.4627 seconds
# 110746 nodes in table
# best score -1
18 00680002be004aa0002a8004aa8001ac 00002b0800a9a012aa004aa8012ab000 3 -1
# 0.4035 seconds
# 120069 nodes in table
# best score -1
20 00280402be004aa0002a8004aa8001ac 00002a0840a9a012aa004aa8012ab000 3 -1
# 0.4089 seconds
# 126519 nodes in table
# best score -1
22 00200502be004aa0002a8004aa8001ac 00002a0840a9a012aa004a98012ab000 3 -1
# 0.2764 seconds
# 137176 nodes in table
# best score -1
24 00200502be004aa0002a8004a88041ac 00002a0840a8a012ae004a98012ab000 3 -1
# 0.4937 seconds
# 155248 nodes in table
# best score -2
26 00200502be004aa0002a8004a88440ac 00002a0840a82012be004a98012ab000 3 -2
# 0.7250 seconds
# 162659 nodes in table
# best score -2
28 00000503be004aa0002a8004a88440ac 00002a0840a82112be004a88012ab000 3 -2
# 0.2932 seconds
# 173030 nodes in table
# best score -3
30 00000503be004aa0002a8004a885408c 00002a0840a82112be004a881128b000 3 -3
# 0.4886 seconds
# 187732 nodes in table
# best score -2
32 00000503be004aa0002a8004e885400c 00002a0840a82112be004a8815283000 3 -2
# 0.6075 seconds
# 239374 nodes in table
# best score -1
34 00000503be004aa0002a8104e881400c 00002a0840a82102be044a8815283000 4 -1
# 2.3205 seconds
# 282408 nodes in table
# best score -1
36 00000503be004aa0402a81046881400c 00002a0840982102be044a8815283000 4 -1
# 1.9199 seconds
# 293850 nodes in table
# best score 1
38 00000503be004aa0402a81046881c008 00002a0c40182102be044a8815283000 4 1
# 0.6629 seconds
# 309369 nodes in table
# best score 0
40 00000503be0048a0403a81046881c008 00002a0c401821033e044a8815283000 4 0
# 0.8677 seconds
# 317634 nodes in table
# best score 0
42 00000503be0048a0403a81446881c000 00002a0c401821033e044a8815303000 4 0
# 0.4444 seconds
# 328893 nodes in table
# best score 0
44 00000503be0048a0403b814468818000 00002a0c401821033e044c8815303000 4 0
# 0.5561 seconds
# 367118 nodes in table
# best score -3
46 00000503be0048a0403b014468838000 00002a0c401821033e44488815303000 5 -3
# 1.0762 seconds
# 380660 nodes in table
# best score -3
48 00000403be0148a0403b014468838000 0000320c401821033e44488815303000 5 -3
# 0.4321 seconds
# 390551 nodes in table
# best score -3
50 00000403be0148a0003b014468878000 0000220c409821033e44488815303000 5 -3
# 0.3761 seconds
# 404075 nodes in table
# best score 0
52 00000403be0148a0803b014428878000 0000220c409831023e44488815303000 5 0
# 0.4679 seconds
# 426023 nodes in table
# best score 1
54 00000403be0148a1801b014428878000 0000220c408831023e44488817303000 6 1
# 0.7858 seconds
# 432094 nodes in table
# best score 1
56 00000403be0508a1801b014428878000 0000220c408831123e44488807303000 6 1
# 0.3672 seconds
# 460029 nodes in table
# best score 1
58 00000403be4508a1801a014428878000 0000220c4088311a3e44488803303000 8 1
# 1.2811 seconds
# 470401 nodes in table
# best score 1
60 00000403be4508a1801a014028c78000 0000220c4088311e3e44488801303000 8 1
# 0.5068 seconds
# 476333 nodes in table
# best score 1
62 00000503be450881801a014028c78000 0000220c4188311e3e44480801303000 8 1
# 0.2872 seconds
# 477052 nodes in table
# best score 3
64 00200503be4508818018014028c78000 0000220c4188311e3e44480801306000 8 3
# 0.0978 seconds
# 477055 nodes in table
# best score 10000
66 00200503be4508818018014028879000 0000220c4188311e3e40480801306008 8 10000
# 0.0007 seconds
# 477055 nodes in table
# best score 10000
68 00300503be4508818018014028871000 000022044188311e3e40480801306018 10 10000
# 0.0002 seconds

