Randseed 23f2eacc
# 5570 nodes in table
# best score 0
1 002a9002aa000aa8002aa000aa8002aa 00002aa800aaa002aa800aaa002aa800 2 0
# 0.4645 seconds
# 10069 nodes in table
# best score 0
3 002a9002aa4002a8002aa000aa8002aa 00002aa800aab000aa800aaa002aa800 2 0
# 0.4237 seconds
# 16698 nodes in table
# best score 0
5 002a9003aa0002a8002aa000aa8002aa 00002aa800aab000aa800aaa002ab000 2 0
# 0.4404 seconds
# 35848 nodes in table
# best score -2
7 002a9003aa0002a8001aa000aa8002aa 00002aa800aab000aa8006aa002ab000 3 -2
# 1.0515 seconds
# 56606 nodes in table
# best score -2
9 002a9003aa0002a8001aa0006a8002aa 00002aa800aab000aa8006aa001ab000 3 -2
# 1.0059 seconds
# 98298 nodes in table
# best score -1
11 001a9003aa0002a8001aa0006a8002aa 000026a800aab000aa8006aa001ab000 3 -1
# 1.8871 seconds
# 112136 nodes in table
# best score -1
13 001a9003aa0002a8001aa0006a8001aa 000026a800aab000b28006aa001ab000 3 -1
# 0.8063 seconds
# 126447 nodes in table
# best score -2
15 001a8003aa1002a8001aa0006a8001aa 000022a840aab000b28006aa001ab000 3 -2
# 0.6641 seconds
# 144856 nodes in table
# best score -3
17 001a8001aa1002a8401aa0006a8001aa 000022b040aab000b28006aa001ab000 3 -3
# 0.7045 seconds
# 167148 nodes in table
# best score -3
19 001b0001aa1002a8401aa0006a8001aa 000022b040aab000b28006aa000eb000 3 -3
# 0.8766 seconds
# 175412 nodes in table
# best score -3
21 001b0001aa1002a8401aa0006a8000ea 000022b040aab400328006aa000eb000 3 -3
# 0.3302 seconds
# 182633 nodes in table
# best score -3
23 001b0001aa1002a8401aa0003a8000ea 000022b040aab400328003aa000eb000 3 -3
# 0.3124 seconds
# 190002 nodes in table
# best score -3
25 000b0101aa1002a8401aa0003a8000ea 000022e040aab400328003aa000eb000 3 -3
# 0.3648 seconds
# 196961 nodes in table
# best score -4
27 000b0100aa1002a8401ea0003a8000ea 000022e040aab500228003aa000eb000 3 -4
# 0.2300 seconds
# 202387 nodes in table
# best score -4
29 000e0100aa1002a8401ea0003a8000ea 000022e040aab500228003aa0007b000 3 -4
# 0.2159 seconds
# 222215 nodes in table
# best score -1
31 000e0100a81042a8401ea0003a8000ea 0000226044aab500228003aa0007b000 4 -1
# 1.0166 seconds
# 249212 nodes in table
# best score -1
33 000e0100a01142a8401ea0003a8000ea 0000226044aeb500028003aa0007b000 4 -1
# 1.0234 seconds
# 267740 nodes in table
# best score -1
35 000e0100a01102a8411ea0003a8000ea 0000222044aeb510028003aa0007b000 4 -1
# 0.8481 seconds
# 285019 nodes in table
# best score -1
37 000c0100b01102a8411ea0003a8000ea 0000222044aeb510028001ea0007b000 4 -1
# 0.7418 seconds
# 296726 nodes in table
# best score 0
39 000c0100b01102a0411ea0043a8000ea 0000220044aeb510028041ea0007b000 4 0
# 0.4745 seconds
# 309474 nodes in table
# best score 1
41 000c0100b01102a0411ea014388000ea 0000220040aeb510028041ea0107b000 4 1
# 0.3718 seconds
# 325569 nodes in table
# best score 1
43 000c0100b01102a0401ea01438c000ea 0000220040aeb450028041ea0107b000 4 1
# 0.5616 seconds
# 338548 nodes in table
# best score 1
45 000c0100b01102a0401e801438c008ea 0000220040ae3450028041ea0107f000 4 1
# 0.5885 seconds
# 451292 nodes in table
# best score -1
47 000c0100b01102a0401e801470c008ea 0000220040ae3450028041ea0507e000 5 -1
# 3.3846 seconds
# 461676 nodes in table
# best score 0
49 000c0100b01102a0401e821460c008ea 0000200040ae34500a8041ea0507e000 4 0
# 0.5083 seconds
# 476916 nodes in table
# best score -2
51 00080100b81102a0401e821460c008ea 00002000408e3c500a8041ea0507e000 5 -2
# 0.5053 seconds
# 495818 nodes in table
# best score 2
53 00080100b81102a0401e821460c0087a 00002000408e3c500a8140ea0507e000 6 2
# 0.6577 seconds
# 506720 nodes in table
# best score 1
55 00080100b81102a0401e821460c0083e 00002000408e1c540a8140ea0507e000 5 1
# 0.4125 seconds
# 508892 nodes in table
# best score 5
57 00080100b81102a0401e821060c0083f 00002000408e1c500b8140ea0507e000 5 5
# 0.0920 seconds
# 515657 nodes in table
# best score 8
59 00080100b81102a0401e82106040087f 00002000408e1c500b81406e0507e000 7 8
# 0.3328 seconds
# 523371 nodes in table
# best score 10000
61 00080100b81102a0401e8210600008ff 00002200408e1c500b81402e0507e000 8 10000
# 0.3616 seconds
# 523377 nodes in table
# best score 10000
63 00080100b81102a0401e8210600400ff 00002600408e1c500b81402e0503e000 8 10000
# 0.0060 seconds
# 523378 nodes in table
# best score 10000
65 00000100b81102a0441e8210600400ff 00002e00408e1c400b81402e0503e000 8 10000
# 0.0018 seconds
# 523379 nodes in table
# best score 10000
67 00000100b81102a0541e8210600400fe 00003e00408e1c400b01402e0503e000 10 10000
# 0.0003 seconds

