Randseed 23f35134
# 6035 nodes in table
# best score 1
0 00aa8002aa000aa8002aa000aa8002aa 00002aa800aaa002aa800aaa002aa800 2 1
# 0.6491 seconds
# 14566 nodes in table
# best score 1
2 00aa8002aa000aa8002aa000aa80029a 00001aa800aaa002aa800aaa002aa800 2 1
# 0.7118 seconds
# 21264 nodes in table
# best score 1
4 00aa0012aa000aa8002aa000aa80029a 00001aa001aaa002aa800aaa002aa800 2 1
# 0.4858 seconds
# 37389 nodes in table
# best score -1
6 00aa0012aa4002a8002aa000aa80029a 00001aa1018aa002aa800aaa002aa800 3 -1
# 1.1001 seconds
# 49929 nodes in table
# best score 0
8 00aa0012aa4002a8002aa000aa80019a 00001ea0018aa002aa800aaa002aa800 3 0
# 0.6437 seconds
# 65319 nodes in table
# best score 0
10 00aa0002ae4002a8002aa000aa80019a 00001ec0018aa002aa800aaa002aa800 3 0
# 0.7243 seconds
# 76610 nodes in table
# best score 0
12 00aa0002bc4002a8002aa000aa80019a 00001f80018aa002aa800aaa002aa800 3 0
# 0.5404 seconds
# 88440 nodes in table
# best score 1
14 00aa0002f84002a8002aa000aa80019a 00003f00018aa002aa800aaa002aa800 3 1
# 0.5639 seconds
# 99647 nodes in table
# best score 2
16 00aa0002f84002a8002aa000aa84009a 00003e04018aa002aa800aaa002aa800 3 2
# 0.5343 seconds
# 110730 nodes in table
# best score 2
18 00aa0002f84002a8002aa100aa84001a 00003e04018aa0026a800aaa002aa800 3 2
# 0.4546 seconds
# 120284 nodes in table
# best score 2
20 00a80042f84002a8002aa100aa84001a 00003c04018ab0026a800aaa002aa800 3 2
# 0.5319 seconds
# 132720 nodes in table
# best score 2
22 00a80102f84002a8002aa100aa84001a 00003804018ab0026ac00aaa002aa800 3 2
# 0.5087 seconds
# 146545 nodes in table
# best score 2
24 00680102f84002a8002aa100aa84001a 00003004018ab0026ac00eaa002aa800 3 2
# 0.5219 seconds
# 154237 nodes in table
# best score 2
26 00680102f84002a8002aa1006a84001a 00002004018ab0026ac00eab002aa800 3 2
# 0.2518 seconds
# 161404 nodes in table
# best score 2
28 00680102f84002a8003aa1002a84001a 00000004018ab0026ac00eab003aa800 3 2
# 0.2941 seconds
# 168455 nodes in table
# best score 2
30 00680102f84002a0013aa1002a84001a 00000000018ab0036ac00eab003aa800 3 2
# 0.3394 seconds
# 179270 nodes in table
# best score 3
32 00680102f84002a0013aa1002a84400a 00000000010ab003eac00eab003aa800 3 3
# 0.3884 seconds
# 188362 nodes in table
# best score 3
34 00680102f84002a0011aa1003a84400a 00000000010ab003eac00eab043a2800 3 3
# 0.4623 seconds
# 196971 nodes in table
# best score 4
36 00600102f84402a0011aa1003a84400a 000000000102b103eac00eab043a2800 3 4
# 0.2803 seconds
# 205406 nodes in table
# best score 7
38 00600102f04402a0111aa1003a84400a 000000000102b103eac00eab04392800 3 7
# 0.2727 seconds
# 211308 nodes in table
# best score 15
40 00600102e04402a0111ba1003a84400a 000000000102b103eac00ebb00392800 3 15
# 0.2368 seconds
# 219918 nodes in table
# best score 15
42 00600102e04402a0110ba1003e84400a 000000000102b103eac00e7b00392800 3 15
# 0.4132 seconds
# 226271 nodes in table
# best score 16
44 00600102e04402a0110f21003e84400a 000000000102b003eac00e7b00392900 3 16
# 0.2413 seconds
# 232818 nodes in table
# best score 17
46 00600102e04402a0100f21043e84400a 000000000102a003eac00e7b00392980 3 17
# 0.2945 seconds
# 239471 nodes in table
# best score 18
48 00600103e04402a0100e21043e84400a 000000000102a003eac00c7b003929c0 3 18
# 0.3057 seconds
# 241949 nodes in table
# best score 20
50 00600103e00402a0100e21043f84400a 000000000100a043eac00c7b003929c0 3 20
# 0.1643 seconds
# 249990 nodes in table
# best score 22
52 00600103e00402a0100e21043f845008 000000000100a043eac00c7b003909c4 4 22
# 0.3199 seconds
# 264528 nodes in table
# best score 21
54 00600003e00403a0100e21043f845008 000000000100a043eac00c7b003909c2 5 21
# 0.5755 seconds
# 264639 nodes in table
# best score 10000
56 00600403e00403a0100e21043f805008 000000000100a043eac00c7b003909c1 7 10000
# 0.0133 seconds
# 264644 nodes in table
# best score 10000
58 00600401e00603a0100e21043f805008 000000000100a043eac00c7b007909c0 7 10000
# 0.0006 seconds

