Randseed 23fcb101
# 5172 nodes in table
# best score 0
1 00ab0002aa000aa8002aa000aa8002aa 00002aa800aaa002aa800aaa002aa800 2 0
# 0.4470 seconds
# 9958 nodes in table
# best score 0
3 006b0002aa000aa8002aa000aa8002aa 00002aa800aaa002aa800aab000aa800 2 0
# 0.3667 seconds
# 14744 nodes in table
# best score 0
5 003b0002aa000aa8002aa000aa8002aa 00002aa800aaa002aa800aab000ab000 2 0
# 0.3438 seconds
# 19362 nodes in table
# best score 0
7 003e0002aa000aa8002aa000aa8002aa 00002aa800aaa002aac00aaa000ab000 2 0
# 0.3327 seconds
# 33033 nodes in table
# best score -1
9 001e0042aa000aa8002aa000aa8002aa 00002ca800aaa002aac00aaa000ab000 3 -1
# 1.0338 seconds
# 50057 nodes in table
# best score 0
11 000e0042aa010aa8002aa000aa8002aa 000028a900aaa002aac00aaa000ab000 3 0
# 0.8654 seconds
# 69722 nodes in table
# best score 3
13 00060042aa010aa8042aa000aa8002aa 000028a900aaa003aac002aa000ab000 3 3
# 1.2029 seconds
# 87262 nodes in table
# best score 3
15 00020042aa010aa8042aa010aa8002aa 000028a900aaa403aa8002aa000ab000 3 3
# 0.9557 seconds
# 104475 nodes in table
# best score 3
17 00000042aa010aa8042aa010aa8042aa 000028a9006aa403aa8002aa000ab000 3 3
# 1.0958 seconds
# 133113 nodes in table
# best score 2
19 00000044aa010aa8042aa010aa8042aa 000018a9006aa403aa8002aa000ab000 3 2
# 1.2747 seconds
# 146849 nodes in table
# best score 4
21 00000040aa810aa8042aa010aa8042aa 00001829106aa403aa8002aa000ab000 3 4
# 0.6314 seconds
# 161592 nodes in table
# best score 5
23 000000406a810aa8042aa010aa8042aa 00001829103aa403aa8002aa000ab000 3 5
# 0.6877 seconds
# 189878 nodes in table
# best score 4
25 000000402a850aa8042aa010aa8042aa 00001829103aa403aa8002aa010aa000 3 4
# 1.2416 seconds
# 198140 nodes in table
# best score 4
27 0000004028854aa8042aa010aa8042aa 00001809143aa403aa8002aa010aa000 3 4
# 0.4657 seconds
# 239204 nodes in table
# best score 2
29 0000004028850ab8042aa010aa8042aa 00001801153aa403aa8002aa010aa000 3 2
# 1.7166 seconds
# 249803 nodes in table
# best score 3
31 0000004028450ab8042aa010aa8042aa 00001801053aa443aa8002aa010aa000 3 3
# 0.5585 seconds
# 262432 nodes in table
# best score 3
33 0000004028c502b8042aa010aa8042aa 00001801053aa443a88042aa010aa000 3 3
# 0.5840 seconds
# 268905 nodes in table
# best score 3
35 00000044288502b8042aa010aa8042aa 00001801053aa443a88002ae010aa000 3 3
# 0.3618 seconds
# 274885 nodes in table
# best score 3
37 00002044280502b8042aa010aa8042aa 000018010538a443b88002ae010aa000 3 3
# 0.4662 seconds
# 301048 nodes in table
# best score 4
39 01002040280502b8042aa010aa8042aa 000018010538a503b88002ae010aa000 4 4
# 1.4289 seconds
# 317243 nodes in table
# best score 4
41 01800040280502b8042aa010aa8042aa 000018010538a503b880028e050aa000 4 4
# 0.9229 seconds
# 334649 nodes in table
# best score 4
43 00c00040280502b8042aa010aa8042aa 000018010538a503b880128e050a8000 4 4
# 0.9071 seconds
# 358150 nodes in table
# best score 4
45 00600040280502b8042aa010aa8042aa 000018010538a503b880128e010b8000 4 4
# 0.9156 seconds
# 377934 nodes in table
# best score 4
47 00600040280500b8442aa010aa8042aa 000008010538a503b890128e010b8000 4 4
# 0.7282 seconds

