Randseed 23fd3ab2
# 5579 nodes in table
# best score 1
0 00aa8002aa000aa8002aa000aa8002aa 00002aa800aaa002aa800aaa002aa800 2 1
# 0.4715 seconds
# 10288 nodes in table
# best score 1
2 00aa8002aa000aa8002aa000aa8002ac 00002aa001aaa002aa800aaa002aa800 2 1
# 0.4566 seconds
# 15490 nodes in table
# best score 1
4 00ab0002aa000aa8002aa000aa8002ac 00002aa001aaa002aa800aaa006aa000 2 1
# 0.3910 seconds
# 20092 nodes in table
# best score 1
6 00ab0002aa000aa8002aa000aa8002cc 00002aa000aaa006aa800aaa006aa000 2 1
# 0.3641 seconds
# 34477 nodes in table
# best score 1
8 00ab0002aa000aa8002aa000ab0002cc 00002aa000aaa006aa801aaa002aa000 3 1
# 0.9592 seconds
# 47245 nodes in table
# best score 2
10 00ab0002ac000aa8002aa000ab0002cc 00002aa000aae006aa801aa8002aa000 3 2
# 0.7690 seconds
# 58886 nodes in table
# best score 2
12 00ab0002ac000aa8002aa000ab0042c8 00002aa000abe006aa800aa8002aa000 3 2
# 0.5577 seconds
# 93655 nodes in table
# best score 2
14 00aa0042ac000aa8002aa000ab0042c8 00002aa000afe006aa000aa8002aa000 3 2
# 1.6785 seconds
# 130292 nodes in table
# best score 1
16 00aa0042ac000aa8002aa010ab0042c0 00002aa000bfe002aa000aa8002aa000 3 1
# 1.6099 seconds
# 144878 nodes in table
# best score 0
18 009a0042ac000aa8002aa010ab0042c0 00002aa000ffc002aa000aa8002aa000 3 0
# 0.7889 seconds
# 162415 nodes in table
# best score 0
20 009a0042ac000aa8002ac010ab0042c0 00002a9000ffc002aa000aa8002aa000 3 0
# 0.9048 seconds
# 179209 nodes in table
# best score 2
22 009a0042b8000aa8002ac010ab0042c0 00002a8002ffc002aa000aa8002aa000 3 2
# 0.9383 seconds
# 192190 nodes in table
# best score 2
24 00980142b8000aa8002ac010ab0042c0 00042a0002ffc002aa000aa8002aa000 3 2
# 0.6331 seconds
# 203601 nodes in table
# best score 2
26 00980142b8000aa8000ac410ab0042c0 00022a0002ffc002aa000aa8002aa000 3 2
# 0.4662 seconds
# 215494 nodes in table
# best score 4
28 00880142f8000aa8000ac410ab0042c0 00012a0002ffc002aa000aa8002aa000 3 4
# 0.4782 seconds
# 225752 nodes in table
# best score 6
30 00800143f8000aa8000ac410ab0042c0 00012c0002ffc002aa000aa8002aa000 3 6
# 0.5504 seconds
# 238153 nodes in table
# best score 6
32 00801043f8000aa8000ac410ab0042c0 00010c0402ffc002aa000aa8002aa000 3 6
# 0.6284 seconds
# 247920 nodes in table
# best score 5
34 00801043f8000aa8000ac410ab044280 00010c0402ffc002aa000aa4002aa000 3 5
# 0.4621 seconds
# 256342 nodes in table
# best score 5
36 00001063f8000aa8000ac410ab044280 00008c0402ffc002aa000aa4002aa000 3 5
# 0.4069 seconds
# 264699 nodes in table
# best score 9
38 00000073f8000aa8000ac410ab044280 00004c0402ffc002aa000aa4002aa000 3 9
# 0.4722 seconds
# 271270 nodes in table
# best score 10
40 00000079f8000aa8000ac410ab044280 00008c0402ffc002aa000aa4002aa000 3 10
# 0.3669 seconds
# 279024 nodes in table
# best score 10
42 00000079f80006a8000ac410ab044280 00010c0402ffc002aa000aa4002aa000 3 10
# 0.4382 seconds
# 287432 nodes in table
# best score 12
44 00000079f80006a8000ac010eb044280 00020c0402ffc002aa000aa4002aa000 3 12
# 0.3660 seconds
# 323975 nodes in table
# best score 15
46 00000079f80006a8000ac010eb144200 00040c0402ffc002aa000aa4002aa000 4 15
# 1.5651 seconds
# 347017 nodes in table
# best score 16
48 00000079f80006a8000ac010ee144200 0004180402ffc002aa000aa4002aa000 4 16
# 1.0186 seconds
# 374612 nodes in table
# best score 17
50 00000079f80006b0000ac010ee144200 0004180402ffc002ac000aa4002aa000 4 17
# 1.1192 seconds
# 398123 nodes in table
# best score 17
52 00000079f80002b0400ac010ee144200 0004180402ffc002ac000aa4002b2000 4 17
# 1.0786 seconds
# 411053 nodes in table
# best score 17
54 00000079f80002b0400a8010fe144200 0004180402ffc002ac000aa4002a2040 4 17
# 0.8124 seconds
# 428510 nodes in table
# best score 17
56 00000078f90002b0400a8010fe144200 0004180402ffc002ac000aa4002820c0 4 17
# 0.7093 seconds
# 447558 nodes in table
# best score 17
58 00000078790022b0400a8010fe144200 0004180402ffc002ac000aa4002021c0 4 17
# 0.6618 seconds
# 623287 nodes in table
# best score 16
60 00000078790022b0400b8010fe104200 0004180402ffc002ac000ac4002021c0 5 16
# 7.1387 seconds

