Randseed 240621de
# 5561 nodes in table
# best score 1
1 00aa8002aa000aa8002aa000aa8002a6 00002aa800aaa002aa800aaa002aa800 2 1
# 0.4829 seconds
# 11887 nodes in table
# best score 2
3 00aa8002aa000aa8012a8000aa8002a6 00002aa800aaa002aa800aaa002ab000 2 2
# 0.4616 seconds
# 15748 nodes in table
# best score 2
5 00aa8002aa000a88052a8000aa8002a6 00002aa800aaa012a8800aaa002ab000 2 2
# 0.3214 seconds
# 33078 nodes in table
# best score 1
7 00aa8002a8004a88052a8000aa8002a6 00002aa800aaa012a8800aa2012ab000 3 1
# 0.8655 seconds
# 51000 nodes in table
# best score 2
9 008a8402a8004a88052a8000aa8002a6 00002aa800aaa012a8801aa0012ab000 3 2
# 1.0956 seconds
# 69507 nodes in table
# best score 2
11 008a8402a8004a88052a8000aa810286 000032a800aaa012a8801aa0012ab000 3 2
# 0.7543 seconds
# 83140 nodes in table
# best score 2
13 008a8402a8004a88052a8000aa81028c 000032a800aaa012a8801aa0011ab000 3 2
# 0.6150 seconds
# 103555 nodes in table
# best score 2
15 008a8402a8000a88072a8000aa81028c 000032a800aaa012a8801aa0011ae000 3 2
# 0.9856 seconds
# 112696 nodes in table
# best score 2
17 008a8402a8000a80072b8000aa81028c 000032a800aaa010a8c01aa0011ae000 3 2
# 0.3760 seconds
# 124867 nodes in table
# best score 1
19 008a8402a8000a80062b8040aa81028c 000032a800aaa010a8801ea0011ae000 3 1
# 0.4689 seconds
# 133026 nodes in table
# best score 2
21 008a8402b0000a80062b8040aa81028c 000032a800aae000a8801ea0011ae000 3 2
# 0.3297 seconds
# 141719 nodes in table
# best score 2
23 00828502b0000a80062b8040aa81028c 000032a800aae000a88016a0411ae000 3 2
# 0.3477 seconds
# 149579 nodes in table
# best score 3
25 00828502b0000b00062b8040aa81028c 000032a800aae000a88016a0411ce000 3 3
# 0.2974 seconds
# 159716 nodes in table
# best score 3
27 00830502b0000b00062b8040aa81028c 000030a840aae000a88016a0411ce000 3 3
# 0.3528 seconds
# 166813 nodes in table
# best score 3
29 00830502b0000e00062b8040aa81028c 0000306840aae000a88016a0411ce000 3 3
# 0.2724 seconds
# 173145 nodes in table
# best score 3
31 00830103b0000e00062b8040aa81028c 00003068406ae000a88016a0411ce000 3 3
# 0.3211 seconds
# 229646 nodes in table
# best score 4
33 00830101b0100e00062b8040aa81028c 00003068406ae000a8801680451ce000 4 4
# 2.8408 seconds
# 289004 nodes in table
# best score 4
35 00430101b0100e00062b8040aa81028c 0000106a406ae000a8801680451ce000 4 4
# 2.6828 seconds
# 328678 nodes in table
# best score 4
37 00430101b0100e00061b8040aa81028c 0000106a406ae000a8801688411ce000 4 4
# 2.1770 seconds
# 363318 nodes in table
# best score 4
39 00430101b0100e00061b81408a81028c 0000186a404ae000a8801688411ce000 4 4
# 1.6724 seconds
# 387239 nodes in table
# best score 6
41 00430101b0100e00460b81408a81028c 00001c6a400ae000a8801688411ce000 4 6
# 1.2915 seconds
# 421415 nodes in table
# best score 6
43 00230101b0100e00460b81408a81028c 00001c2a440ae000a8801688411ce000 4 6
# 1.7138 seconds
# 434382 nodes in table
# best score 4
45 00230101b0100e00440f81408a81028c 00001e28440ae000a8801688411ce000 4 4
# 0.6791 seconds
# 445602 nodes in table
# best score 3
47 00230101b0100e00440f81408c81028c 00001e28440ae000a8901288411ce000 4 3
# 0.6622 seconds
# 455044 nodes in table
# best score 3
49 00230101b0100e00400f81408c8102ac 00001e28440ae000a89012886118e000 4 3
# 0.3817 seconds
# 461402 nodes in table
# best score 3
51 00230101b0100e00400f01408c8102ec 00001e28440ae000a89012087118e000 4 3
# 0.3712 seconds
# 466325 nodes in table
# best score 4
53 00230100b0100e00400f01408c8102fc 00001e28440ae001a89012086118e000 4 4
# 0.2859 seconds
# 475823 nodes in table
# best score 5
55 00230080b0100e00400f01408c8102fc 00001e08440be001a89012086118e000 4 5
# 0.4820 seconds
# 485992 nodes in table
# best score 4
57 00230080b0100e00400f01410c8102fc 00001e08400fe001a89012086118e000 5 4
# 0.4873 seconds
# 490552 nodes in table
# best score 4
59 00230080b0100e00400f00410c8103fc 00001e08400fe041a09012086118e000 5 4
# 0.2618 seconds
# 501917 nodes in table
# best score 6
61 002300c090100e00400f00410c8103fc 00001e08400fe101a09012086118e000 6 6
# 0.6657 seconds
# 517665 nodes in table
# best score 7
63 002300c010100e00400f00410c8107fc 00001e08400fe103a09012084118e000 6 7
# 0.6491 seconds
# 528022 nodes in table
# best score 8
65 002600c010100e00400f00410c8107fc 00001e08400fe103a090120c41186000 6 8
# 0.4843 seconds
# 535253 nodes in table
# best score 8
67 002600c010000e00400f00410ca107fc 00001e08400ff103a090120c41086000 6 8
# 0.4900 seconds
# 536961 nodes in table
# best score 7
69 002c00c010000e00400f00410ca107fc 00001e08408ff103a090120c41006000 5 7
# 0.1140 seconds
# 539159 nodes in table
# best score 9
71 003c008010000e00400f00410ca107fc 00001e0c408ff103a090120c01006000 5 9
# 0.0842 seconds
# 539955 nodes in table
# best score 9
73 003c008010000e00400f00410c2117fc 00001e0e408fd103a090120c01006000 5 9
# 0.0436 seconds
# 540777 nodes in table
# best score 10
75 003c008010000e00400f00400c2117fe 00001e0e428fd1038090120c01006000 6 10
# 0.0549 seconds
# 540951 nodes in table
# best score 10000
77 003c008010000e00480f0040082117fe 00001e16428fd1038090120c01006000 6 10000
# 0.0139 seconds
# 540954 nodes in table
# best score 10000
79 003e008000000e00480f0040082117fe 00001e16428fd1038010320c01006000 8 10000
# 0.0021 seconds
# 540956 nodes in table
# best score 10000
81 003e008000000e40480f0040080117fe 00001e16428fd1038110220c01006000 10 10000
# 0.0004 seconds

