Randseed 2407140a
# 5574 nodes in table
# best score 1
0 00aa8002aa000aa8002aa000aa8002aa 00002aa800aaa002aa800aaa002aa800 2 1
# 0.6324 seconds
# 10016 nodes in table
# best score 1
2 00aa8002aa000aa8002aa000aa80029a 00002aa800aaa0029a800aaa002aa800 2 1
# 0.3887 seconds
# 14525 nodes in table
# best score 2
4 006a8002aa000aa8002aa000aa80029a 00002aa800aaa0029a001aaa002aa800 2 2
# 0.3018 seconds
# 27178 nodes in table
# best score 0
6 006a0012aa000aa8002aa000aa80029a 00002aa800aaa0028a011aaa002aa800 3 0
# 0.7498 seconds
# 41529 nodes in table
# best score 1
8 006a0012aa004aa0002aa000aa80029a 00002aa800aaa0028a011aab000aa800 3 1
# 0.6503 seconds
# 54105 nodes in table
# best score 1
10 006a0012aa004aa0002a8004aa80029a 00002aa8006aa0028a011aab000aa800 3 1
# 0.7091 seconds
# 65499 nodes in table
# best score 2
12 00680052aa004aa0002a8004aa80029a 00002aa8006aa0028a011aab004aa000 3 2
# 0.6568 seconds
# 84872 nodes in table
# best score 2
14 00680052ae000aa0002a8004aa80029a 00002aa0016aa0028a011aab004aa000 3 2
# 0.8487 seconds
# 97080 nodes in table
# best score 2
16 00680052ae000aa0002a8004aa84021a 00002aa0016aa0028a011aab014a8000 3 2
# 0.4783 seconds
# 106368 nodes in table
# best score 3
18 00680052ae000aa0002a8004aa94001a 00002aa00166a0028a011aab014a8000 3 3
# 0.4522 seconds
# 114087 nodes in table
# best score 5
20 00680052ae000aa0002a8404aa84001a 00002aa00166a0028a1118ab014a8000 3 5
# 0.4414 seconds
# 120605 nodes in table
# best score 7
22 00280452ae000aa0002a8404aa84001a 00002aa00162a0428a1118ab014a8000 3 7
# 0.3274 seconds
# 127651 nodes in table
# best score 7
24 00200552ae000aa0002a8404aa84001a 000022a10162a0428a1118ab014a8000 3 7
# 0.2506 seconds
# 133260 nodes in table
# best score 8
26 00200552ae000aa1002a84042a84001a 000022211162a0428a1118ab014a8000 3 8
# 0.3063 seconds
# 138801 nodes in table
# best score 9
28 00200552ae010a81002a84042a84001a 000022211162a0428a11182b114a8000 3 9
# 0.3430 seconds
# 163408 nodes in table
# best score 12
30 00200552ae010a81002a84042a84400a 000022211162a0428c11182b114a8000 4 12
# 1.2800 seconds
# 178913 nodes in table
# best score 11
32 00200552ae010a81002a04142a84400a 000022211162a0428811182b154a8000 4 11
# 1.0197 seconds
# 201125 nodes in table
# best score 10
34 00000552ee010a81002a04142a84400a 000022211162a4428801182b154a8000 4 10
# 1.3999 seconds
# 224952 nodes in table
# best score 10
36 00000552ee010a81002a04142a845008 00002a211162a4420801182b154a8000 4 10
# 1.5555 seconds
# 238761 nodes in table
# best score 11
38 00000554ee010a81002a04142a845008 00001a211162a4420801182b154a8000 4 11
# 0.7256 seconds
# 258800 nodes in table
# best score 11
40 00000550ee810a81002a04142a845008 00001a211062e4420801182b154a8000 4 11
# 0.9610 seconds
# 283161 nodes in table
# best score 11
42 00000550ee810a81002a04142a847000 00001a211062c4520801182b154a8000 4 11
# 1.1666 seconds
# 302332 nodes in table
# best score 11
44 00000550ee810a81003a00142a847000 00001a211062c4520801382b150a8000 4 11
# 0.8864 seconds
# 322870 nodes in table
# best score 10
46 00000550ee850a01003a00142a847000 00001a211062c45208017829150a8000 4 10
# 0.6873 seconds
# 354741 nodes in table
# best score 8
48 000005d0ee840a01003a00142a847000 00001a210062c45208017829150b8000 5 8
# 1.5201 seconds
# 396730 nodes in table
# best score 7
50 000005c0ee940a01003a00142a847000 00001a210062c4520a016829150b8000 5 7
# 1.3756 seconds
# 414441 nodes in table
# best score 7
52 000005c0ee900a01403a00142a847000 00001a210062c4500a416829150b8000 5 7
# 0.9773 seconds
# 448017 nodes in table
# best score 8
54 000005c0ee101a01403a00142a847000 00401a210022c4500a416829150b8000 6 8
# 1.0988 seconds
# 501831 nodes in table
# best score 9
56 000005c0ee101a01403a005422847000 00401a210022c4500a016829950b8000 6 9
# 1.4537 seconds

