Randseed 240f80c6
# 5397 nodes in table
# best score 0
1 002a9002aa000aa8002aa000aa8002aa 00002aa800aaa002aa800aaa002aa800 2 0
# 0.5024 seconds
# 9784 nodes in table
# best score 0
3 002a1012aa000aa8002aa000aa8002aa 00002aa800aaa002aa800aaa006aa000 2 0
# 0.4805 seconds
# 18199 nodes in table
# best score 0
5 002a1012aa000aa8002aa000aa8012a8 00002aa001aaa002aa800aaa006aa000 2 0
# 0.7372 seconds
# 34863 nodes in table
# best score -1
7 002a1012aa000aa8002aa000aa9010a8 000026a001aaa002aa800aaa006aa000 3 -1
# 1.1267 seconds
# 49256 nodes in table
# best score -1
9 002a0013aa000aa8002aa000aa9010a8 000026a001aaa002aa800aaa016a8000 3 -1
# 0.8574 seconds
# 68025 nodes in table
# best score -1
11 002a0013aa000aa8002aa004aa9000a8 000026a000aae002aa800aaa016a8000 3 -1
# 0.8601 seconds
# 89591 nodes in table
# best score -1
13 002a0013aa000aa8002aa004ea8000a8 000026a004aac002aa800aaa016a8000 3 -1
# 1.1648 seconds
# 108990 nodes in table
# best score 0
15 002a0013aa000aa8002aa0047a8000a8 000026a004aac002aa801aaa012a8000 3 0
# 0.7929 seconds
# 136785 nodes in table
# best score 0
17 002a0013aa000aa8002ae0047a0000a8 000026a004aac002ab801aa8012a8000 3 0
# 1.0954 seconds
# 153719 nodes in table
# best score 1
19 002a0013aa000aa8002ae0047a010088 0000268004aac012ab801aa8012a8000 3 1
# 0.9379 seconds
# 168298 nodes in table
# best score 1
21 002a0013aa000aa8002ae0047e000088 0000268004aac012ab801aa8012c8000 3 1
# 0.5641 seconds
# 178433 nodes in table
# best score 2
23 00220113aa000aa8002ae0047e000088 0000268004aac012ab801ab8002c8000 3 2
# 0.3509 seconds
# 194296 nodes in table
# best score 2
25 00220111ea000aa8002ae0047e000088 0000268004abc012ab800ab8002c8000 3 2
# 0.5716 seconds
# 209221 nodes in table
# best score 2
27 00220111ea000aa8002be0007e000088 0000268014abc012ab000ab8002c8000 3 2
# 0.6187 seconds
# 225674 nodes in table
# best score 1
29 00220110ea040aa8002be0007e000088 0000268014abc012ab000af0002c8000 3 1
# 0.6053 seconds
# 234989 nodes in table
# best score 0
31 002201106a040aa8102be0007e000088 0000268014abc012ab0009f0002c8000 3 0
# 0.4501 seconds
# 298366 nodes in table
# best score 0
33 002201106a040aa8102be0007e004080 00002680149bc012ab0009f0002c8000 4 0
# 2.6109 seconds
# 313493 nodes in table
# best score 1
35 002201106a040ac8102be0007e004080 00002680149bc012ab0408f0002c8000 4 1
# 0.5466 seconds
# 341131 nodes in table
# best score 0
37 002201106a040b88102be0007e004080 00002680149bc012ab0408f0002d0000 4 0
# 1.0474 seconds
# 370726 nodes in table
# best score -5
39 002201102a040b88502be0007e004080 00002680149bc052a30408f0002d0000 4 -5
# 1.3571 seconds
# 385098 nodes in table
# best score -4
41 002201102a040b88502be1007e000080 00002680149bc052a30408f0001d0000 4 -4
# 0.7817 seconds
# 420925 nodes in table
# best score -6
43 002201102a040b88501be1007e000080 00000684149bc052a30408f0001d0000 5 -6
# 1.6687 seconds
# 433258 nodes in table
# best score -6
45 001201102a040b88501be1007e000080 00040684109bc052a30408f0001d0000 5 -6
# 0.4566 seconds
# 454646 nodes in table
# best score -7
47 000a01102a040b88501be1007e000080 00040684109bc052a30408f0000f0000 5 -7
# 0.8375 seconds
# 471035 nodes in table
# best score -4
49 000201102a040f88501be1007e000080 00040684109bc052830408f8000f0000 5 -4
# 0.5009 seconds
# 483625 nodes in table
# best score -4
51 000001502a040f88501be1007e000080 00040284509bc052830408f8000f0000 5 -4
# 0.3419 seconds
# 510571 nodes in table
# best score -3
53 000001502a040f88500bf1007e000080 000c0284509bc012830408f8000f0000 6 -3
# 0.8879 seconds
# 513956 nodes in table
# best score -4
55 0000017022040f88500bf1007e000080 000c0284509bc012830008f8010f0000 5 -4
# 0.0816 seconds
# 532175 nodes in table
# best score -3
57 0000017022040788508bf1007e000080 000c0284509bc013030008f8010f0000 6 -3
# 0.6192 seconds
# 548247 nodes in table
# best score -6
59 0000017022040784508bf1007e000080 000c0284509bd012030008f8010f0000 7 -6
# 0.5564 seconds
# 572701 nodes in table
# best score -3
61 0000013023040784508bf1007e000080 001c0284509b9012030008f8010f0000 8 -3
# 0.7971 seconds
# 584501 nodes in table
# best score -3
63 0000003023042784508bf1007e000080 001c028450bb9012020008f8010f0000 7 -3
# 0.5806 seconds
# 585507 nodes in table
# best score -10000
65 0000003023042384508bf100fe000080 001c028050fb9012020008f8010f0000 8 -10000
# 0.0237 seconds
# 585507 nodes in table
# best score -10000
67 0000003023042384508bf100fe000100 001c028050fb9012020008f801078000 10 -10000
# 0.0005 seconds
# 585507 nodes in table
# best score -10000
69 0000003023042384508bf100fe080000 001c028050fb9012020008f80103c000 10 -10000
# 0.0001 seconds

