Randseed 24105eed
# 5722 nodes in table
# best score 1
0 00aa8002aa000aa8002aa000aa8002aa 00002aa800aaa002aa800aaa002aa800 2 1
# 0.4688 seconds
# 10472 nodes in table
# best score 1
2 00aa8002aa000aa8002aa000aa80029a 00002aa800aaa002aa800aaa002ab000 2 1
# 0.5706 seconds
# 16378 nodes in table
# best score 1
4 00ab0002aa000aa8002aa000aa80029a 00002aa800aaa002aa800aaa001ab000 2 1
# 0.4018 seconds
# 35501 nodes in table
# best score -1
6 00a70002aa000aa8002aa000aa80029a 00001aa800aaa002aa800aaa001ab000 3 -1
# 0.9909 seconds
# 70649 nodes in table
# best score -1
8 00a70002ac000aa8002aa000aa80029a 00001ab000aaa002aa800aaa001ab000 3 -1
# 1.6486 seconds
# 93119 nodes in table
# best score 0
10 00a60042ac000aa8002aa000aa80029a 00001ab000aaa002aa800aaa011aa000 3 0
# 1.1311 seconds
# 106110 nodes in table
# best score 0
12 00a60042ac000aa0012aa000aa80029a 00000ab100aaa002aa800aaa011aa000 3 0
# 0.6556 seconds
# 119796 nodes in table
# best score 0
14 00a600429c000aa0012aa000aa80029a 00000ab100aaa002aa800aaa410aa000 3 0
# 0.6965 seconds
# 130579 nodes in table
# best score 0
16 00a600429c000aa0012aa004aa00029a 00000ab100aaa002aa8006aa410aa000 3 0
# 0.4659 seconds
# 140054 nodes in table
# best score -1
18 00a600409c400aa0012aa004aa00029a 00000ab100aaa002aa8046aa410a8000 3 -1
# 0.5607 seconds
# 158009 nodes in table
# best score -1
20 00a600409c400aa0012aa004aa00029c 00000ab100aaa001aa8046aa410a8000 3 -1
# 0.6981 seconds
# 170749 nodes in table
# best score -2
22 00a600409c400aa0011aa004aa00029c 00000ab100aaa400aa8046aa410a8000 3 -2
# 0.4579 seconds
# 182166 nodes in table
# best score -3
24 00a600409c400aa0011aa0048a04029c 00000ab100aaa400aa8046aa450a0000 3 -3
# 0.4476 seconds
# 187099 nodes in table
# best score -2
26 00a600408c410aa0011aa0048a04029c 00000ab100aaa400b28046aa450a0000 3 -2
# 0.1765 seconds
# 217407 nodes in table
# best score -1
28 00a600408c410aa0011aa0448204029c 00000ab100aaa400a28446aa450a0000 4 -1
# 1.5717 seconds
# 238106 nodes in table
# best score -2
30 00a600408c410aa0011aa04482044298 00000ab100aaa400a28446ba440a0000 4 -2
# 1.1987 seconds
# 259982 nodes in table
# best score -3
32 00a600400c510aa0011aa04482044298 00000ab100aaa400a28447ba44020000 4 -3
# 1.4116 seconds
# 271053 nodes in table
# best score -3
34 00a600400c510a60011aa04482044298 00000ab100aaa400e28443ba44020000 4 -3
# 0.7130 seconds
# 295985 nodes in table
# best score -5
36 00a600400c510a20051aa04482044298 00000eb100aaa400e28443ba04020000 5 -5
# 1.5468 seconds
# 322305 nodes in table
# best score -5
38 00a600400c410b20051aa04482044298 00000cb100aaa400e28443ba14020000 5 -5
# 1.3123 seconds
# 329723 nodes in table
# best score -1
40 00a6004008410b20051ba04482044298 00000cb100aaa400e28441ba1c020000 4 -1
# 0.3015 seconds
# 339880 nodes in table
# best score 0
42 00a6004008410b30051ba00482044298 00000cb100baa400e28441ba1c000000 5 0
# 0.5156 seconds
# 345610 nodes in table
# best score 0
44 00a6004008410b300533a00482044298 00000cb5003aa400e28441ba1c000000 5 0
# 0.5611 seconds
# 356727 nodes in table
# best score -1
46 00a6004008410b300533a00483044288 00000cb3003aa400e28441ba1c000000 5 -1
# 0.7960 seconds
# 360264 nodes in table
# best score -1
48 00a6004008410b300533a00483844280 00000cb3003a6400e28441ba1c000000 5 -1
# 0.2080 seconds
# 363137 nodes in table
# best score -1
50 00a6004008410b310523a00483844280 00000c93023a6400e28441ba1c000000 5 -1
# 0.2005 seconds
# 365765 nodes in table
# best score -1
52 00a6004008410b390521a00483844280 00000c83023a6404e28441ba1c000000 5 -1
# 0.1285 seconds
# 367662 nodes in table
# best score -1
54 00ae004008410b390520a00483844280 00000c83003a6404e28451ba1c000000 5 -1
# 0.0624 seconds
# 374957 nodes in table
# best score 0
56 00be004008410b390520200483844280 00000883003e6404e28451ba1c000000 6 0
# 0.2806 seconds
# 379818 nodes in table
# best score 0
58 00fe004008410b390120200483844280 00000883103e6404e28450ba1c000000 6 0
# 0.1727 seconds
# 384160 nodes in table
# best score 0
60 00fe0040084109b90120200483844280 00000803103e6404e28450ba1c008000 6 0
# 0.1348 seconds
# 388747 nodes in table
# best score 0
62 00fe0040084108f90120200483844280 00000803003e6404e28450ba1c008010 6 0
# 0.1550 seconds
# 393392 nodes in table
# best score -1
64 01fe0040084108790120200483844280 00000003003e6404e28450ba1c008018 7 -1
# 0.1418 seconds
# 395242 nodes in table
# best score -1
66 01fe2040084108790120200483840280 00000003003e2404e28450ba1c408018 7 -1
# 0.0896 seconds
# 395287 nodes in table
# best score -10000
68 01fe2040084108790120200483800380 00000003003e0404e28450ba1c408818 8 -10000
# 0.0148 seconds
# 395288 nodes in table
# best score -10000
70 01fe2044084108790120200481800380 00000003003e0400e28450ba1c409818 7 -10000
# 0.0042 seconds
# 395307 nodes in table
# best score -10000
72 01fe204408c108790120200480800380 00000003003e0400e20450ba1c40b818 8 -10000
# 0.0007 seconds
# 395310 nodes in table
# best score -10000
74 01fe204408c108790120240480000380 00000003003e0400e20440ba1d40b818 11 -10000
# 0.0002 seconds

