Randseed 241becfd
# 5187 nodes in table
# best score 1
0 00aa8002aa000aa8002aa000aa8002aa 00002aa800aaa002aa800aaa002aa800 2 1
# 0.4625 seconds
# 9409 nodes in table
# best score 1
2 00aa8002aa000aa8002aa000aa8002ca 00001aa800aaa002aa800aaa002aa800 2 1
# 0.3394 seconds
# 13459 nodes in table
# best score 1
4 00aa0012aa000aa8002aa000aa8002ca 00001ac800aaa002aa800aaa002aa800 2 1
# 0.5002 seconds
# 30390 nodes in table
# best score -1
6 006a0012aa000aa8002aa000aa8002ca 00000ac900aaa002aa800aaa002aa800 3 -1
# 1.1291 seconds
# 43904 nodes in table
# best score -1
8 006a0012aa000aa8002aa000aa8012c8 00000ac9006aa002aa800aaa002aa800 3 -1
# 1.0834 seconds
# 62783 nodes in table
# best score -1
10 006a0012aa000aa8002aa000aa8052c0 00000ac9006aa001aa800aaa002aa800 3 -1
# 1.0925 seconds
# 79276 nodes in table
# best score -2
12 006a0012aa000aa8002a8004aa8052c0 000002c9006aa401aa800aaa002aa800 3 -2
# 1.2506 seconds
# 88909 nodes in table
# best score -1
14 006a0012aa000aa8002a8000ab8052c0 000000c9406aa401aa800aaa002aa800 3 -1
# 0.4372 seconds
# 100033 nodes in table
# best score -1
16 006c0012aa000aa8002a8000ab8052c0 000000c9007aa401aa800aaa002aa800 3 -1
# 0.8311 seconds
# 112260 nodes in table
# best score -1
18 006c0012aa000aa8000a8400ab8052c0 00000089107aa401aa800aaa002aa800 3 -1
# 0.7308 seconds
# 121424 nodes in table
# best score 0
20 006c0012aa000aa8000a8400ab845280 00000088107ea401aa800aaa002aa800 3 0
# 0.4663 seconds
# 128562 nodes in table
# best score 0
22 006c0012aa000aa8000a8400ab945080 00000008107fa401aa800aaa002aa800 3 0
# 0.4407 seconds
# 135132 nodes in table
# best score 0
24 006c0012aa000aa8000a8400eb945000 00000008007fe401aa800aaa002aa800 3 0
# 0.3317 seconds
# 142579 nodes in table
# best score 0
26 006c0012aa000ab0000a8400eb945000 00000008007fe401aa800aab000aa800 3 0
# 0.3682 seconds
# 156771 nodes in table
# best score -1
28 006c0012aa0012b0000a8400eb945000 00000008003fe441aa800aab000aa800 3 -1
# 0.5516 seconds
# 162161 nodes in table
# best score -1
30 006c0012aa0012b0040a0400eb945000 00000008003fe441aa8009ab000aa800 3 -1
# 0.3126 seconds
# 189424 nodes in table
# best score 0
32 002c0412aa0012b0040a0400eb945000 00000008003fe441aa8008ab100aa800 4 0
# 1.6177 seconds
# 209453 nodes in table
# best score -1
34 002c0412aa0010b0440a0400eb945000 00000008003fe4419a8008ab100aa800 4 -1
# 1.0520 seconds
# 231522 nodes in table
# best score -2
36 00280512aa0010b0440a0400eb945000 00000008003fe4418a8108ab100aa800 4 -2
# 1.5428 seconds
# 258312 nodes in table
# best score -4
38 00280512aa0010b0040e0400eb945000 00000000013fe4418a8108ab100aa800 4 -4
# 1.4826 seconds
# 282958 nodes in table
# best score -6
40 00280512aa0010a0040e8400eb945000 00000000003fe4418a8108ab140aa800 4 -6
# 1.1758 seconds
# 298441 nodes in table
# best score -7
42 00280512aa0008a0040e8400eb945000 00000000003fc4418a8108eb140aa800 4 -7
# 0.8879 seconds
# 311619 nodes in table
# best score -6
44 00280512aa000820140e8400eb945000 00000000003f84418a8108fb140aa800 4 -6
# 0.5826 seconds
# 326457 nodes in table
# best score -7
46 00280512aa000820040e8500eb945000 00000000003f84418b0108fb140aa800 4 -7
# 0.7985 seconds
# 335447 nodes in table
# best score -6
48 00280512aa000830040e0500eb945000 00000000003f84418b4108fa140aa800 4 -6
# 0.6070 seconds
# 341426 nodes in table
# best score -4
50 00280512aa000830040e0500e3955000 00000000003f84438b4100fa140aa800 4 -4
# 0.3039 seconds
# 349596 nodes in table
# best score -4
52 00280512aa000838000e0500e3955000 00000000003f04438f4100fa140aa800 4 -4
# 0.3684 seconds
# 357959 nodes in table
# best score -4
54 00280512aa000838000e0500e3945020 00000000003f04438f4100fa1402a900 4 -4
# 0.5192 seconds
# 364453 nodes in table
# best score -4
56 00280512aa000838000e0500e38450a0 00000000003f04438f4100fa1402aa00 4 -4
# 0.3353 seconds
# 375394 nodes in table
# best score -5
58 00200512ba000838000e0500e38450a0 00000000003f04438f4100fa1402ac00 5 -5
# 0.4601 seconds
# 382744 nodes in table
# best score -5
60 00200502ba004838000e0500e38450a0 00000000003f04438f4100fa1422a800 5 -5
# 0.3094 seconds
# 394373 nodes in table
# best score -3
62 00200402be004838000e0500e38450a0 00000000003f04438f4100fb1402a800 6 -3
# 0.4325 seconds
# 411440 nodes in table
# best score -3
64 00200402be004838000e0100e38450e0 00000000003f04438f4108f31402a800 6 -3
# 0.5170 seconds
# 429797 nodes in table
# best score -3
66 00200402be004838000c0100e38450f0 00000000003f04438f4108f314028804 6 -3
# 0.7149 seconds
# 446837 nodes in table
# best score -2
68 00000402fe004838000c0100e38450f0 00000000003f04438f4108f314028802 7 -2
# 0.7620 seconds
# 447868 nodes in table
# best score 10000
70 00000402fe004838000c0100e38440f8 00000000003f04438f4108f314029800 7 10000
# 0.0773 seconds
# 447870 nodes in table
# best score 10000
72 00000402fe00483800080104e38440f8 00000000003f04438f4108f314428800 7 10000
# 0.0018 seconds
# 447870 nodes in table
# best score 10000
74 00000402fe40403800080104e38440f8 00000000003f04438f4128f214428800 11 10000
# 0.0002 seconds

