Randseed 241cc8bb
# 5373 nodes in table
# best score 1
1 00a28102aa000aa8002aa000aa8002aa 00002aa800aaa002aa800aaa002aa800 2 1
# 0.4533 seconds
# 10019 nodes in table
# best score 1
3 00a28102aa000aa8002aa4002a8002aa 00002ab000aaa002aa800aaa002aa800 2 1
# 0.3906 seconds
# 17902 nodes in table
# best score 1
5 00a28102aa000aa8002aa4002a8012a8 00002a7000aaa002aa800aaa002aa800 2 1
# 0.5482 seconds
# 34447 nodes in table
# best score 0
7 00a28102aa000aa9002aa0002a8012a8 00002a74002aa002aa800aaa002aa800 3 0
# 0.8015 seconds
# 46097 nodes in table
# best score 0
9 00a28102ac000aa9002aa0002a8012a8 00002a74002ac002aa800aaa002aa800 3 0
# 0.9149 seconds
# 62666 nodes in table
# best score 1
11 00a28102a8010aa9002aa0002a8012a8 00003a70002ac002aa800aaa002aa800 3 1
# 0.7425 seconds
# 84734 nodes in table
# best score 0
13 00a28102a8010aa1012aa0002a8012a8 00003a70002a8012aa800aaa002aa800 3 0
# 0.9261 seconds
# 99453 nodes in table
# best score 0
15 00628102a8010aa1012aa0002a8012a8 00003a70002a8010aac00aaa002aa800 3 0
# 0.5091 seconds
# 111895 nodes in table
# best score 1
17 00628101a8010aa1012aa0002a8012a8 00001e70002a8010aac00aaa002aa800 3 1
# 0.5512 seconds
# 129737 nodes in table
# best score 0
19 00628101a8010ea1010aa0002a8012a8 00000e70402a8010aac00aaa002aa800 3 0
# 0.5846 seconds
# 150117 nodes in table
# best score 0
21 00628101a8010ea0410aa0002a8012a8 00000e70401a8010aac00aaa002aa800 3 0
# 0.6057 seconds
# 166991 nodes in table
# best score -1
23 00628101a80106a0410aa1002a8012a8 00000e60441a8010aac00aaa002aa800 3 -1
# 0.6063 seconds
# 187925 nodes in table
# best score -2
25 00628101a80102a0410aa1002a8412a8 00000e60441a80102ad00aaa002aa800 3 -2
# 0.7282 seconds
# 198447 nodes in table
# best score -3
27 00628101282102a0410aa1002a8412a8 00000e60441a80102ad00aaa001aa800 3 -3
# 0.3763 seconds
# 208555 nodes in table
# best score -3
29 00628101282102a0410aa1002a8411a8 00000e60440e80102ad00aaa001aa800 3 -3
# 0.5680 seconds
# 214035 nodes in table
# best score -3
31 00628101282102a0410ea1002a8410a8 00000e60440c81102ad00aaa001aa800 3 -3
# 0.2618 seconds
# 245813 nodes in table
# best score -1
33 00628100282106a0410ea1002a8410a8 00000e60440c81102af002aa001aa800 4 -1
# 1.3577 seconds
# 262863 nodes in table
# best score -1
35 00628100202106a0450ea1002a8410a8 00000e60440881103af002aa001aa800 4 -1
# 0.8155 seconds
# 279333 nodes in table
# best score -1
37 00628100200106a0450fa1002a8410a8 00000e20440881103af042aa001aa800 4 -1
# 0.8657 seconds
# 312868 nodes in table
# best score -1
39 0062810020010660450fa1002a8410a8 00000e00440881103af042ae001aa800 4 -1
# 1.3709 seconds
# 383664 nodes in table
# best score -3
41 0062810020010660450fa1002a8450a0 00000e00440881103af0422e101aa800 5 -3
# 3.2319 seconds
# 464683 nodes in table
# best score -4
43 0062810020010260450fa1102a8450a0 00000e00440881103af0422e001ba800 5 -4
# 2.8895 seconds
# 548262 nodes in table
# best score -4
45 0062810020010060450fa1102b8450a0 00000e00440881103af0420e041ba800 6 -4
# 2.8166 seconds
# 639281 nodes in table
# best score -4
47 0062810020010060450fa110338450a0 00000e00440881103af0420e045ba000 6 -4
# 3.2273 seconds
# 683161 nodes in table
# best score -4
49 0062810020010060450fa110338450c0 00000e00440881103a70520e045ba000 6 -4
# 1.6379 seconds

