Randseed 24283e99
# 5297 nodes in table
# best score 1
0 00aa8002aa000aa8002aa000aa8002aa 00002aa800aaa002aa800aaa002aa800 2 1
# 0.4458 seconds
# 10259 nodes in table
# best score 1
2 00aa8002aa000aa8002aa000aa80029a 00002aa800aaa002aa800aaa002ab000 2 1
# 0.3554 seconds
# 14288 nodes in table
# best score 1
4 00aa0012aa000aa8002aa000aa80029a 00002aa800aaa002aa800aaa002ae000 2 1
# 0.4624 seconds
# 35059 nodes in table
# best score -1
6 002a1012aa000aa8002aa000aa80029a 00002aa800aaa002aa800aaa042ac000 3 -1
# 1.0748 seconds
# 49243 nodes in table
# best score -1
8 002a1012aa000aa8002aa000aa80031a 00002aa800aaa002aa810aaa042a8000 3 -1
# 0.8685 seconds
# 77792 nodes in table
# best score -1
10 002a1012aa000aa8002aa000aa90021a 00002aa800aaa002aa810aea042a0000 3 -1
# 1.3546 seconds
# 117838 nodes in table
# best score -1
12 002a1002ae000aa8002aa000aa90021a 00002aa800aaa002a2810bea042a0000 3 -1
# 1.9631 seconds
# 149011 nodes in table
# best score -2
14 002a1002ae000aa8002aa000ea90001a 00002aa800aaa002a2810fea002a0000 3 -2
# 1.4613 seconds
# 188771 nodes in table
# best score 0
16 002a1002ae000aa8002aa000fa80001a 00002aa800aaa002a28507ea002a0000 3 0
# 1.7546 seconds
# 200336 nodes in table
# best score 2
18 002a1002ae000aa8002aa000fa80400a 00002aa800aaa102a28503ea002a0000 3 2
# 0.5248 seconds
# 213675 nodes in table
# best score 3
20 002a1002ae000aa8002a2010fa80400a 00002aa800baa102a28403ea002a0000 3 3
# 0.8555 seconds
# 237268 nodes in table
# best score 2
22 00281042ae000aa8002a2010fa80400a 00002aa800baa102e28403ca002a0000 3 2
# 0.9907 seconds
# 258578 nodes in table
# best score 2
24 00280043ae000aa8002a2010fa80400a 00002aa840baa102e28401ca002a0000 3 2
# 1.0194 seconds
# 276081 nodes in table
# best score 2
26 00280043ac010aa8002a2010fa80400a 00002aa840faa102e284018a002a0000 3 2
# 0.7273 seconds
# 291811 nodes in table
# best score 2
28 00280043b8010aa8002a2010fa80400a 00002ea840faa102e284008a002a0000 3 2
# 0.7694 seconds
# 301368 nodes in table
# best score 1
30 0028104338010aa8002a2010fa80400a 00002fa840faa102e284000a002a0000 3 1
# 0.3951 seconds
# 319910 nodes in table
# best score 1
32 0028104338050a88002a2010fa80400a 00002fac40faa102e280000a002a0000 3 1
# 0.7651 seconds
# 348814 nodes in table
# best score 5
34 0028104338050a8800262010fa80400a 00002f2c40faa103e280000a002a0000 4 5
# 1.7346 seconds
# 363248 nodes in table
# best score 5
36 0028104338050a8810222010fa80400a 00002f2c40faa103e280000c002a0000 4 5
# 0.8166 seconds
# 370442 nodes in table
# best score 5
38 0018104338050a8810222010fa80400a 00002f2c40faa103e2804008002a0000 4 5
# 0.4758 seconds
# 382264 nodes in table
# best score 7
40 0018104338050a8810222000fe80400a 00002f2c40faa113e2804000002a0000 4 7
# 0.6768 seconds
# 386906 nodes in table
# best score 9
42 0018104338050a8011222000fe80400a 00002f2c44faa113e2800000002a0000 4 9
# 0.3963 seconds
# 395214 nodes in table
# best score 10
44 000c104338050a8011222000fe80400a 00002f3c44faa113e0800000002a0000 4 10
# 0.5804 seconds
# 400975 nodes in table
# best score 10
46 000c104338050a8011022400fe80400a 00002f3444fae113e0800000002a0000 4 10
# 0.4227 seconds
# 406619 nodes in table
# best score 10
48 008c104238050a8011022400fe80400a 00002f2444fae117e0800000002a0000 4 10
# 0.3840 seconds
# 409275 nodes in table
# best score 11
50 008c104238050a8011022440fe804002 00002f2444fae117e0800000002c0000 4 11
# 0.2838 seconds
# 419312 nodes in table
# best score 8
52 008e104238050a8011022040fe804002 00002f2444fae117e080000000380000 5 8
# 0.4339 seconds
# 424369 nodes in table
# best score 9
54 008e104238050a8011022040ff800002 00002f0444fae137e080000000380000 6 9
# 0.4615 seconds
# 426774 nodes in table
# best score 9
56 008e104238050a8011022040ff801000 00002f0444fae177e000000000380000 7 9
# 0.3018 seconds
# 427554 nodes in table
# best score 10
58 008e104238040a8011022044ff801000 00002e0444fae177e040000000380000 8 10
# 0.1510 seconds
# 427833 nodes in table
# best score 10
60 009e104238040a8010022044ff801000 0000260444fae177e040080000380000 8 10
# 0.0932 seconds
# 427833 nodes in table
# best score 10000
62 00be104238040a8010020044ff801000 0000220444fae177e040080100380000 8 10000
# 0.0012 seconds
# 427833 nodes in table
# best score 10000
64 00fe104238040a8010020040ff801000 0000200444fae177e040080100380100 15 10000
# 0.0002 seconds

