Randseed 2428ae82
# 5260 nodes in table
# best score 0
1 00aa8002aa000aa8002aa000aa8002ac 00002aa800aaa002aa800aaa002aa800 2 0
# 0.4850 seconds
# 13731 nodes in table
# best score -1
3 00aa8002aa000aa8002aa000aa8042a8 00002aa800aaa002aa800aa8006aa800 2 -1
# 0.5806 seconds
# 17581 nodes in table
# best score 0
5 00aa8002aa000aa8002aa000a88042b8 00002aa800aaa002aa800aa8005aa800 2 0
# 0.4275 seconds
# 21822 nodes in table
# best score 1
7 00aa8002aa000aa8002aa000a88002f8 00000aac00aaa002aa800aa8005aa800 2 1
# 0.3243 seconds
# 39974 nodes in table
# best score 0
9 00aa8002aa000aa8002aa000a88402f0 00000aac00aaa002ab000aa8005aa800 3 0
# 0.9923 seconds
# 50965 nodes in table
# best score 0
11 00aa8002aa000aa8002aa100a88402e0 00000aac00aaa002ab000aa8404aa800 3 0
# 0.6662 seconds
# 90761 nodes in table
# best score -1
13 00aa8002aa000aa8402aa100a88402c0 00000aac00aaa002ab004aa0404aa800 3 -1
# 2.4675 seconds
# 114291 nodes in table
# best score -1
15 00aa8002aa000aa8403aa100a8840280 00000aa401aaa002ab004aa0404aa800 3 -1
# 1.1079 seconds
# 122671 nodes in table
# best score 1
17 00aa8002aa000ba8403aa100a8840200 00000aa401aaa002ab004ea04042a800 3 1
# 0.3703 seconds
# 132421 nodes in table
# best score 2
19 00aa8002aa000ba8401aa100b8840200 00000aa400aae002ab004ea04042a800 3 2
# 0.5778 seconds
# 158996 nodes in table
# best score 1
21 00aa8002aa000fa8401aa100b0840200 00000aa400aac012ab004ea04042a800 3 1
# 1.0403 seconds
# 171737 nodes in table
# best score 3
23 00aa8002aa000fe8401aa100b0800200 00000aa000eac012ab004ea04042a800 3 3
# 0.5925 seconds
# 182599 nodes in table
# best score 2
25 00aa8002aa100fe8401aa100a0800200 000009a000eac012ab004ea04042a800 3 2
# 0.4464 seconds
# 198749 nodes in table
# best score 5
27 00aa8402aa100fe8401aa10080800200 000009a000eac012ab004e205042a800 3 5
# 0.6436 seconds
# 214552 nodes in table
# best score 4
29 00aa8403aa100fc8401aa10080800200 000009a000eac012ab004e207040a800 3 4
# 0.7763 seconds
# 223425 nodes in table
# best score 5
31 00ea8403aa100fc8401aa00080800200 000011a000eac012ab004e207040a800 3 5
# 0.4843 seconds
# 256149 nodes in table
# best score 7
33 006a8403aa100fc8401ea00080800200 000011a000eac0129b004e207040a800 4 7
# 1.6603 seconds
# 258342 nodes in table
# best score 6
35 007a8403aa100fc8400ea00080800200 000011a000eac0128b014e207040a800 3 6
# 0.1861 seconds
# 280334 nodes in table
# best score 9
37 007a8403ea1007c8400ea00080800200 000011a000eac01283014e207440a800 4 9
# 1.1545 seconds
# 288819 nodes in table
# best score 9
39 007e8403ea1003c8400ea00080800200 000010a010eac01283014e207440a800 4 9
# 0.7018 seconds
# 299492 nodes in table
# best score 10
41 007f8401ea1003c8400ea00080800200 000010a010eac01203114e207440a800 4 10
# 0.5051 seconds
# 306909 nodes in table
# best score 10
43 007f8441ea1003c8400ca00080800200 000010a010cad01203114e207440a800 4 10
# 0.3607 seconds
# 313397 nodes in table
# best score 12
45 007f8451ea1003c84008a00080800200 0000108014cad01203114e207440a800 4 12
# 0.2875 seconds
# 332313 nodes in table
# best score 9
47 007f8451ea1003c84008a00480000200 0000108014cad01203014e207c40a800 5 9
# 0.5843 seconds
# 341545 nodes in table
# best score 10
49 007f8451ea1003c84008a00480100000 0000108014cad01203404e207c40a800 5 10
# 0.3641 seconds
# 372987 nodes in table
# best score 11
51 003f8451ea1003c84808a00480100000 0000108014cad01203404e007c40e800 6 11
# 0.7529 seconds
# 386877 nodes in table
# best score 13
53 003f8450ea1003c84809a00480100000 0000100014ced01203404e007c40e800 6 13
# 0.4094 seconds
# 397536 nodes in table
# best score 13
55 003f8450ea1003c84909a00080100000 0000100014cfd01202404e007c40e800 7 13
# 0.3293 seconds
# 397570 nodes in table
# best score 10000
57 003f8450eb1003c84901a00080100000 0000100010cfd01202404e087c40e800 7 10000
# 0.0172 seconds
# 397572 nodes in table
# best score 10000
59 003f8450eb1023c80901a00080100000 0000000210cfd01202404e087c40e800 8 10000
# 0.0025 seconds
# 397576 nodes in table
# best score 10000
61 003f8450eb1023cc0901800080100000 0000000210cfd01202404e087c00f800 8 10000
# 0.0003 seconds

