Randseed 2432f583
# 5686 nodes in table
# best score 1
0 00aa8002aa000aa8002aa000aa8002aa 00002aa800aaa002aa800aaa002aa800 2 1
# 0.6114 seconds
# 10645 nodes in table
# best score 1
2 00aa8002aa000aa8002aa000aa8001aa 00000aac00aaa002aa800aaa002aa800 2 1
# 0.3803 seconds
# 15774 nodes in table
# best score 1
4 00aa0012aa000aa8002aa000aa8001aa 00000aa800aab002aa800aaa002aa800 2 1
# 0.4671 seconds
# 20427 nodes in table
# best score 1
6 00aa0012aa000aa8002aa0006a8001aa 00000aa8002ab002aac00aaa002aa800 2 1
# 0.2854 seconds
# 53610 nodes in table
# best score 0
8 00aa0011aa000aa8002aa0006a8001aa 00000aa8002aa002aac00aab002aa800 3 0
# 1.8692 seconds
# 67025 nodes in table
# best score 0
10 00aa0011aa000aa8002aa0006a8001a6 00000aa8002aa000aac00eab002aa800 3 0
# 0.6925 seconds
# 85651 nodes in table
# best score 0
12 008a0411aa000aa8002aa0006a8001a6 00000aa8002aa000aa800eab003aa800 3 0
# 0.9928 seconds
# 99984 nodes in table
# best score 1
14 00860411aa000aa8002aa0006a8001a6 004002a8002aa000aa800eab003aa800 3 1
# 0.7002 seconds
# 112737 nodes in table
# best score 2
16 00820451aa000aa8002aa0006a8001a6 002002a8002aa000aa800eab003aa800 3 2
# 0.6750 seconds
# 137102 nodes in table
# best score 3
18 00820051ea000aa8002aa0006a8001a6 002002a8000aa400aa800eab003aa800 3 3
# 1.1929 seconds
# 153573 nodes in table
# best score 6
20 00820051ea1008a8002aa0006a8001a6 002002a8000aa000aa900eab003aa800 3 6
# 0.9356 seconds
# 166485 nodes in table
# best score 7
22 00820051fa0008a8002aa0006a8001a6 002002a8000aa0002a900fab003aa800 3 7
# 0.7853 seconds
# 171970 nodes in table
# best score 7
24 00820051fa0008a80026a0006a8001a6 002002a8000aa0002a800fab003ea800 3 7
# 0.2707 seconds
# 182719 nodes in table
# best score 9
26 00021051fa0008a80026a0006a8001a6 000006a8000aa0002a800fab003ea800 3 9
# 0.6188 seconds
# 192574 nodes in table
# best score 10
28 00021051fa0108880026a0006a8001a6 000003a8000aa0002a800fab003ea800 3 10
# 0.5270 seconds
# 202602 nodes in table
# best score 11
30 00021051fe0008880026a0006a8001a6 000003a80002a1002a800fab003ea800 3 11
# 0.6590 seconds
# 209019 nodes in table
# best score 11
32 00021051fe0008880026a0006a8000e6 000003a80002a0003a800fab003ea800 3 11
# 0.3881 seconds
# 214544 nodes in table
# best score 12
34 00021051fe0008880026a0006a810066 000003a80002a0401a800fab003ea800 3 12
# 0.4715 seconds
# 218066 nodes in table
# best score 13
36 00021051fe0008880026a0406a810026 000003a80002a0401a880f2b003ea800 3 13
# 0.2240 seconds
# 223706 nodes in table
# best score 14
38 00021051fe0008880026a0406a811022 000003a80002a0405a880f2b003ca800 3 14
# 0.2989 seconds
# 232838 nodes in table
# best score 16
40 00021051fe0008880026a0406e811002 000003a80002a0407a880f2b0038a800 3 16
# 0.4354 seconds
# 263200 nodes in table
# best score 19
42 00021051fe0008880022a0406f811002 000003a80002a0407a890f2b0030a800 4 19
# 1.9250 seconds
# 268002 nodes in table
# best score 19
44 00021051fe0008880020a0446f811002 000003a80003a0407a890f2b0020a800 3 19
# 0.2380 seconds
# 302971 nodes in table
# best score 19
46 00021051fe0008880020a0443f811002 000003a80003a0407e890f2b0000a800 4 19
# 2.0248 seconds
# 313055 nodes in table
# best score 20
48 00021051fe000888002060443f811002 000003a80003a0407e890f3a0000a800 4 20
# 0.6240 seconds
# 324484 nodes in table
# best score 22
50 00021051fe004880002060443f811002 000003a80003a0407f89073a0000a800 4 22
# 0.7055 seconds
# 333548 nodes in table
# best score 27
52 00021053fe000880002060443f811002 000003a80003e0407f89033a0000a800 5 27
# 0.7721 seconds
# 343097 nodes in table
# best score 31
54 00021053fe000880002060047f811002 000003a80103e0407f89013a0000a800 5 31
# 0.6254 seconds
# 346737 nodes in table
# best score 31
56 00021053fe00088000202004ff811002 000003a80103e0407f89103a0000a800 5 31
# 0.3370 seconds
# 346952 nodes in table
# best score 10000
58 00021053fe04080000202004ff811002 000003a80103e0407f81103a0040a800 6 10000
# 0.0135 seconds
# 346957 nodes in table
# best score 10000
60 00021053fe04080000202404ff801002 000043a80103e0403f81103a0040a800 7 10000
# 0.0021 seconds
# 346962 nodes in table
# best score 10000
62 00021053fe04080100202404ff801000 0000c3a80103e0401f81103a0040a800 8 10000
# 0.0003 seconds

