Randseed 24335b3a
# 5359 nodes in table
# best score 0
1 002a9002aa000aa8002aa000aa8002aa 00002aa800aaa002aa800aaa002aa800 2 0
# 0.4577 seconds
# 9759 nodes in table
# best score 0
3 002a8002aa400aa8002aa000aa8002aa 00002aa800aaa002aa800aaa006aa000 2 0
# 0.3882 seconds
# 14063 nodes in table
# best score 0
5 002a8000aa400aa9002aa000aa8002aa 00002aa001aaa002aa800aaa006aa000 2 0
# 0.3129 seconds
# 30748 nodes in table
# best score -1
7 002a8000aa000aa9002aa400aa8002aa 00000aa401aaa002aa800aaa006aa000 3 -1
# 0.9512 seconds
# 47519 nodes in table
# best score -1
9 002a8000aa0002a9002aa400aa9002aa 00000aa401aaa002aa800aae002aa000 3 -1
# 0.9511 seconds
# 78963 nodes in table
# best score -1
11 002a8000aa0002a8003aa400aa9002aa 00000aa401aaa002aa804aac002aa000 3 -1
# 1.4475 seconds
# 91285 nodes in table
# best score 0
13 002a8000aa0002a8003aa400ea9000aa 00000aa400aae002aa804aac002aa000 3 0
# 0.6363 seconds
# 106186 nodes in table
# best score 2
15 002a8000aa0002a8403aa400ea8000aa 00000aa400aae002ab004aac002aa000 3 2
# 0.9021 seconds
# 126961 nodes in table
# best score 2
17 000a8400aa0002a8403aa400ea8000aa 00000aa400aac012ab004aac002aa000 3 2
# 1.1194 seconds
# 145633 nodes in table
# best score 2
19 000a8000aa1002a8403aa400ea8000aa 00000a8404aac012ab004aac002aa000 3 2
# 0.8373 seconds
# 165899 nodes in table
# best score 2
21 000a80002a1003a8403aa400ea8000aa 00000a8404aac012ab004aac0026a000 3 2
# 0.8098 seconds
# 183918 nodes in table
# best score 2
23 000a80002a0003a8403ea400ea8000aa 00000a8400aac012ab004aac0126a000 3 2
# 0.7622 seconds
# 200648 nodes in table
# best score 1
25 000a80002a0403a8403ea400ca8000aa 00000a8000aad012ab004aac0126a000 3 1
# 0.6172 seconds
# 217347 nodes in table
# best score 0
27 000a81002a0403a8403ea4008a8000aa 00000a8000abd012ab004aac01268000 3 0
# 0.5608 seconds
# 237240 nodes in table
# best score 0
29 000a81002a0403a8403ea4400a8000aa 00000a8010abd012ab004aac00268000 3 0
# 0.7759 seconds
# 266727 nodes in table
# best score -2
31 000a81002a0403a8403ea0400a8100aa 00000a8010abd012ab004aac04260000 3 -2
# 0.9251 seconds
# 275794 nodes in table
# best score 1
33 000a81002a0403a8401ea0400a8100ea 00000a8010abd012ab004aac14220000 3 1
# 0.3560 seconds
# 278775 nodes in table
# best score 3
35 000e81002a0403a8400ea0400a8100ea 00000a8010abd012ab014aac10220000 3 3
# 0.1756 seconds
# 329960 nodes in table
# best score -5
37 000e81002a0403e8400ea0400a81006a 00000a0010abd012ab014abc10220000 4 -5
# 1.7836 seconds
# 354211 nodes in table
# best score -7
39 000e81002a0403e8400ea0400e81002a 00000a0010abd012ab014abd10020000 4 -7
# 1.2782 seconds
# 374332 nodes in table
# best score -7
41 000e81402a0403e8400ea0400e81000a 0000020110abd012ab014abd10020000 4 -7
# 1.1360 seconds
# 388600 nodes in table
# best score -5
43 000e81402a0403e8440ea0400e80000a 0000000150abd012ab014abd10020000 4 -5
# 0.7026 seconds
# 400516 nodes in table
# best score -6
45 000e8140220403e8440ea0400e80400a 0000000150abd012ab414abc10020000 4 -6
# 0.5522 seconds
# 407631 nodes in table
# best score -6
47 000f8100220403e8440ea0400e80400a 0000000150ebd012ab4142bc10020000 4 -6
# 0.3601 seconds
# 409886 nodes in table
# best score -7
49 000f8100220403e8440e20400f80400a 00000001d0ebd012ab0142bc10020000 5 -7
# 0.1280 seconds
# 411418 nodes in table
# best score -5
51 000f8100220403e8400e20400f80400e 00000001d0e3d013ab0142bc10020000 6 -5
# 0.1059 seconds
# 411424 nodes in table
# best score 10000
53 000f8110220403c8400e20400f80400e 0000000190e3d013ab1142bc10020000 7 10000
# 0.0011 seconds
# 411425 nodes in table
# best score 10000
55 000f811023040388400e20400f80400e 0000000190e3d013ba1142bc10020000 15 10000
# 0.0002 seconds

