Randseed 8fdc5a65
# 5163 nodes in table
# best score 1
0 00aa8002aa000aa8002aa000aa8002aa 00002aa800aaa002aa800aaa002aa800 2 1
# 0.4388 seconds
# 10335 nodes in table
# best score 1
2 00aa8002aa000aa8002aa000aa8001aa 00002aa001aaa002aa800aaa002aa800 2 1
# 0.6426 seconds
# 14625 nodes in table
# best score 1
4 006a8002aa000aa8002aa000aa8001aa 00002aa001aaa002aa800aaa006aa000 2 1
# 0.3703 seconds
# 18839 nodes in table
# best score 1
6 006a8002aa000aa8002aa000aa8001b2 00002aa000aaa006aa800aaa006aa000 2 1
# 0.3838 seconds
# 36696 nodes in table
# best score 0
8 006a8002a8004aa8002aa000aa8001b2 00002aa000aaa006aa801aaa002aa000 3 0
# 1.1163 seconds
# 66939 nodes in table
# best score -1
10 006a8002a8004aa8002aa000aa8011b0 00002aa000aa8006ab801aaa002aa000 3 -1
# 1.4641 seconds
# 85701 nodes in table
# best score -1
12 006a8002a8004aa8002a8004aa8011b0 00002aa000aa8002af801aaa002aa000 3 -1
# 0.8556 seconds
# 134469 nodes in table
# best score -2
14 006a8002a8000ab8002a8004aa8011b0 00002aa000aa8002bf801aa8002aa000 3 -2
# 1.7405 seconds
# 155390 nodes in table
# best score -2
16 006b0002a8000ab8002a8004aa8011b0 00002aa000aa8002ff800aa8002aa000 3 -2
# 0.7867 seconds
# 168999 nodes in table
# best score -2
18 006a0042a8000ab8002a8004aa8011b0 00002aa000aa8003ff000aa8002aa000 3 -2
# 0.7960 seconds
# 179922 nodes in table
# best score -1
20 006a0042a8000ab8002a8004ab8001b0 00002a8004aa8003ff000aa8002aa000 3 -1
# 0.6374 seconds
# 190138 nodes in table
# best score -1
22 006a0042a8000ab8002a8000af8001b0 00002a8000ab8003ff000aa8002aa000 3 -1
# 0.4015 seconds
# 206839 nodes in table
# best score 0
24 006a0042a8000ab8002a8000af8101a0 00002a8000ab8003ff000aa8002ac000 3 0
# 0.6890 seconds
# 222595 nodes in table
# best score 0
26 006a0042a8000af0002a8000af8101a0 00002a8000ab8003ff000aa8002a6000 3 0
# 0.7660 seconds
# 237026 nodes in table
# best score 1
28 00680042b8000af0002a8000af8101a0 00002b0000ab8003ff000aa8002a6000 3 1
# 0.5282 seconds
# 250780 nodes in table
# best score 0
30 00280442b8000af0002a8000af8101a0 00002a0040ab8003ff000aa8002a6000 3 0
# 0.5340 seconds
# 263908 nodes in table
# best score 2
32 00280442b8000af0002a8000af8500a0 00002a0040af0003ff000aa8002a6000 3 2
# 0.5756 seconds
# 272491 nodes in table
# best score 2
34 00280442b8000af0002a8000bf850080 00002a0040af0003ff000aa800286040 3 2
# 0.3615 seconds
# 281909 nodes in table
# best score 2
36 00280502b8000af0002a8000bf850080 00002a0040af0003ff000aa800286020 3 2
# 0.3464 seconds
# 291340 nodes in table
# best score 2
38 00080502b8100af0002a8000bf850080 00002a0040af0003ff000aa800286010 3 2
# 0.3599 seconds
# 307015 nodes in table
# best score 2
40 00080102b8100bf0002a8000bf850080 00002e0040ae0003ff000aa800286010 3 2
# 0.5613 seconds
# 314062 nodes in table
# best score 2
42 00080103b8100be0002a8000bf850080 00003e0040ac0003ff000aa800286010 3 2
# 0.2359 seconds
# 328756 nodes in table
# best score 3
44 00000103b8110be0002a8000bf850080 00003e0440a80003ff000aa800286010 4 3
# 0.7109 seconds
# 344853 nodes in table
# best score 3
46 00000003b8110fe0002a8000bf850080 00003e0440c80003ff000aa800286010 4 3
# 0.7810 seconds
# 365993 nodes in table
# best score 3
48 00000001b8110ff0002a8000bf850080 00003e0440c01003ff000aa800286010 4 3
# 0.8094 seconds
# 374628 nodes in table
# best score 3
50 00000001b8110ff0002a8000ff840080 00003e0440c01003ff000aa800306010 4 3
# 0.4265 seconds
# 381383 nodes in table
# best score 3
52 00000001b81107f8002a8000ff840080 00003e0440c01003ff000aa900206010 4 3
# 0.2834 seconds
# 387370 nodes in table
# best score 4
54 00000001b81107f8002a8100ff840000 00003e0440c01003ff000ab100206010 4 4
# 0.2175 seconds
# 413224 nodes in table
# best score 4
56 00000001b81107f800228500ff840000 00003e0440c01003ff1008b100206010 6 4
# 0.7696 seconds
# 432154 nodes in table
# best score 5
58 00000001b81103fc00228500ff840000 00003e0440c01003ff5008b100006010 6 5
# 0.5108 seconds
# 449880 nodes in table
# best score 5
60 00000000b81103fc00a28500ff840000 00003e0440c01003ff5008e100006010 6 5
# 0.4001 seconds
# 472860 nodes in table
# best score 5
62 00000000b81103fc00a18500ff840000 00003e0440c01003ff5008e10000c010 7 5
# 0.3983 seconds
# 488326 nodes in table
# best score 10000
64 00000000b81103fc00a18510ff040000 00003e0440c01003ff5008e10000e000 7 10000
# 0.3289 seconds
# 488418 nodes in table
# best score 10000
66 00000000b81103fc00a0c510ff040000 00003e0440c01003ff5008e100007000 8 10000
# 0.0050 seconds
# 488444 nodes in table
# best score 10000
68 00000000381103fc00a0d510ff040000 00003e0440c01003ff5008e100803000 8 10000
# 0.0007 seconds

