Randseed 8fdcbe73
# 5287 nodes in table
# best score 0
1 00ab0002aa000aa8002aa000aa8002aa 00002aa800aaa002aa800aaa002aa800 2 0
# 0.4843 seconds
# 10731 nodes in table
# best score 0
3 006b0002aa000aa8002aa000aa8002aa 00002aa001aaa002aa800aaa002aa800 2 0
# 0.4578 seconds
# 15625 nodes in table
# best score 0
5 003b0002aa000aa8002aa000aa8002aa 00002aa001aaa002aa800aaa002ab000 2 0
# 0.4832 seconds
# 19813 nodes in table
# best score 0
7 003e0002aa000aa8002aa000aa8002aa 00002aa001aaa002aa800aab000ab000 2 0
# 0.4378 seconds
# 46138 nodes in table
# best score 0
9 001e0042aa000aa8002aa000aa8002aa 00002aa000aae002aa800aab000ab000 3 0
# 1.1774 seconds
# 63092 nodes in table
# best score 0
11 000e0042aa010aa8002aa000aa8002aa 00002aa004aac002aa800aab000ab000 3 0
# 0.8250 seconds
# 100613 nodes in table
# best score 0
13 00060042aa010aa8042aa000aa8002aa 000022a104aac002aa800aab000ab000 3 0
# 1.9069 seconds
# 134527 nodes in table
# best score 0
15 00020042aa010aa8042aa010aa8002aa 000022a1046ac002aa800aab000ab000 3 0
# 1.5169 seconds
# 153804 nodes in table
# best score -1
17 00000042aa010aa8042aa010aa8042aa 000022a1046ac002aa800aab010aa000 3 -1
# 0.8306 seconds
# 164660 nodes in table
# best score 1
19 00000042a9010aa8042aa010aa8042aa 000022a1046ac002ab000aab010aa000 3 1
# 0.5611 seconds
# 178629 nodes in table
# best score 2
21 00000042aa010aa8042aa010aa8042aa 000022a1046a8012ab000aab010aa000 3 2
# 0.6176 seconds
# 184828 nodes in table
# best score 4
23 00000042a8014aa8042aa010aa8042aa 000022a1046a8012aa004aab010aa000 3 4
# 0.2982 seconds
# 195116 nodes in table
# best score 5
25 00000042a8010aa8052aa010aa8042aa 000022a1046a8012aa004aaf010a8000 3 5
# 0.5204 seconds
# 210175 nodes in table
# best score 5
27 00000044a8010aa8052aa010aa8042aa 000012a1046a8012aa004aaf010a8000 3 5
# 0.6209 seconds
# 226656 nodes in table
# best score 6
29 00000040a8810aa8052aa010aa8042aa 000012a3042a8012aa004aaf010a8000 3 6
# 1.0479 seconds
# 237659 nodes in table
# best score 8
31 00000040a8814aa8052a8010aa8042aa 000002a3042a8412aa004aaf010a8000 3 8
# 0.5877 seconds
# 249210 nodes in table
# best score 9
33 00000040aa814aa8042a8010aa8042aa 000002a1042a8413aa004aaf010a8000 3 9
# 0.4830 seconds
# 256939 nodes in table
# best score 11
35 00000050aa814aa0042a8010aa8042aa 000002a1042a8413aa004aaf41028000 3 11
# 0.5657 seconds
# 270724 nodes in table
# best score 12
37 00000050aa814aa0042a8010aa0052aa 000102a1042a8413aa004aad41028000 3 12
# 0.8416 seconds
# 282006 nodes in table
# best score 12
39 00000040aa816aa0042a8010aa0052aa 000302a1042a8413aa004aad40028000 3 12
# 0.6511 seconds
# 290395 nodes in table
# best score 14
41 00000040a8816aa4042a8010aa0052aa 000302a1042a8413aa004eac40028000 3 14
# 0.6887 seconds
# 300948 nodes in table
# best score 14
43 00000040a8812aa404aa8010aa0052aa 000302a1042a8413aa1046ac40028000 3 14
# 0.5754 seconds
# 313304 nodes in table
# best score 15
45 0000004028912aa404aa8010aa0052aa 000300a1442a8413aa1046ac40028000 3 15
# 0.5639 seconds
# 321654 nodes in table
# best score 15
47 0000004028910aa404aa9010aa0052aa 000300a1442a8413aa1046ac40030000 3 15
# 0.4712 seconds
# 378893 nodes in table
# best score 17
49 0000004028910aa004aa9012aa0052aa 000300a1442a8413aa1046ac50020000 4 17
# 2.6642 seconds
# 427711 nodes in table
# best score 17
51 0000004028910aa0042a9012aa4052aa 000300a1442a8413aa1047ac10020000 4 17
# 2.1318 seconds
# 466151 nodes in table
# best score 17
53 0000004028810ba0042a9012aa4052aa 000300a1442a8413ea1047ac10000000 4 17
# 1.8698 seconds
# 499582 nodes in table
# best score 19
55 0000004028810ba004269012aa4052aa 000300a1442a8413fa1047ac00000000 4 19
# 1.4567 seconds
# 517218 nodes in table
# best score 18
57 00000040288509a004269012aa4052aa 000300a1442a8453fa10472c00000000 4 18
# 0.9544 seconds
# 526788 nodes in table
# best score 18
59 00000140288508a004269012aa4052aa 000300a1542a8451fa10472c00000000 4 18
# 0.3873 seconds
# 527877 nodes in table
# best score 10000
61 000003402885082004269012aa4052aa 000700a1542a8451fa10472800000000 4 10000
# 0.0281 seconds
# 527931 nodes in table
# best score 10000
63 000007402881082004269012aa4052aa 000700a1542a8451fa11432800000000 4 10000
# 0.0010 seconds

