Randseed 8fe6815d
# 5521 nodes in table
# best score 0
1 00aa8002aa000aa8002aa000aa8002ac 00002aa800aaa002aa800aaa002aa800 2 0
# 0.5386 seconds
# 10813 nodes in table
# best score 0
3 00ab0002aa000aa8002aa000aa8002ac 00002aa800aaa002aa800aaa006aa000 2 0
# 0.5523 seconds
# 15354 nodes in table
# best score 0
5 00ab0002aa000aa8002aa000aa8042a8 00002aa001aaa002aa800aaa006aa000 2 0
# 0.3067 seconds
# 19584 nodes in table
# best score 2
7 00ab0002aa000aa8002a8004aa8042a8 00002aa001aaa002aa800aaa016a8000 2 2
# 0.3655 seconds
# 37698 nodes in table
# best score 1
9 00ab0002aa000aa8002a8004aa9040a8 00002aa000aae002aa800aaa016a8000 3 1
# 1.0887 seconds
# 50612 nodes in table
# best score 1
11 00ab0002aa000aa8002c8004aa9040a8 00002aa004aac002aa800aaa016a8000 3 1
# 0.6178 seconds
# 62186 nodes in table
# best score 1
13 00ab0002aa0008a8402c8004aa9040a8 00002aa004aac002aa801aaa012a8000 3 1
# 0.5153 seconds
# 73901 nodes in table
# best score 1
15 00ab0002aa0008a8402ca004aa1040a8 00002aa004aac002aa801aab010a8000 3 1
# 0.5226 seconds
# 85988 nodes in table
# best score 2
17 00ab0002aa0008a8402ca004aa144028 00002a8004aac012aa801aab010a8000 3 2
# 0.5731 seconds
# 91864 nodes in table
# best score 3
19 00ab00029a0008a8402ca004aa144028 00002a8000aac012ab801aab010a8000 3 3
# 0.2302 seconds
# 110092 nodes in table
# best score 4
21 00ab00428a0008a8402ca004aa144028 00002a8000aac012ab805aa9010a8000 3 4
# 0.5742 seconds
# 119759 nodes in table
# best score 5
23 00ae00428a0008a8402ca004aa144028 00002a8000aac012ab804ab9010a8000 3 5
# 0.3765 seconds
# 126716 nodes in table
# best score 6
25 00ae00428a0008a8401ca004aa144028 00002a8000a8c052ab804ab9010a8000 3 6
# 0.3114 seconds
# 134369 nodes in table
# best score 6
27 00ae00428a0008a8401ca004ae144020 00002a8000a8c052ab804ab941028000 3 6
# 0.2685 seconds
# 140232 nodes in table
# best score 7
29 00ae00428a0008a84018a104ae144020 00002a8000a8c052ab804ab941030000 3 7
# 0.2791 seconds
# 148307 nodes in table
# best score 6
31 00ae00428a0008a844182104ae144020 00002a8000a8c052ab804ab951020000 3 6
# 0.3913 seconds
# 154709 nodes in table
# best score 7
33 00ae00428c0008a844182104ae144020 00002a800068c052ab804ab951020000 3 7
# 0.2736 seconds
# 184956 nodes in table
# best score 10
35 00ae00430c0008a844182104ae144020 00002a800068c052ab804eb911020000 4 10
# 1.4018 seconds
# 203256 nodes in table
# best score 12
37 00ae00430c0008a844182104ae150020 00001a800068c052ab804eb911020000 4 12
# 0.8783 seconds
# 218117 nodes in table
# best score 13
39 00ae00430c0008a844182104ee110020 00001a800068c051ab804eb911020000 4 13
# 0.8643 seconds
# 230169 nodes in table
# best score 13
41 00ae00430c000aa844182104ee010020 00001a800068c051aba04eb811020000 4 13
# 0.7680 seconds
# 242538 nodes in table
# best score 14
43 00a600430c010aa844182104ee010020 00001a800068c451aba046b811020000 4 14
# 0.5831 seconds
# 250123 nodes in table
# best score 16
45 00a600430c050a2844182104ee010020 00001a800060c551aba046b811020000 4 16
# 0.3118 seconds
# 258822 nodes in table
# best score 17
47 00a600430c050a2844082104ee050020 00001a800070c551aba044b811020000 4 17
# 0.4756 seconds
# 271680 nodes in table
# best score 17
49 00a600430c05082844082104ee0500a0 00001a800078c551aba040b811020000 4 17
# 0.5623 seconds
# 285258 nodes in table
# best score 17
51 00a600430c05082804082104ee0700a0 00001a800078c551aba440b811000000 4 17
# 0.7708 seconds
# 297750 nodes in table
# best score 17
53 00a600430c03082804082104ee0700a0 00001a800078c551aba440f801000000 4 17
# 0.5568 seconds
# 299770 nodes in table
# best score 10000
55 00a600430c03082804002104ee0740a0 00001a800078c5d1ab8440f801000000 6 10000
# 0.0757 seconds
# 299834 nodes in table
# best score 10000
57 00ae00430c01082804002104ee0740a0 00001a804078c5d1ab0440f801000000 5 10000
# 0.0044 seconds
# 299839 nodes in table
# best score 10000
59 00ae00430c01082005002104ee0740a0 00001e804078c5d1aa0440f801000000 7 10000
# 0.0004 seconds

