Randseed 8fe70f0c
# 5169 nodes in table
# best score 1
0 00aa8002aa000aa8002aa000aa8002aa 00002aa800aaa002aa800aaa002aa800 2 1
# 0.5242 seconds
# 9737 nodes in table
# best score 1
2 00a68002aa000aa8002aa000aa8002aa 00002aa9008aa002aa800aaa002aa800 2 1
# 0.3271 seconds
# 17480 nodes in table
# best score 1
4 00a68002aa000aa8002aa000aa8012a8 00002aad000aa002aa800aaa002aa800 2 1
# 0.5710 seconds
# 29037 nodes in table
# best score 1
6 00a68002aa000aa8002aa000aa801298 000028ad400aa002aa800aaa002aa800 3 1
# 1.0043 seconds
# 38796 nodes in table
# best score 3
8 00269002aa000aa8002aa000aa801298 000028ad400aa002aa801aa8002aa800 3 3
# 0.4687 seconds
# 49104 nodes in table
# best score 4
10 00269002aa000aa8002aa000aa805288 0000286d400aa002aa801aa8002aa800 3 4
# 0.4722 seconds
# 61038 nodes in table
# best score 4
12 00269002aa000aa8002aa000ab805280 0000282d440aa002aa801aa8002aa800 3 4
# 0.7001 seconds
# 100818 nodes in table
# best score 4
14 00069402aa000aa8002aa000ab805280 0000282d440aa002ab800aa8002aa800 3 4
# 1.6104 seconds
# 117468 nodes in table
# best score 5
16 00069402aa000aa8002aa000a7805280 0000202d442aa002ab800aa8002aa800 3 5
# 0.7093 seconds
# 133777 nodes in table
# best score 5
18 00069402aa000aa8002aa010a3805280 0000202d442aa002ab8009a8002aa800 3 5
# 0.6067 seconds
# 140817 nodes in table
# best score 6
20 00069002aa100aa8002aa010a3805280 0000202d442aa002a38109a8002aa800 3 6
# 0.3526 seconds
# 148394 nodes in table
# best score 7
22 00069002aa100aa8002ac010a3805280 00002025452aa002a38109a8002aa800 3 7
# 0.2552 seconds
# 156510 nodes in table
# best score 6
24 000690028a140aa8002ac010a3805280 00002005452aa012a38109a8002aa800 3 6
# 0.2627 seconds
# 168694 nodes in table
# best score 6
26 000690028a144aa0002ac010a3805280 00002005442aa016a38109a8002aa800 3 6
# 0.3383 seconds
# 173235 nodes in table
# best score 7
28 000690020a144ba0002ac010a3805280 00002005442aa016a38109a8002ca800 3 7
# 0.2399 seconds
# 181125 nodes in table
# best score 7
30 000690020a144ba04022c010a3805280 0000000544aaa016a38109a8002ca800 3 7
# 0.3104 seconds
# 194841 nodes in table
# best score 8
32 000680020a544ba04022c010a3805280 0000000544aaa416238109a8002ca800 4 8
# 0.7790 seconds
# 207906 nodes in table
# best score 8
34 000680120a540ba04022c010a3805280 0000000544aaa416238108e8002ca800 4 8
# 0.7395 seconds
# 219843 nodes in table
# best score 10
36 000680120a540ba04022c010c3805280 0000000544aaa41623810868042ca800 4 10
# 0.6558 seconds
# 234540 nodes in table
# best score 10
38 000680120a540ba04022c01083905280 0000000544aaa41613810868042ca800 4 10
# 0.6373 seconds
# 255403 nodes in table
# best score 10
40 000680120a540b804422c01083905280 0000000540aba41613810868042ca800 4 10
# 0.8791 seconds
# 304056 nodes in table
# best score 7
42 000680120a540b804c22801083905280 00000005c0a3a41613810868042ca800 5 7
# 1.7568 seconds
# 312043 nodes in table
# best score 11
44 000680120a440bc04c22801083905280 0000000580a3a41693810868042ca800 4 11
# 0.3689 seconds
# 320172 nodes in table
# best score 11
46 000680100a440bc14c22801083905280 0000000580a3a416938108680426a800 4 11
# 0.3788 seconds
# 332230 nodes in table
# best score 12
48 000680102a440bc14c22801083904280 0000000700a3a416938108680426a800 5 12
# 0.4993 seconds
# 338537 nodes in table
# best score 14
50 000680102a040bc14c22841083904280 0000000700a3a416938108680426b000 5 14
# 0.3306 seconds
# 346771 nodes in table
# best score 18
52 000680102a040bc14c22841083904300 0000000700a3a416938008680427b000 5 18
# 0.2678 seconds
# 350229 nodes in table
# best score 22
54 000280502a040bc14c22841083904300 0000000700a3a416938008280427b010 4 22
# 0.2214 seconds
# 357011 nodes in table
# best score 22
56 000280502a0403c14c32841083904300 0000000700a3a416a38008280427b010 4 22
# 0.3297 seconds
# 359677 nodes in table
# best score 22
58 000280502a0403c15c30841083904300 0000000700a1a416a38048280427b010 4 22
# 0.2190 seconds
# 359848 nodes in table
# best score 10000
60 000280503a0403815c30841083904300 0000000700a18416a380482c0427b010 4 10000
# 0.0048 seconds
# 359867 nodes in table
# best score 10000
62 000280503a0403805c38841083904300 0000000700a18412a380482e0427b010 5 10000
# 0.0003 seconds

