Randseed 8feed530
# 5212 nodes in table
# best score 1
1 00a28102aa000aa8002aa000aa8002aa 00002aa800aaa002aa800aaa002aa800 2 1
# 0.3813 seconds
# 9934 nodes in table
# best score 1
3 00229102aa000aa8002aa000aa8002aa 00002ab000aaa002aa800aaa002aa800 2 1
# 0.4500 seconds
# 13640 nodes in table
# best score 1
5 00029502aa000aa8002aa000aa8002aa 00002ab000aaa002aa800aaa006aa000 2 1
# 0.2599 seconds
# 56413 nodes in table
# best score -1
7 00029502ac000aa8002aa000aa8002aa 00002a7000aaa002aa800aaa006aa000 3 -1
# 2.0271 seconds
# 67456 nodes in table
# best score -1
9 00029103ac000aa8002aa000aa8002aa 0000287040aaa002aa800aaa006aa000 3 -1
# 0.5297 seconds
# 78982 nodes in table
# best score -1
11 00029103ac000aa8002aa000aa8042a2 0000287040aac002aa800aaa006aa000 3 -1
# 0.7901 seconds
# 91851 nodes in table
# best score -1
13 00029103ac000aa8002aa000ab8002a2 0000287040aac002aa800aaa005aa000 3 -1
# 0.7483 seconds
# 104100 nodes in table
# best score -1
15 00029103ac000aa8002ac000ab8002a2 0000287040aac002aa800aae001aa000 3 -1
# 0.5830 seconds
# 120891 nodes in table
# best score -1
17 00029103ac000aa80028c040ab8002a2 0000247040aac002aa800aae001aa000 3 -1
# 0.8543 seconds
# 129658 nodes in table
# best score 0
19 00029103ac000ab00028c040ab8002a2 0000247040aac002aa800abc001aa000 3 0
# 0.3339 seconds
# 152861 nodes in table
# best score -1
21 00029103ac000ab00028c000af8002a2 0000247040aac1028a800abc001aa000 3 -1
# 0.8595 seconds
# 159163 nodes in table
# best score 0
23 00029103ac000ab00028c000af810282 0000247040aac1028b000abc001aa000 3 0
# 0.2765 seconds
# 164731 nodes in table
# best score 0
25 00029103ac000ab00028c0006f810282 0000247040aac1028b0006bc001aa000 3 0
# 0.2582 seconds
# 173651 nodes in table
# best score 0
27 00029103ac000ab00028c0006f850202 0000247040aac1028e0006bc001aa000 3 0
# 0.3214 seconds
# 178148 nodes in table
# best score 0
29 00029103ac000ab00028c0006f851200 0000247040aac1018e0006bc001aa000 3 0
# 0.1837 seconds
# 196519 nodes in table
# best score 2
31 00029103ac000ab00018c0006f851200 0000247040aac1018e00073c001aa000 4 2
# 1.1655 seconds
# 225265 nodes in table
# best score -1
33 00029103a8010ab00018c0006f851200 0000247040aac1418c00073c001aa000 4 -1
# 1.7360 seconds
# 242609 nodes in table
# best score 0
35 00029103b8010aa00018c0006f851200 0000247040aec1418800073c001aa000 4 0
# 0.8524 seconds
# 256313 nodes in table
# best score -1
37 00028103b8410aa00018c0006f851200 0000247040bec1418000073c001aa000 4 -1
# 0.8524 seconds
# 267211 nodes in table
# best score -3
39 0002810338410ea00018c0006f851200 0000247040bec1418000073c8012a000 4 -3
# 0.8268 seconds
# 282452 nodes in table
# best score -4
41 0002810338410ea04008c0006f851200 0000247040bec1418000073c9010a000 4 -4
# 0.7311 seconds
# 287962 nodes in table
# best score -3
43 0002810338410ea04008c0002f871200 0000227040bec1418000073c9010a000 4 -3
# 0.2508 seconds
# 291015 nodes in table
# best score -2
45 0002810338410ea04008c0000f8f1200 0000227040bec0418800073c9010a000 4 -2
# 0.1913 seconds
# 298431 nodes in table
# best score -3
47 0003010338410ea04008c0000f8f1200 0000227040bec041880007bc8010a000 4 -3
# 0.2935 seconds
# 306331 nodes in table
# best score -2
49 0003000338410ea04408c0000f8f1200 0000226044bec041880007bc8010a000 5 -2
# 0.3186 seconds
# 321104 nodes in table
# best score -3
51 0003000318410ea04409c0000f8f1200 000022e044be8041880007bc8010a000 5 -3
# 0.6940 seconds
# 334176 nodes in table
# best score -3
53 0003000308410ea0440bc0000f8f1200 000022e044be8041082007bc8010a000 5 -3
# 0.4783 seconds
# 344452 nodes in table
# best score -3
55 0003000208410ea0440fc0000f8f1200 000022e044be8040082007fc8010a000 5 -3
# 0.3520 seconds
# 348909 nodes in table
# best score -3
57 0003000200410ea0540fc0000f8f1200 000023e044be8040002007fc8010a000 5 -3
# 0.2138 seconds
# 354885 nodes in table
# best score -3
59 0003000200410ea0540fc0000f8f1100 000023e144be8000002007fc8010a000 6 -3
# 0.2683 seconds
# 363169 nodes in table
# best score -4
61 0003000200410ea0540fc0000fcf1000 000023e144be8001002007fc8000a000 7 -4
# 0.3515 seconds
# 364619 nodes in table
# best score -3
63 0003000200400ea0540fe0000fcf1000 00002be144bc8001002007fc8000a000 6 -3
# 0.1413 seconds
# 371600 nodes in table
# best score -3
65 0003000200400e20540ff0000fcf1000 00003be144b88001002007fc8000a000 8 -3
# 0.4494 seconds
# 372733 nodes in table
# best score -4
67 0003000200400e20540ff0040fcf0000 00003be144b88003002007f88000a000 7 -4
# 0.1603 seconds
# 373356 nodes in table
# best score -3
69 0003000200400e20550fe0040fcf0000 00003be144b88003002007f88000c000 8 -3
# 0.0990 seconds
# 374314 nodes in table
# best score -3
71 0003000000400e28550fe0040fcf0000 00003be144b88003002007f880008010 8 -3
# 0.1361 seconds
# 374369 nodes in table
# best score -3
73 0003000000004e28550fe0040fcf0000 00003be144b88003002007f880000030 6 -3
# 0.0256 seconds
# 374369 nodes in table
# best score -10000
75 0003000002004e28550fe0040fc70000 00003be144b88003002007f880000060 6 -10000
# 0.0091 seconds
# 374377 nodes in table
# best score -10000
77 0003001002004e28550fe0040f870000 00003be144b88003002007f8800000c0 6 -10000
# 0.0017 seconds
# 374382 nodes in table
# best score -10000
79 0003801002004628550fe0040f870000 00003be144b89003002007f8000000c0 8 -10000
# 0.0002 seconds

