Randseed 8fef8dbe
# 4978 nodes in table
# best score 1
0 00aa8002aa000aa8002aa000aa8002aa 00002aa800aaa002aa800aaa002aa800 2 1
# 0.5448 seconds
# 11484 nodes in table
# best score 2
2 00ab0002aa000aa8002aa000aa8002aa 00002aa800aaa001aa800aaa002aa800 2 2
# 0.5484 seconds
# 15855 nodes in table
# best score 2
4 00ab0002aa000aa8002aa000aa9000aa 00002aa800aaa001aa800aaa002ab000 2 2
# 0.3932 seconds
# 37515 nodes in table
# best score 1
6 00ab0002aa000aa8000aa400aa9000aa 00002aa800aaa001aa800aaa4022b000 3 1
# 1.3623 seconds
# 57368 nodes in table
# best score 1
8 00ab0002aa000aa8000aa400aa94002a 00002aa800aaa001aa800aac4022b000 3 1
# 1.3729 seconds
# 108411 nodes in table
# best score 0
10 006b0002aa000aa8000aa400aa94002a 00002aa800aaa001ab000aac4022b000 3 0
# 2.0832 seconds
# 126229 nodes in table
# best score 0
12 006b0002aa000aa8000aa400ab14002a 00002aa800aaa001ab000aac4022e000 3 0
# 0.7503 seconds
# 153336 nodes in table
# best score 0
14 006b0002aa000aa8000ac400ab14002a 00002aa800aac001ab000aac4022e000 3 0
# 1.1446 seconds
# 169578 nodes in table
# best score 0
16 006a0042aa000aa8000ac400ab14002a 00002aa8006ac001ab000aac4022e000 3 0
# 0.8836 seconds
# 184965 nodes in table
# best score 1
18 00720042aa000aa8000ac400ab14002a 00002ab0006ac001ab000aac4022e000 3 1
# 0.7019 seconds
# 195758 nodes in table
# best score 1
20 00700042ae000aa8000ac400ab14002a 00002ab0006ac001ab000aac4021e000 3 1
# 0.4162 seconds
# 206416 nodes in table
# best score 1
22 00700042ae000aa8000ac400ae14002a 00002ab0006ac011aa000aac4021e000 3 1
# 0.3473 seconds
# 213262 nodes in table
# best score 1
24 00700041ae000aa8000ac400ae14002a 00002ab0006ac410aa000aac4021e000 3 1
# 0.2559 seconds
# 220506 nodes in table
# best score 1
26 00300441ae000aa8000ac400ae14002a 00002ab0006bc410a8000aac4021e000 3 1
# 0.2545 seconds
# 224189 nodes in table
# best score 0
28 00300441ae000aa8040a8400ae14002a 00002ab0106bc400a8000aac4021e000 3 0
# 0.1867 seconds
# 227582 nodes in table
# best score 0
30 00300441ae000aa8040a8410a614002a 000029b0106bc400a8000aac4021e000 3 0
# 0.1315 seconds
# 251217 nodes in table
# best score 2
32 00300441ae000ab0040a8410a614002a 000028b0106fc400a8000aac4021e000 4 2
# 1.1124 seconds
# 263639 nodes in table
# best score 2
34 00200441ae100ab0040a8410a614002a 000028b01067c440a8000aac4021e000 4 2
# 0.7279 seconds
# 283902 nodes in table
# best score 2
36 00000441ae100ab0440a8410a614002a 000028b01067c440a8000bac0021e000 4 2
# 1.2879 seconds
# 300070 nodes in table
# best score 2
38 00000441ae100aa0440b8410a614002a 000028b01067c44088040bac0021e000 4 2
# 0.6211 seconds
# 312592 nodes in table
# best score 1
40 00000441ae100a20540b8410a614002a 000028b01067c44088100bac0021e000 4 1
# 0.5951 seconds
# 316792 nodes in table
# best score 2
42 00000441ae100a20540b8410e610002a 000128a01067c44088100bac0021e000 4 2
# 0.3190 seconds
# 322376 nodes in table
# best score 3
44 00000441ae100a20540b8410f600002a 000128a01067c44088100bad0001e000 4 3
# 0.3729 seconds
# 328570 nodes in table
# best score 2
46 00020441ac100a20540b8410f600002a 000128a01067c44088100bcd0001e000 4 2
# 0.2750 seconds
# 334325 nodes in table
# best score -3
48 00020441ac100a20440b8410fe00002a 000128a01067c44088300b8d0001e000 5 -3
# 0.3652 seconds
# 349865 nodes in table
# best score -2
50 00020441ac100a00440f8410fe00002a 000118a01067c44088300b8d0001e000 6 -2
# 0.6630 seconds
# 358718 nodes in table
# best score -2
52 00020441ec100a00440f8010fe00002a 000118a01067c44088100f8d0001e000 6 -2
# 0.5272 seconds
# 370716 nodes in table
# best score -1
54 00020441ec100a00400f8010fe02002a 000118a21067c44088100f8c0001e000 6 -1
# 0.6155 seconds
# 385536 nodes in table
# best score -1
56 00060441e8100a00400f8010fe02002a 000118a21467844088100f8c0001e000 6 -1
# 0.6922 seconds
# 391944 nodes in table
# best score -1
58 00060441e8100a00400f8010fe02002c 000118a2146384408c100f8c0001e000 6 -1
# 0.3702 seconds
# 393304 nodes in table
# best score -1
60 00060441e8100a00400f8010fe02001c 000118a2146384408c100f8c0100e000 5 -1
# 0.1148 seconds
# 396111 nodes in table
# best score -3
62 00060540e8100a00400f8010fe02001c 000018a2146384408e100f8c0100e000 8 -3
# 0.2290 seconds
# 398125 nodes in table
# best score -3
64 000e0540e8100a00400f8010fe00001c 000010a2146384408e100f8d0100e000 8 -3
# 0.1639 seconds
# 399182 nodes in table
# best score -2
66 000e0540e8101200400f8010fe00001c 000000a2146384408e100f8d0120e000 8 -2
# 0.0731 seconds
# 399207 nodes in table
# best score -10000
68 000e0540e8900200400f8010fe00001c 000000a2146384408e104f8d01206000 8 -10000
# 0.0010 seconds

