Randseed 90012b5d
# 5069 nodes in table
# best score 1
0 00aa8002aa000aa8002aa000aa8002aa 00002aa800aaa002aa800aaa002aa800 2 1
# 0.4631 seconds
# 9944 nodes in table
# best score 1
2 006a8002aa000aa8002aa000aa8002aa 00002ab000aaa002aa800aaa002aa800 2 1
# 0.4487 seconds
# 14157 nodes in table
# best score 1
4 006a8002aa000aa8002aa000aa8002ac 00002ae000aaa002aa800aaa002aa800 2 1
# 0.3702 seconds
# 35271 nodes in table
# best score 0
6 006a8002aa000aa8002aa000aa8001ac 00002bc000aaa002aa800aaa002aa800 3 0
# 1.1334 seconds
# 48373 nodes in table
# best score 0
8 006b0002aa000aa8002aa000aa8001ac 000027c000aaa002aa800aaa002aa800 3 0
# 0.8674 seconds
# 65161 nodes in table
# best score 0
10 006b0001aa000aa8002aa000aa8001ac 000027c0009aa002aa800aaa002aa800 3 0
# 0.8051 seconds
# 74328 nodes in table
# best score 0
12 006b0001ac000aa8002aa000aa8001ac 00002780409aa002aa800aaa002aa800 3 0
# 0.5429 seconds
# 82718 nodes in table
# best score 0
14 006b0001a8010aa8002aa000aa8001ac 00002700409ea002aa800aaa002aa800 3 0
# 0.4131 seconds
# 94684 nodes in table
# best score 1
16 006a0041a8010aa8002aa000aa8001ac 00002700409ea002aac002aa002aa800 3 1
# 0.5036 seconds
# 102932 nodes in table
# best score 2
18 006a0041a8010aa8002aa000aa8400ac 00002700409ea003aa8002aa002aa800 3 2
# 0.4641 seconds
# 108873 nodes in table
# best score 2
20 006a0041a8010aa8002aa000ea84002c 00002700409ea003aa9000aa002aa800 3 2
# 0.2641 seconds
# 116568 nodes in table
# best score 2
22 006a0041a80106a8002aa000ea84002c 00002700409ea003ea8000aa002aa800 3 2
# 0.3892 seconds
# 125084 nodes in table
# best score 2
24 006a0041a80106a8002aa000ea840038 00002700409ca103ea8000aa002aa800 3 2
# 0.4295 seconds
# 139599 nodes in table
# best score 2
26 006a0041a80106a8002aa0007a840038 00002700408ca103fa8000aa002aa800 3 2
# 0.4982 seconds
# 151342 nodes in table
# best score 0
28 006a0041a80106a8002aa0007b040038 00002300408ca103fe8000aa002aa800 3 0
# 0.5226 seconds
# 162457 nodes in table
# best score 0
30 002a0441a80106a8002aa0007b040038 00002300408ca101ff8000aa002aa800 3 0
# 0.5491 seconds
# 171124 nodes in table
# best score 0
32 002a0441a80106a8002aa0007b050030 000023004088a111ff8000aa002aa800 3 0
# 0.4486 seconds
# 175949 nodes in table
# best score 0
34 002a0441a80146a0002aa0007b050030 000023004088a111ff8040a2002aa800 3 0
# 0.2722 seconds
# 178787 nodes in table
# best score 0
36 002a0441a80146a0002aa0007f050020 000022004088a111ff8050a2002aa800 3 0
# 0.1910 seconds
# 181913 nodes in table
# best score 0
38 002a0441aa0106a0002aa0007f050020 000020004088a111ff8050a2006aa800 3 0
# 0.1997 seconds
# 185418 nodes in table
# best score 0
40 00280441ba0106a0002aa0007f050020 0000200040882111ff8050a2006ab800 3 0
# 0.1665 seconds
# 188624 nodes in table
# best score 0
42 00280501ba0106a0002aa0007f050020 0000200000882111ff8450a2006ab800 3 0
# 0.1442 seconds
# 196979 nodes in table
# best score 1
44 00280500fa0106a0002aa0007f050020 0000200000882101ff8450e2006ab800 4 1
# 0.4690 seconds
# 219309 nodes in table
# best score -2
46 00280500fc0106a0002aa0007f050020 0000000400882101ff8450e2006ab800 4 -2
# 1.2101 seconds
# 230968 nodes in table
# best score 4
48 00280500f80506a0002aa0007f050020 0000000400882101ff8450e2005ab800 4 4
# 0.3986 seconds
# 238396 nodes in table
# best score 5
50 00080500f81506a0002aa0007f050020 0000000000c82101ff8450e2005ab800 4 5
# 0.2765 seconds
# 242461 nodes in table
# best score 14
52 00000500f8150ea0002aa0007f050020 0000000000c80105ff8450e2005ab800 4 14
# 0.2261 seconds
# 267943 nodes in table
# best score 13
54 00000100f8151ea0002aa0007f050020 0000000000c80101ff8450e2005af800 5 13
# 0.9077 seconds
# 281535 nodes in table
# best score 13
56 00000100f8151ea0002aa1007e050020 0000000000c00101ff9450e2005af800 5 13
# 0.5613 seconds
# 283146 nodes in table
# best score 14
58 00000100f8151ea0000aa5007e050020 0000000000c00101ffa450e2005af800 4 14
# 0.1829 seconds
# 286497 nodes in table
# best score 14
60 00000100f8151ea0000a85047e050020 0000000200400101ffa450e2005af800 4 14
# 0.2370 seconds
# 292396 nodes in table
# best score 13
62 00000100f8151ea0000287047e050020 0000000300000101ffa450e2005af800 5 13
# 0.3198 seconds
# 295532 nodes in table
# best score 13
64 00000100f8151ea0000287143e050020 0000080100000101ffa450e2005af800 5 13
# 0.1771 seconds
# 298163 nodes in table
# best score 12
66 00000100f8151e22000287143e050020 00000c0000000101ffa450e2005af800 5 12
# 0.1330 seconds
# 302338 nodes in table
# best score 11
68 00000100f8151e220002071c3e050020 0000060000000101ffa450e2005af800 6 11
# 0.2014 seconds
# 302561 nodes in table
# best score 10000
70 00000100f8151e220002871c3e050000 0000060000000101ffa450e20058f840 7 10000
# 0.0189 seconds
# 302564 nodes in table
# best score 10000
72 00000100f8151e22000387183e050000 0000060000000101ffa410e20058f850 7 10000
# 0.0014 seconds
# 302565 nodes in table
# best score 10000
74 00000100f8151e2200038f183e040000 0000060000000101ffa410c20058f870 8 10000
# 0.0003 seconds

