Randseed 90018551
# 5575 nodes in table
# best score 0
1 002a9002aa000aa8002aa000aa8002aa 00002aa800aaa002aa800aaa002aa800 2 0
# 0.4424 seconds
# 10077 nodes in table
# best score 0
3 002a9002aa4002a8002aa000aa8002aa 00002aa800aab000aa800aaa002aa800 2 0
# 0.4009 seconds
# 14385 nodes in table
# best score 0
5 002a9002aa4002a8002aa4002a8002aa 00000aac00aab000aa800aaa002aa800 2 0
# 0.4783 seconds
# 37268 nodes in table
# best score -1
7 000a9402aa4002a8002aa4002a8002aa 000002ad00aab000aa800aaa002aa800 3 -1
# 1.3200 seconds
# 50341 nodes in table
# best score -1
9 000a9402aa4002a8002aa4002a8012a8 000002a900aab800aa800aaa002aa800 3 -1
# 0.7881 seconds
# 64516 nodes in table
# best score -1
11 000a9c02aa0002a8002aa4002a8012a8 000000a940aab800aa800aaa002aa800 3 -1
# 0.7793 seconds
# 74063 nodes in table
# best score 0
13 000a9c00aa1002a8002aa4002a8012a8 000000a9402abc00aa800aaa002aa800 3 0
# 0.5063 seconds
# 89408 nodes in table
# best score 0
15 000a8c00aa1002a8402aa4002a8012a8 000000a8402abc00aa900aaa002aa800 3 0
# 0.6134 seconds
# 98838 nodes in table
# best score 2
17 000a8400aa1002a8402aa5002a8012a8 000000a8400abc00aa900aaa402aa800 3 2
# 0.4613 seconds
# 110902 nodes in table
# best score 2
19 00028500aa1002a8402aa5002a8012a8 000000a8400aac00aa900aaa402ea800 3 2
# 0.4941 seconds
# 123822 nodes in table
# best score 3
21 00020510aa1002a8402aa5002a8012a8 000000a8400aac00aa900aaa403ca800 3 3
# 0.6038 seconds
# 132675 nodes in table
# best score 3
23 00020510a61002a8402aa5002a8012a8 00000068400aac00aa900aaa403ca800 3 3
# 0.3331 seconds
# 155278 nodes in table
# best score 0
25 00020110a61003a8402aa5002a8012a8 00000068000eac00aa900aaa403ca800 3 0
# 1.0175 seconds
# 171794 nodes in table
# best score 0
27 00020110a61003b0402aa5002a8012a8 00000068000e6c00aa900aaa403ca800 3 0
# 0.5093 seconds
# 187909 nodes in table
# best score -1
29 00020110a61003f0402aa5000a8012a8 00000068000e6c00aa900aaa403cc800 3 -1
# 0.5478 seconds
# 203832 nodes in table
# best score -1
31 00020110a61003f0402aa5000c8012a8 00000068000e6c00aa900aab4038c800 3 -1
# 0.6609 seconds
# 242014 nodes in table
# best score 2
33 00020110a61003f0402aa5000c8012b0 00000068010e2c00aa900aab4038c800 4 2
# 1.5754 seconds
# 269834 nodes in table
# best score 2
35 00020110a61003f0402aa5000c8112a0 00000068010e2c00aa900aa74038c800 4 2
# 1.0772 seconds
# 288161 nodes in table
# best score 0
37 00020110a61003e0442aa5000c8112a0 00000068010e2c00aa900ac74038c800 4 0
# 0.8673 seconds
# 329579 nodes in table
# best score -4
39 00020110a61003e04429a5000c8112a0 0000006801072c00aa900ac74038c800 5 -4
# 1.7723 seconds
# 335652 nodes in table
# best score -3
41 00020110a61003e04429a4200c8112a0 0000006809032c00aa900ac74038c800 4 -3
# 0.3959 seconds
# 363440 nodes in table
# best score -4
43 00020110261403e04429a4200c8112a0 0000006809032c00aa9003c74038c800 5 -4
# 1.3736 seconds
# 380454 nodes in table
# best score -3
45 00020110261403e04421a4200c8112e0 0000006809032c00aa9403874038c800 5 -3
# 0.8280 seconds
# 391422 nodes in table
# best score -1
47 00020110261403e04421c4200c8112e0 0000006809032c00ba9403864038c800 5 -1
# 0.6148 seconds
# 412906 nodes in table
# best score 0
49 00020110261403e04421c4200c8111e0 0000006809232c00b29403864038c800 5 0
# 0.7942 seconds
# 425618 nodes in table
# best score 0
51 00020110261403e04421c4280c8110e0 0000006909232c00a29403864038c800 5 0
# 0.6343 seconds
# 429695 nodes in table
# best score 1
53 00020110261403e04421c4280d811060 000000690921ac00a29403864038c800 4 1
# 0.2949 seconds
# 433743 nodes in table
# best score 1
55 00020110261403e14421c0280d811060 000000610921ec00a29403864038c800 4 1
# 0.3912 seconds
# 441975 nodes in table
# best score 0
57 00020110261403e34401c0280d811060 000000610921ec00a29403824078c800 5 0
# 0.5623 seconds
# 454036 nodes in table
# best score 0
59 00028110221403e34401c0280d811060 000008610921ec00829403824078c800 5 0
# 0.6879 seconds
# 463294 nodes in table
# best score 0
61 00028110221413e24401c0280d811060 000008610821ec10829403824078c800 5 0
# 0.2895 seconds
# 482831 nodes in table
# best score 2
63 00028110229413e04401c0280d811060 000008610821ec14809403824078c800 6 2
# 0.7406 seconds
# 517386 nodes in table
# best score 1
65 00028110221413e24401c0280d811060 004008610821ec14809403824058c800 7 1
# 1.9533 seconds
# 538677 nodes in table
# best score 1
67 00028110221403e24441c0280d811060 004008610821ec148094038240586800 7 1
# 0.9678 seconds
# 551158 nodes in table
# best score 1
69 00028110221403e04441c8280d811060 006008610821ec148090038240586800 7 1
# 0.6188 seconds
# 561125 nodes in table
# best score 2
71 00028110221403e04401c8290d811060 006008410821ec148090138240586800 8 2
# 0.3904 seconds
# 571698 nodes in table
# best score 1
73 00028110221403e04401c0290da11060 006008410821ec048090138240586801 8 1
# 0.3423 seconds
# 575387 nodes in table
# best score 1
75 00028110221403e04401c0280da11460 006008410821ec048090138240582805 8 1
# 0.1866 seconds
# 576722 nodes in table
# best score 0
77 00028110221403e04401c0280d811660 006008010821ec048090138240582807 8 0
# 0.1289 seconds
# 576784 nodes in table
# best score -10000
79 00028110221403e04401c0280d811360 006008011821ec048090138240580807 10 -10000
# 0.0085 seconds
# 576790 nodes in table
# best score -10000
81 00028110221403e04401c0280d8111e0 006008811821ec048090138240580803 10 -10000
# 0.0007 seconds
# 576790 nodes in table
# best score -10000
83 00018110221403e04401c0280d8111e0 006408811821ec048090138240580801 10 -10000
# 0.0002 seconds

