Randseed 900f4b54
# 5683 nodes in table
# best score 1
1 00aa8002aa000aa8002aa000aa81028a 00002aa800aaa002aa800aaa002aa800 2 1
# 0.5775 seconds
# 10389 nodes in table
# best score 1
3 002a9002aa000aa8002aa000aa81028a 00002aa800aaa002aa800aaa001aa800 2 1
# 0.3209 seconds
# 15163 nodes in table
# best score 2
5 002a9002aa000aa8002aa000aa811288 00002aa800aaa002aa800aaa001ca800 2 2
# 0.4163 seconds
# 55798 nodes in table
# best score 0
7 002a9002aa000aa8002aa000aa815280 00002aa800aaa002aa8006aa001ca800 3 0
# 2.0901 seconds
# 72030 nodes in table
# best score 0
9 000a9402aa000aa8002aa000aa815280 00002aa800aaa002aa8006aa041c2800 3 0
# 0.7749 seconds
# 107818 nodes in table
# best score 0
11 00029502aa000aa8002aa000aa815280 00002aa800aaa002aa8006aa44182800 3 0
# 1.6770 seconds
# 138072 nodes in table
# best score -1
13 00029502aa1008a8002aa000aa815280 00002ab000aaa002aa8006aa44182800 3 -1
# 1.4521 seconds
# 151465 nodes in table
# best score -1
15 00029502ea0008a8002aa000aa815280 00002ab000aaa002aa8006aa45180800 3 -1
# 0.5301 seconds
# 165489 nodes in table
# best score -1
17 00029502ea4000a8002aa000aa815280 00002ab000aaa002aa8046aa44180800 3 -1
# 0.5701 seconds
# 179283 nodes in table
# best score 0
19 00029502ea4000a8002aa000aa855200 00002a7000aaa002aa8046aa44180800 3 0
# 0.5203 seconds
# 184852 nodes in table
# best score 0
21 00029503ea0000a8002aa000aa855200 00002a7000aaa002a88046ae44180800 3 0
# 0.3841 seconds
# 193935 nodes in table
# best score 0
23 00029503e80040a8002aa000aa855200 00002a7000aaa002289046ae44180800 3 0
# 0.3249 seconds
# 202228 nodes in table
# best score -1
25 00029503e80040a8002aa010aa851200 00002a7000aaa002289006ae44580800 3 -1
# 0.4940 seconds
# 206628 nodes in table
# best score -1
27 00029503e00140a8002aa010aa851200 00002a7000aaa002289106ae40580800 3 -1
# 0.1471 seconds
# 216030 nodes in table
# best score -2
29 00029103e00540a8002aa010aa851200 0040227000aaa002289106ae40580800 3 -2
# 0.4878 seconds
# 222776 nodes in table
# best score -2
31 00029103e0074028002aa010aa851200 0040227000a8a042289106ae40580800 3 -2
# 0.2996 seconds
# 242065 nodes in table
# best score 0
33 00028103e0074028042aa010aa851200 0040227000a8a002289106ee40580800 4 0
# 1.1150 seconds
# 280329 nodes in table
# best score -3
35 00030103e0074028042aa010aa851200 0040227000a8a002209107ee40580800 4 -3
# 2.6783 seconds
# 316087 nodes in table
# best score -3
37 00030101e0074028042aa010ae851200 0040223004a8a002209107ee40580800 4 -3
# 1.6361 seconds
# 345644 nodes in table
# best score -4
39 00030101e00740284422a010ae851200 0040223004a8a002009507ee40580800 4 -4
# 1.5554 seconds
# 389640 nodes in table
# best score -5
41 00060101e00740284422a010ae851200 0040223004a8a002809107ee40580800 4 -5
# 1.7870 seconds
# 451883 nodes in table
# best score -3
43 00060101e00742280422a010ae851200 00002a3004a8a002809107ee40580800 4 -3
# 2.6822 seconds
# 478059 nodes in table
# best score -3
45 00040181e00742280422a010ae851200 00002a3004b0a002809107ee40580800 4 -3
# 0.9326 seconds
# 516214 nodes in table
# best score -4
47 00040181e00742281420a010ae851200 00002c3004b0a002809107ee40580800 4 -4
# 1.7592 seconds
# 536819 nodes in table
# best score -4
49 00040180e01742281420a010ae851200 00002c3004e0a002809107ee40580800 4 -4
# 0.7725 seconds
# 552464 nodes in table
# best score -4
51 00040180e01742281420c010ae851200 00000c3404e0a002809107ee40580800 4 -4
# 0.5111 seconds
# 566611 nodes in table
# best score -2
53 00040180e01702381420c010ae851200 00000c3404e0a001809107ee40580800 4 -2
# 0.4394 seconds
# 586965 nodes in table
# best score -2
55 00040180e01702381420c010ae951000 00000c3404e0a801809107ee40480800 5 -2
# 1.0525 seconds
# 605754 nodes in table
# best score 4
57 00040180e01702301420c010ae971000 0000083504e0a801809107ee40480800 6 4
# 0.9408 seconds
# 611336 nodes in table
# best score 3
59 00000180e01702301420c010af971000 0000083104e0a801809107ee40480900 5 3
# 0.3684 seconds
# 616974 nodes in table
# best score 3
61 00000180e01702301440c010af971000 0000082104e0e801809107ee40480900 5 3
# 0.3688 seconds

