Randseed 90110821
# 5175 nodes in table
# best score 1
0 00aa8002aa000aa8002aa000aa8002aa 00002aa800aaa002aa800aaa002aa800 2 1
# 0.5248 seconds
# 9994 nodes in table
# best score 2
2 00b28002aa000aa8002aa000aa8002aa 00002aa800aaa002ab000aaa002aa800 2 2
# 0.3407 seconds
# 14109 nodes in table
# best score 2
4 00b28002aa000aa8002aa000aa8012a8 00002aa800aaa001ab000aaa002aa800 2 2
# 0.2777 seconds
# 26829 nodes in table
# best score 0
6 00b28002aa004aa0002aa000aa8012a8 00001aa800aaa001ab000aaa002aa800 3 0
# 0.6338 seconds
# 40894 nodes in table
# best score 0
8 00b20012aa004aa0002aa000aa8012a8 00001ac800aaa001ab000aaa002aa800 3 0
# 0.9203 seconds
# 48591 nodes in table
# best score 1
10 00b20012aa004aa0002a8004aa8012a8 00001ac800aaa001ab000aaa001aa800 3 1
# 0.3482 seconds
# 65397 nodes in table
# best score 1
12 00b20010aa404aa0002a8004aa8012a8 00001ac800aaa001ab0006aa001aa800 3 1
# 0.9085 seconds
# 77228 nodes in table
# best score 1
14 00b20010aa404aa0002a8004aa8052a0 00001ac800aaa001ab0006aa400aa800 3 1
# 0.5109 seconds
# 86331 nodes in table
# best score 2
16 00b20010aa404aa0001a8004aa8052a0 00001cc800aaa001ab0006aa400aa800 3 2
# 0.5520 seconds
# 94950 nodes in table
# best score 1
18 00b20010aa404aa0001a8000ab8052a0 00001cc800aaa400ab0006aa400aa800 3 1
# 0.4060 seconds
# 106166 nodes in table
# best score 1
20 00720010aa404aa0001a8000ab8052a0 00001ccc002aa400ab0006aa400aa800 3 1
# 0.4938 seconds
# 112104 nodes in table
# best score 2
22 00720010aa004aa1001a8000ab8052a0 00001cca002aa400ab0006aa400aa800 3 2
# 0.2186 seconds
# 117746 nodes in table
# best score 2
24 007200106a004aa1001a8000ab8052a0 00001cca002aa400ab0006aa404aa000 3 2
# 0.2162 seconds
# 123287 nodes in table
# best score 3
26 007200103a004aa1001a8000ab8052a0 00001cca002aa400ab0006ae400aa000 3 3
# 0.2954 seconds
# 128270 nodes in table
# best score 2
28 003a00103a004aa1001a8000ab8052a0 00001cca002aa400ab0006bc400aa000 3 2
# 0.1653 seconds
# 137163 nodes in table
# best score 3
30 003a00103a004aa1001a8000af8042a0 00001cca002aa400ab0007bc4002a000 3 3
# 0.4080 seconds
# 144180 nodes in table
# best score 2
32 003a00103a004aa1001a80009f8042a0 00001cca002aa400ab0007fc0002a000 3 2
# 0.2429 seconds
# 149651 nodes in table
# best score 2
34 003a00103a0042a1003a80009f8042a0 00001cca002aa400ab0403fc0002a000 3 2
# 0.1748 seconds
# 181204 nodes in table
# best score 4
36 003a00103a0042a0403a80009f8042a0 00001cca002aa500ab0401fc0002a000 4 4
# 1.5678 seconds
# 222819 nodes in table
# best score 3
38 003a00103a0042a0403a80008f8142a0 00001cca003aa5002b0401fc0002a000 4 3
# 1.9386 seconds
# 264719 nodes in table
# best score 2
40 001a01103a0042a0403a80008f8142a0 00001cca003aa5003b0400fc0002a000 4 2
# 1.9726 seconds
# 460860 nodes in table
# best score -2
42 001a01103a004280443a80008f8142a0 00001cca003ea1003b0400fc0002a000 5 -2
# 12.0026 seconds

