Randseed 901cb526
# 5314 nodes in table
# best score 1
1 00aa8002aa000aa8002aa000aa8042a2 00002aa800aaa002aa800aaa002aa800 2 1
# 0.4423 seconds
# 9627 nodes in table
# best score 2
3 00a88042aa000aa8002aa000aa8042a2 00002aa800aaa002aa800aaa002ab000 2 2
# 0.3777 seconds
# 17247 nodes in table
# best score 2
5 00a88041aa000aa8002aa000aa8042a2 00002ab000aaa002aa800aaa002ab000 2 2
# 0.5592 seconds
# 28294 nodes in table
# best score 1
7 00a88041aa000aa8001aa000aa8042a2 00002ab0002ab002aa800aaa002ab000 3 1
# 0.5533 seconds
# 41275 nodes in table
# best score 1
9 00a88041aa000aa8000aa100aa8042a2 00002ab0000ab402aa800aaa002ab000 3 1
# 0.6885 seconds
# 57839 nodes in table
# best score 1
11 00a88041aa000aa8000aa100aa814282 00002ab0000ab402aa800aac002ab000 3 1
# 0.7140 seconds
# 72185 nodes in table
# best score 3
13 00a88001ae000aa8000aa100aa814282 00002ab0000ab402aa800aac001ab000 3 3
# 0.8405 seconds
# 94995 nodes in table
# best score 4
15 00a88001ae000aa8000aa140aa804282 00002ab0000ab402aa800aac001cb000 3 4
# 0.9768 seconds
# 105132 nodes in table
# best score 4
17 00a88001ae000aa8000aa1406a804282 00002ab0000ab402a8804aac001cb000 3 4
# 0.5439 seconds
# 115145 nodes in table
# best score 5
19 00a08101ae000aa8000aa1406a804282 00002ab0000ab402a8800aac011cb000 3 5
# 0.6587 seconds
# 123547 nodes in table
# best score 5
21 00808501ae000aa8000aa1406a804282 00002ab0000ab402a88006ac011cb000 3 5
# 0.5621 seconds
# 131653 nodes in table
# best score 4
23 00808101ee000aa8000aa1406a804282 000032b0000ab402a88006ac011cb000 3 4
# 0.4815 seconds
# 138823 nodes in table
# best score 5
25 00808001fe000aa8000aa1406a804282 000032b0000ab402a88006ac051c3000 3 5
# 0.3687 seconds
# 143061 nodes in table
# best score 5
27 00808001fe000ab0000aa1406a804282 00001ab0000ab402a88006ac051c3000 3 5
# 0.2580 seconds
# 147030 nodes in table
# best score 4
29 00808001fe000ab0000ea1402a804282 00001ab0000ab402a88106ac011c3000 3 4
# 0.1772 seconds
# 155330 nodes in table
# best score 3
31 00808001fe000ab0000ea1502a800282 00001ab0000ab402a881062c111c3000 3 3
# 0.3311 seconds
# 161162 nodes in table
# best score 3
33 00808001fe000ab0000ea1500e800282 00001ab0000ab402a881022c511c3000 3 3
# 0.2205 seconds
# 181965 nodes in table
# best score 5
35 00808001fe000ab0040ea0500e800282 00001ab0000ab402a891022c51183000 4 5
# 1.1386 seconds
# 196175 nodes in table
# best score 4
37 00808001fe000af00406a0500e800282 00001cb0000ab402a891022c51183000 4 4
# 0.7000 seconds
# 213550 nodes in table
# best score 2
39 00808001fe010ae00406a0500e800282 00001cb00002b502a891022c51183000 4 2
# 0.9833 seconds
# 219271 nodes in table
# best score 2
41 00808001fe010ae00406a0500e800182 00001cb00002a503a891022c51183000 4 2
# 0.5366 seconds
# 224753 nodes in table
# best score 2
43 00808001fe010a600406e0500e800182 00001cb00002a501e891022c51183000 4 2
# 0.3172 seconds
# 275869 nodes in table
# best score 0
45 00808001fe010a600406e0500e840082 00001cb000026501e891022c51183000 5 0
# 2.1651 seconds
# 302263 nodes in table
# best score -1
47 00808001fe4102600406e0500e840082 00001cb000022505e891022c51183000 5 -1
# 1.2827 seconds
# 356695 nodes in table
# best score -3
49 00808001fe4102600406e0500e860002 00001cb000022505f891020c51183000 5 -3
# 2.1663 seconds
# 394979 nodes in table
# best score -3
51 00808001fe5100600406e0500e860002 00001cb001022505f811020c51183000 5 -3
# 1.3462 seconds
# 419814 nodes in table
# best score -1
53 00808001fe7100200406e0500e860002 00001cb001022105f811020c71183000 5 -1
# 0.9987 seconds
# 500069 nodes in table
# best score -1
55 00408001fe7100200406e0500e860002 00001cb801022101f811020c71183000 6 -1
# 2.5850 seconds
# 549539 nodes in table
# best score 0
57 00208001fe7100200406e0500e860002 00001cf801020101f811020c71183000 6 0
# 2.2499 seconds
# 584836 nodes in table
# best score 1
59 00108001fe7100200406e0500e860002 00001df800020101f811020c71183000 6 1
# 1.4747 seconds
# 607652 nodes in table
# best score 3
61 00108001fe7100200406e0500e860001 00000ff800020101f811020c71183000 6 3
# 0.9012 seconds
# 635536 nodes in table
# best score 2
63 00108001fe7100200406e0500e860002 00000ff800020101f811020e71182000 7 2
# 1.6224 seconds
# 637592 nodes in table
# best score 3
65 00108001fe7100200406e0500e861000 00000ff800020141f811020e61182000 5 3
# 0.2017 seconds

