Randseed 901dc134
# 5251 nodes in table
# best score 1
0 00aa8002aa000aa8002aa000aa8002aa 00002aa800aaa002aa800aaa002aa800 2 1
# 0.4597 seconds
# 10889 nodes in table
# best score 2
2 00aa8002aa000aa8002aa000aa80029a 00002aa800aac002aa800aaa002aa800 2 2
# 0.4320 seconds
# 15209 nodes in table
# best score 2
4 00aa0012aa000aa8002aa000aa80029a 00002aa800aac002aa800aaa001aa800 2 2
# 0.4604 seconds
# 28582 nodes in table
# best score 1
6 00aa0012aa000aa8002aa000aa80029c 00002aa800aac002aa800aac001aa800 3 1
# 0.8351 seconds
# 43601 nodes in table
# best score 1
8 00aa0012aa000aa8012a8000aa80029c 00001aa800aac002aa800aac001aa800 3 1
# 0.8381 seconds
# 59396 nodes in table
# best score 1
10 00aa0012aa000aa8012a8000ab00029c 00001aa800aac002aa800aac001ab000 3 1
# 1.0703 seconds
# 72095 nodes in table
# best score 2
12 00aa0012aa000aa8012a8000ab004298 00001aa800aac001aa800aac001ab000 3 2
# 0.6538 seconds
# 85753 nodes in table
# best score 1
14 00aa0012aa000aa8012a84002b004298 00001aa8006ac001aa800aac001ab000 3 1
# 0.6149 seconds
# 91240 nodes in table
# best score 1
16 00aa0002ae000aa8012a84002b004298 00001aa8006ac001aa800aac041a3000 3 1
# 0.2912 seconds
# 96837 nodes in table
# best score 2
18 00aa0002ae000aa8012a84002b004198 00001ab0006ac001aa800aac041a3000 3 2
# 0.2978 seconds
# 105517 nodes in table
# best score 2
20 00a80042ae000aa8012a84002b004198 00000ab1006ac001aa800aac041a3000 3 2
# 0.4552 seconds
# 111385 nodes in table
# best score 3
22 00a80042ae000aa8012a84002b044098 00000ab1006ac000aa900aac041a3000 3 3
# 0.2818 seconds
# 118020 nodes in table
# best score 4
24 00a80042ae000aa8012a84102a044098 000002b1006ac400aa900aac041a3000 3 4
# 0.4114 seconds
# 129518 nodes in table
# best score 4
26 00a80042ae000aa8052a84102a044088 000002b1006ac400aa904aa8041a3000 3 4
# 0.4725 seconds
# 136459 nodes in table
# best score 4
28 00a80042ae000aa8052a84103a044008 000002b1006ac410aa904aa0041a3000 3 4
# 0.2530 seconds
# 146446 nodes in table
# best score 4
30 00a80042ae010aa8052a84103a044000 000002b1006ac410aa904aa0051a2000 3 4
# 0.3962 seconds
# 150918 nodes in table
# best score 4
32 00a80042ae010aac042a84103a044000 000002b1006ac410ab104aa0051a2000 3 4
# 0.1914 seconds
# 155402 nodes in table
# best score 4
34 00a80042ae012aa4042a84103a044000 000002b1006ac410aa104aa8051a2000 3 4
# 0.2488 seconds
# 159135 nodes in table
# best score 5
36 00a80042ae052a24042a84103a044000 000002b1006ac410aa104a68051a2000 3 5
# 0.1245 seconds
# 176656 nodes in table
# best score 7
38 00a00142ae052a24042a84103a044000 000002b1006ac410aa104a68450a2000 4 7
# 0.8126 seconds
# 188430 nodes in table
# best score 8
40 00a00142af052a20042a84103a044000 000000b1406ac410aa104a68450a2000 4 8
# 0.7503 seconds
# 192234 nodes in table
# best score 6
42 00a00142bf050a20042a84103a044000 000000b1406ac410aa114a28450a2000 3 6
# 0.2256 seconds
# 207004 nodes in table
# best score 10
44 00a00142bf010a20042a84103a04c000 000000b0407ac410aa114a28450a2000 4 10
# 0.6181 seconds
# 211893 nodes in table
# best score 11
46 00a00142bf010820442a84103a04c000 000000b0407ac4109a114a28450a2000 4 11
# 0.3175 seconds
# 216012 nodes in table
# best score 13
48 00800542bf010820442a84103a04c000 000000b0407cc4109a114a28450a2000 4 13
# 0.1692 seconds
# 221931 nodes in table
# best score 11
50 008007423f010820442a84103a04c000 000000b0407c84109a114a28450a2004 5 11
# 0.3734 seconds
# 230843 nodes in table
# best score 11
52 000017423f010820442a84103a04c000 000000b0407c04109a114a28450a200c 5 11
# 0.4349 seconds
# 234729 nodes in table
# best score 11
54 000017423f010820442a84503a00c000 000000b0407c04009a114a28450a201c 5 11
# 0.1899 seconds
# 236901 nodes in table
# best score 10
56 000017423f010820442a84501a01c000 000000b0407c04809a114a28410a201c 5 10
# 0.1967 seconds
# 260997 nodes in table
# best score 10
58 000017423f010820442e84500a01c000 000000b0407c048098114a28410a203c 8 10
# 1.2590 seconds
# 263183 nodes in table
# best score 10000
60 00001f423f010820042e84500a01c000 000000b0407c048098114a08410e203c 8 10000
# 0.3112 seconds
# 263186 nodes in table
# best score 10000
62 00001f463f010820042684500a01c000 000000b0407c048098110a08410e207c 8 10000
# 0.0121 seconds
# 263191 nodes in table
# best score 10000
64 00001f463f810820042284500a01c000 000000b0407c048098100a08c10e207c 8 10000
# 0.0018 seconds
# 263193 nodes in table
# best score 10000
66 00001f063f811820042284500a01c000 000000b0007c048098100a09c10e207c 11 10000
# 0.0003 seconds

