Randseed 902829f3
# 4957 nodes in table
# best score 0
1 00aa8002aa000aa8002aa000aa8012a8 00002aa800aaa002aa800aaa002aa800 2 0
# 0.4247 seconds
# 9943 nodes in table
# best score 0
3 00aa8002aa000aa8002aa000ab8002a8 00002aa800aaa002aa800aab000aa800 2 0
# 0.4393 seconds
# 14406 nodes in table
# best score 0
5 00aa8002aa000aa8002aa000ab0042a8 00002aa800aaa002aac00aaa000aa800 2 0
# 0.4012 seconds
# 39601 nodes in table
# best score -2
7 00aa8002aa000aa8002aa000af0042a0 00000aac00aaa002aac00aaa000aa800 3 -2
# 1.5772 seconds
# 61705 nodes in table
# best score -3
9 00aa8002aa000aa8002aa000be0042a0 00000aac00aaa002aac00aaa000b2800 3 -3
# 1.2245 seconds
# 77008 nodes in table
# best score -3
11 00aa8002aa000aa80022a100be0042a0 00000aac00aaa002aac00aaa004b2000 3 -3
# 0.7588 seconds
# 93769 nodes in table
# best score -3
13 00aa8002aa000aa80022a000fe0042a0 00000aac00aaa002aac00aaa004e2000 3 -3
# 0.9184 seconds
# 107489 nodes in table
# best score -3
15 00aa8002aa000aa80022a040fe0002a0 00000aac00aaa002aac00aaa005c2000 3 -3
# 0.6932 seconds
# 120617 nodes in table
# best score -3
17 008a8402aa000aa80022a040fe0002a0 00000aac00aaa002aac00aaa00782000 3 -3
# 0.5137 seconds
# 133433 nodes in table
# best score -3
19 000a9402aa000aa80022a040fe0002a0 00000aa401aaa002aac00aaa00782000 3 -3
# 0.5083 seconds
# 210132 nodes in table
# best score -4
21 000a9402aa000aa81022a0407e0002a0 000002a501aaa002aac00aaa00782000 3 -4
# 2.7450 seconds
# 235625 nodes in table
# best score -5
23 000a9402aa000ba81022a0407c0002a0 000002a501aca002aac00aaa00782000 3 -5
# 0.9962 seconds
# 259896 nodes in table
# best score -6
25 000a8402aa400ba81022a0407c0002a0 000002a401bca002aac00aaa00782000 3 -6
# 0.8120 seconds
# 266315 nodes in table
# best score -7
27 000a8402aa400fa81022a040780002a0 000002a401bca002aac00aa201782000 3 -7
# 0.2170 seconds
# 275138 nodes in table
# best score -8
29 000a8402aa400fa81023a040380002a0 000002a401bca0032ac00aa201782000 3 -8
# 0.3443 seconds
# 289526 nodes in table
# best score -9
31 000a8402aa400fa81023a040180102a0 000002a401bca0032ac00a8205782000 3 -9
# 0.5558 seconds
# 302607 nodes in table
# best score -10
33 000a8403aa400fa81023a040080102a0 000002a401bcb0032ac0028205782000 3 -10
# 0.5769 seconds
# 320344 nodes in table
# best score -7
35 000a8403aa400f881423a040080102a0 000002a4419cb0032ac0028205782000 4 -7
# 1.6911 seconds
# 342225 nodes in table
# best score -7
37 000a0413aa400f881423a040080102a0 000002a4419cb003aa80028205782000 4 -7
# 1.6794 seconds
# 362464 nodes in table
# best score -7
39 00060413aa400f881423a040080102a0 000003a4418cb003aa80028205782000 4 -7
# 1.5771 seconds
# 370747 nodes in table
# best score -6
41 00060403ae400f881423a040080102a0 000003a4408cf003aa80028205782000 4 -6
# 0.8046 seconds
# 385066 nodes in table
# best score -6
43 00060403bc400f881423a040080102a0 000003a0408cf003aa90028205782000 4 -6
# 0.8105 seconds
# 400569 nodes in table
# best score -6
45 000604039c410f881423a040080102a0 000003c0408cf003aa90028205782000 4 -6
# 0.7532 seconds
# 411809 nodes in table
# best score -5
47 000304039c410f881423a040080102a0 000003c0408cd013aa90028205782000 4 -5
# 0.6824 seconds
# 429385 nodes in table
# best score -9
49 000304039c410f881423e04008010280 000003c0408cd013aa90128205382000 5 -9
# 0.9447 seconds
# 448936 nodes in table
# best score -9
51 000304039c410fa81423c04008010280 00000380408ed013aa90128205382000 5 -9
# 0.7655 seconds
# 463262 nodes in table
# best score -9
53 000204439c410fa81423c04008010280 00000380408ed013ab90128005382000 5 -9
# 0.5666 seconds
# 474419 nodes in table
# best score -9
55 000004439c410fa81423c04008030280 00000380408ed013ab90128045182000 5 -9
# 0.4356 seconds
# 479576 nodes in table
# best score -9
57 000004439c410fa81423c04008030180 00000380408ed053a390128045182000 5 -9
# 0.2821 seconds
# 482913 nodes in table
# best score -9
59 000004438c410fa81423c04008070180 00040380408ed013a390128045182000 5 -9
# 0.2418 seconds
# 487044 nodes in table
# best score -9
61 000004438c410fa81403c44008070180 00040380408ed013a390128047180000 5 -9
# 0.2235 seconds
# 491205 nodes in table
# best score -8
63 000004438e410fa81403c44008070080 00040380408ed013a390128843180000 5 -8
# 0.2134 seconds
# 496953 nodes in table
# best score -9
65 000004438e410fa41403c44008070080 00040380408ed013a390228843180000 5 -9
# 0.2152 seconds
# 501220 nodes in table
# best score -9
67 000004438e412fa01403c44008070080 00060380408cd013a390228843180000 5 -9
# 0.1838 seconds
# 504486 nodes in table
# best score -9
69 000004438f410fa01403c44008070080 001603804088d013a390228843180000 5 -9
# 0.1374 seconds
# 513459 nodes in table
# best score -8
71 000004438f410fa01403c84008070080 001603804088d013a390228c41180000 6 -8
# 0.2883 seconds
# 519828 nodes in table
# best score -8
73 000004438f410fa01403c04108070080 003603804080d013a390228c41180000 6 -8
# 0.2482 seconds
# 524034 nodes in table
# best score -8
75 000004438f410fa01403c04008270080 007603800080d013a390228c41180000 6 -8
# 0.1568 seconds
# 524373 nodes in table
# best score -10000
77 000004438f410fa01403c04008170080 007603800080d013a390238c41080000 6 -10000
# 0.0105 seconds
# 524373 nodes in table
# best score -10000
79 000004438f410fa01403c040081f0000 007603800080d013e390238c41000000 6 -10000
# 0.0003 seconds

