Randseed 90291578
# 5946 nodes in table
# best score 1
0 00aa8002aa000aa8002aa000aa8002aa 00002aa800aaa002aa800aaa002aa800 2 1
# 0.6194 seconds
# 11474 nodes in table
# best score 1
2 00aa8002aa000aa8002aa000aa8002ac 00002aa800aaa002aa800aaa002ab000 2 1
# 0.4737 seconds
# 17556 nodes in table
# best score 1
4 00aa8002aa000aa8002aa000aa8001ac 00002aa800aaa002aa800aaa012aa000 2 1
# 0.3964 seconds
# 23319 nodes in table
# best score 1
6 00aa8002aa000aa8002aa004aa0001ac 00002aa800aaa002aa804aaa012a8000 2 1
# 0.4174 seconds
# 46468 nodes in table
# best score 0
8 00aa8002aa000aa8012aa000aa0001ac 00002aa800aaa012aa804aaa002a8000 3 0
# 1.2690 seconds
# 60998 nodes in table
# best score 0
10 00aa8002aa004aa8012a8000aa0001ac 00002aa804aaa012aa804aa2002a8000 3 0
# 0.7826 seconds
# 76319 nodes in table
# best score 0
12 00aa8012aa004aa8002a8000aa0001ac 00002a8804aaa012ae804aa2002a8000 3 0
# 0.6988 seconds
# 129310 nodes in table
# best score -1
14 00aa8012aa004aa8002a8000aa0001b8 00002a8800aaa012be804aa2002a8000 3 -1
# 2.2215 seconds
# 156508 nodes in table
# best score -1
16 00aa8012aa004aa8002a8000aa0101b0 00002a8800aaa012be804aa2042a0000 3 -1
# 1.0738 seconds
# 196301 nodes in table
# best score -2
18 00aa8012aa004aa8002a8000ba0101a0 00002a8800aaa012be804aa2042c0000 3 -2
# 1.4583 seconds
# 209689 nodes in table
# best score -3
20 00ca8012aa004aa8002a8000ba0101a0 00002a8800aa2012fe804aa2042c0000 3 -3
# 0.7229 seconds
# 221587 nodes in table
# best score -3
22 00ca8012aa0042a9002a8000ba0101a0 00001a8800aa2012fe804aa2042c0000 3 -3
# 0.7261 seconds
# 252167 nodes in table
# best score -4
24 00c28112aa0042a9002a8000ba0101a0 00001a8800aa2012fe804aa244280000 3 -4
# 1.1517 seconds
# 278994 nodes in table
# best score -5
26 00c28112b20042a9002a8000ba0101a0 00001a8800aa2012fe904aa244200000 3 -5
# 0.9273 seconds
# 356227 nodes in table
# best score -4
28 00c28112b20042a9002a8000ba050180 00001a8800aa2012fe904ea204200000 4 -4
# 2.9062 seconds
# 419484 nodes in table
# best score -4
30 00c28112b20042a9002b0000ba050180 00001a8800a82052fe904ea204200000 4 -4
# 3.0801 seconds
# 475538 nodes in table
# best score -4
32 00c28112b20042a9002b0040ba040180 00001a8800a82052ff104ea204200000 4 -4
# 2.6064 seconds
# 569127 nodes in table
# best score -5
34 00c28112b2014289002b0040ba040180 00001a8800a82052ff104ea404200000 4 -5
# 3.7161 seconds
# 642159 nodes in table
# best score -6
36 00c28112b2014289002b0140ba040080 00001a8800a82442ff104ea404200000 4 -6
# 2.9571 seconds

