Randseed 90343630
# 6573 nodes in table
# best score 0
1 00aa8002aa000aa9000aa000aa8002aa 00002aa800aaa002aa800aaa002aa800 2 0
# 0.4514 seconds
# 11120 nodes in table
# best score 0
3 00aa8002aa000a69000aa000aa8002aa 00002aa800aaa002aa800aaa006aa000 2 0
# 0.3104 seconds
# 15356 nodes in table
# best score 1
5 00aa8002aa000a69000aa000aa8001aa 00002aa800aaa002aa800aab004aa000 2 1
# 0.4725 seconds
# 29455 nodes in table
# best score 0
7 00aa8002aa000a69000a8004aa8001aa 00002aa800aaa4022a800aab004aa000 3 0
# 0.7450 seconds
# 46628 nodes in table
# best score 1
9 00aa8002aa100869000a8004aa8001aa 00002aa800aaa4022a800aab4042a000 3 1
# 0.7534 seconds
# 58351 nodes in table
# best score 1
11 00aa8002aa100869000a8004a88041aa 00002aa800eaa0022a800aab4042a000 3 1
# 0.4810 seconds
# 68880 nodes in table
# best score 2
13 00aa8002aa100869000a8004888441aa 00001aa800eaa0022a800aab4042a000 3 2
# 0.5175 seconds
# 75883 nodes in table
# best score 4
15 00aa8002aa100869000a8004888401ba 00001aa800eaa0022c800aab4042a000 3 4
# 0.2910 seconds
# 80941 nodes in table
# best score 4
17 00ab0002aa100869000a8004888401ba 00001aa9006aa0022c800aab4042a000 3 4
# 0.1978 seconds
# 89723 nodes in table
# best score 5
19 00ab0002aa100869000a8004808501ba 00001aa9006aa0022c800eab0042a000 3 5
# 0.3125 seconds
# 95478 nodes in table
# best score 6
21 00cb0002aa100869000a8004808501ba 00001aa9006aa0022c800eab04422000 3 6
# 0.3296 seconds
# 100353 nodes in table
# best score 7
23 00cb0002a8104869000a8004808501ba 00001aa9006aa0022cc00eaa04422000 3 7
# 0.2551 seconds
# 105427 nodes in table
# best score 8
25 00cb0002a8104869000a8000808511ba 00001aa9006aa0022cc10eaa00422000 3 8
# 0.1795 seconds
# 110976 nodes in table
# best score 9
27 00ce0002a8104869000a8000808511ba 00001aa9006b20022cc10eaa00422000 3 9
# 0.1831 seconds
# 135016 nodes in table
# best score 10
29 00ce010288104869000a8000808511ba 00001aa9406320022cc10eaa00422000 4 10
# 1.9447 seconds
# 152605 nodes in table
# best score 10
31 00ce010288104869000a8000808510fa 00001aa9406320020cc50eaa00422000 4 10
# 1.2073 seconds
# 182353 nodes in table
# best score 11
33 00ce010288104839000a8000808510fa 00001aa9406320020cc50eaa01420000 4 11
# 1.4474 seconds
# 205961 nodes in table
# best score 11
35 00ce010288104039800a8000808510fa 00001ac9406320020cc50eaa01420000 4 11
# 0.9998 seconds
# 226232 nodes in table
# best score 11
37 00cc0102a8104039800a8000808510fa 00001ac9406320020cc50eba00420000 4 11
# 0.8357 seconds
# 247446 nodes in table
# best score 12
39 00cc0102a8100039820a8000808510fa 00001ac9406320000cc50fba00420000 4 12
# 0.8349 seconds
# 263622 nodes in table
# best score 13
41 00c80102a8140039820a8000808510fa 00001ac9506220000cc50fba00420000 4 13
# 0.9734 seconds
# 285801 nodes in table
# best score 13
43 00c80102281c0039820a8000808510fa 00001ac9506220000c850ffa00420000 4 13
# 1.0290 seconds
# 299349 nodes in table
# best score 13
45 00c80102281c003992088000808510fa 00001ec9106220000c850ffa00420000 4 13
# 0.7032 seconds
# 310086 nodes in table
# best score 14
47 00c80102201d003992088000808510fa 00001ec9106220400c810ffa00420000 4 14
# 0.5260 seconds
# 340257 nodes in table
# best score 14
49 00c80102201d00b982088000808510fa 00001ec9106220400c810ffe00020000 5 14
# 1.3522 seconds
# 344383 nodes in table
# best score 15
51 00d80102201d003982088000808510fa 00001ec9106220400c810ffc10020000 4 15
# 0.3294 seconds
# 356137 nodes in table
# best score 15
53 00d80102201d00318208c000808510fa 00001cc910e220400c810ffc10020000 5 15
# 0.7363 seconds
# 416207 nodes in table
# best score 16
55 00d80102201c00318208e000808510fa 00001ce910e2204008810ffc10020000 6 16
# 1.7591 seconds
# 466577 nodes in table
# best score 16
57 00d80102201c00118208f000808510fa 00001cf110e2204008810ffc10020000 6 16
# 2.0357 seconds
# 474493 nodes in table
# best score 15
59 00d80104201c00118208f000808510fa 00001cf112e2204008810ffc10000000 5 15
# 0.4334 seconds
# 485167 nodes in table
# best score 16
61 00d80104201c001182087002808510fa 00001cf112e2204408010ffc10000000 6 16
# 0.3382 seconds
# 487702 nodes in table
# best score 10000
63 00f80104200c001182087002808510fa 00001cf112e2604408010ff810000000 8 10000
# 0.0880 seconds
# 487778 nodes in table
# best score 10000
65 01f801042004001182087002808510fa 00001cf112e2604008410ff810000000 8 10000
# 0.0054 seconds
# 487780 nodes in table
# best score 10000
67 01f821042000001182087002808510fa 00001cf112e2404208410ff810000000 8 10000
# 0.0003 seconds

