Randseed 9034eca6
# 5695 nodes in table
# best score 1
0 00aa8002aa000aa8002aa000aa8002aa 00002aa800aaa002aa800aaa002aa800 2 1
# 0.4574 seconds
# 11012 nodes in table
# best score 1
2 00aa8002aa000aa8002aa000aa8002ca 00002aa800aaa006aa000aaa002aa800 2 1
# 0.5990 seconds
# 15991 nodes in table
# best score 2
4 00aa8002aa000aa8002aa000aa8012c8 00002aa800aaa006aa000aab000aa800 2 2
# 0.3258 seconds
# 21597 nodes in table
# best score 3
6 00aa8002aa000aa8002aa000aa8052c0 00002aa800aaa006aa000cab000aa800 2 3
# 0.3060 seconds
# 36167 nodes in table
# best score 2
8 00aa8002aa000aa8002a8004aa8052c0 00002aa800aaa006aa400caa000aa800 3 2
# 0.7195 seconds
# 47216 nodes in table
# best score 3
10 00aa8002aa000aa8002a8004aa845280 00002aa9008aa006aa400caa000aa800 3 3
# 0.5643 seconds
# 62800 nodes in table
# best score 4
12 00aa8002aa000aa8002a8000ab845280 00002ac9008aa006aa400caa000aa800 3 4
# 0.6353 seconds
# 70578 nodes in table
# best score 4
14 00aa8002a8004aa8002a8000ab845280 00002ac1018aa006aa400caa000aa800 3 4
# 0.3182 seconds
# 78694 nodes in table
# best score 4
16 00aa8002a8000ab8002a8000ab845280 00002ac10189a006aa400caa000aa800 3 4
# 0.3921 seconds
# 85372 nodes in table
# best score 6
18 002a9002a8000ab8002a8000ab845280 00002ac10189b006aa4008aa000aa800 3 6
# 0.3372 seconds
# 95379 nodes in table
# best score 6
20 002a9002a8000af0002a8000ab845280 00002ac10188f006aa4008aa000aa800 3 6
# 0.4214 seconds
# 107234 nodes in table
# best score 7
22 002a9002a8000be0002a8000ab845280 00002ac50188f006aa4000aa000aa800 3 7
# 0.4817 seconds
# 116761 nodes in table
# best score 8
24 002a9002a8000be0002a80006b845280 00002ac50188f006aa4040a2000aa800 3 8
# 0.3064 seconds
# 124008 nodes in table
# best score 9
26 000a9402a8000be0002a80006b845280 00002ac50188f006b24040a2000aa800 3 9
# 0.2304 seconds
# 131775 nodes in table
# best score 12
28 000a9402a8000bc0402a80006b845280 000028c54188f006b24040a2000aa800 3 12
# 0.2451 seconds
# 136360 nodes in table
# best score 13
30 000a9402a8100b80402a80006b845280 000029854188f006b24040a2000aa800 3 13
# 0.2808 seconds
# 145761 nodes in table
# best score 13
32 000a9402a8100b80402c80006b845280 000029854188f006924240a2000aa800 3 13
# 0.4395 seconds
# 151468 nodes in table
# best score 14
34 000a9402a8100f80402880006b845280 000029854188f00692434082000aa800 3 14
# 0.3258 seconds
# 156114 nodes in table
# best score 15
36 000a9402a8100f80401880006b845280 000029854188f00692434080004aa800 3 15
# 0.2521 seconds
# 171933 nodes in table
# best score 17
38 000a9402a8500f80400880006b845280 000029854188f00692434082004aa000 4 17
# 1.0434 seconds
# 180500 nodes in table
# best score 17
40 000a9402a8500f80400880007b845200 000029854188f00712434082004aa000 4 17
# 0.5320 seconds
# 186152 nodes in table
# best score 18
42 000a9402a8500f80400880003f845200 000029854188f00712435082000aa000 4 18
# 0.3362 seconds
# 195168 nodes in table
# best score 18
44 000a9402a8500f80400880003f845100 000029854188f00702475082000aa000 4 18
# 0.6340 seconds
# 202989 nodes in table
# best score 19
46 000a9402a8500f80400800103f845100 000029854188f00702475082000b2000 4 19
# 0.5327 seconds
# 216552 nodes in table
# best score 17
48 000a9402a8500f80400800003f845180 00002b054188f00702475082000b2000 5 17
# 0.7949 seconds
# 226239 nodes in table
# best score 18
50 000a9402a8500f80400801003f845080 00102b054180f00702475082000b2000 5 18
# 0.4666 seconds
# 238770 nodes in table
# best score 20
52 000b1402a8500f80400801003f845080 00102b054180700702c75082000b2000 5 20
# 0.5803 seconds
# 239738 nodes in table
# best score 10000
54 000a1442a8500f80400801003f845080 00102b054080700703c75082000b2000 6 10000
# 0.0167 seconds
# 239763 nodes in table
# best score 10000
56 000a1442a8540f80400801003f845000 00302a054080700703c75082000b2000 5 10000
# 0.0017 seconds
# 239767 nodes in table
# best score 10000
58 00061442a8540f80400801003f845000 00702a050080700703c75082000b2000 8 10000
# 0.0002 seconds

