Randseed 90414307
# 5306 nodes in table
# best score 0
1 00aa8002aa000aa8002aa0006a8002aa 00002aa800aaa002aa800aaa002aa800 2 0
# 0.4440 seconds
# 9660 nodes in table
# best score 0
3 00aa8002aa000aa8002b20006a8002aa 00002aa800aaa006aa000aaa002aa800 2 0
# 0.3399 seconds
# 21253 nodes in table
# best score -1
5 00aa0012aa000aa8002b20006a8002aa 00002aa800aaa006aa1008aa002aa800 3 -1
# 0.7078 seconds
# 38301 nodes in table
# best score -1
7 00aa0012aa000aa8002b2000698002aa 00002aa800aaa005aa1008aa002aa800 3 -1
# 1.0276 seconds
# 53741 nodes in table
# best score -1
9 00aa0012aa000aa8002b2000698001aa 00002aa001aaa005aa1008aa002aa800 3 -1
# 0.8469 seconds
# 64776 nodes in table
# best score 0
11 00aa00132a000aa8002b2000698001aa 00002aa000aae005aa1008aa002aa800 3 0
# 0.6356 seconds
# 74464 nodes in table
# best score 0
13 00aa00130a040aa8002b2000698001aa 00002aa004aae001aa1008aa002aa800 3 0
# 0.4782 seconds
# 82648 nodes in table
# best score 2
15 00aa00130a040aa8000b2400698001aa 00002aa004aae001aa1008aa002ab000 3 2
# 0.4816 seconds
# 89650 nodes in table
# best score 3
17 00aa001302050aa8000b2400698001aa 00002aa004aae001aa1008ac002ab000 3 3
# 0.3299 seconds
# 95597 nodes in table
# best score 5
19 00aa001302050aa8000e2400698001aa 00002aa0046ae001aa1008ac002ab000 3 5
# 0.2479 seconds
# 100422 nodes in table
# best score 6
21 00aa001302050aa8000e2600498001aa 00002aa0046ae011a81008ac002ab000 3 6
# 0.2742 seconds
# 103988 nodes in table
# best score 8
23 00aa001302050aa8000e26004981018a 00002aa0046ae411a80008ac002ab000 3 8
# 0.1223 seconds
# 107674 nodes in table
# best score 8
25 00aa001302050aa8000e26004b01018a 00002ae0046ac411a80008ac002ab000 3 8
# 0.2286 seconds
# 110627 nodes in table
# best score 8
27 00aa001302050aa8000e26004e01018a 00002ae0046ac411a80008ac002ae000 3 8
# 0.1992 seconds
# 114036 nodes in table
# best score 9
29 00aa001182050aa8000e26004e01018a 00001ae0046ac411a80008ac002ae000 3 9
# 0.2517 seconds
# 117488 nodes in table
# best score 10
31 00ac001182050aa8000e26004e01018a 00001ae0046ac451a00008ac002ae000 3 10
# 0.1838 seconds
# 129266 nodes in table
# best score 12
33 00b8001182050aa8000e26004e01018a 00001ae0046ac451a00008a8012ae000 4 12
# 0.8808 seconds
# 141562 nodes in table
# best score 12
35 00b8001182050aa8000e23004e01018a 00000ee0046ac451a00008a8012ae000 4 12
# 0.9014 seconds
# 153785 nodes in table
# best score 14
37 00b8001182010ba8000e23004e01018a 00000ee0046ac451c00008a8012ae000 4 14
# 0.6729 seconds
# 161562 nodes in table
# best score 14
39 00b8001182010ba8000e23004e01018c 00000ee0046ac451c0000868012ae000 4 14
# 0.4655 seconds
# 167953 nodes in table
# best score 14
41 00b8001182010ba8000e23004e0100cc 00000ee0047ac45180000868012ae000 4 14
# 0.3526 seconds
# 184595 nodes in table
# best score 12
43 00b8001182010ba8400c23004e0100cc 00000ee0047ac45180000069012ae000 5 12
# 1.1559 seconds
# 201580 nodes in table
# best score 13
45 00b8000183010ba8400c23004e0100cc 00000ee0047ac45180000068013ae000 5 13
# 1.0901 seconds
# 216605 nodes in table
# best score 12
47 00f0000183010ba8400c23004e0100cc 00000fe0047a845180000068013ae000 5 12
# 0.6170 seconds
# 241658 nodes in table
# best score 12
49 00f00001830113a8400c23004e0100cc 000007e0447a845180000068013ae000 5 12
# 0.9185 seconds
# 256374 nodes in table
# best score 13
51 00f00001830113a8400823006e0100cc 000007e0447a845180000078013a6000 5 13
# 0.7343 seconds
# 276729 nodes in table
# best score 16
53 00f00001830153a0400823006e0100cc 000007e0447a845180000078011e6000 5 16
# 0.7316 seconds
# 291273 nodes in table
# best score 18
55 00f00001830153a0400823006e01006c 000007e0447a845180000078110e6000 5 18
# 0.5235 seconds
# 292221 nodes in table
# best score 10000
57 00f00001830153a0400823006e010078 000007e0443e845180000078110e6000 7 10000
# 0.0761 seconds
# 292227 nodes in table
# best score 10000
59 00e00801830153a0400823006e010078 000007e0443e841182000078110e6000 7 10000
# 0.0063 seconds
# 292231 nodes in table
# best score 10000
61 00e00801830153a0400823006c0100f8 000007e0443e841182004078110e2000 8 10000
# 0.0004 seconds

