Randseed 90419022
# 5533 nodes in table
# best score 1
0 00aa8002aa000aa8002aa000aa8002aa 00002aa800aaa002aa800aaa002aa800 2 1
# 0.4655 seconds
# 10897 nodes in table
# best score 1
2 00ab0002aa000aa8002aa000aa8002aa 00002aa800a2a102aa800aaa002aa800 2 1
# 0.5303 seconds
# 16571 nodes in table
# best score 1
4 00ab0002aa000aa8002aa000aa8001aa 00002aa804a22102aa800aaa002aa800 2 1
# 0.4325 seconds
# 33843 nodes in table
# best score 0
6 00ab0002aa000aa8002aa000aa8001ca 00002aa804a22102aa800aaa001aa800 3 0
# 0.9721 seconds
# 46988 nodes in table
# best score 0
8 00ab00029a000aa8002aa000aa8001ca 00002aa804a22102aa840a2a001aa800 3 0
# 0.6557 seconds
# 59385 nodes in table
# best score 1
10 00ab00029a000aa8002aa000aa84018a 00002aa804a22102a8844a2a001aa800 3 1
# 0.6792 seconds
# 71244 nodes in table
# best score 2
12 00ab00029a000aa8002aa000ea84008a 00002aa804a22101a8844a2a001aa800 3 2
# 0.5447 seconds
# 83475 nodes in table
# best score 3
14 00ab00029a000a68002aa000ea84008a 00002aa804a22101a8840a3a001aa800 3 3
# 0.5314 seconds
# 90573 nodes in table
# best score 4
16 00ab00029a000a68002aa400ea84000a 00002ca804a22101a8840a3a001aa800 3 4
# 0.3098 seconds
# 101747 nodes in table
# best score 5
18 00aa00429a000a68002aa400ea84000a 00002ca804a22101a8840a3a005aa000 3 5
# 0.4953 seconds
# 112252 nodes in table
# best score 5
20 00aa00429a000668002aa400ea84000a 00002ca804a22101a8840a3a0059a000 3 5
# 0.3674 seconds
# 126846 nodes in table
# best score 6
22 00aa00429a000668003aa400ea80000a 00002ca804a22101a0850a3a0059a000 3 6
# 0.6199 seconds
# 130617 nodes in table
# best score 7
24 00aa00429a000668003aa404ea00000a 00002ca804a22101a0851a3a0019a000 3 7
# 0.1646 seconds
# 138780 nodes in table
# best score 7
26 00aa00429a010628003aa404ea00000a 00002ca804a22101a0841a3a0419a000 3 7
# 0.2736 seconds
# 144199 nodes in table
# best score 7
28 00aa00429a010628003aa404e800400a 00002ca804a22101a084193a0419a000 3 7
# 0.2569 seconds
# 186299 nodes in table
# best score 8
30 00aa00429a010628403aa404c800400a 00002ca804a42101a084193a0419a000 4 8
# 2.8111 seconds
# 193469 nodes in table
# best score 8
32 00aa00429a010628403aa404c800000e 00002ca804a42181a080193a0419a000 3 8
# 0.3242 seconds
# 209525 nodes in table
# best score 10
34 00aa00429a110628403aa4048800000e 00001ca804a42181a080193a0419a000 4 10
# 1.0149 seconds
# 232320 nodes in table
# best score 10
36 00aa00429a110628403ea4040800000e 00001ca804a42181a08019320419e000 4 10
# 1.4348 seconds
# 240285 nodes in table
# best score 11
38 00aa00419a110628403ea4040800000e 00001ca824a42181808019320419e000 4 11
# 0.5832 seconds
# 250263 nodes in table
# best score 12
40 00aa00419a110628403ea40408001006 00001cb820a42181808019320419e000 4 12
# 0.9880 seconds
# 266832 nodes in table
# best score 10
42 00aa00419a110628403ea40408801002 00001cb820a42181808019720419c000 4 10
# 1.0906 seconds
# 295714 nodes in table
# best score 13
44 00aa004198114628403ea40408801002 000018ba20a42181808019720419c000 4 13
# 1.6750 seconds
# 322757 nodes in table
# best score 14
46 00aa044098114628403ea40408801002 000010be20a42181808019720419c000 4 14
# 1.4786 seconds
# 342139 nodes in table
# best score 14
48 00aa044098114628403fa00408801002 000010be20a42181808019e20419c000 4 14
# 1.0330 seconds
# 355919 nodes in table
# best score 14
50 00aa044098110628413fa00408801002 000011be20a42081808019e20419c000 4 14
# 0.6680 seconds
# 359878 nodes in table
# best score 14
52 00ae044088110628413fa00408801002 000011be20a42081808015e20419c000 4 14
# 0.2349 seconds
# 365866 nodes in table
# best score 11
54 00be044088110228413fa00408801002 000001bf20a42081808015e20419c000 5 11
# 0.3512 seconds

