Randseed 904d390f
# 5323 nodes in table
# best score 0
1 00aa8002aa000aa8002aa000aa9000aa 00002aa800aaa002aa800aaa002aa800 2 0
# 0.5170 seconds
# 13457 nodes in table
# best score 0
3 00aa0012aa000aa8002aa000aa9000aa 00000aac00aaa002aa800aaa002aa800 2 0
# 0.8442 seconds
# 26215 nodes in table
# best score -2
5 00aa0012aa000aa8002aa000aa9010a8 00000aac00aaa006aa000aaa002aa800 3 -2
# 0.7633 seconds
# 41209 nodes in table
# best score -2
7 002a1012aa000aa8002aa000aa9010a8 00000aa800aab006aa000aaa002aa800 3 -2
# 1.0064 seconds
# 54874 nodes in table
# best score -2
9 002a0013aa000aa8002aa000aa9010a8 00000aa8002ab006aa400aaa002aa800 3 -2
# 0.7326 seconds
# 82378 nodes in table
# best score -2
11 002a0013aa000aa8002aa004aa9000a8 000006a8002ab006aa400aaa002aa800 3 -2
# 1.2071 seconds
# 93721 nodes in table
# best score -1
13 002a0013aa000aa8002aa004ea8000a8 00000688042ab006aa400aaa002aa800 3 -1
# 0.5716 seconds
# 101705 nodes in table
# best score -1
15 002a0013aa000aa8002aa004ea840028 00000688042af002aa400aaa002aa800 3 -1
# 0.4495 seconds
# 108993 nodes in table
# best score -2
17 002a0013aa000aa8002aa004ea844020 00000688042af002aa400aa2012aa800 3 -2
# 0.3754 seconds
# 118772 nodes in table
# best score -3
19 002a0013aa000aa8002aa004ea854000 00000288442af002aa400aa2012aa800 3 -3
# 0.4872 seconds
# 127746 nodes in table
# best score -3
21 002a0013aa0006a8002aa004ea854000 00000288442af002aa400aa21128a800 3 -3
# 0.3681 seconds
# 139640 nodes in table
# best score -3
23 00280053aa0006a8002aa004ea854000 00000088443af002aa400aa21128a800 3 -3
# 0.4202 seconds
# 148836 nodes in table
# best score -1
25 00200153aa0006a8002aa004ea854000 00000088443ae002aa400ea21128a800 3 -1
# 0.3393 seconds
# 157213 nodes in table
# best score -1
27 00200173a80006a8002aa004ea854000 00000088443ae000aa500ea21128a800 3 -1
# 0.2361 seconds
# 162764 nodes in table
# best score -2
29 00200163a80106a8002aa004ea854000 00000008543ae000aa500ea21128a800 3 -2
# 0.2704 seconds
# 168316 nodes in table
# best score -3
31 00200143a80106a8042aa004ea854000 00000008503ae010aa500ea21128a800 3 -3
# 0.1627 seconds
# 225545 nodes in table
# best score -1
33 00200143a80106a8042ae004ea054000 00000008403ee010aa500ea21128a800 4 -1
# 1.7411 seconds
# 232315 nodes in table
# best score -1
35 00200143a80106a8042ae004ee050000 00000000413ee010aa500ea21128a800 3 -1
# 0.2114 seconds
# 263679 nodes in table
# best score 0
37 00200143a80106a8042ae0046e070000 00000000403ee010ab500ea21128a800 4 0
# 1.1423 seconds
# 296701 nodes in table
# best score -1
39 00200143a80106a8042ae0442e070000 00000000403ee010eb100ea21128a800 4 -1
# 1.2861 seconds
# 306376 nodes in table
# best score -1
41 00200143a80106a8042be0442c070000 00000000403ee010eb140ea20128a800 4 -1
# 0.3576 seconds
# 320498 nodes in table
# best score -2
43 00200143a80106a8142be0402c070000 00000000403ec010eb940ea20128a800 4 -2
# 0.6470 seconds
# 330657 nodes in table
# best score -2
45 00200043b80106a8142be0402c070000 00000000003ec110eb940ea20128a800 4 -2
# 0.4229 seconds
# 337995 nodes in table
# best score -2
47 00200043b80106a9140be0402c070000 00000000003ec110eb940e224128a800 4 -2
# 0.3454 seconds
# 342650 nodes in table
# best score -3
49 00200043b80106a91403e1402c070000 00000000003ec150eb9406224128a800 5 -3
# 0.2091 seconds
# 346693 nodes in table
# best score -3
51 00200043b80106a51403e1402c070000 00000000003ec150eb9406224028e800 5 -3
# 0.1946 seconds
# 351750 nodes in table
# best score -3
53 00200043b80126a11403e1402c070000 00000000003ec150eb9406224018e800 5 -3
# 0.1817 seconds
# 363069 nodes in table
# best score -2
55 00000443b80126a11403e1402c070000 00000000003ec150eb9402224018e900 6 -2
# 0.4042 seconds
# 374134 nodes in table
# best score -2
57 00000443b90106a11403e1402c070000 00000000003ec150e39402224018e980 6 -2
# 0.5406 seconds
# 385235 nodes in table
# best score -2
59 00000443f90106a11403e0402c070000 00000000003ec150e39402224008e9c0 6 -2
# 0.3541 seconds
# 386455 nodes in table
# best score -10000
61 00000443fa0106a11403e0402c070000 00000000003e8150e39412224008e9c0 7 -10000
# 0.0566 seconds
# 386676 nodes in table
# best score -10000
63 00000443fa010ea01403e0402c070000 00000000003e8150e3941222400879c0 8 -10000
# 0.0093 seconds
# 386931 nodes in table
# best score -10000
65 00000441fe010ea01403e0402c070000 00000000003e8110e3941222400879e0 8 -10000
# 0.0115 seconds
# 386948 nodes in table
# best score -10000
67 00000441fe410ca01403e0402c070000 00000000003e8110e3901222400879f0 6 -10000
# 0.0021 seconds
# 386952 nodes in table
# best score -10000
69 00000443fe4108a01403e0402c070000 00000000001e8110e39012224008f9f0 10 -10000
# 0.0002 seconds

