Randseed 904df75e
# 5609 nodes in table
# best score 1
0 00aa8002aa000aa8002aa000aa8002aa 00002aa800aaa002aa800aaa002aa800 2 1
# 0.5383 seconds
# 10675 nodes in table
# best score 1
2 00a68002aa000aa8002aa000aa8002aa 00002ab000aaa002aa800aaa002aa800 2 1
# 0.4416 seconds
# 27897 nodes in table
# best score -1
4 00a68002aa000aa8002aa000aa80029a 00002ab000aaa002aa800aaa001aa800 3 -1
# 1.0130 seconds
# 47142 nodes in table
# best score -1
6 00a68002aa000aa8000aa400aa80029a 00002ab000aaa002aa800aaa001ab000 3 -1
# 1.0153 seconds
# 61593 nodes in table
# best score -1
8 00a28042aa000aa8000aa400aa80029a 00001ab000aaa002aa800aaa001ab000 3 -1
# 0.9750 seconds
# 80884 nodes in table
# best score -1
10 00a28042ac000aa8000aa400aa80029a 00001ab000aaa002aa800aaa000eb000 3 -1
# 0.8742 seconds
# 108821 nodes in table
# best score -1
12 00628042ac000aa8000aa400aa80029a 00000ab100aaa002aa800aaa000eb000 3 -1
# 1.4173 seconds
# 123999 nodes in table
# best score -2
14 00628042ac000aa8000aa400ab00029a 00000ab100aaa002aa800aaa000ee000 3 -2
# 0.6618 seconds
# 136450 nodes in table
# best score -1
16 00628042cc000aa8000aa400ab00029a 00000ab100aaa002aa800aaa000fc000 3 -1
# 0.5317 seconds
# 145524 nodes in table
# best score -2
18 00628042cc000aa8000aa400a700029a 00000ab1006aa002aa800aaa000fc000 3 -2
# 0.5279 seconds
# 155058 nodes in table
# best score -3
20 00628042cc000aa8000aa400a700029c 00000ab1006aa002aa800aaa400f8000 3 -3
# 0.5051 seconds
# 164430 nodes in table
# best score -3
22 00628042cc000aa8000aa5008700029c 00000ab1006aa002aa900aaa400f0000 3 -3
# 0.3693 seconds
# 173150 nodes in table
# best score -4
24 00628042cc000aa8000aa5008600829c 00000cb1006aa002aa900aaa400f0000 3 -4
# 0.3288 seconds
# 179550 nodes in table
# best score -5
26 006280428c100aa8000aa5008600829c 00000cb1006aa402aa900aaa400e0000 3 -5
# 0.3840 seconds
# 212174 nodes in table
# best score -2
28 006280428c100aa8000aa51086008298 00000cb1006aa401aa900aaa400e0000 4 -2
# 1.7944 seconds
# 241558 nodes in table
# best score 2
30 006280428c100aa8040aa51086008290 00000cb1006aa401aa900a6a400e0000 4 2
# 2.1308 seconds
# 270805 nodes in table
# best score 2
32 006280428c110aa8040aa51086008280 00000cb1006aa401aa910a2a400e0000 4 2
# 2.1218 seconds
# 291756 nodes in table
# best score 4
34 006280420c110aa8440aa51086008280 000004b1806aa401aa910a2a400e0000 4 4
# 1.5377 seconds
# 317298 nodes in table
# best score 4
36 0062804208110ae8440aa51086008280 000004b19068a401aa910a2a400e0000 4 4
# 1.9895 seconds
# 323974 nodes in table
# best score 6
38 0062804208110af0440aa51086008280 000004b19068a401ab110a2a400e0000 4 6
# 0.6651 seconds
# 328024 nodes in table
# best score 6
40 0062804208010bf0440aa51086008280 000004b1d060a401ab110a2a400e0000 4 6
# 0.4472 seconds
# 332832 nodes in table
# best score 6
42 0062804208010bf0540aa41086008280 000004b1d060a401ab51022a400e0000 4 6
# 0.2764 seconds
# 348190 nodes in table
# best score 6
44 0063004208010bf0540aa41086008280 000004b1d020a401ab71022a400e0000 5 6
# 0.7692 seconds
# 353187 nodes in table
# best score 7
46 0063004208010bf05402e41086008280 000004b1d020c401ab71022a400e0000 4 7
# 0.3254 seconds
# 365837 nodes in table
# best score 7
48 0067004208010bf01402e41086008280 000004b1d020c401eb71022a400c0000 5 7
# 0.4488 seconds
# 374430 nodes in table
# best score 7
50 006f004208010be01402e41086008280 000004a1d420c401eb71022a400c0000 5 7
# 0.3710 seconds
# 380790 nodes in table
# best score 7
52 007f0042080109e01402e41086008280 000004a1d420c401e371026a400c0000 5 7
# 0.2765 seconds
# 417173 nodes in table
# best score 8
54 00ff0042080108e01402e41086008280 00000481d420c411e371026a400c0000 6 8
# 0.9731 seconds
# 448589 nodes in table
# best score 9
56 00ff1042080108e01400e41086008280 00000481d420c411e3710266400c0000 6 9
# 0.7923 seconds
# 492398 nodes in table
# best score 7
58 00ff1042080108e01400e01086108280 00000481f420c410e3710266400c0000 7 7
# 2.2708 seconds

