Randseed 905b3047
# 5663 nodes in table
# best score 1
0 00aa8002aa000aa8002aa000aa8002aa 00002aa800aaa002aa800aaa002aa800 2 1
# 0.5046 seconds
# 15879 nodes in table
# best score 1
2 00a68002aa000aa8002aa000aa8002aa 00002aa800aaa002aa800aaa006aa000 2 1
# 0.7860 seconds
# 22874 nodes in table
# best score 0
4 00a68002aa000aa8002aa000aa8002b2 00002aa800aaa002aa800aae002aa000 2 0
# 0.7526 seconds
# 35380 nodes in table
# best score -2
6 00269002aa000aa8002aa000aa8002b2 00002aa800aaa002aa804aac002aa000 3 -2
# 0.7334 seconds
# 51411 nodes in table
# best score -1
8 00261012aa000aa8002aa000aa8002b2 00002aa800aaa002ab804aa8002aa000 3 -1
# 0.8030 seconds
# 66697 nodes in table
# best score 1
10 00221052aa000aa8002aa000aa8002b2 00002aa800aaa002ab004aa8012aa000 3 1
# 0.7705 seconds
# 75630 nodes in table
# best score 1
12 00201052ae000aa8002aa000aa8002b2 00002aa800aaa012ab004aa8012a8000 3 1
# 0.4182 seconds
# 90150 nodes in table
# best score 2
14 00201052ae004aa0002aa000aa8002b2 00002aa800aaa012af004aa8002a8000 3 2
# 0.6669 seconds
# 119868 nodes in table
# best score 2
16 00001452ae004aa0002aa000aa8002b2 00002aa800aaa012bf004aa0002a8000 3 2
# 1.2654 seconds
# 143705 nodes in table
# best score 2
18 00001053ae004aa0002aa000aa8002b2 00002aa800aaa112bf000aa0002a8000 3 2
# 1.0392 seconds
# 160823 nodes in table
# best score 3
20 00001053ae004aa0002aa000aa8102a2 00002aa840aaa112be000aa0002a8000 3 3
# 0.7833 seconds
# 176804 nodes in table
# best score 3
22 00001053ae004aa0002aa000ae810282 00002aa840aa2112be040aa0002a8000 3 3
# 0.6520 seconds
# 197740 nodes in table
# best score 4
24 00001053ae004aa0002aa000ae910082 000028a840aa2112be040ae0002a8000 3 4
# 0.8614 seconds
# 211257 nodes in table
# best score 4
26 000010539e004aa0002aa000ae910082 000028a840aa2102fe040ae0002a8000 3 4
# 0.5401 seconds
# 220328 nodes in table
# best score 3
28 000010539e0042a1002aa000ae910082 000028a840ba2102fc040ae0002a8000 3 3
# 0.5010 seconds
# 306033 nodes in table
# best score 4
30 000010531e4042a1002aa000ae910082 000028a8409a2102fc040ae0102a8000 4 4
# 4.1072 seconds
# 353585 nodes in table
# best score 4
32 000010531e4042a1002aa000ae911080 000028a8409a2102f8040be0102a8000 4 4
# 2.6134 seconds
# 393630 nodes in table
# best score 9
34 000010531e4042a1002aa400ae811080 000028a8409e2102f8040be010288000 4 9
# 1.8678 seconds
# 431604 nodes in table
# best score 11
36 000010531e4042a1002aa400ce811080 000028a8419e0102f8040be010288000 4 11
# 2.1881 seconds
# 453996 nodes in table
# best score 13
38 000010531e4042a1002aa400ce811040 000028a8419e0102f8040be010308000 4 13
# 1.4888 seconds
# 481896 nodes in table
# best score 13
40 000010521e404aa1002aa400ce811040 000028a8419e0102f8040be110208000 4 13
# 1.2568 seconds
# 506881 nodes in table
# best score 13
42 000010521e410aa1002aa400ce811040 000028a8419e0102f8440be110008000 4 13
# 0.9662 seconds
# 528018 nodes in table
# best score 14
44 000010521e410aa1002a8404ce811040 000028a8419e1102f8440be010008000 4 14
# 0.8365 seconds
# 556283 nodes in table
# best score 14
46 000010521e410aa1002a8400cf811040 000028ac419e1102f84403e010008000 4 14
# 0.8772 seconds
# 568578 nodes in table
# best score 14
48 000010521e410aa100328400cf811040 00002aac419e1102f84403c010008000 4 14
# 0.5107 seconds
# 579768 nodes in table
# best score 14
50 000010521e410ca100328400cf811040 00002bac419e1102f84401c010008000 4 14
# 0.4986 seconds
# 590290 nodes in table
# best score 15
52 000010521e410ca100318400cf811040 00002fac419e1102f844018010008000 4 15
# 0.2585 seconds
# 602507 nodes in table
# best score 14
54 000010521e410ca100308410cf811040 00402fac419e1102f844018000008000 5 14
# 0.3379 seconds
# 605619 nodes in table
# best score 15
56 000010521e410ca100208410ef811040 00c02fac419e1102f044018000008000 4 15
# 0.1652 seconds
# 607391 nodes in table
# best score 15
58 000000521e410ca100208410ff811040 00c03fac419e1102e044018000008000 4 15
# 0.0874 seconds
# 607460 nodes in table
# best score 10000
60 000000501e410ca100208410ff831040 00c43fac419e1102e004018000008000 5 10000
# 0.0030 seconds
# 607460 nodes in table
# best score 10000
62 000000501e410ca104208410ff830040 00c53f8c419e1102e004018000008000 6 10000
# 0.0003 seconds

