Randseed 905bbac4
# 5094 nodes in table
# best score 0
1 00aa8002aa000aa8002aa000aa8012a8 00002aa800aaa002aa800aaa002aa800 2 0
# 0.4875 seconds
# 9489 nodes in table
# best score 0
3 00aa8002aa000aa8002aa004aa8002a8 00002aa800aaa002aa800aab000aa800 2 0
# 0.4131 seconds
# 13827 nodes in table
# best score 0
5 00aa8002aa000aa8002a8004ab8002a8 00001aa800aaa002aa800aab000aa800 2 0
# 0.2993 seconds
# 29540 nodes in table
# best score -1
7 00aa8002aa000aa8002a8000af8002a8 00001aa800aaa002aa800aab000a6800 3 -1
# 1.0005 seconds
# 50198 nodes in table
# best score -1
9 00aa8002aa000aa8002a8000bf0002a8 00001aa800aac002aa800aab000a6800 3 -1
# 1.0919 seconds
# 75114 nodes in table
# best score -1
11 00aa8002aa000aa8002a8000be0102a8 00001aa800aac012a8800aab000a6800 3 -1
# 1.3400 seconds
# 92693 nodes in table
# best score -1
13 00aa8002aa000aa8002a8040bc0102a8 00001a8804aac012a8800aab000a6800 3 -1
# 0.9261 seconds
# 107218 nodes in table
# best score 0
15 00aa8002aa000aa8102a80409c0102a8 00001a88042ad012a8800aab000a6800 3 0
# 0.6996 seconds
# 136085 nodes in table
# best score 1
17 00aa8002aa000ba8102a80409c010288 00001a90042ad012a8800aab000a6800 3 1
# 1.4937 seconds
# 148674 nodes in table
# best score 1
19 00aa8002aa000fa8102a804098010288 00001c90042ad012a8800aab000a6800 3 1
# 0.6533 seconds
# 163888 nodes in table
# best score 0
21 00aa8002aa000fe8102a804088010288 00001c90042ad012a8800eaa000a6800 3 0
# 0.6863 seconds
# 172123 nodes in table
# best score 2
23 00aa8002aa010fe8102a804088000288 00001c90042ad012a8800e2a100a6800 3 2
# 0.4563 seconds
# 181016 nodes in table
# best score 1
25 00aa8002aa110fe8102a804080000288 00001c90042ac013a8800e2a100a6800 3 1
# 0.5128 seconds
# 217906 nodes in table
# best score 4
27 00aa8042aa1107e8102a804080000288 00001c90042ac013a890062a100a6800 4 4
# 1.5307 seconds
# 245678 nodes in table
# best score 5
29 00ae8042aa1107e8102a800080000288 00000c91042ac013a890062a100a6800 4 5
# 1.8619 seconds
# 276315 nodes in table
# best score 6
31 00a68042aa1107e8102e800080000288 00000c91042ac013c890062a100a6800 4 6
# 1.7428 seconds
# 313515 nodes in table
# best score 7
33 00a78042aa1107e81026800080000288 00000c91042ac0138890062a500a6800 4 7
# 1.8581 seconds
# 340742 nodes in table
# best score 9
35 00a70042ea1107e81026800080000288 00000c91042ac0138890062a70086800 4 9
# 1.2701 seconds
# 359973 nodes in table
# best score 8
37 00a60042ea1107e81027800080000288 00000c91042ac0138890062a78006800 4 8
# 1.1751 seconds
# 375635 nodes in table
# best score 9
39 00a60042ea1107e81027800080000308 00000c91042ac0138810162a78006800 4 9
# 1.2064 seconds
# 384725 nodes in table
# best score 11
41 00a60042ea1107e81027800080100208 00000c91042ac0138810160a7c006800 4 11
# 0.6289 seconds
# 393902 nodes in table
# best score 12
43 00c60042ea1107e81027800080100208 00000c91042ac0138810160a7c007000 4 12
# 0.3215 seconds
# 404174 nodes in table
# best score 12
45 00861042ea1107e81027800080100208 00000c91042ac0138410160a7c007000 4 12
# 0.6377 seconds
# 413355 nodes in table
# best score 14
47 00861442ea1107e81027000080100208 00000891046ac0138410160a7c007000 4 14
# 0.4924 seconds
# 426915 nodes in table
# best score 19
49 00a61442ea1107e81026000080100208 00000891046ac0138410060e7c007000 4 19
# 0.5131 seconds
# 439823 nodes in table
# best score 19
51 00e61442ea1107e81022000080100208 00000811146ac0138410060e7c007000 4 19
# 0.4928 seconds
# 448348 nodes in table
# best score 20
53 00e61442ea1107e81022000180100008 00000011146ac8138410060e7c007000 4 20
# 0.3666 seconds
# 450772 nodes in table
# best score 20
55 00e61442ea1147e01022000180100008 00000011146a88138610060e7c007000 4 20
# 0.2109 seconds
# 456604 nodes in table
# best score 19
57 00e61442ea1147e01022080180000008 00000031146a88138210060e7c007000 5 19
# 0.3182 seconds
# 460391 nodes in table
# best score 20
59 00e61442ea1147e01062080100000008 00000031046e88138210060e7c007000 5 20
# 0.2045 seconds
# 460413 nodes in table
# best score 10000
61 00e71442ea1143e01062080100000008 00000031046e88138210460c7c007000 5 10000
# 0.0018 seconds
# 460418 nodes in table
# best score 10000
63 00e79442ea1143e01060080100000008 00000031046e88138210420c7c00f000 7 10000
# 0.0003 seconds

