Randseed 90695d3b
# 5531 nodes in table
# best score 1
0 00aa8002aa000aa8002aa000aa8002aa 00002aa800aaa002aa800aaa002aa800 2 1
# 0.4494 seconds
# 10765 nodes in table
# best score 1
2 00ab0002aa000aa8002aa000aa8002aa 00002aa001aaa002aa800aaa002aa800 2 1
# 0.5765 seconds
# 15674 nodes in table
# best score 1
4 00ab0002aa000aa8002aa000aa80029a 00002aa001aaa002aa800aaa006aa000 2 1
# 0.4264 seconds
# 22978 nodes in table
# best score 2
6 00ab0002ac000aa8002aa000aa80029a 00002aa000aaa006aa800aaa006aa000 2 2
# 0.4858 seconds
# 27654 nodes in table
# best score 3
8 00aa0042ac000aa8002aa000aa80029a 00002aa000aaa006aa801aaa002aa000 2 3
# 0.2925 seconds
# 60138 nodes in table
# best score 2
10 00aa0042ac000aa8002aa000aa80428a 00002aa000aae006aa801aa8002aa000 3 2
# 1.6780 seconds
# 72827 nodes in table
# best score 3
12 00aa0042ac000aa8002aa000ab804282 00002aa000abe006aa800aa8002aa000 3 3
# 0.6872 seconds
# 92123 nodes in table
# best score 3
14 00a80042bc000aa8002aa000ab804282 00002aa000afe006aa000aa8002aa000 3 3
# 0.9179 seconds
# 117735 nodes in table
# best score 2
16 00a00142bc000aa8002aa000ab804282 00002aa000bfe002aa000aa8002aa000 3 2
# 1.1074 seconds
# 132724 nodes in table
# best score 2
18 00a00140bc400aa8002aa000ab804282 00002aa100bfc002aa000aa8002aa000 3 2
# 0.6029 seconds
# 161945 nodes in table
# best score 2
20 00a00140bc400aa8002aa010ab004282 00002a9100bfc002aa000aa8002aa000 3 2
# 1.2797 seconds
# 170152 nodes in table
# best score 1
22 00a00140bc400aa8002aa010ab004182 00002a8102bfc002aa000aa8002aa000 3 1
# 0.3456 seconds
# 181139 nodes in table
# best score 3
24 00a00140bc400aa8002ac010ab004182 00042a0102bfc002aa000aa8002aa000 3 3
# 0.4738 seconds
# 188278 nodes in table
# best score 5
26 00a00100fc400aa8002ac010ab004182 00082a0102bfc002aa000aa8002aa000 3 5
# 0.3821 seconds
# 199892 nodes in table
# best score 6
28 00a00400fc400aa8002ac010ab004182 00082a0102bfc002aa000aa4002aa000 3 6
# 0.6069 seconds
# 207105 nodes in table
# best score 5
30 00a00400fc400aa8042ac010aa004182 00082a0102bfc012a8000aa4002aa000 3 5
# 0.6248 seconds
# 215038 nodes in table
# best score 5
32 00a00400fc400aa8042ac010aa004184 00102a0102bfc012a8000aa4002aa000 3 5
# 0.4028 seconds
# 221310 nodes in table
# best score 5
34 00a00400fc400a88042ac010aa00418c 00002b0102bfc012a8000aa4002aa000 3 5
# 0.4235 seconds
# 226874 nodes in table
# best score 5
36 00a00400fc400a80052ac010aa00418c 0000298102bfc012a8000aa4002aa000 3 5
# 0.3051 seconds
# 251364 nodes in table
# best score 1
38 00a00400fc000a81052ac010aa00418c 000028c102bfc012a8000aa4002aa000 3 1
# 0.8628 seconds
# 259568 nodes in table
# best score 1
40 00a00400fc000a81052b8010aa00418c 0000286102bfc012a8000aa4002aa000 3 1
# 0.4001 seconds
# 301436 nodes in table
# best score 4
42 00a00400fc000a81072b8010aa004188 0000283102bfc012a8000aa4002aa000 4 4
# 1.6929 seconds
# 330230 nodes in table
# best score 5
44 00a00400fc000a81072b8010aa044088 0000183102bfc012a8000aa4002aa000 4 5
# 1.3876 seconds
# 363578 nodes in table
# best score 6
46 00a00400fc000a81072b8010ea044008 0000183102bfc012a8000aa40032a000 4 6
# 1.4277 seconds
# 387488 nodes in table
# best score 7
48 00a00400fc000a81072b80107a044008 0000183102bfc012a8000aa40031a000 4 7
# 1.0660 seconds
# 405520 nodes in table
# best score 8
50 00a00400fc000281073b80107a044008 0000183102bfc012a8000aa40430a000 4 8
# 0.7148 seconds
# 488693 nodes in table
# best score 7
52 00a00400fc000280073b81107a044008 0000183102bfc012a8000ae404302000 5 7
# 6.7338 seconds
# 564397 nodes in table
# best score 8
54 00a00400fc000280073f81103a044008 0000183102bfc012a8000a640430a000 5 8
# 3.5805 seconds

