Randseed 9069f17b
# 5318 nodes in table
# best score 0
1 00ab0002aa000aa8002aa000aa8002aa 00002aa800aaa002aa800aaa002aa800 2 0
# 0.4538 seconds
# 10337 nodes in table
# best score 0
3 006b0002aa000aa8002aa000aa8002aa 00000aac00aaa002aa800aaa002aa800 2 0
# 0.4698 seconds
# 15066 nodes in table
# best score 0
5 003b0002aa000aa8002aa000aa8002aa 00000aac00aaa006aa000aaa002aa800 2 0
# 0.3298 seconds
# 19182 nodes in table
# best score 2
7 003e0002aa000aa8002aa000aa8002aa 00000aa800eaa006aa000aaa002aa800 2 2
# 0.3305 seconds
# 50051 nodes in table
# best score 2
9 001e0042aa000aa8002aa000aa8002aa 00000aa9006aa006aa000aaa002aa800 3 2
# 1.6378 seconds
# 86057 nodes in table
# best score 1
11 000e0042aa010aa8002aa000aa8002aa 00000aa9006aa005aa000aaa002aa800 3 1
# 1.7534 seconds
# 115808 nodes in table
# best score 1
13 00060042aa010aa8042aa000aa8002aa 000002a9006aa405aa000aaa002aa800 3 1
# 1.2797 seconds
# 145095 nodes in table
# best score 0
15 00020042aa010aa8042aa010aa8002aa 000002a9006aa405aa0002ab002aa800 3 0
# 1.2585 seconds
# 168161 nodes in table
# best score 0
17 00000042aa010aa8042aa010aa8042aa 000002a9006ae401aa0002ab002aa800 3 0
# 1.1692 seconds
# 183529 nodes in table
# best score 1
19 00000042a9010aa8042aa010aa8042aa 000002a9046ac401aa0002ab002aa800 3 1
# 0.7215 seconds
# 211138 nodes in table
# best score 2
21 00000042a9010aa0052aa010aa8042aa 000002a9046a8411aa0002ab002aa800 3 2
# 1.4450 seconds
# 223950 nodes in table
# best score 2
23 00000042a90112a0052aa010aa8042aa 000002a9046a8411aa00028b042aa800 3 2
# 0.6078 seconds
# 250569 nodes in table
# best score 2
25 00000042291112a0052aa010aa8042aa 000000a9446a8411aa00028b042aa800 3 2
# 0.9993 seconds
# 263413 nodes in table
# best score 4
27 00000044291112a0052aa010aa8042aa 000000a9446a8410ea00028b042aa800 3 4
# 0.5976 seconds
# 276914 nodes in table
# best score 4
29 00000040299112a0052aa010aa8042aa 000000a9442a8510ea00028b042aa800 3 4
# 0.8360 seconds
# 294332 nodes in table
# best score 5
31 00000040a99110a0052aa010aa8042aa 000000a9442a8510ea00028a043aa800 3 5
# 0.7794 seconds
# 311165 nodes in table
# best score 5
33 00000440a98110a0052aa010aa8042aa 000000a9442a8510ea00028a441aa800 3 5
# 0.7645 seconds
# 421820 nodes in table
# best score 5
35 00000640298110a0052aa010aa8042aa 000000a9442a8510ea00028a441ab000 4 5
# 5.5463 seconds
# 484194 nodes in table
# best score 6
37 00000340298110a0052aa010aa8042aa 000000a9442a8510ea00028a451aa000 4 6
# 3.7364 seconds
# 529060 nodes in table
# best score 5
39 00000340298110a0042aa014aa8042aa 000000a9442a8510ea00428a451a8000 4 5
# 3.1357 seconds
# 558207 nodes in table
# best score 7
41 00000340298110a0042a8014aa8052aa 000000a9042a8510ea10428a451a8000 4 7
# 1.8873 seconds

