Randseed 90774c7c
# 5777 nodes in table
# best score 1
0 00aa8002aa000aa8002aa000aa8002aa 00002aa800aaa002aa800aaa002aa800 2 1
# 0.5060 seconds
# 14765 nodes in table
# best score 1
2 00aa8002aa000aa8002aa000aa8002ca 000026a800aaa002aa800aaa002aa800 2 1
# 0.7915 seconds
# 21409 nodes in table
# best score 1
4 002a9002aa000aa8002aa000aa8002ca 000006ac00aaa002aa800aaa002aa800 2 1
# 0.4398 seconds
# 46873 nodes in table
# best score 0
6 002a1012aa000aa8002aa000aa8002ca 000003ac00aaa002aa800aaa002aa800 3 0
# 1.4230 seconds
# 67257 nodes in table
# best score 0
8 002a1012aa000aa8002a8004aa8002ca 000001ec00aaa002aa800aaa002aa800 3 0
# 1.0439 seconds
# 87149 nodes in table
# best score 0
10 002a1002ae000aa8002a8004aa8002ca 000000fc00aaa002aa800aaa002aa800 3 0
# 0.8795 seconds
# 101319 nodes in table
# best score 0
12 002a1002ae000aa8002a8000aa8012ca 0000007c01aaa002aa800aaa002aa800 3 0
# 0.7752 seconds
# 113761 nodes in table
# best score 0
14 002a0002ae400aa8002a8000aa8012ca 0000007801aab002aa800aaa002aa800 3 0
# 0.5734 seconds
# 123341 nodes in table
# best score 0
16 002a00026e400aa8002a8000aa8012ca 00000078019ab002aa800aaa002aa800 3 0
# 0.3604 seconds
# 136306 nodes in table
# best score 0
18 002a00026e404aa0002a8000aa8012ca 00000078018eb002aa800aaa002aa800 3 0
# 0.5342 seconds
# 146842 nodes in table
# best score 0
20 002a00026e410aa0002a8000aa8012ca 000000780186b042aa800aaa002aa800 3 0
# 0.3538 seconds
# 160762 nodes in table
# best score 0
22 002a00026e410aa0002a8000aa84128a 0000007801867042aa800aaa002aa800 3 0
# 0.5103 seconds
# 171819 nodes in table
# best score 1
24 002a00006e410ea0002a8000aa84128a 0000003801867046aa800aaa002aa800 3 1
# 0.4392 seconds
# 181883 nodes in table
# best score 3
26 002a00006e010ea0402a8000aa84128a 0000003801067047aa800aaa002aa800 3 3
# 0.3775 seconds
# 187655 nodes in table
# best score 7
28 002a00006e0106a0402a8100aa84128a 0000003801066047aac00aaa002aa800 3 7
# 0.2916 seconds
# 192122 nodes in table
# best score 8
30 002a00006e010720402a8100aa84128a 00000038010660479ac00aaa002aa800 3 8
# 0.2136 seconds
# 201183 nodes in table
# best score 8
32 002a00006c010720442a8100aa84128a 00000038010260479ac10aaa002aa800 3 8
# 0.3965 seconds
# 205486 nodes in table
# best score 9
34 002a000068010720442a8110aa84128a 00000038010060479ac10aea002aa800 3 9
# 0.2515 seconds
# 208866 nodes in table
# best score 11
36 002a000060010720442a8110ab84128a 000000380100604799c10aea002aa800 3 11
# 0.2026 seconds
# 212642 nodes in table
# best score 17
38 002a000060010720442a8110ab845288 000000180100604799c11aea002aa800 3 17
# 0.2002 seconds
# 214899 nodes in table
# best score 17
40 002a000060010720442a8110a7845288 000000180100604719c11eea002aa800 3 17
# 0.1375 seconds
# 239293 nodes in table
# best score 21
42 002a000060030720442a8110a3845288 000000180100604619c11eeb002aa800 4 21
# 1.1501 seconds
# 257212 nodes in table
# best score 21
44 0026000060030720442a8110a3845288 000000180100600619c11eeb102aa800 4 21
# 0.8885 seconds
# 272651 nodes in table
# best score 22
46 0006040060030720442a8110a3845288 000000080100600619c11eef102aa800 4 22
# 0.9862 seconds
# 282152 nodes in table
# best score 23
48 0002044060030720442a8110a3845288 000000080100600419c11eef502aa800 4 23
# 0.4711 seconds
# 290372 nodes in table
# best score 23
50 0002044060030720442a811023945288 000000000100600419c11eef506aa800 4 23
# 0.4021 seconds
# 300444 nodes in table
# best score 26
52 0002044060030320443a811023945288 000000000100600409c11eef546aa800 4 26
# 0.3008 seconds
# 307707 nodes in table
# best score 26
54 00020440600b0320441a811023945288 000000000100600409a11eef546aa800 4 26
# 0.3483 seconds
# 309786 nodes in table
# best score 26
56 00020440e00b0320440a811023945288 000000000100600409911eef546aa800 4 26
# 0.1333 seconds
# 314216 nodes in table
# best score 21
58 00020440e00b0320440a811023845388 000000000100600489911eef544aa800 5 21
# 0.2147 seconds
# 314243 nodes in table
# best score 10000
60 00020440c00b0320440e811023845388 000000000100600489911eef544a8804 6 10000
# 0.0014 seconds
# 314243 nodes in table
# best score 10000
62 00020440c00f0320440e811023845188 000000000100640489911eee544a8804 8 10000
# 0.0003 seconds

