Randseed 9077c1ec
# 5487 nodes in table
# best score 1
1 009a8002aa000aa8002aa000aa8002aa 00002aa800aaa002aa800aaa002aa800 2 1
# 0.4956 seconds
# 10432 nodes in table
# best score 2
3 008e8002aa000aa8002aa000aa8002aa 00001aa800aaa002aa800aaa002aa800 2 2
# 0.4371 seconds
# 17053 nodes in table
# best score 2
5 00878002aa000aa8002aa000aa8002aa 00001ab000aaa002aa800aaa002aa800 2 2
# 0.4298 seconds
# 21565 nodes in table
# best score 2
7 00838042aa000aa8002aa000aa8002aa 00001ab000aaa002aa800aaa002ab000 2 2
# 0.4142 seconds
# 34189 nodes in table
# best score 1
9 00838041aa000aa8002aa000aa8002aa 00001aa004aaa002aa800aaa002ab000 3 1
# 0.5951 seconds
# 46840 nodes in table
# best score 3
11 00838040ea000aa8002aa000aa8002aa 00001aa004aaa002aa800aaa001ab000 3 3
# 0.6060 seconds
# 55694 nodes in table
# best score 3
13 008380407a000aa8002aa000aa8002aa 00001b2004aaa002aa800aaa001ab000 3 3
# 0.5874 seconds
# 72300 nodes in table
# best score 4
15 008300407a040aa8002aa000aa8002aa 00001e2004aaa002aa800aaa001ab000 3 4
# 1.0113 seconds
# 84333 nodes in table
# best score 4
17 0083005078040aa8002aa000aa8002aa 00001e0004aae002aa800aaa001ab000 3 4
# 0.7988 seconds
# 95573 nodes in table
# best score 4
19 0083804078040aa8002aa000aa8002aa 00001e0000aae006aa800aaa001ab000 3 4
# 0.4742 seconds
# 101829 nodes in table
# best score 4
21 00838040780406a8002aa000aa8002aa 00001e0000aae006aac002aa001ab000 3 4
# 0.2583 seconds
# 110939 nodes in table
# best score 4
23 00838040780403a8002aa000aa8002aa 00001e0000a8e046aac002aa001ab000 3 4
# 0.4741 seconds
# 118715 nodes in table
# best score 5
25 00830040780503a8002aa000aa8002aa 00001e0000a8e047aa8002aa001ab000 3 5
# 0.3081 seconds
# 125574 nodes in table
# best score 5
27 00820040780503b8002aa000aa8002aa 00001e0000a8e045aa9002aa001ab000 3 5
# 0.2554 seconds
# 134199 nodes in table
# best score 5
29 00800040780503b8402aa000aa8002aa 00001e0000a86045ab9002aa001ab000 3 5
# 0.4233 seconds
# 146979 nodes in table
# best score 5
31 00800040780503b8400aa400aa8002aa 00001e0000a86044ab9002aa401ab000 3 5
# 0.4311 seconds
# 160933 nodes in table
# best score 5
33 00800000780503b8500aa400aa8002aa 00001e0000a86044ab9012a8401ab000 3 5
# 0.4194 seconds
# 175311 nodes in table
# best score 6
35 00800000380503b8540aa400aa8002aa 00001e0000a82044ab9052a8401ab000 3 6
# 0.5786 seconds
# 188656 nodes in table
# best score 1
37 00800000380503b0540aa440aa8002aa 00001e0000a80044ab9052a8411ab000 3 1
# 0.4127 seconds
# 211741 nodes in table
# best score 9
39 00800000380503b0540a8444aa8002aa 00001e0000a80044ab9042a8411af000 4 9
# 1.3410 seconds
# 233069 nodes in table
# best score 16
41 00800000380503b0540a8045aa8002aa 00001e0000a80040ab9042a8411bf000 4 16
# 1.0426 seconds
# 253044 nodes in table
# best score 17
43 00400000380503b0540a8045aa8002aa 00001e0000a80040ab9042a8410ff000 4 17
# 0.9446 seconds
# 265321 nodes in table
# best score 18
45 00200000380503b0540a8045aa8002aa 00001c0100a80040ab9042a8410ff000 4 18
# 0.4267 seconds
# 275110 nodes in table
# best score 19
47 00100000380503b0540a8045aa8002aa 0000180100a80440ab9042a8410ff000 4 19
# 0.4657 seconds
# 281326 nodes in table
# best score 20
49 00080000380503b0540a8045aa8002aa 0000180100a804408b9442a8410ff000 4 20
# 0.2909 seconds
# 285791 nodes in table
# best score 21
51 00000100380503b0540a8045aa8002aa 0000180100a804408b9043a8410ff000 4 21
# 0.1721 seconds
# 291280 nodes in table
# best score 20
53 00000000380503b0540a8045ba8002aa 0000180100a804408b904338410ff000 5 20
# 0.2575 seconds
# 291335 nodes in table
# best score 10000
55 00000000380503b0540a8044ba9002aa 0000180100e804408b904238410ff000 6 10000
# 0.0036 seconds
# 291337 nodes in table
# best score 10000
57 00000000380503a0540a8044be9002aa 0000080100e804408b914238410ff000 8 10000
# 0.0003 seconds

