Randseed 9085e331
# 5158 nodes in table
# best score 1
0 00aa8002aa000aa8002aa000aa8002aa 00002aa800aaa002aa800aaa002aa800 2 1
# 0.5140 seconds
# 9637 nodes in table
# best score 1
2 00aa8002aa000aa8002aa000aa80029a 00001aa800aaa002aa800aaa002aa800 2 1
# 0.5048 seconds
# 14281 nodes in table
# best score 1
4 00b28002aa000aa8002aa000aa80029a 00000aa900aaa002aa800aaa002aa800 2 1
# 0.4370 seconds
# 32787 nodes in table
# best score -1
6 00b28002aa000aa8002aa000aa80029c 00000aa900aaa002aa800aaa002a6800 3 -1
# 1.4241 seconds
# 47858 nodes in table
# best score -2
8 00b28002aa000aa8002aa000aa80019c 00000aa900aaa002aa800aaa002c6800 3 -2
# 0.8088 seconds
# 56727 nodes in table
# best score -2
10 00b28002aa000aa8002aa0006a80019c 00000ab100aaa002aa800aaa002c6800 3 -2
# 0.4066 seconds
# 67636 nodes in table
# best score -2
12 00b28002a8004aa8002aa0006a80019c 00000ae100aaa002aa800aaa002c6800 3 -2
# 0.5784 seconds
# 85935 nodes in table
# best score -3
14 00b28002a8004aa8002aa0006a8001b8 00000ae1006aa002aa800aaa002c6800 3 -3
# 0.9984 seconds
# 103434 nodes in table
# best score -3
16 00b28002a8004aa8002aa000668001b8 00000ce1006aa002aa800aaa002c6800 3 -3
# 0.7160 seconds
# 122670 nodes in table
# best score -4
18 00b2800268004aa8002aa000668001b8 00000ce1006aa002aa800b2a002c6800 3 -4
# 0.7748 seconds
# 134786 nodes in table
# best score -4
20 00b2800268004aa8002aa000670001b8 00000ce1006aa002aa800b1a002c6800 3 -4
# 0.5198 seconds
# 143836 nodes in table
# best score -4
22 00b28002680042a9002aa000670001b8 00000ce1006aa002aa900a1a002c6800 3 -4
# 0.3488 seconds
# 150613 nodes in table
# best score -4
24 00b28002680042a9002b2000670001b8 00000ce1006a2012aa900a1a002c6800 3 -4
# 0.3754 seconds
# 156045 nodes in table
# best score -4
26 00b28002380042a9002b2000670001b8 00000ce1006a2002ab900a1a002c6800 3 -4
# 0.2293 seconds
# 197617 nodes in table
# best score -1
28 00b28002380002b9002b2000670001b8 00000dc1006a2002ab900a1a002c6800 4 -1
# 1.8848 seconds
# 216927 nodes in table
# best score 0
30 00b28002380002f1002b2000670001b8 00000dc1006a20029b900a1a002c6800 4 0
# 1.4407 seconds
# 239312 nodes in table
# best score 2
32 00b28002380402e1002b2000670001b8 00000dc1006a200299901a1a002c6800 4 2
# 1.2956 seconds
# 275137 nodes in table
# best score 2
34 00b28002380402e1002b0004670001b8 00000dc1006a200299905a0a002c6800 4 2
# 1.6521 seconds
# 295851 nodes in table
# best score 3
36 00b28002380401e1002b0004670001b8 00000f81006a200299905a0a002c6800 4 3
# 0.8950 seconds
# 317277 nodes in table
# best score 4
38 00b28002380401e1002b0004670081b0 00000f81006a200299905a0a006c6000 4 4
# 0.9194 seconds
# 326751 nodes in table
# best score 6
40 00b30002380401e1002b0004670081b0 00000f810069200299905a0a006c6000 4 6
# 0.3989 seconds
# 333772 nodes in table
# best score 6
42 00b30042380400e1002b0004670081b0 00000f810068a00299905a0a006c6000 4 6
# 0.2989 seconds
# 346086 nodes in table
# best score 6
44 00b30042380400e0002b0404670081b0 00000f810068600299905a0a006c6000 4 6
# 0.4042 seconds
# 362529 nodes in table
# best score 6
46 00b20042380400e0042b0404670081b0 00000f8100686002b1905a0a006c6000 4 6
# 0.5466 seconds
# 411019 nodes in table
# best score 5
48 00b20042380400e004230504670081b0 00000f8100686002b1905a0a006c3000 5 5
# 2.8718 seconds
# 423161 nodes in table
# best score 7
50 00b20042380400e004230500678081b0 00000f8100686002f190580a006c3000 4 7
# 0.6011 seconds
# 498672 nodes in table
# best score 8
52 00b20042380400e004030500e78081b0 00000f8100686002f190580a00783000 5 8
# 2.2136 seconds
# 567576 nodes in table
# best score 8
54 00b20042380400e004030100e78481b0 00000f8100686003f180580a00783000 5 8
# 1.5179 seconds
# 607648 nodes in table
# best score 8
56 00b20042380400e004030120e70481b0 00000f8100686003f180180e00783000 5 8
# 1.8586 seconds
# 609552 nodes in table
# best score 8
58 00b20042380400e00c030120e7048190 00000f8100682007f180180e00783000 3 8
# 0.0676 seconds
# 616039 nodes in table
# best score 8
60 00b20042380400e00c030120ef048180 00000f8100682007f180180f00703000 5 8
# 0.3413 seconds
# 658497 nodes in table
# best score 9
62 00b21040380400e00c030120ef048180 00000f8100682007f1c0180f00603000 6 9
# 0.9626 seconds
# 660212 nodes in table
# best score 10000
64 00f20040380400e00c030120ef048180 00000f0100682407f1c0180f00603000 6 10000
# 0.1137 seconds
# 660379 nodes in table
# best score 10000
66 00f20040380400e008030120ff048180 00000e0100682507f1c0180f00603000 5 10000
# 0.0049 seconds
# 660386 nodes in table
# best score 10000
68 00f20140380400e008030120ff048080 00000e0100682507f1c0180f00601800 6 10000
# 0.0004 seconds

