Randseed 90866b02
# 5692 nodes in table
# best score 0
1 002a9002aa000aa8002aa000aa8002aa 00002aa800aaa002aa800aaa002aa800 2 0
# 0.4448 seconds
# 10089 nodes in table
# best score 0
3 002a8002aa400aa8002aa000aa8002aa 00000aac00aaa002aa800aaa002aa800 2 0
# 0.5471 seconds
# 13953 nodes in table
# best score 0
5 002a0012aa400aa8002aa000aa8002aa 00000aac00aaa002aa800aab000aa800 2 0
# 0.3600 seconds
# 27648 nodes in table
# best score -1
7 002a0002aa404aa8002aa000aa8002aa 000006ac00aaa002aa800aab000aa800 3 -1
# 0.6993 seconds
# 39363 nodes in table
# best score -1
9 002a0002a8404aa8012aa000aa8002aa 000006a800aab002aa800aab000aa800 3 -1
# 0.5430 seconds
# 55814 nodes in table
# best score -1
11 002a0000a8404ea8012aa000aa8002aa 000006a8002ab003aa800aab000aa800 3 -1
# 1.0158 seconds
# 75441 nodes in table
# best score -1
13 002a0000a8004ea8412aa000aa8002aa 000006a8001ab003aa800aab000aa800 3 -1
# 0.8869 seconds
# 101978 nodes in table
# best score -2
15 002a0000a80046a8413aa000aa8002aa 000006a8001ab003aa800eaa000aa800 3 -2
# 1.0608 seconds
# 110916 nodes in table
# best score -2
17 002a0000680046a8413aa000aa8002aa 000006a8001ab003aa8007aa000aa800 3 -2
# 0.4274 seconds
# 121276 nodes in table
# best score -1
19 002a0000280446a8413aa000aa8002aa 000006a8001aa003aac007aa000aa800 3 -1
# 0.4855 seconds
# 127653 nodes in table
# best score -1
21 00280040280446a8413aa000aa8002aa 000003a8001aa003aac007aa000aa800 3 -1
# 0.2508 seconds
# 147385 nodes in table
# best score -2
23 00280040280442a8413ea000aa8002aa 000003a8400aa003aac007aa000aa800 3 -2
# 0.5608 seconds
# 176781 nodes in table
# best score -4
25 00280040280440a8413ea040aa8002aa 000003a8400aa0032ac00faa000aa800 3 -4
# 0.7957 seconds
# 195473 nodes in table
# best score -4
27 00280040280440a8113ea040aa8002aa 00000328400aa1032ac00faa000aa800 3 -4
# 0.6872 seconds
# 204184 nodes in table
# best score -3
29 00280040280440a8113ea040aa8002a6 00000328400aa1032ac00faa000b2800 3 -3
# 0.4452 seconds
# 217853 nodes in table
# best score -3
31 00280040280440a8111ea040ae8002a6 00000328400aa1022ac00faa100b2800 3 -3
# 0.4257 seconds
# 253621 nodes in table
# best score -2
33 00280040380440a8110ea040ae8002a6 00000328400aa10228c04faa100b2800 4 -2
# 1.8308 seconds
# 283884 nodes in table
# best score -3
35 00280040380440a8110e2050ae8002a6 00000328400aa10228c00fae100b2800 4 -3
# 1.2491 seconds
# 299106 nodes in table
# best score -4
37 00280040380440a8110e2050af0002a6 00000328400aa10228c00fae100b3000 4 -4
# 0.8497 seconds
# 312983 nodes in table
# best score -4
39 00280040380440c8110e2050af0002a6 00000328400aa10028c00fae100f3000 4 -4
# 0.6204 seconds
# 323537 nodes in table
# best score -4
41 00280040380440c8110e2050cf0002a6 00000328400aa10020c10fae100f3000 4 -4
# 0.5059 seconds
# 346091 nodes in table
# best score -5
43 0028004038044088110e2050cf0082a6 00000320410aa10020c10fae100f3000 5 -5
# 0.7373 seconds
# 362750 nodes in table
# best score -4
45 0028004038044088110e20508f1082a6 000003204109a10020c10fae100f3000 5 -4
# 0.5617 seconds
# 379888 nodes in table
# best score -3
47 0028004038044088110e20508f1082c6 000003204109a10020c18f8e100f3000 5 -3
# 0.5607 seconds
# 388922 nodes in table
# best score -3
49 0028004038040088130e20508f1082c6 000003204508a10020c18f8e100f3000 5 -3
# 0.3417 seconds
# 390063 nodes in table
# best score -2
51 0028004038040088130e20508e1082d6 000003204508a10020d18f8e100e3000 4 -2
# 0.1084 seconds
# 392912 nodes in table
# best score -3
53 0028004038040080170e20508e1082d6 000003204508a10020d18f8e110e2000 5 -3
# 0.1393 seconds
# 394297 nodes in table
# best score -3
55 00280040380400801f0e00508e1082d6 000003204508a10020d0cf8e110e2000 5 -3
# 0.0924 seconds
# 396316 nodes in table
# best score 0
57 00280040380400801e0e00508e1082de 000003204508a100a090cf8e110e2000 5 0
# 0.1185 seconds
# 397381 nodes in table
# best score 7
59 00280040380400801e0e00500e1083de 000003204508a100e090c78e110e2000 5 7
# 0.0600 seconds
# 398263 nodes in table
# best score 7
61 00280040380400801c0e00500e1083fe 000003a04508a100e090c78e11062000 5 7
# 0.0511 seconds
# 399486 nodes in table
# best score 7
63 0028004038040080180e00508e1083fe 000403a04508a100e090c78e11022000 5 7
# 0.0733 seconds
# 401135 nodes in table
# best score 8
65 0028004038040080100e00518e1083fe 000403a04508a100e090d78e11020000 6 8
# 0.0912 seconds
# 401487 nodes in table
# best score 10000
67 0028004038040080100e08418e1083fe 000403a04508a104e090d78e10020000 7 10000
# 0.0224 seconds
# 401500 nodes in table
# best score 10000
69 0028004038040080104608418e1083fe 000603a04508a104e090d38e10020000 7 10000
# 0.0024 seconds
# 401504 nodes in table
# best score 10000
71 0028004038040082104208418e1083fe 000703a04508a104e090d38e10000000 8 10000
# 0.0003 seconds

