Randseed 90937189
# 5194 nodes in table
# best score 1
0 00aa8002aa000aa8002aa000aa8002aa 00002aa800aaa002aa800aaa002aa800 2 1
# 0.5273 seconds
# 9586 nodes in table
# best score 1
2 00aa8002aa000aa8002aa000aa8001aa 00002aa800aaa002ca800aaa002aa800 2 1
# 0.5352 seconds
# 14826 nodes in table
# best score 2
4 002a9002aa000aa8002aa000aa8001aa 00002aa800aac002ca800aaa002aa800 2 2
# 0.3350 seconds
# 34575 nodes in table
# best score 1
6 002a1012aa000aa8002aa000aa8001aa 00000aac00aac002ca800aaa002aa800 3 1
# 0.9585 seconds
# 49961 nodes in table
# best score 1
8 00281052aa000aa8002aa000aa8001aa 00000a8c04aac002ca800aaa002aa800 3 1
# 0.8152 seconds
# 63275 nodes in table
# best score 2
10 00280053aa000aa8002aa000aa8001aa 00000a8c04aac002ca800aa2012aa800 3 2
# 1.0765 seconds
# 76601 nodes in table
# best score 3
12 00280451aa000aa8002aa000aa8001aa 00000a8c04aac002ca800aa2012b2800 3 3
# 0.6472 seconds
# 93211 nodes in table
# best score 4
14 00200551aa000aa8002aa000aa8001aa 00000a8405aac002ca800aa2012b2800 3 4
# 0.6691 seconds
# 107181 nodes in table
# best score 5
16 00000551ea000aa8002aa000aa8001aa 00000a8005eac002ca800aa2012b2800 3 5
# 0.5454 seconds
# 126671 nodes in table
# best score 4
18 00000551ea000aa8002aa000aa8011a8 00000a8005eac0038a800aa2012b2800 3 4
# 0.7137 seconds
# 147871 nodes in table
# best score 5
20 00000551ea0006a8002aa000aa8011a8 00000a8005e6c0038a800aa2012b2800 3 5
# 1.1214 seconds
# 161402 nodes in table
# best score 6
22 00000551ea0006a0012aa000aa8011a8 00000a8005e6c0038a001aa2012b2800 3 6
# 0.5022 seconds
# 168691 nodes in table
# best score 7
24 00000550fa0006a0012aa000aa8011a8 00000a8005e6c0038a000aa2016b2800 3 7
# 0.3466 seconds
# 178131 nodes in table
# best score 8
26 00000550fa0006a0002aa004aa8011a8 00000a8005e6c0018a100aa2016b2800 3 8
# 0.4013 seconds
# 185200 nodes in table
# best score 9
28 00000550fa0006a0000aa404aa8011a8 00000a8005e6c0018c100aa2016b2800 3 9
# 0.2162 seconds
# 190536 nodes in table
# best score 9
30 00000550fa010680000aa404aa8011a8 00000a8005e6c0008c100aa2416b2800 3 9
# 0.3263 seconds
# 196614 nodes in table
# best score 10
32 00000550fa010680000aa444a28011a8 00000a8005e6c0008c1002a3416b2800 3 10
# 0.2148 seconds
# 222290 nodes in table
# best score 12
34 00000550fa010680000aa044a29011a8 00000a8005e6c0008c110283416b2800 4 12
# 1.0238 seconds
# 234964 nodes in table
# best score 12
36 00000570f8010680000aa044a29011a8 00000a8001e6e0008c110283416b2800 4 12
# 0.8958 seconds
# 249763 nodes in table
# best score 12
38 00000570f8010680000a2054a29011a8 00000a8001e6e0000c110283416f2800 4 12
# 0.8358 seconds
# 265804 nodes in table
# best score 13
40 00000570f8010680000a2054a29051a0 00000a8001e2e0400c110283416f2800 4 13
# 0.8313 seconds
# 280963 nodes in table
# best score 13
42 00000560f8110680000a2054a29051a0 00000a8001e0e0400e110283416f2800 4 13
# 1.0373 seconds
# 294337 nodes in table
# best score 13
44 00000560f8110680000a005ca29051a0 00000a8001e0e0400e010383416f2800 4 13
# 0.7645 seconds
# 305720 nodes in table
# best score 13
46 00000560f8100680400a005ca29051a0 00000a8000e0e0500e010383416f2800 4 13
# 0.5169 seconds
# 318090 nodes in table
# best score 12
48 00000540f8100680400e005ca29051a0 00000a8000e0c0500e0103a3416f2800 4 12
# 0.5185 seconds
# 328477 nodes in table
# best score 12
50 00000540f8100680400e005ca69011a0 00000a810060c0500e0103a3416f2800 4 12
# 0.4806 seconds
# 376929 nodes in table
# best score 11
52 00000540f8100600500e005ca69011a0 00040a010060c0500e0103a3416f2800 6 11
# 2.0362 seconds
# 401875 nodes in table
# best score 16
54 00000440f8100600500e005cae9011a0 00000a810060c0500e0103a3416f2800 6 16
# 0.9002 seconds
# 420175 nodes in table
# best score 17
56 00000440f8100600500e005c9e9011a0 000009810060c0500e0103a3416f2800 6 17
# 0.9843 seconds
# 434062 nodes in table
# best score 10000
58 00000440f8100600500e005c8e9091a0 004009810020c0500e0103a3416f2800 6 10000
# 0.2366 seconds
# 435762 nodes in table
# best score 10000
60 00000440f8100600500e005c8e9081b0 004009810020c0100f0103a3416f2800 7 10000
# 0.0492 seconds
# 435850 nodes in table
# best score 10000
62 00000440f8100600500e005c8e908330 00400981002080100f8103a3416f2800 8 10000
# 0.0034 seconds
# 435856 nodes in table
# best score 10000
64 00000440f8100600500e005c0e9083b0 00400981002080100f8103a1416f3800 8 10000
# 0.0003 seconds

