Randseed 90944a66
# 4960 nodes in table
# best score 0
1 00aa8002aa000aa8002aa000aa0012aa 00002aa800aaa002aa800aaa002aa800 2 0
# 0.3626 seconds
# 10032 nodes in table
# best score 1
3 00a98002aa000aa8002aa000aa0012aa 00002aa800aaa002aa800aaa006aa000 2 1
# 0.5371 seconds
# 14841 nodes in table
# best score 2
5 00a98002aa000aa8002aa000aa0012b2 00002ab000aaa002aa800aaa006aa000 2 2
# 0.4126 seconds
# 34854 nodes in table
# best score 0
7 00a98002aa4002a8002aa000aa0012b2 00002ab000aab000aa800aaa006aa000 3 0
# 1.0982 seconds
# 47395 nodes in table
# best score 0
9 00a98002aa4002a8002aa000aa0012e2 00002ab000aab000aa800aaa005aa000 3 0
# 0.7088 seconds
# 58367 nodes in table
# best score 0
11 00a98002aa440228002aa000aa0012e2 00002ab000aab000aa800aaa005b2000 3 0
# 0.5016 seconds
# 69716 nodes in table
# best score 1
13 00a98002aa440228001aa000aa0012e2 00002ab0008ab400aa800aaa005b2000 3 1
# 0.5711 seconds
# 80373 nodes in table
# best score 1
15 00a98002ba400228001aa000aa0012e2 00002ab0008ab400aa800aae001b2000 3 1
# 0.3936 seconds
# 88957 nodes in table
# best score 2
17 00a18102ba400228001aa000aa0012e2 00002ab0008ab400aa800aae000f2000 3 2
# 0.3427 seconds
# 96693 nodes in table
# best score 3
19 00a18102ba400228001aa000aa0011e2 00002ab0008ab400aa800aac010f2000 3 3
# 0.2985 seconds
# 105851 nodes in table
# best score 4
21 00a18102ba400228001aa000b20011e2 00002a70008ab400aa800aac010f2000 3 4
# 0.3461 seconds
# 112365 nodes in table
# best score 5
23 00c18102ba400228001aa000b20011e2 00002a70008ab400aa800aac410e2000 3 5
# 0.2199 seconds
# 116248 nodes in table
# best score 7
25 00c181033a400228001aa000b20011e2 00002a70008ab400aa800a9c410e2000 3 7
# 0.2146 seconds
# 120994 nodes in table
# best score 6
27 008191033a400228001aa000b20011e2 00002a70008ab000ea800a9c410e2000 3 6
# 0.1516 seconds
# 127136 nodes in table
# best score 6
29 008191033a400228001aa400320011e2 00002a70008ab000eb000a9c410e2000 3 6
# 0.2472 seconds
# 150148 nodes in table
# best score 8
31 008191033a400228001ac400320011e2 00002870408ab000eb000a9c410e2000 4 8
# 1.3545 seconds
# 164376 nodes in table
# best score 8
33 008191033a404220001ac400320011e2 00002870408ab000e7000a9c410e2000 4 8
# 0.7672 seconds
# 187311 nodes in table
# best score 11
35 008191033a404220001ac500220011e2 00002830448ab000e7000a9c410e2000 4 11
# 0.8832 seconds
# 199337 nodes in table
# best score 11
37 000191033a404a20001ac500220011e2 00002830458a9000e7000a9c410e2000 4 11
# 0.7082 seconds
# 208571 nodes in table
# best score 13
39 000191033a404a20001ac500220001e6 00002830458a900067040a9c410e2000 4 13
# 0.5092 seconds
# 216232 nodes in table
# best score 12
41 000191023a404e20001ac500220001e6 00002830458a900067042a9c410e0000 4 12
# 0.4852 seconds
# 229080 nodes in table
# best score 15
43 000191023a404e20003ac500020001e6 00002830458a901067042a9c400e0000 4 15
# 0.5735 seconds
# 238501 nodes in table
# best score 15
45 000191023a404e200039c500020001e6 00002830458b901067042a8c400e0000 4 15
# 0.4404 seconds
# 252554 nodes in table
# best score 16
47 000190423a404e200039c500020001e6 00002430458b901067042a8c400e0000 4 16
# 0.5902 seconds
# 259092 nodes in table
# best score 17
49 000180423a404e210039c500020001e6 00002430458b911027042a8c400e0000 4 17
# 0.3690 seconds
# 274076 nodes in table
# best score 16
51 000180423a404e210039c500020001ec 00002438458b911027042a84400e0000 5 16
# 0.5500 seconds
# 277876 nodes in table
# best score 17
53 000300423a404e210039c500020001ec 00002438448f911027042a84400e0000 4 17
# 0.2158 seconds
# 293728 nodes in table
# best score 18
55 000300423a404e210039c500000041ec 00002438448f911027042884500e0000 5 18
# 0.4438 seconds
# 423370 nodes in table
# best score 19
57 000201423a404e210039c500000041ec 00002238448f911027042884500e0000 7 19
# 5.9506 seconds
# 449859 nodes in table
# best score 19
59 000201423a404e410039c500000041ec 00002230448f911027042884d00e0000 7 19
# 1.9936 seconds
# 452048 nodes in table
# best score 10000
61 000201433a404e410039c400000041ec 00002230448f911023042885d00e0000 8 10000
# 0.1221 seconds
# 452105 nodes in table
# best score 10000
63 00020143ba404c410039c400000041ec 00002220448f911023442885d00e0000 8 10000
# 0.0027 seconds
# 452113 nodes in table
# best score 10000
65 00020543ba404c410031c400000041ec 00002020448f911223442885d00e0000 10 10000
# 0.0004 seconds

