Randseed 90a38b47
# 5255 nodes in table
# best score 1
0 00aa8002aa000aa8002aa000aa8002aa 00002aa800aaa002aa800aaa002aa800 2 1
# 0.6338 seconds
# 10301 nodes in table
# best score 1
2 00ab0002aa000aa8002aa000aa8002aa 00002aa001aaa002aa800aaa002aa800 2 1
# 0.4581 seconds
# 14770 nodes in table
# best score 1
4 00a70002aa000aa8002aa000aa8002aa 00002aa000aaa006aa800aaa002aa800 2 1
# 0.5125 seconds
# 29447 nodes in table
# best score 0
6 00a70002aa000aa8002aa000aa8002ca 00002aa000aa8006ab800aaa002aa800 3 0
# 0.7942 seconds
# 49723 nodes in table
# best score -1
8 00a70002ac000aa8002aa000aa8002ca 00002ac000aa8006ab800aaa002aa800 3 -1
# 0.9572 seconds
# 68450 nodes in table
# best score -1
10 00a70002ac000aa8002aa000aa8001ca 00002ac000aa0016ab800aaa002aa800 3 -1
# 0.7693 seconds
# 100845 nodes in table
# best score -2
12 00a70002ac000aa8002aa000aa8400ca 00002ac000aa0012af800aaa002aa800 3 -2
# 1.4884 seconds
# 120528 nodes in table
# best score -1
14 00a70002ac000aa8002aa000ba84008a 00002ac000aa0012af800a6a002aa800 3 -1
# 1.0330 seconds
# 133592 nodes in table
# best score -1
16 00a70002ac000aa8002aa000be84000a 00002ac000aa0012af800a6a002ab000 3 -1
# 0.8583 seconds
# 145503 nodes in table
# best score -1
18 00a70002ac000aa8002a8004be84000a 00002ac000aa0012af800a6a012aa000 3 -1
# 0.4852 seconds
# 155019 nodes in table
# best score -2
20 00870402ac000aa8002a8004be84000a 000032c000aa0012af800a6a012aa000 3 -2
# 0.3953 seconds
# 169576 nodes in table
# best score -2
22 00870402ac000aa8002a8004be844002 0000328010aa0012af800a6a012aa000 3 -2
# 0.7067 seconds
# 183906 nodes in table
# best score -2
24 00860442ac000aa8002a8004be844002 0000320010aa0052af800a6a012aa000 3 -2
# 0.5562 seconds
# 191651 nodes in table
# best score -2
26 00860042ec000aa8002a8004be844002 0000310010aa0052af800a6a012aa000 3 -2
# 0.3440 seconds
# 201174 nodes in table
# best score -2
28 00860041ec000aa8002a8004be844002 0000310010aa0052af801a68012aa000 3 -2
# 0.4552 seconds
# 221544 nodes in table
# best score -4
30 00860041ec000aa8002a0014be844002 0000310010aa0052bf800a68012aa000 3 -4
# 0.6802 seconds
# 297547 nodes in table
# best score -2
32 00860041ec000aa8002a0104be844002 0000310010aa0052bf900868012aa000 4 -2
# 2.8874 seconds
# 326444 nodes in table
# best score -2
34 00860041ec0008a8402a0104be844002 0000310010aa0053bf800868012aa000 4 -2
# 1.2201 seconds
# 351896 nodes in table
# best score 0
36 00860041ec040828402a0104be844002 0000310010aa0053bf804868012a8000 4 0
# 0.9410 seconds
# 369815 nodes in table
# best score 1
38 00860041ec100828402a0104be844002 0000310010a20153bf804868012a8000 4 1
# 0.8811 seconds
# 382983 nodes in table
# best score 1
40 00860041ec100428402a0104be844002 0000310010a20153bf814828012a8000 4 1
# 0.4951 seconds
# 385052 nodes in table
# best score 1
42 00860041ec100428402a0104be845000 0000318010a20153bf814828002a8000 3 1
# 0.1444 seconds
# 389232 nodes in table
# best score 5
44 00460041ec100428402a0104be845000 0000318010620153bf814828002a8000 3 5
# 0.1140 seconds
# 410089 nodes in table
# best score 7
46 00460041ec100428402a0100be847000 0000118210620153bf814828002a8000 4 7
# 0.6974 seconds
# 412265 nodes in table
# best score 6
48 00460041cc100628402a0100be847000 0000018210620953bf814828002a8000 3 6
# 0.1278 seconds
# 421639 nodes in table
# best score 7
50 004608418c100628402a0100be847000 0000008210620953bf815828002a8000 4 7
# 0.2888 seconds
# 428117 nodes in table
# best score 7
52 004608418c100228402a0100fe847000 0000008010620953bfc15828002a8000 4 7
# 0.2311 seconds
# 434324 nodes in table
# best score 6
54 004608418c100228403a01007e847000 0000000010620953bfc1582a002a8000 5 6
# 0.1808 seconds
# 452979 nodes in table
# best score 6
56 004608418c100228403a01403e847000 0000000010420953bfc1582b002a8000 7 6
# 0.4818 seconds
# 469183 nodes in table
# best score 6
58 006608418c100228403801403e847000 0000000000420953bfc1582b006a8000 7 6
# 0.3875 seconds
# 477208 nodes in table
# best score 7
60 006608418c104220403801403e847000 0000000000420953bfc15823006a8800 6 7
# 0.2283 seconds
# 478869 nodes in table
# best score 6
62 007608418c104220401801403e847000 0000000000020953bfc15823007a8800 5 6
# 0.0578 seconds
# 478880 nodes in table
# best score 10000
64 007e08418c104220400801403e847000 0000000000000953bfc15823007a8801 5 10000
# 0.0023 seconds
# 478883 nodes in table
# best score 10000
66 007e08418e104220400801003e847000 0000000000000953bfc15823007b0801 10 10000
# 0.0003 seconds

