Randseed 90a44994
# 5664 nodes in table
# best score 0
1 00ab0002aa000aa8002aa000aa8002aa 00002aa800aaa002aa800aaa002aa800 2 0
# 0.4148 seconds
# 11300 nodes in table
# best score 0
3 00ae0002aa000aa8002aa000aa8002aa 00002aa800aaa000aac00aaa002aa800 2 0
# 0.3674 seconds
# 17859 nodes in table
# best score 0
5 00ac0102aa000aa8002aa000aa8002aa 00002ac800aaa000aac00aaa002aa800 2 0
# 0.5479 seconds
# 64270 nodes in table
# best score -2
7 00a80102aa040aa8002aa000aa8002aa 00002a8810aaa000aac00aaa002aa800 3 -2
# 2.4773 seconds
# 113590 nodes in table
# best score -3
9 00a80102aa4402a8002aa000aa8002aa 00000a8c10aaa000aac00aaa002aa800 3 -3
# 2.1343 seconds
# 135394 nodes in table
# best score -3
11 00a80102a84442a8002aa000aa8002aa 00000a8c10aaa004aa400aaa002aa800 3 -3
# 1.3709 seconds
# 152239 nodes in table
# best score -3
13 00281102a84442a8002aa000aa8002aa 00000a0c10aba004aa400aaa002aa800 3 -3
# 0.9548 seconds
# 176118 nodes in table
# best score -3
15 00280103a84442a8002aa000aa8002aa 0000080c50aba004aa400aaa002aa800 3 -3
# 1.0396 seconds
# 189166 nodes in table
# best score -3
17 00280103a84441a8002aa000aa8002aa 0000080c509ba004aa400aaa002aa800 3 -3
# 0.7661 seconds
# 206026 nodes in table
# best score -3
19 00280103a84441c8002aa000aa8002aa 0000040c509ba004aa400aaa002aa800 3 -3
# 0.6050 seconds
# 242657 nodes in table
# best score -4
21 00280103a8444188102aa000aa8002aa 0000040c509ba0046a400aaa002aa800 3 -4
# 1.1093 seconds
# 278344 nodes in table
# best score -5
23 00280103a8444088102ea000aa8002aa 0000040c509b20446a400aaa002aa800 3 -5
# 1.1046 seconds
# 298784 nodes in table
# best score -5
25 00280103a8444088101ea000aa8002aa 0000040c509b20446a000eaa002aa800 3 -5
# 0.9930 seconds
# 314777 nodes in table
# best score -5
27 00280103a8444088101ea0006a8002aa 0000040c509b20446a000eaa001aa800 3 -5
# 0.4759 seconds
# 326385 nodes in table
# best score -6
29 00280103a8444088100ea0406a8002aa 0000040c509b22444a000eaa001aa800 3 -6
# 0.5005 seconds
# 366668 nodes in table
# best score -9
31 00200103a8444088100ea0406a8102aa 00000408509b32444a000eaa001aa800 3 -9
# 1.4433 seconds
# 385939 nodes in table
# best score -9
33 00200103a8444088100ea0403a8102aa 00000408501b3a444a000eaa001aa800 3 -9
# 0.6887 seconds
# 452372 nodes in table
# best score -7
35 00200103a8444088100fa0401a8102aa 00000408501b3a444a000eaa000ea800 4 -7
# 2.4485 seconds
# 472818 nodes in table
# best score -8
37 00200103a8444088100fe0400a8102aa 00000408501b3a444a000eaa004ea000 4 -8
# 1.1586 seconds
# 514260 nodes in table
# best score -10
39 00200103a84440881107e0400a8102aa 00000608501b3a440a000eaa004ea000 4 -10
# 1.6153 seconds
# 541141 nodes in table
# best score -10
41 00200103a44440881107e0400a8102aa 00000600511b3a440a000eaa004ea000 4 -10
# 1.1646 seconds
# 680290 nodes in table
# best score -12
43 00200103a44440881107e0400b0102aa 00000600511b3a440a000eae000ea000 5 -12
# 6.0626 seconds
# 691699 nodes in table
# best score -9
45 00200103a44440881103e0400f0102aa 00000600511b3a440a0007ae000ea000 4 -9
# 0.4219 seconds

