Randseed 90b33b03
# 5547 nodes in table
# best score 1
0 00aa8002aa000aa8002aa000aa8002aa 00002aa800aaa002aa800aaa002aa800 2 1
# 0.4881 seconds
# 13669 nodes in table
# best score 1
2 00a68002aa000aa8002aa000aa8002aa 000026a800aaa002aa800aaa002aa800 2 1
# 0.8856 seconds
# 20505 nodes in table
# best score 1
4 00a68002aa000aa8002aa000aa8001aa 000026c800aaa002aa800aaa002aa800 2 1
# 0.6503 seconds
# 40737 nodes in table
# best score 0
6 00a68002aa000aa8002aa000aa8001ac 000026c001aaa002aa800aaa002aa800 3 0
# 1.2942 seconds
# 84060 nodes in table
# best score -1
8 00c68002aa000aa8002aa000aa8001ac 000026c000aae002aa800aaa002aa800 3 -1
# 2.0129 seconds
# 109279 nodes in table
# best score -2
10 00c680026a000aa8002aa000aa8001ac 000026c000cae002aa800aaa002aa800 3 -2
# 1.2493 seconds
# 132528 nodes in table
# best score -2
12 00c680023a000aa8002aa000aa8001ac 000026c000cce002aa800aaa002aa800 3 -2
# 0.9443 seconds
# 143588 nodes in table
# best score -1
14 00c680023a000aa8002aa000aa8400ac 000022c040cce002aa800aaa002aa800 3 -1
# 0.6701 seconds
# 157349 nodes in table
# best score -1
16 00c680023a0006a8002aa000aa8400ac 000022c040cce001aa800aaa002aa800 3 -1
# 0.6182 seconds
# 165118 nodes in table
# best score -1
18 00c680023a0006a8000aa400aa8400ac 000022c040cce001aa800aaa4022a800 3 -1
# 0.3689 seconds
# 174262 nodes in table
# best score -2
20 00c680023a0003a8000aa400aa8400ac 000022c040ccc011aa800aaa4022a800 3 -2
# 0.4017 seconds
# 181517 nodes in table
# best score -1
22 00c680023a0003a0010aa400aa8400ac 000022c040cc8011ae800aaa4022a800 3 -1
# 0.2823 seconds
# 187702 nodes in table
# best score 0
24 00c680023a0003a0010aa400ba84002c 000022c040cc0011ae810aaa4022a800 3 0
# 0.2472 seconds
# 193698 nodes in table
# best score 0
26 00c680023a0003a0010aa400ba85000c 000022c040cc0011ae810aaa4022c800 3 0
# 0.3511 seconds
# 198144 nodes in table
# best score 0
28 008690023a0003a0010aa400ba85000c 000022c040cc0001ae810aaa4422c800 3 0
# 0.2379 seconds
# 224783 nodes in table
# best score 1
30 008690023a0003a0010aa404ba05000c 000022c040cc0001ae810ab24422c800 4 1
# 1.3643 seconds
# 256142 nodes in table
# best score 2
32 008690023a0003a0010aa404ba052004 000022c040cc0001be810ab244228800 4 2
# 1.6461 seconds
# 265841 nodes in table
# best score -2
34 008690023a0003a0010a6404ba052004 000022c040cc0001fe810aa244228800 3 -2
# 0.4012 seconds
# 323775 nodes in table
# best score 0
36 008690023a0003a8010a2404ba052004 000022c040cc0001fe810aa244628000 4 0
# 2.6979 seconds
# 347458 nodes in table
# best score 1
38 008690023a0003a8010a2404bb052000 000022c040cc0001fe810a6244628000 4 1
# 1.1669 seconds
# 357551 nodes in table
# best score 2
40 008690021a0103a8010a2404bb052000 000022c040cc0801fe810a2244628000 4 2
# 0.7290 seconds
# 372386 nodes in table
# best score 1
42 008690021a0103a8010a2404b9852000 000002c440cc0801fe810a2244628000 4 1
# 0.8166 seconds
# 387031 nodes in table
# best score 1
44 008690021a0103a801022504b9852000 000002c040cc0801fe910a2244628000 4 1
# 0.8302 seconds
# 392278 nodes in table
# best score 1
46 008690021a0103a801022104b9952000 000002c0404c0801fe910e2244628000 4 1
# 0.2989 seconds
# 397851 nodes in table
# best score 1
48 008690020a0103b801022104b9952000 000002c0404c0801fe910e2344428000 4 1
# 0.3091 seconds
# 415932 nodes in table
# best score 1
50 008690020a0103b801002144b9952000 000002c0404c0841fe910e2244428000 5 1
# 0.8431 seconds
# 426724 nodes in table
# best score 0
52 008690020a0103b801002044b99d2000 000002c0400e0841fe910e2244428000 5 0
# 0.4118 seconds
# 435216 nodes in table
# best score 0
54 008690020a0103b801002004b99d2020 000003c0400e0841fe910e2204428000 5 0
# 0.3313 seconds
# 443543 nodes in table
# best score 2
56 008690020a0103b801002004399d2030 000003c0400e0841fe910e2204408040 5 2
# 0.3743 seconds
# 463856 nodes in table
# best score 3
58 00869002020143b801002004399d2030 000003c0400e0841fe910e2204408080 6 3
# 0.7178 seconds
# 466731 nodes in table
# best score 3
60 00861012020143b801002004399d2030 000003c0400e0841fe111e2204408080 5 3
# 0.1279 seconds
# 482702 nodes in table
# best score 3
62 00861012020043b801002004399d2034 000003c0400e0841fe111e2204408100 7 3
# 0.4646 seconds
# 487188 nodes in table
# best score 4
64 008610120200439801002004399d203c 000003c0400e0841fe911e2204008100 6 4
# 0.2028 seconds
# 490845 nodes in table
# best score 4
66 008610120210431801002004399d203c 000003c0400e0841fe911e2204008200 6 4
# 0.1697 seconds
# 494119 nodes in table
# best score 4
68 008610120230421801002004399d203c 000003c0400e0845fe911e2004008200 6 4
# 0.1399 seconds
# 496702 nodes in table
# best score 3
70 008610130230401801002004399d203c 000003c0400e2845fe910e2004008200 8 3
# 0.1992 seconds
# 500401 nodes in table
# best score 2
72 00c610130220401801002004399d203c 000003c0410e2845fe110e2004008200 8 2
# 0.2411 seconds
# 500691 nodes in table
# best score -1
74 00e610130200401801002004399d203c 000003c0410e2845fe110e2004008400 7 -1
# 0.0465 seconds
# 500696 nodes in table
# best score -10000
76 00ec10130200401801002004399d203c 000003c8410e2841fe110e2004008400 8 -10000
# 0.0033 seconds
# 500702 nodes in table
# best score -10000
78 00ec10330200400801002004399d203c 000043c8410e0841fe110e2004008400 11 -10000
# 0.0008 seconds
# 500702 nodes in table
# best score -10000
80 00ed10330200400801002004398d203c 000043c8410e0841fe110e2004208000 10 -10000
# 0.0004 seconds
# 500702 nodes in table
# best score -10000
82 00ef103302004008010020043985203c 000043c8410e0841fe110e2104008000 15 -10000
# 0.0001 seconds

