Randseed 90b3cf13
# 5065 nodes in table
# best score 0
1 00aa8002aa000aa8002aa000aa9000aa 00002aa800aaa002aa800aaa002aa800 2 0
# 0.4408 seconds
# 9181 nodes in table
# best score 0
3 00aa8002aa000aa8002aa004aa1000aa 00002aa800aaa006aa000aaa002aa800 2 0
# 0.3922 seconds
# 13159 nodes in table
# best score 0
5 00aa8002a8004aa8002aa004aa1000aa 00002aa001aaa006aa000aaa002aa800 2 0
# 0.3736 seconds
# 17180 nodes in table
# best score 0
7 00aa8002a8000aa8012aa004aa1000aa 00002aa003aaa002aa000aaa002aa800 2 0
# 0.3672 seconds
# 29070 nodes in table
# best score -1
9 00aa8000a8400aa8012aa004aa1000aa 00001aa003aaa002aa000aaa002aa800 3 -1
# 0.7204 seconds
# 44932 nodes in table
# best score -1
11 00aa8000a8400aa9010aa004aa1000aa 00001a8007aaa002aa000aaa002aa800 3 -1
# 0.8338 seconds
# 55895 nodes in table
# best score -1
13 00aa8000a8400aa9010aa004aa14002a 00001a8007aaa002aa000aa8006aa800 3 -1
# 0.5084 seconds
# 67495 nodes in table
# best score -1
15 00aa8000a8400aa90102a104aa14002a 00001a8007ab8002aa000aa8006aa800 3 -1
# 0.5306 seconds
# 80381 nodes in table
# best score 0
17 00aa8000a8400aa901032104aa14002a 00001a8007ab8002aa000aa84062a800 3 0
# 0.5676 seconds
# 90426 nodes in table
# best score 1
19 00aa8000a8400aa911022104aa14002a 00001a8007ab8012a8000aa84062a800 3 1
# 0.3841 seconds
# 99252 nodes in table
# best score 1
21 00aa8000a8400aa911022104aa15000a 00001a8006ab8052a8000aa84062a800 3 1
# 0.4664 seconds
# 107714 nodes in table
# best score 1
23 00aa800088440aa911022104aa15000a 00001a8006ab8052a8000a285062a800 3 1
# 0.3563 seconds
# 115656 nodes in table
# best score 2
25 00aa800088400aa911022144aa15000a 00000e8006ab8052a8000a285062a800 3 2
# 0.3028 seconds
# 121371 nodes in table
# best score 2
27 00aa800088400a8915022144aa15000a 00000e80069b8052a8000a285062a800 3 2
# 0.2299 seconds
# 129099 nodes in table
# best score 1
29 00aa800088400a89150221c4aa11000a 00000e80069b8052a8000e281062a800 3 1
# 0.3512 seconds
# 136278 nodes in table
# best score 0
31 00aa800088400a89150221c4ea01000a 00000e80069b8052a8000e280066a800 3 0
# 0.3630 seconds
# 138710 nodes in table
# best score 0
33 00aa800088400b89150221c46a01000a 00000e80069b8052a8000e280026b800 3 0
# 0.1626 seconds
# 159633 nodes in table
# best score 1
35 00aa800088400f88150221c46a01000a 00000e80069b8052a8000e2800267800 4 1
# 1.6161 seconds
# 178976 nodes in table
# best score 2
37 00aa800088400f88150221c42e01000a 00000e80069b8052a8000e2801263800 4 2
# 1.1397 seconds
# 187756 nodes in table
# best score 2
39 00aa800088400f88150221c42e00400a 00000e80069b8042a8010e2801263800 4 2
# 0.6709 seconds
# 204838 nodes in table
# best score 2
41 00aa800088400f88150221c42e00400c 00000e80069b8042a8010e28012c3800 4 2
# 1.2095 seconds
# 224277 nodes in table
# best score -1
43 00aa800088500f88150221c42e004008 00000e80468b8042a8010e28012c3800 4 -1
# 1.3166 seconds
# 242150 nodes in table
# best score -1
45 00aa800088500f88130221c42e004008 00000e80468b8042a8010e38012c3000 4 -1
# 1.1947 seconds
# 253388 nodes in table
# best score -1
47 00aa804080500f88130221c42e004008 00000e80468b8042a8010638412c3000 4 -1
# 0.5854 seconds
# 257709 nodes in table
# best score 3
49 00ae800080500f88130221c42e004008 00000e80468f8042a8010638412c2000 4 3
# 0.2376 seconds
# 264299 nodes in table
# best score 2
51 00ae800280500f88130221c42e004000 00000e80568f8042a8010638412c0000 5 2
# 0.2734 seconds
# 267966 nodes in table
# best score 3
53 00af000280500f88130221c42e004000 00001e80568f8042a8010638402c0000 5 3
# 0.1553 seconds
# 270235 nodes in table
# best score 4
55 00be000280500f88130221c42e004000 00001e80568f8042a801063840380000 5 4
# 0.0901 seconds
# 274913 nodes in table
# best score 6
57 00fc000280500f88130221c42e004000 00001e80568f8042a811063840180000 6 6
# 0.1814 seconds
# 275793 nodes in table
# best score 5
59 007c008280500f88130221c42e004000 00003e00568f8042a811063840180000 5 5
# 0.0551 seconds
# 275929 nodes in table
# best score 10000
61 003c00c280500f88130221c42e004000 00003e04468f8042a811063840180000 6 10000
# 0.0149 seconds
# 275935 nodes in table
# best score 10000
63 001c00e280500f88130221c42e004000 00003e04468f8043a811063840080000 7 10000
# 0.0017 seconds
# 275939 nodes in table
# best score 10000
65 000c00f280500f88130221c42e004000 00003e04468f8043e811063840000000 8 10000
# 0.0003 seconds

