Randseed 90c30721
# 5442 nodes in table
# best score 1
0 00aa8002aa000aa8002aa000aa8002aa 00002aa800aaa002aa800aaa002aa800 2 1
# 0.5878 seconds
# 10158 nodes in table
# best score 2
2 006a8002aa000aa8002aa000aa8002aa 00002aa800aaa002ab000aaa002aa800 2 2
# 0.6136 seconds
# 14182 nodes in table
# best score 2
4 006a8002aa000aa8002aa000aa8012a8 00002aa800aaa0029b000aaa002aa800 2 2
# 0.2825 seconds
# 31124 nodes in table
# best score 1
6 006a8002aa000aa8002a8004aa8012a8 00002aa9008aa0029b000aaa002aa800 3 1
# 0.9245 seconds
# 46763 nodes in table
# best score 2
8 006a8002aa000aa8002a8004aa8052a0 00002a69008aa0029b000aaa002aa800 3 2
# 0.9762 seconds
# 59795 nodes in table
# best score 4
10 002a8402aa000aa8002a8004aa8052a0 00002a69008b20029b000aaa002aa800 3 4
# 0.8232 seconds
# 72797 nodes in table
# best score 5
12 002a8402aa000aa8002a8000ab8052a0 00002a69008b20029b000a8a042aa800 3 5
# 0.7929 seconds
# 82324 nodes in table
# best score 7
14 000a8402ea000aa8002a8000ab8052a0 00002a69008b20029b00068a042aa800 3 7
# 0.4093 seconds
# 91937 nodes in table
# best score 8
16 00028502ea000aa8002a8000ab8052a0 00002a69008b20029b00068a042ca800 3 8
# 0.4638 seconds
# 101197 nodes in table
# best score 9
18 00028502ea000aa8002a80002b9052a0 00002a71008b20029b00068a042ca800 3 9
# 0.4717 seconds
# 109979 nodes in table
# best score 9
20 00028502ea000aa9000a80002b9052a0 00002a71008b40029b00068a042ca800 3 9
# 0.3513 seconds
# 121491 nodes in table
# best score 8
22 00028502ea000aa9000a81000b9052a0 00002a710089c0029b00068a042ca800 3 8
# 0.6125 seconds
# 130376 nodes in table
# best score 7
24 00028502ea000a99000a81000b9052a0 00002a710089c0029e00068a042ca800 3 7
# 0.4225 seconds
# 137579 nodes in table
# best score 7
26 00028502ea040a19000a81000b9052a0 00002a710089c0029e00068a046ca000 3 7
# 0.2484 seconds
# 144315 nodes in table
# best score 7
28 00028502ea040a31000a81000b9052a0 00002a710089c0029e00068e042ca000 3 7
# 0.2273 seconds
# 217388 nodes in table
# best score 7
30 00028502ea040a31000a81100b9042a0 00002a710089c0029e00468c042ca000 4 7
# 4.3536 seconds
# 247176 nodes in table
# best score 6
32 00028502ec040a31000a81100b9042a0 00002a710089c0428e00468c042ca000 4 6
# 2.0286 seconds
# 269446 nodes in table
# best score 6
34 00030502ec040a31000a81100b9042a0 00002a710091c0428e00468c042ca000 4 6
# 1.4068 seconds
# 285333 nodes in table
# best score 6
36 00030502ec040a31000881500b9042a0 00002a7100a1c0428e00468c042ca000 4 6
# 0.8178 seconds
# 295674 nodes in table
# best score 6
38 00030500ec440a31000881500b9042a0 00002a7100a1c0428e00468c002da000 4 6
# 0.6935 seconds
# 311100 nodes in table
# best score 7
40 00030500fc400a31000881500b9042a0 00002a7100a1c0428e00468c002f2000 4 7
# 0.6693 seconds
# 321358 nodes in table
# best score 6
42 00030500fc000e31000881500b9042a0 00002a7100a1c0428e00468c10272000 4 6
# 0.5116 seconds
# 331383 nodes in table
# best score 6
44 00030500fc000e19000881500b9042a0 00002a7100a1c0228e00468c10272000 4 6
# 0.3672 seconds
# 345409 nodes in table
# best score 6
46 00030500fc000e19000801700b9042a0 00001a7100a1c0228e00468c10272000 4 6
# 0.4049 seconds
# 380148 nodes in table
# best score 5
48 00030500fc000e19000801700390c2a0 00000a7100e1c0228e00468c10272000 5 5
# 1.1921 seconds
# 428193 nodes in table
# best score 4
50 00030500fc000e0d000801700390c2a0 00000a7100e1c0220e10468c10272000 5 4
# 1.5101 seconds
# 446579 nodes in table
# best score 4
52 00030400fc100e0d000801700390c2a0 00000a7102e1c0220610468c10272000 5 4
# 0.6085 seconds
# 475570 nodes in table
# best score 4
54 00030400f8100e0d400801700390c2a0 00000a7102e1c0220610468d10072000 5 4
# 0.8716 seconds
# 482200 nodes in table
# best score 5
56 00030480f8100e0c400801700390c2a0 00000a3102e1c0220610468f10072000 4 5
# 0.2842 seconds
# 489516 nodes in table
# best score 5
58 00030480f8102e04400801700390c2a0 00000a3102e1c0220610468f30062000 4 5
# 0.2812 seconds
# 500527 nodes in table
# best score 5
60 000304c0f8102e04400800700390c2a0 00000a3102e1c0220610478f30042000 5 5
# 0.5130 seconds
# 504170 nodes in table
# best score 5
62 000304c0f8102e04400800700380c3a0 00000a3102e1c02206104f8f30002000 5 5
# 0.1731 seconds
# 507898 nodes in table
# best score 5
64 000304c0f8102604400c00700380c3a0 00000a3102e1c02206404f8f30002000 5 5
# 0.2050 seconds
# 509458 nodes in table
# best score 6
66 000304c0f8102604400e0070038043a0 00000a3102e1d02206404f8f10002000 4 6
# 0.0969 seconds
# 511780 nodes in table
# best score 6
68 000304c0f9102600400e0070038043a0 00000a1102e1d02206404f8f10402000 4 6
# 0.1038 seconds
# 521235 nodes in table
# best score 8
70 000304c0f9102600400e00700b0043a0 0010081102e1d02206404f8f10402000 6 8
# 0.4140 seconds
# 522720 nodes in table
# best score 8
72 000304c0f9102600400e00700b014380 0010081102e1d02206404f8f10401000 5 8
# 0.1015 seconds
# 523477 nodes in table
# best score 9
74 000304c0f9102600400e00700b054180 0020081102e1d02206404f8f10401000 6 9
# 0.0272 seconds
# 523961 nodes in table
# best score 8
76 000304c0f9102600400e00700b074080 0020080102e1d02206404f8f10c01000 5 8
# 0.0308 seconds
# 523971 nodes in table
# best score 10000
78 000304e0f9102200400e00700b074080 0060080102e1d02206404f8e10c01000 6 10000
# 0.0014 seconds
# 523979 nodes in table
# best score 10000
80 000304f0f9102200400e00700b074000 0060080102e1d02206404f8e10801002 6 10000
# 0.0002 seconds

