Randseed 90c3f72e
# 6063 nodes in table
# best score 0
1 00aa80026a000aa8002aa000aa8002aa 00002aa800aaa002aa800aaa002aa800 2 0
# 0.5352 seconds
# 11605 nodes in table
# best score 0
3 00aa80026a004aa0002aa000aa8002aa 00002aa800aaa002aa800aaa006aa000 2 0
# 0.4414 seconds
# 15272 nodes in table
# best score 1
5 00aa80026a004aa00026a000aa8002aa 00001aa800aaa002aa800aaa006aa000 2 1
# 0.3311 seconds
# 33206 nodes in table
# best score 1
7 00aa80026a004a600026a000aa8002aa 00001aa8006aa002aa800aaa006aa000 3 1
# 0.8199 seconds
# 49274 nodes in table
# best score 1
9 00aa80026a004a600026a000a68002aa 00001aa8006aa002aa800aae002aa000 3 1
# 0.6820 seconds
# 58994 nodes in table
# best score 3
11 00aa80026a004a600026a000a68002ca 00001aa8006aa001aa800aae002aa000 3 3
# 0.3932 seconds
# 70545 nodes in table
# best score 3
13 00aa80016a004a600026a000a68002ca 00001aa8006aa001a2810aae002aa000 3 3
# 0.5278 seconds
# 82965 nodes in table
# best score 4
15 00a281016a004a600026a000a68002ca 00001aa8006aa001a2814aac002aa000 3 4
# 0.6371 seconds
# 88785 nodes in table
# best score 5
17 00a281016a004a600026a000a68002cc 00001aa8006b2001a2814aac002aa000 3 5
# 0.2330 seconds
# 98667 nodes in table
# best score 6
19 00a281016a004a6004262000a68002cc 00001aa8002b2401a2814aac002aa000 3 6
# 0.6232 seconds
# 105243 nodes in table
# best score 8
21 00a281016a004a6004262000a680038c 00001aa8002b2401a0814aac012aa000 3 8
# 0.3744 seconds
# 114819 nodes in table
# best score 7
23 00a201116a004a6004262000a680038c 00001aa8002b2401a0810aac012ae000 3 7
# 0.5260 seconds
# 120392 nodes in table
# best score 9
25 00a201116a004a6004262000c680038c 00001aa8002b2401a08106ac012ae000 3 9
# 0.2918 seconds
# 126134 nodes in table
# best score 9
27 00a201116a004a6004262000c690030c 00001ac8002b2401a08106ac012ae000 3 9
# 0.2170 seconds
# 147435 nodes in table
# best score 11
29 00a201116e000a6004262000c690030c 00001ac8102a2401a08106ac012ae000 4 11
# 1.5803 seconds
# 165363 nodes in table
# best score 13
31 00a201116e000a6005260000c690030c 00000ec8102a2401a08106ac012ae000 4 13
# 1.3695 seconds
# 184789 nodes in table
# best score 13
33 006201116e000a6005260000c690030c 000006c8902a2401a08106ac012ae000 4 13
# 1.2743 seconds
# 216373 nodes in table
# best score 13
35 006201116e00096005260000c690030c 000004c8903a2401a08106ac012ae000 4 13
# 2.2761 seconds
# 253370 nodes in table
# best score 15
37 006201116e000960052600018690030c 000000c8903e2401a08106ac012ae000 4 15
# 2.0502 seconds
# 285259 nodes in table
# best score 14
39 006201116e000960052200418690030c 000000c8903e2401a08006bc012ae000 4 14
# 1.6302 seconds
# 301408 nodes in table
# best score 14
41 004209116e000960052200418690030c 000000c8903e2401c08006bc012ae000 4 14
# 0.9779 seconds
# 317689 nodes in table
# best score 14
43 000209136e000960052200418690030c 000000c8903e2401809006bc012ae000 4 14
# 0.8037 seconds
# 327555 nodes in table
# best score 15
45 000201136e400960052200418690030c 000000c8903e2401809006bc0129e000 4 15
# 0.5212 seconds
# 352522 nodes in table
# best score 13
47 000201136e400960062200418690030c 000000c8903e24018090069e0129e000 5 13
# 1.3681 seconds
# 383870 nodes in table
# best score 13
49 000201136e4009e0042200418690030c 000000c8903e24018090168e0129e000 5 13
# 1.3072 seconds
# 397502 nodes in table
# best score 13
51 000201136e4009e0042200418610130c 000000c0913e24018090168e0129e000 5 13
# 0.6483 seconds
# 407927 nodes in table
# best score 13
53 000201136e4109e0002200418610130c 000000c0903e24058090168e0129e000 5 13
# 0.3624 seconds
# 420092 nodes in table
# best score 13
55 000201036e4109e0102200418610130c 000000c0903e04058090168e012be000 5 13
# 0.3489 seconds
# 478746 nodes in table
# best score 15
57 000201036e4109e0102208418610120c 000000c0903e04058090160e112be000 7 15
# 1.4418 seconds
# 479752 nodes in table
# best score 10000
59 000201036e4109e01022084186101206 000000c0903e04018090160e112fe000 8 10000
# 0.0260 seconds

