Randseed 90d3afe8
# 5067 nodes in table
# best score 1
0 00aa8002aa000aa8002aa000aa8002aa 00002aa800aaa002aa800aaa002aa800 2 1
# 0.4767 seconds
# 11194 nodes in table
# best score 2
2 00b28002aa000aa8002aa000aa8002aa 00002aa800aaa001aa800aaa002aa800 2 2
# 0.4531 seconds
# 15990 nodes in table
# best score 2
4 00b28002aa000aa8002aa000aa9000aa 00002aa800aaa001aa800aaa002ca800 2 2
# 0.3186 seconds
# 32352 nodes in table
# best score 1
6 00b28002aa000aa8002aa000ea8000aa 00001aa800aaa001aa800aaa002ca800 3 1
# 0.8867 seconds
# 54318 nodes in table
# best score 0
8 00b28002aa4002a8002aa000ea8000aa 00001ca800aaa001aa800aaa002ca800 3 0
# 1.0517 seconds
# 70453 nodes in table
# best score 1
10 00b28002aa4002a8000aa400ea8000aa 00001ca9008aa001aa800aaa002ca800 3 1
# 0.6790 seconds
# 86325 nodes in table
# best score 2
12 00b28002aa4002a8000aa400ea8010a8 00001ca9008aa001aa800aab000ca800 3 2
# 0.9080 seconds
# 101503 nodes in table
# best score 2
14 00b28002aa4002a8000aa400ea8010b0 00001ca9008aa001aa8009ab000ca800 3 2
# 0.8042 seconds
# 114166 nodes in table
# best score 3
16 00b28000aa6002a8000aa400ea8010b0 00000ea9008aa001aa8009ab000ca800 3 3
# 0.5452 seconds
# 129106 nodes in table
# best score 2
18 00b28000aa6002a84002a400ea8010b0 00000ea9008aa0032a8009ab000ca800 3 2
# 0.5764 seconds
# 140034 nodes in table
# best score 2
20 00b20010aa6002a84002a400ea8010b0 00000ea8408aa0032a8009ab000ca800 3 2
# 0.4728 seconds
# 151323 nodes in table
# best score 1
22 00b20010aa6003a80002a400ea8010b0 00000ea8408aa0032a8008eb000ca800 3 1
# 0.6107 seconds
# 159714 nodes in table
# best score 2
24 00b200102a7003a80002a400ea8010b0 00000ea8408aa0032a8008eb040c2800 3 2
# 0.4605 seconds
# 166388 nodes in table
# best score 2
26 00b000502a7003a80002a400ea8010b0 00000ea8408aa0032a8008eb050c0800 3 2
# 0.3897 seconds
# 169545 nodes in table
# best score 2
28 00b000502a3403a80002a400ea8010b0 00000fa84082a0032a8008eb050c0800 3 2
# 0.2050 seconds
# 174065 nodes in table
# best score 2
30 00b000503a1403a80002a400ea8010b0 00000fa84082a0032a8008ed050c0800 3 2
# 0.2677 seconds
# 182626 nodes in table
# best score 2
32 00b000503e0403a80002a400ea8010b0 00000fa84082a0032a8008fd040c0800 3 2
# 0.4330 seconds
# 191043 nodes in table
# best score 3
34 00b000503e0403a801028400ea8010b0 00010f884082a0032a8008fd040c0800 4 3
# 0.7923 seconds
# 215242 nodes in table
# best score 3
36 00b000403e0503a801028400ea8010b0 000507884082a0032a8008fd040c0800 4 3
# 1.4715 seconds
# 229005 nodes in table
# best score 3
38 00b000403e0503a811008400ea8010b0 000507884002b0032a8008fd040c0800 4 3
# 0.6504 seconds
# 240753 nodes in table
# best score 3
40 00b000403e0503a811008400ea801070 000507884002a0032ac008fd040c0800 4 3
# 0.7174 seconds
# 252006 nodes in table
# best score 3
42 007000403e0503a811008400ea801070 000707880002a0032ac008fd040c0800 4 3
# 0.4730 seconds
# 261025 nodes in table
# best score 3
44 007000003e0543a811008400ea801070 000707880002a0032ac008fd044c0000 5 3
# 0.5204 seconds
# 294620 nodes in table
# best score 5
46 007000003e0543a805008400ea801070 000707880002a0032ac008ff040c0000 6 5
# 1.8071 seconds
# 374329 nodes in table
# best score 7
48 007000003e0543a845000400ea801070 000707880002a0022ac008ff042c0000 6 7
# 2.6658 seconds
# 481949 nodes in table
# best score 8
50 007000003e0543a845000000fa801070 000707880002a0002ac008ff043c0000 6 8
# 4.3432 seconds
# 567820 nodes in table
# best score 8
52 006008003e0543a845000000fa801070 000707880002a0000ac408ff043c0000 6 8
# 2.5360 seconds
# 573018 nodes in table
# best score 8
54 004008013e0543a845000000fa801070 000707880000a0400ac408ff043c0000 4 8
# 0.2285 seconds
# 577847 nodes in table
# best score 10
56 004008013e0543a845000000fa811060 000707880000a0400ae408ff04380000 4 10
# 0.1969 seconds
# 666103 nodes in table
# best score 10
58 004008013e0543a845000100fa811020 000707880000a0000ae508ff04380000 7 10
# 2.1843 seconds
# 668525 nodes in table
# best score 13
60 004008013e0543a8450801007a811020 000707880000a0010ae508ff04300000 4 13
# 0.0892 seconds
# 750663 nodes in table
# best score 14
62 004008017e0543a8410801007a811020 00070788000020110ae508ff04300000 7 14
# 1.7310 seconds

