Randseed 90d49a91
# 7452 nodes in table
# best score 0
1 00aa8002aa000aa8000aa400aa8002aa 00002aa800aaa002aa800aaa002aa800 2 0
# 0.4727 seconds
# 12160 nodes in table
# best score 0
3 002a9002aa000aa8000aa400aa8002aa 00002aa800aaa002aa800aab000aa800 2 0
# 0.3877 seconds
# 16014 nodes in table
# best score 0
5 002a9002aa000aa8000aa000aa9002aa 00002aa800aaa002aa8008ab400aa800 2 0
# 0.3597 seconds
# 27303 nodes in table
# best score -2
7 002a9002aa4002a8000aa000aa9002aa 00002aa800aaa4022a8008ab400aa800 3 -2
# 0.6740 seconds
# 41528 nodes in table
# best score -2
9 002a9002aa4002a8000aa0002a9003aa 00002aa800aaa4022ac008aa400aa800 3 -2
# 0.7077 seconds
# 58196 nodes in table
# best score -3
11 002a9002aa4002a8000aa0002a8403aa 000022a900aaa4022ac008aa400aa800 3 -3
# 0.7044 seconds
# 72967 nodes in table
# best score -3
13 000a9402aa4002a8000aa0002a8403aa 000022a900aaa4022ac008aac002a800 3 -3
# 0.5847 seconds
# 83166 nodes in table
# best score -3
15 000a9002aa5002a8000aa0002a8403aa 000020a940aaa4022ac008aac002a800 3 -3
# 0.5248 seconds
# 97321 nodes in table
# best score -3
17 000a9002aa5002a8000aa0003a8401aa 000020a940aaa4022ac00caa8002a800 3 -3
# 0.6578 seconds
# 118053 nodes in table
# best score -4
19 000a9002aa5002a8000aa0403a8400aa 000020a940aaa4022ac00caa8001a800 3 -4
# 0.8129 seconds
# 148294 nodes in table
# best score -5
21 000a9002aa5002a8000ea0403a84002a 000020a940aab4022ac00caa0001a800 3 -5
# 1.1952 seconds
# 158028 nodes in table
# best score -5
23 000a9002aa5002a8400ea0403a80002a 000020a940aab4022ac00d2a0001a800 3 -5
# 0.3915 seconds
# 167912 nodes in table
# best score -4
25 000a9002aa5002a8400ea0403a800032 000020a900aeb4022ac00d2a0001a800 3 -4
# 0.5107 seconds
# 177517 nodes in table
# best score -4
27 000a9002aa5002a8400fa0401a800032 000020a900aeb4022ac00e2a0001a800 3 -4
# 0.4338 seconds
# 209229 nodes in table
# best score -5
29 000a9802aa1002a8400fa0401a800032 000020a900aeb4022ac00e2a0001b000 3 -5
# 1.4695 seconds
# 235272 nodes in table
# best score -5
31 000a9802aa1002a8400fa0401a80001a 000020a800eeb4022ac00e2a0001b000 3 -5
# 0.7735 seconds
# 259757 nodes in table
# best score -5
33 000a9802aa1002a8400fa0401a80001c 000020a800eeb4022ac00e2a0000f000 3 -5
# 0.7762 seconds
# 278552 nodes in table
# best score -4
35 000a9802aa1002a8440fa0400a80001c 000020a800eeb4022ac00e2a0100e000 3 -4
# 0.6485 seconds
# 292540 nodes in table
# best score -4
37 000a9802aa1002a8440fc0400a80001c 000020a800eeb4022ac00e2c0100e000 3 -4
# 0.5314 seconds
# 329097 nodes in table
# best score -3
39 000a9802aa100268440fc0400a80001c 000020a800e7b4022ac00e2c0100e000 4 -3
# 1.3596 seconds
# 356598 nodes in table
# best score -3
41 000a9801aa100268440fc0400a80001c 000020ac00e7b0022ac00e2c0100e000 4 -3
# 1.2222 seconds
# 370800 nodes in table
# best score -4
43 000a8801aa100278440fc0400a80001c 000020ac00e7b0022b400e2c0100e000 4 -4
# 0.6510 seconds
# 397459 nodes in table
# best score -8
45 000a8801aa104238440fc0400a80001c 000020ac00e7b0021b400e2c0100e000 4 -8
# 1.0454 seconds
# 408535 nodes in table
# best score -9
47 000a8801ae104238440f80400a80001c 000020b400e7b0021b400e2c0100e000 4 -9
# 0.5537 seconds
# 415897 nodes in table
# best score -10
49 000a8041ae104238440f80400a80001c 000020b400e7b0021b404e280100e000 4 -10
# 0.5098 seconds
# 424975 nodes in table
# best score -13
51 00088041be104238440f80400a80001c 000000b400e7b0021b404e284100e000 5 -13
# 0.4612 seconds
# 433575 nodes in table
# best score -12
53 00008141be104238440f80400a80001c 000000b400e7b0420b404e284100e000 5 -12
# 0.3960 seconds
# 443289 nodes in table
# best score -12
55 00010141be104238440f80400a80001c 000000b400ef30420b404e284100e000 5 -12
# 0.4219 seconds
# 465851 nodes in table
# best score -12
57 00010141be104238440f80400c80001c 000000b000ef30420b404e284108e000 6 -12
# 0.9623 seconds
# 480227 nodes in table
# best score -12
59 00030140be104238440f80400c80001c 000000b000cf30420b404e28410ce000 6 -12
# 0.4792 seconds
# 493063 nodes in table
# best score -11
61 00030140be104238440f80400c80000e 000000b040ce30420b404e28410ce000 6 -11
# 0.4404 seconds
# 498817 nodes in table
# best score -11
63 00030140be104238440f80400881000e 000002b040ce304203404e28410ce000 5 -11
# 0.2292 seconds
# 499660 nodes in table
# best score -10000
65 00030140be104238440f80400801100e 000002b040ee304203404e284108e000 5 -10000
# 0.0157 seconds
# 499726 nodes in table
# best score -10000
67 00020140be104238440f80400801102e 000002b140ee304203404e284100e000 6 -10000
# 0.0016 seconds
# 499734 nodes in table
# best score -10000
69 00000140be104238440f80400801103e 00000ab140ee304203404e280100e000 6 -10000
# 0.0004 seconds

