Randseed 90e3e50f
# 5530 nodes in table
# best score 1
0 00aa8002aa000aa8002aa000aa8002aa 00002aa800aaa002aa800aaa002aa800 2 1
# 0.4946 seconds
# 9793 nodes in table
# best score 1
2 00b28002aa000aa8002aa000aa8002aa 00002ab000aaa002aa800aaa002aa800 2 1
# 0.5320 seconds
# 16509 nodes in table
# best score 1
4 00b28002aa000aa8002aa000aa8001aa 00002ab000aac002aa800aaa002aa800 2 1
# 0.4978 seconds
# 31074 nodes in table
# best score -1
6 00b280029a000aa8002aa000aa8001aa 00002ab000aac002aa800aaa002ab000 3 -1
# 0.9523 seconds
# 47906 nodes in table
# best score -1
8 00b280029c000aa8002aa000aa8001aa 00002ab000aac002aa800aac002ab000 3 -1
# 1.0017 seconds
# 63084 nodes in table
# best score -1
10 00b280029c000aa8002aa000aa80019a 00002ab000aac002ab000aac002ab000 3 -1
# 1.0371 seconds
# 76724 nodes in table
# best score -2
12 00b280029c000aa8002aa000aa80418a 00002ab000aac002ab000aac012aa000 3 -2
# 0.7461 seconds
# 87191 nodes in table
# best score -2
14 00b280029c000aa8002ac000aa80418a 00002ab000aac002ab000aac012ca000 3 -2
# 0.4775 seconds
# 93208 nodes in table
# best score -2
16 00b280028c010aa8002ac000aa80418a 00002ab000aac002ab000ab8012ca000 3 -2
# 0.3594 seconds
# 111496 nodes in table
# best score -3
18 00b2800288010ab8002ac000aa80418a 00002ab000aac002ab000ab8052c8000 3 -3
# 0.7157 seconds
# 122556 nodes in table
# best score -4
20 0072800288010ab8002ac000aa80418a 00002ae000aac002ab000ab8052c8000 3 -4
# 0.5547 seconds
# 132232 nodes in table
# best score -3
22 0072800280010ab8042ac000aa80418a 00002ae000aac002ab000ab8051c8000 3 -3
# 0.4467 seconds
# 143579 nodes in table
# best score -4
24 0072800280010ab8042ac0006a80418a 00002ce000aac002ab000ab8051c8000 3 -4
# 0.4904 seconds
# 156685 nodes in table
# best score -4
26 0072800280000af8042ac0006a80418a 00002ce000aac002ab000ab8050e8000 3 -4
# 0.5806 seconds
# 161723 nodes in table
# best score -4
28 0072800280000af8042ac0007280418a 00002cc010aac002ab000ab8050e8000 3 -4
# 0.1441 seconds
# 167695 nodes in table
# best score -4
30 0072800280000af8042ac1006280418a 00002cc0106ac002ab000ab8050e8000 3 -4
# 0.2839 seconds
# 188000 nodes in table
# best score -1
32 0072800280000bf8042a81006280418a 00002cc0106ac002cb000ab8050e8000 4 -1
# 0.9186 seconds
# 208962 nodes in table
# best score 0
34 0072800280000ff8042a01006280418a 00002cc0106ac002cb4002b8050e8000 4 0
# 0.9372 seconds
# 220343 nodes in table
# best score 1
36 0072800280100ff8002a01006280418a 00002cc0106ac003cb0002b8050e8000 4 1
# 0.4485 seconds
# 227593 nodes in table
# best score 1
38 0072800280100ff8001a01006280418a 00001cc0106ac003cb0002b8050e8000 4 1
# 0.2941 seconds
# 245074 nodes in table
# best score 0
40 0072800180100ff8001a01006280418a 00001cc0106ac003cb000238150e8000 5 0
# 0.7024 seconds
# 249868 nodes in table
# best score 1
42 0072800180100ff8000e01006280418a 00001cc0106ac003cb004238150e0000 4 1
# 0.1599 seconds
# 263263 nodes in table
# best score -1
44 0073000180100ff8000e01006280418a 00001cc0106ac003cb0042381c0e0000 4 -1
# 0.7025 seconds
# 270518 nodes in table
# best score 4
46 0033020180100ff8000e01006280418a 00001cc0106ac003cb0142381c060000 4 4
# 0.2055 seconds
# 279095 nodes in table
# best score 3
48 0033020180100ff8200c01006280418a 00001cc0106ac0038b1142381c060000 5 3
# 0.2715 seconds
# 285465 nodes in table
# best score 3
50 0033020180100ff8200c01006280418c 00001c80106bc0038b1142381c060000 5 3
# 0.2249 seconds
# 301465 nodes in table
# best score 3
52 0033020080100ff8200c01006288418c 00001c82104bc0038b1142381c060000 7 3
# 0.6265 seconds
# 306335 nodes in table
# best score 4
54 0036020080100ff8200c01006288418c 00001c02104fc0038b1142381c060000 6 4
# 0.1950 seconds
# 307105 nodes in table
# best score 3
56 0036020080100ff8200c010063884188 0000180210cfc0038b1142381c060000 5 3
# 0.0685 seconds
# 308698 nodes in table
# best score 4
58 0036020080100ff8200c010063084198 0000180200cfe0038b1142381c060000 5 4
# 0.0605 seconds
# 309484 nodes in table
# best score 4
60 0036020080100ff8200c0100620841b8 0000180200cff0038b1140381c060000 5 4
# 0.0352 seconds
# 309524 nodes in table
# best score -10000
62 0036060080100ff8200c010062084138 0000180200c7f0078b1140381c060000 7 -10000
# 0.0024 seconds
# 309527 nodes in table
# best score -10000
64 003e040080100ff8200c010062084138 0000180200c3f0078b9140381c060000 10 -10000
# 0.0002 seconds

