Randseed 90e4925e
# 5081 nodes in table
# best score 0
1 00aa8002aa000aa8002aa000aa9000aa 00002aa800aaa002aa800aaa002aa800 2 0
# 0.3744 seconds
# 9499 nodes in table
# best score 0
3 00aa8002aa000aa8002aa000aa94002a 00002aa001aaa002aa800aaa002aa800 2 0
# 0.3201 seconds
# 13679 nodes in table
# best score 0
5 00aa8002aa000aa8002aa000aa941028 00002aa000aaa006aa800aaa002aa800 2 0
# 0.2838 seconds
# 89198 nodes in table
# best score -2
7 00aa8002aa000aa8002aa000aa945020 00001aa000aaa006aa800aaa002aa800 3 -2
# 3.3556 seconds
# 214965 nodes in table
# best score -3
9 00aa8002aa000aa8002aa000aa955000 00001aa0002ab006aa800aaa002aa800 3 -3
# 4.8998 seconds
# 246788 nodes in table
# best score -3
11 00aa8002ac000aa8002aa000aa955000 00001aa0002ab006aa800aaa4022a800 3 -3
# 1.3429 seconds
# 260574 nodes in table
# best score -3
13 00aa8002ac000ab0002aa000aa955000 00001aa0002ab006aa800a8a4422a800 3 -3
# 0.6727 seconds
# 272561 nodes in table
# best score -3
15 00aa8002ac000ab0002aa400aa855000 00001aa0002aa007aa800a8a4422a800 3 -3
# 0.5833 seconds
# 278489 nodes in table
# best score -3
17 00aa8002ac000ab0003aa4002a855000 00001aa0002aa007aa800a8a5420a800 3 -3
# 0.2384 seconds
# 286439 nodes in table
# best score -3
19 00aa8002ac000ab0003ea0002a855000 00001aa0002aa007aa800b8a1420a800 3 -3
# 0.3010 seconds
# 291023 nodes in table
# best score -2
21 00aa8002ac000ab0003ea0002b854000 00001aa0002aa007aa800f8a0420a800 3 -2
# 0.1773 seconds
# 308703 nodes in table
# best score -3
23 00aa8002ac000aa0043ea0002b854000 00001ac0002aa007aa800f8a0420a800 3 -3
# 0.5063 seconds
# 327374 nodes in table
# best score -3
25 00aa8002ac000aa0041ea0402b854000 00001ac0002aa007aa800faa04202800 3 -3
# 0.6259 seconds
# 350109 nodes in table
# best score -3
27 00aa8002ac0006a0041ea0402b854000 00001ac0002aa007aa800fba00202800 3 -3
# 0.8888 seconds
# 378736 nodes in table
# best score -4
29 00aa8002ac0006a0041ec0402b854000 00001ac0002aa007aa800f9e00202800 3 -4
# 1.0074 seconds
# 388374 nodes in table
# best score -4
31 00aa8002ac0106a0041e80402b854000 00001ac0002aa005ea800f9e00202800 3 -4
# 0.3927 seconds
# 416723 nodes in table
# best score -6
33 00aa8002ac0106a0140e80402b854000 00001ac1000aa005ea800f9e00202800 3 -6
# 1.2296 seconds
# 505983 nodes in table
# best score -5
35 00aa8002ac0506a0140e80402b844000 00001ac1000aa104ea800f9e00202800 4 -5
# 3.2476 seconds
# 552337 nodes in table
# best score -7
37 00aa8002ac0506e0140e00402b844000 000019c1000aa104ea800f9e00202800 4 -7
# 1.8020 seconds
# 586188 nodes in table
# best score -8
39 00aa8002ac0506e0140600402f844000 000019c1000ae104ea000f9e00202800 4 -8
# 1.7812 seconds
# 634260 nodes in table
# best score -12
41 00aa8002ac1502e0140600402f844000 000019c1000ae1046a080f9e00202800 5 -12
# 2.5477 seconds
# 639887 nodes in table
# best score -10
43 00aa8002ec1502e0100600402f844000 00000dc1000ae1046a080f9e00202800 4 -10
# 0.3748 seconds
# 655103 nodes in table
# best score -12
45 006a8002ec1502e0100600402f844000 00000dc1000ae1106a080f9e00202800 5 -12
# 0.5274 seconds
# 665943 nodes in table
# best score -11
47 00688042ec1502e0100600402f844000 00000f81000ae1106a080f9e00202800 5 -11
# 0.4509 seconds
# 685696 nodes in table
# best score -11
49 00688042ec1502e0100600403f804000 00000f811008e1106a080f9e00202800 5 -11
# 0.8336 seconds
# 690248 nodes in table
# best score -10
51 006a8042ec1502e0100600401f804000 00000f810028e1106a080f9e00202800 5 -10
# 0.2997 seconds
# 693094 nodes in table
# best score -10
53 006b8042ec1502e0100200401f804000 00000f810028c1106a084f9e00202800 5 -10
# 0.1435 seconds
# 697328 nodes in table
# best score -9
55 006f0042ec1502e0100200401f804000 00000f810028c1106e084f8e00202800 6 -9
# 0.2703 seconds
# 697527 nodes in table
# best score -10000
57 006f1040ec1502e0100200401f804000 00000f810028c1106e084f8f00002800 6 -10000
# 0.0091 seconds
# 697575 nodes in table
# best score -10000
59 007f1040e81502e0100200401f804000 00000f810028c110ee084f0f00002800 7 -10000
# 0.0020 seconds
# 697575 nodes in table
# best score -10000
61 00fe1040e81502e0100200401f804000 00000f810028c110ee084f0f00003000 8 -10000
# 0.0003 seconds

