Randseed 90f34e79
# 5642 nodes in table
# best score 1
0 00aa8002aa000aa8002aa000aa8002aa 00002aa800aaa002aa800aaa002aa800 2 1
# 0.5097 seconds
# 10416 nodes in table
# best score 1
2 00aa8002aa000aa8002aa000aa8002ac 00002ab000aaa002aa800aaa002aa800 2 1
# 0.4245 seconds
# 15782 nodes in table
# best score 1
4 00ab0002aa000aa8002aa000aa8002ac 00002ab000aaa002aa800aaa006aa000 2 1
# 0.3657 seconds
# 35648 nodes in table
# best score 0
6 00ab0002aa000aa8002aa000aa80029c 00001ab000aaa002aa800aaa006aa000 3 0
# 1.1712 seconds
# 50200 nodes in table
# best score 0
8 00ab0002ac000aa8002aa000aa80029c 00001ab000aaa002aa800aab004aa000 3 0
# 0.8623 seconds
# 62430 nodes in table
# best score 0
10 00ab0002ac000aa8002aa000aa80031c 00001ae000aaa002aa800aab004aa000 3 0
# 0.8875 seconds
# 76000 nodes in table
# best score 0
12 00ab0002ac000aa8002aa000ab00031c 00000ee000aaa002aa800aab004aa000 3 0
# 0.7958 seconds
# 86233 nodes in table
# best score 0
14 009b0002ac000aa8002aa000ab00031c 00000ee000aaa002aac00aaa004aa000 3 0
# 0.4248 seconds
# 95056 nodes in table
# best score 1
16 009b0002ac000aa8002aa000ab004318 00000ee000aaa002aac01aaa000aa000 3 1
# 0.4153 seconds
# 111276 nodes in table
# best score 1
18 008b0102ac000aa8002aa000ab004318 00000ee000aaa002aac01aaa000a9000 3 1
# 0.7012 seconds
# 126010 nodes in table
# best score 1
20 008b0102ac000aa8000aa400ab004318 00000ee000aaa002aac01aaa008a8000 3 1
# 0.5420 seconds
# 141082 nodes in table
# best score 1
22 00830102bc000aa8000aa400ab004318 00000ee000aaa002aac01aaa40828000 3 1
# 0.6416 seconds
# 166960 nodes in table
# best score 0
24 00830102bc000aa8000aa400af004308 00000ee000aaa002aac01aae40028000 3 0
# 0.8341 seconds
# 182040 nodes in table
# best score 4
26 00830102bc000aa8000aa400bf004300 00000ee000aaa006aac01aa640028000 3 4
# 0.5166 seconds
# 190860 nodes in table
# best score 5
28 00830102bc000aa8000aa400bf104200 00000ee000aae006aac01aa240028000 3 5
# 0.3627 seconds
# 195570 nodes in table
# best score 5
30 008301033c000aa8000aa400bf104200 00000ee000aa6006abc01aa240028000 3 5
# 0.2429 seconds
# 202706 nodes in table
# best score 6
32 008301033c000aa8000aa000bf184200 00000ee000aa2006afc01aa240028000 3 6
# 0.3246 seconds
# 211985 nodes in table
# best score 6
34 008301033c000aa8000ac000bf184200 00000ee000aa2046afc01aa040028000 3 6
# 0.4140 seconds
# 218475 nodes in table
# best score 6
36 008301033c000aa8000b8000bf184200 00000ee000a82046bfc01aa040028000 3 6
# 0.3613 seconds
# 226290 nodes in table
# best score 4
38 0083010338040aa8000b8000bf184200 00000ee000a82106bfc01aa040028000 3 4
# 0.3190 seconds
# 244258 nodes in table
# best score 6
40 0083010338040aa8000b8100be184200 00000ee000a02106ffc01aa040028000 4 6
# 0.8409 seconds
# 260133 nodes in table
# best score 5
42 0083010338040aa8000b8100be1c4000 00000ee000a02406ffc01aa040028000 4 5
# 0.6132 seconds
# 312195 nodes in table
# best score 8
44 0083010338040aa800038140be1c4000 00000ee000802407ffc01aa040028000 5 8
# 2.2006 seconds
# 325164 nodes in table
# best score 10
46 0083010238440aa800038140be1c4000 00000ee000803007ffc01aa040028000 5 10
# 0.6017 seconds
# 356365 nodes in table
# best score 6
48 0003110238440aa800038140be1c4000 00000ee000803007ffc40aa040028000 5 6
# 1.0288 seconds
# 387324 nodes in table
# best score 9
50 0003110230440ae800038140be1c4000 00000ee000803007ffd40a2040028000 6 9
# 0.7846 seconds
# 404519 nodes in table
# best score 10000
52 0003110220440af800038140be1c4000 00000ee001803007ffd00a2040028000 8 10000
# 0.5835 seconds
# 411905 nodes in table
# best score 10000
54 0003010220440ef800038140be1c4000 00000ee801803007ffd00a2000028000 10 10000
# 0.2225 seconds
# 411988 nodes in table
# best score 10000
56 0006010220440ef800038140be1c4000 00000ef801803007ffd0082000028000 8 10000
# 0.0694 seconds
# 411990 nodes in table
# best score 10000
58 0006010020440ff800038140be1c4000 00000efc01803007ffc0082000028000 11 10000
# 0.0003 seconds

