Randseed 90f3bc4b
# 5870 nodes in table
# best score 0
1 00ab0002aa000aa8002aa000aa8002aa 00002aa800aaa002aa800aaa002aa800 2 0
# 0.5127 seconds
# 10786 nodes in table
# best score 0
3 006b0002aa000aa8002aa000aa8002aa 00002aa800aaa002aa001aaa002aa800 2 0
# 0.4126 seconds
# 18713 nodes in table
# best score 0
5 006b0002aa000aa8002aa000aa9000aa 00002aa801aa8002aa001aaa002aa800 2 0
# 0.5914 seconds
# 38975 nodes in table
# best score -1
7 006b0002aa000aa8002aa000aa9010a8 00001aa801aa8002aa001aaa002aa800 3 -1
# 1.4777 seconds
# 70390 nodes in table
# best score -1
9 006b0002aa000aa8002aa000ab9000a8 00001aa801aa8002aa000aae002aa800 3 -1
# 1.8044 seconds
# 87362 nodes in table
# best score -1
11 003b0002aa000aa8002aa000ab9000a8 00001ab800aa8002aa000aae002aa800 3 -1
# 0.7903 seconds
# 104380 nodes in table
# best score -1
13 003b0002aa000aa8002aa400ab8000a8 00000eb800aa8002aa000aae002aa800 3 -1
# 0.9848 seconds
# 130085 nodes in table
# best score 0
15 003e0002aa000aa8002aa400ab8000a8 00000eb004aa8002aa000aae002aa800 3 0
# 1.1776 seconds
# 148012 nodes in table
# best score 1
17 003e0002aa000aa8002aa410ab0000a8 00000ea004aa8012aa000aae002aa800 3 1
# 0.8242 seconds
# 162068 nodes in table
# best score 1
19 003e0002aa000aa8002aa410ab040028 00000ea004aa8012aa004aac002aa800 3 1
# 0.6187 seconds
# 180318 nodes in table
# best score 1
21 003e0001aa000aa8002aa410ab040028 00000ea004aa8012aa004aac002ab000 3 1
# 0.8751 seconds
# 196330 nodes in table
# best score 1
23 001e0041aa000aa8002aa410ab040028 00000ea004aa8012aa0048ac402ab000 3 1
# 0.6735 seconds
# 207374 nodes in table
# best score 1
25 001e0141a2000aa8002aa410ab040028 00000ea004aa8012aa0048ac402ae000 3 1
# 0.3567 seconds
# 218924 nodes in table
# best score 2
27 001e0101a2040aa8002aa410ab040028 000006a044aa8012aa0048ac402ae000 3 2
# 0.5138 seconds
# 231738 nodes in table
# best score 2
29 000e0101a2040ae8002aa410ab040028 000002a044ba8012aa0048ac402ae000 3 2
# 0.4620 seconds
# 245839 nodes in table
# best score 1
31 000e0101a2040bc8002aa410ab040028 000000a044fa8012aa0048ac402ae000 3 1
# 0.4908 seconds
# 251361 nodes in table
# best score 1
33 000e0101a2040f88002aa410ab040028 000000a044fa8012aa0048ac402bc000 3 1
# 0.1862 seconds
# 291057 nodes in table
# best score 2
35 000e0101a2040788102aa410ab040028 0000008044fa8012ae0048ac402bc000 4 2
# 1.8804 seconds
# 310748 nodes in table
# best score 3
37 000e0101a20407885028a410ab040028 0000008040fa8012ae0148ac402bc000 4 3
# 0.9641 seconds
# 323204 nodes in table
# best score 5
39 000e0101a20407884038a410ab040028 0000008040fa0012ae0148ac442bc000 4 5
# 0.8175 seconds
# 329039 nodes in table
# best score 5
41 000e0101a20403884038a510ab040028 0000008040fa0002ae0148ac542bc000 4 5
# 0.4121 seconds
# 338497 nodes in table
# best score 9
43 000e0301a20403884038a510ab000028 0000000050fa0002ae0148ac542bc000 4 9
# 0.4196 seconds
# 351464 nodes in table
# best score 9
45 000e0701a20403884038a5108b000028 0000000040fa0042ae0148ac542bc000 4 9
# 0.3788 seconds
# 354852 nodes in table
# best score 9
47 000f0701a20403884038a4108b000028 0000000040f80042ae0548ac542bc000 4 9
# 0.1664 seconds
# 358161 nodes in table
# best score 8
49 000f8700a20403884038a4108b000028 0000000040f80042ae0548ac143bc000 5 8
# 0.1372 seconds
# 360663 nodes in table
# best score 8
51 000f8710220403884038a4108b000028 0000000040f800428e0548ac143fc000 5 8
# 0.1251 seconds
# 362342 nodes in table
# best score 8
53 000f8310220443884038a4108b000028 0000000000f804428e0548ac143fc000 5 8
# 0.0776 seconds
# 362475 nodes in table
# best score 10000
55 000f8110220443884138a4108b000028 0000000000f004438e0548ac143fc000 7 10000
# 0.0077 seconds
# 362512 nodes in table
# best score 10000
57 000f811022044388513884108b000028 0000000000f004438e4540ac143fc000 8 10000
# 0.0015 seconds
# 362516 nodes in table
# best score 10000
59 000f811022044388503a84108b000028 0000000000e004438e4548ac143fc000 8 10000
# 0.0003 seconds

