Randseed 91015137
# 5269 nodes in table
# best score 1
0 00aa8002aa000aa8002aa000aa8002aa 00002aa800aaa002aa800aaa002aa800 2 1
# 0.4704 seconds
# 9795 nodes in table
# best score 1
2 00a68002aa000aa8002aa000aa8002aa 00002ac800aaa002aa800aaa002aa800 2 1
# 0.3252 seconds
# 14234 nodes in table
# best score 1
4 00a68002aa000aa8002aa000aa8002ac 00002ac800aaa002a8804aaa002aa800 2 1
# 0.3721 seconds
# 34848 nodes in table
# best score 0
6 00a68002aa000aa8002aa000aa8001ac 00002ac800aaa006a8004aaa002aa800 3 0
# 1.1628 seconds
# 53388 nodes in table
# best score 1
8 00a68002aa010a88002aa000aa8001ac 00001ac800aaa006a8004aaa002aa800 3 1
# 1.0122 seconds
# 68710 nodes in table
# best score 1
10 00a68002aa010a88002aa000aa8041a8 00001ac800aaa006a84042aa002aa800 3 1
# 0.8466 seconds
# 80019 nodes in table
# best score 1
12 00a68000aa410a88002aa000aa8041a8 00001ac800aaa006884442aa002aa800 3 1
# 0.5000 seconds
# 89285 nodes in table
# best score 1
14 00a68000aa414a80002aa000aa8041a8 00001ac800aaa006884442ac002aa800 3 1
# 0.5380 seconds
# 96278 nodes in table
# best score 2
16 00a68000aa414a80002aa000ab8041a0 00001ac800aaa006804542ac002aa800 3 2
# 0.2987 seconds
# 103329 nodes in table
# best score 3
18 00a68000aa414a81000aa000ab8041a0 00001ac800aaa006804540ac402aa800 3 3
# 0.3121 seconds
# 108627 nodes in table
# best score 4
20 00a68000aa414a81000aa000af0041a0 00001ac800aaa006804540b8402aa800 3 4
# 0.2109 seconds
# 115013 nodes in table
# best score 4
22 00a68000aa414a81000aa000af014180 00001ac800aa2016804540b8402aa800 3 4
# 0.2458 seconds
# 121260 nodes in table
# best score 5
24 00a68000aa414a81000aa000af054080 00000ac900aa2016804540b8402aa800 3 5
# 0.2593 seconds
# 129463 nodes in table
# best score 5
26 00a68000aa414a81000aa000bf054000 00000ac900aa2016804540b84028a840 3 5
# 0.2786 seconds
# 135166 nodes in table
# best score 5
28 00668000aa414a81000aa000bf054000 00000cc900aa2016804540b84028a840 3 5
# 0.1992 seconds
# 140285 nodes in table
# best score 5
30 00668000aa414a81000aa040bf044000 00000cc900aa2016804540b840282850 3 5
# 0.2102 seconds
# 164664 nodes in table
# best score 8
32 00668000ba404a81000aa040bf044000 00000cc900aa2016a045403840282850 4 8
# 1.6929 seconds
# 169905 nodes in table
# best score 7
34 00668000ba404a81100aa040bf004000 00000c6900aa2016a045403840282850 3 7
# 0.3684 seconds
# 194420 nodes in table
# best score 10
36 00668010ba400a81100aa040bf004000 00000c2904aa2016a045403840282850 4 10
# 1.6304 seconds
# 218079 nodes in table
# best score 10
38 00668010ba440a81100aa040bf000000 00000c0904aaa016a045403840282850 4 10
# 1.2680 seconds
# 222259 nodes in table
# best score 9
40 00668010ba440a81100a8044bf000000 00000c0900aba016a045403840282850 3 9
# 0.1640 seconds
# 245742 nodes in table
# best score 12
42 00668010ba440a8150028044bf000000 00000c0900aba016a045403840283050 4 12
# 1.3226 seconds
# 252638 nodes in table
# best score 12
44 00668010ba440b81500280449f000000 00000c0900aba016a045403840286050 3 12
# 0.2941 seconds
# 275680 nodes in table
# best score 12
46 00668010ba540b81500280448f000000 00000c0900aba016804d403840286050 4 12
# 1.2301 seconds
# 294252 nodes in table
# best score 15
48 006680103a540f81500280448f000000 00000c0900aba016804d403840284058 4 15
# 1.0922 seconds
# 297297 nodes in table
# best score 14
50 006680103a540f81500284440f000000 00000c0940a3a016804d403840284058 3 14
# 0.1510 seconds
# 305682 nodes in table
# best score 15
52 006680503a440f81500284440f000000 00000c0941a3a012804d403840284058 4 15
# 0.4592 seconds
# 312584 nodes in table
# best score 15
54 006680503a440f81100284440f800000 00000c0141a3e012804d403840284058 4 15
# 0.3265 seconds
# 327527 nodes in table
# best score 14
56 006680503a440f81102280440f800000 00000c0141a3e0128059403840284058 5 14
# 0.4841 seconds
# 345051 nodes in table
# best score 15
58 0066807038440f81102280440f800000 00000c0141a3e0128051423840284058 6 15
# 0.7133 seconds
# 345959 nodes in table
# best score 10000
60 0066807038440f81142200440f800000 00000c0141a3e0128051423840280078 7 10000
# 0.0700 seconds
# 345963 nodes in table
# best score 10000
62 0066807038440f811c2200400f800000 00000c0141a3e01280514238402a0070 8 10000
# 0.0056 seconds
# 345968 nodes in table
# best score 10000
64 006e807038440f811c2200400f000000 00000c0141a3e01280514238402e0060 8 10000
# 0.0005 seconds

