Randseed 910224e3
# 5904 nodes in table
# best score 0
1 00aa8002aa000aa8002aa000aa8012a8 00002aa800aaa002aa800aaa002aa800 2 0
# 0.4369 seconds
# 9934 nodes in table
# best score 0
3 00aa8002aa004aa0002aa000aa8012a8 00002aa800aaa002aa001aaa002aa800 2 0
# 0.2993 seconds
# 25341 nodes in table
# best score -2
5 00aa8001aa004aa0002aa000aa8012a8 00001aa800aaa002aa001aaa002aa800 3 -2
# 0.9156 seconds
# 39430 nodes in table
# best score -1
7 00aa8001aa004aa0000aa400aa8012a8 00001aa800aaa002aa001aaa012a8800 3 -1
# 0.6997 seconds
# 51131 nodes in table
# best score -1
9 00aa80018a044aa0000aa400aa8012a8 00001aa800aaa002a8005aaa012a8800 3 -1
# 0.5884 seconds
# 58156 nodes in table
# best score -1
11 00aa80018a044aa0000aa400aa8052a0 00001aa800aaa002a8001aae012a8800 3 -1
# 0.3048 seconds
# 66292 nodes in table
# best score 0
13 00aa80018a054a80000aa400aa8052a0 00001aa800aaa40228001aae012a8800 3 0
# 0.4584 seconds
# 75565 nodes in table
# best score 1
15 00b280018a054a80000aa400aa8052a0 00000ea800aaa40228001aae012a8800 3 1
# 0.4447 seconds
# 84449 nodes in table
# best score 2
17 00b280018a054a800002a500aa8052a0 00000ea804aa240228001aae012a8800 3 2
# 0.4210 seconds
# 92377 nodes in table
# best score 2
19 00b280018a4542800002a500aa8052a0 00000ea804b2240228001aae012a8800 3 2
# 0.2916 seconds
# 96874 nodes in table
# best score 2
21 00b280018a4542800000a540aa8052a0 00000ea804b2240218001aae012a8800 3 2
# 0.2645 seconds
# 101203 nodes in table
# best score 3
23 00b280418a4442800000a540aa8052a0 00000ea804b2240218000abe012a8800 3 3
# 0.2724 seconds
# 116079 nodes in table
# best score 5
25 00b280518a4402800000a540aa8052a0 00000ea804b2240218000abe042a8800 4 5
# 0.5781 seconds
# 132003 nodes in table
# best score 6
27 00b280518a4402800000a540aa805320 00000ea80432340218000abe042a8800 4 6
# 0.6979 seconds
# 150003 nodes in table
# best score 6
29 00b280518a4402800000a140aa905320 00000ea80432340208010abe042a8800 4 6
# 0.9773 seconds
# 176453 nodes in table
# best score 7
31 00b280518a4402800000a040ba905320 00000e880432b40208010abe042a8800 4 7
# 1.4405 seconds
# 200954 nodes in table
# best score 8
33 00b280518a4402800000a000fa905320 00000e880432b40200010abe042b8800 4 8
# 1.1064 seconds
# 221982 nodes in table
# best score 8
35 00b280518a4402800000a000f29053a0 00000e880033b40200010abe042b8800 4 8
# 1.3474 seconds
# 236240 nodes in table
# best score 8
37 00b280538a0402800000a000f29053a0 00000e880033b40200000abe046b8800 4 8
# 0.6585 seconds
# 245450 nodes in table
# best score 9
39 00e280538a0402800000a000f29053a0 00000e880033b40200000afe046b8000 4 9
# 0.3806 seconds
# 251983 nodes in table
# best score 10
41 00e080538e0402800000a000f29053a0 00000e880033b40200000bfe042b8000 4 10
# 0.3072 seconds
# 277676 nodes in table
# best score 9
43 00e000d38e0402800000a000f29053a0 00000e081033b40200000bfe042b8000 5 9
# 1.0697 seconds
# 285070 nodes in table
# best score 14
45 00e001c38e0402800000a000f29053a0 000006085033b40200000bfe042b8000 4 14
# 0.4600 seconds
# 292045 nodes in table
# best score 15
47 00e801c38c0402800000a000f29053a0 000002087033b40200000bfe042b8000 4 15
# 0.3264 seconds
# 313204 nodes in table
# best score 15
49 00f801c3880402800000a000f29053a0 000000087033f40200000bfe042b8000 5 15
# 0.9045 seconds
# 319502 nodes in table
# best score 15
51 00f801c3880402800000a000f39043a0 000000007133f40200000bfe042b8000 5 15
# 0.3033 seconds
# 346425 nodes in table
# best score 16
53 00f801c3880402800000a000f31043a8 000000007133f40200000bfe04278000 6 16
# 0.9806 seconds
# 360297 nodes in table
# best score 17
55 00f801c3880402800000a000f21043b8 00000000703bf40200000bfe04278000 6 17
# 0.6186 seconds
# 360604 nodes in table
# best score 10000
57 00f801c3880402800000a000f01043f8 00000000703bf40200000ffe04238000 7 10000
# 0.0382 seconds
# 360609 nodes in table
# best score 10000
59 00f801c3880402800000c000f01043f8 00000000703bdc0200000ffe04238000 8 10000
# 0.0049 seconds
# 360610 nodes in table
# best score 10000
61 00f801c3880003800000c000f01043f8 00000000703bdc0200400ffc04238000 10 10000
# 0.0005 seconds

