Randseed 910fcdd9
# 5785 nodes in table
# best score 0
1 00aa8002ac000aa8002aa000aa8002aa 00002aa800aaa002aa800aaa002aa800 2 0
# 0.6174 seconds
# 10161 nodes in table
# best score 0
3 00aa8002a8010aa8002aa000aa8002aa 00002aa800aab000aa800aaa002aa800 2 0
# 0.4626 seconds
# 26460 nodes in table
# best score -1
5 00aa8002a0010ae8002aa000aa8002aa 00002aa800aa9004aa800aaa002aa800 3 -1
# 0.9238 seconds
# 56648 nodes in table
# best score -1
7 00aa8002a0010ae0012aa000aa8002aa 00002aa800aa1014aa800aaa002aa800 3 -1
# 1.4468 seconds
# 71021 nodes in table
# best score -1
9 00aa8002a0010ae0002aa004aa8002aa 00002aa800aa1004aa804aaa002aa800 3 -1
# 0.7251 seconds
# 90147 nodes in table
# best score -2
11 00aa8002a0010ae0002a8004ab8002aa 00002aa800aa1004aa804aaa002ab000 3 -2
# 0.8230 seconds
# 109905 nodes in table
# best score -2
13 00a28102a0010ae0002a8004ab8002aa 00002aa800aa1000ab804aaa002ab000 3 -2
# 0.7518 seconds
# 125576 nodes in table
# best score -2
15 00a28102a0010ae0002a8000ab8042aa 00002aa800ea0000ab804aaa002ab000 3 -2
# 0.8265 seconds
# 136647 nodes in table
# best score 0
17 00a28102a0010ae0002a8000ab8041aa 00001aa800ea0000ab804aaa002ab000 3 0
# 0.6675 seconds
# 149688 nodes in table
# best score 1
19 00a28002e0010ae0002a8000ab8041aa 00001aa9006a0000ab804aaa002ab000 3 1
# 0.5418 seconds
# 164193 nodes in table
# best score 1
21 00a28002e0010ae0002a8000ab8040ea 00001ca9006a0000ab804aaa002ab000 3 1
# 0.4866 seconds
# 172032 nodes in table
# best score 1
23 00a28002c0110ae0002a8000ab8040ea 00001ca9006a0000ab804aaa002cb000 3 1
# 0.3728 seconds
# 182641 nodes in table
# best score 0
25 00a28002c0110ae0002a84002b8040ea 00001ca9006a0000ab804aaa4028b000 3 0
# 0.5412 seconds
# 189405 nodes in table
# best score -1
27 00a28002c0110ae0002a8400278040ea 00001ca9006a0000ab004aae4028b000 3 -1
# 0.2151 seconds
# 195155 nodes in table
# best score -1
29 00a28002c0110ae0002a8400278040ec 00001ca9006a0000ae004aae4028b000 3 -1
# 0.3080 seconds
# 229380 nodes in table
# best score 3
31 00a28002c0110ae0002c8400278040ec 00001ca9006a0000a6004abe4028b000 4 3
# 1.7701 seconds
# 246397 nodes in table
# best score 6
33 00a28002c0100be0002c8400278040ec 00001ca9006a0000a6004bbe4020b000 4 6
# 0.7472 seconds
# 255984 nodes in table
# best score 5
35 00a28002c01007e0002c8400278040ec 00001ca9006a0000a6004bfc4020b000 4 5
# 0.6205 seconds
# 264353 nodes in table
# best score 4
37 00a28002c01007e0003c8000278040ec 00001ca9006a0000a60043fd4020b000 4 4
# 0.4288 seconds
# 275213 nodes in table
# best score 4
39 00a28002801007e0403c8000278040ec 00001ca9006a0000a20043fdc020b000 4 4
# 0.5322 seconds
# 284971 nodes in table
# best score 4
41 00a28002801007e0403c8000078440ec 00001cb1006a0000a20043fdc020b000 4 4
# 0.5363 seconds
# 303253 nodes in table
# best score 2
43 00a30002801007e0403c8000078440ec 00001cb1006a0000a20043fdc800b000 5 2
# 0.8968 seconds
# 311915 nodes in table
# best score 3
45 00a30004801007e0403c8000078440ec 00001ce1006a0000a20043fdc800b000 5 3
# 0.4457 seconds
# 318103 nodes in table
# best score 4
47 00a32000801007e0403c8000078440ec 00000ce1006a0800a20043fdc800b000 5 4
# 0.2932 seconds
# 342871 nodes in table
# best score 7
49 01a30000801007e0403c8000078440ec 00000ce1006a0801220043fdc800b000 6 7
# 1.2847 seconds
# 371483 nodes in table
# best score 7
51 00e30000801007e0403c8000078440ec 00000ce1006a0801220043fdc8013000 6 7
# 1.2231 seconds
# 385436 nodes in table
# best score 5
53 00730000801007e0403c8000078440ec 00000ee1006a0800220043fdc8013000 5 5
# 0.6450 seconds
# 402373 nodes in table
# best score 7
55 00730000801003e0443c8000078440ec 00000ee1006a0800220243fdc8003000 5 7
# 0.6872 seconds
# 412046 nodes in table
# best score 9
57 00730000c01003e0443c0000078440ec 00000ee1006a0800320243fdc0003000 5 9
# 0.3204 seconds
# 447161 nodes in table
# best score 15
59 00760000c01003e0443c0000078440ec 00000ee1006a0810120243fdc0003000 6 15
# 1.1231 seconds
# 462126 nodes in table
# best score 16
61 00760000c01103e0441c0000078440ec 00000fe1006a0010120243fdc0003000 6 16
# 0.6005 seconds
# 470140 nodes in table
# best score 16
63 00760000c81103e0440c0000078440ec 00000fe1006a8010020243fdc0003000 6 16
# 0.3715 seconds
# 491047 nodes in table
# best score 14
65 00760000c81107e044080000078440ec 00000fe1046a8010020043fdc0003000 7 14
# 1.1158 seconds
# 495323 nodes in table
# best score 13
67 00760000c8110fe044000000078440ec 00000fe114688010020043fdc0003000 6 13
# 0.2231 seconds
# 497001 nodes in table
# best score 12
69 00760000c0111fe044000000078440ec 00000fe114688010020043fdc0001800 5 12
# 0.1030 seconds
# 505824 nodes in table
# best score 9
71 0076000080911fe044000000078440ec 00000fe1146a8010020043f9c0001800 7 9
# 0.2543 seconds
# 506027 nodes in table
# best score 10000
73 007c000080911fe044000000078440ec 00000fe154628010020043f9c0001800 8 10000
# 0.0190 seconds
# 506048 nodes in table
# best score 10000
75 007c000480911fe040000000078440ec 00000fe154628010020043fcc0001800 8 10000
# 0.0026 seconds
# 506051 nodes in table
# best score 10000
77 007c000680901fe040000000078440ec 00000fe154228010020043fec0001800 8 10000
# 0.0004 seconds

