Randseed 91109a56
# 5184 nodes in table
# best score 1
0 00aa8002aa000aa8002aa000aa8002aa 00002aa800aaa002aa800aaa002aa800 2 1
# 0.5966 seconds
# 10148 nodes in table
# best score 1
2 00ab0002aa000aa8002aa000aa8002aa 00002a9800aaa002aa800aaa002aa800 2 1
# 0.6574 seconds
# 14701 nodes in table
# best score 1
4 00ab0002aa000aa8002aa000aa8002ac 00001a9800aaa002aa800aaa002aa800 2 1
# 0.4513 seconds
# 31353 nodes in table
# best score 0
6 00ab0002aa004aa0002aa000aa8002ac 00000e9800aaa002aa800aaa002aa800 3 0
# 0.8996 seconds
# 46169 nodes in table
# best score 0
8 00ab0002aa004aa0002aa000aa8001ac 00000e9800a2a102aa800aaa002aa800 3 0
# 0.8393 seconds
# 62601 nodes in table
# best score 0
10 00aa0042aa004aa0002aa000aa8001ac 00000e9800a2a102aa800aa8006aa800 3 0
# 0.7655 seconds
# 78260 nodes in table
# best score 1
12 00aa0042aa014a80002aa000aa8001ac 00000e8801a2a102aa800aa8006aa800 3 1
# 0.8154 seconds
# 93422 nodes in table
# best score 1
14 00aa0041aa014a80002aa000aa8001ac 00000e8801a2a102aa800aa8005aa800 3 1
# 0.7416 seconds
# 110143 nodes in table
# best score 1
16 00aa0041ba004a80002aa000aa8001ac 00000f0801a2a102aa800aa8005aa800 3 1
# 0.5941 seconds
# 126172 nodes in table
# best score 1
18 00aa0041ba004a80002aa000aa8041a8 00000f0801a2a102aa800aa8004ea800 3 1
# 0.9045 seconds
# 141206 nodes in table
# best score 1
20 00aa0041be000a80002aa000aa8041a8 00000f0801a2a102aa800aa8404ca800 3 1
# 0.5148 seconds
# 152874 nodes in table
# best score 2
22 00aa0041be000a80002aa000ab8041a0 00000f0801a2a102aa800aa8444c2800 3 2
# 0.4125 seconds
# 161360 nodes in table
# best score 2
24 00aa0041be000a80002ac000ab8041a0 00000f0801c2a102aa800aa8444c2800 3 2
# 0.3037 seconds
# 169480 nodes in table
# best score 2
26 00aa0041be000a80002ac4002b8041a0 00000f0801c2a002aa840aa8444c2800 3 2
# 0.3837 seconds
# 176914 nodes in table
# best score 2
28 00aa0041be000a80002ac4102b0041a0 00000f0801c2a002aa840ba844482800 3 2
# 0.2106 seconds
# 182128 nodes in table
# best score 3
30 00aa0041be000a80002b84102b0041a0 00000f0801c2a0028a840be844482800 3 3
# 0.1667 seconds
# 185917 nodes in table
# best score 3
32 00aa0041be000a81002b80102b0041a0 00000f0801c2a0028a840fe844402800 3 3
# 0.1188 seconds
# 233060 nodes in table
# best score 6
34 00aa0040fe000a81002b80102b0041a0 00000f0801c2a0028a9407e844402800 4 6
# 1.7472 seconds
# 245369 nodes in table
# best score 7
36 00aa0040fe000e81000b80102b0041a0 00000f0801c320028a9407e844402800 4 7
# 0.5966 seconds
# 263997 nodes in table
# best score 10
38 00aa0040fe000e81000b80102b014180 00000f0801c32002869407e844402800 4 10
# 0.9093 seconds
# 276668 nodes in table
# best score 11
40 00aa0040fc040e81000b80102b014180 00000f0801c12022869407e844402800 4 11
# 0.6533 seconds
# 288559 nodes in table
# best score 11
42 00aa0040f8040e81100b80102b014180 00000f0801c02022869447e844402800 4 11
# 0.4541 seconds
# 300020 nodes in table
# best score 11
44 00aa0040f8040e81100b80100b054180 00000f0801c0202286b447e840402800 4 11
# 0.7218 seconds
# 306024 nodes in table
# best score 12
46 00aa0040f8040e81100b80100305c180 00000f0801c0202286f447e800402800 4 12
# 0.2517 seconds
# 312109 nodes in table
# best score 12
48 006a0040f8040e81100b80100305c180 00001e0801c0202286f447e800402800 4 12
# 0.3505 seconds
# 314533 nodes in table
# best score 12
50 00680140f8040e81100b80100305c180 00001e0801c0202287f447e000402800 4 12
# 0.1969 seconds
# 318995 nodes in table
# best score 11
52 00780140f8040e81100b80100205c180 00001e0801c0200687f447e000402800 5 11
# 0.1516 seconds
# 319019 nodes in table
# best score 10000
54 00780140f8040e81500380100205c180 00001e0801c0200683f447e800402800 4 10000
# 0.0030 seconds
# 319033 nodes in table
# best score 10000
56 00380140f8040e81500380100207c180 00001e0801c0200683f447e801400800 5 10000
# 0.0003 seconds

