Randseed 911df2d4
# 5026 nodes in table
# best score 0
1 00aa8002aa000aa8002aa000aa8012a8 00002aa800aaa002aa800aaa002aa800 2 0
# 0.5606 seconds
# 10456 nodes in table
# best score 0
3 00aa0012aa000aa8002aa000aa8012a8 00002aa001aaa002aa800aaa002aa800 2 0
# 0.5279 seconds
# 14814 nodes in table
# best score 0
5 00aa0012aa000aa8002aa000aa8052a0 00002aa000aaa006aa800aaa002aa800 2 0
# 0.3567 seconds
# 30343 nodes in table
# best score -1
7 00a80052aa000aa8002aa000aa8052a0 00002aa000aaa006aa800aaa001aa800 3 -1
# 0.8602 seconds
# 104260 nodes in table
# best score -2
9 00a80052aa000aa8002aa000aa815280 00002a8004aaa006aa800aaa001aa800 3 -2
# 2.7881 seconds
# 121009 nodes in table
# best score -2
11 00a00152aa000aa8002aa000aa815280 00002a8000aae006aa800aaa001aa800 3 -2
# 0.8034 seconds
# 147365 nodes in table
# best score -1
13 00a00152aa000aa8002aa000aa855200 00002a0010aae006aa800aaa001aa800 3 -1
# 1.2406 seconds
# 169541 nodes in table
# best score -1
15 00a00152aa000aa8002aa004aa854200 00001a0010aae006aa800aaa001aa800 3 -1
# 0.9650 seconds
# 186063 nodes in table
# best score -1
17 00a00152aa000aa8012aa004aa054200 00001a0010aae006aa800aa2011aa800 3 -1
# 0.6841 seconds
# 199942 nodes in table
# best score -1
19 00a00152aa000aa8012ae000aa054200 00001a0010aae006aac002a2011aa800 3 -1
# 0.5185 seconds
# 218320 nodes in table
# best score 0
21 00a00152aa000aa0052ae000aa054200 00001c0010aae006aac002a2011aa800 3 0
# 0.6935 seconds
# 239597 nodes in table
# best score 0
23 00a00152aa000aa0042be000aa054200 00001c00106ae006aac002a2011aa800 3 0
# 1.0355 seconds
# 265902 nodes in table
# best score 0
25 00a00152aa000aa0042bc010aa054200 00001c00106ae007aa8002a2011aa800 3 0
# 0.9728 seconds
# 290086 nodes in table
# best score -1
27 00a00152aa010aa0042b8010aa054200 00001801106ae007aa8002a2011aa800 3 -1
# 0.8021 seconds
# 317408 nodes in table
# best score -1
29 00600152aa010aa0042b8010aa054200 00001801106ae405aa8002a2011aa800 3 -1
# 0.8801 seconds
# 340912 nodes in table
# best score -1
31 00200552aa010aa0042b8010aa054200 00001801106ae405aa8002a2001ab800 3 -1
# 0.8462 seconds
# 357784 nodes in table
# best score -1
33 00200512ba010aa0042b8010aa054200 00001801006ee405aa8002a2001ab800 3 -1
# 0.8874 seconds
# 370025 nodes in table
# best score -1
35 00200412be010aa0042b8010aa054200 00001801006ee405aa800282041ab800 3 -1
# 0.3482 seconds
# 402465 nodes in table
# best score 0
37 002004129e010aa0142b8010aa054200 000018010066e445aa800282041ab800 4 0
# 1.1097 seconds
# 434260 nodes in table
# best score 0
39 000004129e110aa0142b8010aa054200 00001801006ee445a2800282041ab800 4 0
# 1.1324 seconds
# 465850 nodes in table
# best score -1
41 000004128e110aa0142f8010aa054200 00001801006ee505a2800282041ab800 4 -1
# 1.0569 seconds
# 490739 nodes in table
# best score -2
43 000004028e110aa0142f8050aa054200 00001801006ce505e2800282041ab800 4 -2
# 0.7133 seconds
# 518007 nodes in table
# best score -4
45 000004028e110aa0142f8050ea014200 00000801006ce505e2900282041ab800 5 -4
# 0.7141 seconds
# 573879 nodes in table
# best score -4
47 000004028c110aa0142f8150ea014200 00000801006ce505e2900202141ab800 5 -4
# 1.4470 seconds
# 597133 nodes in table
# best score -2
49 0000040288110aa0142f8550ea014200 00000801006ce505e2900202101ab810 5 -2
# 0.6430 seconds
# 609324 nodes in table
# best score -3
51 0000040298110a20142f8550ea014200 00000801006ce505e2900202001eb810 5 -3
# 0.4760 seconds
# 620712 nodes in table
# best score -5
53 00000402b8110a20042f8550ea014200 000008010068e507e2900202001eb810 5 -5
# 0.3296 seconds
# 626745 nodes in table
# best score -6
55 00000402f8110a20042f8550ea010200 000008010068e507e2900202001e3830 5 -6
# 0.2497 seconds
# 628965 nodes in table
# best score -6
57 00000402f8110a20042f8550ea010400 000008010068e507e2900202001e3860 5 -6
# 0.1535 seconds
# 631041 nodes in table
# best score -6
59 00000402f8110a20042f8550e8110400 000008010068e507e2900202000e3870 5 -6
# 0.1761 seconds
# 633535 nodes in table
# best score -4
61 00000002f8110a20042f8550e8310400 000008010068e507e29002020006b870 5 -4
# 0.1539 seconds
# 635142 nodes in table
# best score -4
63 00000202f8110a20042f8540e8310400 00000c010068e507e29000020006b870 5 -4
# 0.1046 seconds
# 637028 nodes in table
# best score -4
65 00100202f8110a20042f8540e8310000 00000c010068e507e29000020002f870 7 -4
# 0.1036 seconds
# 641057 nodes in table
# best score -3
67 00100202f8111220042f8540e8310000 00000c010068e507e29000020040f870 8 -3
# 0.2262 seconds
# 643898 nodes in table
# best score -4
69 00300202f8111220042f8540e8110000 00000c010068e507e19000020040f870 7 -4
# 0.1906 seconds
# 650114 nodes in table
# best score -3
71 00300202f8910220042f8540e8110000 00000c010068e507e1c000020040f870 8 -3
# 0.3290 seconds
# 656101 nodes in table
# best score -2
73 00300204f8910220042f8540e8110000 00000c010060e507e1c008020040f870 8 -2
# 0.2520 seconds
# 656463 nodes in table
# best score -10000
75 00700204f8910020042f8540e8110000 00000c010060e407e1c008030040f870 8 -10000
# 0.0308 seconds
# 656527 nodes in table
# best score -10000
77 00f00204f8810020042f8540e8110000 00000c010060e407e1c018030040f830 8 -10000
# 0.0036 seconds
# 656540 nodes in table
# best score -10000
79 01f0020478810020042f8540e8110000 00000c010060e407e0c018030040f870 10 -10000
# 0.0006 seconds
# 656540 nodes in table
# best score -10000
81 01f0220478810020042f8540e8100000 00000c0100606407e0c018030040f8f0 10 -10000
# 0.0002 seconds

