Randseed 911ea334
# 5439 nodes in table
# best score 1
0 00aa8002aa000aa8002aa000aa8002aa 00002aa800aaa002aa800aaa002aa800 2 1
# 0.4459 seconds
# 14352 nodes in table
# best score 1
2 00aa8002aa000aa8002aa000aa80029a 00002aa800aaa002aa800aaa002ab000 2 1
# 0.7445 seconds
# 18627 nodes in table
# best score 1
4 00ab0002aa000aa8002aa000aa80029a 00002aa800aaa002aa800aac002ab000 2 1
# 0.2887 seconds
# 34521 nodes in table
# best score 0
6 00ab0002aa000aa8002aa000aa80428a 00002aa800aaa002ab000aac002ab000 3 0
# 1.1437 seconds
# 53671 nodes in table
# best score 0
8 00ab0002aa000aa8002aa000ab804282 00002aa800aac002ab000aac002ab000 3 0
# 1.0596 seconds
# 74211 nodes in table
# best score 0
10 00ab0002aa000aa8002ac000ab804282 00002ab000aac002ab000aac002ab000 3 0
# 0.9354 seconds
# 88544 nodes in table
# best score 0
12 00ab0002aa000ab0002ac000ab804282 00002ab000aac002ab000aac001ab000 3 0
# 0.6289 seconds
# 100245 nodes in table
# best score 0
14 00ab0002aa000ab0002ac0006b804282 00002ab000aac002ab0006ac001ab000 3 0
# 0.7841 seconds
# 113109 nodes in table
# best score 0
16 00ab0002aa000ab0002ac0002b844282 00002ab000aac001ab0006ac001ab000 3 0
# 0.5980 seconds
# 123732 nodes in table
# best score 1
18 00ab0002aa000ab0001ac0002b844282 00001ab000aac001ab0006ac001ab000 3 1
# 0.4560 seconds
# 129930 nodes in table
# best score 1
20 00ab0002aa4002b0001ac0002b844282 00001ab000aac001ab0006b8001ab000 3 1
# 0.3244 seconds
# 142546 nodes in table
# best score 3
22 00ab0002aa4002b0001ac0002b844182 00001ab000aac001ab0106b0001ab000 3 3
# 0.7209 seconds
# 154128 nodes in table
# best score 3
24 00ab0002aa4002b0001ac0002b844184 00001ab000aac001ab0106e0001ab000 3 3
# 0.3697 seconds
# 159509 nodes in table
# best score 3
26 00ab0002aa4002b0001ac0003b844084 00001ab000aac001ab010660041ab000 3 3
# 0.2101 seconds
# 163730 nodes in table
# best score 3
28 00ab0002aa4002b0041a80003b844084 00001ab000aac041ab010620041ab000 3 3
# 0.2321 seconds
# 171004 nodes in table
# best score 3
30 00ab0002aa4102a0041a80003b844084 00001ab000a8c041bb010620041ab000 3 3
# 0.3263 seconds
# 174421 nodes in table
# best score 6
32 00aa0042aa4102a0041a80003b844084 00001ab000a8c101bb010620041ab000 3 6
# 0.1348 seconds
# 180230 nodes in table
# best score 7
34 00a80042ae4102a0041a80003b844084 00001ab000a0c101fb010620041ab000 3 7
# 0.2936 seconds
# 203506 nodes in table
# best score 8
36 00a00142ae4102a0041a80003b844084 00001cb000a0c101fb010620041ab000 4 8
# 1.1939 seconds
# 220484 nodes in table
# best score 8
38 00a00142ae4102a0040a81003b844084 00001cb000a0c401fb010620041ab000 4 8
# 1.1403 seconds
# 236190 nodes in table
# best score 8
40 00a00143ae0102a0040a81003b844084 00001cb000e0c400fb010620041ab000 4 8
# 1.0056 seconds
# 248753 nodes in table
# best score 9
42 00a00143ae0102a0040a81003b844088 00001cb00060c400fb110620041ab000 4 9
# 0.6821 seconds
# 259491 nodes in table
# best score 10
44 00a00143ae1100a0040a81003b844088 00001cb00020c400fb110620441ab000 4 10
# 0.4884 seconds
# 270211 nodes in table
# best score 11
46 00a00143ae110060040a81003b844088 00001cb00000c400fb110620441bb000 4 11
# 0.5141 seconds
# 291483 nodes in table
# best score 11
48 00a00143ae110020040a81103b844088 00001cb00000c040fb110620441bb000 5 11
# 0.7572 seconds
# 317398 nodes in table
# best score 12
50 00a00143ee010020040a81103b844088 00001cb00002c040fb1106204419b000 5 12
# 1.0047 seconds
# 330247 nodes in table
# best score 12
52 00a00043fe010020040a81103b844088 00001cb00000c440fb1106204419b000 5 12
# 0.4009 seconds
# 357863 nodes in table
# best score 13
54 00a00043fe010020040881503b844088 00001cb00020c400fb1106204419b000 6 13
# 0.7752 seconds
# 426839 nodes in table
# best score 15
56 00600043fe010020040881503b844088 00000eb00020c400fb1106204419b000 7 15
# 2.4805 seconds
# 443281 nodes in table
# best score 16
58 00600043fe010020040881103b8440c8 00000eb00060c400fb1102204419b000 6 16
# 0.7750 seconds
# 444476 nodes in table
# best score 10000
60 00c00043fe010020040881103b8440c8 00000eb00060c410fa1102204419b000 7 10000
# 0.0391 seconds
# 444500 nodes in table
# best score 10000
62 00c00043fe01002004088110338440e8 00000eb00060c410fa11022044199800 6 10000
# 0.0017 seconds
# 444500 nodes in table
# best score 10000
64 00c00043fe01002004008110338440f8 00000eb00060c410fa11022044598800 8 10000
# 0.0003 seconds

