Randseed 912c98de
# 6222 nodes in table
# best score 0
1 00aa80022a100aa8002aa000aa8002aa 00002aa800aaa002aa800aaa002aa800 2 0
# 0.6143 seconds
# 11480 nodes in table
# best score 0
3 00aa80022a100b28002aa000aa8002aa 00002aa800aaa002aa800aaa006aa000 2 0
# 0.5235 seconds
# 16197 nodes in table
# best score 1
5 00aa80002a500b28002aa000aa8002aa 00001aa800aaa002aa800aaa006aa000 2 1
# 0.4618 seconds
# 30786 nodes in table
# best score -1
7 00aa80002a500e28002aa000aa8002aa 00001aa800a9a002aa800aaa006aa000 3 -1
# 0.8783 seconds
# 44643 nodes in table
# best score -1
9 00aa80002a100e28402aa000aa8002aa 00001aa800a9a002aa800aaa005aa000 3 -1
# 0.6843 seconds
# 54681 nodes in table
# best score -1
11 00aa801028100e28402aa000aa8002aa 00001aa800a9c002aa800aaa005aa000 3 -1
# 0.5480 seconds
# 67421 nodes in table
# best score 1
13 00aa801028100e28402b2000aa8002aa 00001aa800a9c002a6800aaa005aa000 3 1
# 0.6691 seconds
# 76965 nodes in table
# best score 1
15 00aa801028100e30402b2000aa8002aa 00001aa800a9c002a7000aaa005aa000 3 1
# 0.4385 seconds
# 88123 nodes in table
# best score 1
17 00aa801028100e30402b4000aa8002aa 00001aa800a9c002a7000aae001aa000 3 1
# 0.4674 seconds
# 101486 nodes in table
# best score 1
19 00aa801028100e30402b8000aa8002aa 00001aa800a9c002a7000abc001aa000 3 1
# 0.6145 seconds
# 112500 nodes in table
# best score 1
21 00aa801028100e60402b8000aa8002aa 00001aa800a9c002a7000af8001aa000 3 1
# 0.5569 seconds
# 121947 nodes in table
# best score 1
23 00aa801028000e60402b8100aa8002aa 00001aa800a9c00287040af8001aa000 3 1
# 0.4219 seconds
# 135216 nodes in table
# best score 2
25 00aa801028000e60402b8100b28002aa 00001aa800a9c00207140af8001aa000 3 2
# 0.5097 seconds
# 142676 nodes in table
# best score 2
27 00aa801028000e60402b8500328002aa 00001aa800a9c00207040af8401aa000 3 2
# 0.2819 seconds
# 147053 nodes in table
# best score 3
29 00aa801028000e60402b85003280029a 00001aa800a9c00207040af8400ea000 3 3
# 0.2026 seconds
# 149608 nodes in table
# best score 3
31 00aa801018000e60402b85003280029a 00001aa800a9c01206040af8400ea000 3 3
# 0.1917 seconds
# 186926 nodes in table
# best score 4
33 006a801018000e60402b85003280029a 00001a6800a9c01206040af8400ea000 4 4
# 1.6427 seconds
# 206394 nodes in table
# best score 3
35 006a801018000e60402b85003180029a 00001a6800a9c012060408f8400fa000 4 3
# 1.2364 seconds
# 210258 nodes in table
# best score 2
37 006a801018000e60402b85003080129a 00001a6800a9c012020448f8400fa000 3 2
# 0.1837 seconds
# 227484 nodes in table
# best score 5
39 003a801018000e60402b85003080129a 00001a6800a9c012020448f8400fc000 4 5
# 0.8229 seconds
# 242137 nodes in table
# best score 9
41 001e801018000e60402b85003080129a 00001a2804a9c012020448f8400fc000 4 9
# 0.6778 seconds
# 249012 nodes in table
# best score 9
43 000e805018000e60402b85003080129a 00001a2804a8c012020448f8440fc000 4 9
# 0.3399 seconds
# 254192 nodes in table
# best score 9
45 000f805008000e60402b85003080129a 00001a0804a8c012020448f8c40fc000 4 9
# 0.2431 seconds
# 266287 nodes in table
# best score 8
47 0007805008010e60402b85003080129a 00001a0804c8c012020448f8c40fc000 5 8
# 0.3656 seconds
# 270306 nodes in table
# best score 8
49 0007805008010e60442985003080129a 00001a0804c8c012020448f9c40f8000 5 8
# 0.2277 seconds
# 282354 nodes in table
# best score 9
51 0007805008010e20442b85003080129a 00001a0804c8c012024048f9c40f8000 6 9
# 0.3367 seconds
# 289470 nodes in table
# best score 9
53 0003805008010e20442f85003080129a 00001a0844c0c012024048f9c40f8000 6 9
# 0.2880 seconds
# 295233 nodes in table
# best score 8
55 0003805008010e20442f85003080119a 00001e0804c0c012024048f9c40f8000 7 8
# 0.2702 seconds
# 295375 nodes in table
# best score 10000
57 0003805008010e20442f8500308010da 00001c0a04c0c012024048f9c40f8000 8 10000
# 0.0195 seconds
# 295382 nodes in table
# best score 10000
59 0003805008010e20442f8500300010de 0000180a04c0d012024048f9c40f8000 7 10000
# 0.0029 seconds
# 295390 nodes in table
# best score 10000
61 0003805008010e21442f8100300010de 0000180205c0d012024048f9c40f8000 6 10000
# 0.0003 seconds

