Randseed 912cf885
# 5127 nodes in table
# best score 1
0 00aa8002aa000aa8002aa000aa8002aa 00002aa800aaa002aa800aaa002aa800 2 1
# 0.4757 seconds
# 10480 nodes in table
# best score 1
2 00ab0002aa000aa8002aa000aa8002aa 00002aa800b2a002aa800aaa002aa800 2 1
# 0.4358 seconds
# 15274 nodes in table
# best score 1
4 00ab0002aa000aa8002aa000aa8002ac 00002aa800b2a4022a800aaa002aa800 2 1
# 0.4245 seconds
# 36198 nodes in table
# best score 0
6 00ab0002aa000aa8002aa000aa9000ac 00002aa800f2a0022a800aaa002aa800 3 0
# 1.2196 seconds
# 51462 nodes in table
# best score 1
8 00ab0001aa000aa8002aa000aa9000ac 00002aa800e2b0022a800aaa002aa800 3 1
# 0.9236 seconds
# 68883 nodes in table
# best score 2
10 00ab0400aa000aa8002aa000aa9000ac 000029a800e2b0022a800aaa002aa800 3 2
# 1.0281 seconds
# 81726 nodes in table
# best score 2
12 00ab0400aa0002a9002aa000aa9000ac 000021a900e2b0022a800aaa002aa800 3 2
# 0.5973 seconds
# 96902 nodes in table
# best score 3
14 00ab0400aa0002a8002aa400aa9000ac 000001ad00e2b0022a800aaa002aa800 3 3
# 0.6647 seconds
# 111278 nodes in table
# best score 3
16 00ab0400aa0002a8002aa400aa94002c 000001ad00e2b0022a800aaa4022a800 3 3
# 0.8152 seconds
# 120903 nodes in table
# best score 4
18 00aa0440aa0002a8002aa400aa94002c 000001ac00e2b0022ac00aaa4022a800 3 4
# 0.4352 seconds
# 129576 nodes in table
# best score 5
20 00a80440ba0002a8002aa400aa94002c 000400ac00e2b0022ac00aaa4022a800 3 5
# 0.3816 seconds
# 135876 nodes in table
# best score 5
22 00a80440ba0002a8002aa500aa90002c 000400ac00e1b0022ac00aaa4022a800 3 5
# 0.2959 seconds
# 145898 nodes in table
# best score 6
24 00a80440bc0002a8002aa500aa90002c 000400ac00e190062ac00aaa4022a800 3 6
# 0.3535 seconds
# 151476 nodes in table
# best score 7
26 00a00540bc0002a8002aa500aa90002c 000400ac00e190062ac00aaa40232800 3 7
# 0.2533 seconds
# 158123 nodes in table
# best score 7
28 00a00540bc0002b0002aa500aa90002c 000400ac00e190062ac00aaa41230800 3 7
# 0.3146 seconds
# 167134 nodes in table
# best score 7
30 00a00540bc0002b0002aa500b290002c 000400ac00e190062ac00aac41230800 3 7
# 0.3764 seconds
# 176902 nodes in table
# best score 6
32 00a00540bc0002b0002ea500a290002c 000400ac00e190062ac00aac41231000 3 6
# 0.3642 seconds
# 196759 nodes in table
# best score 8
34 00e005403c0002b0002ea500a290002c 000400ac00e190061ac00aac41231000 4 8
# 1.0001 seconds
# 212767 nodes in table
# best score 10
36 00e005403c0002b0002fa5008290002c 000400ac00e190061ac00a6c41231000 4 10
# 0.8065 seconds
# 226089 nodes in table
# best score 10
38 00e005403c0002b0002fa4108290002c 000400b400e190061ac00a6c41231000 4 10
# 0.7083 seconds
# 233187 nodes in table
# best score 11
40 00e005403c0002a0042fa4108290002c 000400b400e190460ac00a6c41231000 4 11
# 0.6273 seconds
# 240864 nodes in table
# best score 12
42 00e005403c000280042fe4108290002c 000400b400e090560ac00a6c41231000 4 12
# 0.4608 seconds
# 247844 nodes in table
# best score 13
44 00e005403c000280042fe41082904028 000400b400e090560ac00a6c41232000 4 13
# 0.3487 seconds
# 251415 nodes in table
# best score 13
46 00e005403c000280042fe41082904018 000400b400e0105e0ac00a6c41232000 4 13
# 0.2676 seconds
# 252978 nodes in table
# best score 13
48 00e005403c000280402fe41082904018 0006003400e0105e0ac00a6c41232000 4 13
# 0.1317 seconds
# 260915 nodes in table
# best score 12
50 00e005403c000280403fe41082904008 0006003400e0105e0ac0086c412b2000 5 12
# 0.3173 seconds
# 266944 nodes in table
# best score 12
52 00e0054038040280403fe41082904008 0006003400e0105e0ac0086c012f2000 5 12
# 0.3134 seconds
# 311650 nodes in table
# best score 12
54 00e0054038040080503fe41082904008 0006003400e0107e08c0086c012f2000 7 12
# 1.9264 seconds
# 311763 nodes in table
# best score 10000
56 00e0054038040080503fe41082105008 0006003400e0107e00c0186c012f2000 7 10000
# 0.0195 seconds
# 311763 nodes in table
# best score 10000
58 00e0054038040080503fe4108210400a 0006003400e0107e00c0186e012f0000 5 10000
# 0.0029 seconds
# 311765 nodes in table
# best score 10000
60 00e0054038040080503fc4108210400e 0006003400e0107e00c0186f010f0000 8 10000
# 0.0003 seconds

