Randseed 913a312c
# 5654 nodes in table
# best score 0
1 00aa8002aa000aa8002aa000aa8002ac 00002aa800aaa002aa800aaa002aa800 2 0
# 0.6410 seconds
# 13191 nodes in table
# best score 1
3 00aa8002aa000aa8002aa010a88002ac 00002aa800aaa002aa800aab000aa800 2 1
# 0.5557 seconds
# 20359 nodes in table
# best score 1
5 00aa8002aa000aa8002ba000a88002ac 00002aa800aaa002aa800aa7000aa800 2 1
# 0.6756 seconds
# 36708 nodes in table
# best score 0
7 00aa8002aa004aa0002ba000a88002ac 00002aa800aaa002aa800aa7000ac800 3 0
# 1.1049 seconds
# 48022 nodes in table
# best score 0
9 00aa81028a004aa0002ba000a88002ac 00001aa800aaa002aa800aa7000ac800 3 0
# 0.6705 seconds
# 57110 nodes in table
# best score 1
11 00aa85020a004aa0002ba000a88002ac 00001ab000aaa002aa800aa7000ac800 3 1
# 0.4234 seconds
# 64791 nodes in table
# best score 1
13 00aa85020a004aa0002bc000a88002ac 00001ae000aaa002aa800aa7000ac800 3 1
# 0.4986 seconds
# 72206 nodes in table
# best score 2
15 00aa85020a004aa0002bc000a880029c 00001ae0006aa002aa800aa7000ac800 3 2
# 0.4039 seconds
# 79254 nodes in table
# best score 2
17 00aa85020a004a20102bc000a880029c 00001ae0006a8006aa800aa7000ac800 3 2
# 0.3585 seconds
# 85696 nodes in table
# best score 3
19 00aa85020a004a20102bc000a890009c 00001a60046a8006aa800aa7000ac800 3 3
# 0.3617 seconds
# 93924 nodes in table
# best score 3
21 00aa85020a004a20102f8000a890009c 00001a60046a8006aa800ea6000ac800 3 3
# 0.3947 seconds
# 99290 nodes in table
# best score 4
23 00aa85020a004620102f8000a890009c 00001a20046b8006aa800ea6000ac800 3 4
# 0.2823 seconds
# 104896 nodes in table
# best score 5
25 00aa85020a004620102f8000a894001c 00001a20046b8006a6800ea6000ac800 3 5
# 0.2065 seconds
# 109405 nodes in table
# best score 6
27 00aa85020a004620102f8000a894000e 00001a20046b8006a68006a6400ac800 3 6
# 0.2053 seconds
# 112712 nodes in table
# best score 7
29 00aa85020a004620502f0000a894000e 00001a20046b8006269006a6400ac800 3 7
# 0.1342 seconds
# 119001 nodes in table
# best score 8
31 00aa85020a004640502f0000a894000e 00001a20046b8005269006a6400ac800 3 8
# 0.3013 seconds
# 123888 nodes in table
# best score 8
33 00aa854202004640502f0000a894000e 00001a20046b8005269007a64002c800 3 8
# 0.1583 seconds
# 128135 nodes in table
# best score 10
35 00a885c202004640502f0000a894000e 00001a20046b8005269007e60002c800 3 10
# 0.1383 seconds
# 143966 nodes in table
# best score 12
37 00a885c202004640502f0000289c000e 00001a20046b8005269007e60001c800 4 12
# 0.9906 seconds
# 159130 nodes in table
# best score 14
39 006885c202004640502f0000289c000e 00001a20046b8015229007e60001c800 4 14
# 0.9495 seconds
# 168755 nodes in table
# best score 14
41 006885c202004680502f0000289c000e 00001a00046f8015229007e60001c800 4 14
# 1.0445 seconds
# 172723 nodes in table
# best score 13
43 006885c202004e80502e0000289c000e 00001a00007f8015229007e60001c800 4 13
# 0.4805 seconds
# 177694 nodes in table
# best score 12
45 006805d202004e80502e0000289c000e 00001a00007f8015229007e604018800 4 12
# 0.4266 seconds
# 182202 nodes in table
# best score 12
47 006805f202000e80502e0000289c000e 00001a00007f8015229007e604418000 4 12
# 0.1992 seconds
# 188321 nodes in table
# best score 10
49 007805f200000e80502e0000289c000e 00001a00007f8115209007e604418000 5 10
# 0.3107 seconds
# 191878 nodes in table
# best score 10
51 007805f200001e00502e0000289c000e 00001a01007f8115009007e604418000 5 10
# 0.2103 seconds
# 200333 nodes in table
# best score 11
53 007805f200001e00502e0000281c100e 00001a01407f8015009007e604418000 6 11
# 0.3244 seconds
# 218530 nodes in table
# best score 10
55 007805f200001e00502e0000281c001e 00001a01407f8015009017e604018000 7 10
# 0.5565 seconds
# 218639 nodes in table
# best score 10000
57 00f801f200001e00502e0000281c001e 00001801407f801d009017e604018000 8 10000
# 0.0204 seconds
# 218651 nodes in table
# best score 10000
59 00f801f200001e00504e0000281c001e 00001801407f801d809017e604008000 8 10000
# 0.0023 seconds
# 218655 nodes in table
# best score 10000
61 00f801f400001e00504e0000281c001e 00001801407f801d809017f604000000 8 10000
# 0.0004 seconds

