Randseed 913ac8bf
# 5654 nodes in table
# best score 1
0 00aa8002aa000aa8002aa000aa8002aa 00002aa800aaa002aa800aaa002aa800 2 1
# 0.5034 seconds
# 10681 nodes in table
# best score 1
2 00a68002aa000aa8002aa000aa8002aa 00002aa9008aa002aa800aaa002aa800 2 1
# 0.4991 seconds
# 15775 nodes in table
# best score 2
4 00a68002aa000aa8002aa000aa9000aa 00002aa9008aa002aa800aac002aa800 2 2
# 0.3937 seconds
# 36489 nodes in table
# best score 0
6 00a68002aa000aa8002aa000aa9010a8 00002aa9008aa002aa800a9c002aa800 3 0
# 1.2832 seconds
# 55593 nodes in table
# best score 1
8 00a68002aa000aa8002aa000aa9050a0 00002aa9008aa002a8804a9c002aa800 3 1
# 1.1645 seconds
# 68411 nodes in table
# best score 2
10 00a68002aa000aa8002aa000aa915080 00002aa9008aa00268804a9c002aa800 3 2
# 0.8709 seconds
# 77943 nodes in table
# best score 3
12 00a68002aa000aa8002aa000ab914080 00002aa9008aa04260804a9c002aa800 3 3
# 0.6449 seconds
# 87670 nodes in table
# best score 3
14 00a68002aa000aa8002aa000af114080 00002aa9008aa04260804a9c0026a800 3 3
# 0.4812 seconds
# 94777 nodes in table
# best score 3
16 00a68002aa000aa8002aa000be114080 00002aa9008aa04260804a980126a800 3 3
# 0.4621 seconds
# 99038 nodes in table
# best score 4
18 00269002aa000aa8002aa000be114080 00002aa1018aa04260804a980126a800 3 4
# 0.1568 seconds
# 104236 nodes in table
# best score 5
20 00069402aa000aa8002aa000be114080 00002ac1018aa04260804a980126a800 3 5
# 0.2248 seconds
# 108705 nodes in table
# best score 7
22 00069402aa000aa80022a100be114080 00002ac1018ab04060804a980126a800 3 7
# 0.1677 seconds
# 113168 nodes in table
# best score 8
24 00069402aa000aa80002a500be114080 00002ac1018ab040608048984126a800 3 8
# 0.1627 seconds
# 117004 nodes in table
# best score 9
26 00069402aa4002a80002a500be114080 00002ac1018ab044600048984126a800 3 9
# 0.2089 seconds
# 120008 nodes in table
# best score 10
28 00069402aa4002a801028500be114080 00000ac5018ab044600048984126a800 3 10
# 0.0942 seconds
# 122395 nodes in table
# best score 11
30 00069402aa4042a800028500be114080 00000ac5018ab044600048994106a800 3 11
# 0.1481 seconds
# 139331 nodes in table
# best score 13
32 00069402a24142a800028500be114080 00000ac5018ab04460004899410ca800 4 13
# 0.9922 seconds
# 154350 nodes in table
# best score 13
34 00069402c24142a800028500be114080 00000ac5018ab04420044899410ca800 4 13
# 0.8511 seconds
# 180254 nodes in table
# best score 13
36 00069402825142a800028500be114080 00000ac5018ab04420044889410cb800 4 13
# 1.3249 seconds
# 210229 nodes in table
# best score 13
38 000694028251432800028500be114080 00000b85018ab04420044889410cb800 4 13
# 1.4358 seconds
# 223592 nodes in table
# best score 13
40 000694028271422800028500be114080 00000985118ab04420044889410cb800 4 13
# 0.7721 seconds
# 231733 nodes in table
# best score 14
42 000694028270423800028500be114080 00000985118ab04420044889410cb004 4 14
# 0.4324 seconds
# 236619 nodes in table
# best score 15
44 000694028270423800028700be110080 00000885118eb04420044889410cb004 4 15
# 0.2129 seconds
# 243400 nodes in table
# best score 16
46 000694028270423800028700be110040 00000885118eb04420040889410cf004 4 16
# 0.3424 seconds
# 247455 nodes in table
# best score 16
48 000694028270423800028700be130000 00000805118eb14420040889410cf004 4 16
# 0.2287 seconds
# 260857 nodes in table
# best score 15
50 000694028270423800028710be120000 00000805108eb14420840889410cf004 5 15
# 0.6521 seconds
# 299001 nodes in table
# best score 16
52 000694028270423800008750be120000 00000805108fb14420840809410cf004 6 16
# 1.0000 seconds
# 305356 nodes in table
# best score 15
54 000690028270423840008750be120000 00000805108fb144208408094108f104 5 15
# 0.3445 seconds
# 307674 nodes in table
# best score 15
56 000390028270423840008750be120000 00000805108fb1442084080d4108e104 5 15
# 0.1168 seconds
# 307705 nodes in table
# best score 10000
58 000190128270423840008750be120000 00000805408fb1442084080d4108e104 6 10000
# 0.0047 seconds
# 307707 nodes in table
# best score 10000
60 000190128270423844008710be120000 00000805408f91442184080d4108e104 8 10000
# 0.0004 seconds

