Randseed 9147f2f0
# 5547 nodes in table
# best score 0
1 00aa8002aa000aa8002aa000aa8012a8 00002aa800aaa002aa800aaa002aa800 2 0
# 0.4852 seconds
# 9997 nodes in table
# best score 0
3 00aa8002aa000aa8002aa004aa8002a8 00002aa800aaa006aa000aaa002aa800 2 0
# 0.5172 seconds
# 31116 nodes in table
# best score -2
5 00aa8002aa000aa8002aa004aa8042a0 00002aa800aaa004aa400aaa002aa800 3 -2
# 1.5843 seconds
# 45682 nodes in table
# best score -2
7 00aa8002aa000aa8002aa004ab8002a0 00002aa800aaa004aa000aab002aa800 3 -2
# 0.8695 seconds
# 60040 nodes in table
# best score -2
9 00aa8002aa4002a8002aa004ab8002a0 00001aa800aaa004aa000aab002aa800 3 -2
# 1.0202 seconds
# 72295 nodes in table
# best score -2
11 00aa8002aa4002a8002aa004ab810280 00001aa800aaa004aa000eab000aa800 3 -2
# 0.6502 seconds
# 90829 nodes in table
# best score 0
13 00aa8002aa4002a8002aa004af800280 00001aa800aaa004aa000eaa400aa800 3 0
# 0.9772 seconds
# 119448 nodes in table
# best score 1
15 00aa8002aa4002a8002aa014a7800280 00001aa800aaa004aa0006aa400ea800 3 1
# 1.1107 seconds
# 136674 nodes in table
# best score 2
17 00aa8002aa4002a8012aa014a3800280 00001aa800aaa0042a1006aa400ea800 3 2
# 0.7797 seconds
# 154333 nodes in table
# best score 2
19 00aa8002aa4042a8012a2014a3800280 00001aa800aaa0042a1007aa400ca800 3 2
# 0.7659 seconds
# 171055 nodes in table
# best score 2
21 00aa8002aa5040a8012a2014a3800280 00001aa9008aa0042a1007aa400ca800 3 2
# 0.6006 seconds
# 186837 nodes in table
# best score 1
23 00aa8012aa5040a8012a2004a3800280 00001aa9008a20142a1007aa400ca800 3 1
# 0.7160 seconds
# 196072 nodes in table
# best score 1
25 00aa8052a25040a8012a2004a3800280 00001aa9008a20140a1407aa400ca800 3 1
# 0.5091 seconds
# 206487 nodes in table
# best score 2
27 00ab8052a25040a8012a2004a1800280 00001ea8008a20140a1407aa400ca800 3 2
# 0.3481 seconds
# 242307 nodes in table
# best score 5
29 00ab8052c25040a8012a2004a1800280 00001f28008a20140a1407aa400ca800 4 5
# 2.0440 seconds
# 271739 nodes in table
# best score 5
31 00af8052c25040a8012a2004a0800280 00001f28008620140a1407aa400ca800 4 5
# 2.0427 seconds
# 288726 nodes in table
# best score 5
33 00bf8052c25040a8012a2004a0000280 00001f28008620140a1407a2410ca800 4 5
# 1.1487 seconds
# 319916 nodes in table
# best score 5
35 00bf8052c25040a8012a200420100280 00001f28008220540a1407a2410ca800 4 5
# 1.2620 seconds
# 332916 nodes in table
# best score 6
37 00bf8052c25040a8012a200410100280 00001f20018220540a1407a2410ca800 4 6
# 0.5388 seconds
# 352242 nodes in table
# best score 6
39 00bf8052c25040a8012a200400120280 00001f20018220540a1407e24108a800 4 6
# 0.9248 seconds
# 369384 nodes in table
# best score 6
41 00bf8052c25040a81128200400120280 00001f00058220540a1407e24108a800 4 6
# 0.8786 seconds
# 394322 nodes in table
# best score 6
43 00bf8052c25040a81124200400120280 00001f00058220540a1007e24508a800 4 6
# 0.9123 seconds
# 414396 nodes in table
# best score 7
45 00bf8052c25140881124200400120280 00001f000182a0540a1007e24508a800 4 7
# 0.7599 seconds
# 426433 nodes in table
# best score 7
47 00bf8052ca5140881124200000120280 00001f040102a0540a1007e24508a800 4 7
# 0.5629 seconds
# 442956 nodes in table
# best score 7
49 00ff8052ca5140881124000000120280 00001f040102a0540a1107e245082800 4 7
# 0.6803 seconds
# 456116 nodes in table
# best score 7
51 00ff8052ca5140881122000000120280 00003f000102a0540a1107e245082800 4 7
# 0.4030 seconds
# 462702 nodes in table
# best score 7
53 00ff8052ca5540881120000000120280 00001f002102a0540a1107e245082800 4 7
# 0.2963 seconds
# 467687 nodes in table
# best score 7
55 00ff80528a7540881120000000120280 00001f003102a0540a1107e245002800 4 7
# 0.1774 seconds
# 469324 nodes in table
# best score 7
57 00ff80528a7540881120000000160200 00001f003102a0540a1107e245402000 4 7
# 0.0770 seconds
# 475892 nodes in table
# best score 6
59 00ff80520a7d40881120000000160200 00001f003102a0540e1107e205402000 7 6
# 0.1653 seconds
# 476037 nodes in table
# best score 10000
61 00ff80500a7d48881120000000160200 00001f003002a0540e9107e205402000 6 10000
# 0.0078 seconds
# 476046 nodes in table
# best score 10000
63 01ff80500a7c48881120000000160200 00001f00300280540e9117e205402000 7 10000
# 0.0012 seconds
# 476057 nodes in table
# best score 10000
65 01ffa0500a7c48881020000000160200 00001f00300280540e9117e207400000 5 10000
# 0.0003 seconds

