Randseed 914880cb
# 5756 nodes in table
# best score 1
0 00aa8002aa000aa8002aa000aa8002aa 00002aa800aaa002aa800aaa002aa800 2 1
# 0.4857 seconds
# 14787 nodes in table
# best score 1
2 00aa8002aa000aa8002aa000aa8002ca 00002aa800aaa002aa800aaa006aa000 2 1
# 0.9006 seconds
# 19271 nodes in table
# best score 1
4 00aa8002aa000aa8002aa000aa8002cc 00002aa800aaa002aa800aaa006ac000 2 1
# 0.3516 seconds
# 23713 nodes in table
# best score 1
6 00aa8002aa000aa8002aa000ab0002cc 00002aa800aaa002aa801aaa002ac000 2 1
# 0.3191 seconds
# 51929 nodes in table
# best score 0
8 002a9002aa000aa8002aa000ab0002cc 00002aa800aaa002aa801aaa042a8000 3 0
# 1.3285 seconds
# 66422 nodes in table
# best score 0
10 002a9002aa000aa8002aa010aa0002cc 00002aa800aaa002aa811aaa042a0000 3 0
# 0.8855 seconds
# 80112 nodes in table
# best score 0
12 002a9002aa000aa8002aa010b20002cc 00002aa800aaa002aa811aea002a0000 3 0
# 0.8538 seconds
# 93099 nodes in table
# best score -1
14 002a8003aa000aa8002aa010b20002cc 00002aa800aaa002aa811aea002c0000 3 -1
# 0.5328 seconds
# 109551 nodes in table
# best score -1
16 002a8003aa000aa8002aa010b21000cc 00002aa800aaa002aa811aea40280000 3 -1
# 0.7224 seconds
# 126198 nodes in table
# best score -1
18 002a8003aa000aa8002ac010b21000cc 00002aa800aaa002aa811eea40200000 3 -1
# 0.8358 seconds
# 134709 nodes in table
# best score -1
20 002a8003aa000aa8002ac010b214008c 00002aa800aaa002aa811fea00200000 3 -1
# 0.3277 seconds
# 142818 nodes in table
# best score -1
22 002a8003aa000aa8042a8010b214008c 00002aa800aaa002aa811feb00000000 3 -1
# 0.4395 seconds
# 170624 nodes in table
# best score -2
24 002a8003aa000aa8042a8010321c008c 00002aa800aaa002aa851fea00000000 3 -2
# 0.9320 seconds
# 178255 nodes in table
# best score -2
26 002a8003aa000aa9040a8010321c008c 00002aa800aaa002ea8517ea00000000 3 -2
# 0.3100 seconds
# 189114 nodes in table
# best score -2
28 000a8403aa000aa9040a8010321c008c 00002aa800aaa042ea8513ea00000000 3 -2
# 0.3558 seconds
# 195152 nodes in table
# best score -2
30 00028503aa000aa9040a8010321c008c 00002aa800aaa046ea8513e800000000 3 -2
# 0.2611 seconds
# 216423 nodes in table
# best score 0
32 00028503aa004aa1040a8010321c008c 00002aa800aaa046eb8503e800000000 4 0
# 1.0416 seconds
# 233733 nodes in table
# best score 0
34 00028503aa004aa1040a8010321c4088 00002aa800aba046eb8501e800000000 4 0
# 0.9118 seconds
# 248919 nodes in table
# best score 1
36 00028501ea004aa1040a8010321c4088 00002aa800ab2446eb8501e800000000 4 1
# 1.0150 seconds
# 278795 nodes in table
# best score 4
38 00028501ea004ab1040a8010321c4080 00002aa800ab2446eb8541e000000000 4 4
# 1.3795 seconds
# 301929 nodes in table
# best score 7
40 00028500fa004ab1040a8010321c4080 00002aa801ab2446eb8501e000000000 4 7
# 0.9694 seconds
# 319475 nodes in table
# best score 9
42 00020510fa004ab1040a8010321c4080 00002aa801aa2546eb8501e000000000 4 9
# 0.8061 seconds
# 343897 nodes in table
# best score 17
44 00020150fa004ab1040a8010321c4080 00006aa801aa2546e98501e000000000 4 17
# 1.1772 seconds
# 360548 nodes in table
# best score 19
46 00020150fa004ab1040a80103a1c4000 00006aa801aa3544e98501e000000000 4 19
# 0.8041 seconds
# 378645 nodes in table
# best score 19
48 00020150fa004ab1040a80103e1c0000 00006aa801ea2544e98501e000000000 4 19
# 0.7485 seconds
# 389536 nodes in table
# best score 21
50 00020150fa0042b1042a80103e1c0000 00006aa901ea2544e98500e000000000 4 21
# 0.6685 seconds
# 393155 nodes in table
# best score 21
52 00020150fa0042a1042a81103e1c0000 00004aad01ea2544e98500e000000000 4 21
# 0.2769 seconds
# 394788 nodes in table
# best score 21
54 00020150fa0042a0043a81103e1c0000 00044a2d01ea2544e98500e000000000 4 21
# 0.1544 seconds
# 396671 nodes in table
# best score 21
56 00020150fa0142a0041a81103e1c0000 00044e2d01e82544e98500e000000000 4 21
# 0.2321 seconds
# 398383 nodes in table
# best score 20
58 00020050fe0142a0041a81103e1c0000 00144e2901e82544e98500e000000000 5 20
# 0.1370 seconds
# 398395 nodes in table
# best score 10000
60 00020050fe0542a0040a81103e1c0000 00154e0901e82544e98500e000000000 5 10000
# 0.0019 seconds
# 398400 nodes in table
# best score 10000
62 00020040fe1542a0040a81103e1c0000 0014ce0901e82544e98500e000000000 8 10000
# 0.0003 seconds

