Randseed 9155749e
# 5806 nodes in table
# best score 0
1 00aa8002aa000aa8002aa000aa8002ac 00002aa800aaa002aa800aaa002aa800 2 0
# 0.4994 seconds
# 10842 nodes in table
# best score 0
3 00aa8002aa000aa8002aa000aa8002b8 00000aac00aaa002aa800aaa002aa800 2 0
# 0.3658 seconds
# 15590 nodes in table
# best score 0
5 00aa8002aa000aa8002aa000aa8002f0 00000ab400aaa002aa800aaa002aa800 2 0
# 0.4914 seconds
# 19693 nodes in table
# best score 0
7 00aa8002aa000aa8002aa000aa8003e0 00000ab400aaa002aa800aaa002ac800 2 0
# 0.4332 seconds
# 47691 nodes in table
# best score -1
9 00aa8002aa000aa8002aa000aa8403c0 00000ab400aaa002aa800aab000ac800 3 -1
# 1.7052 seconds
# 63467 nodes in table
# best score -1
11 00aa8002aa000aa8002aa000aa940380 00000ab400aaa002aa800aab4002c800 3 -1
# 0.9468 seconds
# 80326 nodes in table
# best score -1
13 00aa8002aa000aa8002aa000ab140380 00000ab400aaa002aa800aab4042c000 3 -1
# 0.8912 seconds
# 95709 nodes in table
# best score -1
15 00aa8002aa000aa8002aa010aa140380 00000ab400aaa002aa800aab44428000 3 -1
# 0.7713 seconds
# 113962 nodes in table
# best score 1
17 00aa8002aa000aa8002ae010a8140380 00000ab400aaa002aa800eaa44428000 3 1
# 1.0757 seconds
# 129002 nodes in table
# best score 4
19 00aa8002aa000aa8002ae010b0140380 00000ab400aaa002aa800faa04428000 3 4
# 0.8301 seconds
# 139677 nodes in table
# best score 5
21 00aa8002aa000aa8002ae01038140380 00000ab400aaa002aa800faa04418000 3 5
# 0.6174 seconds
# 148915 nodes in table
# best score 5
23 00aa8002aa000aa8002ae010380403c0 00000ab400aaa002aa800fea04408000 3 5
# 0.4732 seconds
# 155546 nodes in table
# best score 5
25 00aa8002aa000aa8002ae010380401e0 00000ab400aaa000aac00fea04408000 3 5
# 0.3175 seconds
# 166257 nodes in table
# best score 6
27 00aa8002aa000aa8002ae010380400f0 00000ab000eaa000aac00fea04408000 3 6
# 0.4855 seconds
# 174336 nodes in table
# best score 9
29 00aa8002aa000aa8002ae010300400f8 00000ab000eaa000aad00fea04400000 3 9
# 0.5103 seconds
# 184162 nodes in table
# best score 9
31 00aa8002aa000aa8002ae010200440f8 00000ab000eaa400aa900fea04400000 3 9
# 0.6459 seconds
# 194098 nodes in table
# best score 10
33 00aa8002aa000aa8002ae010020440f8 00000ab000eaa400aa9407ea04400000 3 10
# 0.4924 seconds
# 211955 nodes in table
# best score 10
35 00aa8002aa000aa8002be010020040f8 00000ab000eaa400aa9407e604400000 3 10
# 0.7993 seconds
# 229089 nodes in table
# best score 11
37 00aa8002aa000aa8012be01002004078 000002b100eaa400aa9407e604400000 3 11
# 0.6743 seconds
# 233913 nodes in table
# best score 12
39 00aa8002aa000aa8052be01002004038 000002b000faa400aa9407e604400000 3 12
# 0.2395 seconds
# 262086 nodes in table
# best score 14
41 00aa8002aa000aa8152be01002004018 000002b040faa400aa9407e600400000 4 14
# 1.3832 seconds
# 279441 nodes in table
# best score 15
43 00aa8002aa000ba8152be01002004008 000003b040faa400aa9407c600400000 4 15
# 1.1552 seconds
# 293232 nodes in table
# best score 15
45 00aa8002aa000ba8552be01002004000 000003b050faa400aa94078600400000 4 15
# 0.8363 seconds
# 299911 nodes in table
# best score 15
47 00aa8002aa004ba8552be01002000000 000003b050faa4408a94078600400000 4 15
# 0.3275 seconds
# 321910 nodes in table
# best score 13
49 00aa8002aa014ba8552be01000000000 000003f050faa4408294078600400000 5 13
# 0.8905 seconds
# 328522 nodes in table
# best score 13
51 00aa8002aa054ba8552be00000000000 000003f050fa24508294078600400000 5 13
# 0.4373 seconds
# 352203 nodes in table
# best score 14
53 00aa8002aa054ba85523e04000000000 000003f850fa24508290078600400000 6 14
# 1.2649 seconds
# 365717 nodes in table
# best score 15
55 00aa8002aa054ba95503e04000000000 000003f8517a24508290078600400000 6 15
# 0.6901 seconds
# 372438 nodes in table
# best score 14
57 00aa8002aa054ba91503e04008000000 000003f8517aa4508090078600400000 5 14
# 0.3524 seconds
# 376424 nodes in table
# best score 10000
59 00aa8002aa055ba81503e04008000000 000003f8517aa4148090078600400000 5 10000
# 0.2034 seconds
# 376429 nodes in table
# best score 10000
61 00aa8002aa0559a81503e04018000000 000003f8513aa4148090178600400000 8 10000
# 0.0006 seconds

