Randseed 9155ecea
# 5929 nodes in table
# best score 1
0 00aa8002aa000aa8002aa000aa8002aa 00002aa800aaa002aa800aaa002aa800 2 1
# 0.4993 seconds
# 10529 nodes in table
# best score 1
2 00a68002aa000aa8002aa000aa8002aa 00002aa800aaa002aa800aaa002ab000 2 1
# 0.4749 seconds
# 14724 nodes in table
# best score 1
4 00a68002aa000aa8002aa000aa8002ac 00002aa800aaa002aa800aaa002ae000 2 1
# 0.3076 seconds
# 39099 nodes in table
# best score 0
6 00a68002aa000aa8000aa400aa8002ac 00002aa800aaa002aa800aaa002bc000 3 0
# 1.2464 seconds
# 56464 nodes in table
# best score 0
8 00a68002aa4002a8000aa400aa8002ac 00002aa800aaa002aa800aaa002f8000 3 0
# 0.9682 seconds
# 74065 nodes in table
# best score 0
10 00a68002aa4002a8000aa000ea8002ac 00002aa800aaa002aa800aaa003f0000 3 0
# 0.9468 seconds
# 96577 nodes in table
# best score -1
12 00a68002aa4002a8000aa004ea0002ac 00002aa800aaa002aa800aaa103e0000 3 -1
# 1.0320 seconds
# 105625 nodes in table
# best score -1
14 00a68002aa4002a8000aa1046a0002ac 00002aa800aaa002aa800aea101e0000 3 -1
# 0.4537 seconds
# 114384 nodes in table
# best score -1
16 00a68002aa4002a8400aa1042a0002ac 00002aa800aaa002aa800aea500e0000 3 -1
# 0.5202 seconds
# 129607 nodes in table
# best score -1
18 00a68003aa0002a8400aa1042a0002ac 00002aa800aaa002aa801ae8500e0000 3 -1
# 0.6816 seconds
# 143348 nodes in table
# best score -1
20 00a68003aa0002a8400aa104220102ac 00002aa800aaa002aa801af0500e0000 3 -1
# 0.5558 seconds
# 150878 nodes in table
# best score 0
22 00a68401aa0002a8400aa104220102ac 00002aa800aaa002aa801ee0500e0000 3 0
# 0.3279 seconds
# 156288 nodes in table
# best score 0
24 00a68400ea0002a8400aa104220102ac 00002aa800aaa002aa841ec0500e0000 3 0
# 0.2476 seconds
# 163355 nodes in table
# best score 1
26 00a28440ea0002a8400aa104220102ac 00002aa800aaa002aa941e80500e0000 3 1
# 0.2876 seconds
# 170809 nodes in table
# best score 1
28 00828440fa0002a8400aa104220102ac 00002aa800aaa002ba941680500e0000 3 1
# 0.3288 seconds
# 177760 nodes in table
# best score 1
30 00828440fa0002a8410aa100220102ac 00002aa800aaa002be941280500e0000 3 1
# 0.3512 seconds
# 186659 nodes in table
# best score 2
32 00828440fa1002a8410aa100020102ac 00002aa800aaa006be940280500e0000 3 2
# 0.3856 seconds
# 191621 nodes in table
# best score 3
34 00828440fa1002b8410a8100020102ac 00002aa800aae006be140280500e0000 3 3
# 0.2898 seconds
# 194613 nodes in table
# best score 4
36 00828440fa1102b8410a8000020102ac 00002aa800aae007bc140280500e0000 3 4
# 0.1774 seconds
# 214350 nodes in table
# best score 14
38 00820450fa1102b8410a8000020102ac 00002aa800aae047b8140280500e0000 4 14
# 1.0642 seconds
# 225715 nodes in table
# best score 16
40 00820450fa1102b845028000020102ac 00002aa800aae145b8140280500e0000 4 16
# 0.6937 seconds
# 231135 nodes in table
# best score 16
42 00820450fe1102b805028000020102ac 00002aa800aae544b8140280500e0000 4 16
# 0.4563 seconds
# 238625 nodes in table
# best score 17
44 00820450fe1100b805028010020102ac 00002aa801aae540b8140280500e0000 4 17
# 0.5823 seconds
# 242018 nodes in table
# best score 17
46 00820450fe1100b805028010020142a8 00006aa801aa6540b8140280500e0000 4 17
# 0.3658 seconds
# 244269 nodes in table
# best score 17
48 00820450fe1100b805038010020142a0 0000eaa801aa2540b8140280500e0000 4 17
# 0.1883 seconds
# 246657 nodes in table
# best score 17
50 00820440fe1500b805038010020142a0 0000eab801aa0540b8140280500e0000 5 17
# 0.1632 seconds
# 247899 nodes in table
# best score 18
52 00420440fe1500b805038010020142a0 0000eab801e80540b8140280500e0000 4 18
# 0.1017 seconds
# 252733 nodes in table
# best score 16
54 00420440fe1500b805038010020141a0 0000eab901e80500b8140280500e0000 5 16
# 0.2035 seconds
# 253092 nodes in table
# best score 10000
56 00420440fe1500b805038010020041e0 0000eabd01e80500b0140280500e0000 6 10000
# 0.0095 seconds
# 253145 nodes in table
# best score 10000
58 00600440fe1500b805038010020041e0 0000eabd01e80500a0140280500f0000 5 10000
# 0.0011 seconds
# 253159 nodes in table
# best score 10000
60 00600440fe1500b804038010020041e8 0001eabd00e80500a0140280500f0000 7 10000
# 0.0003 seconds

