Randseed 91631dba
# 5195 nodes in table
# best score 1
1 00aa8002aa000aa8002aa000aa84022a 00002aa800aaa002aa800aaa002aa800 2 1
# 0.3841 seconds
# 10164 nodes in table
# best score 2
3 00aa8002aa000aa8002aa000aa844222 00002aa800aaa002aa800aaa001aa800 2 2
# 0.4369 seconds
# 14494 nodes in table
# best score 2
5 00aa8002aa000aa8002a6000aa844222 00002aa800aaa002aa8006aa001aa800 2 2
# 0.3685 seconds
# 30250 nodes in table
# best score 1
7 002a9002aa000aa8002a6000aa844222 00002aa800aaa002aa8006aa001ab000 3 1
# 0.7479 seconds
# 40503 nodes in table
# best score 1
9 000a9402aa000aa8002a6000aa844222 00002aa001aaa002aa8006aa001ab000 3 1
# 0.6498 seconds
# 51333 nodes in table
# best score 2
11 00089442aa000aa8002a6000aa844222 00002aa001aaa002aa8006aa0019b000 3 2
# 0.4786 seconds
# 62754 nodes in table
# best score 2
13 00081452aa000aa8002a6000aa844222 00002aa001aaa002aa8006ac0019b000 3 2
# 0.5845 seconds
# 71793 nodes in table
# best score 2
15 00081452ca000aa8002a6000aa844222 000029a001aaa002aa8006ac0019b000 3 2
# 0.3504 seconds
# 79534 nodes in table
# best score 3
17 00080452ca400aa8002a6000aa844222 000021a101aaa002aa8006ac0019b000 3 3
# 0.3064 seconds
# 87351 nodes in table
# best score 3
19 00080442ce400aa8002a6000aa844222 000021a101aaa002ab0006ac0019b000 3 3
# 0.3773 seconds
# 92079 nodes in table
# best score 2
21 00080442ce400aa8002a60006a844222 000021a101aaa002ab00072c0019b000 3 2
# 0.3023 seconds
# 96174 nodes in table
# best score 2
23 00080440ce400ea8002a60006a844222 000021a101aaa002ab0007280119b000 3 2
# 0.2330 seconds
# 110208 nodes in table
# best score 3
25 00080440ce400ea9000a60006a844222 000021a101aaa042a30007280119b000 4 3
# 0.5376 seconds
# 124364 nodes in table
# best score 3
27 00080440ce400ea9000660006a844222 000021a100aae042a30007280119b000 4 3
# 0.5935 seconds
# 136242 nodes in table
# best score 4
29 00080440ce400ea9000660007a804222 000021a100aae042a31006280119b000 4 4
# 0.6805 seconds
# 149310 nodes in table
# best score 4
31 00080440ce500ea8000660007a804222 000001a500aae042a31006280119b000 4 4
# 0.7121 seconds
# 159392 nodes in table
# best score 5
33 00040440ce500ea8000660007a804222 000001a500aac052a31006280119b000 4 5
# 0.5326 seconds
# 169264 nodes in table
# best score 4
35 00020440ce500ea8000660007a804222 000001a500aac052a31006080519b000 4 4
# 0.4117 seconds
# 178923 nodes in table
# best score 4
37 00020440ce500ea8000660007a804122 000001a500a2c152a31006080519b000 4 4
# 0.3509 seconds
# 219887 nodes in table
# best score 0
39 000204408e500ea8400660007a804122 000000a510a2c152a31006080519b000 5 0
# 1.4317 seconds
# 233773 nodes in table
# best score 4
41 000204408e100ea8400e60007a804122 0000002510a3c152a31006080519b000 4 4
# 0.7232 seconds
# 286756 nodes in table
# best score -1
43 000004409e100ea8400e60007a804122 0000002500a3c152ab1006080519b000 5 -1
# 1.8921 seconds
# 347680 nodes in table
# best score -1
45 000004409e100ea8400e60007a804124 0000002500a3c153ab1002080519b000 5 -1
# 2.3894 seconds
# 434337 nodes in table
# best score 0
47 000004409e100ea8400c60807a804124 0000002100e3c153ab1002080519b000 6 0
# 3.1471 seconds
# 510773 nodes in table
# best score -1
49 000004409e100f28400c60807a804124 0000002100e3c053bb1002080519b000 6 -1
# 2.9601 seconds
# 541327 nodes in table
# best score 0
51 000004409e100f28400c608072824124 0000002100e3c0539b1102080519b000 6 0
# 1.4339 seconds
# 554585 nodes in table
# best score 0
53 000004409e100e28400c608072824164 0000002100e3c0539b1102280518b000 6 0
# 0.6967 seconds
# 588077 nodes in table
# best score -1
55 000004409e100e28400c60807082416c 0000002100e3c0539b11023805183000 7 -1
# 3.2992 seconds
# 609503 nodes in table
# best score -1
57 000004409e100e28400c6080708240ec 0000002100e3e0538b11023805183000 7 -1
# 1.9813 seconds
# 618876 nodes in table
# best score 0
59 00000440bc100e28400c6080708240ec 0000002101e3e0538b11023801183000 6 0
# 0.7228 seconds

