Randseed 91640f13
# 5770 nodes in table
# best score 1
0 00aa8002aa000aa8002aa000aa8002aa 00002aa800aaa002aa800aaa002aa800 2 1
# 0.6590 seconds
# 10194 nodes in table
# best score 1
2 00aa8002aa000aa8002aa000aa8002ac 00002ab000aaa002aa800aaa002aa800 2 1
# 0.6048 seconds
# 15326 nodes in table
# best score 1
4 00aa8002aa000aa8002aa000aa8001ac 00002ab000aaa002aa800aaa006aa000 2 1
# 0.5186 seconds
# 35082 nodes in table
# best score 0
6 00a68002aa000aa8002aa000aa8001ac 00002ae000aaa002aa800aaa006aa000 3 0
# 1.0760 seconds
# 51042 nodes in table
# best score 1
8 00a68002aa000aa8002aa000aa8041a8 00002ae000aaa002aa800aae002aa000 3 1
# 1.0039 seconds
# 68079 nodes in table
# best score 2
10 00a68002aa000aa8002aa000ab8041a0 00002ae000aaa002aa800abc002aa000 3 2
# 0.8113 seconds
# 81090 nodes in table
# best score 2
12 00a68002aa000aa8002aa000ab814180 00002ae000aa8006aa800abc002aa000 3 2
# 0.6959 seconds
# 101727 nodes in table
# best score 2
14 00a68002aa000aa8002aa000af014180 00002ae000aa8002ab800abc002aa000 3 2
# 1.1477 seconds
# 114784 nodes in table
# best score 3
16 00a68002aa000aa8002ac000af014180 00002ae000aa80028b840abc002aa000 3 3
# 0.5039 seconds
# 130511 nodes in table
# best score 4
18 00a68002aa000aa8002ac000af054080 00002ae000aa80028b840abc001aa000 3 4
# 0.6327 seconds
# 137183 nodes in table
# best score 4
20 00a68002aa000aa8002ac000bf054000 00002ae000aa80128b040abc001aa000 3 4
# 0.3153 seconds
# 147004 nodes in table
# best score 3
22 00a68002aa000aa8002b8000bf054000 00002ae000aa80128b040abc400aa000 3 3
# 0.4302 seconds
# 159228 nodes in table
# best score 4
24 00a68002aa000aa8002b84003f054000 00002ae000aa80128b040bbc4002a000 3 4
# 0.5108 seconds
# 165945 nodes in table
# best score 4
26 00a68002aa000aa8002b04403f054000 00002ae000aa80128b100bbc4002a000 3 4
# 0.3018 seconds
# 174700 nodes in table
# best score 3
28 00868402aa000aa8002b04403f054000 00002ae000aa84128b100b3c4002a000 3 3
# 0.3091 seconds
# 181604 nodes in table
# best score 2
30 00868402aa1008a8002b04403f054000 00001ae000aa84128b100b3c4002a000 3 2
# 0.3655 seconds
# 187239 nodes in table
# best score 3
32 00868403aa0008a8002b04403f054000 00001ae000aa84118b100b3c4002a000 3 3
# 0.3674 seconds
# 207943 nodes in table
# best score 7
34 00868403aa4000a8002b04403f054000 00001ae000aa84118b10033d4002a000 4 7
# 1.2262 seconds
# 227996 nodes in table
# best score 6
36 00868403aa4000a8000b0440bf054000 00001ae000ba84108b10033d4002a000 4 6
# 1.3641 seconds
# 230852 nodes in table
# best score 5
38 00468403aa4000a8000b0440bf054000 00001ae000ba84108b10231d4002a000 3 5
# 0.1702 seconds
# 234041 nodes in table
# best score 4
40 00468403aa4040a0000b0440bf054000 00001ae000be84108b10221d4002a000 3 4
# 0.1857 seconds
# 246935 nodes in table
# best score 5
42 00468403aa4040a000030540bf054000 00001ae000be84108710221d4002a000 4 5
# 0.6136 seconds
# 255884 nodes in table
# best score 4
44 00468403aa4040a010030440bf054000 00001ae000bf84108310221d4002a000 4 4
# 0.4502 seconds
# 279508 nodes in table
# best score -2
46 00468403ae4000a010030440bf054000 00001ae010bf84108310220d4002a000 5 -2
# 1.1815 seconds
# 310857 nodes in table
# best score -5
48 00268403ae4000a010030440bf054000 000019e010bf84108310220d4002a000 5 -5
# 1.2168 seconds
# 329672 nodes in table
# best score -5
50 00268403ae4000c010030440bf054000 000019e010bf84108310220d0082a000 5 -5
# 0.7353 seconds
# 338695 nodes in table
# best score -5
52 00068403ee4000c010030440bf054000 000018e010bf84108310220d0082b000 5 -5
# 0.4304 seconds
# 349415 nodes in table
# best score -1
54 00068403ee4000c010030440fe054000 000018c010bf8c108310220d0082b000 6 -1
# 0.5070 seconds
# 352358 nodes in table
# best score -2
56 00068503ee0000c010030440fe054000 000018c010ff8c10831022050082b000 5 -2
# 0.1765 seconds
# 354183 nodes in table
# best score -2
58 00068503ee00008010030440fe054008 000030c010ff8c10831022050082b000 5 -2
# 0.1258 seconds
# 357503 nodes in table
# best score -1
60 00068503ee00008010020440fe05400c 000020c410ff8c10831022050082b000 6 -1
# 0.2679 seconds
# 360057 nodes in table
# best score -1
62 000e8501ee00008010020440fe05400c 000000c410ff8c10833022050082b000 6 -1
# 0.2184 seconds
# 361289 nodes in table
# best score -2
64 000f8101ee00008010020440fe05400c 0000008410ff8c10837022050082b000 5 -2
# 0.0694 seconds
# 363872 nodes in table
# best score -2
66 000f0121ee00008010020440fe05400c 0000008010ff8c1083702a050082b000 7 -2
# 0.2310 seconds
# 365786 nodes in table
# best score -2
68 000f0120ee00408010020440fe05400c 0000000010ff8c1083702a0500a2b000 7 -2
# 0.2233 seconds
# 367286 nodes in table
# best score -1
70 000f0120e600408810020440fe05400c 00000000107f8c1083702a0500b2b000 8 -1
# 0.1965 seconds
# 368422 nodes in table
# best score -1
72 000f01206600408c10020440fe05400c 00000000107f8c108370280500bab000 8 -1
# 0.1022 seconds
# 369746 nodes in table
# best score -1
74 000f01202600408c10820440fe05400c 00000000107f8c108370280500ba9100 8 -1
# 0.0823 seconds
# 369757 nodes in table
# best score -10000
76 000f01200600408c10821440fe05400c 00000000107f8c108370280500b89140 8 -10000
# 0.0133 seconds
# 369757 nodes in table
# best score -10000
78 000f00200600408c10821442fe05400c 00000000107f8c108370280500b81150 8 -10000
# 0.0035 seconds
# 369831 nodes in table
# best score -10000
80 000700200600408c10821442fe45400c 00000000107f8c108370280500b81190 8 -10000
# 0.0036 seconds
# 369843 nodes in table
# best score -10000
82 000300200600408c10821442fe45480c 00000000007f8c108370280500b811d0 8 -10000
# 0.0008 seconds
# 369843 nodes in table
# best score -10000
84 000100200600408c10821442fe45480d 00000000007f8c108370280500b811e0 8 -10000
# 0.0002 seconds

