Randseed 9170e03b
# 5315 nodes in table
# best score 1
1 00aa8002aa000aa8002aa000aa81028a 00002aa800aaa002aa800aaa002aa800 2 1
# 0.4548 seconds
# 9857 nodes in table
# best score 1
3 002a9002aa000aa8002aa000aa81028a 00002aa800aaa002aa800aaa001aa800 2 1
# 0.3996 seconds
# 13779 nodes in table
# best score 1
5 000a9402aa000aa8002aa000aa81028a 00002aa800aaa002aa800aaa001ab000 2 1
# 0.4506 seconds
# 53488 nodes in table
# best score -1
7 00029502aa000aa8002aa000aa81028a 00002aa800aaa002aa800aaa001cb000 3 -1
# 1.9353 seconds
# 71710 nodes in table
# best score 0
9 00021512aa000aa8002aa000aa81028a 00002aa800aaa002aa800aaa001c7000 3 0
# 0.8063 seconds
# 94654 nodes in table
# best score -1
11 00001552aa000aa8002aa000aa81028a 000028a840aaa002aa800aaa001c7000 3 -1
# 1.0258 seconds
# 109931 nodes in table
# best score -2
13 00001452ba000aa8002aa000aa81028a 000008ac40aaa002aa800aaa001c7000 3 -2
# 0.7833 seconds
# 121504 nodes in table
# best score -2
15 00001452ba4002a8002aa000aa81028a 000008ac40aaa002aa8006aa001c7000 3 -2
# 0.5506 seconds
# 129368 nodes in table
# best score -1
17 000014529e4002a8002aa000aa81028a 000000ad40aaa002aa8006aa001c7000 3 -1
# 0.3997 seconds
# 135547 nodes in table
# best score -1
19 000014529e4002a8002a2010aa81028a 000000ac40baa002aa8006aa001c7000 3 -1
# 0.2234 seconds
# 141056 nodes in table
# best score 0
21 000014529e4002a8012a0010aa81028a 000000ac40baa002aa8006ac001c7000 3 0
# 0.2786 seconds
# 146742 nodes in table
# best score 2
23 000014529e4002a8012a0010aa814282 000000ac40baa002aa8006ac011c3000 3 2
# 0.2100 seconds
# 155643 nodes in table
# best score 3
25 000014529e4002a8012a0010aa814182 000000ac40baa002aa8006ac41183000 3 3
# 0.3259 seconds
# 164163 nodes in table
# best score 3
27 000014529e4002a8012a0010aa854082 000000ac409ea002aa8006ac41183000 3 3
# 0.4218 seconds
# 171044 nodes in table
# best score 3
29 000014529e4002a8012a0110aa854002 000000ac009ea042aa8006ac41183000 3 3
# 0.3506 seconds
# 176222 nodes in table
# best score 3
31 000014529e4002a9010a0110aa854002 000000ac009ea042aa9006ac41083000 3 3
# 0.2642 seconds
# 228490 nodes in table
# best score 4
33 000004529e400aa9010a0110aa854002 000000a8009eb042aa9006ac41083000 4 4
# 2.2189 seconds
# 237622 nodes in table
# best score 2
35 000004529e400ea8010a0110aa854002 000000a8001eb042aad006ac41083000 3 2
# 0.4473 seconds
# 244410 nodes in table
# best score 3
37 000004529e400ea8010a0150aa844002 000000a8001eb042ead002ac41083000 3 3
# 0.2129 seconds
# 249764 nodes in table
# best score 4
39 000004529e400ea8010201d0aa844002 000000a8001eb042ead4022c41083000 3 4
# 0.2387 seconds
# 291468 nodes in table
# best score 8
41 000004529e400e98010201d0aa844002 000000a8000eb042fad4022c41083000 4 8
# 2.1217 seconds
# 294668 nodes in table
# best score 6
43 000004529e404e88010201d0aa844002 00000128000eb042fad4022c41083000 3 6
# 0.1689 seconds
# 309737 nodes in table
# best score 8
45 000004528e404e88010221d0aa844002 00000128200eb042fad0022c41083000 4 8
# 0.8176 seconds
# 322140 nodes in table
# best score 8
47 000004528e404e88010021d0ae844002 00000128200eb042f8d0422c41083000 4 8
# 0.6077 seconds
# 332483 nodes in table
# best score 8
49 000004528e404e88010021d0ae444002 00000128200eb043f890422c41083000 4 8
# 0.4420 seconds
# 339049 nodes in table
# best score 9
51 000004528e404e88010021d0ae844002 00000128200eb043f890c22c41082000 4 9
# 0.3849 seconds
# 355860 nodes in table
# best score 9
53 000004528e404e88010021d02e944002 000001282007b043f890c22c41082000 5 9
# 0.5510 seconds
# 362983 nodes in table
# best score 9
55 000004428e404e88010031d02e944002 000001282007a043f891c22c41082000 5 9
# 0.3498 seconds
# 370211 nodes in table
# best score 10
57 000004428e404e88010031d02e844202 000801282007a041f891c22c41082000 5 10
# 0.3666 seconds
# 383127 nodes in table
# best score 12
59 000004428e404e88010031d02e845200 000801282007a045f811c22c41082000 6 12
# 0.5312 seconds
# 391943 nodes in table
# best score 13
61 000004438e404c88010031d02e845200 000c01282007a045f811c20c41082000 6 13
# 0.3880 seconds
# 392065 nodes in table
# best score 10000
63 000004438e404c88010031c02e845280 000c01282107a041f811c20c41082000 7 10000
# 0.0049 seconds
# 392070 nodes in table
# best score 10000
65 000004438e404d08010031c02e845280 000e01282107a041f811c20c41002000 7 10000
# 0.0017 seconds
# 392073 nodes in table
# best score 10000
67 000004438e404d08010031c02e845180 000f01282107a041f811c20841002000 8 10000
# 0.0003 seconds

