Randseed 9171aac7
# 5550 nodes in table
# best score 1
0 00aa8002aa000aa8002aa000aa8002aa 00002aa800aaa002aa800aaa002aa800 2 1
# 0.7728 seconds
# 10540 nodes in table
# best score 2
2 00ab0002aa000aa8002aa000aa8002aa 00002aa800aaa002ab000aaa002aa800 2 2
# 0.4487 seconds
# 14922 nodes in table
# best score 2
4 00ab0002aa000aa8002aa000aa8012a8 00002aa800aaa001ab000aaa002aa800 2 2
# 0.4168 seconds
# 40693 nodes in table
# best score 0
6 006b0002aa000aa8002aa000aa8012a8 00002aa800aac001ab000aaa002aa800 3 0
# 1.3344 seconds
# 59523 nodes in table
# best score 0
8 006b0002aa000aa8002a8004aa8012a8 00002a8804aac001ab000aaa002aa800 3 0
# 1.2150 seconds
# 87918 nodes in table
# best score -1
10 006b0002aa000aa8000a8404aa8012a8 00002a9004aac001ab000aaa002aa800 3 -1
# 1.6714 seconds
# 107105 nodes in table
# best score -1
12 006b0002aa000aa8000a8404aa8052a0 00002a9004aac001a7000aaa002aa800 3 -1
# 0.9096 seconds
# 121572 nodes in table
# best score -1
14 006b0002aa000ab0000a8404aa8052a0 00002a90046ac001a7000aaa002aa800 3 -1
# 0.5989 seconds
# 142158 nodes in table
# best score -1
16 006b0002aa000ab0000a8404aa9050a0 00001a90046ac001a7000aaa002aa800 3 -1
# 1.0250 seconds
# 161386 nodes in table
# best score -1
18 006b0002aa000ab0000a8400ab9050a0 00000a91046ac001a7000aaa002aa800 3 -1
# 0.8525 seconds
# 171628 nodes in table
# best score 1
20 006b0002aa0006b0000a8400ab9050a0 00000a91046ac001a7000aac002aa800 3 1
# 0.3964 seconds
# 181794 nodes in table
# best score 1
22 006b0002aa0006b0000a8400ab945020 00000a91046ac001a7000aac002b2800 3 1
# 0.5631 seconds
# 192294 nodes in table
# best score 1
24 006b0002aa0106a0000a8400ab945020 00000a91046ac000a7100aac002b2800 3 1
# 0.3722 seconds
# 200978 nodes in table
# best score 2
26 006b0002aa0106a0000a8000eb945020 00000a91046ac010a3100aac002b2800 3 2
# 0.2820 seconds
# 209309 nodes in table
# best score 3
28 006b0002aa0106a0000a0010eb945020 00000a91046ac010a31006ac002b2800 3 3
# 0.4782 seconds
# 217995 nodes in table
# best score 3
30 006b0002aa0106a000080050eb945020 00000ab1046ac010a21006ac002b2800 3 3
# 0.3568 seconds
# 252483 nodes in table
# best score 5
32 006b0002aa0106a000000150eb945020 00000af1046a8010a21006ac002b2800 4 5
# 1.8832 seconds
# 297234 nodes in table
# best score 6
34 006b0002aa0106a000000050fb945020 00000ef1042a8010a21006ac002b2800 4 6
# 2.4033 seconds
# 328418 nodes in table
# best score 5
36 006b0002aa01072000000050fb945020 00000ff1040a8010a21006ac002b2800 4 5
# 1.9656 seconds
# 361337 nodes in table
# best score 5
38 006b0002aa01072000000050fb945040 00000ff114088010a21006ac002b2800 4 5
# 1.9696 seconds
# 384621 nodes in table
# best score 5
40 006b0002a201072004000050fb945040 00000ff144088010a21006ac002b2800 4 5
# 1.2441 seconds
# 400619 nodes in table
# best score 5
42 006b0002a201072004000050ff944040 00000ff144008010a21046ac002b2800 4 5
# 1.0279 seconds
# 416907 nodes in table
# best score 4
44 006b0002a200072004008050ff944040 00000ff144008010a214462c002b2800 5 4
# 1.1431 seconds
# 442383 nodes in table
# best score 5
46 006b0002a200072004008050ff944080 00000ff144008010a214462c002b3000 5 5
# 1.6112 seconds
# 453926 nodes in table
# best score 7
48 006b00028204072004008050ff944080 00000ff144008010221c462c002b3000 4 7
# 0.7914 seconds
# 464057 nodes in table
# best score 8
50 006b0002820007a004008050ff944080 00000ff144008010221d460c002b3000 5 8
# 0.4884 seconds
# 472334 nodes in table
# best score 8
52 006b0002021007a004008050ff944080 00000ff144008010221d460c0029b000 5 8
# 0.5310 seconds
# 478406 nodes in table
# best score 8
54 006b0002021007e004008010ff944080 00000ff144008010021f460c0029b000 5 8
# 0.3075 seconds
# 493285 nodes in table
# best score 10
56 006b0002023003e004008010ff944080 00000ff144008010021f460c0021b100 6 10
# 0.7793 seconds
# 500306 nodes in table
# best score 10
58 006b0002013003e004008010ff944080 00000ff144008010021f460c0021b200 6 10
# 0.3720 seconds
# 509994 nodes in table
# best score 9
60 003b0002013003e004008010ff944080 00000ff144008010021f460c0020b210 7 9
# 0.8419 seconds

