Randseed fcec2c54
#58 1000 1000 0
0 00aa8002aa000aa8002aa000aa8002aa 00002aa800aaa002aa800aaa002aa800 2 1
#56 135 1029 185
2 00aa8002aa000aa8002aa000aa8002ac 00002aa800aaa002aa800aca002aa800 3 0
#54 457 1048 694
4 00aa8002aa000aa8002aa000aa8001ac 00002aa800aaa002aa800aca012a8800 3 1
#52 397 1073 1091
6 00aa8002aa000aa8002aa000a28101ac 00002aa800aaa002ac800aca012a8800 3 1
#50 279 1105 1370
8 00aa0012aa000aa8002aa000a28101ac 00002a8804aaa002ac800aca012a8800 4 3
#48 3320 1012 4690
10 00aa0012aa000aa8002aa000a28141a8 00002a8844a2a002ac800aca012a8800 3 2
#46 196 1048 4886
12 00aa0002aa004aa8002aa000a28141a8 00002a8844a2a002ac801ac8012a8800 4 6
#44 1290 1037 6176
14 00a20102aa004aa8002aa000a28141a8 00002a8844a2a002ac841a88012a8800 4 7
#42 935 1042 7111
16 00a20102aa014a88002aa000a28141a8 0000328844a2a002ac841a88012a8800 4 8
#40 751 1056 7863
18 00a20102aa014a881028a000a28141a8 0000328840a2a012ac841a88012a8800 4 9
#38 1168 1051 9031
20 00a20102ba004a881028a000a28141a8 0000328840a2a012ac941888012a8800 4 9
#36 1239 1038 10311
22 00a20102ba004a881028a004a20141a8 0000328840a2b010ac941888012a8800 4 11
#34 820 1051 11131
24 00a20102ba004a881028e000a20141a8 0000328840a2b010ec841888012a8800 4 11
#32 844 1064 11975
26 00a20102b8004a881128e000a20141a8 0000328840a2b010ec84188c002a8800 4 12
#30 481 1102 12456
28 00a00142b8004a881128e000a20141a8 0000328840e2a010ec84188c002a8800 4 12
#28 437 1150 12893
30 00a00142b8004a881128e000a20540a8 0000328840e2a010ec84188c00328800 4 13
#26 515 1199 13408
32 00a00102b8044a881128e000a20540a8 0000328840e22030ec84188c00328800 4 13
#24 495 1258 13903
34 00a00101b8044a881128e000a20540a8 0000328840e22070e884188c00328800 4 13
#24 482 1217 14385
36 00a00101b80446881128e000a20540a8 0000328840e22070e804188e00328800 4 13
#22 168 1313 14553
38 00a00101b80446881120e100a20540a8 0004320840e22070e804188e00328800 5 12
#20 553 1389 15107
40 00a00101b80447880120e100a20540a8 0008320840e22070e804188e00328800 5 13
#18 522 1485 15629
42 00a00101b01447880120e100a20540a8 0008320840e02070f804188e00328800 5 13
#18 441 1436 16070
44 00800501b01447880120e100a20540a8 0008320840e02070f804188e04320800 6 15
#16 2525 1300 18595
46 00800501b01447880120e110a20540a0 0008220c40e02070f804188e04320800 6 16
#14 1529 1268 20124
48 00800500b0144f880120e110a20540a0 0008220c40e02060f804188e14320800 6 16
#12 950 1321 21074
50 00001500b0144f880120e110a20540a0 0008220c40e02040f804188e1c320800 6 18
#12 1041 1147 22116
52 00001100b0144f890120e110a20540a0 0008220c40e02040f80418861c720800 6 18
#10 953 1186 23069
54 00001100b0144f890120e510220540a0 0008020d40e02040f80418861c720800 6 17
#8 444 1371 23513
56 00000900b0144f890120e510220540a0 0010020d40e02040f80418861c720800 7 17
#Clearing transposition table 1793826 
58 00000900b0140f890120e5102205c0a0 0010020d40e02060f804188618720800 4 18
60 00000900b0140f810120e5102205c0e0 0010020d40e120607804188618720800 4 10000
62 00000c00b0140f810120e5102205c0e0 0010020d40e1a0607804188618700800 4 10000

