Randseed fcecadb4
#56 1000 1035 0
1 00aa8002aa000aa8002aa0002a9002aa 00002aa800aaa002aa800aaa002aa800 2 0
#54 145 1066 199
3 00aa8002aa000aa8002aa0002b1002aa 00002aa800aaa002aa800aab000aa800 3 -1
#52 630 1083 829
5 00aa81028a000aa8002aa0002b1002aa 00002aa800aab000aa800aab000aa800 3 -1
#52 332 1069 1190
7 00aa81028a000aa8002aa0002b1002b2 00002aa800aab000aa800aab000ab000 4 1
#50 2583 1007 3814
9 00ca81028a000aa8002aa0002b1002b2 00002ab000aab000aa800aab000ab000 4 3
#48 2979 925 6793
11 00ca81028a000aa8001aa0002b1002b2 00002ab000eaa000aa800aab000ab000 3 2
#46 298 952 7091
13 00ca81028a000aa8001aa0001b1002b2 00001ab000eaa000aa800aab000ab000 4 5
#44 1818 913 8909
15 00ca81028a000a68001aa0001b1002b2 00001ab1006aa000aa800aab000ab000 4 6
#42 1587 881 10496
17 00ca81028a000a68001aa0101a1002b2 00001ab1006aa4002a800aab000ab000 4 6
#40 1369 856 11865
19 00ca81028a000a28041aa0101a1002b2 00001ab1006aa4002a800aad000ab000 4 6
#38 1675 813 13540
21 00ca81028a000a28041ae010181002b2 00001cb1006aa4002a800aad000ab000 4 7
#36 680 821 14220
23 00ca81028a010a28041ac010181002b2 000018b1007aa4002a800aad000ab000 4 7
#34 831 820 15051
25 00cc81028a010a28041ac010181002b2 000018b1007aa4002a800aad0009b000 4 9
#32 432 844 15483
27 00cc81028a010a28041cc010181002b2 000018b1007aa4002b000aad0009b000 4 10
#30 489 868 15972
29 00cc81028a010a38041c8010181002b2 000018b1007ac4002b000aad0009b000 4 9
#28 595 888 16567
31 006c81028a010a38041c8010181002b2 000018b1007ac4002b004aa90009b000 4 8
#26 372 927 16939
33 006c81028a010a38041c8010180003b2 000018b1007ac4002b004aa90109a000 4 8
#24 348 976 17287
35 006c81028a010239041c8010180003b2 000018b1007ac4002b004aa90508a000 4 9
#22 367 1031 17654
37 006c81028a010239041c8010180103a2 000018a1047ac4002b004aa90508a000 4 10
#22 313 1003 17967
39 006c81028a010239041c8010080103e2 00001861047ac4002b004aa90508a000 5 9
#20 1017 1001 18984
41 006c81028a01023984188010080103e2 00001861047ac4002b004ae905082000 5 12
#18 870 1016 19854
43 006c81028a010239c4088010080103e2 00001861047ac4002b004ee805082000 5 13
#16 912 1029 20766
45 003c81028a010239c4088010080103e2 00001861047ac4002b004ee845002000 5 13
#14 659 1082 21425
47 003c81028a010239c4088010080501e2 00001861047ac40023014ee845002000 5 15
#12 306 1211 21731
49 003c81028a010239c4088010080501e4 00001861047ac40023014ee847000000 6 17
#10 937 1266 22668
51 003c81048a010239c4088010080501e4 00001861047ac40023044ee847000000 6 18
#8 516 1454 23184
53 003c811488010239c4088010080501e4 00001861047ac40023044fe807000000 6 17
#6 219 1865 23403
55 003d810488010239c4088010080501e4 00001861047ac10023044fe807000000 7 15
#4 228 2684 23631
57 003d810488010239c4088010080501e8 000018e1047a810023044fe807000000 8 10000
#2 1 5368 23632
59 003d840488010239c4088010080501e8 000018e1147a010023044fe807000000 9 10000

