Randseed fcf76693
#58 1000 1000 0
0 00aa8002aa000aa8002aa000aa8002aa 00002aa800aaa002aa800aaa002aa800 2 1
#56 134 1030 134
2 00aa8002aa000aa8002aa000aa8002ca 00002aa800aaa002ab000aaa002aa800 3 0
#54 554 1048 688
4 00b28002aa000aa8002aa000aa8002ca 00002aa800aaa001ab000aaa002aa800 3 0
#52 398 1073 1086
6 00b28002aa000aa8002a8004aa8002ca 00002aa800aaa001ab0006aa002aa800 3 0
#50 363 1102 1449
8 00b28002aa000aa8002a8004aa84028a 00002aa800aaa001ab0006aa002ab000 4 2
#50 1856 1027 3305
10 00a28402aa000aa8002a8004aa84028a 00002aa800aaa001ab0006aa002a7000 4 2
#50 1489 968 4794
12 00a28402aa000aa8002a8004aa94008a 00002aa800aaa001ab0006aa40227000 4 2
#48 1689 938 6483
14 00229402aa000aa8002a8004aa94008a 00002aa800aaa001ab1006aa00227000 4 2
#50 1059 858 7542
16 00029403aa000aa8002a8004aa94008a 00002ab000aaa001ab1006aa00227000 4 2
#48 1470 832 9012
18 00029403aa004aa0002a8004aa94008a 00002ab000aaa001ab1006aa10207000 4 2
#46 1263 814 10275
20 00029403aa004aa0002a8004a694008a 00002ab000aaa001ab1007aa00207000 4 1
#44 547 826 10822
22 00029403aa004aa0002a8004e694000a 00002ab0006aa001ab1007aa00207000 4 2
#46 722 758 11544
24 00029403ca004aa0002a8004e694000a 00002ab0006aa401ab10072a00207000 4 1
#46 413 741 11957
26 00029403ca004aa0002a8004f690000a 00002a70006aa401ab10072a00207000 4 0
#44 528 750 12485
28 00029403ca004aa0002a8000f790000a 00002a70007aa401ab10062a00207000 4 0
#42 364 769 12849
30 00029403ca004aa0004a8000f790000a 00002a70007aa401ab10062b00007000 4 0
#40 611 777 13460
32 00029403ca0052a0004a8000f790000a 00002a70007aa401ab100e2a00007000 4 0
#38 411 773 14299
34 00029403ca0052a0004a8010f710000a 00002a70007aa401ab110e0a00007000 4 0
#36 455 791 14754
36 00029403ce0012a0004a8010f710000a 00002a70007ac401ab110e0a00007000 4 -1
#34 527 807 15281
38 00029403ce0012a010488010f710000a 00002a70007ac501ab11060a00007000 4 -1
#32 328 836 15609
40 00029403ce0012a010488010ff00000a 00002a70007ac501ae11060a00007000 4 -2
#30 181 880 15790
42 00029403ce0012a010480110ff00000a 00002a70007ac541ae10060a00007000 5 -7
#26 606 969 16396
44 00029007ce0012a010480110ff00000a 00002a70007b8541ae10060a00007000 5 -8
#20 239 1236 16635
46 00029007ce0012a050480110fe00000a 00002ae0007b8541ae10060a00007000 6 -7
#18 2728 1070 19363
48 00029007ce001220504a0110fe00000a 00002ac0107b8541ae10060a00007000 6 -8
#16 1830 975 21193
50 00029007ce001210504a0110fe00000a 00002ac0107b8541ae10060c00007000 6 -8
#14 1649 879 22842
52 00029007ce001210504e0100fe00000a 00002bc0107b0541ae10060c00007000 6 -8
#12 1426 788 24268
54 000290078e801210504e0100fe00000a 00002bc0103b05c1ae10060c00007000 6 -8
56 000290070e801212504e0100fe00000a 01000bc0103b05c1ae10060c00007000 4 -8
58 000290070c809212504e0100fe00000a 00800bc0103b05c1ae10060c00007000 4 -10
60 000290060c809212504e0900fe00000a 00800bc0103b05c0ae10460c00007000 4 -10
62 000310060c809212504e0900fe00000a 00800bc0103b05c0ae10460c01006000 4 -10
64 0003102604809212504e0900fe00000a 00400bc0103b05c0ae10460c01006000 4 -10000
66 0003102604809212504e0901fc00000a 00400bc1103b05c0ae10420c01006000 4 -10000

