Randseed fcf84a6b
#56 1000 1035 0
1 00aa8002aa000aa8002aa000aa81028a 00002aa800aaa002aa800aaa002aa800 2 1
#54 138 1068 138
3 00a28102aa000aa8002aa000aa81028a 00002aa800aaa002aa800aaa002ab000 3 -1
#52 774 1080 912
5 00a28102aa000aa8002aa000aa91008a 00002aa800aaa006aa000aaa002ab000 3 -1
#52 338 992 3186
7 00a28102aa000aa8002aa004aa11008a 00002aa800aaa006aa000aaa002a7000 3 -1
#50 620 938 5541
9 00229102aa000aa8002aa004aa11008a 00002a6800aaa006aa000aaa002a7000 3 0
#50 252 928 5793
11 00221112aa000aa8002aa004aa11008a 00002a6800aaa006aa000aaa002c7000 4 2
#48 2695 854 8488
13 00221012ba000aa8002aa004aa11008a 00002c6800aaa006aa000aaa002c7000 3 0
#50 317 807 8805
15 002210129e000aa8002aa004aa11008a 00002c6800aae002aa000aaa002c7000 3 -1
#48 251 831 9056
17 002210129e000aa8002aa004ba10008a 00002c6800aae002aa000aaa012c6000 4 0
#46 956 825 10012
19 002210129e000aa8002aa004f210008a 00002c6800aae002aa000b2a012c6000 4 0
#46 648 797 10660
21 002210131e000aa8002aa004f210008a 00002c6800aae002aa000b1a012c6000 4 0
#46 828 761 11488
23 002210131e000ab0002aa004f210008a 00002c6800a9e002aa000b1a012c6000 4 0
#44 506 773 11994
25 002410131e000ab0002aa004f210008a 0000266800a9e002aa000b1a012c6000 4 1
#44 792 737 12786
27 002410131e000ab01028a004f210008a 000026c800a9e002aa000b1a012c6000 4 1
#44 462 715 13249
29 002410033e000ab01028a004f210008a 000026c800c9e002aa000b1a012c6000 4 1
#40 537 760 13786
31 002810033e000ab01028a004f210008a 000026c800c9e002aa004b0a012c6000 4 0
#42 609 695 14396
33 002011033e000ab01028a004f210008a 000026c800c9e002a6004b0a012c6000 4 0
#40 476 706 14872
35 002011033e000bb00028a004f210008a 000026c800c9e002a2004b0a01ac6000 4 -1
#38 402 722 15274
37 002011033c040bb00028a004f210008a 000022c840c9e002a2004b0a01ac6000 4 -1
#36 384 741 15658
39 002011033c040bb00128a000f210008a 000022c840c9e002a2004b0801ec6000 4 -2
#34 353 764 16011
41 002011033c0407b00128a000f210008a 000022c840c9e002a6004b0801ac6000 4 -3
#32 323 791 16334
43 00201103380407f00128a000f210008a 000022c840c9e002ae004b08012c6000 4 -4
#30 420 816 16754
45 00201103380407f00128a400f200008a 000022c840c9e002ae004b09010c6000 4 -4
#26 122 932 16876
47 00201103380407f00128a400f200004a 000022c041c9e002ae004b09010c6000 5 -7
#24 562 963 17438
49 00201103300407f04128a400f200004a 000022c041c9e002ae404b08010c6000 5 -8
#28 442 794 17880
51 00201103300407f04138a400e200004a 000022c041c9e002ae404b0801066000 5 -8
#26 259 835 18139
53 00201103202407f04138a400e200004a 000022c44189e002ae404b0801066000 6 -6
#24 355 875 18494
55 00201103202407f041382410e200004a 001022c44181e002ae404b0801066000 6 -6
#20 395 1011 18889
57 00201103202407f041382400e600004a 001822c40181e002ae404b0801066000 6 -6
#18 402 1078 19291
59 00201103202407f041382400e600004c 001822c40181e002ae40498801066000 6 -6
#14 368 1334 19659
61 00201103202407f041382400e6000058 001822c40181e0032e40498801066000 7 -8
#12 1657 1280 21316
63 00201103202407f041382400e6008050 001822c40181e0032e44488801066000 7 -9
#10 1400 1256 22716
65 00200103202407f841382400e6008050 001822c40181e0033e44488801062000 7 -9
#10 567 1073 23632
67 00200903202407f841382400c6008050 001822c40181e0033e44488811060000 7 -8
#10 268 1020 23900
69 00600903202407f84138240086008050 001c20c40181e0033e44488811060000 8 -7
#8 397 1175 24297
71 00400903202407f841382400c6008050 001c20c40881e0033e44488811060000 8 -6
#8 263 1110 24560
73 00400903202407f841382400c6008030 001c20c40881f0023e44488811060000 9 -10000
#4 20 2210 24580
75 00400901202407f841382404c6008030 001c20c40881f0023e444888100e0000 10 -10000
#2 0 4420 24580
77 00400901202407f84138240486808030 001c00c40881f0023e444889100e0000 11 -10000
#2 0 4420 24580
79 00400901202407f84138240487808010 000c00c40881f0063e444889100e0000 12 -10000

