Randseed fd0acf31
#58 1000 1000 0
0 00aa8002aa000aa8002aa000aa8002aa 00002aa800aaa002aa800aaa002aa800 2 1
#56 156 993 1182
2 00ab0002aa000aa8002aa000aa8002aa 00001aa800aaa002aa800aaa002aa800 3 0
#54 771 1001 1953
4 006b0002aa000aa8002aa000aa8002aa 00000ea800aaa002aa800aaa002aa800 3 0
#52 438 1023 2391
6 006b0000aa400aa8002aa000aa8002aa 00000ea8002ab002aa800aaa002aa800 3 0
#50 487 1044 2878
8 006b0000aa400aa8002aa000aa0012aa 00000ea8002aa003aa800aaa002aa800 3 0
#48 408 1071 3286
10 006b0000aa000ea8002aa000aa0012aa 00000ea8002aa003aa800aaa001aa800 3 0
#46 461 1097 3747
12 006b0000aa0006a8402aa000aa0012aa 00000ea8001aa003aa800aaa001aa800 3 0
#44 168 1140 3915
14 006b0000aa0002a8403aa000aa0012aa 000006a8401aa003aa800aaa001aa800 4 1
#42 1094 1142 5009
16 006a0040aa0002a8403aa000aa0012aa 00000628501aa003aa800aaa001aa800 4 1
#40 681 1165 5690
18 00680040ae0002a8403aa000aa0012aa 00000628501aa0032ac00aaa001aa800 4 2
#40 1023 1114 6713
20 00680040ae0000a8403aa100aa0012aa 00000628501aa0032ac008aa401aa800 4 2
#40 1143 1057 7856
22 00680040ae0000a8401aa100aa0412aa 00000628501aa0030ac408aa401aa800 4 3
#38 1061 1057 8917
24 00680040ae0000a8401aa5002a0412aa 00000628501aa0030ac408aa5018a800 4 3
#38 792 1015 9709
26 00680040ae0000a84018a5402a0412aa 00000628501aa0030ac4089a5018a800 4 3
#36 459 1046 10168
28 00680040ae0000a84038a1402a0412aa 00000228501ea0030ac4089a5018a800 4 3
#36 732 1005 10900
30 00680040ac0100a84038a1402a0412aa 00000028501ea0430ac4089a5018a800 4 2
#36 697 966 11597
32 00680040ac0100a8443821402a0412aa 00000028501ea04309c4089a5018a800 4 2
#32 377 1064 11974
34 006801408c0100a8443821402a0412aa 00000028501ea04309c4089a5058a000 4 2
#32 569 1028 12543
36 006801408c0100a8443801442a0412aa 00000028101ea04309c5089a5058a000 4 2
#30 303 1076 12846
38 006801408c0100a8443801442a8412a8 00000028001ea04309c7089a5058a000 5 0
#28 1326 1059 14172
40 002805408c0100a8443801442a8412a8 00000028001ea04309c7089a50586000 5 0
#26 1368 1035 15540
42 002805408c0100a8443801402b8412a8 00000028001ea04309c708ba40586000 5 2
#24 1168 1024 16708
44 002805408c0100a8443801402b851288 00000028001ea04309c708ba00786000 5 2
#26 767 886 17475
46 002805408c0100a8443801002f851288 00000028001ea04309c708bb00706000 5 3
#24 803 893 18278
48 002805408c0100a8443801002f851284 00000028001ea04389c708bb00606000 5 3
#22 821 900 19099
50 002805408c0100a8443801002f851184 00000018001ea04389c708bb00606000 5 3
#20 420 948 19519
52 002805c0880100a8443801002f851184 00000018001ea44389c708bb00406000 5 3
#18 518 995 20037
54 002805c088010028543801002f851184 00000018001e644389c708bb00406000 5 3
#8 845 2029 20882
56 002805c088010028541801003f851184 00000018001e644389c708bf00006000 5 3
#6 330 2596 21212
58 002805c088010028541801003f851086 00000018003e644389c708be00006000 6 6
#4 186 3801 21398
60 002805c088010028741801003f851006 00000018003e644389c720be00006000 7 5
#2 62 7540 21460
62 002005c088010038741801003f851006 00000018003e6447898720be00006000 8 6
#16 111 928 21571
64 002007c088010030741801003f851006 00000018023e6445898720be00006000 9 5
#14 289 1020 21860
66 002007c088010030743801003f811006 00000018023e6445898720be0000c000 10 -1
#12 5 1189 21865
68 002007c188010020743801003f811006 00000018023e6445898720be00008010 11 -10000

