Randseed fd0bb5c0
#56 1000 1035 0
1 00aa8002aa000aa8002aa0006a8002aa 00002aa800aaa002aa800aaa002aa800 2 0
#54 72 1025 1300
3 00aa8002aa000aa8001aa0006a8002aa 00002aa001aaa002aa800aaa002aa800 3 -1
#52 429 1048 1729
5 00aa8002aa000aa8400aa0006a8002aa 00002aa001aaa002aa800aaa002ab000 3 -1
#50 439 1073 2168
7 002a9002aa000aa8400aa0006a8002aa 00002aa000aae002aa800aaa002ab000 3 -1
#48 509 1096 2677
9 002a9002aa000aa8400aa0002a8402aa 00002aa000aae002aa9008aa002ab000 3 -1
#46 276 1132 2953
11 002a9002aa000aa0410aa0002a8402aa 00002aa000aac012aa9008aa002ab000 4 1
#46 2231 1035 5184
13 002a9002aa000aa0410aa0042a0402aa 00002aa000aa8012aa9048aa002ab000 4 0
#44 1808 1000 6993
15 002a9002aa0006a0410aa0042a0402aa 00002ca000aa8012aa9048aa002ab000 4 0
#44 1096 948 8140
17 002a9002aa1002a0410aa0042a0402aa 000028a100aa8012aa9048aa002ab000 4 -1
#42 1082 941 9222
19 002a9002aa1002a0410aa0042a0401aa 000028a100aa8012aa9048aa0032b000 4 -1
#40 1848 896 11071
21 002a9002aa1002a0410aa1042a0400aa 000028a100aa8012aa9048aa0032e000 4 -2
#40 985 847 12056
23 000a9402aa1002a0410aa1042a0400aa 000028a100aa8412aa8048aa0032e000 4 -2
#38 1447 794 13907
25 000a9402aa1002a0410aa1042c0400aa 000028a100aa0412aa8048ba0032e000 4 -3
#36 713 798 14620
27 000a9402aa1002a0410aa104380400aa 000028a100aa0412aa80489a0132e000 4 -3
#34 597 810 15218
29 000a9402aa1003a0410aa104300400aa 000028a100aa0412aa80489a0131e000 4 -4
#32 690 818 15908
31 000a9402aa1403a0410aa104200400aa 000028a100aa0412ae80488a0131e000 4 -5
#32 771 770 16679
33 000a9402ba1403a0410aa1042004002a 000028a100aa0412ae84480a0131e000 4 -6
#30 299 801 16978
35 00029502ba1403a0410aa1042004002a 000028a140a20412ae84480a0131e000 4 -6
#28 235 841 17213
37 00029502ba1403a0510aa1042000002a 000028c140a20412ae84480a0131e000 5 -9
#26 1971 755 19184
39 00829500ba1403a0510aa1042000002a 00002ac100a20412ae84480a0131e000 5 -9
#24 1177 719 20361
41 00c28500ba1403a0510aa1042000002a 00002ac100a00452ae84480a0131e000 5 -10
#22 3259 489 23620
43 00c28500be1403a0510aa1040000002a 00003ac100a004522e84480a0131e000 4 -8
#Clearing transposition table 1756129 
#20 296 504 23955
45 00628500be1403a0510aa1040000002a 001038c100a004522e84480a0131e000 4 -8
#18 157 543 24112
47 00628500be150380510aa1040000002a 001038c100a004520e84488a0131e000 5 -10
49 00628500be150380510b21040000002a 001038c100a004120e84488a01b1e000 4 -8
51 00620510be150380510b21040000002a 001038c100a004120e80488a11b1e000 4 -7
53 00220510be154380510b21040000002a 001038c100a004120680488a11b3e000 4 -4
55 00220510be154388510a21040000002a 001038c100a004120680488811f3e000 4 -4
57 00220510be154388510a21040000002c 001038c100e000120680488811f3e000 4 -4
59 00220510be154388510a210400000038 001038c100e000120280488811f7e000 4 -4
61 00220510be154388510a210400000070 001038c100e000120280488811dfe000 4 -4
63 00210510be154388510a210400000070 001038c100e000020280488a11dfe000 4 -4
65 00200530be154388510a210400000070 0014388100e000020280488a11dfe000 4 -4
67 00200430be154388510a230400000070 0014388100e000020280580a11dfe000 4 -4
69 00200430be154388510a2304000000e0 001c380100e000020280580a11dfe000 4 -4
71 00200430be154388510a2304000001c0 001c180100e010020280580a11dfe000 4 -4
73 00200430be154388510a230400000380 001c080100e0100202c0580a11dfe000 4 -4
75 00200430be154388510a230400000700 000e080100e0100202c0580a11dfe000 4 -4
77 00000430be154388510a270400000700 0007080100e0100202c0580a11dfe000 4 -8
79 00000430be154388510a270400200600 000e080100e0100202c0580a11dfe000 4 -8
81 00000430be154388510a270500200400 001c080100e0100202c0580a11dfe000 4 -10000
83 00000030be154388510a270580200400 001c080100e0100602c0580a01dfe000 4 -10000

