Randseed fd1cb23e
#58 1000 1000 0
0 00aa8002aa000aa8002aa000aa8002aa 00002aa800aaa002aa800aaa002aa800 2 1
#56 155 1030 156
2 00b28002aa000aa8002aa000aa8002aa 00002aa800aaa002aa800aaa002ab000 3 -1
#54 802 1038 958
4 00b30002aa000aa8002aa000aa8002aa 00002aa800aaa002aa800aaa002ae000 3 0
#52 439 1060 1435
6 00b20042aa000aa8002aa000aa8002aa 00002aa800aaa002aa800aaa002bc000 3 0
#50 540 1079 2014
8 00b20042aa000aa8002aa000aa8001aa 00002aa800aaa002aa800aaa002f8000 3 0
#48 607 1099 2621
10 00a20442aa000aa8002aa000aa8001aa 00002aa800aaa002aa800aaa003f0000 3 0
#46 505 1124 3126
12 00a00442ba000aa8002aa000aa8001aa 00002aa800aaa002aa800aaa103e0000 3 0
#44 655 1146 3781
14 00a00442ba000aa8002aa000a88041aa 00002aa800aaa002aa800aaa501e0000 3 0
#42 290 1187 4071
16 00a00442ba000aa8002aa400288041aa 00002aa800aaa002aa800aea500e0000 4 1
#42 1484 1116 5555
18 00800442fa000aa8002aa400288041aa 00002aa800aaa002aa800aec500e0000 4 2
#38 862 1188 6417
20 00001442fa000aa8002aa400288041aa 00002aa800aaa002aa800af8500e0000 4 3
#36 1403 1176 7820
22 00001442fc000aa8002aa400288041aa 00002aa800aaa002aa810af0500e0000 4 4
#34 1131 1179 8951
24 00001442fc000aa8042a2400288041aa 00002aa800aaa002aa850ae0500e0000 4 4
#32 557 1218 9508
26 00001443f8000aa8042a2400288041aa 00002aa800aaa002ea8508e0500e0000 4 5
#30 705 1252 10213
28 00001443f8000aa9042a2000288041aa 00002aa800aaa042ea8508e0100e0000 4 4
#28 613 1298 10826
30 00001443f81008a9042a2000288041aa 00002aa800aaa142ea8508e010060000 4 5
#26 472 1361 11298
32 00001443f80108a9042a2000288041aa 00002aa800aaa542ea8508e010020000 4 6
#24 617 1423 11915
34 00001443f84108a9002a2000288041aa 00002aa800aaa542ee8508e010000000 4 6
#22 304 1525 12219
36 00001443f84108a1012a2000288041aa 00002aa800aaa552ee8508e000000000 5 5
#20 692 1608 12911
38 00001443f84108a1012a2000208141aa 00002aa800aaa552eec500e000000000 5 5
#18 480 1734 13391
40 00001443f84108a1012a2000208540aa 00002aa800aab552ee8500e000000000 6 6
#16 1935 1709 15326
42 00001443f8450881012a2000208540aa 00002aa800aab556ee0500e000000000 6 6
#14 1516 1736 16842
44 00001443f8440881013a2000208540aa 00002aac00aab554ee0500e000000000 6 6
#12 1242 1819 18084
46 00001443f8440881003a2004208540aa 00002aac00aaf550ee0500e000000000 6 6
#10 1000 1983 19084
48 00001443f8440881003a2004208550a8 01002aac00aae550ee0500e000000000 6 6
#8 638 2319 19722
50 00000443f8440881003a2104208550a8 01002aac04aac550ee0500e000000000 7 5
#6 519 2919 20241
52 00000443f8440881003a2104208450e8 01002abc04aa8550ee0500e000000000 8 10000
#4 20 4369 20261
54 00000403f8440881103a2104208450e8 01002afc04a88550ee0500e000000000 9 10000
#2 0 8739 20261
56 00000003f8440881103a2104208450f8 01002bfc04a88510ee0500e000000000 10 10000

