Randseed fd1da4ed
#56 1000 1035 0
1 00aa8002aa000aa8002aa000aa8002ac 00002aa800aaa002aa800aaa002aa800 2 0
#54 137 1067 178
3 00aa8002aa000aa8002aa000aa8002b8 00002aa800aaa002aa801aa8002aa800 3 -1
#52 732 1080 910
5 00aa8002aa000aa8002aa000aa8002f0 00002aa800aaa002aa801aa8002ab000 3 -1
#50 379 1108 1289
7 00aa8002aa000aa8002aa000aa8003e0 00002aa001aaa002aa801aa8002ab000 3 -1
#48 378 1138 1667
9 00aa8002aa000aa8002aa000aa8403c0 00002aa001aaa002aa801aa8001ab000 4 0
#46 3727 1026 5394
11 00aa8002aa000aa8002aa000ba840380 00002aa001aaa002aa801aa8011aa000 3 -1
#44 249 1061 5643
13 00aa8002aa000aa8002aa000be840180 00002aa001aaa002aa801aa8410aa000 4 2
#42 1556 1038 7199
15 00aa8002aa000aa8002aa010be840080 00002aa001aaa002ab800aa8410aa000 4 5
#44 1919 903 9118
17 00aa8002aa000aa8002aa050be840000 00002aa001aaa002ab804aa8410a8000 4 6
#40 1690 909 10808
19 00aa8002aa000aa8002aa150be800000 00002aa001aaa002ab8046a8410a8000 4 9
#38 1586 874 12394
21 00aa8002aa000aa8002aa154be000000 00002aa001aaa002ab8042a8410e8000 4 10
#36 960 869 13354
23 00aa8002aa000aa8002aa5543e000000 00002aa000aae002ab8042a8410e8000 4 13
#36 1088 808 14442
25 00aa8002aa000aa8003aa1543e000000 00002aa000aac012ab8042a8410e8000 4 14
#34 949 800 15391
27 00aa8002aa000aa8003a81543e800000 00002aa000aac012ab8040a8410f8000 4 12
#32 1021 786 16413
29 00aa8002aa000aa8003a81503e801000 00002aa000aac012ab8040a8010fc000 4 12
#30 1576 734 17989
31 00aa8002aa000aa8003a81503e001002 00002aa000aa8012ab8040a8010fe000 4 12
#28 1102 707 19091
33 00aa8002aa000aa8003a81503e000006 00002a8004aa8012ab8040a8010fe000 4 12
#26 917 691 20008
35 00aa8002aa000aa8003a81503e00000c 00002a8004aa8011ab8040a8010fe000 4 12
#24 714 689 20722
37 00aa8002aa000aa8003a81503e000018 00002a8000ab8011ab8040a8010fe000 4 12
#22 677 691 21399
39 00aa8002aa000aa8003a81503e000030 00002a0010ab8011ab8040a8010fe000 4 13
#20 701 690 22100
41 00aa8002aa000aa8003a81503e000060 00002a0010af8011ab0040a8010fe000 4 15
#18 956 660 23056
43 00aa8002aa000aa8003a81503e0000c0 00002a0010bf8011aa0040a8010fe000 4 21
#16 656 661 23712
45 00aa8002aa000aa8003a81503e000180 00002a0100bf8011aa0040a8010fe000 4 22
#14 598 670 24310
47 00aa8002aa000aa8003a81503e000300 00001a0100bf8011aa0040a8010fe000 4 25
#12 377 718 24687
49 00aa8002aa000aa8003a81503e100200 00001c0100bf8011aa0040a8010fe000 4 26
#Clearing transposition table 1754026 
51 00aa8002aa000aa8003a81503e180000 00001c0100bf8111aa0040a80107e000 4 27
53 00aa8002aa000aa8003a81507e080000 0000180100ff8111aa0040a80107e000 4 28
55 00aa8002aa000aa8043a81507e000000 0000180100ff8511aa0040a80103e000 4 28
57 00aa8002aa000aa8143a81503e000000 0000180100ff8511aa0440280103e000 4 10000
59 00aa8002aa000aa8541a81503e000000 00001801007f8551aa0440280103e000 4 10000

