Randseed fd29bad9
#56 1000 1035 0
1 00aa8002aa000aa8002aa000aa8002ac 00002aa800aaa002aa800aaa002aa800 2 0
#54 117 1069 117
3 00aa8002aa000aa8002aa000aa81028c 00002aa800aaa002aa800aaa006aa000 3 -1
#54 423 1054 540
5 00aa8002aa040a28002aa000aa81028c 00002aa800aaa002aa800aaa006ac000 3 -1
#52 389 1079 929
7 00aa8002aa040a28002ac000aa81028c 00002ab000aaa002aa800aaa006ac000 3 0
#50 350 1108 1279
9 00aa8002aa040a28002ac000aa91008c 00002ab000aac002aa800aaa006ac000 4 3
#48 1546 1090 2825
11 00aa8002aa040a30002ac000aa91008c 00002ab000a9c002aa800aaa006ac000 4 2
#48 1135 1043 3960
13 00aa8102aa000a30002ac000aa91008c 00002ab000a9c002aa800aaa006cc000 4 3
#46 1035 1043 4995
15 00aa8102aa000a30002ac000a991008c 00002ab000a9c002a6800aaa006cc000 4 4
#44 1148 1038 6143
17 00aa8102aa000a30002ac400a981008c 00002ab000a9c001a6800aaa006cc000 4 5
#44 712 1006 6855
19 00aa8102aa000a300022c500a981008c 00002ab000a9c001c6800aaa006cc000 4 5
#42 609 1025 7464
21 00aa81022a100a300022c500a981008c 00002a7000a9c001c6800aaa006cc000 4 6
#38 325 1116 7789
23 00aa81022a100a300022c400b981008c 00002a700069c001c6800aaa006cc000 5 6
#36 1025 1121 8814
25 00aa810232100a300022c400b981008c 00002a700069c001c6801aaa002cc000 5 6
#36 840 1074 9654
27 00aa810232100a300022c440b980008c 00001a700069c001c6801aaa002cc000 5 6
#36 873 1026 10527
29 00aa810232100a300002c440f980008c 00001a700069c40186801aaa002cc000 5 6
#34 804 1039 11331
31 00aa8102b21008300002c440f980008c 00001a300469c40186801aaa002cc000 5 5
#32 1314 1022 12645
33 00aa8102b21008300002c440f9802084 00000e300469c40186801aaa002cc000 5 5
#30 1018 1022 13663
35 00aa8103b20008300002c440f9802084 00000e300469c40186801b2a002cc000 5 5
#30 578 983 14241
37 00aa8103b20008300002c444f9802080 000006304469c40186801b2a002cc000 5 2
#30 1843 861 16084
39 00ba8103a20008300002c444f9802080 000006304469c40186801b2b000cc000 5 4
#26 462 958 16546
41 00ba8103a20008300002e444f9800080 000006304469c40183801b2b000cc000 5 3
#24 293 1013 16839
43 00ba8103a20008200402e444f9800080 000002304479c40183801b2b000cc000 6 4
#24 1547 884 18386
45 00fa8103820008200402e444f9800080 000002304479c40183801b2b0006c000 6 4
#22 1982 784 20368
47 007a8903820008200402e444f9800080 000002304479841183801b2b0006c000 6 4
#20 665 796 21033
49 007e8803820008200402e444f9800080 000002304479841183901a2b0006c000 6 4
#18 837 792 21870
51 007e8803810008200402e444f9800080 00000230447b841183901a290006c000 6 4
#16 653 809 22523
53 007e880b800008200402e444f9800080 00000230447b841183d01a280006c000 6 4
#14 768 815 23291
55 007ec803800008200402e444f9800080 00000230447b841183f012280006c000 6 4
#12 225 914 23516
57 007f8803800008200402e444f9800080 00000230447b841183f012300006c000 7 3
#Clearing transposition table 1780912 
#12 376 846 23919
59 007f0807800008200402e444f9800080 00000230447b841183f012100206c000 7 2
#12 259 803 24178
61 007f0807800010200402e444f9800080 00000230447b841183f012000207c000 8 3
#10 762 812 24940
63 007f0807800010200402e444f9800100 00000230447b841183f01200000fc000 8 12
65 007f0807800010000403e444f9800100 00000230447b841183f01200001f8000 4 12
67 007f0807800010001003e444f9800100 00000230447b841183f01200003f0000 4 13
69 007f0807800010000003e444fd800100 00000230443f841183f01200003f0000 4 10000
71 007f0807800010000003e444fc810100 00000230443f841183f01201003e0000 4 10000

