Randseed fd2ad5ca
#58 1000 1000 0
0 00aa8002aa000aa8002aa000aa8002aa 00002aa800aaa002aa800aaa002aa800 2 1
#56 145 1030 145
2 00aa8002aa000aa8002aa000aa80029a 00002aa800aaa0032a800aaa002aa800 3 0
#54 581 1047 726
4 00aa8002aa000aa8000aa400aa80029a 000026a800aaa0032a800aaa002aa800 3 0
#52 479 1069 1205
6 00a68002aa000aa8000aa400aa80029a 000026a800aaa0032a800aaa4022a800 3 1
#50 223 1102 1428
8 00a68002aa4002a8000aa400aa80029a 000026a800aa60032a800aaa4022a800 4 3
#48 2854 1029 4282
10 00a68002aa4002a8000aa400aa80428a 000026c800aa60032a800aaa4022a800 4 3
#46 1524 1008 5806
12 00a68002aa4002a80002a500aa80428a 000026c800aa60032a8008aa402aa800 4 3
#44 1776 973 7582
14 00a68002aa5000a80002a500aa80428a 000026c800aa60032a8008a8406aa800 4 5
#42 1225 961 8807
16 00a68002aa5000a80002a100aa90428a 000026c800aa60032a800898406aa800 4 6
#40 823 907 10843
18 00a68002aa5000a80002a100aa905288 000026c800aa600332800898406aa800 4 8
#38 638 922 11481
20 00a68002aa5000a80002a100ab905280 0000268810aa600332800898406aa800 4 8
#36 679 935 12160
22 00a68002aa5000a80002a000ab945280 0000268810aa6003328008984069a800 4 9
#36 439 911 12599
24 00a28042aa5000a80002a000ab945280 0000228850aa6003328008984069a800 4 8
#34 506 935 13105
26 00a28042aa5000a00102a000ab945280 0000228850aa6003328048884069a800 4 9
#34 408 911 13513
28 00a280428a5400a00102a000ab945280 0000228850aa60033080488c4069a800 4 9
#32 640 927 14153
30 00a280428a5400a003028000ab945280 0000228850aa70023080488c4069a800 4 9
#32 558 834 15654
32 00a280428a5400a003028000bb945200 0000208870aa70023080488c4069a800 4 10
#28 435 922 16089
34 00a280428a5400a006028000bb945200 0000208870aa70023080088e4069a800 4 9
#26 550 950 16639
36 00a200528a5400a006028000bb945200 0000208071aa70023080088e4069a800 4 9
#24 507 918 17984
38 00a200528a5400a006008040bb945200 0000208071aa70023084080e4069a800 4 9
#22 410 964 18394
40 00a200528a5500a004008040bb945200 0000208071aa70023084080f4049a800 4 9
#24 292 859 18686
42 00a000528a5500a004008050bb945200 0000208071a871023084080f4049a800 4 8
#22 348 906 19034
44 00a004528a4500a004008050bb945200 0000208071a8710230c4080e4049a800 4 9
#20 238 972 19272
46 00a004528a4500a0040080503b945300 0000208070a8710630c4080e4049a800 5 9
#18 592 1015 19864
48 00a004528a4500a0040080103b945380 0000008470a8710630c4080e4049a800 5 9
#16 271 1108 20135
50 00a004528a4500a0040080103f845380 0000008470a8710630c40a0e4041a800 6 10
#14 687 1168 20822
52 00a004528a4500e0040080103f845180 0000008470b8710620c40a0e4041a800 6 9
#12 250 1321 21072
54 00a004528e4500e0040080103f845080 000000847098710620cc0a0e4041a800 7 9
#10 768 1432 21840
56 002014528e4500e0040080103f845080 000000847098710620cc0b0e0041a800 7 8
#8 265 1723 22105
58 002214528e4500e0040080103f845000 000000847098710620cc1b0e0041a000 8 10000
#6 13 2294 22118
60 002614528e4500e0040080103f844000 000000847098310620cc1b0e0041a800 9 10000
#4 1 3440 22119
62 002e14528e4500e0040080103f804000 000000847098110620cc1b0e0041b800 10 10000
#2 0 6881 22119
64 003e14428e4500e0040080103f804000 000000847098110220cc1b0e0041b804 11 10000

