Randseed fd3ddb54
#58 1000 1000 0
0 00aa8002aa000aa8002aa000aa8002aa 00002aa800aaa002aa800aaa002aa800 2 1
#56 145 1028 199
2 00aa8002aa000aa8002aa000aa8002ac 00002aa800aaa002a8804aaa002aa800 3 0
#54 471 1049 671
4 006a8002aa000aa8002aa000aa8002ac 00002aa800a2a102a8804aaa002aa800 3 0
#52 396 1074 1067
6 006a8002aa000aa8002aa000aa8001ac 00002aa80082a502a8804aaa002aa800 3 0
#50 306 1105 1373
8 006a8002aa000aa8002aa004aa0001ac 00002aa80082a502a8804aaa0032a800 4 2
#48 1846 1074 3219
10 006a8002aa000aa8002aa004aa0041a8 00002a880482a502a8804aaa0032a800 4 2
#46 1957 1035 5176
12 00698002aa000aa8002aa004aa0041a8 00002a880482a102a8904aaa0032a800 4 2
#44 1168 1029 6344
14 00298402aa000aa8002aa004aa0041a8 00002a880482a102a8105aaa0032a800 4 3
#42 1656 1000 8000
16 002985028a000aa8002aa004aa0041a8 00002a081482a102a8105aaa0032a800 4 3
#40 1314 984 9314
18 002985028a000aa8002aa004ae0041a0 00000a0c1482a102a8105aaa0032a800 4 5
#38 965 985 10279
20 002985028a000aa8002aa004ae014180 00000a0c1482a100a8505aaa0032a800 4 7
#36 737 999 11016
22 002985028a000aa8012aa000ae014180 0000120c1482a100a8505aaa0032a800 4 7
#34 525 1027 11541
24 0029850282010aa8012aa000ae014180 0000120c1482a000a8545aaa0032a800 4 8
#32 459 1062 12000
26 0029850282010aa8012aa4002e014180 0000100c5482a000a8545aaa0032a800 4 9
#30 545 1097 12545
28 0029850282014aa8012a84002e014180 0000100c5482a000a8544aaa0072a800 4 10
#28 531 1137 13076
30 0029850282014aa8012a04102e014180 0000300c5402a000a8544aaa0072a800 4 11
#26 731 1168 13807
32 0039840282014aa8012a04102e014180 0000300c55028000a8544aaa0072a800 4 12
#24 580 1217 14387
34 0039841282014aa8002a04102e014180 0000300c55028000a8544aaa00729800 4 14
#22 276 1303 14663
36 0039841282004ae8002a04102e014180 0000300c5502800088544aaa10729800 5 12
#20 590 1374 15254
38 0039841282004ae8002a04102e054080 0000300c5103800088544aaa10729800 5 13
#18 391 1483 15645
40 0039841282004ae8002a05102e054000 0000300c5103800088544aaa10721810 6 17
#16 1164 1523 16809
42 0038841282004af8002a05102e054000 0000300c5103800088544aea10701810 6 18
#14 1674 1502 18483
44 0038041282004bf8002a05102e054000 0000300c5103800088144aeb10701810 6 20
#12 1505 1502 19988
46 0038041282004bf9002a01102e054000 0000300c5103800008144eeb10701810 6 20
#10 997 1603 20985
48 0038041282004bf9002a01102e070000 0000300c5103800008144eeb10701808 6 21
#8 584 1857 21569
50 0038041282004bf9402a01002e070000 0000300c7103000008144eeb10701808 7 21
#6 1423 2002 22992
52 0038041282004bf9c02a01002c070000 0000300c7103000008144eeb10701804 7 10000
#4 30 2989 23022
54 00380412820043f9d02a01002c070000 0000300c7103000008144eeb10701802 8 10000
#2 1 5977 23023
56 00380412821043f9d02801002c070000 0000300c7103000000154eeb10701802 9 10000

