Randseed fd3e52d5
#56 1000 1035 0
1 00aa8002aa0008a8402aa000aa8002aa 00002aa800aaa002aa800aaa002aa800 2 0
#54 149 1068 149
3 00aa8000aa4008a8402aa000aa8002aa 00002aa001aaa002aa800aaa002aa800 3 0
#54 453 1051 603
5 00aa8000aa000ca8402aa000aa8002aa 00002aa001aaa0032a800aaa002aa800 3 0
#52 440 1075 1043
7 00aa8000aa000ca8402aa000a88042aa 00002aa001aaa0032a800aaa006aa000 3 0
#50 641 1092 1685
9 00aa8000aa000ca8402a8004a88042aa 00002aa000aae0032a800aaa006aa000 3 1
#48 567 1112 2290
11 00a88040aa000ca8402a8004a88042aa 00002aa000aae01328800aaa006aa000 3 1
#46 527 1138 2817
13 00a88040aa0004a8c02a8004a88042aa 000026a000aae01328800aaa006aa000 3 1
#44 390 1172 3207
15 00a88040aa0004a8c02b0004a88042aa 000026a000aae01328800aaa005aa000 4 3
#42 1254 1168 4461
17 00a88040aa0000a8c02b0104a88042aa 0000268004aae01328800aaa005aa000 4 3
#40 1075 1173 5536
19 00b08040aa0000a8c02b0104a88042aa 0000270004aae01328800aaa005aa000 4 5
#38 799 1192 6335
21 00708040aa0000a8c02b0104a88042aa 0000270004aae01330800aaa005aa000 4 5
#36 632 1224 6967
23 00708040aa0000c8c02b0104a88042aa 0000260044aae01330800aaa005aa000 4 6
#34 677 1256 7644
25 00308440aa0000c8c02b0104a88042aa 0000220044aee01330800aaa005aa000 4 7
#32 665 1293 8309
27 00308440aa0000c8402b0104a88442aa 0000200044bee01330800aaa005aa000 4 9
#32 376 1269 8685
29 00308440aa0000c8402b0104688442aa 0000000444bee01330800aaa005aa000 5 8
#30 4540 1051 13225
31 00308440aa000048482b0104688442aa 0000000044fee01330800aaa005aa000 4 10
#28 1100 1048 14325
33 00300450aa000048482b0104688442aa 0000000044fee01320840aaa005aa000 4 10
#26 989 1052 15314
35 00300450aa000048482b0100688452aa 0000000044fee01300840aea005aa000 4 12
#24 470 1101 15784
37 00300450aa000048482b0100688412ba 0000000044fee01300841aea001aa000 4 12
#22 390 1165 16175
39 00300450aa000040492b0100688412ba 0000000040ffe01300841aea001aa000 4 12
#20 337 1248 16512
41 00300450aa000040492b0100688411ba 0000000040ffe00700841aea001aa000 5 11
#18 1194 1254 17706
43 00300450aa000040492b0100680411be 00000000407fe00700841aee001aa000 5 11
#14 817 1496 18523
45 00300450aa000040491b0100680411be 00000000407fe00700841cee001aa000 5 14
#12 728 1624 19251
47 00300450aa000040490b0100680411fe 00000000407fe00700a414ee001aa000 5 15
#10 402 1869 19653
49 00300450aa000040090b0100680511fe 00000000407fe80500a414ee001aa000 6 17
#8 523 2206 20176
51 00300450aa0000400a0b0100680511fe 00000000407fe80500a414ee1018a000 7 16
#6 705 2601 21195
53 00300450aa0000400c0b0100680511fe 00000000407fe80500a414fe0018a000 8 10000
#6 236 2523 21431
55 00300440ae0000400c0b0100680511fe 00000000407fe80500a410fe0118a000 9 10000
#4 7 3781 21438
57 003004409e0000400c0b0100680511fe 00000000407fe80500a410fe8110a000 10 10000
#2 0 7562 21438
59 003004409e0000400c0f0100680501fe 00000000407fe80500a014fe8110a000 11 10000

