Randseed fd4c834b
#58 1000 1000 0
0 00aa8002aa000aa8002aa000aa8002aa 00002aa800aaa002aa800aaa002aa800 2 1
#56 150 1030 150
2 00aa8002aa000aa8002aa000aa8001aa 00002aa800aaa002aa800a8a042aa800 3 0
#54 515 1049 666
4 00ab0002aa000aa8002aa000aa8001aa 00002aa800aaa002aa800a8a002ae800 3 0
#52 427 1073 1093
6 00ab0002aa000aa8002aa000aa8001ac 00002aa800aaa002ac800a8a002ae800 3 0
#50 454 1098 1547
8 002b1002aa000aa8002aa000aa8001ac 00002aa800aaa002ac800a8b000ae800 3 0
#48 322 1130 1869
10 002a1042aa000aa8002aa000aa8001ac 00002aa800aaa002b8800a8b000ae800 4 2
#46 2468 1072 4337
12 002a1042aa000aa8002aa000ab0001ac 00002aa800aaa002b8800a89004ae800 4 4
#44 1531 1051 5868
14 002a1042aa000aa8002aa000ab0400ac 00002aa001aaa002b8800a89004ae800 4 5
#42 1033 1052 6901
16 002a1042aa000aa8002aa000a30500ac 00002aa001aaa002b8800889404ae800 4 7
#40 753 1067 7654
18 00281042aa010aa8002aa000a30500ac 00002a8005aaa002b8800889404ae800 4 7
#40 826 1026 8480
20 00281042aa014aa0002aa000a30500ac 00002a8005aaa102b0800889404ae800 4 8
#38 343 1061 8823
22 00201142aa014aa0002aa000a30500ac 00002a8005aaa102b0800885404ae800 5 6
#36 2265 995 11088
24 00201142ba014a80002aa000a30500ac 00002a81058aa102b0800885404ae800 5 7
#34 1621 958 12710
26 00201142ba054a00002aa000a30500ac 00002a81058aa102b0800885404a7800 5 8
#32 1680 913 14390
28 00201142fa014a00002aa000a30500ac 00002a81058aa102b0c00884404a7800 5 9
#30 1093 901 15483
30 00001542fa014a00002aa000a30500ac 00002a81058aa103b0c00084404a7800 5 9
#28 1370 867 16853
32 00001542fa014a00002aa400230500ac 0000228105aaa103b0c00084404a7800 5 10
#28 1787 740 18640
34 00001542fa014a00002ca400230500ac 0000228105aaa103b0c0028440427800 5 9
#26 2628 594 21268
36 00001542fa014a00003ca000230500ac 0000228105aaa103b0c0028240427800 4 11
#26 333 569 21601
38 00001542fa014a00003ca1002305002c 0000228005aaa503b0c0028240427800 4 12
#22 262 648 21863
40 00001542fa014a004038a1002305002c 0000228001aaa513b0c0028240427800 4 14
#20 419 671 22282
42 00001542fa014a004038a10023050038 0000228001aa2533b0c0028240427800 4 15
#18 599 679 22881
44 00001542fa104a004038a10023050038 0000228001ab2523b0c0028240427800 4 17
#14 336 826 23217
46 00001542fe104a004018a10023050038 0000228001ab2523b0c0028250407800 4 17
#12 234 924 23451
48 00000542fe504a004018a10023050038 0004220001ab2523b0c0028250407800 5 16
#10 198 1070 23649
50 00000442fe504a004018a10023070038 0004220000ab2527b0c0028250407800 6 18
#8 647 1176 24296
52 00000442fe504a004018a11022070038 0000228000ab2527b0c0028250407800 6 21
#6 327 1459 24623
54 00000443fe5042004018a11022070038 00002284002b2527b0c0028250407800 7 10000
#4 17 2180 24640
56 00000443fe5042004018a11022078030 0000028400ab2527b0c0028250407800 8 10000
#2 1 4359 24641
58 00000443fe5042004018a11026078020 0000028400ab2527b0c0068210407800 9 10000

