Randseed fd4d008c
#56 1000 1035 0
1 00aa8002aa000aa84022a000aa8002aa 00002aa800aaa002aa800aaa002aa800 2 0
#54 140 1067 177
3 00aa8002aa000aa84022a0008a8402aa 00002aa800aaa000aac00aaa002aa800 3 -1
#52 320 1096 497
5 00ab0002aa000aa84022a0008a8402aa 00002aa800aaa000aac00aaa4022a800 4 0
#50 2272 1049 2769
7 00ab0002b2000aa84022a0008a8402aa 00002aa800aaa000aa800eaa4022a800 4 1
#50 2186 961 4955
9 00ab0002b2000aa84022a0008a8402ca 00002aa001aaa000aa800eaa4022a800 4 2
#48 1769 928 6724
11 00ab0002b24002a84022a0008a8402ca 00002aa001aaa000aa900eaa0022a800 4 2
#46 1297 912 8022
13 00ab0002b24002a84021a0008a8402ca 00002aa000aae000aa900eaa0022a800 4 4
#44 986 908 9008
15 00ab0002b24002a84021a0008a8402cc 00002aa000a8e040aa900eaa0022a800 4 4
#42 727 917 9735
17 00ab0002b24002a04121a0008a8402cc 00002aa10088e040aa900eaa0022a800 4 5
#42 652 886 10387
19 00ab1002b20002a04121a0008a8402cc 00002aa10088e040aa900e8a0422a800 4 6
#40 533 904 10920
21 00ab1002b20002a04121a010888402cc 00002aa10088e040aa900e8a0422b000 4 7
#38 482 926 11402
23 00ab1002b20002a04121a010089402cc 00002aa10088e000ae900e8a0422b000 4 7
#36 381 956 11783
25 00ab1002b20002a04121a010089442c8 00002aa10088c010ae900e8a0422b000 4 8
#34 452 986 12235
27 00ab1002321002a04121a010089442c8 00002aa10088c010a6904e8a0422b000 4 9
#34 317 967 12552
29 00a71002321002a04121a010089442c8 00002aa10088c010a6904e8c0422b000 5 9
#32 2189 891 14742
31 00a71002321002c04121a010089442c8 00002aa10088c010a6904e8c0522a000 5 9
#30 2221 802 16963
33 00a71002321002c04121a01008944388 00002aa10088c010a6105e8c0522a000 5 10
#28 2796 660 19759
35 00a39002321002c04121a01008944388 00002aa10088c010a2105e8c0722a000 4 13
#26 417 678 20176
37 00a39002321002c04121a01028844388 00002aa10080c110a2105e8c0722a000 4 13
#26 333 653 20509
39 00a39002323002c00121a01028844388 00000aa50080c110a2105e8c0722a000 4 15
#24 236 687 20745
41 00a39012303002c00121a01028844388 00000aa100c0c110a2105e8c0722a000 4 17
#24 255 666 21000
43 00a39012303002c80121801028844388 00000aa100c0c110a2105e0c1722a000 4 17
#22 271 702 21271
45 00c39012303002c80121801028844388 00000aa10040c910a2105e0c1722a000 4 18
#20 333 739 21604
47 00c39012303002c90101801028844388 00000aa10040c910a2107e081722a000 4 18
#18 198 799 21802
49 00c39012303002c90101801028045388 00000aa10440c910a2106e081722a000 5 16
#16 329 858 22131
51 00c39012303042c90001801028045388 00000ae104408910a2106e081722a000 5 17
#16 269 825 22400
53 00c39012303042c9000180102804138c 00000be104408910a2106e0817222000 6 18
#12 632 994 23032
55 00c39012301043c9000180102804138c 00000be104408810e2106e0817222000 6 19
#10 571 1079 23603
57 00c39012301043ca000180102804138c 00000be104408810c2106e0917222000 6 19
#8 507 1222 24110
59 00c39012201443ca000180102804138c 00000be10440881182106e0917222000 6 19
#6 181 1569 24292
61 00c39012201443ca00018010080413cc 00000fe10440881182106e0917220000 7 10000
#4 17 2345 24309
63 00c39012221443c200018010080413cc 00000fe10460881182106e0917020000 8 10000
#2 1 4690 24310
65 00839016221443c200018010080413cc 00000fe10460881182106f0817020000 9 10000

