Randseed fd5b05bf
#58 1000 1000 0
0 00aa8002aa000aa8002aa000aa8002aa 00002aa800aaa002aa800aaa002aa800 2 1
#56 142 1030 142
2 00aa8002aa000aa8002aa000aa8001aa 00002aa800a2a102aa800aaa002aa800 3 0
#54 644 1044 786
4 00ab0002aa000aa8002aa000aa8001aa 00002aa800a2b100aa800aaa002aa800 3 0
#52 654 1002 2942
6 00ab0002aa000aa8002aa000aa8011a8 00002aa001a2b100aa800aaa002aa800 3 0
#50 466 1023 3408
8 00ab01028a000aa8002aa000aa8011a8 00002aa001a2b100aa800aaa1028a800 3 1
#48 337 1052 3745
10 00ab05020a000aa8002aa000aa8011a8 00002aa001a2b000aa840aaa1028a800 4 4
#46 1958 1012 5703
12 00aa05420a000aa8002aa000aa8011a8 00002aa001a2b000ac840aaa1028a800 4 4
#44 2047 965 7750
14 00aa05420a000ca8002aa000aa8011a8 00002aa001a2b000ac840aab1008a800 4 5
#42 1456 942 9206
16 00a805420e000ca8002aa000aa8011a8 00002aa001a1b000ac840aab1008a800 4 6
#40 1926 893 11132
18 00a805420e000c68002aa000aa8011a8 00002a2011a1b000ac840aab1008a800 4 6
#40 906 848 12038
20 00a805020e004c68002aa000aa8011a8 00002a2011e1a000ac840aab1008a800 4 5
#38 851 847 12889
22 00a805020e004c68002aa4002a8011a8 00002a2011e1a000ac841aa91008a800 4 8
#38 338 830 13227
24 00a805020e004c68002aa4002a8051a0 00002a2011e1a000ac9418a91008a800 4 9
#36 314 858 13541
26 00a805020e004c68002a24102a8051a0 00002a2011e1a000b89418a91008a800 4 10
#34 334 889 13875
28 00a805020e004c68002225102a8051a0 00002a2011e1a000b89418891408a800 4 11
#32 302 926 14177
30 00a805020e004c68002225002b8051a0 00002a2010e1a004b89418891408a800 5 9
#30 1194 908 15371
32 00a805020e004c68002025402b8051a0 00002a2010e1a004f89418890408a800 5 9
#30 3034 706 18406
34 00a805020e004c68002027400b8051a0 00002a2010e1a004f89418890410a800 4 12
#26 238 796 18644
36 00a805020e004c68002027400b8050e0 00002a2010e1a204f89418090410a800 5 10
#28 665 692 19309
38 00a805020e004c69002026400b8050e0 00002a4010e1a204f89418090410a800 5 10
#26 724 689 20033
40 00a805020e004c69002026400b815060 00002a4010e1a204f89418098400a800 5 10
#22 748 747 20781
42 00a805020e004c69002026600b815020 00002ac000e1a204f89418098400a800 5 13
#20 1145 707 21926
44 00a815000e004c69002026600b815020 00002ac000e1a204f894180984008804 5 12
#18 642 714 22568
46 00a815000e004c69002026640b814020 00002ac000e1a204f894580184008804 5 13
#18 670 640 23238
48 00a8150006004c69012026640b814020 00002a4008e1a204f894580184008804 5 13
#18 248 612 23486
50 00a8150006004869012027640b814020 00002a0008e1a214f894580184008804 5 13
#16 288 653 23774
52 00a8150006004069012027e40b814020 00002a0008f1a214f890580184008804 5 13
#14 245 711 24019
54 00a8150006004068012027f40b814020 00000a0408f1a214f890580184008804 5 15
#12 224 792 24243
56 00a8150006004068032027f40b814000 00000a0508f1a214f090580184008804 6 17
58 00e8050006004068032027f40b814000 0000080548f1a214f090580184008804 4 17
60 00e8050006004068072027f40b810000 0000080148f9a214f090580184008804 4 17
62 00e8052006004028072027f40b810000 0000000168f9a214f090580184008804 4 17
64 00e8056006004008072027f40b810000 0000000168f98214f090580384008804 4 10000
66 00e805e006004008072027f40b800000 0000000178f98204f090580384008804 4 10000

