Randseed fd5bd829
#56 1000 1035 0
1 00aa8002aa000aa8002aa000aa8002ca 00002aa800aaa002aa800aaa002aa800 2 1
#54 151 1015 1583
3 00aa8002aa000aa8002aa000aa8002cc 00002aa800aaa002aa800aaa002ab000 3 0
#54 339 1002 1922
5 00aa8002aa000aa8002aa000aa84028c 00002aa800aaa002aa800aaa002a7000 3 0
#52 411 1025 2333
7 00aa84022a000aa8002aa000aa84028c 00002aa800aaa002aa800aaa012a6000 3 1
#50 330 1053 2663
9 00aa84020a040aa8002aa000aa84028c 00002aa800aaa002aa800aac012a6000 4 3
#48 3477 952 6140
11 00aa84020a040aa80022a100aa84028c 00001aa800aaa002aa800aac012a6000 3 1
#46 254 982 6394
13 00aa84020a000ba80022a100aa84028c 00001aa800aaa002aa800aac011a6000 4 3
#44 1859 943 8254
15 00aa84020a0009a81022a100aa84028c 00001a6800aaa002aa800aac011a6000 4 5
#44 788 907 9042
17 00aa84020a0009a81022a1006a84028c 00001a68006aa002aa800aac011a6000 4 6
#42 588 922 9630
19 00ac84020a0009a81022a1006a84028c 00001a70006aa002aa800aac011a6000 4 8
#40 760 930 10390
21 00ac84020a0009a91002a1006a84028c 00001a70006ac002aa800aac011a6000 4 8
#38 668 944 11058
23 00ac84020a0009a9140221006a84028c 00001a70006ac002ab000aac011a6000 4 10
#36 322 978 11380
25 00ac84020a0009b9100221006a84028c 00001a70006ac002ab000aac11186000 5 9
#34 882 984 12262
27 00b884020a0009b9100221006a84028c 00001a30046ac002ab000aac11186000 5 11
#32 1452 955 13714
29 00b884020a0009f1100221006a84028c 00001a300469c002ab000aac11186000 5 11
#30 1489 919 15203
31 00f880020a0009f1100221006a84028c 00001a300469c002ab000aec01186000 5 12
#30 1889 793 17092
33 00f880020a000be1100221006a84028c 00001a300469c0028b040aec01186000 5 11
#28 2155 696 19247
35 00f880020a000be1100221006684028c 00001a300469c0028b0406ec01186000 4 14
#28 399 632 20143
37 00f880020a000fc1100221006684028c 00001a300469c0028b0406ec81106000 4 14
#22 206 786 20349
39 00f880020a000fc0500221006684028c 00001a300469c0028b1406ec81006000 5 14
#20 2174 647 22523
41 00f084020a000fc0500221006684028c 00001a300469c0028b1c06ec01006000 4 16
#18 708 641 23231
43 00f084020a000fc0500221006484828c 00000a310469c0028b1c06ec01006000 4 17
#16 408 670 23639
45 00f090020a000fc0500221006484828c 000002310479c0028b1c06ec01006000 4 17
#14 283 725 23922
47 00f0900209000fc0500221006484828c 000002310479c0028b1c46ec01002000 4 17
#12 341 705 24769
49 00f0900209020fc0500021006484828c 000002310479c0028b1c42fc01002000 4 16
51 00f0900209020fc05000210064848298 000002210479c0128b1c42fc01002000 4 17
53 00f0900209020fc05000210060858298 000002210478c0138b1c42fc01002000 4 17
55 00f0900209020fc05000200060858398 000002210478c0138b1d42fc01000000 4 17
57 00f09002190207c05000200060858398 000002204478c0138b1d42fc01000000 4 10000

