Randseed fd6a8998
#58 1000 1000 0
0 00aa8002aa000aa8002aa000aa8002aa 00002aa800aaa002aa800aaa002aa800 2 1
#56 70 1025 276
2 00aa8002aa000aa8002aa000aa80029a 00002aa800aaa002aa800aaa002ab000 3 -1
#54 642 1040 918
4 00aa8002aa000aa8002aa000aa80019a 00002aa800aaa002aa800aaa002cb000 3 -1
#52 295 1068 1213
6 00aa8002aa000aa8002aa000a680019a 00002aa800aaa002aa800aaa002ce000 4 0
#50 1928 1034 3141
8 00ab0002aa000aa8002aa000a680019a 00002aa800aaa002aa800aaa012c6000 4 0
#48 1631 1009 4772
10 00aa0042aa000aa8002aa000a680019a 00002aa800aaa002aa800aba012c2000 4 0
#46 1873 971 6645
12 00a20142aa000aa8002aa000a680019a 00002a2810aaa002aa800aba012c2000 4 0
#44 1728 937 8373
14 00a20042ea000aa8002aa000a680019a 00002a2810aaa002aa800abe012c0000 4 0
#44 1445 871 9818
16 00a20442ca000aa8002aa000a680019a 00002a2810aaa002aa804abe002c0000 4 0
#42 1519 841 11337
18 00221442ca000aa8002aa000a680019a 00002a2810aaa002ab804abc002c0000 4 -1
#44 1242 746 12580
20 00021443ca000aa8002aa000a680019a 00002a2810aaa002ab004afc002c0000 4 0
#42 691 749 13271
22 00001443ce000aa8002aa000a680019a 00002a2810aaa002ab014a7c002c0000 4 0
#40 1658 703 14930
24 00001443ce000aa8002aa0006680019a 00002a2810aaa012ab014a3c002c0000 4 0
#40 695 668 15625
26 00001403ce004aa8002aa0006680019a 00002a2810aa2012bb014a3c002c0000 4 0
#38 801 661 16426
28 00001403ce004aa8002a90006680019a 00002a2810aa2052bb014a38002c0000 4 -2
#36 897 648 17323
30 00001403ce004aa8002a90006280419a 00002a2810aa2052fa014a38002c0000 4 -3
#34 1026 626 18349
32 00001403ce004aa9000a90006280419a 00002a2810aa2442fa014a38002c0000 4 -4
#32 719 593 19511
34 00001403ce404aa8000a90006280419a 00002a2810aa2443f8014a38002c0000 4 -5
#30 664 588 20175
36 00001403ce404aa8000aa0006280419a 00002a2810aa2543f8010a38002c0000 4 -6
#28 686 581 20861
38 00001403ce404aa8000aa000628040da 0000292810aa2543f8010a38002c0000 4 -8
#24 920 601 21781
40 00001403c6404ab8000aa000628040da 000029a810aa2543f8010a30002c0000 4 -9
#22 456 614 22237
42 00001403c2404ab8010aa000628040da 000029e810aa2543f8010a20002c0000 4 -9
#20 279 648 22516
44 00001403c2404ab8010aa000620050da 000029e810aa2543f8110a00002c0000 4 -9
#18 325 684 22841
46 00001403c2404ab8010aa100220050da 000029e810aa2543f8110a00001c0000 4 -10
#18 294 651 23135
48 00001403c2404ab8050a8100220050da 000029e810aa2541f8110a00401c0000 4 -10
#16 148 714 23283
50 00001403c2404ab8040a8110220050da 000029f8108a2541f8110a00401c0000 5 -11
#14 149 714 23999
52 00001403c2404ab8040a8110220070d8 000029f8118a2141f8110a00401c0000 6 -9
#12 383 769 24382
54 00001403c2444a38040a8110220070d8 004021f8118a2141f8110a00401c0000 6 -9
56 00000403e2444a38040a8110220070d8 004021f8118a0141f8110e00401c0000 4 -9
58 00000403e2444a38040e8110020070d8 004021f8118a0143f8110e0040180000 4 -9
60 00000403e2444a38040e8050020070d8 004021f8118a1143f8110e0040080000 4 -9
62 00000403e2444a38040e8070020060d8 004021fc118a1143f8110e0040000000 4 -9
64 00000403e2544238040e8070020060d8 004031fc108a1143f8110e0040000000 4 -10000
66 00000403e254423804068070020060f8 004039f4108a1143f8110e0040000000 4 -10000

