Randseed fd6b43de
#56 1000 1035 0
1 00aa8002aa000aa8002aa000aa8002ac 00002aa800aaa002aa800aaa002aa800 2 0
#54 83 1066 192
3 00aa8002aa000aa8002aa000aa8002b8 00002aa800aaa002aa800aab000aa800 3 -1
#52 648 1083 840
5 00aa8002aa000aa8002aa000aa804298 00002aa001aaa002aa800aab000aa800 3 -1
#50 429 1109 1269
7 00aa8002aa000aa8002aa000ae804288 00002aa001aaa002aac00aaa000aa800 3 -2
#48 746 1124 2015
9 00aa8002aa000aa8002aa000af804280 00002aa001aaa000aac00eaa000aa800 3 -1
#48 442 1105 2457
11 00aa8002aa000aa8002aa000af844200 00002aa001aaa000aa800eaa400aa800 3 -2
#46 430 1135 2887
13 00aa8002aa000aa8002aa000bf044200 00002aa000aaa004aa800eaa400aa800 3 -3
#44 405 1168 3292
15 00aa8000aa400aa8002aa000bf044200 00001aa000aaa004aa800eaa400aa800 3 -3
#42 177 1215 3469
17 00aa8000aa400aa8002aa010be044200 00001ac000aaa004aa800eaa400aa800 4 -1
#40 1818 1185 5288
19 00aa8000aa400aa8002ac010be044200 00001ac000aaa004aa9006aa400aa800 4 -1
#40 1462 1112 6750
21 00aa8000aa400aa8042a8010be044200 00001ac000aaa404aa9006aa4002a800 4 -2
#36 2386 1103 9136
23 00aa8000aa400aa8042a8010be144000 00001b8000aaa404aa9006aa4002a800 4 -2
#34 1564 1076 10700
25 00aa8000aa410aa8042a8010be140000 00001b8000aaa404aa9006a24102a800 4 -2
#32 1207 1068 11908
27 00aa8000ac410aa8042a8010be140000 00001f0000aaa404aa9006a24102a800 4 -3
#30 1812 1018 13720
29 00aa8040a8410aa8042a8010be140000 00001e0040aaa404aa9006a24102a800 4 -4
#30 1657 908 15377
31 00aa8040a8410aa8042c8010be140000 00001e0040aaa414a89006a24102a800 4 -4
#28 1396 873 16773
33 00aa8040a8410aa8042c8010fe100000 00001e0040aaa414a89007a20102a800 4 -4
#26 505 901 17278
35 00aa8040a8410aa844288010fe100000 00001e0040aaa414a89007a20002e800 4 -4
#26 406 870 17685
37 00aa8040a8510aa844208010fe100000 00001e0040aaa514889007a20002e800 4 -4
#26 234 852 17919
39 00aa804028510aa864208010fe100000 00001e0140aaa514889007220002e800 5 -5
#26 980 776 18900
41 00a8804028510ae864208010fe100000 00001e0140aea414889007220002e800 5 -5
#24 507 799 19407
43 00a8804028410ae874208010fe100000 00001e0140aca414889007a20002e800 5 -5
#20 269 932 19676
45 00a88040384108e874208010fe100000 00000e0140aca414889007e20002e800 6 -3
#18 760 951 20436
47 00a88140384108e834208010fe100000 00000e0140a8a414889107e20002e800 6 -3
#20 547 801 20983
49 00b88100384108e834208010fe100000 00000e0340a0a414889107e20002e800 6 -3
#18 407 845 21390
51 00f88100384108e814208010fe100000 00000e0340a0e414881107e20002e800 6 -3
#16 178 928 21569
53 00f88100384108e806208010fe100000 00000e0700a0e414881107e20002e800 7 -4
#14 602 975 22171
55 00f881003841086807208010fe100000 00000e0700a0e404889107e20002e800 7 -4
#6 220 2203 22391
57 00f881003c41082807208010fe100000 00000e070020e40488910fe20002e800 8 -3
#12 284 1054 22675
59 00f881003e41082007208010fe100000 00000e030020e40488910fe30002e800 9 -4
#10 657 1133 23332
61 00f881103e41082006208010fe100000 00000c030020e40488910fe30022e800 9 -4
#8 1073 1148 24405
63 01f881103e41082004208010fe100000 00000c030020640488911fe30022e800 9 -10000
#4 535 2030 24940
65 01f891103e41082004208010fe000000 00000c010020640488911fe30022ec00 10 -10000
#2 4 4056 24944
67 01f891123e410820042080107e000000 000008010020640488911fe30032ec00 11 -10000
#2 0 4056 24944
69 01f891123e410821042080103e000000 000000010020640488911fe3003aec00 12 -10000

