Randseed fd79dc50
#58 1000 1000 0
0 00aa8002aa000aa8002aa000aa8002aa 00002aa800aaa002aa800aaa002aa800 2 1
#56 148 1030 148
2 00ab0002aa000aa8002aa000aa8002aa 00002aa800aaa002aa800aaa006aa000 3 0
#54 490 1050 638
4 00ab0002aa000aa8002aa000aa8002ac 00002aa800aaa002aa801aaa002aa000 3 0
#52 408 1075 1046
6 00aa0042aa000aa8002aa000aa8002ac 00002aa800aaa002aa801aaa012a8000 3 0
#50 338 1104 1385
8 00aa0042aa000aa8002aa004aa0002ac 00002aa800aaa002aa805aaa002a8000 4 1
#48 3903 987 5289
10 00aa0042aa000aa8012aa000aa0002ac 00002aa800aaa002aa805aaa042a0000 3 0
#46 237 1020 5526
12 00aa0042aa000aa8012aa000aa0042a8 00002aa800aaa002aa805aba002a0000 4 1
#44 4302 871 9828
14 00a80042ba000aa8012aa000aa0042a8 00002aa800aaa002aa805aba10280000 3 0
#42 494 889 10322
16 00a80042ba000aa8010aa400aa0042a8 00002aa800aaa002aa805afa00280000 3 0
#40 372 915 10694
18 00a00142ba000aa8010aa400aa0042a8 00002aa800aaa002aa805afa40200000 3 1
#40 507 889 11201
20 00a00142ba000ab8010a8400aa0042a8 00002aa800aaa002aa805bfa00200000 3 -1
#38 554 907 11755
22 00a00142ba000ab8010a8400aa044228 00002aa800aaa002aa805bfb00000000 3 -1
#36 344 938 12100
24 00a00142ba4002b8010a8400aa044228 00002aa800aaa002aac05bfa00000000 3 -1
#36 258 924 12358
26 00201142ba4002b8010a8400aa044228 00002aa9008aa002aac05bfa00000000 4 2
#34 1187 904 13620
28 00001542ba4002b8010a8400aa044228 00002aa9008aa002aac07bf800000000 4 1
#32 1250 883 14870
30 00001542ba5000b8010a8400aa044228 00002aa9008aa002aac479f800000000 4 2
#30 1488 842 16358
32 00001542ba5000b841028400aa044228 00002aa9008aa002aac578f800000000 4 3
#28 362 877 16720
34 00001542ba5000b841028400aa144028 00002aa9008aa003aac570f800000000 4 3
#26 332 919 17052
36 00001502fa5000b841028400aa144028 00002aa9008aa043aa4570f800000000 4 2
#28 1105 774 18157
38 00001502fa50409841028400aa144028 00002aa9048a2043aa4570f800000000 4 -1
#24 594 854 18751
40 00001502fa5040b840028400aa144028 00002aa9058a0043aa4570f800000000 4 0
#22 609 876 19360
42 00001502f85140b840028400aa144028 00002ab9018a0043aa4570f800000000 4 0
#20 590 905 19950
44 00001502f85102b840028400aa144028 00000abd018a0043aa4570f800000000 4 1
#18 434 957 20384
46 00001502f85102b840028000ea144028 00000abd018a1043aa0570f800000000 4 1
#16 364 1031 20748
48 00001502f85102b840028000ea154008 00000ab9018a1443aa0570f800000000 4 2
#18 377 875 21125
50 00001502f85102b840028000fa144008 00000ab9012a1443aa0570f800000000 4 -3
#16 138 967 21263
52 00001502f85502b040028000fa144008 00000ab9012a0443aa1570f800000000 5 -4
#14 107 1090 21370
54 00001502f85502b044020000fa144008 001008b9012a0443aa1570f800000000 6 -3
#12 300 1221 21670
56 00001502f85502b050020000fa144008 001008f9002a0443aa1570f800000000 7 0
#4 315 3507 21985
58 00001402f85502b0500a0000fa144008 005008f9002a0443aa0570f800000000 8 1
#2 455 6560 22440
60 00001402f85502b050080100fa144008 005408f1002a0443aa0570f800000000 9 0

