Randseed fd7a56ea
#56 1000 1035 0
1 00aa8002aa000aa8002aa000aa8012a8 00002aa800aaa002aa800aaa002aa800 2 0
#54 125 1066 200
3 00aa8002aa000aa8002aa004aa8002a8 00002aa800aaa000aac00aaa002aa800 3 -1
#52 684 1081 884
5 00aa8002aa000aa8002aa004aa8042a0 00002ca800aaa000aac00aaa002aa800 3 -1
#50 363 1110 1247
7 00aa8002aa000aa8002aa004ab8002a0 000038a800aaa000aac00aaa002aa800 4 0
#48 2253 1062 3500
9 00aa8002aa000aa8002aa004ab810280 000038a800aaa000aa800aab002aa800 4 1
#46 2355 1006 5855
11 00aa8002aa000aa8002aa004af800280 000038a800aaa000aa8002ab003aa800 4 3
#46 1972 920 7827
13 006a8002aa000aa8002aa004af800280 000038a800aaa000aa8002aa003ea800 4 3
#44 2768 836 10595
15 002a8402aa000aa8002aa004af800280 000038b000aaa000aa8002aa003ea800 3 1
#42 301 862 10896
17 000a8403aa000aa8002aa004af800280 000038b000aaa000aa8002aa003f2800 3 0
#44 135 816 11031
19 000a8003aa400aa8002aa004af800280 000038e000aaa000aa8002aa003f2800 4 1
#42 776 818 11807
21 000a8003aa400aa8002aa0049f800280 000038e000aaa000aa8000aa403f2800 4 1
#42 974 772 12781
23 00028103aa400aa8002aa0049f800280 000038e000aaa000aa8000aa003fa800 4 2
#40 831 769 13612
25 00028003ea400aa8002aa0049f800280 000038e000aaa000aa8000a8007fa800 4 3
#38 727 771 14339
27 00018003ea400aa8002aa0049f800280 000038e000aaa000aa8000a8003fb800 4 4
#38 461 747 14800
29 00008013ea400aa8002aa0049f800280 000038e000aaa000aa8000a8003ff000 4 4
#38 1007 694 15807
31 00008013ea400aa0012aa0049f800280 000038e000aac000aa8000a8003ff000 4 6
#36 749 691 16557
33 00008013ea400aa0012aa4041f800280 0000386004aac000aa8000a8003ff000 4 5
#36 786 607 18067
35 00008013ea400aa04122a4041f800280 00003860048ac400aa8000a8003ff000 4 5
#36 564 576 18631
37 00008013ca500aa04122a4041f800280 00003860048ac404aa0000a8003ff000 4 6
#34 433 584 19064
39 000080138a500ba04122a4041f800280 00003860048ac005aa0000a8003ff000 4 6
#34 575 550 19639
41 000080138a500ba0412224141f800280 00003860048ac015a80000a8003ff000 4 6
#34 211 538 19850
43 000080138a500ba0412024541f800280 00003860048ac015980000a8003ff000 4 6
#34 251 523 20101
45 000080138a500ba0413020541f800280 00003860048ac055880000a8003ff000 4 6
#30 190 580 20291
47 000080138a500ba0433020141f800280 00003860048ac057080000a8003ff000 5 6
#28 623 577 20914
49 000080138a500ba0473020041f800280 00003860048ac057080040a0003ff000 5 5
#26 284 600 21198
51 000080138a500ba0471820041f800280 00003820048bc057080040a0003ff000 5 4
#26 283 578 21481
53 000080138a500ba0470821041f800280 00003820048fc047080040a0003ff000 5 3
#26 157 566 21638
55 0001801388500ba0470821041f800280 00003024048fc047080040a0003ff000 6 4
#22 435 629 22073
57 0001802388500ba0470821041f800280 00003004048fc047080140a0003ff000 6 5
#20 489 643 22562
59 0001006388500ba0470821041f800280 00003004008fc047080140e0003ff000 6 5
#18 194 693 22756
61 0000006398500ba0470821041f800280 00003004008fe043080140e0003ff000 7 5
#16 296 743 23052
63 00000043b8500ba0470821041f800280 00003004008fe0430801c060003ff000 7 8
#14 259 812 23311
65 00000103b8500ba0470821041f800280 00003004408fe0430801c020003ff000 8 10
#12 855 805 24166
67 00080103b0500ba0470821041f800280 00003204408fe0430801c000003ff000 8 13
#10 391 888 24557
69 00180103a0500ba0470821041f800280 00003604408fe04308018000003ff000 8 15
#8 338 1026 24895
71 00080103b0500ba0470821041f800280 00003e04408fc04308018000003ff000 9 10000
#6 59 1348 24954
73 00000103b8500ba0470821041f800280 00003e04408fd04208018000003ff000 10 10000
#4 7 2019 24961
75 00000003bc500ba0470821041f800280 00003e04408fd04208018001003fe000 11 10000
#2 0 4039 24961
77 000000039e500ba0470821041f800280 00003e04408fd04208018801003fc000 12 10000

