Randseed fd889eba
#58 1000 1000 0
0 00aa8002aa000aa8002aa000aa8002aa 00002aa800aaa002aa800aaa002aa800 2 1
#56 115 1031 119
2 00aa8002aa000aa8002aa000aa8001aa 00002aa800aaa0022a900aaa002aa800 3 0
#54 436 1024 1334
4 00aa8002aa000aa8002aa000aa8001ac 00002aa800aaa0020a940aaa002aa800 3 0
#52 438 1019 2503
6 006a8002aa000aa8002aa000aa8001ac 00002ca800aaa0020a940aaa002aa800 3 0
#50 291 1048 2794
8 006a8002aa000aa8002aa4002a8001ac 00002ca800ab20020a940aaa002aa800 4 2
#48 4908 887 7702
10 006a8002aa040a28002aa4002a8001ac 00002ca8002b30020a940aaa002aa800 3 1
#48 295 875 7998
12 00688042aa040a28002aa4002a8001ac 00002c98002b30020a940aaa002aa800 3 0
#46 371 897 8369
14 00688042ba000a28002aa4002a8001ac 00002c98002b30020a940aac002aa800 3 1
#46 211 887 8580
16 00608142ba000a28002aa4002a8001ac 00042c18002b30020a940aac002aa800 4 4
#44 1175 874 9755
18 00608141ba000a28002aa4002a8001ac 00042c18001b30020a940aac002aa800 4 4
#42 898 873 10653
20 00608141ba000a28002aa4002a8041a8 00042c18001b300202950aac002aa800 4 4
#42 851 833 11504
22 00608141ba000a28012a84002a8041a8 00042c18001b300202950aa8012aa800 4 4
#40 306 859 11810
24 00608141ba000a28012a84102a8041a0 00022c18001b300202950aa8012aa800 4 6
#38 235 892 12045
26 00608141ba000c28012a84102a8041a0 00022c18001b300202950aa8011aa800 5 5
#38 833 848 12878
28 00608141ba000c28012285102a8041a0 00022c18001b300202910ae8011aa800 5 5
#36 873 847 13751
30 00610141ba000c28012285102a8041a0 00022c18001b300202910ae8011b2800 5 6
#34 953 840 14704
32 00610141ba000c28012285102a8440a0 00022c18001b300602110ae8011b2800 5 7
#32 934 835 15638
34 00610041fa000c28012285102a8440a0 00042c18001b300602110ae8011b2800 5 7
#32 1316 752 16954
36 00610041f8004c28012285102a8440a0 00042c18001b300602110ae8011b3000 5 7
#30 895 743 17849
38 00610041f8004c28012485102a8440a0 00082c18001b300602110ae8011b3000 5 8
#28 1231 708 19080
40 00310041f8004c28012485102a8440a0 00002d18001b300602110ae8011b3000 5 11
#26 724 707 19804
42 00110241f8004c28012485102a8440a0 00002d18001b300602110ae8111a3000 5 11
#22 658 776 20462
44 00100261f8004c28012485102a8440a0 00002d18001e300602110ae8111a3000 5 13
#22 504 730 20967
46 00100261f8004c2801248510268440a0 00002c98001e300602110ae8111a3000 5 13
#20 304 772 21271
48 00100261f8004c2805248510228440a0 00002c98000e304602110ae8111a3000 5 14
#18 419 812 21690
50 00100241f8014c2805248510228440a0 00042c18000e304602110ae8111a3000 5 17
#16 316 874 22006
52 00100241f8014c2805248514220440a0 00022c18000e304602110ae8111a3000 5 17
#14 427 938 22433
54 00100241f8010c280524a514220440a0 00022c18000e304602114ae8111a2000 5 17
#14 242 903 22675
56 00100241f8010c290524a114220440a0 00022c18000e305602114ae8111a0000 6 19
#12 733 932 23408
58 00100241f8010c290528a114220440a0 00022c18000eb05602114ae8101a0000 6 22
#10 639 990 24047
60 00100241f8010c290528a114220440c0 00022c18000ef05202114ae8101a0000 6 23
#8 398 1138 24445
62 00100241f8010c294528a11422044080 00012c18000ef05202114ae8101a0000 6 24
64 00100241f8010c214528a11422844080 00012c30000ef05202114ae8101a0000 4 24
66 00100241f8010c214428a11423844080 00012c30000ee05202514ae8101a0000 4 10000
68 00100241f8210c214428811423844080 00012c30000ee05002514ee8101a0000 4 10000

