Randseed fd89717e
#56 1000 1035 0
1 00aa8002aa000aa8002aa000aa8012a8 00002aa800aaa002aa800aaa002aa800 2 0
#54 123 1069 124
3 00aa8002aa004aa0002aa000aa8012a8 00002aa800aaa002aa800aaa006aa000 3 -1
#52 692 1084 816
5 00aa8002aa004aa0000aa400aa8012a8 00002aa800aaa002aa801aaa002aa000 3 -1
#50 463 1108 1279
7 00aa8002ae000aa0000aa400aa8012a8 00002ab000aaa002aa801aaa002aa000 3 -1
#48 456 1136 1735
9 00b28002ae000aa0000aa400aa8012a8 00002ab000aaa002aa801aaa002ac000 3 -1
#46 377 1169 2113
11 00b28002ae0008a0400aa400aa8012a8 00002ae000aaa002aa801aaa002ac000 4 2
#46 3228 1028 5341
13 00b28002ae0008c0400aa400aa8012a8 00002ac010aaa002aa801aaa002ac000 3 2
#44 208 1065 5549
15 00b28002ae0008c0400aa400a68012a8 00002ac050a2a002aa801aaa002ac000 4 4
#42 1747 1033 7296
17 00b28002ae0008c0400aa400a6801268 00002ac05062a002aa801aaa002ac000 4 6
#42 562 1006 7858
19 00329002ae0008c0400aa400a6801268 00002ac05062a002aa8019aa002ac000 4 5
#40 1069 1003 8927
21 00329002ae000880500aa400a6801268 00002a805063a002aa8019aa002ac000 4 6
#38 465 1032 9392
23 00329002ae000880500ac400a6801268 00002a805063a002aa0019ae002ac000 4 5
#36 661 1052 10053
25 00329002ae000880500b8400a6801268 00002a805063a002aa0009be002ac000 4 5
#36 295 1036 10348
27 00329002ae000880500f0400a6801268 00002a805063c002aa0009be002ac000 5 2
#36 1159 971 11507
29 00329002ae000480500f0400a6801268 000026805063c002aa0009be002ac000 5 2
#36 1123 909 12630
31 00309042ae000480500f0400a6801268 000026805063c002aa0009be001ac000 5 3
#34 645 925 13275
33 00609042ae000480500f0400a6801268 000026805063c002aa0009fc001ac000 5 5
#30 846 991 14121
35 00608043ae000480500f0400a6801268 000026805063c0032a0009fc001ac000 5 5
#28 1141 981 15262
37 00608043ae000080d00f0400a6801268 000026805063c0032a0009fc001b8000 5 6
#26 746 999 16008
39 00608043ae000080d00f0400a2805268 000026805063c1030a0009fc001b8000 5 8
#22 799 1108 16807
41 00608043ae040080d00e0400a2805268 00002280506bc1030a0009fc001b8000 5 9
#20 785 1140 17592
43 006080438e040080d01e0400a2805268 00002280507bc0030a0009fc001b8000 5 12
#18 1171 1137 18763
45 006080438e040080d01e0400a2007268 00002280507bc0030a0009fc001f0000 5 13
#16 618 1202 19381
47 006080438e040080501e0600a2007268 00002080707bc0030a0009fc001f0000 5 14
#16 549 1133 19930
49 006080438e040080501e0600a2007168 00002080707bc8010a0009fc001f0000 5 16
#14 460 1230 20390
51 006080438e040080501e0600a2006178 00000084707bc8010a0009fc001f0000 5 18
#12 335 1379 20725
53 006000538e040080501e0600a2006178 00000084707bc8010a0008fc101f0000 6 21
#10 1540 1347 22265
55 006200438e040080501e0600a2006178 0000008470fbc8000a0008fc101f0000 6 21
#8 870 1466 23135
57 006600438c040080501e0600a2006178 0000008470fbc8000a0108fc101e0000 6 20
#6 1112 1584 24247
59 006e004388040080501e0600a2006178 0000008470fbc8000a0100fd101e0000 6 10000
#4 19 2367 24266
61 007e004380040080501e0600a2006178 0000000470fbc8100a0100fd101e0000 7 10000
#2 1 4733 24267
63 007e004380040080501e0600a20041f8 0000000470fbc810020100fd103e0000 8 10000

