Randseed fd97ed9c
#58 1000 1000 0
0 00aa8002aa000aa8002aa000aa8002aa 00002aa800aaa002aa800aaa002aa800 2 1
#56 135 1024 316
2 00aa8002aa000aa8002aa000aa8001aa 00002aa800aaa002aa800aaa002ab000 3 0
#54 439 1046 755
4 00aa0012aa000aa8002aa000aa8001aa 00002aa800aaa002aa800aac002ab000 3 0
#52 513 1066 1268
6 00a80052aa000aa8002aa000aa8001aa 00002aa800aaa002ab000aac002ab000 3 0
#50 643 1083 1911
8 00a80052aa000aa8002aa000ab0001aa 00002aa800aac002ab000aac002ab000 3 0
#48 446 1110 2357
10 00a80052aa000aa8002ac000ab0001aa 00002aa800aac002ab000aac001ab000 3 1
#46 355 1093 3844
12 00a80052aa000ab0002ac000ab0001aa 00002aa800aac002ab0006ac001ab000 4 2
#44 2210 1000 6982
14 00a00152aa000ab0002ac000ab0001aa 00002aa800aac001ab0006ac001ab000 4 2
#42 1740 965 8722
16 00a00152aa010aa0002ac000ab0001aa 00001aa800aac001ab0006ac001ab000 4 4
#40 1134 957 9856
18 00a00152ae010a80002ac000ab0001aa 00001aa800aac001ab0006ac001ae000 4 5
#38 720 969 10576
20 00a00152be000a80002ac000ab0001aa 00001aa800aac001ab0006ac041ac000 4 5
#36 601 990 11177
22 00a00152be000a80002b8000ab0001aa 00001aa800aac001ab0006ac041b8000 4 5
#34 900 995 12077
24 00a00152be000a80002b8000ab0001ac 00001aa800aac001ab0006bc04198000 4 5
#32 778 1009 12855
26 00a00152be400280002b8000ab0001ac 00001aa800aac001ab0006fc04188000 4 4
#30 1131 1000 13986
28 00a00152be400280002b8000ab0400ac 00001aa800aac001ab00467c04188000 4 8
#28 525 1034 14511
30 00a00152be400280002b8000eb04002c 00001aa800aac011ab00463c04188000 4 9
#26 549 1072 15060
32 00a00152be400280102b0000eb04002c 00001aa800ab8011ab00463c04188000 4 11
#24 592 1112 15652
34 00a00152be440280102a0000eb04002c 00001aa800ab8011ae00463c04188000 4 11
#24 639 1059 16291
36 00a00152be440280102a0000eb044028 00001ca800ab8011ae00463c04188000 4 11
#22 471 1112 16762
38 00a00152be440280101a0000eb044028 00001ca800ab81118e00463c04188000 4 11
#20 394 1184 17156
40 00a00153be040280101a0000eb044028 00001ca800bb80118e00463c04188000 5 11
#18 980 1207 18136
42 00600153be040280101a0000eb044028 00001ca800f380118e00463c04188000 5 11
#16 870 1249 19006
44 00600153be040280500a0000eb044028 00001ca800e384118e00463c04188000 5 12
#14 936 1294 19942
46 00600153be040080500a0100eb044028 00001ca800e1c4118e00463c04188000 5 12
#12 398 1443 20340
48 00600153be04008070080100eb044028 00001ca001e1c4118e00463c04188000 6 15
#10 1705 1391 22045
50 00300153be04008070080100eb044028 00001ca000e1e4118e00463c04188000 6 15
#8 2871 1021 24916
52 00300153be04008070080100e3054028 00001ca001e0e4118e00463c04188000 6 14
54 00300053fe04008070080100e3054028 00001d2001e0e4118e00463c04188000 4 16
56 00300253fe04008070080100e3014028 00001d2000e0e4118e00463c0c188000 4 15
58 00300243fe04008070080100e3054028 00001d1000e0e4118e00463c0c188000 4 10000
60 00300243fe04008070080100e2054038 00001d1001e0e4118600463c0c188000 4 10000

