Randseed fd989fa4
#56 1000 1035 0
1 00aa8002aa000aa8002aa000aa8012a8 00002aa800aaa002aa800aaa002aa800 2 0
#54 101 1070 101
3 00aa0012aa000aa8002aa000aa8012a8 00002aa800aab000aa800aaa002aa800 3 -2
#52 1104 1069 1205
5 00aa0012aa000aa8002aa000aa8052a0 00002aa800aab000aa001aaa002aa800 3 -2
#50 519 1091 1724
7 00a80052aa000aa8002aa000aa8052a0 00002aa800aab000aa000aae002aa800 3 -2
#52 345 1023 2395
9 00a80052aa000aa8002aa000aa815280 00002aa800aab000aa000aac012aa800 3 -2
#50 703 1036 3099
11 00a00152aa000aa8002aa000aa815280 00002aa800aab000aa000aad010aa800 3 -2
#48 365 1064 3464
13 00a00152aa000aa8002aa000aa855200 00002aa800aab000aa000eac010aa800 3 -1
#46 281 1098 3745
15 00800552aa000aa8002aa000aa855200 00002aa800aab000a8004eac010aa800 4 1
#44 1249 1091 4994
17 00001552aa000aa8002aa000aa855200 00002aa800aab000a80046ac410aa800 4 2
#44 1282 1032 6276
19 00001552aa4002a8002aa000aa855200 00002aa800aab000880446ac410aa800 4 2
#42 686 1049 6962
21 00001552aa4002a8012a8000aa855200 00002aa800aab000880046ac510aa800 4 1
#42 835 1009 7797
23 00001552aa4042a8002a8000aa855200 00002aa800aab000881046ac5102a800 4 0
#44 527 939 8324
25 00001552ae4042a0002a8000aa855200 00002aa800aab000081047ac5102a800 4 -1
#42 237 973 8561
27 00001512be4042a0002a8000aa855200 00002aa800aab000081047b85102a800 5 -3
#42 1951 880 10512
29 00001412be4142a0002a8000aa855200 00002aa800aab000081047f81102a800 5 -2
#42 2425 764 12937
31 000014129e4142a0042a8000aa855200 00002aa800aab000081007f81502a800 4 1
#42 316 749 13253
33 000014128e4142e0042a8000aa855200 000022a900aab000081007f81502a800 4 1
#38 244 815 13497
35 000014128e4103e0042a8000aa855200 000022a900aa3010081007f81502a800 5 -1
#36 1348 786 14845
37 000014128e4101e0142a8000aa855200 000022a900aa3010001107f81502a800 5 2
#34 723 790 15568
39 000014128e4100e0142e8000aa855200 000002ad00aa3010001107f81502a800 5 2
#32 732 793 16300
41 000014128e4100e0142e8000ea815200 000002ac00ba3010001107f81502a800 5 5
#30 489 814 16789
43 000010138e4100e0142e8000ea815200 000002a800ba3810001107f81502a800 5 6
#26 923 868 17712
45 000010138e4100e0142e8004ea814200 000002a8409a3810001107f81502a800 5 11
#22 231 1005 17943
47 000010138e4100e0142ea004ea014200 000002a8401a3c10001107f81502a800 6 13
#22 3842 655 21785
49 000010138e4100e0142ee000ea014200 000002a8401a3c10801007f81502a800 5 13
#20 605 661 22390
51 000010138e4100e01426e004ea014200 000002a850183c10801007f81502a800 5 13
#18 389 691 22779
53 000010138e4100e01422e004ea814200 000002a85018bc00801007f81502a800 5 13
#16 373 731 23152
55 000004138e4100e01422e004ea814200 000002a85018bc00801007f81502b000 5 13
#14 366 783 23518
57 000004139e4100e01422e004ea014200 000002e84018bc00801007f81502b000 5 14
#12 172 885 23690
59 000004139e4100e01422e004e801c200 000002e84038bc00801007f815023000 6 15
#10 234 1015 23924
61 00000413be4100e01420e004e801c200 000002e840387c00801007f815023000 7 13
#8 390 1171 24314
63 000004139e4100e01420e004e881c200 000003e840387c00801007f811023000 8 10000
#6 27 1553 24341
65 000004139e4100e01420e404c881c200 000103e840387c00801003f811023000 9 10000
#2 4 4654 24346
67 000004039e4100e01420e404c8c1c200 000103e841383c00801003f811023000 10 10000

