Randseed fda78f8a
#58 1000 1000 0
0 00aa8002aa000aa8002aa000aa8002aa 00002aa800aaa002aa800aaa002aa800 2 1
#56 142 1030 142
2 00ab0002aa000aa8002aa000aa8002aa 00002aa9008aa002aa800aaa002aa800 3 0
#54 350 1055 492
4 006b0002aa000aa8002aa000aa8002aa 00002aa9008aa002b2800aaa002aa800 4 1
#52 3549 959 4041
6 006b0002aa000aa8002aa000aa80029a 00002aa90089a002b2800aaa002aa800 3 0
#50 424 981 4465
8 006a0042aa000aa8002aa000aa80029a 00002aa90089a002b2800aaa0026a800 3 1
#48 348 1007 4813
10 00620142aa000aa8002aa000aa80029a 00002aa90089a002b2800b2a0026a800 3 3
#46 244 983 6387
12 00220542aa000aa8002aa000aa80029a 00002aa90089a002b2800b2b0006a800 4 6
#44 1145 975 7532
14 00020542ea000aa8002aa000aa80029a 00002aa90081a102b2800b2b0006a800 4 6
#42 1776 937 9308
16 00000542fa000aa8002aa000aa80029a 00002aa90081a102b2800b230106a800 4 7
#40 2192 875 11500
18 00000542fa0008a8402aa000aa80029a 00002aa90081a102b1800b230106a800 4 8
#38 655 886 12155
20 00000542fa0008a8402aa000aa801298 00002aa90081c102b1800b230106a800 4 9
#36 631 900 12786
22 00000542fa0008a8402aa000aa805288 00002aa90081c102b1800b030506a800 4 9
#34 806 906 13592
24 00000542fa0008a8402aa010aa805280 00002aa90081c102b1800e030506a800 4 10
#32 665 854 15327
26 00000542fa0008a8402a8014aa805280 00002aa90081c102b1800e030107a800 4 10
#30 625 869 15952
28 00000542fc0008a8402a8014aa805280 00002aa90001d102b1800e030107a800 4 11
#30 1107 796 17059
30 00000542fc0008b0402a8014aa805280 00002aa90001c103b1800e030107a800 4 11
#28 1183 768 18242
32 00000542fc0008b0401a8014aa805280 00001aa90001c103b1800e030107a800 4 10
#26 1084 744 19326
34 00000542fc0008e0401a8014aa805280 00001aa90001c103b1800e010147a800 4 11
#26 574 699 19901
36 00000542fc0008e0401a80146a805280 00001aa90001c103b1a00e000147a800 4 11
#24 499 716 20400
38 00000540fc4008e0401a80146a805280 00001aa90001c303a1a00e000147a800 4 13
#22 466 739 20866
40 00000540fc6000e0401a80146a805280 00001aa90001c701a1a00e000147a800 4 13
#18 527 845 21393
42 00000540fc6000e0401a80146a805180 00001aa90001c701a1a40c000147a800 4 13
#18 464 793 21857
44 00000540fc6000e0401a80143a805180 00001aa90001c701a1a40c000047a804 4 13
#16 331 851 22188
46 00000540fc6000e0401880543a805180 00001ab10001c701a1a40c000047a804 4 12
#14 238 939 22426
48 00000540f86400e0401880543a805180 00001ab10001c701a1a00c008047a804 5 13
#12 502 902 23588
50 00000540f86400e0401880543a885100 00001ab10400c701a1a00c008047a804 5 13
#10 314 1019 23902
52 00000540f86400e0401881143a885100 00001ab10400c701a1a00c008047880c 6 14
54 00000540f86400e0001881147a885100 00001ab10400c701a1a00c028047800c 4 15
56 00000540f86400e0001881147b884100 00001ab10400c701a1a01c028007800c 4 16
58 00000540f86400e0041881107b884100 00001ab10400c709a1a01c008007800c 4 10000
60 00000540f87400e0041881107b880100 00011ab10400c709a1a00c008007800c 4 10000

