Randseed fda87510
#56 1000 1035 0
1 00aa8002aa000aa8002aa000aa8002ac 00002aa800aaa002aa800aaa002aa800 2 0
#54 74 1017 1530
3 00aa8002aa000aa80032a000aa8002ac 00002aa800aaa006aa000aaa002aa800 3 -1
#52 602 1033 2133
5 00aa80022a100aa80032a000aa8002ac 00001aa800aaa006aa000aaa002aa800 3 0
#52 464 1015 2597
7 00aa80022a100aa81030a000aa8002ac 00001aa8006aa006aa000aaa002aa800 3 0
#50 344 1042 2941
9 009a80022a100aa81030a000aa8002ac 00001aa8016aa002aa000aaa002aa800 4 3
#48 1745 1013 4686
11 009a80022a100ab01030a000aa8002ac 00001aa0016ae002aa000aaa002aa800 4 3
#46 1515 991 6201
13 009a80022a100ab01030a000aa81028c 00001aa0016ae002aa000aaa001aa800 4 4
#44 1153 928 8583
15 009c80022a100ab01030a000aa81028c 00001aa0016ae002aa000aaa001a6800 4 5
#42 949 927 9532
17 009c80022a100ab01030a000ae80028c 00001aa00162e102aa000aaa001a6800 4 6
#40 570 944 10103
19 009c80022a100ab010308004ae80028c 00001aa00162e102aa000aaa001c6800 4 6
#38 574 964 10677
21 009c80022a100ab014300004ae80028c 00001aa00162e101aa000aaa001c6800 4 8
#36 413 995 11090
23 009c00122a100ab014300004ae80028c 00001aa00162e101aa0006aa001c6800 4 10
#34 398 1030 11488
25 009c001232100ab014300004ae80028c 00001aa00462e101aa0006aa001c6800 4 10
#32 404 1069 11892
27 009c001232100ab014300000af80028c 000019a00462e101aa0006aa001c6800 4 10
#30 304 1120 12196
29 009c001232100ab0143000006f80028c 000019a00463c101aa0006aa001c6800 5 7
#30 1114 1046 13310
31 009c001232100af0043000006f80028c 000019a00463c001ea0006aa001c6800 5 8
#30 1029 977 14339
33 009c001232100af0043000006f800298 000019a00463c401ca0006aa001c6800 5 9
#26 548 1085 14887
35 009c001232100be0043000006f800298 000019a00463c401ca00072a001c6800 5 9
#24 712 1116 15599
37 009c001222140be0043000006f800298 000019a00463c401ca00072a001c3800 5 9
#22 867 1139 16467
39 009c001222140be0043000007f000298 000019a00463c401ca00072a005c1800 5 9
#20 394 1213 16861
41 009c001282140be0043000007f000298 000019a00463c401ca00072e005c0800 6 10
#18 1608 1170 18470
43 009c001282140be0043000007f004288 000019a10423c401ca00072e005c0800 6 10
#16 833 1212 19303
45 009c001282140be0043000007f004308 000019a10423c401ca00073e005c0000 6 11
#14 920 1253 20223
47 009c001282140be0046000007f004308 000019a10423c401ca00473e001c0000 6 12
#12 2153 1103 22377
49 009c801280140be0046000007f004308 000019a10423c401ca00463e801c0000 6 12
#10 826 1159 23203
51 009d800280140be0046000007f004308 000019811423c401ca00463e801c0000 6 12
#8 871 1231 24074
53 009f000280140be0046000007f004308 0000198114238411ca00463e801c0000 6 13
#6 393 1511 24467
55 009f000280140be0046001003f004308 0000198110238411ca01463e801c0000 7 10000
#4 127 2203 24594
57 009f000280140be0046000003f044308 0000198110238411ca11463e80180000 8 10000
#2 1 4405 24595
59 009f000280140be0046000003f044380 0000188110238411da11463e80180000 9 10000

