Randseed fdb7be98
#58 1000 1000 0
0 00aa8002aa000aa8002aa000aa8002aa 00002aa800aaa002aa800aaa002aa800 2 1
#56 137 1030 141
2 00aa8002aa000aa8002aa000aa8002ca 00002aa800aaa002aa800aaa006aa000 3 0
#54 732 1041 873
4 006a8002aa000aa8002aa000aa8002ca 00002aa800aaa002aa801aaa002aa000 3 0
#52 311 1069 1184
6 006a8002aa000aa8002aa000aa8042c2 00002aa800aaa002ab801aa8002aa000 4 1
#50 4036 951 5221
8 006a8002aa000aa8002aa000aa8052c0 00002aa800aaa012ab800aa8002aa000 3 0
#48 250 980 5471
10 006a8002aa000aa8002aa000aa845280 00002aa800aae012ab000aa8002aa000 4 1
#46 1431 960 6902
12 006a8002aa000aa8002aa000ab844280 00002aa800abe012aa000aa8002aa000 4 4
#44 1956 915 8859
14 006a8002aa000aa8002aa000bb844200 00002aa800afe012a8000aa8002aa000 4 4
#42 1495 887 10354
16 006a0012aa000aa8002aa000bb844200 00002aa800afc112a8000aa8002aa000 4 5
#40 1932 835 12286
18 006a0012aa000aa8002aa010bb044200 00002aa800af8112b8000aa8002aa000 4 7
#38 1557 797 13843
20 006a0012aa000aa8002aa010bb144000 00002aa804af8112b0000aa8002aa000 4 8
#36 1219 774 15062
22 006a0012aa000aa80028a050bb144000 00002a8804bf8112b0000aa8002aa000 4 8
#34 1207 748 16269
24 00680052aa000aa80028a050bb144000 00002a8904bf8102b0000aa8002aa000 4 8
#32 1863 679 18133
26 00680052aa000aa80028a010bf144000 00002a8900bf8102b0040aa8002aa000 4 9
#34 1901 527 20034
28 00680052aa000aa800282010ff144000 00002a8910bf8102b0040a28002aa000 3 8
#32 251 544 20285
30 00680052aa000aa801280010ff144000 00002a8910bf0102f0040a28002aa000 3 8
#30 276 562 20561
32 00680052aa004aa800280010ff144000 00003a8910be0102f0040a28002aa000 3 7
#28 422 572 20983
34 00680052aa004ca800280010ff144000 00003e8910be0102e0040a28002aa000 3 7
#24 152 655 21135
36 00680052ae004ca000280010ff144000 00003e0910be0103e0040a28002aa000 4 10
#20 315 755 21450
38 00680052ae4048a000280010ff144000 00003e0900be0103e0440a28002aa000 4 11
#18 398 794 21848
40 00680012be4048a000280010ff144000 00003e0d00be0103e0400a28002aa000 4 15
#16 273 859 22121
42 00680002fe4048a000280010ff144000 00003e0d00bc0103e0400e28002aa000 5 12
#Clearing transposition table 1802144 
#14 975 835 23149
44 00680002fe4048a000180010ff144000 00003c0d00bc0103e0400e29002aa000 5 11
#12 1066 797 24215
46 00680002fe4048a000080110ff144000 00003c0d00bc0103e0400e29002b2000 5 12
48 00680002fe4108a000080110ff144000 00003c0d00b80103e0400e29002b2400 4 16
50 006801027e4108a000080110ff144000 0000380d00b80103e0400e29002b2600 4 16
52 007801023e4108a000080110ff144000 0000380d00380103e0400e29002b2700 4 13
54 007801023e4108a000008110ff144000 0000380900380103e0400e29002b2780 4 12
56 007801023e4108a004008110ff044000 0000180900380103e0400e29002b27c0 4 12
58 007801023e4508a004008110ff004000 0000080900380103e0440e29002b27c0 4 10000
60 00f801023e4508a004008110fe004000 0000080900380103e0440e29012b07c0 4 10000

