Randseed fdb8410c
#56 1000 1035 0
1 00aa8002aa000aa8002aa000aa8002ac 00002aa800aaa002aa800aaa002aa800 2 0
#54 93 1070 93
3 00aa8002aa000aa8002aa000aa8002b8 00000aac00aaa002aa800aaa002aa800 3 -1
#52 552 1090 645
5 00aa8002aa000aa8002aa000aa8002f0 00000aac00aaa002aa800aaa006aa000 3 -1
#50 334 1120 979
7 00aa8002aa000aa8002aa000aa810270 00000aa800eaa002aa800aaa006aa000 4 1
#48 2909 1046 3888
9 00aa8002aa000aa8002aa040aa810260 00000aa800eaa002aa800aaa016a8000 4 3
#48 1784 972 5672
11 00aa8002aa000aa8102aa040aa810220 00000aa800eaa002aa800aae012a8000 4 4
#46 1734 937 7446
13 00aa8002aa040aa8102aa040aa810200 00000aa800eaa002aa800aae011a8000 4 4
#44 2182 880 9628
15 00aa80028a040aa8102aa040ba810200 00000aa8006aa402aa800aae011a8000 4 5
#44 1707 802 11335
17 00aa80028a000aa8102aa040be810200 00000aa8006aa402aa804aac011a8000 4 5
#44 2044 707 13428
19 00aa80028a000a28102aa040fe810200 00000aa8006aa402ab804aa8011a8000 4 5
#42 1743 658 15171
21 00aa80028a000a28102ea040fc810200 00000aa8006aa402ab804aa8011a4000 4 6
#40 1869 598 17040
23 00aa80028a000a28102fa0407c810200 00000aa8006aa401ab804aa8011a4000 3 7
#36 301 642 17431
25 00aa80028a000a28142fa0403c810200 00000aa8006aa400ab904aa8011a4000 3 7
#34 267 664 17698
27 00aa80028a000a38142fa0401c810200 00000aa8006aa400ab904aa8011c4000 3 7
#32 257 685 18027
29 00aa80028a010a38142fa0401c800200 00000aa8006aa400cb904aa8011c4000 3 7
#34 303 627 18330
31 00aa80428a010a38142fa0400c800200 00000aa8006aa400cb9046a8011c4000 3 7
#32 262 650 18592
33 00ab80428a010a381427a0400c800200 00000a98006aa400cb9046a8011c4000 3 7
#30 136 684 18729
35 00ab80428e010a381427a04008800200 00000a98006aa400cb9042a8411c4000 4 10
#28 471 700 19200
37 00af80428e010a381427a04000800200 00000a99006aa4008b9042a8411c4000 4 11
#26 378 724 19578
39 00bf80428e010a301427a04000800200 00000a99006aa4008b9042b8401c4000 4 11
#22 315 827 19893
41 00bf84428e010a301427a00000800200 00000a99006aa4008b904298421c4000 4 12
#20 151 895 20044
43 00ff84428e010a201427a00000800200 00000299007aa4008b904298421c4000 5 11
#18 430 947 20474
45 00ff14428e010a201427a00000800200 00000299007aa4108b104298421c4000 5 12
#16 429 1012 20903
47 00ff14428e010a201427a00400000200 00000299007ae4108a104298421c4000 5 13
#14 308 1112 21211
49 00ff14428e010a211407a00400000200 00000099407ae4108a104298421c4000 6 15
#12 409 1230 21620
51 00fe14428e010aa11407a00400000200 00000089417ae4108a104298421c4000 7 14
#10 621 1351 22241
53 00fe14428c010ba11407a00400000200 00000081417ae4108a1042b8421c4000 7 14
#8 446 1535 22858
55 00fe14468c010ba11403a00400000200 00000081417ae4108a1042f8421c0000 8 10000
#6 22 2039 22881
57 00fe144688810ba11403a00400000200 00000081417ae4108a1043f8401c0000 9 10000
#4 2 3058 22883
59 00fe144608811ba11403a00400000200 00000081417ee4108a1043f840180000 10 10000
#2 0 6117 22883
61 00fe104608811ba11423a00400000200 00000081513ee4108a1043f840180000 11 10000

