Randseed fdc71e6c
#58 1000 1000 0
0 00aa8002aa000aa8002aa000aa8002aa 00002aa800aaa002aa800aaa002aa800 2 1
#56 140 1023 348
2 006a8002aa000aa8002aa000aa8002aa 00002aa800aaa002aa800aab000aa800 3 0
#54 864 1029 1212
4 006a8002aa000aa8002aa000aa8001aa 00002aa800aaa002aa800aab004aa000 3 0
#52 413 1052 1625
6 006a0012aa000aa8002aa000aa8001aa 00002aa001aaa002aa800aab004aa000 3 0
#50 383 1079 2008
8 006a0012aa000aa8002aa000aa8011a8 00001aa001aaa002aa800aab004aa000 3 0
#48 546 1101 2554
10 006a0012aa000aa8002aa000aa8410a8 00001aa001aaa002aac00aaa004aa000 3 1
#46 307 1136 2861
12 006a0012aa000aa8002aa0006a8410a8 00000ea001aaa002aac00aaa004aa000 4 3
#44 1955 1099 4816
14 006a0002aa004aa8002aa0006a8410a8 00000ea000aaa006aac00aaa004aa000 4 3
#42 1679 1071 6495
16 00680042aa004aa8002aa0006a8410a8 00000ea000aaa006aac01aaa000aa000 4 4
#42 1576 996 8071
18 00680042aa004aa8002aa0007a841028 000007a000aaa006aac01aaa000aa000 4 5
#40 877 1002 8948
20 00680042aa004aa8002aa0007a851008 000007a000aaa006aac01aaa010a8000 4 6
#38 825 1011 9773
22 00680042ae004aa0002aa0007a851008 0001078000aaa006aac01aaa010a8000 4 7
#36 987 1013 10760
24 00680042be000aa0002aa0007a851008 0002078000aaa006aac01aaa010a8000 4 8
#34 1228 1000 11988
26 00680042fc000aa0002aa0007a851008 0004078000aaa006aac01aaa010a8000 4 9
#30 1066 1063 13054
28 00680003fc000aa0002aa0007a851008 0004078000aa8006abc01aaa010a8000 4 10
#30 1618 955 14672
30 00680801fc000aa0002aa0007a851008 0004078000aa8006a9c01aae010a8000 4 11
#26 997 1025 15669
32 00680801fc000aa0002aa0007a855000 0004078000aa8006a8c01abe010a8000 4 11
#24 775 1046 16444
34 00680801fc000aa0002aa0003e855000 0004078000aa8002a8c11abe010a8000 4 11
#22 2063 953 18507
36 00680801fc000aa0002aa0003e057000 0004078000aa8002a0c11afe010a8000 4 12
#20 420 1007 18927
38 00680801fc000aa0002aa1003e056000 0004078000aa8002a0c41afe010a8000 4 13
#18 760 1034 19687
40 00680801fc010a80002aa1003e056000 0004078000aa8102a0441afe010a8000 4 11
#20 850 846 20537
42 00680801fc010880402aa1003e056000 0004078000ae8102a0440afe010a8000 4 9
#20 199 826 20736
44 00680801fc010881400aa1003e056000 0004078000bc8102a0440afe010a8000 5 5
#12 938 1192 21847
46 00780801fc000881400aa1003e056000 0004078000f88102a0440afe010a8000 5 6
#10 379 1354 22226
48 00700801fc040881400aa1003e056000 0004078000f88502a0440afe000a8000 6 9
#8 289 1621 22515
50 00700801fc040881401aa1003e054000 0004078000f8950220440afe000a8000 7 8
#6 1129 1785 23644
52 00600801fc040881501aa1003e054000 0004078000f8910220440efe000a8000 7 8
#14 251 729 23895
54 00400801fc040881501ba1003e054000 0004078000f8910220440efc400a8000 7 8
#8 190 1228 24085
56 00000801fc040881501be1003e054000 0004078000f8910220440ef8400a8100 8 10000
#4 14 2450 24099
58 00000801fc040881d01be1003e050000 0004078000f8910220440ef0400a8180 9 10000
#2 0 4901 24099
60 00000801fc040881901be1003f050000 0004078000f8910220440ee0400a81c0 10 10000

