Randseed fdc7a2ec
#56 1000 1035 0
1 006a8002aa000aa8002aa000aa8002aa 00002aa800aaa002aa800aaa002aa800 2 0
#54 128 1067 190
3 006a8002aa000aa8002aa000aa9000aa 00002aa800aaa002aa800aaa006aa000 3 -1
#52 532 1087 722
5 006a8002aa000aa8002aa000aa9010a8 00002aa800aaa000aac00aaa006aa000 3 -1
#50 324 1118 1046
7 006b0002aa000aa8002aa000aa9010a8 00002aa800aaa000aa800eaa006aa000 4 1
#50 4402 942 5448
9 006b0002aa000aa8002aa004aa9000a8 00002aa800aaa000aa800eaa4062a000 3 -1
#48 272 970 5720
11 006e0002aa000aa8002aa004aa9000a8 00002aa800aaa0002a900eaa4062a000 4 1
#46 2265 913 7985
13 003e0002aa000aa8002aa004aa9000a8 00002aa001aaa0002a900eaa4062a000 4 1
#44 1768 874 9753
15 003c0102aa000aa8002aa004aa9000a8 00002aa001aaa0002a901eaa4022a000 4 1
#42 1573 841 11326
17 003c0102aa000aa8002aa0042a9800a8 00002a8005aaa0002a901eaa4022a000 4 2
#40 927 837 12253
19 003c0102aa000aa8002aa0042a8c00a8 00002a8004aae0002a901eaa4022a000 4 2
#38 1201 818 13454
21 003c0112a8000aa8002aa0042a8c00a8 00002a8004aae0002a901faa0022a000 4 3
#36 1502 780 14956
23 003c0122a8000aa8002aa0042a8c00a8 00002a0014aae0002a901faa0022a000 4 3
#34 1253 752 16209
25 003c0122a8000aa8002aa0043a8400a8 00002a0010aae0102a901faa0022a000 4 3
#32 924 741 17133
27 003c052288000aa8002aa0043a8400a8 00002a0010aac0102b901faa0022a000 4 5
#30 607 750 17740
29 003c042388000aa8002aa0043a8400a8 00002a0010aac0102b901faa0021a000 4 6
#30 668 706 18408
31 0038042388100aa8002aa0043a8400a8 00002a0010aac0102b905fa80021a000 4 7
#32 566 626 18974
33 00380423885008a8002aa0043a8400a8 00002a0010aac0102b904fa80121a000 4 8
#28 582 674 19556
35 00380423884008a9002aa0043a8400a8 00002a0000abc0102b904fa80121a000 4 10
#26 625 678 20181
37 00380423884008a9800aa0043a8400a8 00002a0000abc0102b904fa80120e000 4 12
#28 571 589 20752
39 00300423884008a9c00aa0043a8400a8 00002a0000abc0102b9047e80120e000 4 13
#26 592 588 21344
41 0030042388400aa9c002a0043a8400a8 00002a0000abc0102b8447e80120e000 4 14
#24 523 594 21867
43 0020042388400ba9c002a0043a8400a8 00002a0000abc0102b8447f801206000 4 14
#20 371 676 22238
45 0000042388400be9c002a0043a8400a8 00002a0000afc0102b8447f801202000 4 18
#18 320 715 22558
47 0000042388400bc9d002a0043a8400a8 00002a0040afc0100b8447f801202000 4 19
#16 283 769 22841
49 0000042388400be9d000a0043a8400a8 00002a0040afc0100b8147f801202000 4 19
#14 111 864 22952
51 0000042388400be9c400a0043a8400a8 00002a0040afc0100b8147f801102000 5 17
#14 312 819 23264
53 0020042388400be9c40020043a8400a8 00002a0040afc010038147f881102000 5 17
#12 239 916 23503
55 0030042388400be9c00020043a8400a8 0000320040afc010038147f881102000 6 18
#10 615 976 24118
57 0038042388400bc9c00020043a8400a8 0000320040bfc010038047f881102000 6 17
#10 371 902 24489
59 003c042388400b89c00020043a8400a8 00003204403fc010038047f881102000 6 11
#8 423 1022 24912
61 003e042388400b09c00020043a8400a8 0000220440bfc010038047f881102000 6 11
63 003f042388400a09c00020043a8400a8 0000020440bfd010038047f881102000 4 11
65 003f046388400809c00020043a8400a8 0000020440bfd01003a047f881100000 4 10000
67 003f047388400809800020043a8400a8 0000020440bfd01003e047f880100000 4 10000

