Randseed fdd666e1
#58 1000 1000 0
0 00aa8002aa000aa8002aa000aa8002aa 00002aa800aaa002aa800aaa002aa800 2 1
#56 147 1030 148
2 00a68002aa000aa8002aa000aa8002aa 00002aa800aaa002aa800aaa002ab000 3 0
#54 675 1043 823
4 00a68002aa4002a8002aa000aa8002aa 00002aa800aaa002aa800aaa002ae000 3 0
#52 485 1065 1308
6 00a69002aa0002a8002aa000aa8002aa 00002aa800aaa002aa800aaa002bc000 3 0
#50 255 1097 1563
8 00869402aa0002a8002aa000aa8002aa 00002aa800aaa002aa800aaa002f8000 4 3
#48 2113 1055 3677
10 00069403aa0002a8002aa000aa8002aa 00002aa800aaa002aa800aaa003f0000 4 3
#46 1850 1020 5527
12 00029443aa0002a8002aa000aa8002aa 00002aa800aaa002aa800aaa103e0000 4 3
#44 2576 949 8103
14 00029443aa0002a8002aa000aa8002b2 00002aa800aaa002aa800aaa501e0000 4 1
#42 3743 816 11846
16 00029443aa0002a8002aa000ac8002b2 00002aa800aaa002aa800aea500e0000 3 1
#42 276 803 12122
18 00021453aa0002a8002aa000ac8002b2 00002aa800aaa002aa800aec500e0000 3 2
#38 232 876 12354
20 00001453ae0002a8002aa000ac8002b2 00002aa800aaa002aa800af8500e0000 4 4
#38 1459 799 13813
22 00001453ae0002a8002aa000a48082b2 00002aa800aaa002aa800ef0500e0000 4 4
#36 1246 774 15059
24 00001453ae0002a8001aa000a48082b2 00002aa800aaa002aa810ee0500e0000 4 3
#34 632 782 15691
26 00000453ee0002a8001aa000a48082b2 00002aa800aaa002aa8506e0500e0000 4 2
#32 575 795 16266
28 00000451fe0002a8001aa000a48082b2 00002aa800aaa002ae8502e0500e0000 4 2
#34 1589 655 17855
30 00000451fe0002a8400aa000a48082b2 00002aa800aaa002af8500e0500e0000 4 3
#28 1037 715 18988
32 00000450fe0042a8400aa000a48082b2 00002aa800aaa006af8500e0100e0000 4 5
#26 592 724 19581
34 00000450fe0442a0400aa000a48082b2 00002aa800aaa016af8500e010060000 4 5
#24 414 750 19995
36 00000450fe054280400aa000a48082b2 00002aa800aaa056af8500e010020000 4 5
#22 379 784 20374
38 00000450fe150280400aa000a48082b2 00002aa800aaa156af8500e010000000 4 5
#20 245 838 20619
40 00000450fe140280400aa100a48082b2 00002aa801aaa156af8500e000000000 5 4
#18 492 876 21111
42 00000450fe1402805008a100a48082b2 00002aa801aaa1572f8500e000000000 5 4
#16 386 937 21497
44 00000450fe1402804008a100e48082b2 00002aa801aab1562f8500e000000000 5 4
#14 284 1031 21781
46 00000450fe1402004008a100e49082b2 00002aa801eab1542f8500e000000000 6 5
#12 866 1058 22647
48 00000450fe1002004008a100e49482b2 00002aa901eaa1542f8500e000000000 6 5
#12 111 1040 22758
50 00000450fe10020040088104e49482b2 00006aa901ea21542f8500e000000000 7 4
#8 285 1489 23043
52 00000450fe10020040080114e49482b2 0000eaa901ea21442f8500e000000000 8 10000
#6 61 1965 23104
54 00000440fe10020040080114e49482f2 0000eab901e821442f8500e000000000 9 10000
#4 10 2943 23114
56 00000040fe10020040080114e69482f2 0001eab901e821042f8500e000000000 10 10000
#2 1 5885 23115
58 00000040fe10020040080110e69492f2 0003eab901e021042f8500e000000000 11 10000

