Randseed fdd6e86d
#56 1000 1035 0
1 00aa8002aa000aa8002aa000aa8002ac 00002aa800aaa002aa800aaa002aa800 2 0
#54 140 1066 195
3 00aa8002aa000aa8002aa000aa8002b8 00002aa800aaa002aa801aa8002aa800 3 -1
#52 768 1078 963
5 00aa8002aa000aa8002aa000aa8002f0 00002aa800aaa002aa801aa8002ab000 3 -1
#50 525 1100 1488
7 00aa8002aa000aa8002aa000aa8003e0 00001aa800aaa002aa801aa8002ab000 3 -1
#48 405 1129 1893
9 00aa8002aa000aa8002aa000aa8403c0 00001aa800aaa002aa801aa8001ab000 3 -1
#46 318 1164 2211
11 00aa8002aa000aa8002aa000aa940380 00001aa800aaa002aa801aa8400ab000 4 1
#44 2202 1117 4413
13 00aa8002aa000aa8002aa000ab140380 00001aa800aaa002ab800aa8400ab000 4 1
#44 2105 1021 6518
15 00aa8002aa000aa8002aa000ae140380 00001aa800aaa002ab804aa0400ab000 4 2
#44 2006 930 8524
17 00aa8002aa000aa8002aa000bc140380 00001aa800aac002ab804aa0400ab000 4 4
#42 1276 914 9801
19 00aa8002aa000aa8002aa040b8140380 00001aa800aac002ab804aa0400a7000 4 6
#40 1295 895 11096
21 00aa8002aa000aa8002aa14038140380 00001ab000aac002ab804aa0400a7000 4 6
#38 1038 887 12134
23 00aa8002aa000aa8002ba14038040380 00001ae000aac002ab804aa0400a7000 4 6
#36 938 884 13072
25 00aa8002aa000aa8003ba14038040180 00001ae000aac002ab804aa0420a6000 4 6
#36 1059 826 14131
27 00aa8002aa000aa8043ba14038040080 00001ae000aac002ab804ab0420a4000 4 5
#34 1379 789 15581
29 00aa8002aa000aa8143ba14038040000 00001ce000aac002ab804ab0420a4000 4 6
#30 702 847 16283
31 00aa8002aa000aa8543ba14038000000 00001ce0006ac002ab804ab0420a4000 4 9
#30 811 793 17094
33 00aa8002aa000aa8543b814438000000 00001ce0006ac002ab8048b0420e4000 4 10
#28 843 790 17937
35 00aa8002aa000aa8543b814038800000 000018e1006ac002ab8048b0420e4000 4 10
#26 681 798 18618
37 00aa8002aa000aa8543b814038001000 00001861046ac002ab8048b0420e4000 4 12
#24 516 822 19134
39 00aa8002aa000aa8543b814038000002 00001821046ac012ab8048b0420e4000 4 12
#22 537 848 19671
41 00aa8002aa000aa8543b814038000004 00001821046ac012ab8048b0020f4000 4 12
#20 486 884 20157
43 00aa8002aa000aa8543b814038000008 00001821046ac012ab804890020fc000 4 12
#18 457 931 20614
45 00aa8002aa000aa8543b814038000004 00001821046ac012ab004898020fc000 4 12
#16 320 1008 20934
47 00aa8002aa000aa8543b814038000002 00001821046ac052a3004898020fc000 5 11
#14 1828 891 22763
49 00aa8002aa000aa8543b814038000001 00001821046ec012a3004898020fc000 5 11
#Clearing transposition table 1789986 
#12 1597 767 24393
51 00aa8002aa000aa8543b814038000800 00001801046fc012a3004898020fc000 5 14
53 00aa8002aa000aa8543b814038400000 00001801007fc012a3004898020fc000 4 16
55 00aa8002aa000aa8543b814238000000 00001801007fc01323004898020fc000 4 28
57 00aa8002aa000aa8543b914038000000 00001801007fc01223404898020fc000 4 29
59 00aa8002aa000aa854bb814038000000 00001801007fd01223404098020fc000 4 30
61 00aa8002aa000ea8549b814038000000 0000180100ffd01223004098020fc000 4 10000
63 00aa8002aa000ea8548b814078000000 0000180100ffd112230040980207c000 4 10000

