Randseed fde4f7ea
#58 1000 1000 0
0 00aa8002aa000aa8002aa000aa8002aa 00002aa800aaa002aa800aaa002aa800 2 1
#56 133 1030 133
2 00aa8002aa000aa8002aa000aa8002ca 00002aa800a2a102aa800aaa002aa800 3 0
#54 624 1046 757
4 008a8402aa000aa8002aa000aa8002ca 000032a800a2a102aa800aaa002aa800 3 -1
#54 478 1028 1235
6 00828502aa000aa8002aa000aa8002ca 0000326800a2a102aa800aaa002aa800 3 -1
#52 501 1048 1736
8 00820512aa000aa8002aa000aa8002ca 0000326800a1a102aa800aaa002aa800 3 -1
#50 493 1070 2229
10 00820510aa400aa8002aa000aa8002ca 000032680081a502aa800aaa002aa800 3 -1
#48 352 1100 2581
12 00820410ba400aa8002aa000aa8002ca 000032680480a502aa800aaa002aa800 4 0
#46 1848 1068 4429
14 008204109a410aa8002aa000aa8002ca 000032680480a502ac800aaa002aa800 4 1
#44 1346 1038 6161
16 008204108a410ab8002aa000aa8002ca 000032680480a502ac800aaa001aa800 4 1
#44 948 995 7109
18 0082041082414ab8002aa000aa8002ca 000032680480a502ac800aaa000ea800 4 2
#42 978 995 8087
20 0082041082414ab8002aa000aa8012c8 000032680480a402ec800aaa000ea800 4 3
#40 629 1014 8716
22 0082041082414ab8002a8004aa8012c8 0000226c0480a402ec800aaa000ea800 4 4
#38 668 1032 9385
24 0082041082414ab8002a8004aa8052c0 0000226c0480a402ec800aaa040e2800 4 4
#36 800 1045 10185
26 0082041082414ab8002a8000ab8052c0 0000226c0480a402ec800aaa440c2800 4 4
#36 477 1018 10662
28 0081041082414ab8002a8000ab8052c0 0000226c0480a402ec8006aa440c2800 4 4
#36 353 999 11015
30 0081041082414ab9000a8000ab8052c0 0000226c0480a402ec9002aa440c2800 4 4
#32 320 1104 11335
32 0001141082414ab9000a8000ab8052c0 0000226c0480a402ec9002ba400c2800 5 3
#30 1578 1072 12913
34 0001141082414ab900068000ab8052c0 0000226c0480a406ec1002ba400c2800 5 5
#26 1119 1151 14033
36 0001141082414ab910028000ab8052c0 0000226c0480a406ec1402ba40082800 5 6
#28 879 1006 14912
38 0001141082414ab910028040a38052c0 000022ec04802406ec1402ba40082800 5 7
#26 518 1043 15430
40 0001141082414ab910028040a78042c0 000022ec04802406e81502ba40082800 5 8
#24 536 1086 15966
42 0001141082404af910028040a78042c0 000022ec04802406e01502be40082800 5 9
#20 292 1274 16258
44 0001141082404af910028040af0042c0 000022ec04802006e03502be40082800 6 11
#18 6021 688 22805
46 0001141082404af9100280409f0042c0 000022ec04802006e075023e40082800 5 10
#16 489 713 23294
48 0001141082404af9140280409e0042c0 000022ec04802006e074023e40482800 5 10
#14 319 769 23613
50 0001941082404af9140200409e0042c0 000022ec04802006e074023e41482000 5 10
#12 197 865 23810
52 0000941082404bf9140200409e0042c0 000022ec04802006e074121e41482000 6 11
54 0000941082404ff8140200409e0042c0 000022e405802006e074121e41482000 4 11
56 0000941082404ff8140200401e1042c0 000023e401802006e074121e41482000 4 11
58 0000941082504ff8100200401e1042c0 000003e401803006e074121e41482000 4 11
60 0000941082504ff8100200401e104380 000023e401803006e074121e41402000 4 11
62 0000941082504ff8100200401e044380 000023e401803006e0f4121e41400000 4 10000
64 0000941082504ff8100200403e040380 010023e401803006e0f0121e41400000 4 10000

