Randseed fde5a49a
#56 1000 1035 0
1 00b28002aa000aa8002aa000aa8002aa 00002aa800aaa002aa800aaa002aa800 2 1
#54 92 1064 263
3 00b280028a040aa8002aa000aa8002aa 00002ab000aaa002aa800aaa002aa800 3 0
#54 566 1043 829
5 00b280028a1408a8002aa000aa8002aa 00002a7000aaa002aa800aaa002aa800 3 1
#52 403 1068 1232
7 00b280028c1408a8002aa000aa8002aa 00002a7000aac002aa800aaa002aa800 3 1
#50 238 1101 1470
9 007280028c1408a8002aa000aa8002aa 00002a7000aac001aa800aaa002aa800 4 4
#48 1884 1068 3354
11 00728002881508a8002aa000aa8002aa 00002a70006ac001aa800aaa002aa800 4 3
#48 2257 974 5611
13 00728002801508e8002aa000aa8002aa 00002a70006ac001aa800aaa001aa800 4 3
#48 1346 918 6957
15 00728002801508e8000aa400aa8002aa 00002c70006ac001aa800aaa001aa800 4 3
#46 1008 914 7965
17 00728002801508e0010aa400aa8002aa 00002c70006a8011aa800aaa001aa800 4 3
#44 735 922 8700
19 00728002801508e00109a400aa8002aa 00002871006a8011aa800aaa001aa800 4 4
#42 614 937 9314
21 00728002801508e00101a500aa8002aa 00001871006a8011aa800aaa001aa800 4 4
#40 828 942 10142
23 00728002801508e00101a400ea8002aa 00001871006a8011aa001aaa001aa800 4 4
#38 703 955 10845
25 00728002801508e00101a410e88002aa 00001871006a8011aa001aaa001a6800 4 4
#38 575 925 11420
27 00728002801508e00001a414e88002aa 00001871006a8011aa001aaa001a7000 4 3
#40 490 854 11910
29 00728002801508e00001a414e884022a 00001871006a0011aa005aaa001a7000 4 4
#40 570 826 12480
31 00728002801508e00400a414e884022a 00001871006a0011aa005aaa011a3000 4 4
#40 541 798 13021
33 00728002801508e00400a014f884022a 00001871002a0411aa005aaa011a3000 4 4
#38 308 824 13329
35 00728002801508e00400a014f884022c 00001871002a0411aa004aaa015a3000 4 5
#38 297 809 13626
37 00728002801509e00400a004f884022c 00001871002a0411aa004aa8015a3800 4 6
#36 367 833 13993
39 00728002801509e00400a004f884012c 00001831042a0411aa004aa8015a3800 4 7
#34 127 875 14120
41 00328402801509e00400a004f884012c 00001831042a0411aa004aa801593800 5 6
#30 722 943 14842
43 0032840280150be004002004f884012c 0000183114280411aa004aa801593800 5 6
#30 1157 866 15999
45 0032840280150be004002004f8840138 000018310c280411aa004aa801593800 5 6
#28 643 882 16642
47 003a840280110be004002004f8840138 000018310c280411aa004aa80158b800 5 6
#26 471 914 17113
49 003a840280110be004002004f08401b8 000018310c280411aa004ab80118b800 5 6
#24 601 940 17714
51 003e840280100be004002004f08401b8 000018310c280411aa004ab801187800 5 7
#22 341 995 18055
53 003e840280100be005002004f00401b8 000018310c280411b2004ab801187800 5 7
#20 265 1068 18320
55 003e840280100be805002000f00401b8 000018310c288411b2004ab801187000 6 10
#18 1073 1067 19393
57 003e840280100bec05000000f00401b8 000018310c288411b2004af801183000 6 12
#16 1135 1059 20528
59 003e840280102bec04000000f00401b8 0000183104288411b2004bf801183000 6 12
#14 521 1135 21049
61 003f840280102bec00000000f00401b8 0000182104288411b2104bf801183000 6 12
#12 345 1267 21394
63 003f841280102bcc00000000f00401b8 0000180104288411b2104ff801183000 7 11
#10 509 1419 21904
65 003f841282102b8c00000000f00401b8 0000180104288411b2104ff801303000 7 11
#8 352 1686 22256
67 003f84128250238c00000000f00401b8 0000180104288410f2104ff801303000 8 10000
#6 37 2235 22293
69 003f84128250438c00000000f00401b8 0000180104288410f2104ff901302000 9 10000
#4 2 3352 22295
71 003f84128250438c00000000e00401f8 0000180104298410f2104ff901300000 10 10000
#2 0 6705 22295
73 003f84128250438c00000000600401fc 00001801042b8410f2104ff900300000 11 10000

