Randseed fdf49f83
#58 1000 1000 0
0 00aa8002aa000aa8002aa000aa8002aa 00002aa800aaa002aa800aaa002aa800 2 1
#56 109 1031 110
2 00a68002aa000aa8002aa000aa8002aa 000026a800aaa002aa800aaa002aa800 3 0
#54 619 1047 729
4 00a70002aa000aa8002aa000aa8002aa 000006ac00aaa002aa800aaa002aa800 3 0
#52 412 1071 1141
6 00a60042aa000aa8002aa000aa8002aa 000003ac00aaa002aa800aaa002aa800 3 0
#50 345 1100 1486
8 00660042aa000aa8002aa000aa8002aa 000001ac10aaa002aa800aaa002aa800 4 1
#48 5341 905 7261
10 00620042ae000aa8002aa000aa8002aa 0000019c10aaa002aa800aaa002aa800 3 0
#46 167 937 7429
12 00620042ae000aa8002aa000ca8002aa 0000018c11aaa002aa800aaa002aa800 4 1
#44 1702 903 9131
14 00620041ae000aa8002aa000ca8002aa 0000018811eaa002aa800aaa002aa800 4 1
#42 1718 850 11150
16 00620040ae100aa8002aa000ca8002aa 00000188116aa402aa800aaa002aa800 4 1
#40 1218 831 12368
18 00600040ae110aa8002aa000ca8002aa 000001881166a402aa800aaa002aa800 4 3
#38 1261 809 13629
20 00600040ac110ae8002aa000ca8002aa 000001881166a402ca800aaa002aa800 4 3
#36 1422 774 15051
22 00600040ac1102e9002aa000ca8002aa 0000018811666402ca800aaa002aa800 4 5
#34 773 775 15824
24 00600040ac1102e8003aa000ca8002aa 0000018011666406ca800aaa002aa800 4 6
#32 491 792 16315
26 00600040a81103e8003aa000ca8002aa 0000038011626406ca800aaa002aa800 4 8
#30 511 811 16826
28 00600040a81103e8003aa000ca9000aa 0000038011626405ca800aaa002aa800 4 8
#28 970 800 17797
30 00200440a81103e8003aa000ca9000aa 0004038011606405ca800aaa002aa800 4 9
#26 1243 766 19040
32 00200440a81103e8003aa040c29000aa 0004038011206407ca800aaa002aa800 4 10
#24 521 786 19561
34 00200440a81103e8003aa440829000aa 0004038011006407cac00aaa002aa800 4 10
#22 536 809 20098
36 00000440e81103e8003aa440829000aa 0004038011006407c6c00aaa002aa800 4 10
#20 304 859 20403
38 00000440e81103e0013aa440829000aa 0004038011006407c2c04aaa002aa800 4 10
#18 361 915 20764
40 00000440e81103e0003aa444829000aa 0004038010006407c3c04aaa002aa800 4 10
#16 356 985 21120
42 00000440c81103e0043aa444829000aa 0004038010006007c3c04aab002aa800 4 12
#14 319 1080 21439
44 00000440c81103e0143aa404829000aa 0004038010006007c3c049ab002aa800 5 12
#12 597 1160 22036
46 00000440c81103e0143a8404839000aa 0004038010006007c3c048eb002aa800 5 14
#10 438 1305 22474
48 00000440881103e0143a8414839000aa 0004038010006007c3c0486b042aa800 5 15
#8 260 1566 22734
50 00000440881103e0143a8410839040aa 0006018010006007c3c0486b042aa800 6 19
#6 714 1850 23448
52 00000440881103e0143a8410839050a8 0007008010006007c3c0486b042aa800 6 10000
#4 275 2638 23723
54 00000440881103e0143a841083905068 0007808000006007c3c0486b042aa800 7 10000
#4 12 2632 23735
56 00000440881103e0143e841083905060 0007801000006007c3c0486b042aa800 8 10000
#2 0 5265 23735
58 00000040881103e0143e841083905068 0003801002006007c3c0486b042aa800 9 10000

