Randseed fdf5359c
#56 1000 1035 0
1 009a8002aa000aa8002aa000aa8002aa 00002aa800aaa002aa800aaa002aa800 2 1
#56 73 1020 424
3 008e8002aa000aa8002aa000aa8002aa 00001aa800aaa002aa800aaa002aa800 3 1
#54 444 1041 868
5 00878002aa000aa8002aa000aa8002aa 00001aa800aaa002aa800aaa006aa000 3 1
#52 402 1066 1270
7 00838042aa000aa8002aa000aa8002aa 00001aa001aaa002aa800aaa006aa000 3 1
#50 437 1091 1707
9 00838041aa000aa8002aa000aa8002aa 00001a8005aaa002aa800aaa006aa000 3 1
#48 290 1125 1997
11 00838040ea000aa8002aa000aa8002aa 00001a8005aaa002aa801aaa002aa000 4 4
#46 2558 1062 4555
13 008380407a000aa8002aa000aa8002aa 00001b0005aaa002aa801aaa002aa000 4 4
#44 1150 1038 6145
15 008300407a040aa8002aa000aa8002aa 00001e0005aaa002aa801aaa002aa000 4 5
#42 1358 1023 7503
17 0083004078044aa8002aa000aa8002aa 00001e0005aaa002ab801aa8002aa000 4 6
#40 1205 1014 8708
19 00830040780446a8002aa000aa8002aa 00001e0005aaa012ab800aa8002aa000 4 8
#38 1308 999 10016
21 00430040780446a8002aa000aa8002aa 00001e0007aa8012ab800aa8002aa000 4 8
#36 1209 987 11226
23 00230040780446a8002aa000aa8002aa 00001e0006aa8012ab804aa8002aa000 4 8
#34 1702 945 12928
25 00130040780446a8002aa000aa8002aa 00001e0006aa8011ab804aa8002aa000 4 8
#32 903 948 13831
27 000b0040780446a8002aa000aa8002aa 00001e0006aa8011ab804aa8012a8000 4 8
#30 828 956 14659
29 00070040780446a8002aa000aa8002aa 00001c0106aa8011ab804aa8012a8000 4 8
#28 1848 892 16507
31 00070040780443a8002aa000aa8002aa 00001c01066a8011ab804aa8012a8000 4 8
#26 1569 840 18076
33 00030040780543a8002aa000aa8002aa 00001801066a8811ab804aa8012a8000 4 8
#24 1088 819 19164
35 00020040780543a8402aa000aa8002aa 00001801066a8811ab8046a8012a8000 4 16
#22 467 851 19631
37 00020040780543a8404aa000aa8002aa 00000801066a8811ab9046a8012a8000 4 15
#20 1070 829 20701
39 00020040780543a8400aa800aa8002aa 00000001066a8811ab9046a8412a8000 4 18
#18 947 816 21648
41 00020040380543a8500aa800aa8002aa 00000001066a8811ab9042a8413a8000 4 18
#16 1029 790 22677
43 00020040380563a0500aa800aa8002aa 00000001066a8811ab9042a8413b0000 4 18
#14 440 840 23117
45 00020040390523a0500aa800aa8002aa 0000000106688851ab9042a8413b0000 4 18
#12 516 894 23634
47 00020048390503a0500aa800aa8002aa 0000000106688811af9042a8413b0000 4 18
#10 499 973 24133
49 00020058380503a0500aa800aa8002aa 0000000106688811af9142a8403b0000 4 20
#8 467 1100 24600
51 00020070380503a0500aa800aa8002aa 0000000006688811af9142a8403f0000 4 23
#6 245 1385 24845
53 00000070380503a0500aa900aa8002aa 0000000004688811af9142e8403f0000 5 22
55 0000007078050380500aa900aa8002aa 0000000004688811af9142e8503e0000 4 10000
57 0000007078050380500aa500aa8002aa 0000000004688811af9542e8501e0000 4 10000

