Randseed fe03f59c
#58 1000 1000 0
0 00aa8002aa000aa8002aa000aa8002aa 00002aa800aaa002aa800aaa002aa800 2 1
#56 149 1024 326
2 00b28002aa000aa8002aa000aa8002aa 00002aa800aaa0026a800aaa002aa800 3 0
#54 748 1034 1074
4 00b28002aa004aa0002aa000aa8002aa 00002aa800aaa00272800aaa002aa800 3 0
#52 500 1054 1574
6 00b28012aa000aa0002aa000aa8002aa 00002aa800aaa00262840aaa002aa800 3 0
#50 332 1083 1906
8 00a28412aa000aa0002aa000aa8002aa 00002aa800aaa00222840aea002aa800 4 1
#48 3205 995 5111
10 00628412aa000aa0002aa000aa8002aa 00002aa800aaa00202840bea002aa800 3 0
#46 275 1026 5386
12 00228412ea000aa0002aa000aa8002aa 00002aa800aaa00202840bea042a2800 4 3
#44 1177 1019 6563
14 00028412fa000aa0002aa000aa8002aa 00002a8804aaa00202840bea042a2800 4 4
#42 1433 1000 7996
16 00008452fa000aa0002aa000aa8002aa 00002a8804aaa00202800bfa042a2800 4 5
#40 1106 994 9102
18 00008452fa040a20002aa000aa8002aa 00002a8804aaa002028009fe042a2800 4 5
#38 1457 970 10559
20 00008452fa040a20002ac000aa8002aa 00002a8804aaa002028009fe046a2000 4 6
#36 973 970 11532
22 00008451fa040a20002ac000aa8002aa 00002a8804aaa002028018fe046a2000 4 8
#34 652 989 12184
24 00008451fa040a20002ac000aa9000aa 00002a8804aaa006028018fe042a2000 4 9
#32 701 1007 12885
26 00008450fa050a20002ac000aa9000aa 00002a8804aae0060280187e042a2000 4 11
#30 486 1036 13457
28 00008450fa150a00002ac000aa9000aa 00002a8804aae0160080187e042a2000 4 10
#30 582 997 14039
30 00008470fa150800002ac000aa9000aa 00002a8800aae0160080187e052a2000 4 9
#28 609 1025 14648
32 00008470fa150800002ac000aa94002a 00002a8001aae0160080187e052a2000 4 9
#26 764 1045 15412
34 00008470f8150a00002ac000aa94002a 00002a8001aae0160080187f050a2000 4 10
#24 396 1099 15808
36 00008470f8150a00000ac400aa94002a 00002a81018ae0160080187f050a2000 4 10
#22 200 1181 16008
38 00008470f8150a00000b8400aa94002a 00002a85010ae0160080187f050a2000 5 10
#22 535 1132 16543
40 00008470f8150a00000b8400aa95000a 00002a850108e0560080187f050a2000 5 10
#20 310 1214 16853
42 00008470f8150a00000b8400ea91000a 00002a850100e1560080187f050a2000 6 11
#16 964 1397 17817
44 00008470f8150a00000b8400e891400a 00002a850100e1760080187f050a0000 6 12
#14 1243 1420 19060
46 00008470f8150a00000b8000f891400a 00002a850100e17600c0187e050a0000 6 14
#12 1834 1351 20894
48 00000470f8150a00400b8000f891400a 00002a850100f17600c0107e050a0000 6 15
#10 1452 1330 22346
50 00000470f8110a00400b8100f891400a 00000a870100f17600c0107e050a0000 6 15
#8 700 1488 23046
52 00000470f8100a00400b8100f891c00a 00000b070100f17600c0107e050a0000 6 16
#6 336 1872 23382
54 00000470f8100600400b8100f891c00a 00100a070100f17600c0107e050a0000 7 10000
#4 20 2799 23402
56 00000470f8100600400b8100f811d00a 003008070100f17600c0107e050a0000 8 10000
#2 0 5598 23402
58 00000470f8100600400b8100f811f002 003008070100f1f600c0107e040a0000 9 10000

