Randseed fe0479f7
#56 1000 1035 0
1 00aa80029a000aa8002aa000aa8002aa 00002aa800aaa002aa800aaa002aa800 2 0
#54 145 1068 145
3 00aa80029c000aa8002aa000aa8002aa 00002aa800aaa002aa001aaa002aa800 3 -1
#52 383 1095 528
5 00aa800298010aa8002aa000aa8002aa 00000aac00aaa002aa001aaa002aa800 3 -2
#50 709 1110 1237
7 00aa804298010a88002aa000aa8002aa 00000aac00aaa002aa001aab000aa800 3 -1
#48 425 1139 1662
9 00ab804288010a88002aa000aa8002aa 00000aac00aaa002aa000aaf000aa800 3 0
#46 321 1174 1983
11 00ab804288010a88002aa000ab0002aa 00000aac00aaa002aa000aaf000ab000 4 2
#46 2003 1087 3986
13 00af804288000a88002aa000ab0002aa 00000aac00aaa002aa004aad000ab000 4 3
#44 2792 1010 6778
15 00bf004288000a88002aa000ab0002aa 00000a2c10aaa002aa004aad000ab000 4 3
#42 1996 963 8775
17 00ff004280000a88002aa000ab0002aa 00000a2c10aaa002aa004aad000ae000 4 4
#40 1865 918 10640
19 00ff004280000a88002a2010ab0002aa 00000a2c10aaa002a2014aad000ae000 4 3
#38 1983 861 12624
21 00ff004280000a88002a2000af0002aa 00000a2810eaa002a2014aad000ae000 4 4
#38 1234 796 13858
23 00ff004280000a88002a2000af01028a 00000a28107aa002a2014aad000ae000 4 5
#36 1297 769 15155
25 00ff044200000a88002a2000af01028a 00000a28107aa002a2004abd000ae000 4 5
#34 1033 753 16188
27 00ff044200000a8800262000af01028a 00000a28107ac002a2004abd000ae000 4 6
#32 541 766 16729
29 00ff044200000a88002620008f05028a 00000a28107ac012a2004a9d000ae000 4 7
#30 588 778 17317
31 00ff044200000a88002620008f01038a 00000a28107ac012a2004a9d000a7000 4 8
#28 882 771 18199
33 00ff044200000a88102220008f01038a 00000a28107ac012a2004a8d008a7000 4 9
#26 602 784 18801
35 00ff044200000289102220008f01038a 00000a28107ac012a2004e8c008a7000 4 10
#24 467 811 19268
37 00ff044200000289102220008f01038c 00000229107ac012a2004e8c008a7000 4 12
#22 454 843 19722
39 00ff044200000489102220008f01038c 00000228107ac112a2004e8c008a7000 4 12
#20 270 900 19992
41 00ff044200000489102220008f010398 00000228107ac112a2004e8c00867000 5 11
#18 562 938 20554
43 00ff044200000489102220008f018390 00000228007ec112a2004e8c00867000 5 14
#18 448 888 21003
45 00ff044200000489102220000f118390 00000228007ec112a200478c00867000 5 15
#16 514 935 21517
47 00ff044200000489102220000f0183d0 00000228007fc112a200478c00863000 5 16
#14 947 897 22721
49 00ff044200000489102220000f0103f0 00000228007fc112e200478c00861000 5 16
#12 962 886 23683
51 00ff044200000889102220000f0103f0 00000228007fd110e200478c00861000 5 16
#Clearing transposition table 1754292 
53 00ff044200000089106220000f0103f0 00000228007f9110e204478c00861000 4 17
55 00ff044200000088106228000f0103f0 00000228007f91106204478c10861000 4 17
57 00ff044200000088104228010f0103f0 00000230007f91106204478c10861000 4 17
59 00ff044200000088100228018f0103f0 00000230407f91106204438c10861000 4 10000
61 00ff044200000008100228418f0103f0 00000230447f91106204438c10860000 4 10000

