Randseed fe092d9f
#56 1000 1035 0
1 00a88042aa000aa8002aa000aa8002aa 00002aa800aaa002aa800aaa002aa800 2 1
#56 73 1033 74
3 00289042aa000aa8002aa000aa8002aa 00002ab000aaa002aa800aaa002aa800 3 0
#54 456 1054 530
5 00089442aa000aa8002aa000aa8002aa 00002ab000aac002aa800aaa002aa800 3 0
#52 450 1042 1899
7 00009542aa000aa8002aa000aa8002aa 00002aa004aac002aa800aaa002aa800 3 0
#50 543 1062 2442
9 00009542aa000aa8002aa000aa81028a 00002aa004aac002ab000aaa002aa800 3 0
#48 464 1087 2906
11 00009542aa000aa8002a8004aa81028a 00002aa004aac002ab000aaa006aa000 3 -1
#48 328 1073 3234
13 00009542aa000aa8002a8004aa814282 00002a8004aac012ab000aaa006aa000 4 2
#46 3772 956 7006
15 00009542aa000aa8002a0014aa814282 00002a8004aac012ab000aaa005aa000 3 0
#46 257 945 7263
17 00009542aa000aa8002a0010ab814282 00002a8004aac012ab000a8a045aa000 4 2
#44 1773 907 9036
19 00009542aa000aa8002a04102b814282 00002a8004aac012ab000a8a045ca000 4 3
#44 923 865 9959
21 00009502ba000aa8002a04102b814282 00002a8004abc012aa000a8a045ca000 4 2
#42 1470 836 11429
23 00009402ba040aa8002a04102b814282 0000288044abc012aa000a8a045ca000 4 2
#42 588 808 12017
25 00009402ba040aa8002a04102b815280 0000208144abc012aa000a8a045ca000 4 2
#40 315 833 12332
27 00008402ba440aa8002a04102b815280 0000208044bbc012aa000a8a045ca000 4 2
#38 261 863 12593
29 00008402ba440aa8002a05100b815280 0000208044bbc012aa000a8e041ca000 5 0
#38 1711 773 14304
31 00008402b2440aa8102a05100b815280 0000208044b9c012ae000a8e041ca000 5 -1
#36 1575 728 15879
33 00008402b2440aa8103a01100b815280 0000208044b9c012ae000a8e440ca000 5 -1
#34 1150 704 17029
35 00008402b2440ac8103a01100b815280 0000208044b8c012ae004a8e440ca000 5 -2
#34 1670 605 18699
37 00008402b2440a88103a01500b815280 000020804cb8c012a6004a8e440ca000 5 -3
#32 1399 556 20098
39 00008402b2440c88103a01500b815280 000020c04cb8c012a2004a8e440ca000 5 -3
#32 765 508 20863
41 00008402b2440889103a01500b815280 000020c04cb8c01282044a8e440ca000 5 -3
#30 197 529 21060
43 00008003b2440889103a01500b815280 000021c04cb8801282044a8e440ca000 5 -3
#28 261 548 21321
45 00008003b2440889103a01500f805280 000021c04cb8801282044a8e400ca010 5 -3
#28 553 509 21874
47 00008003b2440889103a01500f805300 000021c04cb8801282044a8e400da000 5 -2
#26 471 511 22345
49 00000013b2440889103a01500f805300 000021c04cb880128204488e400fa000 5 -1
#26 206 496 22551
51 0000001332440889503a01500f805300 000021c04cb880128204488e500f2000 5 1
#26 213 479 22764
53 0000000332444889503a01500f805300 000021c04cb880128200488ed00f2000 5 2
#26 274 458 23038
55 0000000332444889503a01500f805180 000021c04cb8801282004c0ed00f2000 5 2
#24 163 483 23201
57 0000000332444889503a01500f8050c0 000021c04cb8801282404c0ec00f2000 5 2
#22 113 516 23314
59 0000000332444889703a01400f8050c0 000021c04cb8841202404c0ec00f2000 6 5
#16 56 703 23370
61 0000000332444889703a01400f80c0c0 000023c04cb8801202404c0ec00f2000 7 4
#14 297 761 23667
63 0000001332444881703a01400f80c0c0 000027c04c98801202404c0ec00f2000 7 4
#12 307 837 23974
65 0000801332440881703a01400f80c0c0 00002fc04c88801202404c0ec00f2000 7 4
#12 205 803 24179
67 0001801330440881703a01400f80c0c0 00001fc04c88801202404c0ec00f2000 8 4
69 0003800330440881703a01400f80c0c0 00001fc04c88801202404c0ec00f1000 4 7
71 0003800330440881703a00400f81c0c0 00001fc04c88901202404c0ec00e1000 4 6
73 0001c00330440881703a00400f81c0c0 00003fc04c88901202404c0cc00e1000 4 5
75 0001801330440881703a00400f81c0c0 00003fc44c88901202404c08c00e1000 4 4
77 0001801330440881703a00400b81c0e0 00003fc44c88901202404c08c00e0800 4 3
79 0000801332440881703a00400b81c0e0 00003fc44c88901202404c08c04e0000 4 2
81 0000801332440881703a00440b81c060 00003fc44c88901202404c0ac00e0000 4 1
83 0000801322440881703a20440b81c060 00003fc44c88901202405c08c00e0000 4 0
85 0000801302440881713a20440b81c060 00003fc44c88901202c04c08c00e0000 4 -12
87 0000801302400889713a20440b81c060 00003fc44c88901602404c08c00e0000 4 -10000

