Randseed fe09ff48
#58 1000 1000 0
0 00aa8002aa000aa8002aa000aa8002aa 00002aa800aaa002aa800aaa002aa800 2 1
#56 141 971 1806
2 006a8002aa000aa8002aa000aa8002aa 00002aa800aaa002aa800aaa001aa800 3 0
#54 486 989 2292
4 006a0012aa000aa8002aa000aa8002aa 00002aa800aaa002aa8006aa001aa800 3 0
#52 459 1009 2751
6 006a0012aa000aa8002aa000aa8012a8 00002aa8006aa002aa8006aa001aa800 3 0
#50 537 1028 3288
8 002a0412aa000aa8002aa000aa8012a8 00002aa8006aa001aa8006aa001aa800 3 0
#48 557 1048 3845
10 00220512aa000aa8002aa000aa8012a8 00002a68006aa001aa8006aa001aa800 3 0
#48 422 1030 4267
12 00020513aa000aa8002aa000aa8012a8 00002868406aa001aa8006aa001aa800 3 -1
#46 522 1052 4789
14 00020513aa000aa8002aa0006a8012a8 00002868406aa001aa9002aa001aa800 3 -1
#46 266 1041 5055
16 00020513aa0006a8002aa0006a8012a8 00002868406ac001aa9002aa001aa800 4 2
#44 1505 1020 6560
18 00020513aa0006a8002a60006a8012a8 00002868406ac001ab1002aa001aa800 4 2
#42 679 1036 7239
20 00020513aa0006a8002a20046a8012a8 00002828446ac001ab1002aa001aa800 4 2
#40 833 1046 8072
22 00020513aa0006a8000a24046a8012a8 00002828446ac001ab1002aa000ea800 4 2
#38 948 1051 9020
24 00020513aa0006b0000a24046a8012a8 00002828446ac001eb1000aa000ea800 4 1
#36 588 1077 9608
26 00020513aa0006b0000a04046b8012a8 00002828446ac001eb1000aa000ec800 4 1
#34 656 1102 10264
28 00020513aa0006b0000a0004eb8012a8 00002828446ac001eb1000aa1006c800 4 0
#32 542 1137 10806
30 00020513aa1002b0000a0004eb8012a8 00002828446ac101eb0000aa1006c800 4 -1
#30 1090 1140 11896
32 00020513aa1102a0000a0004eb8012a8 00002828446ac101eb0000aa1003c800 4 -1
#30 1048 1032 13509
34 00020713aa1100a0000a0004eb8012a8 00002828046ac101fb0000aa1003c800 4 -3
#28 986 1036 14495
36 00020713aa1100a0000a00046b8412a8 000028280462c101fb0400aa1003c800 4 -4
#26 471 1079 14966
38 00020713aa1100a0000a01042b8412a8 000028280462c001fb0400aa1403c800 4 -6
#24 355 1139 15321
40 00020713ba0100a0000a01042b8412a8 000028280460c041fb0400aa1403c800 5 -8
#22 1093 1144 16414
42 00020713ba0100a0000a01042b8411a8 000028280460c041fb0400aa1443c000 5 -9
#20 930 1165 17345
44 00020713ba0100a0000a01042b8410e8 000030280460c041fb0400aa1443c000 5 -10
#18 999 1184 18344
46 00020713ba0100a0000a0144238410e8 000030280460c001ff0400aa1443c000 5 -11
#16 1055 1200 19399
48 00020713ba010060000a0144238410e8 000030280460c001ff0400b21443c000 5 -11
#14 307 1327 19706
50 00020753ba010020000a0144238410e8 000030280460c008ff0400b21443c000 6 -8
#12 546 1458 20252
52 00020753ba010020000b0104238410e8 000030280460c008ff0410b21403c000 6 -8
#10 837 1582 21089
54 00028753b8010020000b0104238410e8 000030280460c008ff0430b01403c000 6 -8
#8 272 1909 21361
56 00038753b8010000000b0104238410e8 000030280460c408ff0420b01403c000 7 -9
#6 513 2375 21874
58 00038753b8010000000b0104218410ea 0000302806604408ff0420b01403c000 8 -10000
#2 3 7123 21877
60 00038747b8010000000b0104218410ea 0000302807604408ff0420a01403c000 9 -10000

