Randseed fe178465
#56 1000 1035 0
1 00ab0002aa000aa8002aa000aa8002aa 00002aa800aaa002aa800aaa002aa800 2 0
#54 127 1068 163
3 006b0002aa000aa8002aa000aa8002aa 00002aa800aaa006aa000aaa002aa800 3 -1
#52 782 1079 945
5 003b0002aa000aa8002aa000aa8002aa 00002aa800aaa006aa000aaa002a6800 3 -1
#50 443 1103 1425
7 003e0002aa000aa8002aa000aa8002aa 00002aa800aaa006aa000aaa002a3800 3 -1
#48 393 1132 1818
9 001e0042aa000aa8002aa000aa8002aa 00002aa801aaa002aa000aaa002a3800 3 -1
#46 382 1165 2200
11 000e0042aa010aa8002aa000aa8002aa 00002aa801aaa002aa000aac002a3800 4 0
#46 3607 1008 5807
13 00060042aa010aa8042aa000aa8002aa 00002aa801aaa002aa000aac012a3000 3 -3
#46 603 982 6410
15 00020042aa010aa8042aa010aa8002aa 00002aa001aae002aa000aac012a3000 3 -2
#44 510 1003 6920
17 00000042aa010aa8042aa010aa8042aa 00002aa000aae012aa000aac012a3000 3 -1
#44 365 985 7328
19 00000052a8010aa8042aa010aa8042aa 00002a8004aae012aa000aac012a3000 3 -2
#46 615 915 7943
21 00000062a8010aa8042aa010aa8042aa 00002a8004aac012aa004aac012a3000 3 -2
#44 260 945 8203
23 00000062a8010aa0052aa010aa8042aa 00002a8006aa8012aa004aac012a3000 4 0
#42 712 956 8915
25 00000061a8010aa0052aa010aa8042aa 00002a80066a8012aa004aac012a3000 4 0
#40 595 974 9510
27 00000061a80106a0052aa010aa8042aa 00002a80066a8011aa004aac012a3000 4 0
#38 714 988 10224
29 00000060e80106a0052aa010aa8042aa 00002a80063a8011aa004aac012a3000 4 0
#36 688 1004 10912
31 00000060e80106a0042ab010aa8042aa 00002a80063a8010aa104aac012a3000 4 0
#34 814 1013 11773
33 00000060e80106a0042a9012aa8042aa 00002a80063a8010aa104aac012c3000 4 0
#32 726 1031 12499
35 00000060e80106a0040a9412aa8042aa 00002a90063a8010aa104aa8012c3000 4 0
#30 442 1067 12987
37 00000060e80106a0040a9012aa9042aa 00002a90063a8010aa104aa841283000 4 -1
#28 358 1114 13393
39 00000060e80106a0040a90122a9043aa 00002a90063a8010a2114aa841283000 5 -2
#26 1860 1057 15253
41 00000060e80103a0040a90122a9043aa 00002a90063a8010e2114aa841203000 5 -2
#26 1773 921 17026
43 00000060e80103a0040a90122a9043ac 00002a90063a8010e2104ae841203000 5 -1
#24 1053 910 18079
45 00000060780103a0040a90122a9043ac 00002a90063a8010e2104ee801203000 5 -1
#22 1517 854 19596
47 00000060780101e0040a90122a9043ac 00002a90063c8010e2104ee801203000 5 -1
#20 725 867 20321
49 00000060780101e0040a80162a9043ac 00002a9006388210e2104ee801203000 5 0
#18 706 885 21028
51 00000060780101e0040680162a9043ac 00002a9006308210e2104fe801203000 5 0
#16 392 947 21420
53 00000060780101e0040380162a9043ac 00002a9106308210e2104fc801203000 5 0
#14 138 1063 21558
55 00000060780101e0040380161a9043ac 00003a9106308210e2104f8801203000 6 1
#12 204 1206 21762
57 00000060780101e0040380161a8043ec 00003a9106308210c2104f8901203000 7 0
#10 247 1398 22009
59 00000060780101e0040380141ac043ec 00003e9106308210c2104f8901003000 8 1
#8 393 1649 22402
61 00000060780101e0040380101ac04bec 00003f9106308210c2104f8801003000 9 10000
#6 231 2122 22633
63 00000060780101e0040380101a404bed 00043f9106308210c210478801003000 10 10000
#4 64 3151 22697
65 00000060780101e0040380101a004bef 00063f9106308210c210438801003000 11 10000
#2 4 6299 22701
67 00000060780101e0040380100e004bef 00073f9106308210c210430801003000 12 10000

