Randseed fe17ffff
#58 1000 1000 0
0 00aa8002aa000aa8002aa000aa8002aa 00002aa800aaa002aa800aaa002aa800 2 1
#56 135 1028 201
2 00b28002aa000aa8002aa000aa8002aa 00002aa001aaa002aa800aaa002aa800 3 0
#54 734 1039 935
4 00728002aa000aa8002aa000aa8002aa 00002aa001aaa002aa800aaa006aa000 3 0
#52 403 1063 1338
6 00628402aa000aa8002aa000aa8002aa 00002aa000aaa006aa800aaa006aa000 3 0
#50 358 1092 1696
8 00618402aa000aa8002aa000aa8002aa 00002aa000aaa006aa801aaa002aa000 4 1
#48 3685 984 5381
10 00618402aa000aa8002aa0002a9002aa 00002aa000aae006aa801aa8002aa000 3 -2
#46 712 995 6093
12 00618402aa000aa8002aa0002a9042a2 00002aa000abe006aa800aa8002aa000 3 -2
#46 268 984 6361
14 00618402aa000aa8002aa0002b1042a2 00002aa000afe006aa000aa8002aa000 4 0
#44 2732 904 9094
16 00618402aa000aa8002aa000271042a2 00002aa000bfe002aa000aa8002aa000 3 -2
#44 310 890 9404
18 00618402aa000aa8002ac000271042a2 00002aa000ffc002aa000aa8002aa000 3 -2
#42 212 923 9616
20 00618401aa000aa8002ac000271042a2 000032a000ffc002aa000aa8002aa000 4 0
#40 681 935 10297
22 00618400ea000aa8002ac000271042a2 000031a000ffc002aa000aa8002aa000 4 3
#38 462 960 10759
24 00218400fa000aa8002ac000271042a2 000030e000ffc002aa000aa8002aa000 4 5
#42 424 848 11183
26 00018400fe000aa8002ac000271042a2 0000307000ffc002aa000aa8002aa000 4 5
#40 687 856 11870
28 0000c400fe000aa8002ac000271042a2 0000303800ffc002aa000aa8002aa000 4 4
#36 566 920 12436
30 0000c000ff000aa8002ac000271042a2 0000307000ffc002aa000aa8002aa000 4 7
#34 800 927 13236
32 0000c000ff000aa8002ac010231042a2 000030e000ffc002aa000aa8002aa000 4 7
#32 1086 917 14322
34 00004008ff000aa8002ac010231042a2 000031c000ffc002aa000aa8002aa000 4 7
#30 783 926 15105
36 00004008ff000aa8002ac010231052a0 0000338000ffc002aa000aa8002aa000 4 9
#32 941 809 16046
38 00004008ff000aa8002ac01023105320 0000370000ffc002aa000aa8002aa000 4 9
#30 409 836 16455
40 00004008ff000aa8002ac010a3105220 00003e0000ffc002aa000aa8002aa000 4 9
#28 786 839 17241
42 00004008ff000aa8002ac010a3105210 00003e0000ffc002aa000aa4002aa000 4 8
#28 1140 758 18381
44 00004008ff000ab0002ac010a3105210 00003e0000ffc002ac000aa4002aa000 4 8
#26 794 755 19175
46 000040087f002ab0002ac010a3105210 00003e0000ffc002ac002aa0002aa000 4 9
#24 802 751 19977
48 000040083f002ab4002ac010a3105210 00003e0000ffc002ad000aa0002aa000 4 10
#22 1284 703 21261
50 000040083f0022b5002ac010a3105210 00003e0000ffc002ad000aa0002a8004 4 10
#20 1226 651 22487
52 000040083f0022b5002ac11083105210 00003e0000ffc002ad000aa1000a8004 4 10
#18 861 628 23348
54 000040083f0022b5002ac51083105010 00003e0000ffc002ad400aa0000a8004 4 10
#16 640 626 23988
56 000040083f0022b5003ac51083005010 00003e0000ffd002ad4002a0000a8004 4 11
#Clearing transposition table 1752149 
58 000000083f0022bd003ac51083005010 00003e0000ffd002ae4002a0000a8004 4 13
60 000000083f0022bd003ec51003005010 00003e0000ffd002ae4000a0400a8004 4 13
62 000000083f0022bc003fc51003005010 00003e0000ffd002ae4000a0000e8004 4 14
64 000000083f0022bc003fc41003805010 00003e0000ffd002ae4000a0000e8002 4 14
66 000000083f0022bc003fc01003805018 00003e0000ffd002ae4000a0000e8001 4 13
68 000000083f0022bc403fc01003805008 00003e0000ffd002ae4000a0000e8800 4 10000
70 000000003f0022fc403fc01003805008 00003e0000ffd002bc4000a0000e8800 4 10000

