Randseed fe26ca70
#56 1000 1035 0
1 00aa8002aa000aa8002aa000aa8012a8 00002aa800aaa002aa800aaa002aa800 2 0
#54 69 1052 577
3 00aa8002aa4002a8002aa000aa8012a8 00002aa800aaa000aac00aaa002aa800 3 -2
#52 376 1078 953
5 00aa8002aa4002a8002aa0006a8012a8 00002aa800aaa000aac00aab000aa800 3 -1
#50 426 1104 1380
7 00aa8002aa4002a8001aa0006a8012a8 00002ca800aaa000aac00aab000aa800 3 -2
#48 391 1134 1771
9 00aa8002aa4002a8001aa0006a8012b0 00002ca800aaa000aac00eaa000aa800 3 -2
#46 458 1163 2229
11 00aa80029a4002a8001aa0006a8012b0 000038a800aaa000aac00eaa000aa800 3 -2
#44 145 1210 2374
13 00aa80029a4002a8001aa0006a8011b0 000038a800aaa000aa800faa000aa800 4 0
#42 1234 1209 3608
15 00aa80029a4002a8001aa0006a8410b0 0000386800aaa000aa800faa000aa800 4 -1
#40 1229 1152 5947
17 00aa80029a4002a8001aa0006b8400b0 0000383800aaa000aa800faa000aa800 4 -1
#38 1408 1139 7355
19 00aa8002984042a8001aa0006b8400b0 0000383004aaa000aa800faa000aa800 4 0
#38 1195 1076 8550
21 00aa8002984042a8001aa0006f0400b0 0000183104aaa000aa800faa000aa800 4 0
#38 778 1035 9328
23 00aa8002984042a8001aa0406e0400b0 0000183104aaa4002a800faa000aa800 4 1
#36 713 1053 10041
25 00aa8002984042a8001aa0406e0500a0 0000182104aaa4102a800faa000aa800 4 0
#36 940 1001 10981
27 00aa8002984042a8001ac0406e0500a0 0000180104aaa4102b800faa000aa800 4 0
#34 739 977 12380
29 00aa8002984042a8001ec0406e050080 0000180104aaa4102b800faa1008a800 4 -1
#32 670 996 13050
31 00aa8002984042a8101ec0406c050080 0000180104a9a4102b800faa1008a800 4 -1
#30 612 1022 13662
33 00aa8002984042a8101fc04068050080 0000180100a9a4102f800faa1008a800 4 -3
#30 503 989 14165
35 00aa8002984041a8101fc04068050080 000018010029b4102f800faa1008a800 4 -4
#28 326 1036 14491
37 00aa8002984041a8101f804068070080 000018010031b4102f800faa1008a800 5 -9
#24 1530 1081 16021
39 00aa8002984041e8101f804028070080 000018010031b4102f800faa8008a800 5 -10
#26 2905 740 19377
41 00a88042984041e8101f804028070080 000018010031b41027804faa8008a800 4 -9
#24 848 731 20225
43 00a88042984241e8101f804008070080 000018010021bc1027804faa8008a800 4 -10
#22 1210 687 21435
45 00b08042984241e8101f804008070080 000018010021ac10a7804faa8008a800 4 -11
#20 1366 619 22801
47 00a08442984241e8101f804008070080 000018010021ac10a7804faa84082800 4 -12
#16 746 681 23547
49 00a00452984241e8101f804008070080 000018010021ac10a7804fba80082800 4 -12
#14 290 737 23837
51 00a004529a4241e0101f804008070080 000018010021ac10a7804f9a81082800 4 -12
#12 308 809 24145
53 00a004429e4241e0101f804008070080 000018010021a410e7804f9a81082800 4 -12
#10 502 870 24647
55 00a004429e4203e0101f804008070080 000018010021a411c7804f9a81082800 4 -11
57 00a004469e0203e0101f804008070080 000018010021a411c7a0479a81082800 4 -11
59 00a024449e0203e0101f804008070080 000018010021a415c3a0479a81082800 4 -11
#Clearing transposition table 1751128 
61 00a024449e1203e0101f004008070080 000018010021a415c3a0579a81080800 4 -7
63 01a024409e1203e0101f004008070080 000018010021a415c3a0571ac1080800 4 -10000
65 01e024409e1203e0101f004008070000 000018010021a415c3a0571ac1480000 4 -10000

