Randseed fe2799b4
#58 1000 1000 0
0 00aa8002aa000aa8002aa000aa8002aa 00002aa800aaa002aa800aaa002aa800 2 1
#56 128 1006 819
2 00aa8002aa000aa8002aa000aa80029a 00002aa800aaa002aa800aaa001aa800 3 -1
#54 514 999 2003
4 00a68002aa000aa8002aa000aa80029a 00002ab000aaa002aa800aaa001aa800 3 -1
#52 293 1027 2296
6 00a68002aa000aa8002aa000aa80019a 00002ab000aaa002aa800aaa000ea800 4 0
#50 2116 983 4413
8 00a28042aa000aa8002aa000aa80019a 00002a3010aaa002aa800aaa000ea800 4 0
#50 1787 862 7439
10 00a08042ae000aa8002aa000aa80019a 00002c3010aaa002aa800aaa000ea800 4 -1
#48 2479 795 9919
12 00a10042ae000aa8002aa000aa80019a 00002c3010aaa002aa800aaa400ca800 3 -2
#46 308 816 10227
14 00a10042ae000aa8002aa4002a80019a 00002c3010a2a102aa800aaa400ca800 3 -2
#44 243 842 10470
16 00a10042ce000aa8002aa4002a80019a 00002c3000a2a142aa800aaa400ca800 4 0
#42 1071 831 11541
18 00211042ce000aa8002aa4002a80019a 00002c3000a0a142ba800aaa400ca800 4 0
#44 1014 747 12555
20 002110438e000aa8002aa4002a80019a 00002c3000a0a142ba900aaa4008a800 4 0
#42 930 738 13485
22 002110438e000aa8002aa4002a80418a 00002c3000a0a142bad002aa4008a800 4 0
#44 1184 651 14669
24 002110438e000aa8002aa4002e804182 00002c3000a0a143ba9002aa4008a800 4 0
#42 796 644 15465
26 002110438c010aa8002aa4002e804182 00002c3000a0a143fa9002aa4000a800 4 0
#40 614 646 16079
28 002110438c1108a8002aa4002e804182 00002c3000a0a143fe9002aa0000a800 4 0
#38 807 637 16886
30 002110438c1108a8002aa4002e805180 00002c3000a0a153fe9000aa0000a800 4 -2
#34 869 661 17755
32 004110438c1108a8002aa4002e805180 00002c1002a0a153fe9000aa0000a800 4 -3
#32 883 647 18638
34 004110438c1108a8002aa40027805180 00002c0002a0e153fe9000aa0000a800 4 -2
#34 893 557 19531
36 004110438c150828002aa40027805180 00002c0002a0c153ff9000aa0000a800 4 0
#30 1265 546 20796
38 0041106388150828002aa40027805180 00002c0002a0c153ff9000aa00008804 4 0
#28 753 532 21549
40 0041106388170808002aa40027805180 00002c0002a0c151ff9040aa00008804 4 0
#26 340 547 21889
42 0041106388170808002aa40427801180 00000c0402a0c151ff9040aa00008804 4 0
#34 154 409 22043
44 00401063881f0808002aa40427801180 00000c0002e0c151ff9040aa00008804 4 -1
#32 231 420 22274
46 00401063881f08080022a50427801180 00000c0002e0c151ff90406a00008804 4 -1
#30 101 441 22375
48 00401063881f08040022a50427801180 00000c0002e0c151ff91406200008804 5 -3
#28 326 449 22701
50 00401063881f08040022851427801180 0000060002e0c151ff91406200008804 5 -3
#26 301 461 23002
52 00401063881f0804002285102f801180 0000030002e0c151ff91406200008804 5 -3
#24 391 467 23393
54 00401063881f0804002285102f841080 0000018002e0c151ff91406200008804 5 -3
#22 255 486 23648
56 00001863881f0804002285102f841080 0000018002e0c151ff91406200004804 5 -2
#22 190 469 23838
58 00001861881f0a04002285102f841080 0000018002e0c551ff11406200004804 5 -2
#24 185 414 24023
60 00001871881f0804002285102f841080 0000018002e0c551ff11406200002804 5 -2
#22 191 435 24214
62 00001871881f1004002285102f841080 0000018002e0c551ff11406200000806 5 -2
#20 261 452 24475
64 00001871881f0006002285102f841080 0000018002e0c551fe11406a00000806 5 -2
#18 70 495 24545
66 00001871881f0006002285103f841000 0000018002e0c551fe11406a00000803 6 0
#16 248 525 24793
68 00001871881f0006002287103f801000 000001800260c551fe11406e00000803 6 1
#14 34 596 24827
70 00001871881f0006006287103f800000 000001800260c551fe11406e00400801 7 -3
72 00001871881f0006006487103f800000 000001800360c551fe11406e00400800 4 2
74 00001871881f0006006c87103f000000 000001880360c551fe11406e00400000 4 -3
76 00001871881f1006006887103f000000 000041880360c551fe11406e00000000 4 -3
78 00003861881f1006006887103f000000 0000c1880360c550fe11406e00000000 4 -3
80 00003845881f1006006887103f000000 0001c1880320c550fe11406e00000000 4 -3
82 00003805889f1006006887103f000000 0001c1a80320c550fe11406c00000000 4 -10000
84 00003805889f100200e887103f000000 0001c1e80300c550fe11406c00000000 4 -10000

