Randseed fe38569c
#58 1000 1000 0
0 00aa8002aa000aa8002aa000aa8002aa 00002aa800aaa002aa800aaa002aa800 2 1
#56 68 1033 68
2 00aa8002aa000aa8002aa000aa8002ca 00002aa800aaa002aa800aaa002ac800 3 0
#54 472 1054 541
4 00ab0002aa000aa8002aa000aa8002ca 00002aa800aaa002aa800aaa0026c800 3 0
#52 370 1080 911
6 00ab0002aa000aa8002aa000aa8002c6 00001aa800aaa002aa800aaa0026c800 3 0
#50 321 1110 1232
8 00ab0002aa000aa8002aa000aa800386 00001aa800aaa002aa800aaa00278800 4 1
#48 2795 1040 4027
10 00ab0002ca000aa8002aa000aa800386 00001ca800aaa002aa800aaa00278800 4 1
#46 2646 970 6673
12 00ab0002ca000aa8002a8004aa800386 00001cc800aaa002aa800aaa00278800 4 1
#44 1138 963 7811
14 00ab0002cc000aa8002a8004aa800386 00001cc800aa2012aa800aaa00278800 4 1
#42 912 965 8723
16 00ab0001cc000aa8002a8004aa800386 00001cc8006a2012aa800aaa00278800 4 1
#42 745 930 9469
18 00ab0001cc000aa0012a8004aa800386 00001cc800722012aa800aaa00278800 4 1
#40 548 949 10017
20 00b30001cc000aa0012a8004aa800386 00001cc800722002ae800aaa00278800 4 1
#40 570 920 10587
22 00b30001cc0006a0012a8004aa800386 00001cc800722042ac800aaa00278800 4 1
#36 548 992 11135
24 00b30001cc0006a0012a80049a800386 00001cc800722041ac800aaa00278800 4 0
#34 310 1032 11445
26 00b30200cc0006a0012a80049a800386 00001cc800722041ac840a2a00278800 5 -1
#34 859 982 12304
28 00b30200cc0006a0012a00149a800386 00001cc800722041ac840a2a04238800 5 -1
#34 942 926 13246
30 00b30200cc0002a0412a00149a800386 00001cc800722040ac940a2a04238800 5 -1
#34 972 869 14218
32 00b30200cc0002a0410a04149a800386 00001cc800722040a8950a2a04238800 5 -1
#32 595 886 14813
34 00b30200cc000320410a04149a800386 00001cc800722040a8954a2204238800 5 -1
#30 885 886 15698
36 00f302004c000320410a04149a800386 00001c8810722040a8954a2204238800 5 0
#28 784 894 16482
38 007302004c080320410a04149a800386 00001c0810722040b8954a2204238800 5 0
#26 877 895 17359
40 007302004c080320410a04049b800386 00001c0810322440b8954a2204238800 5 1
#26 357 868 17716
42 007302004c080320410a240499800386 00001c0011322440b8954a2204238800 5 1
#24 225 921 17941
44 003302004c080320410a250499800386 00001c0010322444b8954a2204238800 6 5
#22 1747 846 19688
46 003202404c080320410a250499800386 00000c0110322444b8954a2204238800 6 6
#Clearing transposition table 1760371 
#18 1906 809 21714
48 001202404c080320410a2504b9800386 00000c0100322444b895ca2204238800 6 8
#16 1610 709 23324
50 001002404c090320410a2504b9800386 00000c0100322444b891ca2204278800 6 13
#14 1013 666 24338
52 000002404c090320410a2504f9800386 00000c0100302444b891ca22042f8800 6 16
54 000002404c090320410a2504f1900386 00000c0100302444b8b1c822042f8800 4 16
56 000002404c090320410e2104f1900386 00000c0100202444b8b1cc22042f8800 4 15
58 0000024048090330410e2104f1900386 00000c0100202444b8b1cc220427c800 4 16
60 0000024068090330410e2104e1900386 00000c0100202444b8b1cc220423e800 4 16
62 0000024068090330400e2104e1901386 00000c01002024449ab1cc220423e800 4 14
64 0000024068090330410e2104e1901382 00000c01002224449ab1cc220421e800 4 10000
66 0000024068090338410e2104e1901380 00000c01002224448ab1cc220421e804 4 10000

