Randseed fe38dbb5
#56 1000 1035 0
1 00aa0012aa000aa8002aa000aa8002aa 00002aa800aaa002aa800aaa002aa800 2 0
#54 136 1064 258
3 00aa0012aa004aa0002aa000aa8002aa 00002aa800aaa002aa001aaa002aa800 3 -2
#52 373 1091 631
5 00aa0012aa004aa0002aa004aa0002aa 00000aac00aaa002aa001aaa002aa800 3 -2
#50 242 1122 936
7 00a80052aa004aa0002aa004aa0002aa 00000aac00aaa002aa001aaa001aa800 4 -1
#48 4877 966 5813
9 00a80052aa004aa0002aa4042a0002aa 00000a8c04aaa002aa001aaa001aa800 3 -2
#48 430 948 6243
11 00a80052aa014a80002aa4042a0002aa 00000a8c04aaa002a8005aaa001aa800 3 -2
#46 302 976 6545
13 00a00152aa014a80002aa4042a0002aa 00000a0c14aaa002a8005aaa001aa800 4 -1
#44 1633 946 8178
15 00a00152aa014a80002aa414280002aa 00000a0814aab002a8005aaa001aa800 4 0
#42 776 954 8954
17 00a001526a014a80002aa414280002aa 0000060814aab002a8005aaa001aa800 4 0
#42 760 918 9714
19 00a001526a014a81002aa014280002aa 0000060804aeb002a8005aaa001aa800 4 1
#40 961 913 10722
21 00a001526a014a81002aa014200102aa 0000060804bcb002a8005aaa001aa800 4 2
#40 651 881 11373
23 00a001526a014a81002ca014200102aa 0000060804bcb002a0015aaa001aa800 4 3
#38 406 906 11780
25 00a001526a014a81002ca114000102aa 0000060804bcb002a0015aaa000ea800 4 3
#36 362 936 12142
27 00a001526a014281003ca114000102aa 0000060804f8b002a0015aaa000ea800 4 3
#34 304 973 12446
29 00a001127a014281003ca114000102aa 0000060800f8b012a0015aaa000ea800 5 2
#32 1474 942 13920
31 00a001127a044281003ca114000102aa 0000060800f8b11280015aaa000ea800 5 2
#30 970 940 14890
33 00a001027e044281003ca114000102aa 0000060800f8b51200015aaa000ea800 5 2
#28 652 961 15542
35 00a001023e044281103ca114000102aa 0000060880f8b11200015aaa000ea800 5 1
#26 898 966 16440
37 00a001023e044280103ea114000102aa 0000060880f8b01200415aaa000ea800 5 1
#24 700 988 17140
39 00a001023e044280103ea114000101aa 0000060880f0b01200415eaa000ea800 5 2
#22 366 1044 17506
41 00a001023e044280103ea114000100ea 0000040880f0b01200415eaa400ea800 5 1
#20 852 1064 18358
43 00a001023e044280101fa114000100ea 0000040880f0b01200405eaa440ea800 5 1
#18 451 1132 18809
45 00a011003e044280101fa114000100ea 0000040880f0301202405eaa440ea800 5 1
#16 166 1253 18975
47 00a011003e044280501fa014000100ea 0000000880f0301202405eaa540ea800 6 3
#14 792 1319 19767
49 00a011003e044288501fa004000100ea 0000000880f0301202405e8a540ee800 6 3
#12 495 1456 20262
51 00a011003e044088511fa004000100ea 0000000880f0301202405e0a5c0ee800 6 3
#12 312 1404 20574
53 00a013003e044088511f2004000100ea 0000000880f0301202405e0a5c0ef000 7 -1
#10 667 1551 21241
55 008017003e044088511f2004000100ea 0000000081f0301202405e0a5c0ef000 7 0
#Clearing transposition table 1752586 
#4 186 3768 21464
57 008017003e044088511f20040001007a 0000000081f0301202404e0a5c4ef000 8 -13
#2 35 7501 21499
59 00001f003e044088511f20040001007a 0000000080f0301602404e0a5c4ef000 9 -10000
#2 19 7482 21518
61 00001f003e044088511f20040001003e 0000000080f0300602404e0a5d4ef000 10 -10000

