Randseed fe498ff0
#58 1000 1000 0
0 00aa8002aa000aa8002aa000aa8002aa 00002aa800aaa002aa800aaa002aa800 2 1
#56 143 1030 143
2 00a68002aa000aa8002aa000aa8002aa 00002aa800aac002aa800aaa002aa800 3 0
#54 401 1053 544
4 00a68002aa000aa8002aa000aa8001aa 00002aa800aac002aa800aaa002ab000 3 0
#52 241 1085 786
6 00a60012aa000aa8002aa000aa8001aa 00002aa800aac002aa800aac002ab000 4 3
#50 1745 1058 2531
8 00a20052aa000aa8002aa000aa8001aa 00001aa800aac002aa800aac002ab000 4 3
#48 1918 1022 4449
10 00a00052ae000aa8002aa000aa8001aa 00001aa8006ac002aa800aac002ab000 4 4
#46 1276 1011 5725
12 00a00052ae000aa0012aa000aa8001aa 00001aa8006ac002aa8006ac002ab000 4 4
#44 1616 984 7341
14 00a00052ae000aa0012aa000aa8001ac 00001aa8006ac002a28106ac002ab000 4 4
#42 858 990 8199
16 00a000529e000aa0012aa000aa8001ac 00001aa8006ac001a28106ac002ab000 4 5
#40 1047 987 9246
18 00a000529e000aa0012aa000aa8400ac 00000aa9006ac001a28106ac002ab000 4 4
#40 1041 935 10287
20 00a000529e000aa0012aa000ba84002c 00000aa9006ac001a28106ac012aa000 4 4
#36 759 997 11046
22 00a000529e000aa0012aa0007a84002c 00000aa9006ac001a28106a8012ae000 4 5
#36 517 968 11563
24 00a000529e000aa00128a0407a84002c 00000aa9006ac001a28106a0012be000 4 5
#34 245 1011 11808
26 00a000528e010aa00128a0407a84002c 00000aa9006ac000a29106a0012be000 5 2
#38 992 852 12800
28 00c000528e010aa00128a0407a84002c 000002a9006ac400a29106a0012be000 5 1
#38 1491 774 14292
30 00c000528e010aa00128a0407c84002c 000002a9006ac400a2910720012be000 5 0
#36 1050 758 15342
32 00c000528e010aa00028e0407c84002c 000002a91068c400a2910720012be000 5 0
#34 825 754 16167
34 00c000528e010aa00028e0007c8400ac 000002a91068c400a29107200133e000 5 -1
#32 926 704 17730
36 00c000528e010aa00028e0047c0400ac 000002a91068c400a29107200233e000 5 -2
#32 394 679 18124
38 00c000520e110aa00028e0047c0400ac 000002a91068c400a19107200233e000 5 -2
#30 533 689 18657
40 00c000520e010ba00028e0047c0400ac 000002a81068c400a19107208233e000 5 -3
#30 424 661 19081
42 00c000520e010ba10008e0047c0400ac 000002a81068c400e19106208233e000 5 -3
#28 239 691 19321
44 00c000520e010ba10000e1047c0400ac 000002a81078c400e19106208213e000 5 -3
#26 129 734 19450
46 00c000520e011ba00000e1047c0400ac 000002a81078c400e19106308211e000 6 -2
#24 345 767 19795
48 00c000520e011ba00000e104780400ec 000002a81078c400e19306308210e000 6 -2
#22 402 800 20197
50 00c000520e0119e00000e104780400ec 000002a81078c400f19306308210c000 6 -4
#20 172 863 20369
52 00c000520e0119e00400e100780400ec 000002a85078c400f193063082104000 7 -6
#20 438 819 20807
54 00c000520e0119e00400e000780400fc 000002a05178c400f193063082104000 7 -5
#18 186 889 20993
56 00c000520e0119e00400e000380420fc 000003a04178c400f193063082104000 8 -4
#16 282 965 21275
58 00c000520e0119e00400e000310420fc 000003a041784408f193063082104000 9 -5
#12 431 1215 21706
60 008010520e0119e00400e000310420fc 0001038041784408f193063082104000 9 -5
#10 546 1349 22252
62 000010560e0119e00400e000310420fc 0001038041786408f113063082104000 9 -5
#8 515 1558 22767
64 000010560e8111e00400e000310420fc 0001038841786408f013063082104000 10 -10000
#8 74 1539 22841
66 000010560e8111e00400e008210420fc 0000838841786408f013063082104000 11 -10000
#2 17 6142 22858
68 000210560e8111e00400c008210420fc 0000438841786408f013063082104000 12 -10000

