Randseed fe4a55ad
#56 1000 1035 0
1 002a9002aa000aa8002aa000aa8002aa 00002aa800aaa002aa800aaa002aa800 2 0
#54 133 1069 133
3 002a9002aa000aa81028a000aa8002aa 00002aa800aab000aa800aaa002aa800 3 -2
#52 657 1085 790
5 002a9002aa0008a85028a000aa8002aa 00002aa800aa9004aa800aaa002aa800 3 -2
#50 334 1115 1124
7 002a1012aa0008a85028a000aa8002aa 000022a900aa9004aa800aaa002aa800 4 0
#48 1772 1062 3490
9 00281052aa0008a85028a000aa8002aa 000022a800ea9004aa800aaa002aa800 4 0
#46 1512 1043 5002
11 00281042ae0008a85028a000aa8002aa 000022a800ea9004aa800a9a002aa800 4 0
#44 2388 982 7390
13 00281042ae0008a85028a000aa8012a8 0000232800ea9004aa800a9a002aa800 4 0
#44 1752 877 9696
15 00281042ae0000a95028a000aa8012a8 0000232800ea9004aa800a9a012a8800 4 0
#44 817 840 10513
17 00201142ae0000a95028a000aa8012a8 0000222840ea9004aa800a9a012a8800 4 1
#42 756 844 11269
19 00201142ae0000a95028a000aa8012b0 0000222840ea9004aa80069a012a8800 4 1
#42 427 824 11696
21 00201142ae0000a95028c000aa8012b0 0000222840ea9004aa80069c012a8800 4 0
#40 707 829 12404
23 00201142ae0000a85038c000aa8012b0 0000222c40ea8004aa80069c012a8800 4 0
#40 447 807 12851
25 00201042be0000a85038c000aa8012b0 0000222c40ea8004a680069c012a8800 4 1
#38 279 835 13130
27 00201042be0000a85038c0002a9012b0 0000222c40ea8004a680069c41228800 4 0
#36 405 859 13535
29 00201042be0400a84038c0002a9012b0 0000222c40ea8004a680069c41628000 4 1
#38 397 793 13932
31 00201042be0400a84038c0000a9412b0 0000222c40ea8004a680079c01628000 4 2
#36 254 823 14186
33 00201042be0400a84038c000069412b0 0000202c40fa8004a680079c01628000 5 0
#32 802 875 14988
35 00001442be0400a84038c000069412b0 0000202c40fa8004a680079e01228000 5 -1
#32 1184 801 16172
37 00001442be0400a8401cc000069412b0 0000002c40fa8104a680079e01228000 5 -1
#30 986 789 17158
39 00001442be0400a8401cc000069c10b0 0000002c40fa85042680079e01228000 5 -1
#28 1242 757 18400
41 00001442be0400a8400ec000069c10b0 0000002c40fa81043680079e01228000 5 3
#26 621 767 19021
43 00001442be0400a8000fc000069c10b0 0000002840fa81043e80079e01228000 5 3
#24 591 782 19612
45 00001442be050088000fc000069c10b0 00000028407a81043f80079e01228000 5 3
#22 416 815 20028
47 00001442be0500880007c020069c10b0 00000028407a01143f80079e01228000 5 5
#18 230 971 20258
49 00001442be0500880003c020069c50b0 00000028407a01443f80079e01228000 6 8
#16 1562 897 21820
51 00000443be0500880003c020069c50b0 00000028407a01443f80279e00228000 6 8
#14 679 928 22499
53 00000443be0500880003c020079c10b0 00000028407a01443f80279f00028000 6 8
#10 714 1157 23214
55 00000443be0500880001c0200f9c10b0 00000028407801443f84279f00028000 6 8
#10 355 1086 23569
57 00000443be0500880001c0200f9c9090 00000028407801443f84279f00030000 7 8
#8 366 1266 23935
59 00000443be0500880001c020079c90b0 00000028407801443f84279f10020000 8 10000
#6 17 1682 23952
61 00000443be0540080001c020079c90b0 00000028407801443f84279e90020000 9 10000
#4 2 2523 23954
63 00000641be0540080001c020079c90b0 00000028407821043f84279e90020000 10 10000
#2 0 5046 23954
65 00000740be0540080001c020079c90b0 00000028417821043f84279c90020000 11 10000

