Randseed fe5a9a6b
#58 1000 1000 0
0 00aa8002aa000aa8002aa000aa8002aa 00002aa800aaa002aa800aaa002aa800 2 1
#56 79 1000 990
2 00aa8002aa000aa8002aa000aa8002ac 00002aa800aaa002aa800aaa002b2800 3 0
#54 778 1008 1768
4 00aa8002aa000aa8002aa000aa8001ac 00002aa800aaa002aa800aaa00272800 3 0
#52 313 1035 2081
6 002a9002aa000aa8002aa000aa8001ac 00002aa800aaa002aa800a2a10272800 4 2
#50 2022 995 4103
8 002a1012aa000aa8002aa000aa8001ac 00000aac00aaa002aa800a2a10272800 4 2
#48 1690 966 5793
10 002a1002ae000aa8002aa000aa8001ac 00000aa800eaa002aa800a2a10272800 4 2
#46 1804 930 7597
12 002a0003ae000aa8002aa000aa8001ac 000006a800eaa002aa800a2a10272800 4 2
#44 2696 850 10293
14 002c0003ae000aa8002aa000aa8001ac 000006a800eaa002aa800a2b10072800 3 1
#42 205 881 10498
16 002c0001ee000aa8002aa000aa8001ac 000003a800eaa002aa800a2b10072800 4 2
#40 1946 827 12444
18 002c0400ee000aa8002aa000aa8001ac 000001a810eaa002aa800a2b10072800 4 2
#38 1001 818 13445
20 002c0400ce100aa8002aa000aa8001ac 000001a8106aa402aa800a2b10072800 4 2
#36 1212 796 14657
22 002c0400ce1002a9002aa000aa8001ac 000001a8102aa402ea800a2b10072800 4 2
#34 1055 781 15712
24 002c0400ce1002a9002aa4002a8001ac 000001a8100aa402fa800a2b10072800 4 1
#34 1262 707 16974
26 003c04008e1002a9002aa4002a8001ac 000000a8100aa442fa800a2b10072800 4 0
#34 722 664 17696
28 003c04008e1002a9002aa5000a8001ac 000000a8100aa042fa900a2b10072800 4 -1
#32 586 669 18282
30 003c04008e1002a9002aa540028001ac 00000028100aa042fa910a2b10072800 4 -1
#30 367 690 18649
32 003c04008e100329002aa540028001ac 00000028000aa042fe910a2b10072800 4 -2
#28 474 700 19194
34 003c04008e100629002aa540028001ac 000000280008a042ff910a2b10072800 4 -3
#26 314 730 19508
36 003c04008e100629002a2550028001ac 000000280008a040ffd10a2b10072800 4 -3
#24 153 778 19661
38 003c04008e100629002a2550028041a8 0000002800086040ffd10a2b10072800 5 -6
#22 1865 656 21781
40 003c04008e100629002e2450028041a8 0000002800086040ffd10a2b08072800 5 -5
#22 508 610 22289
42 003c04008e100629002e2440038041a8 0000002800086040ffd1182b08072800 5 -4
#Clearing transposition table 1773227 
#20 1260 542 23572
44 003c04008e100629002e2500038041a8 0000002800086000ffd1182f08072800 5 -4
#16 493 616 24065
46 003c04008e100628002e2700038041a8 0000002800006100ffd1182f08072800 5 -4
#14 437 642 24503
48 003c04008e100628002c2700438041a8 0000002800006100ffd1186f08032800 5 -3
#12 237 710 24740
50 003c04008e100628002c270043884128 0000001800006100ffd1186f08032800 5 -3
#10 110 830 24850
52 003c04008e100618002c270043884128 0000001800006100ffd1186f08031800 6 5
54 003804008e100e18002c270043884128 0000000801006100ffd1186f08031800 4 5
56 003004008e100e19002c270043884128 0000000801002104ffd1186f08031800 4 5
58 002004008e100e19002c2700438841a8 0000000801002104ffc1186f08431800 4 4
60 000004008e100e19002c2700438841e8 0000000801082104ffc1186f08430800 4 2
62 000004008e108e11002c2700438841e8 0000000801082106ffc1186e08430800 4 2
64 000004009c108e11002c2700438841e8 00000008410821067fc1186e08430800 4 2
66 000004809c108e01002c2700438841e8 00000008410831067fc1106e08430800 4 2
68 000004809c108e01002c4700438841e8 00000008418831067f81106e08430800 4 2
70 000004809c108e01002c8700438841e8 0000000c418831047f81106e08430800 4 2
72 000004809c108e01002c0710438841e8 0000020c418831047f81106608430800 4 2
74 000004809c108e01002c0710430841f8 0000220c418821047f81106608430800 4 -1
76 000404809c100e01002c0710430841f8 0000320c410821047f81106608430800 4 -10000
78 000c048098100e01002c0710430841f8 00003a08410821047f81106608430800 4 -10000

