Randseed fe5b92f1
#56 1000 1035 0
1 00aa8002aa000aa8002ac000aa8002aa 00002aa800aaa002aa800aaa002aa800 2 0
#54 156 1032 1124
3 00aa8002aa000aa8002a8010aa8002aa 00002aa001aaa002aa800aaa002aa800 3 -1
#52 431 1055 1555
5 00aa8002aa000aa8002a8010aa0012aa 00002aa001aaa002aa800aa2012aa800 3 -1
#50 321 1084 1876
7 00aa8002aa000aa8002b8010a80012aa 00002aa001aaa002aa800aa2002ae800 4 1
#48 2837 1011 4713
9 00aa8002aa000aa8002f8000a80012aa 00002aa001aaa002aa800aa2002bc800 4 2
#46 2585 938 7409
11 002a9002aa000aa8002f8000a80012aa 00002aa001aaa002aa800aa2001bc800 4 2
#44 1782 900 9191
13 002a9002aa000aa8002f0100a80012aa 00002aa001aaa002aa800aa2041b8800 4 1
#46 1480 796 10671
15 002a9002aa000aa8002e0100b80012aa 00002aa001aaa002aa800a82041f8800 4 2
#44 951 777 11893
17 002a9002aa000ab0002e0100b80012aa 00002aa000aae002aa800a82041f8800 4 2
#42 1240 755 13133
19 002a9002aa010aa0002e0100b80012aa 00002aa000aae002aa800882441f8800 4 2
#40 958 745 14091
21 002a9002aa4102a0002e0100b80012aa 00002aa000aac012aa800882441f8800 4 2
#40 904 700 14995
23 002a9003aa0102a0002e0100b80012aa 00002aa000aac012aa800882043f8800 4 2
#38 1045 682 16040
25 002a8003aa1102a0002e0100b80012aa 000026a000aac012aa800882043f8800 4 2
#36 885 670 16925
27 002a8001ea1102a0002e0100b80012aa 000026a000aac012aa800842043f8800 4 1
#36 911 620 17836
29 002a8100ea1102a0002e0100b80012aa 0000268004aac012aa800842043f8800 4 1
#34 624 620 18460
31 002a8100ea1500a0002e0100b80012aa 0000260014aac012aa800842043f8800 4 1
#32 384 634 18844
33 002a8100ea0500a0102e0100b80012aa 0000260004aac052aa800842043f8800 4 4
#30 312 656 19156
35 002a8100ea0500a0100e0500b80012aa 0000260004a8c052ae800842043f8800 4 4
#28 236 686 19393
37 002a8100ea0500a0100e0700380012aa 0000260004a8c052ae800822043f8800 4 4
#26 248 719 19641
39 002a8100ea0500a0100e0700380011aa 0000260004a8c012ae810822043f8800 4 5
#26 398 689 20039
41 001a8100ea0500a0100e0700380011aa 0000260004a8c012af010822043f8800 4 5
#24 253 725 20292
43 001a8100ea0500a0100e0700380010ea 0000260004a88012af010823043f8800 4 5
#22 135 779 20427
45 001e8100ea0500a0100e0300380010ea 0000260004a88012cf010823043f8800 5 4
#20 384 818 20811
47 001e8100ea0500a0100e03003800107a 0000260004a88012cf010823047f8000 5 4
#18 231 884 21042
49 000e8100fa0500a0100e03003800107a 0000260004a88012cf010827043f8000 6 5
#16 407 943 21449
51 000f8100fa0500a0100e01003800107a 0000260004a884128f010827043f8000 6 5
#14 257 1042 21706
53 000f8100fa0500a0100e01003800103e 0000260004b884120f010827043f8000 7 4
#12 268 1171 21974
55 000f81107a0500a0100e01003800103e 00002c0004b884120f010827043f8000 8 5
#10 1508 1103 23482
57 000f81103a0540a0100e01003800103e 00001c0004b884120f010827043f8000 8 4
#10 639 975 24121
59 000f81103a0540a8100e01003000103e 00001c0004b894100f010827043f8000 8 3
#8 208 1167 24329
61 000f81103a0540ac100e01002000103e 00000c0104b894100f010827043f8000 9 10000
#6 1 1556 24330
63 000f81103a0540ac100e01002000181e 00000c0104b894100f012825043f8000 10 10000
#4 0 2335 24330
65 000f81103a0540ac108e01000000181e 00000c0100b894100f412825043f8000 11 10000
#2 0 4670 24330
67 000f81103a0540ac108e10000000181e 00000c0100b814120f412825043f8000 12 10000

