Randseed fe6bff0b
#58 1000 1000 0
0 00aa8002aa000aa8002aa000aa8002aa 00002aa800aaa002aa800aaa002aa800 2 1
#56 140 1030 140
2 00aa8002aa000aa8002aa000aa8002ca 00001aa800aaa002aa800aaa002aa800 3 0
#54 777 1040 917
4 00aa8002aa000aa8002a8004aa8002ca 00000aa900aaa002aa800aaa002aa800 3 0
#52 433 1063 1350
6 00aa8002aa000aa8002a8000aa8012ca 00000ab100aaa002aa800aaa002aa800 3 0
#50 405 1074 2147
8 00aa8002aa000aa8002a8000aa8052c2 00000ab100aaa002aa800aaa012a8800 3 -1
#48 735 1088 2882
10 00ab0002aa000aa8002a8000aa8052c2 00000aa104aaa002aa800aaa012a8800 3 -1
#46 371 1119 3253
12 00ab0002aa000aa8002a8000aa845282 00000aa104aac002aa800aaa012a8800 4 0
#44 1628 1096 4881
14 00ab0002aa000ab0002a8000aa845282 00000aa104ab8002aa800aaa012a8800 4 1
#42 1920 1057 6801
16 00ab0002aa000ab0002a8000ba845202 00000aa104ab8002aa800aaa011a8800 4 1
#40 2036 1008 8837
18 00ab0002aa000ab0002a8000ba847200 00000aa104ab8002aa800aba001a8800 4 3
#40 1033 956 9870
20 00ab0002aa000ab0002a8000be047200 00000aa104ab8002aa800aba400a8800 4 2
#40 1778 867 11648
22 00cb0002aa000ab0002a8000be047200 00000aa104ab8002aa8006ba400a8800 4 2
#38 794 871 12442
24 00cb0002aa000ab0002a8100be046200 00000aa1046b8002aa8006ba400a8800 4 2
#38 919 823 13361
26 00cb0002aa000ab0003a8100be044200 000002a1046b8402aa8006ba400a8800 4 3
#36 630 833 13991
28 00cb0002aa0002b1003a8100be044200 000002a1042b8402ea8006ba400a8800 4 3
#34 572 849 14563
30 00cb0002aa0002e1003a8100be044200 000002a1042b8402ea80067a400a8800 4 3
#32 583 865 15146
32 00cb0002aa0002e1003a81003e144200 000002a1042b8402ea81063a400a8800 4 3
#32 444 838 15590
34 00cb0002aa0002e1043a01003e144200 000002a1042b8402fa810632400a8800 4 3
#30 343 871 15933
36 00cb0002aa0002e1043801403e144200 000000a1442b8402fa810632400a8800 4 3
#30 307 850 16240
38 00cb0002aa000ae1043801403e140200 000000a1443b8402fa810622400a8800 4 4
#28 145 901 16385
40 00cb0002aa000ae1043801403e040300 000000a1443f8402fa810602400a8800 5 4
#26 846 905 17231
42 008b1002aa000ae1043801403e040300 000000a1443f8402fa810e0240028800 5 6
#28 677 792 17908
44 000b1002aa400ae1043801403e040300 000000a1443f8412fa800e0240028800 5 6
#26 681 800 18589
46 000b1002aa400ae1043801403e0c0100 00000021543f8412fa800e0240028800 5 7
#24 232 848 18821
48 000b1802aa400ae1043801003e0c0100 00000021543f8412f3800e0240028800 6 10
#20 583 959 19404
50 00031902aa400ae1043801003e0c0100 00000021443f8412f3801e0240028800 6 11
#18 350 1027 19754
52 00031942a2400ae1043801003e0c0100 00000021443f8412e3801e0240428800 6 11
#14 152 1299 19906
54 00031d4222400ae1043801003e0c0100 00000020443f8412e3801e0240429800 7 10
#12 286 1468 20192
56 00031f4202400ae1043801003e0c0100 00000020443f8412c3801e024042b800 8 10
#10 674 1626 20866
58 00031f4202400be1003801003e0c0100 00000020043f8412c3801e024042f800 8 10
#8 362 1943 21228
60 00031f5200400be1003801003e0c0100 00000020043f8412c3801e024041f800 9 10000
#6 2 2590 21230
62 00031fd200400be1003801003e0c0000 00000020043f8410c3c01e024041f800 10 10000
#4 0 3885 21230
64 00039fd200400be1003801003e040000 00000020043f8410c3801e024049f800 11 10000
#2 0 7770 21230
66 00039fd200400be1003c01003c040000 00000020043f8410c38016024049f900 12 10000

