Randseed fe6c7cf9
#56 1000 1035 0
1 002a9002aa000aa8002aa000aa8002aa 00002aa800aaa002aa800aaa002aa800 2 0
#54 119 1069 120
3 000a9402aa000aa8002aa000aa8002aa 00002aa800aaa002aa800aab000aa800 3 -1
#52 392 1095 512
5 00029502aa000aa8002aa000aa8002aa 00002aa800aaa002aac00aaa000aa800 3 -2
#50 995 1099 1507
7 00029102ea000aa8002aa000aa8002aa 000022a900aaa002aac00aaa000aa800 3 -2
#48 522 1123 2030
9 00028102ea400aa8002aa000aa8002aa 0000222910aaa002aac00aaa000aa800 3 -2
#46 381 1156 2411
11 00028100ea400aa9002aa000aa8002aa 0000222910aaa002aac00aaa0006a800 4 -1
#44 1473 1141 3884
13 00028100ea400aa9002aa4002a8002aa 0000222111aaa002aac00aaa0006a800 4 -1
#42 1362 1131 5246
15 00028000ea440aa9002aa4002a8002aa 0000220115aaa002aac00aaa0006a800 4 0
#42 969 1072 6486
17 00028040e2440aa9002aa4002a8002aa 0000220114aae002aac00aaa0006a800 4 1
#40 1628 1040 8195
19 00028040e2440aa1012aa4002a8002aa 0000220110aae012aac00aaa0006a800 4 0
#38 1460 1018 9655
21 00028050e0440aa1012aa4002a8002aa 0000020510aae012aac00aaa0006a800 4 2
#36 978 1020 10633
23 00028050e0440aa1002aa4042a8002aa 0000020510aac012aac04aaa0006a800 4 2
#34 897 1027 11530
25 00028050e0440aa1002a84042a8012aa 0000020510aa8012aac04aaa0106a800 4 1
#34 872 976 12402
27 00028050e0440a81042a84042a8012aa 0000010510aa8012aac04aaa0106a800 4 2
#32 645 997 13047
29 0002805060440a81142a84042a8012aa 0000010510aa8012aac04aba01068800 4 2
#30 1042 994 14089
31 0002805060440a81142a85040a8012aa 0000010510aa80122ad04aba01068800 4 3
#28 695 1015 14784
33 0002805060440aa1142a05040a8012aa 0000010510aa80122ad14aba00068800 4 3
#30 583 908 15367
35 0002805060440ba1142805040a8012aa 0000010510aa00522ad14aba00068800 4 3
#28 342 949 15709
37 0002805060440ba114280504068012aa 0000010510aa00522ad14aba00038800 4 3
#28 181 936 15891
39 0002805060440ba144280504068012aa 0000018510aa00422ad14aba00038800 5 1
#28 644 890 16535
41 0002805060450ba140280504068012aa 0000018410ba00422ad14aba00038800 5 1
#26 579 914 17114
43 0002805068450b8140280504068012aa 0000018410ba00422a515aba00038800 5 1
#24 300 965 17414
45 0002805068450b8140280504028052aa 0000018410ba004228515afa00038800 6 2
#20 2189 939 19603
47 0002805068450b8140280504028051aa 0000018410ba004228515afa10030800 6 3
#18 1098 922 20701
49 0002805068450b8140280504028050ea 0000018410ba004228517afa10020800 6 4
#16 937 920 21638
51 0002805068450b8140280504008050fa 0000018410ba004228417afa50020800 6 5
#Clearing transposition table 1800736 
#14 1301 862 22962
53 0002805068450b8140280500008050fe 0000018410ba004228417afa50420000 6 7
#12 872 860 23835
55 0002805068450b8140280500000450fe 0000008410ba004228417afa70420000 6 9
#10 265 980 24100
57 0002805068450b8140280500000c40fe 0000008410ba0042284578fa70420000 7 10
#8 419 1120 24519
59 0002807068440b8140280500000c40fe 0000008410ba0042284578faf0020000 7 10
#6 129 1450 24648
61 0006807060440b8140280500000c40fe 0000008410ba0042084578fbf0020000 8 10000
#4 3 2174 24651
63 000e007060440b8140280500000c40fe 0000008410ba1042084578fbf0000000 9 10000
#2 1 4348 24652
65 000e016060440b8140280500000c40fe 0000008510b21042084578fbf0000000 10 10000

