Randseed fe7c19d1
#58 1000 1000 0
0 00aa8002aa000aa8002aa000aa8002aa 00002aa800aaa002aa800aaa002aa800 2 1
#56 136 1030 136
2 00aa8002aa000aa8002aa000aa80029a 00002aa800aaa002aa800aaa002ab000 3 -1
#54 581 1047 717
4 00aa8002aa000aa8002aa000aa80019a 00002ab000aaa002aa800aaa002ab000 3 0
#52 442 1070 1159
6 00aa8002aa000aa8002aa000aa84009a 00002ab000aaa002aa800aaa001ab000 3 1
#50 385 1098 1544
8 00aa8002aa000aa8002aa000ea84001a 00001ab000aaa002aa800aaa001ab000 3 1
#48 211 1135 1755
10 00aa8002aa000aa8002aa000e684001a 00001ab000aaa002aa800aaa001ae000 4 2
#46 1993 1097 3748
12 006a8002aa000aa8002aa000e684001a 00001aa004aaa002aa800aaa001ae000 4 2
#44 2166 1049 5914
14 006a8002aa000aa80029a000e684001a 00000ea004aaa002aa800aaa001ae000 4 2
#42 1264 1039 7178
16 006a8002aa000aa80029a000e384001a 00000ea004aaa002aa8006aa001ae000 4 2
#40 1213 1030 8391
18 006a8001aa000aa80029a000e384001a 00000ea004aaa001aa8006aa001ae000 4 2
#38 1174 1022 9565
20 006a8001aa000aa80029a004e184001a 00000ea0046aa001aa8006aa001ae000 4 2
#38 746 983 10311
22 006a8001aa000aa80029e004e084001a 00000ea0042aa401aa8006aa001ae000 4 0
#38 1576 900 11887
24 006a8001aa000aa80028e004e084101a 00000ea0040aa401aa9006aa001ae000 4 0
#36 673 913 12560
26 003a8001aa000aa80028e004e084101a 000007a0040aa401aa9006aa001ae000 4 -1
#34 321 948 12881
28 003a8001a8004aa80028e004e084101a 000007a0040aa401aa90072a001ae000 4 0
#34 392 925 13273
30 003a8001a8004aa84020e004e084101a 00000780040ba401aa90072a001ae000 4 0
#36 356 853 13629
32 003a8001a8004aa841206004e084101a 00000780000ba441aa90072a001ae000 4 1
#34 332 884 13961
34 003a8001a8004ab841202004e084101a 00000700400ba441aa90072a001ae000 4 1
#34 295 867 14256
36 003a8001a8004b3841202004e084101a 00000700400f2441aa90072a001ae000 4 3
#32 265 832 15674
38 003a8001a8004b1841202004e084101e 00000700400f2441aa900732001ae000 5 3
#32 1286 752 16960
40 003a8001aa004b0841202004e084101e 00000700400f0445aa900732001ae000 5 5
#28 758 805 17718
42 003a8001aa004b0841402004e084101e 00000700400e0445ba900732001ae000 5 5
#26 594 822 18312
44 003a0011aa004b0841402004e084101e 00000700402e0444ba900732001ae000 5 7
#24 929 813 19241
46 003a0011aa104a0841402004e084101e 00000600402e0444ba910732001ae000 5 7
#22 524 839 19765
48 003a0011ae104a0841402004e084100e 00000600402e0444be910722001ae000 5 6
#22 410 802 20175
50 003a0011ae50420841402004e084100e 00000600400e0444be9107a2001ae000 5 6
#12 389 1406 20564
52 003a0041ae50420841402004e084100e 00000600400e0440be9117a2001ae000 6 8
#10 381 1611 20945
54 003a0041ae70420801402004e084100e 00000600400e0040be9117a2101ae000 7 6
#14 1067 998 22012
56 00380041be70420801402004e084100e 00000200400e0040be9117a2141ae000 7 5
#12 1228 960 23240
58 00380440be70420801402004e084100e 00000200400e0044be9117a0141ae000 7 5
#10 427 1066 23667
60 00380440be70420801402005e080100e 00000200400e0044be9113e0141ae000 7 -1
#8 32 1325 23699
62 00380440be70420801402805c080100e 00000200400e2044be9103e0141ae000 8 -1
#6 113 1729 23812
64 00380440be704208016028058080100e 00000200400e2044be9103e0541ac000 9 -10000

