Randseed fe7cf35f
#56 1000 1035 0
1 002a9002aa000aa8002aa000aa8002aa 00002aa800aaa002aa800aaa002aa800 2 0
#54 135 1069 135
3 002a1012aa000aa8002aa000aa8002aa 00002aa800aab000aa800aaa002aa800 3 -2
#52 543 1089 679
5 002a1012aa000aa8002aa000aa8012a8 00002aa800aab000aa800aab000aa800 3 -1
#50 436 1115 1115
7 002a1012aa000aa8002aa000aa9010a8 00002aa800aab000aa800eaa000aa800 3 0
#50 666 1088 1782
9 002a1002aa004aa8002aa000aa9010a8 00002aa800aab000aa8006aa400aa800 3 0
#48 297 1121 2079
11 002a1002aa004aa8002aa000ab9000a8 00002aa800aab4002a8006aa400aa800 4 1
#46 1586 1101 3665
13 002a0002aa404aa8002aa000ab9000a8 00002aa800aa94042a8006aa400aa800 4 1
#44 2128 1054 5793
15 000a0402aa404aa8002aa000ab9000a8 00002ab000aa94042a8006aa400aa800 4 1
#42 1678 1025 7471
17 00080442aa404aa8002aa000ab9000a8 00002ab000aa94002b8006aa400aa800 4 1
#40 2067 973 9538
19 00080442aa404aa8002a8004ab9000a8 00002ab000aa94002b0046aa400aa800 4 1
#38 1305 955 10843
21 00080442a8404ab8002a8004ab9000a8 00002aa004aa94002b0046aa400aa800 4 1
#36 1530 923 12373
23 00080402b8404ab8002a8004ab9000a8 00002a8004ab94002b0046aa400aa800 4 0
#34 1657 802 15357
25 00000502b8404ab8002a8004ab9000a8 00002a8404ab84002b0046aa400aa800 4 -2
#32 1117 782 16475
27 00000502f0404ab8002a8004ab9000a8 00002a8404bb80002b0046aa400aa800 4 -2
#30 750 785 17225
29 00000502f0400af8002a8004ab9000a8 00002a8404bb80002f0046a2400aa800 4 -3
#28 563 800 17788
31 00000502f0400af0102a8004ab9000a8 00002a8400bf80002f0046a2400aa800 4 -2
#26 488 824 18276
33 00000502f0400af0102b0004ab9000a8 00002a8400bf01002f0046a2400aa800 4 -1
#28 339 741 18615
35 00000102f8400af0102b0004ab9000a8 00002a8500bf01000f0046a2400aa800 4 -1
#26 281 777 18896
37 00000102f8400af0102b0004ab910088 00003a85003f01000f0046a2400aa800 4 0
#24 342 813 19238
39 00000002fc400af0102b0004ab910088 00003e85003f00000f0046a2400aa800 4 0
#24 305 788 19543
41 000000027c408af0102b0004ab910088 00003e85003f00000f0046a2400a6800 4 -1
#22 238 838 19781
43 000000007c408af1102b0004ab910088 00003e85003f00000f0046c2400a6800 5 -4
#20 316 890 20097
45 000000007c008af1103b0004ab910088 00003e85003f00000f8006c2400a6800 5 -5
#18 389 946 20486
47 000000007c008af1103b0000af910088 00003e85003f00000f8007c240026800 5 -6
#18 483 892 20969
49 000000007c0088f1503b0000af910088 00003e85003f00000f80078250026800 5 -7
#16 313 964 21282
51 000000003c0088f1503f0000af910088 00003f85003e00000f80078250026800 6 -6
#14 456 1037 21738
53 000000003c0088f1503e0040af910088 00003f85003e00000f80078210026840 6 -6
#12 190 1178 21928
55 000000003c0088f1503e0040ef810088 00003f85003e00000780178210026840 7 -7
#12 276 1132 22204
57 000000003c0088f1503e00406f850088 00003f85003e00000380178210426840 8 -6
#8 211 1646 22415
59 000000003c0088f1503e0040ef850008 00003f85003e00000380178210423840 9 -6
#8 1350 1308 23765
61 000000003c0088f1503e0041ef810008 00003f85003e00000180178210427840 9 -10000
63 000000003c0088f1503e0041ef810010 00003f0500be00000180178210427840 4 -6
65 000000003c0088f1503e0040ef850010 00003f0500be000001801f8210427800 4 -6
67 000000003c0088f1503e00406f850090 00003f0500bc100001801f8210427800 4 -6
69 000000003c0088f1503e00406f848090 00003f0500bc100001c01f8210407800 4 -5
71 000000003c0088f1503e00402f8480d0 00003f0500bc100801c01f8210403800 4 -10000
73 000000001c0088f1503e00403f8480d0 00003f0500bc100a01c01f8200403800 4 -10000

