Randseed fe8c440b
#58 1000 1000 0
0 00aa8002aa000aa8002aa000aa8002aa 00002aa800aaa002aa800aaa002aa800 2 1
#56 145 1028 214
2 006a8002aa000aa8002aa000aa8002aa 00002aa800aaa002ab000aaa002aa800 3 0
#54 407 1035 1055
4 006b0002aa000aa8002aa000aa8002aa 00002aa800aaa002ab000aaa001aa800 3 0
#52 386 1059 1441
6 006b0002aa000aa8002aa000aa8001aa 00002aa800aaa002ab0006aa001aa800 3 0
#50 328 1012 3697
8 006b0002aa000aa8002aa0006a8001aa 00002aa800aaa001ab0006aa001aa800 4 1
#48 4658 860 8355
10 006b0002aa000aa8002aa0006a8400aa 00002aa800aaa001ab0006aa8012a800 3 0
#46 389 880 8744
12 006b0002aa000aa8002aa0007a84002a 00002aa800aaa001ab0006aa8011a800 3 0
#44 460 899 9204
14 006b0002aa000aa8002aa0007e80002a 00002aa800aaa001ab0006aa8010e800 3 0
#42 349 926 9553
16 006b0002aa000aa8002aa0003f80002a 00002aa800aaa001ab0006aa8010f000 3 1
#40 292 905 10899
18 006b0002aa000aa8001aa0003f80002a 00002aa800aaa400ab0006aa8010f000 4 3
#40 1297 794 13117
20 006b0002aa000aa8001a80043f80002a 00002aa8006aa400ab0006aa8010f000 4 3
#38 1062 780 14179
22 006b0001aa000aa8001a80043f80002a 00001aa8006aa400ab0006aa8010f000 4 3
#36 878 774 15057
24 002b0401aa000aa8001a80043f80002a 00001aa8006ac400ab0006aa8010f000 4 3
#34 1212 748 16269
26 002b0401aa0002a9001a80043f80002a 00001ab0006ac400ab0006aa8010f000 4 3
#36 793 663 17063
28 002b0401aa0002a9001a81003f80002a 00001ab0006ac410aa0006aa8010f000 4 3
#34 2210 537 19866
30 00230501aa0002a9001a81003f80002a 000018b0406ac410aa0006aa8010f000 3 1
#34 140 529 20006
32 00030501aa1002a9001a81003f80002a 000018b0446ac410a80006aa8010f000 4 4
#34 1202 458 21209
34 00030501aa1002a9401a81003f00002a 000018e0446ac410a80006aa8010f000 4 5
#32 2008 361 23218
36 00030501aa1003a9401a81003e00002a 000018e0046ec410a80006aa8010f000 3 4
#30 276 367 23494
38 00030501aa100329401a81103e00002a 000018e0046ec410980006aa8010f000 3 5
#28 178 380 23672
40 00030501aa100229401b81103e00002a 000018e0046ec410980006ac8010f000 3 5
#26 49 406 23721
42 00030501aa100229401b81103e00002c 00001860046fc410980006ac8010f000 4 7
#24 547 372 24534
44 00030101ea100229401b81103e00002c 00001860046fc410980006ac8110e000 4 7
#22 187 389 24721
46 00030100fa100229401b81103e00002c 000018600467c450980006ac8110e000 4 7
#18 122 461 24843
48 00030100fa100209441b81103e00002c 000008610467c450980006ac8110e000 5 6
50 00030100fa100209441b81103e000038 000008610463c4509a0006ac8110e000 4 7
52 00030100f2100209443b81103e000038 0000006104e3c4509a0006ac8110e000 4 8
54 00030100f2100208443b81103e010038 0000002104e3c4509a0046ac8110e000 4 9
56 00030100fa100208403b81103e010038 0000002104e3c450ba0046a88110e000 4 9
58 00030100fa100204403b81103e010038 0000002104e3c450ba004ea88100e000 4 9
60 00030100fa102200403b81103e010038 0000002104e3c450ba044e288100e000 4 10
62 00030100fb100200403b81103e010038 0000002104e3c450ba044ea881006000 4 10
64 00030140fb100200403b81103e010030 0000002104e3c450ba044ec881006000 4 10000
66 00038040fb100200403b81103e010030 0000002104e3d4503a044ec881006000 4 10000

