Randseed fe8d11b5
#56 1000 1035 0
1 00aa8002aa000aa8002aa000aa81028a 00002aa800aaa002aa800aaa002aa800 2 1
#54 145 1068 145
3 00a28102aa000aa8002aa000aa81028a 00002aa800aaa002aa800aaa002ab000 3 -1
#54 550 1048 695
5 00a28102aa000aa8002aa000aa91008a 00002aa800aaa002aa800aaa002a7000 3 0
#52 377 1074 1072
7 00a28102aa000aa8002aa000aa95000a 00002aa800aaa002aa800aac002a7000 3 0
#50 566 1094 1638
9 00229102aa000aa8002aa000aa95000a 00002aa800aaa002aa800aac10287000 3 0
#48 260 1129 1898
11 00221112aa000aa8002aa000aa95000a 00002aa800aaa002aa800aac11283000 4 3
#46 2468 1071 4366
13 00021512aa000aa8002aa000aa95000a 00002aa800aaa002aa800aac51203000 4 2
#44 2817 991 7183
15 00020513aa000aa8002aa000aa95000a 00002aa800aaa002aa800bac41203000 4 1
#44 3802 763 12196
17 00020511ea000aa8002aa000aa95000a 00002aa800aaa002aa840bac01203000 3 -1
#44 178 755 12374
19 00020511ea000aa8002aa000aa95000c 00002a6800aaa002aa840bac01203000 4 1
#42 1618 714 13992
21 00020511ea000aa8002aa000aa954008 00002a6800aaa0028a840fac01203000 4 2
#40 1192 690 15184
23 00020511e6000aa8002aa000aa954008 00002a6800aaa0028b040fac01203000 4 2
#40 738 653 15922
25 00020510e6040aa8002aa000aa954008 00002a6800aaa0028b044fac01202000 4 2
#40 1523 577 17445
27 00020510e6044aa0002aa000aa954008 00002a6800aaa0128b044fac01200000 4 2
#38 815 565 18260
29 00020510e6044aa0001aa000aa954008 00002a6800aaa0118b044fac01200000 4 2
#36 1383 519 19643
31 00020510e6044aa0001aa010aa954000 00002a68006aa0118b044fac01200000 4 2
#36 453 494 20096
33 00020510e6044aa0001aa050aa944000 00002a68002aa4118b044fac01200000 4 2
#36 517 465 20613
35 00020510e6044aa0000ea050aa944000 00002a68002aa4118b204fac01200000 4 2
#34 854 443 21467
37 00020510e6044aa01006a050aa944000 00002a68002aa4118b214f8c01200000 4 0
#32 715 426 22182
39 00040510e6044aa01006a050aa944000 00002a680029a4118b214f8c01200000 4 0
#32 363 403 22546
41 00040510e6044aa01002a050ba944000 00002a480829a4118b214f8c01200000 4 -1
#Clearing transposition table 1781287 
#30 444 373 23391
43 00040510e6044aa01002a0503a9c4000 00002a480829a4118b214f0d01200000 4 -1
#28 238 383 23629
45 00040510e6044ae01002a0503a8c4000 00001a480829a4118b214f0d01200000 4 -1
#26 323 388 23952
47 00040510e64442e01002a0503a8c4000 00001a480829a4118f204f0d01200000 4 1
#24 118 410 24070
49 00040510e64442c01003a0503a8c4000 00001a480839a4118f204f0d01000000 5 -4
#34 519 259 24589
51 00040510e64442c01003a0503a0c5000 00001a490839a4118f204f0c01000000 5 -3
#32 355 253 24944
53 00040510e64443801003a0503a0c5000 00401a490839a4118f20470c01000000 5 -3
55 00040510e64441801003a0503a0c7000 00601a490839a4118f20460c01000000 4 0
57 00040530e24441801003a0503a0c7000 00701a490839a4118f20440c01000000 4 0
59 00040530e28441801003a0503a0c7000 00701a490839a4198f20440c00000000 4 0
61 00040530e20451801003a0503a0c7000 00701a490839a41d8720440c00000000 4 0
63 00040530e20441821003a0503a0c7000 00701a490939a41d8320440c00000000 4 0
65 00040530e20441801043a0503a0c7000 00701a490931a41d8320440c80000000 4 -4
67 00040530e20441801003a8503a0c7000 00700a490931a41d8320440c80100000 4 -4
69 00040530e20441801003a0513a0c7000 00700a410931a41d8320440c80900000 4 0
71 00040530e20441801003a0503a2c7000 00700a410831a41d8320440c80d00000 4 0
73 000401b0e20441801003a0503a2c7000 00700a410831841d8320440c80d00800 4 0
75 000401b0e2044180100390503a2c7000 00700a41083184198320440c80d00801 4 -1
77 000401b0e2044180108380503a2c7000 00700a41083184198220440c80d00803 4 -1
79 000401b0e2044180110380503a2c7000 00700a41083184118220440c80d00807 4 -1
81 000001f0e2044180110380503a2c7000 00700a01083184118220440c80d0080f 4 -10
83 000001f0e2044188110380503a2c6000 00700a01003184118220440c80d0081f 4 -11
85 000001f0e2044188110380503a0c6400 00700a01003084118220440c80d0083f 4 -11
87 000001f0e2044188110380503a0c6200 00700a01003004118220440c80d0087f 4 -10000
89 000001f0e2044188110380503a1c4200 00780a01003004118220440c80c0087f 4 -10000

