Randseed fe9bb3ba
#56 1000 1035 0
1 00aa80026a000aa8002aa000aa8002aa 00002aa800aaa002aa800aaa002aa800 2 0
#54 80 970 2810
3 00aa80026a000aa8002aa000aa8002b2 00002aa800aaa002aa001aaa002aa800 3 -1
#52 488 889 5870
5 00aa00126a000aa8002aa000aa8002b2 00001aa800aaa002aa001aaa002aa800 3 -1
#52 320 877 6190
7 00aa00126a0002a9002aa000aa8002b2 00001aa8006aa002aa001aaa002aa800 3 0
#50 312 899 6502
9 00ac00126a0002a9002aa000aa8002b2 00001aa8006aa002aa001aaa002ab000 3 0
#48 272 926 6774
11 00ac00126a0002a9002aa000aa840232 00001aa8006aa002aa001aaa012aa000 4 3
#46 1381 906 8155
13 00ac00126a0002a9002aa000ea800232 00001aa8006aa002aa001aaa0129a000 4 3
#46 1009 862 9164
15 00ac00126a0002a90032a000ea800232 00001aa8006aa002aa001aaa0119a000 4 4
#46 812 827 9976
17 00ac00126a0002a90032a004ea000232 00001aa8006aa002a8005aaa0119a000 4 3
#44 2007 773 11983
19 00ac00126a0002a90032a004ea000234 000019a8006aa002a8005aaa0119a000 4 5
#42 905 767 12888
21 00ac00126a1000a90032a004ea000234 000019a80062a102a8005aaa0119a000 4 5
#40 842 763 13730
23 00ac00126a1000a90032a044e2000234 000019a80062a102a8005aba01198000 4 7
#40 671 729 14401
25 00ac00126a1000a90022a444e2000234 000019a80062a102a8011aba01198000 4 6
#40 676 696 15077
27 00ac00026a1040a90022a444e2000234 000019880462a102a8011aba01198000 4 5
#38 517 705 15594
29 00ac00026a1040a90022a444e2000238 000019880462a142a8011aba00198000 4 5
#36 398 722 15992
31 00ac00026a1040a90020a444ea000238 000019880462a042b8011aba00198000 4 5
#34 622 728 16614
33 00ac00026a0840a90020a444ea000238 000019880462a042b8011ab204198000 4 7
#34 322 709 16936
35 00ac0002680840a90120a444ea000238 000019881462a04298011ab204198000 4 8
#30 197 791 17133
37 00ac0002680800a90120e444ea000238 000019881463a04288011ab204198000 5 6
#28 616 803 17749
39 00ac0000684800a90120e444ea000238 000019891423a04288011ab204198000 5 6
#26 704 811 18453
41 00ac0000684800890520e444ea000238 000019891023e04288011ab204198000 5 7
#24 454 841 18908
43 00ac0000680808890520e444ea000238 000019811123e04288011ab204198000 5 7
#22 299 890 19207
45 006c0000680808890520e444ea000238 00001b811023e04288011ab204198000 5 9
#20 472 932 19679
47 003c0000680808890520e444ea000238 00001b811023e04288811ab004198000 5 9
#20 245 907 19924
49 003c0000680808890520e444ea010230 00001f811023e04288811ab004188000 6 11
#18 607 940 20532
51 003c0000680808890520e444fa010220 00001f811023e04688810ab004188000 6 12
#16 320 1018 20852
53 003c0000680808890120e44cfa010220 00001f811023e44688010ab004188000 7 10
#14 1716 918 22568
55 003c0000480c08890120e44cfa010220 00001f811023e44688110aa004188000 7 9
#12 493 989 23061
57 003c0000480c08890120644cfb010220 00001f811023e44688110aa004308000 7 9
#10 474 1093 23535
59 003c0040400c08890120644cfb010220 00000f811023e44688110ba004308000 7 9
#8 555 1227 24090
61 003c0040400c08890120644cfb010120 00000f811063e44688110b2004308000 7 9
#6 385 1508 24475
63 003e0000400c08890120644cfb010120 00000f811063e44688110b2104208000 8 10000
#6 66 1486 24541
65 003e0000400c08890120640cfb090120 00000f811063e44488510b2104208000 9 10000
#4 4 2227 24546
67 003e0000000c08891120640cfb090120 00000f8110e3e44488510b2104200000 10 10000
#2 0 4454 24546
69 003e0000000c08891120640cff090020 00000f8110e3f44488510b2100200000 11 10000

