Randseed fe9c6cab
#58 1000 1000 0
0 00aa8002aa000aa8002aa000aa8002aa 00002aa800aaa002aa800aaa002aa800 2 1
#56 138 941 2630
2 00aa8002aa000aa8002aa000aa8001aa 00002aa800caa002aa800aaa002aa800 3 0
#54 413 961 3043
4 00a68002aa000aa8002aa000aa8001aa 00002aa810c8a002aa800aaa002aa800 3 0
#52 576 976 3619
6 00a28042aa000aa8002aa000aa8001aa 00002aa810c8a012a8800aaa002aa800 3 1
#50 372 1000 3991
8 00a28042ca000aa8002aa000aa8001aa 00002ba800c8a012a8800aaa002aa800 3 1
#48 355 1027 4346
10 00828442ca000aa8002aa000aa8001aa 00002ba800c8a012a8800aaa042a2800 3 3
#46 255 1060 4601
12 00029442ca000aa8002aa000aa8001aa 00002ba800c8a012a8800aaa041a2800 4 5
#44 1154 1056 5755
14 00029442ca000b28002aa000aa8001aa 00002ba800c8a012a8800aa8045a2800 4 7
#42 1168 1051 6923
16 00021452ca000b28002aa000aa8001aa 00002ba800c8a012a8800aa8041a3800 4 8
#40 798 1063 7721
18 00001452ce000b28002aa000aa8001aa 00002ba800c8c012a8800aa8041a3800 4 9
#42 798 975 8519
20 00001452ce000b28002aa000aa8400aa 00002ba800c8c012a9000aa8041a3800 4 9
#40 529 997 9048
22 00001452ce000b28002aa0006a8400aa 00002ba800c8c012a9000aa814183800 4 9
#38 425 1027 9473
24 00001452ce000b28002aa1006a84002a 00002ba800c8c012a9000ab014183800 4 10
#36 787 1041 10261
26 000014538e000b28002aa1006a84002a 00002ba800c8c012a9040ab004183800 4 10
#34 393 1079 10654
28 000014538e000b28402aa1002a84002a 00002ba80088d012a9040ab004183800 4 10
#32 826 1095 11480
30 000014538e000329402aa1002a84002a 00002ba80088d01289040af004183800 4 11
#32 286 1077 11766
32 000014538e000329403aa1002a80002a 00002ba80088d01289050ae004183800 5 8
#32 1030 1012 12796
34 000014538e000329403aa1102880002a 00002ba80088d01289050ce004183800 5 8
#26 900 1177 13697
36 000014538e000329443aa1002880002a 00002ba80088d0128a050ce004183800 5 10
#24 377 1243 14074
38 000014538e0003295438a1002880002a 00002ba00188d0128a050ce004183800 6 12
#20 5003 992 19077
40 000014538e0003a94438a1002880002a 00002ba00188d0128a050ce005183000 5 11
#18 298 1069 19375
42 000014538e0003e84438a1002880002a 00002ba00088f0128a050ce005183000 6 13
#16 2953 834 22328
44 000014538e0103e84418a1002880002a 00002ba40088f0108a050ce005183000 5 14
#14 376 899 22704
46 000014438e0103e84418e1002880002a 00002b244088f0108a050ce005183000 5 15
#12 354 990 23058
48 000014438e1103e84408e1002880002a 00002b144088f0108a050ce005183000 5 16
#10 301 1128 23359
50 000004438e1103e84408e1003880002a 00102b144080f0108a050ce005183000 6 17
#8 814 1206 24174
52 000004418e1103e84408e1043880002a 00102b144080f01082050ce007183000 6 17
#6 338 1496 24512
54 000004418e1103e84508e1043800002a 00102b144080f01082050ce00718a000 7 10000
56 000004408e1103e84508e1043801002a 00102b144080f01102050ce00718a000 4 10000
58 000004008e1103e84508e1043801003a 00100b144080f01302050ce00718a000 4 10000

