Randseed fea9542d
#56 1000 1035 0
1 00aa0012aa000aa8002aa000aa8002aa 00002aa800aaa002aa800aaa002aa800 2 0
#54 84 1070 84
3 00aa0012aa000aa8002aa000aa8002b2 00002aa800aab000aa800aaa002aa800 3 -1
#52 446 1095 530
5 00aa0012aa000aa8042a2000aa8002b2 00002aa800aab000aa800aaa001aa800 3 -1
#52 388 1080 918
7 00aa0012aa000aa8042a21008a8002b2 00002aa800aab000aa800aaa001ab000 3 1
#50 442 1105 1360
9 00aa00132a000aa8042a21008a8002b2 00002aa800aab000aa8006aa001ab000 3 1
#48 395 1135 1755
11 00aa00132a000aa8042a2100898002b2 00002aa800aab000aa8006aa0019b000 3 3
#46 146 1178 1901
13 00aa00132a000a68042a2100898002b2 00002aa800aab000aa8006ac0019b000 4 6
#44 983 1187 2884
15 00aa00132a000a68042a2140818002b2 00002aa800eaa000aa8006ac0019b000 4 7
#42 1031 1194 3915
17 00aa00132a000a68042a2140418002b2 00002aa800eaa000ab0006ac0019b000 4 7
#40 1055 1201 4970
19 00aa00132a000a78002a2140418002b2 00002aa8006aa400ab0006ac0019b000 4 9
#38 603 1233 5573
21 00aa00132a000a78002e2100418002b2 00001aa8006aa400ab0006ac0019b000 4 9
#38 395 1212 5968
23 006a00132a000a78002e2100418002b2 00001aa8006aa400ab1002ac0019b000 5 7
#36 2767 1125 8735
25 006a00132a100878002e2100418002b2 00001aa8006aa400eb1000ac0019b000 5 7
#34 1201 1121 9936
27 006a00132a100878002c2100618002b2 00001aa8006aa400eb10006c0019b000 5 7
#32 2395 1041 12331
29 006a0011aa100878002c2100618002b2 00000ea8006aa400eb10006c0019b000 5 6
#32 3756 807 16087
31 006a0011aa104838002c2100618002b2 00000e88046aa400eb10006c0019b000 4 8
#30 307 840 16394
33 003a0011aa104838002c2100618002b2 00000e88046aa400eb10006c000db000 4 9
#28 522 863 16916
35 003a0011aa104838002c2100618002e2 00000e884462a400eb10006c000db000 4 10
#26 273 908 17189
37 003a0011aa10483800282100718002e2 00000e884462a400eb10002c040db000 5 9
#24 2251 796 19440
39 00380051aa10483800282100718002e2 00000e884462a400eb10002c0407b000 5 9
#22 921 785 20362
41 00380041ae10483800282100718002e2 00000e884063a400eb10002c0407b000 5 10
#20 1170 746 21532
43 00380041ae10483800282100e18002e2 00000e8850632400eb10002c0407b000 5 10
#20 691 677 22223
45 00180141ae10483800282100e18002e2 00000e8051632400eb10002c0407b000 5 10
#Clearing transposition table 1779106 
#18 304 716 22552
47 00080141ae14483800282100e18002e2 00000e8051632400eb10003c0403b000 5 11
#16 690 719 23242
49 00080141ae14403900282100e18002e2 00000e8051622440eb10003c0403b000 5 12
#14 176 797 23418
51 00080141ae14403900202500e18002e2 00000e8051622440eb10403c0401b000 6 15
#12 522 843 23941
53 00080141ae14403900202500e18001e2 00000680516a2440eb10403c0401b000 6 15
#10 810 849 24751
55 00080140ae14423900202500e18001e2 00000680506a2444eb10403c0401b000 6 18
57 00080140ae14423900202500e18801c2 00000680506a2444fb00403c0401b000 4 19
59 00080140ae14423800202500e18801e2 00000680506a0444fb80403c0401b000 4 19
61 00080140ae14423800002500e18801f2 00000680506a0444fb80403c0401e000 4 10000
63 00080140ae14423800002100e18801fa 00000280506a0544fb80403c0401e000 4 10000

