Randseed feaa1ae7
#58 1000 1000 0
0 00aa8002aa000aa8002aa000aa8002aa 00002aa800aaa002aa800aaa002aa800 2 1
#56 137 1002 918
2 006a8002aa000aa8002aa000aa8002aa 00002aa800aaa002aa804aa2002aa800 3 0
#54 666 1015 1584
4 006a8002aa000aa8002aa000aa8002ac 00002aa800aaa002a2814aa2002aa800 3 0
#52 409 1038 1993
6 006a8002aa000aa8002aa000aa9000ac 00002ac800aaa002a2814aa2002aa800 3 1
#50 491 1060 2484
8 006a8002aa000aa8002aa000aa9040a8 00002ac800aaa012a2810aa2002aa800 3 1
#48 345 1090 2829
10 006a8002a2010aa8002aa000aa9040a8 00002ac800aaa01222910aa2002aa800 4 3
#46 2659 1022 5488
12 006a8002a2010aa0012aa000aa9040a8 000032c800aaa01222910aa2002aa800 4 3
#44 2320 963 7808
14 006a8002a2010aa00126a000aa9040a8 000032c800aaa01022d10aa2002aa800 4 5
#42 1424 941 9232
16 006a8000a2410aa00126a000aa9040a8 000032c800aaa01022d10aa24022a800 4 6
#40 693 953 9925
18 006a8000a2410aa00126a000ae9040a0 000032c800aca01022d10aa24022a800 4 6
#38 989 951 10914
20 006a8000a2410aa00126a000ae914080 000032cc002ca01022d10aa24022a800 4 7
#36 776 961 11690
22 006a8000a2410aa00126a000ae954000 000032cc002ca01022d00ae24022a800 4 7
#34 720 975 12410
24 006a8000a2410aa00126a000be950000 000032c4012ca01022d00ae24022a800 4 8
#32 330 1016 12740
26 006a8000a2410aa00126a400be850000 00003384012ca01022d00ae24022a800 5 7
#30 852 1027 13592
28 006a8000c2410aa00126a400be850000 00003384012ca01022900ae34022a800 5 8
#28 905 1035 14497
30 006a800082510aa00126a400be850000 00003b80012ca01022900ae34022a800 5 10
#26 597 1069 15094
32 002a840082510aa00126a400be850000 00001b81012ca01022900ae34022a800 5 10
#24 1245 1055 16339
34 002a840082110ea00126a400be850000 00001b81012ca01022101ae34022a800 5 12
#24 997 972 17336
36 002a8400821107a00126a400be850000 00001b81012ca01022001be34022a800 5 12
#22 1077 962 18413
38 002a8400821107a00106a400be950000 00001b812124a01022001be34022a800 5 12
#20 1140 944 19554
40 002a8400821107a00106a404be150000 00001b812124a01022001be34022b000 5 13
#18 636 978 20190
42 002a8400821107a00106a004be1d0000 00001b812124a01022801be14022b000 5 14
#16 507 1037 20697
44 002a8400821107a00106a0143e1d0000 00001b812124a01022801be14020b040 5 14
#14 553 1107 21251
46 002a8400821107a00106a01c3e0d0000 00001b812124a01022801be14020b020 5 15
#12 465 1214 21716
48 002a8400821107a00406a01c3e0d0000 00001b812124a01022801be14020b010 5 16
#10 472 1362 22188
50 002a8400821107e00406a01c3e0c0000 00001b812124a01022801be14020f000 5 17
#8 505 1576 22693
52 002a8410801107e00406a01c3e0c0000 00001b812124a01022801be140207800 6 19
#6 709 1866 23402
54 002a8410801107e01406801c3e0c0000 00001b812124a01022801be140603800 6 10000
#4 40 2779 23442
56 003a8410801103e01406801c3e0c0000 00001b812124a01022801be1c0403800 7 10000
#2 1 5557 23443
58 003e8410801103e01402801c3e0c0000 00000b812124a41022801be1c0403800 8 10000

