Randseed feb616c1
#56 1000 1035 0
1 00aa8002aa000aa8002aa000aa9000aa 00002aa800aaa002aa800aaa002aa800 2 0
#54 136 1067 189
3 00aa8002aa000aa8002aa000aa94002a 00002aa800aaa002aa800aab000aa800 3 -1
#52 530 1087 719
5 00aa8002aa000aa8002aa000aa95000a 00002aa800aaa002aa800aab4002a800 3 -1
#50 649 1105 1368
7 00aa8002aa000aa8002aa000aa951008 00002aa800aaa002aa800eaa4002a800 3 -1
#48 409 1134 1777
9 00aa8002aa000aa9000aa000aa951008 00002aa800aaa002aa900eaa0002a800 3 -1
#46 295 1170 2072
11 00aa8002aa000aa9000aa000aa955000 00002aa800aaa002aa900eaa1000a800 4 0
#44 2194 1124 4266
13 00aa8002aa000aa9000aa000ab954000 00002aa800aaa002ea9006aa1000a800 4 0
#42 3319 1019 7585
15 00aa8002aa400aa8000aa000ab954000 00002aa800aaa402ca9006aa1000a800 3 -1
#40 309 1055 7894
17 00aa9002aa4002a8000aa000ab954000 00002aa900aaa4028a9006aa1000a800 4 0
#38 1515 1031 9410
19 00aa9002aa4002a8000aa010ab154000 00002aa900aaa4028a9006aa14002800 4 0
#36 645 1052 10055
21 00aa9002aa4002a8000aa110ab114000 00002aa900aaa4028a9006ea04002800 4 0
#34 991 1056 11046
23 00aa9002aa4002a8040aa110ab110000 00002aa900aaa4028a91066a04002800 4 0
#32 1542 1025 12588
25 00aa9002a84042a8040aa110ab110000 00002aa900aaa4428a91062a04002800 4 1
#30 396 1067 12984
27 00aa9002a84142a8040aa110aa110000 00002aa900baa4428a91022a04002800 4 1
#30 385 1042 13369
29 00aa9002a84142a8040ac110aa110000 00002aa900bea4428a91002a04002800 4 1
#28 876 1053 14245
31 00aa9002a84102b8040ac110aa110000 00002aa900bea4428a91002205002800 4 7
#26 636 1086 14882
33 00aa9042a84102b8040a8110aa110000 00002aa900bea4438a81002205002800 4 7
#24 575 1128 15457
35 00aa9042a84102b8040a8110ea010000 00002aa900bea4438a81002205003000 4 7
#24 314 1102 15772
37 00ab9042a84102b8040a8110e8010000 00002aa101bea4438a81002205003000 5 8
#22 1227 1090 17000
39 00ab9042a84102b804028110f8010000 00002a2111bea4438a81002205003000 5 8
#20 630 1137 17630
41 00ab9042a84102b804028050f8010000 00002e2101bea4438a81002205003000 5 8
#18 470 1211 18100
43 00ab9042a84102b81402805078010000 00002c2101bea4438a81002207003000 5 9
#16 306 1324 18406
45 00ab9042684102b81402805078010000 0000282101beb4438a81002207003000 6 11
#18 695 1099 19101
47 009b9042684102b81402805078010000 0000282101beb4438b01002207003000 6 12
#16 790 1138 19891
49 008b9142684102b81402805078010000 0000282105be34438b01002207003000 6 13
#14 432 1239 20323
51 008b1142784102b81402805078010000 0000082505be34438b01002207003000 6 12
#10 224 1690 20547
53 008b1142784103b81402805078000000 0000082105be34438b01002a07003000 7 11
#8 409 2011 20956
55 00cb1142780103b81402805078000000 0000082105be34438b01002c07003000 8 10000
#6 34 2670 20990
57 00db1142380103b81402805078000000 00000821053e34438b01402c07003000 9 10000
#2 1 8009 20991
59 00fb1142380103b81402804078000000 00000821053e24438b81402c07003000 10 10000
#2 0 8009 20991
61 00fa1146380103b81402804078000000 00000821053e24458b81402c07003000 11 10000

