Randseed feb6dc5c
#58 1000 1000 0
0 00aa8002aa000aa8002aa000aa8002aa 00002aa800aaa002aa800aaa002aa800 2 1
#56 129 1031 129
2 00aa8002aa000aa8002aa000aa8002ca 00002aa800aaa002aa800aaa002ab000 3 -1
#54 478 1051 607
4 00a68002aa000aa8002aa000aa8002ca 00002aa800aaa002aa800aac002ab000 3 -1
#52 338 1079 945
6 00a68002aa000aa8002aa000ab0002ca 00002aa800aac002aa800aac002ab000 4 2
#50 2271 1031 3216
8 00a28042aa000aa8002aa000ab0002ca 00002aa800aac002ab000aac002ab000 4 1
#48 1998 951 6157
10 00a20052aa000aa8002aa000ab0002ca 00002a8804aac002ab000aac002ab000 4 1
#46 2718 875 8875
12 00a20052aa000ab0002aa000ab0002ca 00000a8c04aac002ab000aac002ab000 3 0
#44 309 900 9184
14 00a20052aa000ab0002ac000ab0002ca 00000a8c00abc002ab000aac002ab000 3 0
#42 185 934 9369
16 00a20052aa000ab0002ac010aa0002ca 00000a8800ebc002ab000aac002ab000 4 2
#40 1384 912 10753
18 00a00052ba000ab0002ac010aa0002ca 00000a88007bc002ab000aac002ab000 4 2
#38 1369 838 13069
20 00a00042be000ab0002ac010aa0002ca 00000a88403bc002ab000aac002ab000 4 2
#38 1149 778 14218
22 00a00002be040ab0002ac010aa0002ca 00000a88403bc002ab000aac002ae000 4 1
#36 1389 744 15607
24 00a00002be040ab0002ac010aa0001ca 00000688403bc002ab000aac002ae000 4 0
#34 1023 727 16630
26 00a00002be040ae0002ac010aa0001ca 00000688403bc001ab000aac002ae000 4 -1
#32 1181 699 17812
28 00a00002be040ae0002b8010aa0001ca 00000288403bc401ab000aac002ae000 4 -1
#30 449 715 18261
30 00800402be040ae0002b8010aa0001ca 00000288403bc401ab0006ac002ae000 4 -1
#28 647 720 18908
32 00800402be040ae0002f8010a80001ca 00000288403bc400ab1006ac002ae000 4 -1
#26 744 719 19652
34 00800402be040ae0042f8000a80001ca 00000288403bc400ab1006ac002ce000 4 1
#26 396 613 21024
36 00800402bc040ae0042f8100a80001ca 00000288403bc400ab1002ac402ce000 4 0
#26 394 583 21418
38 00800402bc040ae0042f8100a80200ca 00000288403bc400ab1002ac401ce000 4 -1
#24 300 606 21718
40 00800402b8040be0042f8100a80200ca 00000288403bc400b31002ac401ce000 4 -1
#24 208 589 21926
42 00800402b8040be0042f8140a00200ca 00000288403bc400b31002ac441cc000 4 -2
#22 145 629 22071
44 00001402b8040be0042f8140a00200ca 00000288403bc400e31002ac441cc000 5 -4
#20 372 655 22443
46 00000403b8040be0042f8140a00200ca 00000388403bc400c31002ac441cc000 5 -4
#16 156 800 22599
48 00000403b8040be0042f8100b00200ca 00000388403bc410c21002ac441cc000 6 -3
#16 172 778 22771
50 00000403b80409e0042f8100b00200ea 00000388403b8410c21042ac441cc000 7 -4
#12 235 999 23006
52 00000403b80409e0042f8100b00200ec 000003c8403b8410821042ac441cc000 8 -3
#10 283 1142 23289
54 00000403b80409e0042f8100b00200f8 000003d0403b8410821042ac441cc000 9 -10000
#6 113 1866 23402
56 00000403b80408e0042f8100b00201f8 000003f0403b8410821042ac4418c000 10 -10000
#4 13 2792 23415
58 00000403b80408e0042f8500300201f8 000003f0443b8410821042a84418c000 11 -10000
#2 2 5583 23417
60 00000403b80408e0042f8500300203f0 000003f044398410821042b84418c000 12 -10000
#2 0 5583 23417
62 00000403b80408e0042f8500300207e0 000003f044398410821042784418c000 13 -10000

