Randseed fec2101b
#56 1000 1035 0
1 00aa0012aa000aa8002aa000aa8002aa 00002aa800aaa002aa800aaa002aa800 2 0
#54 77 1071 77
3 00aa0002ae000aa8002aa000aa8002aa 00002aa800aaa002aa800aab000aa800 3 -1
#52 411 1096 488
5 00aa0002bc000aa8002aa000aa8002aa 00002aa800aaa002aa800aab004aa000 3 -1
#50 392 1124 880
7 00a80042bc000aa8002aa000aa8002aa 00002aa800aaa002aa800aaf000aa000 3 -1
#48 363 1156 1243
9 00a80042bc000aa8012a8000aa8002aa 00002aa800aaa002aa804aad000aa000 4 0
#46 2475 1099 3718
11 00a80042bc000ab8002a8000aa8002aa 00002b2800aaa002aa804aad000aa000 4 0
#44 4052 965 7770
13 00a80002bc040ab8002a8000aa8002aa 00002e2800aaa002aa804aad000aa000 3 -1
#42 326 995 8096
15 00a80002b8040ab8102a8000aa8002aa 00001e2800aaa002aa804aad000aa000 4 0
#40 3429 873 11525
17 00a80002b8040ab8102a8000aa81028a 00001e2800aaa002ae804aa9000aa000 3 -2
#38 421 897 11946
19 00a80002b0040af8102a8000aa81028a 00001e28006aa002ae804aa9000aa000 3 -1
#40 323 836 12269
21 00a80002b0040af0102a8040aa81028a 00001c29006aa002ae804aa9000aa000 3 -3
#38 683 844 12952
23 00a80002b0040ae0102a8040ba81028a 00001c29006aa002ae804aa9040a2000 3 -4
#36 590 858 13542
25 00a80002b0040ae0102a8040bb01028a 00001c29006aa002ae804aa904062000 3 -4
#34 190 898 13732
27 00a80002b0040ae0102a8040bb01028c 00001c29006aa002ae804aa904064000 4 -3
#36 2526 707 16258
29 00a80002b0040ae0102a8040bb01018c 00001c29006aa002ae814aa104064000 3 -3
#34 185 738 16443
31 00a80002a0040ae0102a8040fb01018c 00001c29006aa002ae814aa1040c4000 4 -3
#32 1627 683 18070
33 00a80002a0040be0102a80407b01018c 00001c29006aa002ae810aa1040cc000 4 -3
#30 1123 653 19193
35 00a80002a0040fc0102a80407b01018c 00001c29006aa002af810aa1040c8000 4 -4
#28 1056 625 20249
37 00a8000220140fc0102a80407b01018c 00001c29006aa002af810ea0040c8000 4 -4
#26 661 622 20911
39 00a8010220040fc0102a80407b01018c 00001c294062a002af810ea0040c8000 4 -4
#24 903 598 21814
41 00a8010220040fc0102a80407b0100cc 00001e290062a002af810ea0040c8000 4 -5
#Clearing transposition table 1808562 
#20 952 619 22801
43 00a8010220040fc0102a80407b0140c8 00001e290062a012af810ea0040c0000 4 -5
#18 1030 574 23831
45 00a8010220040fc0102a80407b034048 00001e290061a012af810ea0040c0000 4 -11
47 00a8010220040fc0502a80407b034008 00001e290061a011af810ea0040c0000 4 -10
49 00a8010220040fc0504a80407b034008 00001e290061a011af9106a0040c0000 4 -10
51 00a8010220040fc0504a80407f034000 00001e290061e011af9106a0000c0000 4 -13
53 00a8010220040fc2500a80407f034000 00001e290460e011af9106a0000c0000 4 -13
55 0068010220040fc2500a80407f034000 00001e290460e010af9107a0000c0000 4 -12
57 0038010220040fc2500a80407f034000 00001e290560e010af910780000c0000 4 -11
59 0018010220041fc2500a80407f034000 00001e290560e0102f950780000c0000 4 -14
61 0018010420041fc2500a80407f034000 00001e290560e0100f950780800c0000 4 -14
63 0018010020841fc2500a80407f034000 00001e290560e0100f910780801c0000 4 -10000
65 0018010020041fc2500a80507f034000 00001e290560e0100f910700801c0080 4 -10000

