Randseed fec2c946
#58 1000 1000 0
0 00aa8002aa000aa8002aa000aa8002aa 00002aa800aaa002aa800aaa002aa800 2 1
#56 127 1006 826
2 006a8002aa000aa8002aa000aa8002aa 00002ab000aaa002aa800aaa002aa800 3 0
#54 524 1024 1350
4 006a8002aa000aa8002aa000aa8001aa 00002ab000aaa002aa800aaa4022a800 3 0
#52 467 1045 1817
6 006b0002aa000aa8002aa000aa8001aa 00002aa004aaa002aa800aaa4022a800 3 0
#50 400 1045 2853
8 006b0002a8004aa8002aa000aa8001aa 00002a8004aba002aa800aaa4022a800 3 0
#48 377 1073 3230
10 006b0002a8004aa8002aa4002a8001aa 00002a8000aba042aa800aaa4022a800 3 0
#46 194 1112 3424
12 006b0002a8004aa8002aa4002a8001ac 00002a8000aba042aa900aaa0022a800 4 1
#44 2157 1064 5581
14 006b0002a8000ab8002aa4002a8001ac 00002a8000ab2042ba900aaa0022a800 4 1
#42 1695 1003 7917
16 006b0002a8000ab8002aa4002a81018c 00002a8000ab2042ba900aaa0022c800 4 1
#40 1615 973 9532
18 006b0002a8000ab8002aa4002a812184 00002a80006b2042ba900aaa0022c800 4 1
#38 1515 944 11048
20 006b0002a8000a98012aa4002a812184 00002a80006b2442ba9008aa0022c800 4 1
#40 817 856 11865
22 006b0002a8000a98012aa4001a812184 00002a80006b2442ba94082a0022c800 4 1
#38 847 857 12712
24 006b0002a8000a98012aa4001b812180 00002a80006a2442fa94082a0022c800 4 1
#40 1082 760 13794
26 006b0002a8000a98012aa4001f012180 00002a8000682443fa94082a0022c800 4 0
#42 1065 673 14859
28 00630102a8000a98012aa4001f012180 0000228100682443fa94082a0022c800 4 0
#40 837 665 15696
30 00630102a8000a980122a5001f012180 0000128100682443fa94082a0022c800 4 1
#40 867 621 16563
32 00630102a8000a980122a5001f052080 0000128100682543fa84082a0022c800 4 1
#38 903 607 17466
34 00630102a8000a980122a5003f052000 0000108140682543fa84082a0022c800 4 1
#36 554 610 18020
36 00630102a8000a980102a7003f052000 0000100150682543fa84082a0022c800 4 2
#34 207 633 18227
38 00630102a8000a980102a3103f052000 0000100150682543fa81082a0022c800 5 2
#36 649 562 18876
40 00630102a8000a980102e1103f052000 00001001506a2543fa81080a0022c800 5 2
#32 504 601 19380
42 00620142a8000a980102e1103f052000 00001001406a2543fe81080a0022c800 5 3
#28 508 650 19888
44 00620144a8000a980102e1103f052000 00000801406a2543fe81080a0022c800 5 3
#26 316 676 20204
46 00600144b8000a980102e1103f052000 00000801406a2543fe81080a00228810 5 3
#24 313 706 20517
48 00200544b8000a980102e1103f052000 00000801406a2543fe81080600228810 5 3
#22 252 748 20769
50 00200704b8000a980102e1103f052000 00000801406a2543fe81180200228810 5 3
#20 171 805 20941
52 00200704b8000a980102e1503f042000 00000801406a0547fe81180200228810 6 4
#18 587 830 21528
54 00200704b8000ab80102e0503f042000 00000801406a0543fe81180200628810 6 4
#16 215 907 21743
56 00200704b8010ab80100e0503f042000 00000801406a0543fe01180200629810 7 3
#14 490 966 22233
58 00200704b8110ab80100e0103f042000 00000801406a0543fe01080200629812 7 3
#12 413 1059 22646
60 00200704b81112b80100e0103f042000 00000801406a0543fe01080000629816 7 3
#10 327 1205 22973
62 00200704b81512380100e0103f042000 00000801406a0543fe0108000022981e 8 4
#8 687 1335 23660
64 00600704b81512380100e0103f040000 00000801406a0543fe0108000023901e 8 10000
#6 67 1757 23727
66 00e00704b81512380100e0103e040000 00000801406a0543fe0108000023805e 9 10000
#4 7 2633 23734
68 00e01704b81510380100e0103e040000 00000801406a0543fe010800002380dc 10 10000
#2 0 5266 23734
70 00e03704b80510380100e0103e040000 00000001406a0543fe410800002380dc 11 10000

