Randseed 679b0ad1
#56 1000 1035 0
1 00aa8002aa000aa8002aa000aa8002ac 00002aa800aaa002aa800aaa002aa800 2 0
#54 132 1067 174
3 00aa8002aa000aa8002aa000aa8042a8 00002aa001aaa002aa800aaa002aa800 3 -1
#52 556 1087 730
5 00aa8002aa000aa8002aa000a88042b8 00001aa001aaa002aa800aaa002aa800 3 0
#52 469 1069 1199
7 00aa8002aa000aa8002aa000a88002f8 00001aa001aaa002aa800aa6002aa800 3 0
#50 362 1097 1561
9 00aa8002aa000aa8002aa000a88003f0 00001aa001aaa002aa800aa7000aa800 4 2
#48 1982 1060 3543
11 00aa8002aa000aa8002aa000a88403e0 00001aa001aaa002aa800aa7040a2800 4 1
#48 2386 961 5929
13 00aa8002aa000aa8002aa000e88403c0 00001ca001aaa002aa800aa7040a2800 4 1
#46 1192 951 7121
15 00aa8002aa000aa8002aa400e8840380 00001ca0016aa002aa800aa7040a2800 4 2
#46 877 913 7998
17 00aa8002aa000aa8002aa400f8840180 000018a1016aa002aa800aa7040a2800 4 1
#44 854 915 8852
19 00aa8002aa000aa8002aa440f8840080 000018a1006ae002aa800aa7040a2800 4 1
#42 1358 894 10210
21 00aa8002aa000aa8003aa440f8840000 000018a1006ac012aa800aa7040a2800 4 2
#42 826 855 11036
23 00aa8002aa000aa8003ba440f8800000 000018a1006ac012ab000aa7040a2800 4 4
#42 1174 799 12210
25 00aa8002aa000aa80033e440f8800000 000018a1006ac012ab000aa7044a2000 4 5
#38 1113 825 13323
27 00aa8002aa000aa80423e440f8800000 000018a1006ac012ab000aaf040a2000 4 5
#36 673 833 13996
29 00aa8002aa010aa80403e440f8800000 000018a1006ac012ab000abf000a2000 4 4
#38 1038 735 15034
31 00aa8042aa010aa80403e040f8800000 00001881046ac012ab000abf000a2000 4 5
#36 708 736 15743
33 00ae8042aa010aa80403e04078800000 00001801146ac012ab000abf000a2000 4 5
#32 768 780 16511
35 00ae8042aa010ae80403e04038800000 00001801146ac012ab000a9f010a2000 4 5
#28 862 830 17373
37 00ae8042aa010be80403c04038800000 00001801046ec012ab000a9f010a2000 4 6
#28 471 790 17937
39 00ae8042aa010fe80403804038800000 00001801047cc012ab000a9f010a2000 4 6
#26 218 834 18156
41 00af8042aa010fe80403804018800000 00001801007cc012ab002a9f010a2000 5 6
#24 659 848 18815
43 00af8042ba010fe80403804008800000 00001801007c8012ab002a9f010a6000 5 11
#22 565 874 19380
45 00bf8042ba010fe80403804000800000 00001801007c8012ab002a8f010ae000 5 12
#20 643 897 20023
47 00ff8042ba010fe80403800000800000 00001801007c0012ab002a8f010be000 5 13
#18 321 961 20344
49 00ff8042be0107e80403800000800000 00001801007c00122b102a8f010be000 5 13
#16 286 1046 20630
51 00ff0042fe0107e80403800000800000 0000180100f800122b102a8f010be000 6 14
#14 524 1120 21154
53 007f0042fe0107f80403800000800000 0000180100f800022b102a8f010fe000 6 15
#12 689 1147 22114
55 00ff0042fe0107f00403800000800000 0000180100f800022b102e8e010fe000 6 15
#10 354 1306 22468
57 01ff0042fe0107e00403800000800000 0000180100f800022b402e8e010fe000 7 14
#8 353 1544 22821
59 01ff2042fe0107e00401800000800000 0000180100f8000233402e8e010fe000 8 10000
#6 661 1839 23482
61 01ff2046fe0107e00400800000800000 0000080100f8100233402e8e010fe000 8 10000
#6 63 1818 23545
63 01fe2046fe0107e04400800000800000 0000080100f8100233402e0e110fe000 9 10000
#4 7 2724 23552
65 01fe2046fc0107e04408800000800000 0000080100f8100223442e0e110fe000 10 10000
#2 0 5448 23552
67 01fe2044fc0107f04408800000800000 0000080100f8100223442e8c110fe000 11 10000

