Randseed 679b8097
#58 1000 1000 0
0 00aa8002aa000aa8002aa000aa8002aa 00002aa800aaa002aa800aaa002aa800 2 1
#56 129 1031 129
2 006a8002aa000aa8002aa000aa8002aa 00002aa800aaa002aa800aaa006aa000 3 0
#54 494 1051 623
4 006b0002aa000aa8002aa000aa8002aa 00002aa800aaa002aa801aaa002aa000 3 0
#52 284 1080 907
6 006b0002aa000aa8002aa000aa8001aa 00002aa800aaa002ab801aa8002aa000 4 1
#50 3186 996 4093
8 006a0042aa000aa8002aa000aa8001aa 00002aa800aaa006a9801aa8002aa000 3 1
#48 497 1017 4590
10 006a0042aa004aa0002aa000aa8001aa 00002aa801aaa006a9800aa8002aa000 3 1
#46 547 1037 5137
12 00680042ae004aa0002aa000aa8001aa 00002ab801aaa006a8800aa8002aa000 3 2
#44 311 1070 5448
14 00680042ae004aa0002aa000aa8041a2 00002ab801aaa006a8800aa8012a8000 4 4
#42 1972 1027 7420
16 00680042ae004aa0002aa000ae8001a2 00002ab801aaa006a8800ab8002a8000 4 4
#40 2964 930 10384
18 00680042ae014a80002aa000ae8001a2 00002ab801aaa006a8800af0002a8000 3 3
#38 259 966 10643
20 00680042ae014a80002aa000ae810182 00002ab801aaa006a8810a70002a8000 4 7
#36 737 978 11380
22 00680042ae014a80002aa000ae850082 00002ab801aaa046a8810a60002a8000 4 9
#36 1325 905 12705
24 00680042ae014a80002aa000ae851080 00002ab811aaa046a8810a20002a8000 4 9
#34 884 906 13589
26 00680042ae010aa0002aa000ae851080 00002ab811aae046a8010a20002a8000 4 10
#32 1083 895 14672
28 00280442ae010aa0002aa000ae851080 00002a3811aae046b8010a20002a8000 4 11
#30 945 892 15617
30 00280442ae010aa0002aa000af850080 00002a3811aee046b8010a00002a8000 4 12
#28 865 894 16483
32 00200542ae010aa0002aa000af850080 00002a3801aee046f8010a00002a8000 4 15
#26 1279 864 17762
34 00200442ee010aa0002aa000af850080 00002a3801a6e046f8110a00002a8000 4 16
#24 779 866 18605
36 00200442ee010aa0002aa000bf050080 00002a3801a6e446f8100a00002a8000 4 18
#22 1640 795 20245
38 00200442ec010aa0042aa000bf050080 00002a3801a2e446f8100a00402a8000 4 17
#24 1510 603 21755
40 00200442f8010aa0042aa000bf050080 00002a3801a0e446f8100e00402a8000 4 16
#Clearing transposition table 1827304 
#24 1612 466 23403
42 00200442f8010aa0042ac000bf050080 00002a3901a0e446f8100e0040228000 3 14
#20 224 537 23627
44 00200442f81108a0042ac000bf050080 00002a3901e0e406f8100e0040228000 3 14
#16 166 650 23793
46 00200442f80108a0042bc000bf050080 00002a3901e0e407f0100e0040228000 4 18
#14 657 650 24450
48 00201440f80108a0042bc000bf050080 00002a3d01e0e407e0100e0040228000 4 18
#10 501 809 24951
50 00201440f80108a0042bc0003f150080 0000223d01e0e407e0100e0140228000 4 19
52 00201440f80108a00423c1003f150080 0000223d01e0e407e0100e0140220010 4 20
54 00201440f80108a00423c0003f1d0080 0000223d01e0e407e0100e0140220020 4 18
56 00201440f80108a00423c0103f1c0080 0000223d01e0e407e0100e0140230000 4 10000
58 00201440f80108e00423c0103e1c0080 0001223d01e0e403e0100e0140230000 4 10000

