Randseed 67a4e19d
#58 1000 1000 0
0 00aa8002aa000aa8002aa000aa8002aa 00002aa800aaa002aa800aaa002aa800 2 1
#56 136 1021 391
2 00ab0002aa000aa8002aa000aa8002aa 00002aa800aaa002aa800aaa002ab000 3 0
#54 728 1032 1119
4 00ab0002aa000aa8002aa000aa8002ac 00002aa800aaa002aa800aaa002ae000 3 0
#52 489 1053 1608
6 00aa0042aa000aa8002aa000aa8002ac 00002aa800aaa002aa800aaa012a6000 3 0
#50 486 1076 2094
8 00aa0042aa000aa8002aa004aa0002ac 00002aa800aaa002aa800aba012a2000 3 0
#48 696 1092 2791
10 00a80042ae000aa8002aa004aa0002ac 00002aa800aaa002aa804aba012a0000 3 0
#46 646 1111 3437
12 00a80042ae000aa8012aa000aa0002ac 00002aa800aaa002aa804aba012c0000 3 0
#44 421 1142 3858
14 00a80002be000aa8012aa000aa0002ac 00002aa800aaa002aa804aba01380000 3 0
#42 227 1186 4085
16 00b00002be000aa8012aa000aa0002ac 00002aa800aaa002aa804aba41180000 4 0
#40 3140 1088 7225
18 00b00002be000aa8012aa4002a0002ac 00002aa800aaa002aa804bba41080000 4 0
#38 1557 1033 9371
20 00b00002be000ab8012a84002a0002ac 00002aa800aaa002aa904bba41000000 4 -1
#36 2568 947 11939
22 00b00002be000ab8042a84002a0002ac 00002aa800aaa002aa904bfa40000000 4 -4
#34 4287 751 16226
24 00a00402be000ab8042a84002a0002ac 00002aa800aaa003aa904bfa00000000 3 -7
#32 295 779 16521
26 00a004029e004ab8042a84002a0002ac 00002aa800aaa003aa904bfc00000000 3 -7
#30 182 819 16703
28 002014029e004ab8042a84002a0002ac 00002aa800aaa003a8944bfc00000000 4 -6
#28 574 837 17277
30 002014029e004af8042a04002a0002ac 00002aa800aaa103a8940bfc00000000 4 -7
#28 634 792 17911
32 002014029e004af8142804002a0002ac 00002aa840aaa101a8940bfc00000000 4 -6
#30 547 702 18458
34 000014039e004af8142804002a0002ac 00002aa840aaa101a8d403fc00000000 4 -7
#28 552 713 19010
36 000014039e004af814080400aa0002ac 00002aa840aaa10128f403fc00000000 4 -7
#28 415 683 19425
38 000014039e004af814080000ea0002ac 00002ac840aaa10128f403fc00000000 4 -8
#28 672 635 20097
40 000014039e4042f814080000ea0002ac 00002ac840baa10028f403fc00000000 4 -8
#26 284 663 20381
42 000014039e4042f814080000ea1000ac 00002ac8409aa10028f503fc00000000 4 -8
#24 290 694 20671
44 000014039e4042f854000000ea1000ac 00002ac8409ea10020f503fc00000000 4 -8
#22 230 736 20901
46 000014039e4046f814000000ea1000ac 00002ac8409fa10020f403fc00000000 5 -9
#20 396 770 21297
48 000014039e404cf814000000ea1000ac 00002bc8409fa10020f403f800000000 5 -9
#18 213 832 21510
50 000014039e404cf805000000ea1000ac 00002be8409fa10020f403f000000000 6 -8
#16 2949 567 24459
52 000014038e404cf805002000ea1000ac 00002bf8408fa10020f403f000000000 5 -9
#14 420 588 24879
54 0000140386404cf805006000ea1000ac 00002bf8418f810020f403f000000000 5 -7
56 0000140386404cf801006008ea1000ac 00002bf8418f810220f403e000000000 4 -6
58 0000140386404c7801006008eb1000ac 00002bf8418f910220f403c000000000 4 -6
60 0000140382404c7801006008eb1040ac 00002bfc418f910220f4038000000000 4 2
62 0000140382404c7801006008ef1040a8 004023fc418f910220f4038000000000 4 -6
64 0000140382404c3801006008ef1040b8 014023fc408f910220f4038000000000 4 -6
66 0000140382404c3801006008ff0040b8 01c023fc408f110220f4038000000000 4 10000

