Randseed 67a58d85
#56 1000 1035 0
1 00aa8002aa000aa8002aa000aa8002ac 00002aa800aaa002aa800aaa002aa800 2 0
#54 126 1066 198
3 00aa8002aa000aa8002aa000aa8002b8 00000aac00aaa002aa800aaa002aa800 3 -1
#52 528 1087 726
5 00aa8002aa000aa8002aa000aa804298 00000aac00aaa002aa800aaa006aa000 3 -1
#50 399 1114 1126
7 00aa8002aa000aa8002aa000ae804288 00000aac00aaa002aa800aaa016a8000 3 -1
#50 593 1091 1719
9 00aa8002aa000aa8002aa010ae804280 00000aac00aaa002aa800aae012a8000 3 0
#50 518 1070 2237
11 00aa8002aa000aa8002aa010be800280 00000aac00aaa002aa800aae01268000 3 1
#48 341 1100 2578
13 00aa8002aa000aa8002aa010be800300 00000aac00aaa002aa800aae01238000 4 5
#46 5418 913 7996
15 00aa8002aa000aa8002aa010be900200 00000aac00aaa002aa800aae0121c000 3 5
#44 374 937 8370
17 00aa8002aa004aa0002aa010be900200 00000aac00aaa002a8804aae0121c000 3 4
#42 834 942 9204
19 00aa8002aa004aa0002aa010fe900000 00000aa800eaa002a8804aae0121c000 3 4
#42 515 918 9719
21 00aa8002aa014a80002aa010fe900000 00000aa001eaa002a8804aae0121c000 3 3
#40 440 942 10159
23 00aa8002aa014a80002aa110fe800000 00000aa001eaa002a8804cae0121c000 3 3
#38 376 971 10535
25 00aa8002aa014a80002aa110fe001000 000002a101eaa002a8804cae0121c000 3 3
#36 177 1016 10712
27 00aa8002aa014a80002aa110fe000002 000002a101eaa002a8804cae0120e000 4 5
#34 809 1028 11521
29 00aa8002aa014a80002aa110fe000004 000002a101eaa002a8c048ae0120e000 4 5
#32 1540 996 13061
31 00aa8002aa014a80002aa110fe000008 000002a001eaa402a8c048ae0120e000 4 7
#32 642 956 13703
33 00aa8002aa014a80402a2110fe000008 000002a001eaa406a84048ae0120e000 4 7
#34 920 845 14623
35 00aa8002aa114a80402a2100fe000008 000002a001eaa406aa4048ac0120e000 4 6
#32 902 842 15525
37 00aa8002ea114a80402a2100fc000008 000002a0016aa407aa4048ac0120e000 4 6
#36 1733 652 17258
39 00aa8003ea114a80402a2100f8000008 00000320016aa407aa4048ac0120e000 4 3
#34 1112 625 18370
41 00aa8003fa114a80402a2100f0000008 00000320006aa40faa4048ac0120e000 4 2
#34 1327 547 19697
43 00aa8403fa114a80402a2100e0000008 00000300046aa40faa4048ac0120e000 4 3
#30 579 581 20276
45 00aa8403fa114a80402a2100e0000010 00000300046a841faa4048ac0120e000 4 4
#30 647 538 20923
47 00aa8403fa114a80402e210060000010 00000300046a841faa4048cc0120e000 4 4
#28 249 559 21172
49 00aa8403fa114a80402e210060000020 00000300046a841faa40484c0920e000 4 5
#24 285 628 21457
51 00aa8403fa114a80402e210060000040 00000300046a841faa40480c0921e000 4 5
#26 230 562 21687
53 00aa8403fa114a80402e210060020000 00000300046c841faa40480c0921e000 4 4
#26 264 542 21951
55 00aa8403fa114a80502e210020020000 00000300046c841fae40480c0121e000 4 4
#24 198 570 22149
57 00aa8403fa114a80502e210020040000 00000300046c851f8e40480c0121e000 4 5
#22 110 612 22259
59 00aa8403fa114a00503e210020040000 00000300046e841f8e40480c0121e000 5 2
#16 415 790 22674
61 00aa8443fa114a00501e210020040000 00000180046e841f8e40480c0121e000 5 1
#16 504 727 23178
63 008a9443fa114a00501e210020040000 00000180046e845f8e40480c0120e000 5 0
#14 206 802 23384
65 008a9443fe114a00500e210020040000 00000180006e845f8e40480c0121e000 6 -1
#12 455 860 23839
67 008a9453fe114a00400e210020040000 000001800066845f8e40480c0123e000 6 3
#6 136 1675 23975
69 008e9453fe114a00400c210020040000 000001800062845f8e40480c0123e040 7 2
#4 369 2328 24344
71 008e9457fe114a00400c210020000000 000001800062045f8e40480c0123e0c0 8 10000
#2 229 4427 24573
73 008e9457fe914a00400c210000000000 000001800062045f8e40480c0127e040 9 10000
#4 9 2209 24582
75 008e9457fe915a00400c200000000000 000001800062045f8e40480c012fe000 10 10000
#2 0 4418 24582
77 008e9457fe915a00400c100000000000 000001800062045b8e40480c013fe000 11 10000

