Randseed 67b094d1
#58 1000 1000 0
0 00aa8002aa000aa8002aa000aa8002aa 00002aa800aaa002aa800aaa002aa800 2 1
#56 132 1007 785
2 00b28002aa000aa8002aa000aa8002aa 00002aa800aaa1028a800aaa002aa800 3 0
#54 552 1024 1337
4 00b28002aa004aa0002aa000aa8002aa 00002aa810a8a1028a800aaa002aa800 3 -1
#52 546 1042 1883
6 00728002aa004aa0002aa000aa8002aa 000022a910a8a1028a800aaa002aa800 3 -1
#50 392 1069 2275
8 00328402aa004aa0002aa000aa8002aa 000022a910a8a1028a800aaa002b2800 3 0
#48 329 1099 2605
10 00308442aa004aa0002aa000aa8002aa 000022b110a8a1028a800aaa002b2800 4 2
#48 2263 1005 4868
12 00308442ae000aa0002aa000aa8002aa 000022b110a8a1028a800aaa006b2000 4 3
#46 1817 970 6685
14 00308442ae000aa0002aa040a28002aa 000022b110a8a1028a800aaa106a2000 4 4
#44 1360 952 8045
16 00208442ee000aa0002aa040a28002aa 000022b110a8a1028b000aaa106a2000 4 5
#42 1498 926 9543
18 00208442ee000aa0002aa040a18002aa 000022b110a8a1028b000aae102a2000 4 5
#40 1457 900 11000
20 00208442ee000aa0002ac040a18002aa 000022b110a8a1028b1008ae102a2000 4 5
#38 1707 857 12707
22 00208442ee1008a0002ac040a18002aa 000022b110a8a1028e1008ae102a2000 4 5
#36 805 860 13512
24 00208442ee1008a0002b8040a18002aa 000022b110a8a1028e1008bc102a2000 4 4
#34 910 857 14422
26 00208440ee5008a0002b8040a18002aa 000022b110a8a102861048bc102a2000 4 5
#32 471 881 14893
28 00208440ee5008a0002b8040a19000aa 000022b110a8a112821048bc102a2000 4 6
#30 446 910 15339
30 00208440ec5108a0002b8040a19000aa 000022b110a8a512820048bc102a2000 4 6
#28 554 936 15893
32 00210440ec5108a0002b8040a19000aa 000022b110a8c512820048bc102a2000 4 6
#30 802 820 16695
34 00210440ec5108a0002f0040a19000aa 000022b110a8c511820048bc102a2000 4 7
#30 496 787 17191
36 00210440ec5108a0002f0040a194002a 000022b51028c511820048bc102a2000 4 7
#28 372 773 18177
38 00010440ec5508a0002f0040a194002a 000002b71028c511820048bc102a2000 4 7
#26 502 793 18679
40 00010440ec1518a0002f0040a194002a 000002b71020c711820048bc102a2000 4 7
#24 406 826 19085
42 00010440ec1510a2002f0040a194002a 000002b31020c711821048bc102a2000 4 6
#22 493 856 19578
44 00010440ec1500a2006f0040a194002a 000002b31020c61182104abc102a2000 4 4
#22 525 808 20104
46 00010440ec1500a0006f0440a194002a 000002b31020c41182104bbc102a2000 4 2
#26 272 663 20376
48 00010440ec170020006f0440a194002a 000002b11020c41182104bbc502a2000 4 2
#24 129 707 20505
50 00010440ec170020006e0440a994002a 000002b11220c41182104bb8502a2000 5 4
#22 213 752 20718
52 00010440ec170020002e0440a994022a 000002b11220c41182104b98522a2000 6 5
#20 490 779 21208
54 00030440ec070020002e0440a994022a 000003b10220c41182104b98522a2000 6 5
#18 329 829 21537
56 00030440ec07002000260440a995022a 000003b10220c41182104b98522a4000 6 5
#16 402 882 21940
58 00030440ec07002000060440a995032a 000003b10220c41182104b99520a4000 6 5
#12 245 1025 22847
60 00030440ec07002000060440899503aa 000003b10220c41182304b9952084000 7 4
#10 1074 1015 23921
62 00030440ec07002000020440899703aa 000003b10220c41182704b9952004000 7 4
#8 435 1161 24356
64 00030440ec07002000020040899703ba 000003910220c41186704b9952004000 7 4
#8 498 1036 24854
66 00030440ec07002000020040899713b8 001003110220c41186704b9952004000 7 4
68 00030440ec07002010020040099713b8 00100b110220c41186704b9852004000 4 5
70 00030440ec07002010020040089713ba 00500b110220c41186704b9842004000 4 10000
72 00020440ec0700a010020040089713ba 00700b110220c41186704b9802004000 4 10000

