Randseed 67b15563
#56 1000 1035 0
1 00aa8002aa000aa8002aa000aa9000aa 00002aa800aaa002aa800aaa002aa800 2 0
#54 72 1048 699
3 00aa8002aa000ab0002aa000aa9000aa 00002aa001aaa002aa800aaa002aa800 3 -1
#52 594 1065 1293
5 00aa0012aa000ab0002aa000aa9000aa 00002aa001aaa002aa800aaa006aa000 3 -1
#50 478 1089 1771
7 00a80052aa000ab0002aa000aa9000aa 00002aa000aaa006aa800aaa006aa000 3 -1
#48 373 1118 2145
9 00a80052aa010aa0002aa000aa9000aa 00002a8004aaa006aa800aaa006aa000 3 -1
#46 374 1151 2519
11 00a80052aa010aa0002aa000aa9000ac 00001a8004aaa006aa800aaa006aa000 4 1
#44 1796 1122 4315
13 00a80052aa010aa0002aa000ab1000ac 00001a8004aaa006aa800aae002aa000 4 2
#44 1323 1061 5638
15 00a80052aa4102a0002aa000ab1000ac 00001a8004aaa006aa804aac002aa000 4 3
#42 1332 1018 7614
17 00a80052aa4102a0002aa000ab11008c 00001a8004aa8006ab804aac002aa000 4 4
#40 1508 993 9122
19 00a80052aa4102a0002aa000ab112084 00001a8004aa8006ab804aac002ac000 4 4
#38 1779 952 10901
21 00a80052aa4102a0002aa010ab112080 00001a8004aa8006ab804aac042a8000 4 4
#36 1212 938 12114
23 00a80052ba410280002aa010ab112080 00001a8004aa8002af804aac042a8000 4 4
#34 1102 928 13216
25 00a80052ba410280002aa010ab152000 00001b0004aa8002af804aac042a8000 4 5
#32 534 953 13750
27 00a80052fa400280002aa010ab152000 00001b0004aa8002af014aac042a8000 4 6
#32 1384 826 15773
29 00a80013fa400280002aa010ab152000 00001e0004aa8002af014aac042a8000 4 6
#30 791 829 16564
31 00a80013fa400300002aa010ab152000 00001e0004aa8002af014aac44228000 4 7
#28 1258 798 17822
33 00a80013fa400300002aa110ab112000 00001e0004aa8002af014aac54208000 4 7
#26 745 802 18567
35 00a80013fa400300002ca110ab112000 00001e0004aa8002af114aac14208000 4 9
#26 703 748 19270
37 00a80013fa400300002ca150ab102000 00001e0004aa8002ef1148ac14208000 4 10
#24 333 783 19603
39 00a00113fa400300002ca150ab102000 00001e0004aa8402ef0148ac14208000 4 11
#22 309 826 19912
41 00a00013fa500300002ca150ab102000 00001e00048a8403ef0148ac14208000 4 14
#20 223 886 20135
43 00c00013fa500300002ca150ab102000 00001e00048a8003ff0148ac14208000 5 13
#18 1056 867 21192
45 00c00013fa500300002ea150a3102000 00001e00048a8003ff01482c14228000 5 13
#16 596 901 21788
47 00c00053fa500200002ea150a3102000 00001e00048a8003ff01482c04238000 5 13
#14 456 965 22244
49 00c00053fa500200002ea110e3102000 00001e00008b8003ff01482c04238000 5 13
#12 536 1036 22780
51 00c00053fa500200002e2110e3902000 00001e00008b0023ff01482c04238000 5 13
#10 205 1203 22985
53 00c00053fa500200002e1110e3902000 00001e0000890023ff41482c04238000 6 14
#8 573 1360 23559
55 00c00073f8500200002e1110e3902000 00001e0000890123fe41482c04238000 6 15
#6 144 1765 23703
57 00c00073f8500200000e1510e3902000 00003c0000890123fe41482c04238000 7 10000
#4 12 2642 23715
59 00c00073f8500200000c1510f3902000 00003c0000890123fe41482d04218000 8 10000
#2 1 5284 23716
61 00c00073f850020000081510fb902000 00003c0000891123fe41482d04208000 9 10000

