Randseed 67be0033
#58 1000 1000 0
0 00aa8002aa000aa8002aa000aa8002aa 00002aa800aaa002aa800aaa002aa800 2 1
#56 137 1030 138
2 00a68002aa000aa8002aa000aa8002aa 00002aa800aaa002aa800aaa001aa800 3 -1
#54 967 1033 1105
4 00a68002aa000aa8002aa000aa8002b2 00002aa800aaa002aa800aaa001ab000 3 -2
#52 486 1036 2042
6 00868402aa000aa8002aa000aa8002b2 00001aa800aaa002aa800aaa001ab000 3 -2
#50 480 1059 2522
8 00868402aa000aa8002aa000aa8002b4 00001aa8006aa002aa800aaa001ab000 3 -2
#48 331 1089 2853
10 00828442aa000aa8002aa000aa8002b4 00001aa8006aa002aa8006aa001ab000 4 0
#46 2017 1049 4870
12 00820452aa000aa8002aa000aa8002b4 00001aa8006aa001aa8006aa001ab000 4 0
#48 2017 921 6887
14 00800452ae000aa8002aa000aa8002b4 00001aa8006aa001aa8006aa011aa000 4 0
#46 3049 828 9936
16 00800452ae004aa0002aa000aa8002b4 00001aa8006aa001aa8006ac011aa000 3 -2
#44 298 853 10234
18 00800452ce004aa0002aa000aa8002b4 00000aa9006aa001aa8006ac011aa000 3 -3
#42 464 871 10698
20 00800452ce014a80002aa000aa8002b4 000002a9006aa401aa8006ac011aa000 3 -4
#40 281 901 10979
22 00800452ce014a80002aa0006a8002b4 000002a8006aa401aa9006ac011aa000 4 -2
#42 2075 759 13054
24 00800452de004a80002aa0006a8002b4 000002a8006a2411aa9006ac011aa000 4 -2
#40 1437 725 14491
26 00800052de104a80002aa0006a8002b4 000002a8006a2401aa9046ac011aa000 4 -2
#38 1029 709 15520
28 00800052de104a80012a80006a8002b4 000001a8006a2401aa9046ac011aa000 4 -3
#38 1082 652 16602
30 00800052fe100a80012a80006a8002b4 000001a8006a2401aa9046ac010ea000 4 -3
#38 635 619 17237
32 00800052fe140880012a80006a8002b4 000001a8006a24019a9046ac010ea000 4 -3
#36 458 628 17695
34 00800052fe141080012a80006a8002b4 000001a8006a24019a9043ac010ea000 4 -3
#34 470 637 18165
36 00001052fe141080012a80006a8002b4 000001a8006a24009a9043ec010ea000 4 -4
#32 386 653 18551
38 00000053fe141080012a80006a8002b4 000001a8002a24009a9043ec110ea000 4 -3
#30 384 671 18935
40 00000053fe140880012a80006a8002b4 000001a8000a24009a9043fc110ea000 4 -4
#28 295 697 19230
42 00000053fe140880012b00006a8002b4 000001a8000a24009a9043fc110f8000 4 -4
#26 160 739 19390
44 00000053fe140880012b0000ca8002b4 000001a8000a24009e9043f8110f8000 5 -4
#26 562 696 19952
46 00000053fe140880012b0000ca0012b4 000001a0010a24009e9043f8110f8000 5 -3
#24 403 720 20355
48 00000053fe140880012b04008a0012b4 000001a0010a24049e1043f8110f8000 5 -3
#22 319 756 20674
50 00000053fe140888002b04008a0012b4 000400a0010a24049e1043f8110f8000 5 -3
#20 527 779 21201
52 00000053fe144880002b04008a0012b4 00060020010a24049e1043f8110f8000 5 -3
#18 357 826 21558
54 00000053fe540880002b04008a0012b4 00060020010a20449e1043f8110f8000 5 -3
#Clearing transposition table 1757515 
#16 292 821 22426
56 00000053fe540801002b04008a0012b4 00060020010a20548e1043f8110f8000 5 -3
#14 120 922 22546
58 00000053fe540801002b04008a0022b4 000600200108205c8e1043f8110f8000 6 -2
#12 301 1025 22847
60 00000053fe540801002e04008a0022b4 00060020010820dc8e1043f8100f8000 7 -3
#12 569 930 23416
62 00000053fe540801002e04008a0062b0 00060020000821dc8e1043f8100f8000 7 -2
#8 357 1306 23773
64 00000053fe540801002e04008e0042b0 00070000000821dc8e1043f8100f8000 8 -1
#6 788 1479 24561
66 00000053fe540801002e0400860042b8 00070000010821dc8e1043f810078000 8 -10000
#4 81 2179 24642
68 00000053fe540801002e0400820042f8 00070008010821dc0e1043f810078000 9 -10000
#2 7 4351 24649
70 00000053fe540801002e0400800043f8 00038008010821dc0e1043f810078000 10 -10000
#2 0 4351 24649
72 00000053fe500801002e0400801043f8 0003c008010821dc0e0043f810078000 11 -10000

