Randseed 67bedaa4
#56 1000 1035 0
1 002a9002aa000aa8002aa000aa8002aa 00002aa800aaa002aa800aaa002aa800 2 0
#54 121 1069 122
3 000a9402aa000aa8002aa000aa8002aa 00002aa800aaa002aa800aaa006aa000 3 -1
#52 576 1088 698
5 00029502aa000aa8002aa000aa8002aa 00002aa800aaa002aa800aab004aa000 3 -2
#50 960 1093 1658
7 00028502aa400aa8002aa000aa8002aa 000022a900aaa002aa800aab004aa000 3 -1
#48 299 1126 1957
9 00020512aa400aa8002aa000aa8002aa 000020a940aaa002aa800aab004aa000 4 0
#46 2767 1055 4724
11 00000552aa400aa8002aa000aa8002aa 0000202950aaa002aa800aab004aa000 4 0
#44 1499 1035 6223
13 00000542aa404aa8002aa000aa8002aa 0000200954aaa002aa800aab004aa000 4 0
#42 913 1015 7670
15 00000442aa444aa8002aa000aa8002aa 0000200914baa002aa800aab004aa000 4 0
#40 991 1016 8661
17 00000402aa454aa8002aa000aa8002aa 0000200914baa002aa800eaa004aa000 4 0
#38 1905 970 10566
19 00000402aa454aa9000aa000aa8002aa 0000200914baa002aa9006aa004aa000 4 -1
#36 1688 930 12254
21 00000402aa454ea8000aa000aa8002aa 0000000d14baa002aa9006aa004aa000 4 -1
#34 912 931 13166
23 00000400aa454fa8000aa000aa8002aa 0000000d14baa002aa9006aa4042a000 4 -1
#32 826 938 13992
25 00000400aa454fa8000aa000aa8042a2 0000000d04baa042aa9006aa4042a000 4 0
#30 557 963 14550
27 00000400aa054fa8100aa000aa8042a2 0000000d00baa052aa9006aa4042a000 4 -2
#28 1751 907 16301
29 00000400aa0547a8100aa040aa8042a2 0000000d00baa052aa9006ae4002a000 4 -3
#26 2985 747 19286
31 00000400ba054788100aa040aa8042a2 0000000d00baa052aa9006ae40032000 3 -5
#24 438 773 19724
33 00000400ba044788100aa040ae8042a2 0000000d00baa052aa90062e50032000 3 -6
#26 250 694 19974
35 00000400ba0447885002a040ae8042a2 0000000d00baa052aa90062c51032000 3 -3
#26 139 683 20113
37 00000400ba04478850022050ae8042a2 0000000d00ba2052ab90062c51032000 4 -1
#24 464 701 20577
39 00000400be04478050022050ae8042a2 0000000d00ba2042af90062c51032000 4 -1
#24 289 677 20866
41 00000400be044780500220508e8442a2 0000000d00b82042af90462c51032000 4 -6
#22 356 707 21222
43 00000400fe044780100220508e8442a2 0000000d00b82046af90462c51030000 4 -6
#20 243 753 21465
45 00000000fe044780100220508e8462a2 0000000d01b82006af90462c51030000 5 -5
#16 313 902 21778
47 00000000fe044780100220408e8472a2 0000000d01b82006af91462c50030000 5 -5
#14 171 1007 21949
49 00000000fe044380100220408e84f2a2 0000000901f82006af91462c50030000 6 -4
#12 594 883 23697
51 00000000fe040380100220408e84f2b2 0000000901f02406af91462c50030000 6 -4
#10 243 1012 23940
53 000000007e040380100220408e84f2f2 0000000901f02406af91462c70020000 7 -5
#8 325 1183 24265
55 000000003e040380100220408e84f3f2 0000001901f02406af91460c70020000 8 -4
57 000000003c040380100220408e94f3f2 0000001901702407af91460c70020000 4 -4
59 000000003c040380100220408ed4f3f0 0000003901702407af90460c70020000 4 -4
61 000000003c040380100220428cd4f3f0 0000003801702407ef90460c70020000 4 -10000
63 000000003c040180100230428cd4f3f0 0000003881302407ef90460c70020000 4 -10000

