Randseed 67cee401
#56 1000 1035 0
1 00aa8002ac000aa8002aa000aa8002aa 00002aa800aaa002aa800aaa002aa800 2 0
#54 81 1071 81
3 00aa80029c000aa8002aa000aa8002aa 00002aa800aa8006aa800aaa002aa800 3 -2
#52 471 1094 552
5 00aa80428c000aa8002aa000aa8002aa 00002aa800aa0016aa800aaa002aa800 3 -2
#50 344 1124 896
7 00aa80428c000aa0012aa000aa8002aa 00002a2810aa0016aa800aaa002aa800 4 -1
#48 3486 1025 4382
9 00aa80428c000aa0012aa000aa8012a8 00002a3010aa0016aa800aaa002aa800 3 -3
#46 285 1057 4667
11 00aa80428c000a20112aa000aa8012a8 00002a3010aa0016aa800aaa002ac800 4 -1
#44 2179 1007 6846
13 00aa80428c000a20112aa000aa8012b0 00002a3000aa0056aa800aaa002ac800 4 -1
#42 1367 989 8213
15 00aa80428c000a20112aa000aa8112a0 00002a3000a80056ae800aaa002ac800 4 -1
#40 1286 975 9499
17 00aa80428c000a20102aa004aa8112a0 00002a3000a8005eae000aaa002ac800 4 -1
#38 1277 959 10776
19 00aa80428c000a20102ae004aa8102a0 00002a3000a8005eae000aaa042a8800 4 -1
#40 777 872 11553
21 00aa80428c000a20102ae014aa0102a0 00002a3000a8001eae010aaa042a8800 4 -1
#38 668 883 12221
23 00aa80428c000a20102ae0149a0102a0 00002a3000a8001eae010aaa042c8800 4 -1
#36 473 905 12694
25 00aa80428c000a20102ae0548a0102a0 00002a3000a8001eae010aaa041c8800 4 0
#38 409 836 13103
27 00ab804288000a20102ae0548a0102a0 00002a3000a8001eae0106aa041c8800 4 0
#36 346 863 13449
29 00af004288000a20102ae0548a0102a0 00002c3000a8001eae0106aa041c8800 4 1
#34 458 887 13907
31 00af004288000a20101ae0548a0102a0 00002c3000a8001eae0106aa045c8000 4 1
#34 347 867 14254
33 00af004188000a20101ae0548a0102a0 00001c3000a8001eae0106aa045c8000 4 1
#32 364 898 14618
35 00af004188000620101ae0548a0102a0 00001c3000a0011eae0106aa045c8000 4 1
#30 265 941 14883
37 00af004188000620500ae0548a0102a0 00001c3000a0011dae0106aa045c8000 5 -1
#30 933 878 15816
39 00af004188100220500ae0548a0102a0 00001c3000a0011dae05062a045c8000 5 -1
#28 582 885 16603
41 00be004188100220500ae0548a0102a0 00001c3000a0011dae05062a44588000 5 -1
#26 468 917 17071
43 00be004088100220500ae1548a0102a0 00001c300060011dae05062a44588000 5 -1
#24 760 919 17963
45 00be004088110200500ae1548a0102a0 00001c300020051dae05062a44588000 5 -1
#22 567 951 18530
47 007e004088110200500ae1548a0102a0 00000c310020051dae05062a44588000 5 -1
#20 319 1015 18849
49 007e024088100200500ae1548a0102a0 00000c310020051dae15022a44588000 6 0
#18 1030 1013 19879
51 007e024088100200500ae1508a0142a0 00000c310020051dae15022245588000 6 0
#20 1001 812 20880
53 007e024088100200500ae1d08a014280 00000c310020051cae15022265588000 6 0
#18 1374 749 22254
55 007e024088100200500ae1d10a014280 00000c310020059cae11022265588000 6 0
#16 1193 694 23447
57 007e024088100200500ac1d10a014288 00000c310020059cae110222654c8000 6 0
#Clearing transposition table 1758903 
#14 703 687 24188
59 007e0240c8100200400ac1d10a014288 00000c310020059cae11022065cc8000 6 0
#10 640 834 24828
61 007e0240c81002004008c1d10a01c288 00000c31002005dcae11022065cc0000 6 1
#8 112 1015 24940
63 007e0240c81002004008c1d10a03c280 00000c31002085dcae11022061cc0000 7 -5
65 007e0240c81002004008c1d00a23c280 00000c31042085dc8e11022061cc0000 4 1
67 007e0240c81002004008c1d00a23c180 00000c31042084dc8e91022061cc0000 4 3
69 007e0240c81002004008c1d00a13c180 00000c31042084dc8e91120061cc0000 4 10000
71 007e0240c81002004008c1d00a13c300 00000c31042084dc8e91120260cc0000 4 10000

