Randseed 67cf8fba
#58 1000 1000 0
0 00aa8002aa000aa8002aa000aa8002aa 00002aa800aaa002aa800aaa002aa800 2 1
#56 149 992 1204
2 00ab0002aa000aa8002aa000aa8002aa 00002aa800aaa002a2810aaa002aa800 3 0
#54 464 1012 1669
4 00ab0002aa000aa8002aa000aa8002ac 00002aa800aaa002a2810aaa0029a800 3 0
#52 517 1031 2186
6 00aa0042aa000aa8002aa000aa8002ac 00002aa800aaa002a2810aaa0028e800 3 0
#50 394 1056 2580
8 00b20042aa000aa8002aa000aa8002ac 00001aa800aaa002a2810aaa0028e800 3 0
#50 225 1047 2805
10 00b00042ba000aa8002aa000aa8002ac 00001ca800aaa002a2810aaa0028e800 4 2
#48 2602 983 5407
12 00b00042ba000aa8002aa000ca8002ac 00001ca800aaa002a2810aaa0030e800 4 2
#46 1060 979 6467
14 00b000427a000aa8002aa000ca8002ac 00001ca8006aa002a2810aaa0030e800 4 2
#44 1240 967 7707
16 00b000427a000aa8002aa4008a8002ac 00001ca8006aa002a2810aaa01306800 4 1
#42 2520 893 10227
18 00b000427a000aa8002aa4008a8001ac 00001ca8006aa002a2810aae01302800 4 0
#42 1514 821 11742
20 00b000427a000aa9002aa4000a8001ac 00001ca8006aa002a2810aae01303000 4 -1
#40 1290 798 13032
22 00b000427a010a89002aa4000a8001ac 00001ca8006aa002a0814aae01303000 4 -2
#38 1414 766 14446
24 00b000417a010a89002aa4000a8001ac 00001ca8006ca002a0814aae01303000 4 -2
#38 904 683 16007
26 00b000417a010a89002aa440028001ac 00001ca8006c6002a0814aae01303000 4 -1
#36 535 692 16542
28 00b000417e000a89002aa440028001ac 00001ca8003c6002a0814aae01303000 4 -1
#36 689 653 17231
30 00b00041fc000a89002aa440028001ac 00001ca8003c600260814aae01303000 4 -1
#36 462 628 17693
32 00b00241f8000a89002aa440028001ac 00001ca8003c600220854aae01303000 4 -1
#36 353 608 18047
34 00b00241f8000989002aa440028001ac 000018aa003c600220854aae01303000 4 -2
#34 176 633 18223
36 00b00241f8000989012a8440028001ac 000018aa003c600220850abe01303000 5 -3
#32 752 626 18975
38 00b00241f8000889112a8440028001ac 000010aa007c600220850abe01303000 5 -3
#30 883 609 19858
40 00b00241f8000889152a0440028001ac 000010aa007c6002208509be01303000 5 -3
#28 468 619 20326
42 00f00240f8000889152a0440028001ac 000010aa007c6002208419be01303000 5 -2
#26 627 619 20953
44 00f00240f8000889192a0440028001ac 000010aa00786102208419be01303000 5 -1
#26 355 591 21308
46 00700240f8040889192a0440028001ac 000010aa0078610020c419be01303000 5 -2
#28 450 517 21758
48 0070024078040889192a04400a8001ac 000000aa0078610020c41bbe01303000 5 -2
#30 232 467 21990
50 0070024078040889192a04400a81018c 000000a80078610020c41bbe41303000 5 -2
#28 228 484 22218
52 0070024078040889192a04400a85008c 000000a80078610020841bbf41303000 5 -2
#26 192 506 22410
54 0070024078040889193a00400a85008c 000000a800786100208413bf41383000 5 -2
#26 113 481 22746
56 0070024078040889193a00400885408c 000000a8007861042084139f41383000 6 0
#24 183 505 22929
58 0070024078040889193a00400887400c 000000a8017861042084138f41383000 6 0
#22 85 544 23015
60 0070024078041889193200400887400c 000000b8017821042084138f41383000 7 -1
#20 164 582 23179
62 0070024078841889192200400887400c 00040038017821042084138f41383000 8 0
#18 289 614 23468
64 0070024478841889190200400887400c 00040038017821042084138e41383100 8 0
#16 446 635 23914
66 0070024678841888190200400887400c 00040038017821042084138e41183180 8 0
#14 488 656 24402
68 00700246788418801b0200400887400c 00040038013821042084138e411831c0 8 0
70 00300246788418801f0200400887400c 00040038011821042084138e411831e0 4 4
72 00100246788418801f0200400887c00c 00020038011821042084138e411831e0 4 4
74 00100246788418801f0200400847c00c 00010038011821042084138e411831e0 4 3
76 00000246f88418801f0200400847c00c 00030038011821042084138e411821e0 4 3
78 00000246f88418801f0200400807c80c 00070038011821042084138e411801e0 4 4
80 00000246f88418801f0200400807d00c 00070038013821042084138e410801e0 4 6
82 00000246f88418801f0200400807f008 00070039013821042084138e410801c0 4 7
84 00000606f88418801f0200400807f008 00070839013821042084138e41080180 4 8
86 00001606f88410801f0200400807f008 000f0839013821042084138e40080180 4 8
88 00801606f88400801f0200400807f008 001f0839013821042084138640080180 4 10000
90 00a01606f88400801f0200400807f000 001f0839013821042084138240480180 4 10000

