Randseed 67dd966b
#58 1000 1000 0
0 00aa8002aa000aa8002aa000aa8002aa 00002aa800aaa002aa800aaa002aa800 2 1
#56 140 1030 140
2 00aa8002aa000aa8002aa000aa8001aa 000026a800aaa002aa800aaa002aa800 3 0
#54 400 1054 540
4 00aa8002aa000aa8002aa000aa8001ac 000006ac00aaa002aa800aaa002aa800 3 0
#52 376 1080 917
6 00aa0012aa000aa8002aa000aa8001ac 000003ac00aaa002aa800aaa002aa800 3 0
#50 242 1113 1159
8 006a0012aa000aa8002aa000aa8001ac 000001ec00aaa002aa800aaa002aa800 4 1
#48 2981 1035 4140
10 006c0012aa000aa8002aa000aa8001ac 000000ec10aaa002aa800aaa002aa800 4 1
#46 1813 1002 5954
12 006c0012aa000aa8002aa000ab0001ac 000000e411aaa002aa800aaa002aa800 4 1
#44 2242 945 8196
14 006c0002ae000aa8002aa000ab0001ac 000000e011eaa002aa800aaa002aa800 4 1
#42 2183 886 10379
16 006c0002ae000aa8002aa000ab0041a8 000000e0117aa002aa800aaa002aa800 4 1
#40 2087 826 12466
18 006c0002ae000aa8002aa000af0041a0 000000e0113ea002aa800aaa002aa800 4 3
#38 1522 790 13988
20 006c0002ae000aa8002aa000be0041a0 000000c0113fa002aa800aaa002aa800 4 3
#36 937 781 14925
22 006c0002a6004aa8002aa000be0041a0 00000080113fa402aa800aaa002aa800 4 2
#34 1226 755 16151
24 006c0002a6004aa8002aa000be0440a0 00000080103fa406aa800aaa002aa800 4 3
#32 1071 736 17222
26 006c0002a6004aa8002aa000be054020 00000080103fa404aac00aaa002aa800 4 4
#30 1562 681 18784
28 006c0002a6004aa8002aa000fe054000 00000000103fa504aac00aaa002aa800 4 4
#28 1067 653 19851
30 006c0002c6004aa8002aa000fe054000 00000000003fa544aac00aaa002aa800 4 4
#26 1009 626 20860
32 006c0002c2004aa8012aa000fe054000 00000000003f2544aec00aaa002aa800 4 5
#24 936 600 21796
34 006c0002c0004aa8012ae000fe054000 00000000003e2544aed00aaa002aa800 4 6
#22 680 593 22476
36 006c0002c0004aa8012ae400fe050000 00000000003e0544aed01aaa002aa800 4 7
#20 375 614 22851
38 006c0002c0000aa8012ae410fe050000 00000000003e0544ae901aab002aa800 4 7
#18 335 646 23186
40 006c0002c0000a28112ae410fe050000 00000000003e05448e911aab002aa800 4 7
#16 139 709 23325
42 006c0002c0000a18112ae410fe050000 00000000003e05448e911b2b002aa800 5 6
#14 221 779 23546
44 006c0002c0000a09112ae410fe050000 00000000003e05408e911b2b006aa800 6 7
#Clearing transposition table 1776184 
46 006c0002c0400a09112ae410fe040000 00000000003e05408e911b27006aa800 4 7
48 006c0002c0400809512ae410fe040000 00000000003e05408e911327007aa800 4 7
50 006c0002c0400809412ae450fe040000 00000000003e05408e9113270079a800 4 8
52 006c0002c0400809012ee450fe040000 00000000003e05408e9113260079a900 4 8
54 003c0002c0400809012ee450fe040000 00000000003e05408e9113260078e900 4 10000
56 003c0003c04008090126e450fe040000 00000000003e05408e91132600787900 4 10000

