Randseed 67de30c7
#56 1000 1035 0
1 009a8002aa000aa8002aa000aa8002aa 00002aa800aaa002aa800aaa002aa800 2 1
#56 144 1030 144
3 008e8002aa000aa8002aa000aa8002aa 00001aa800aaa002aa800aaa002aa800 3 1
#54 349 1055 493
5 00878002aa000aa8002aa000aa8002aa 00001aa800aaa002aa800aab000aa800 4 3
#52 3579 958 4072
7 00838042aa000aa8002aa000aa8002aa 00001aa8006aa002aa800aab000aa800 3 1
#50 354 982 4426
9 00838041aa000aa8002aa000aa8002aa 00001aa8006aa002aa800aab004aa000 3 1
#48 406 1007 4832
11 00838040ea000aa8002aa000aa8002aa 00001aa8006aa000aac00aab004aa000 3 2
#46 322 1036 5154
13 008380407a000aa8002aa000aa8002aa 00001b28006aa000aac00aab004aa000 4 5
#44 1878 998 7032
15 008380503a000aa8002aa000aa8002aa 00001b28006aa000aac00eaa004aa000 4 5
#42 2241 939 9273
17 008380501a010aa8002aa000aa8002aa 00001b28006aa000aac00eaa4042a000 4 6
#40 1371 917 10644
19 008380501a010ca8002aa000aa8002aa 00001b28006aa000aa900eaa4042a000 4 8
#38 1180 904 11824
21 008380501a0108a9002aa000aa8002aa 00001b28003aa000aa900eaa4042a000 4 8
#36 1448 873 13272
23 008380501a010869002aa000aa8002aa 00001e28003aa000aa900eaa4042a000 4 8
#34 1404 842 14676
25 008380500a014869002aa000aa8002aa 00001c29003aa000aa900eaa4042a000 4 8
#32 1001 832 15677
27 010380500a014869002aa000aa8002aa 00001829003aa400aa900eaa4042a000 4 9
#30 1234 805 16911
29 0003a0500a014869002aa000aa8002aa 00001829003ea400aa900eaa0042a000 4 10
#28 1067 787 17978
31 000380540a014869002aa000aa8002aa 00001829003ea4008a940eaa0042a000 4 14
#26 562 804 18541
33 000380520a014869002aa000aa8002aa 00001829003ca4008a940faa0042a000 4 15
#24 442 834 18983
35 000380500a414869002aa000aa8002aa 00001829003ca4008a940fae0002a000 4 17
#22 801 837 19784
37 000380500a414829042aa000aa8002aa 000018290038a4008a940fee0002a000 4 18
#20 849 836 20633
39 000380500a014829046aa000aa8002aa 000018290038a4008a9407fe0002a000 4 19
#18 1465 766 22099
41 000380500a014029046aa800aa8002aa 000018290038a4008a9407fe0002c000 4 20
#16 832 758 22932
43 000380500a0140294462a800aa8002aa 000018290030a4008a9507fe0002c000 4 20
#14 775 756 23707
45 000380500a0140292462a800aa8002aa 000018290030a4008a9507fe1000c000 4 20
#12 492 800 24199
47 000380500a0140291462a800aa8002aa 000018290030a4008a9543fe1000c000 4 21
#10 407 878 24606
49 000380500a0140a91460a800aa8002aa 000018290030a4008b9543fc1000c000 4 22
#8 203 1047 24809
51 000380500a0140e90460a800aa8002aa 000018290030a4008b9543fc14008000 5 21
53 000780500a0140e904602800aa8002aa 000018290030a4108b9143fc14008000 4 22
55 000780500a0140e904601800aa8002aa 000018290420a4108b9143fc14008000 4 10000
57 000780500a0140e904600802aa8002aa 000018290420a4148b9143fc04008000 4 10000

