Randseed 67eb799e
#58 1000 1000 0
0 00aa8002aa000aa8002aa000aa8002aa 00002aa800aaa002aa800aaa002aa800 2 1
#56 124 1028 194
2 00a68002aa000aa8002aa000aa8002aa 00002aa800aaa002aa800aaa006aa000 3 0
#54 411 1051 605
4 00a68002aa4002a8002aa000aa8002aa 00002aa800aaa002aa801aaa002aa000 3 0
#52 496 1073 1101
6 00a69002aa0002a8002aa000aa8002aa 00002aa800aaa002aa801aaa012a8000 3 0
#50 225 1106 1326
8 00a29042aa0002a8002aa000aa8002aa 00002aa800aaa002aa801aae002a8000 4 1
#48 5328 931 6654
10 00a31042aa0002a8002aa000aa8002aa 00002aa800aaa002aa801aae042a0000 3 0
#46 448 952 7102
12 00a21042ba0002a8002aa000aa8002aa 00002aa800aaa002aa801abe002a0000 3 0
#44 592 968 7694
14 00221043ba0002a8002aa000aa8002aa 000026a800aaa002aa801abe002a0000 3 1
#44 321 953 8015
16 00201043fa0002a8002aa000aa8002aa 000006ac00aaa002aa801abe002a0000 3 1
#42 305 984 8320
18 00201043fa0002a8002aa000ac8002aa 000006a800aab002aa801abe002a0000 4 2
#40 2508 908 10828
20 00200043fe0002a8002aa000ac8002aa 000006a800aab002aa801abe002c0000 4 3
#38 930 907 11758
22 00200041fe1002a8002aa000ac8002aa 000006a800aab002aa801abe00380000 4 3
#36 1468 876 13226
24 00200041fe1002a8002aa040a88002aa 000006a800aab002aa801abe40180000 4 3
#36 900 826 14126
26 00200041fe1002a8002ea040a08002aa 000006a800aab002aa8016be40180000 4 2
#36 960 773 15086
28 00200041fc1002a8402ea040a08002aa 000006a800aab002aa9016be40080000 4 3
#34 1237 745 16323
30 00200041f81002a8402ea140a08002aa 000006a800aab002aa90569e40080000 4 4
#34 1846 608 18664
32 00200041f81002b0402ea140a08002aa 000006a800aab002ae90568e40080000 3 3
#34 95 602 18760
34 00200041f8100230502ea140a08002aa 000006a800a9b002ae90568e40080000 4 6
#32 296 621 19056
36 00400041f8100230502ea140a08002aa 0000068804a9b002ae90568e40080000 4 8
#30 441 633 19497
38 00000841f8100230502ea140a08002aa 0000068804a9b006a690568e40080000 4 8
#28 194 664 19691
40 00000841f8100230402ea140a08402aa 0000068005a9b006a690568e40080000 5 7
#26 455 681 20146
42 00000841f8100230402f2140a08402aa 0000068007a9b006a290568e40080000 5 7
#24 295 713 20441
44 00000841f8100230412f0140a08402aa 0000068007a9b006a290560e50080000 5 7
#22 224 757 20665
46 00000841f8100230412f0100a08402ea 0000068007a9b006a290560e48080000 6 8
#20 602 773 21268
48 00000841f8100238402f0100a08402ea 0000068007a9b006a290560e44080000 6 8
#18 1553 686 22821
50 00000841f8100230442f0100a08402ea 0000068007a9b006a290560e42080000 6 8
52 00000841f8100220442f8100a08402ea 0000068007a9b006a290560e41080000 4 8
54 00000841f8100200442f8100a08402fa 0000068007abb006a290560e40080000 4 8
56 00000841f8100200444f8100a08402fa 0000068007afb006a090560e40080000 4 8
58 00000841f8100200404f8100a08403fa 0000068007efb004a090560e40080000 4 8
60 00000841f8100200404f0100a09403fa 0000068007efa404a090560e40080000 4 8
62 00000841f8100200400f0900a09403fa 00000682076fa404a090560e40080000 4 8
64 00000841f8100200400f0101a09403fa 00001682076fa404a090520e40080000 4 10000
66 00000841f8100200400f0100a09403fe 00801682076fa404a090520e40000000 4 10000

