Randseed 67ec1953
#56 1000 1035 0
1 00aa8002aa000aa8002aa000aa8012a8 00002aa800aaa002aa800aaa002aa800 2 0
#54 142 1068 142
3 00aa8002aa000aa8002aa004aa8002a8 00002aa800aaa000aac00aaa002aa800 3 -1
#52 671 1084 813
5 00aa8002aa000aa8002aa004aa8042a0 00002ca800aaa000aac00aaa002aa800 3 -1
#50 298 1115 1111
7 00aa8002aa000aa8002aa004ab8002a0 00002cb000aaa000aac00aaa002aa800 4 0
#48 3307 1024 4418
9 00aa8002aa000aa8002aa004ab810280 00002ce000aaa000aac00aaa002aa800 3 -1
#46 234 1058 4652
11 00aa8002aa000aa8002aa004af800280 000038e000aaa000aac00aaa002aa800 4 1
#44 2156 1008 6808
13 00aa8002aa000aa8002aa004af840200 000038e0006aa000aac00aaa002aa800 4 2
#44 1146 956 7954
15 00aa8002aa000aa8002aa004bf800200 000018e1006aa000aac00aaa002aa800 4 4
#42 930 957 8884
17 00aa8002aa000aa8002aa004bf900000 000018e1006aa000aa800eaa002aa800 4 4
#42 1092 905 9976
19 00aa8002aa000aa8002aa0149f900000 000018e1006aa000aa8006aa402aa800 4 5
#40 1409 880 11385
21 00aa8002aa000aa8002a80549f900000 000018e1006aa000aa8006ab400aa800 4 6
#38 1584 843 12969
23 00aa8002aa000aa8042a80509f900000 000018e1006aa000aa8006ab400b2800 4 6
#36 1604 801 14573
25 00aa8002aa000aa8142a80509f100000 000018e1006aa000aa80072b400b2800 4 5
#34 1728 747 16301
27 00aa8002aa000aa8142e80509e100000 000018e1006ac000aa80072b400b2800 4 5
#34 1613 652 17914
29 00aa8002aa000ab8142680509e100000 00001861046ac000aa80072b400b2800 4 5
#34 1440 567 19354
31 00aa8002aa010ab8142280509e100000 00001861046ac000aa80062b400f2800 4 5
#34 1159 499 20513
33 00aa8002aa050ab8142280508e100000 00001861046ac1008a80062b400f2800 4 4
#34 1062 436 21575
35 00aa8002aa1508b8142280508e100000 00001861046ac1008880462b400f2800 4 5
#32 319 444 21894
37 00aa8102aa1508b0142280508e100000 00001861046ac1008880462b400f3000 4 5
#30 324 452 22218
39 00aa8102aa1d08a0142280508e100000 000018610462c3008880462b400f3000 4 5
#28 358 458 22576
41 00aa8112a81d08a0142280508e100000 00001861046283108880462b400f3000 4 5
#24 185 519 22761
43 00ab8102a81d08a0142280508e100000 00001861046286108880462b400f3000 4 6
#22 71 560 22832
45 00ab8502a01d08a0142280508e100000 00001861046284108890462b400f3000 5 10
#20 157 601 22989
47 00af0502a01d08a0142280508e100000 000008610462841088904e2b400f3000 6 18
#18 357 628 23346
49 00ee0502a01d08a0142280508e100000 000008610462841088904e2a400fb000 6 21
#Clearing transposition table 1767736 
#16 488 641 23869
51 00ee0502a01d08a0142280500e100200 000000610462841088904e2a400ff000 6 21
#14 544 655 24413
53 00ee0502a01d08a0142280500e000300 000000600462841088904e2a410ff000 6 21
#12 353 705 24766
55 00ee0502a01d08a0142280500e000180 00000020046284108a904e2a410ff000 6 21
57 00ee0502a01d08a0142280500e0000c0 00000020046284108b104e2a410ff000 4 21
59 00ee0502a01d08a0142280500e000060 00000020046284108b114e0a410ff000 4 20
61 00ee0502a01d08a0142280500e000030 00000020046284508b104e0a410ff000 4 19
63 00ee0502a01d08a0142280500e000018 00000020046284508b104e0c410ff000 4 10000
65 00ee0502a01d08a0142280500e00000c 000000200c6284508a104e0c410ff000 4 10000

