Randseed 67f99065
#58 1000 1000 0
0 00aa8002aa000aa8002aa000aa8002aa 00002aa800aaa002aa800aaa002aa800 2 1
#56 133 1030 134
2 00a68002aa000aa8002aa000aa8002aa 00001aa800aaa002aa800aaa002aa800 3 -1
#54 471 1051 605
4 00a68002aa000aa8002aa000aa9000aa 00000aa900aaa002aa800aaa002aa800 3 -1
#52 385 1077 991
6 00868402aa000aa8002aa000aa9000aa 000002a900eaa002aa800aaa002aa800 3 -1
#50 599 1096 1590
8 00069402aa000aa8002aa000aa9000aa 000002a9006aa402aa800aaa002aa800 3 -1
#48 598 1113 2266
10 00069402aa0002a9002aa000aa9000aa 000002a9003aa402aa800aaa002aa800 3 -1
#46 472 1141 2738
12 00069402aa0000a9402aa000aa9000aa 000000a9403aa402aa800aaa002aa800 3 -1
#44 390 1176 3128
14 00069402aa0000a9402aa000aa90006a 000000a8403ea402aa800aaa002aa800 4 0
#42 2216 1126 5344
16 00069402aa0000a8403aa000aa90006a 00000028503ea402aa800aaa002aa800 4 -1
#40 2472 1059 7816
18 00068403aa0000a8403aa000aa90006a 00000008543ea402aa800aaa002aa800 4 -1
#38 1694 1025 9510
20 00068403aa0000a8003aa400aa90006a 00000008503fa402aa800aaa002aa800 4 -1
#38 1778 932 11288
22 00068403aa0000a80032a400ea90006a 00000008503fe4022a800aaa002aa800 4 0
#38 677 896 11965
24 00068403aa0000a80022a400fa90006a 00000008503fe4022a800aaa002b2800 4 0
#36 457 921 12422
26 000685038a0000a80022a400fa90006a 00000008403fe4122a800aaa002b2800 4 -1
#34 1309 898 13731
28 000685038a0000a00122a400fa90006a 00000008003fe4122a804aaa002b2800 4 -1
#32 766 906 14497
30 000685038a0000a00022a404fa90006a 00000008003fe4122a8049aa002b2800 4 0
#30 1066 895 15563
32 000685038a0000201022a404fa90006a 00000008003fe412268049aa002b2800 4 0
#28 462 926 16026
34 000685038a00002010228404fb90006a 00000008003fe412268048ea002b2800 4 0
#26 507 959 16533
36 000685038a00002010228410fb90006a 00000008003fe412268048ea002b1800 4 0
#26 434 925 16967
38 000285438a00002010228410fb90006a 00000008003fe412268448ca002b1800 4 0
#24 290 978 17257
40 000285438a00002010228410fb90003a 00000008003fe412268448cb000b1800 5 -1
#22 2160 871 19417
42 000285438a00002010228410fb90401a 00000000013fe412268448cb000b1800 5 0
#22 493 826 19910
44 000285438a00002010228410ff90400a 00000000003fe412268448cf000b1800 5 0
#20 276 881 20186
46 000205538a00002010228410ff90400a 00000000003fc512268448cf000b1800 6 -2
#Clearing transposition table 1799981 
48 000205538a00002010028410ff90400e 00000000003fc512268448cf004b0800 4 -1
50 000205538a00002010038410ff90400c 00000000003fc512268458cf004b0000 4 -1
52 000205538a0000a010038410ff904008 00000000003fc512a684588f004b0000 4 1
54 000205538a0000e010038410ff104008 00000000003fc511a684588f004b0000 4 4
56 000205538a0000e010238410fe104008 00000000003fc511a684588f004e0000 4 4
58 000005538e0000e010238410fe104008 00000000003fc513a684580f004e0000 4 10000
60 000005c38e0000e010238410fe104008 00000000003fc513a684580f004c0100 4 10000

