Randseed 67fa0caa
#56 1000 1035 0
1 002a9002aa000aa8002aa000aa8002aa 00002aa800aaa002aa800aaa002aa800 2 0
#54 138 1068 138
3 000a9402aa000aa8002aa000aa8002aa 00002aa800aaa006aa000aaa002aa800 3 -1
#52 462 1092 600
5 000a8403aa000aa8002aa000aa8002aa 00002aa800aaa006aa000aaa002a6800 3 -1
#50 366 1121 966
7 000a8401aa100aa8002aa000aa8002aa 00002aa800aaa006aa000aaa002a3800 4 0
#48 2409 1067 3375
9 000a8001aa100aa8402aa000aa8002aa 000028a840aaa006aa000aaa002a3800 4 0
#46 2025 1026 5400
11 000a8000aa100ba8402aa000aa8002aa 000028a840aae002aa000aaa002a3800 4 0
#44 2579 955 7979
13 000a8000aa100ba8402aa000ab0002aa 000028a840aae002aa000aac002a3800 4 0
#42 2357 888 10336
15 000a80002a140ba8402aa000ab0002aa 000028a840aae002aa000aac00aa3000 4 1
#42 1361 823 11697
17 000a80002a140b98402aa000ab0002aa 000028a840aae002aa004aac00aa1000 4 1
#40 1469 791 13166
19 000a80002a140b98402aa010aa0002aa 000028a840aae002ae004aac00aa0000 4 2
#38 1797 738 14964
21 000a80002a140798402aa010aa0002aa 000020a940aae002ae004aac00aa0000 4 3
#36 1128 717 16092
23 000880402a140798402aa010aa0002aa 000020a940a9e002ae004aac00aa0000 4 3
#34 1094 694 17186
25 000800502a140798402aa010aa0002aa 000020a940a9e002ae014aac002a0000 4 3
#36 676 618 17862
27 000001502a140798402aa010aa0002aa 000020a944a9c002ae014aac002a0000 4 1
#34 922 600 18784
29 000001502a140798402aa010aa1000aa 000020a944a9c002ae4142ac002a0000 4 0
#32 1284 558 20068
31 000001503a140398402aa010aa1000aa 000020a944a9c002be41428c002a0000 4 0
#30 671 550 20739
33 000001503a140398402ca010aa1000aa 000020a145a9c002be41428c002a0000 4 -1
#28 429 559 21168
35 000001503a040398403ca010aa1000aa 000020a144a9e002be41428c002a0000 4 -1
#32 318 469 21486
37 0000815038040398403ca010aa1000aa 000020a144a9e022be40428c002a0000 4 -1
#30 312 480 21798
39 0001814038040398403ca010aa1000aa 000020a044a9e422be40428c002a0000 4 -2
#28 251 496 22049
41 0001814038040398403ca010aa14002a 000020a044a9e422be40418c002a0000 4 -2
#Clearing transposition table 1755764 
#28 207 477 22317
43 0001814038040398403c2010aa14402a 000020a044a9e422be40408c102a0000 4 0
#26 174 494 22576
45 0001814038040398403c2010aa14402c 000020a044a9e422be40408c10220100 4 1
#24 191 519 22767
47 0001814038040398403c2010a215402c 000020a044a9c422be42408c10220100 4 1
#22 128 555 22895
49 000181403804039840382110a215402c 000020a044a9c4229e4240cc10220100 5 0
#20 234 587 23129
51 000381403804039840182110a215402c 000000a444a9c4229e4240cc10220100 5 0
#24 153 476 23282
53 000381403804038841182110a215402c 0000008444a9c4229e4240cc10220140 6 1
#22 493 475 23775
55 000381403804038841182110221d402c 0000008440a9c4229e4240cc102201c0 6 1
#20 490 473 24265
57 000381503804038841082110221d402c 0000008040e9c4229e4240cc102201c0 6 1
#18 214 502 24479
59 000380503a04038841082110221d402c 0004000040e9c4229e4240cc102201c0 6 1
#16 174 543 24653
61 000380503b04038841082110220d402c 000400004069c4239e4240cc102201c0 7 0
#14 157 598 24810
63 000380503b042388410821102205402c 000000804069c4239e4240cc102201c0 8 1
65 000380503b042388410821102204403c 00000080406984239e4240cc102203c0 4 1
67 000380503b042388410821102304401c 00000080406904239e4240cc103203c0 4 1
69 000380503b042388410821102384400c 00000100406904239e4240cc103203c0 4 1
71 000380503b0423884108211023c44008 00000100403904239e4240cc103203c0 4 1
73 000380503b0423884108211223c44000 00000200403904239e4240cc103203c0 4 10000
75 000380503b0423884108310223c44000 00000000403904239e4248cc103203c0 4 10000

