Randseed 680881c6
#58 1000 1000 0
0 00aa8002aa000aa8002aa000aa8002aa 00002aa800aaa002aa800aaa002aa800 2 1
#56 135 1030 135
2 00ab0002aa000aa8002aa000aa8002aa 00002aa001aaa002aa800aaa002aa800 3 0
#54 641 1045 776
4 00ab0002aa000aa8002aa000aa8001aa 000028a041aaa002aa800aaa002aa800 3 1
#52 489 1066 1265
6 00ab0002ac000aa8002aa000aa8001aa 000028c041aaa002aa800aaa002aa800 3 1
#50 386 1093 1651
8 00ab0002b8000aa8002aa000aa8001aa 000028c041aca002aa800aaa002aa800 3 1
#48 261 1128 1912
10 002b1002b8000aa8002aa000aa8001aa 000020c141aca002aa800aaa002aa800 4 2
#48 1655 1059 3567
12 002b1002b8000aa0012aa000aa8001aa 000020c1416ca002aa800aaa002aa800 4 3
#46 1448 1042 5015
14 002b1002b8000aa0012aa000aa8400aa 000020c1416ca002aa800aaa4022a800 4 3
#42 1625 1064 6640
16 000b1402b8000aa0012aa000aa8400aa 000020c1416ca001aa800aaa4022a800 4 3
#40 1533 1041 8173
18 000b1402b8000aa0012aa000ba84002a 000020c1416ca001aa800aaa4022b000 4 4
#42 1266 931 9439
20 000b1402b8000aa0012aa000ba85000a 000020c0416ca401aa800aaa4022b000 4 4
#40 854 935 10293
22 000b1002b8100aa0012aa000ba85000a 000020c0416ca401aa800eaa0022b000 4 4
#38 607 952 10900
24 000b1002b8100b20012aa000ba85000a 000020c0416ca401b2800eaa0022b000 4 4
#36 728 965 11628
26 000b1002b8100b20012aa040ba81000a 000020c0406ce401b2800eaa0022b000 4 5
#34 693 981 12321
28 000b1002b8100a20412aa040ba81000a 000020c0406ce401b2800eac0022b000 4 6
#34 628 944 12949
30 000b1002b8100a204128a140ba81000a 000020c0406ce401b2800eac00227000 4 7
#34 522 913 13471
32 000b1002b81012204128a140ba81000a 000020c0406ce401b0804eac00227000 4 7
#34 478 885 13949
34 000b1002b81012204128a1407a81000a 000020c0406ce400b0904eac00227000 4 7
#36 275 820 14224
36 000b1002b89002204128a1407a81000a 000020c0406ce400b0904eac01223000 4 8
#34 300 851 14524
38 000b1003b89002204128a1403a81000a 00002180406ce400b0904eac01223000 4 7
#34 267 835 14791
40 000b1003b89002204128a1403881400a 00002180406ce400b0904e9c01223000 5 8
#32 825 836 15616
42 000b1003b8900220432881403881400a 00002300406ce400b0904e9c01223000 5 7
#30 893 832 16509
44 000a1043b8900220432881403881400a 00002300406ce500a0904e9c01223000 5 10
#30 326 811 16835
46 00081043b8910220432881403881400a 00002300406c6504a0904e9c01223000 5 11
#26 286 913 17121
48 0008104398910220472881403881400a 00002300406c6504a0904e9d01023000 6 12
#24 1947 827 19068
50 000a104398910220462881403881400a 00002300406c6504a0904e9d01043000 6 13
#22 1279 786 20347
52 000a104398910220462881403841400a 00002300406c6504a0906e9901043000 6 13
#20 672 798 21019
54 000a104398910220462881403801480a 0000230040686504a0946e9901043000 6 13
#18 700 809 21719
56 0006104398910220462881403801480a 0000220040686504a0966e9901043000 6 14
#16 792 811 22511
58 0006104388910220462981403801480a 0010220040686504a0966e1901043000 6 14
#14 353 876 22864
60 0002104388910220462981603801480a 0030220040686504a0946e1901043000 6 14
#12 366 961 23230
62 0002004788910220462981603801480a 0030260040686504a0906e1901043000 6 14
#10 174 1119 23404
64 0002004788910220464981603801480a 0030160040686504a0906e1901043000 7 13
#Clearing transposition table 1752871 
#8 567 1247 24011
66 0002004788910222460981603801480a 0030160040286504a0906e1941043000 7 12
#8 266 1180 24277
68 0002004788911222460981603800480a 0030160040286504a0906e18410c3000 8 10000
#6 67 1551 24345
70 0002004788911222440981603801480a 00201e0040286504a0906e18410c3000 9 10000
#4 4 2325 24349
72 0002004788911222440981603801400b 00201e0040086504a0906e18410e3000 10 10000
#2 0 4651 24349
74 0002004788911222440981603801400e 00201e0040086504a0906618410e3040 11 10000

