Randseed 680936fc
#56 1000 1035 0
1 00aa84022a000aa8002aa000aa8002aa 00002aa800aaa002aa800aaa002aa800 2 0
#54 71 1067 189
3 00ab04022a000aa8002aa000aa8002aa 00002aa001aaa002aa800aaa002aa800 3 -1
#52 747 1079 936
5 00ab04002a400aa8002aa000aa8002aa 00001aa001aaa002aa800aaa002aa800 3 -1
#50 454 1104 1390
7 00ab04002c400aa8002aa000aa8002aa 00001aa000aae002aa800aaa002aa800 3 -1
#48 313 1137 1703
9 00ab04002c400ab0002aa000aa8002aa 00001aa000aae002ab000aaa002aa800 4 0
#46 1546 1119 3249
11 00aa04402c400ab0002aa000aa8002aa 00001aa000aac00aab000aaa002aa800 4 -1
#44 2734 1046 5983
13 00aa04402c400ab0002a8004aa8002aa 00001aa000aa400aab004aaa002aa800 4 -1
#44 1812 963 7795
15 00b204402c400ab0002a8004aa8002aa 00001a2010aa400aab004aaa002aa800 4 0
#42 1058 959 8853
17 00b204400c440ab0002a8004aa8002aa 0000182050aa400aab004aaa002aa800 4 0
#40 1420 936 10273
19 00b204400c440ab0002a8004aa81028a 0000182050aa400aab004aaa4022a800 4 0
#38 1293 917 11566
21 00b204400c440ab0002a8000aa81128a 0000182050aa000aab004aaa4122a800 4 0
#38 1792 823 13358
23 00b204400c440ab0002a80009a81128a 0000182050aa000aab004eaa0122a800 4 1
#36 1470 787 14828
25 00b204400c040ab1002a80009a81128a 0000182050aa000aab004eba01228800 4 4
#38 1345 675 16173
27 00b204400c040ab1002a80009c81128a 0000182050aa000aab004efa00228800 4 6
#36 715 672 16888
29 00b204400c040ab1042a00009c81128a 0000182050aa000a2b104efa00228800 4 6
#36 888 623 17776
31 00b204400c040eb1040a00009c81128a 0000182040aa004a2b104efa00228800 4 7
#34 423 635 18199
33 00b204400c040eb1040a00009c01128e 0000182040aa004a2b004ffa00228800 4 8
#32 622 636 18821
35 00b204400c040eb1040c00009c01128e 0000182000ba004a2b004ffa00228800 4 8
#34 519 568 19340
37 00b204400c040eb1040c00009c01428e 00001820009a014a2b004ffa00228800 4 8
#32 237 588 19577
39 00b004400c050eb1040c00009c01428e 00001820009a014a2b004ffb00028800 4 9
#30 322 606 19899
41 007004400c050eb1040c00009c01428e 00000821009a014a2b004ffb00028800 4 10
#Clearing transposition table 1751821 
#28 197 633 20128
43 003804400c050eb1040c00009c01428e 00000821009a014a2b014ffa00028800 5 9
#26 1164 592 21292
45 003804400c070eb1000c00009c01428e 000008210098014a3b014ffa00028800 5 9
#24 1103 550 22395
47 003801400c070eb1000c00009c01428e 0000082100b8010a3b014ffa00028800 5 10
#24 653 496 23048
49 003801400c070eb1000c00001c11428e 0000082100b8010a3b014ffa00048800 5 10
#22 400 504 23448
51 003801400c070eb1000c00001e11428c 000008210078010a3b014ffa00048800 5 11
#14 372 740 23820
53 003801400c070eb1000c00001e134288 000008210078010a3b014ffc00048800 5 13
#22 344 439 24164
55 003801400c070eb1000c00001e1342c0 000000210078010a3b414ffc00048800 5 13
#20 203 463 24367
57 003801c00c070ea1000c00001e1342c0 00000021007801083b414ffc20048800 5 13
#16 158 559 24525
59 007801c00c070e81000c00001e1342c0 00000020007801083b414ffc20848800 6 18
#14 414 580 24939
61 00f801c008070e81000c00001e1342c0 00000020007801083b014ffc20849800 6 18
63 01f801c008070e01000c00001e1342c0 00000020007841083b014ffc20849000 4 18
65 01f821c008030e01000c00001e1342c0 00000020027841083b014ffc20809000 4 18
67 01f821c408010e01000c00001e1342c0 00000030027841083b014ffc00809000 4 6
69 01f821c408010e00400c00001e1342c0 00000030023841083b014ffc00809002 4 6
71 01f821c408010e00400c00000e1343c0 00000030021841083b014ffc00809006 4 10000
73 01f821c608000e00400c00000e1343c0 00000030020841083b014ffc0080900e 4 10000

