Randseed 6816cda7
#58 1000 1000 0
0 00aa8002aa000aa8002aa000aa8002aa 00002aa800aaa002aa800aaa002aa800 2 1
#56 139 1021 398
2 00aa8002aa000aa8002aa000aa8002ac 00002aa800aaa002aa800aaa002ab000 3 0
#54 637 1035 1035
4 00aa8002aa000aa8002aa000aa8001ac 00002aa800aaa002aa800aac002ab000 3 0
#52 380 1060 1415
6 00aa8002aa000aa8002aa000ab0001ac 00002aa800aaa002ab000aac002ab000 3 0
#50 382 1088 1798
8 00aa8002aa000aa8002aa000ab0041a8 00002aa800aac002ab000aac002ab000 3 0
#48 323 1119 2121
10 00aa8002aa000aa8002aa010ab0041a0 00002ab000aac002ab000aac002ab000 4 2
#46 3310 1024 5431
12 00aa8002aa000aa8002ae010aa0041a0 00002ab000aac002ab000aac001ab000 3 1
#44 841 1033 6272
14 00aa8002aa000aa8002ae010aa0440a0 00002ab000aac002ab0006ac001ab000 3 2
#42 412 1062 6684
16 00aa8002aa000aa8002ae010aa054080 00002ab000aac001ab0006ac001ab000 3 2
#40 441 1093 7125
18 00aa8002aa000aa8002ae010ea054000 00001ab000aac001ab0006ac001ab000 3 4
#38 236 1138 7361
20 00aa8002aa000aa8002ac010ee054000 00001ab000aac001ab0006ac011aa000 4 6
#36 2157 1082 9518
22 00aa8002aa000ab0002ac010ee054000 00001ab000aac001ab0026ac011a8000 4 7
#34 1458 1060 10976
24 00aa8002aa000ab0002a8010fe054000 00001ab000aac009ab0026ac001a8000 4 7
#32 3151 929 14127
26 00aa8002ac000ab0002a8010fe054000 00001ab002aa4009ab0026ac001a8000 3 6
#30 251 974 14378
28 00aa8000ac400ab0002a8010fe054000 00001af002aa4009a90026ac001a8000 4 7
#28 1750 919 16128
30 00aa8000ac410aa0002a8010fe054000 00001bf002aa4009a90026a4001a8000 4 6
#28 2205 761 18333
32 00aa84002c410aa0002a8010fe054000 00001bf012aa4009a90026a0001a8000 4 7
#26 863 754 19196
34 00aa84002c410aa0002a8110fe050000 00001bf052aa4009a90006a0001a8000 4 7
#26 880 686 20076
36 00aa84002c410aa0402a0110fe050000 00001bf052aa4049a80006a0001a8000 4 6
#26 690 633 20766
38 00ab04002c410aa0402a0110fe050000 00001bf052ba4041a80006a0001a8000 4 3
#26 713 578 21479
40 00ab04002c4108a0403a0110fe050000 00001bf0529a4141a80006a0001a8000 4 6
#24 238 606 21717
42 00ab04002c010ca0403a0110fe050000 00001bf0529a4141880106a0001a8000 4 6
#Clearing transposition table 1758202 
#22 417 621 22168
44 00ab04002c010ca050380110fe050000 00001bf0529a4041880106e0001a8000 4 2
#22 340 590 22508
46 00ab040028010ca054380110fe050000 00001bf052ba0041880106e0001a8000 4 2
#22 229 569 22737
48 00ab040020010ca054388110fe050000 00001bf150ba0041880106e0001a8000 4 2
#20 128 613 22865
50 00bb000020010ca054388110fe050000 00001bf150ba0041880106e0001a0010 5 0
#18 207 658 23072
52 00bb000020010ca074388110fe040000 00001bf150ba0041880106e0001a8000 6 1
#16 318 701 23390
54 00bb000020010ea074188110fe040000 00001bf150ba0041880106e0001b0000 6 1
#14 239 767 23629
56 00bb000020050ea074088110fe040000 00001bf1507a0041880106e0001b0000 7 10
#12 385 831 24014
58 00bb000020041ea074088110fe040000 00001bf1503b0041880106e0001b0000 7 10
#10 244 948 24258
60 00bb000000841ea074088110fe040000 00000bf1503b8041880106e0001b0000 8 11
62 00bb000000441ea074088110fe040000 00000be1503b8051880106e0001b0000 4 11
64 00bb000200401ea074088110fe040000 000003e1503b80518a0106e0001b0000 4 11
66 00bb100200401e2074088110fe040000 000003e0503b80518a0146e0001b0000 4 10000
68 00fb100200401e2074088110fe000000 000003e0501b80518a0146e8001b0000 4 10000

