Randseed 68178bc2
#56 1000 1035 0
1 00aa8002aa000aa8002aa000aa8012a8 00002aa800aaa002aa800aaa002aa800 2 0
#54 73 1071 73
3 00aa0012aa000aa8002aa000aa8012a8 00002aa800aaa002aa800aab000aa800 3 -1
#52 544 1091 617
5 00aa0012aa000aa8002aa000aa8052a0 00000aac00aaa002aa800aab000aa800 3 -1
#50 541 1113 1158
7 00a80052aa000aa8002aa000aa8052a0 00000aac00aaa002aa800eaa000aa800 3 -1
#48 369 1144 1527
9 00a80052aa000aa8002aa000aa815280 00000aa800eaa002aa800eaa000aa800 4 2
#46 1868 1113 3395
11 00a00152aa000aa8002aa000aa815280 00000aa800eaa001aa800eaa000aa800 4 2
#46 2317 1012 5712
13 00a00152aa000aa8002aa000aa855200 00000aa800eaa001aa9006aa000aa800 4 3
#44 2233 957 7945
15 00800552aa000aa8002aa000aa855200 00000aa9006aa001aa9006aa000aa800 4 4
#42 1976 908 9921
17 00800552aa000aa8002aa000aa955000 000002a9006aa401aa9006aa000aa800 4 4
#40 2454 831 12375
19 00800552aa000aa8002aa004aa954000 000002a9006aa401aa9006aa4002a800 4 4
#38 1662 787 14037
21 00800552aa000aa8012aa004aa154000 000002a9006aa401aa9006a24102a800 4 4
#38 2188 656 16531
23 00800552aa004aa8012aa000aa154000 000002a9006aa5018a9006a24102a800 3 1
#40 151 615 16682
25 00800552ae004aa8012a8000aa154000 000002a9007aa5018a9006a20102a800 4 1
#34 1691 625 18373
27 00800512ae004ab8012a8000aa154000 000002a9007aa5018a9006a21100a800 4 4
#32 1066 582 19687
29 00800512a6004af8012a8000aa154000 000002a9407aa4018a9006a21100a800 4 3
#32 1803 469 21490
31 00800512a2004af8052a8000aa154000 000000a9407ea4018a9006a21100a800 3 1
#Clearing transposition table 1751473 
#32 223 453 21744
33 00800512a2004a78052a8010aa154000 000000a9407ea4018a9006e20100a800 3 1
#32 191 441 21935
35 00800512a2004a38052b8010aa154000 000000a9407ea4018a9006620500a800 3 0
#26 177 529 22112
37 00800512a2004a38052f8010aa150000 00000029507ea4018a9006620500a800 3 2
#24 87 566 22199
39 00800512a2004a38452f8010a8150000 00000029107fa4018a9006620500a800 4 3
#22 466 545 22995
41 00800502a2004a38452f8110a8150000 00000029107fa4018a90066207008800 4 4
#20 487 551 23482
43 00800502a0004a38452f8110e8150000 00000029107fa4018890466207008800 4 4
#16 278 655 23760
45 00800502a0000a38452f8110f8150000 00000029107fa4018890466a07000800 4 4
#14 227 716 23987
47 00800402e0000a38452f8110f8150000 00000029107fa4018890466a07400000 5 2
#12 544 744 24531
49 00800c02c0000a38452f8110f8150000 00000009147fa4018890466a07400000 5 2
#10 454 803 24985
51 00801c00c0000a38452f8110f8150000 00000001157fa4018890466a07400000 5 3
53 00801c00c0000a38452f8111f8110000 00000001157fa4418090466a07400000 4 4
55 00001c02c0000a38452f8111f8110000 00000001157fe4408090466a07400000 4 4
57 00001c02c0000a38452f8911f8100000 00000001157fe4408090462e07400000 4 10000
59 00001c02c0000a38452f8d11f0100000 00000001157fe4448090422e07400000 4 10000

