Randseed 6825afbc
#58 1000 1000 0
0 00aa8002aa000aa8002aa000aa8002aa 00002aa800aaa002aa800aaa002aa800 2 1
#56 131 947 2475
2 006a8002aa000aa8002aa000aa8002aa 00002aa8006aa002aa800aaa002aa800 3 0
#54 437 966 2912
4 006a8002aa000aa8002aa000aa8001aa 00002ab0006aa002aa800aaa002aa800 3 0
#52 470 985 3382
6 002a8402aa000aa8002aa000aa8001aa 00002ab0006aa002aac002aa002aa800 3 1
#50 211 1016 3593
8 000a8403aa000aa8002aa000aa8001aa 000028b0406aa002aac002aa002aa800 4 3
#48 2148 969 5741
10 000a8403aa0002a9002aa000aa8001aa 000028b0406aa002aac002ac002aa800 4 4
#46 1417 949 7158
12 000a8403a80042a9002aa000aa8001aa 000028b0406aa002aac0022c102aa800 4 5
#44 1691 915 8849
14 000a8403a80042a9002aa000aa0011aa 000028b0406aa002aac0022c101aa800 4 5
#42 1613 832 11524
16 000a8403a80042a9002aa000aa0410aa 000028b0406aa0029ac0022c101aa800 4 7
#40 956 826 12480
18 000a8403a80042a9002aa000ea04102a 000028b0406b20029ac0022c101aa800 4 8
#38 840 825 13320
20 000a8403a80042a9012a8000ea04102a 000028b0406b20029ac0020c141aa800 4 9
#36 494 843 13814
22 000a8003a81042a9012a8000ea04102a 000028b0006f20029ac0020c141aa800 4 9
#34 461 831 14871
24 000a8003a81042a9012a8000ea05100a 000028b0006f20029ac00208151aa800 4 10
#32 412 857 15283
26 000a8043a01042a9012a8000ea05100a 000030b0006f20029ac00208151aa800 4 10
#32 269 840 15552
28 000a8043a0104289052a8000ea05100a 000030b0006f20029ac00208155aa000 5 8
#30 1039 827 16591
30 000a8041a0104289452a8000ea05100a 000030b0006720429ac00208155aa000 5 9
#28 1576 773 18167
32 000a8040a0104289453a8000ea05100a 000030b0006720429ac0020015daa000 5 10
#26 3155 590 21322
34 000a8040a0104309453a8000ea05100a 000030b0106620429ac0020015daa000 4 11
#26 411 559 21733
36 000a8040a0100309453aa000ea05100a 00003030106620429ac1020015daa000 4 10
#26 357 531 22090
38 000a8040a0100309453aa000e805500a 00001032106620429ac1020015daa000 4 10
#24 292 551 22382
40 000a8040a0100209453aa100e805500a 0000101a106620429ac1020015daa000 4 10
#24 378 520 22760
42 000a8040a0100201453ae100e805500a 0000101a106620429ac10200179aa000 4 10
#20 231 600 22991
44 000a8040a01002014538e140e805500a 0000001a106624429ac10200179aa000 4 11
#20 206 580 23197
46 000a8040a01002014538e140e805100e 0000001a106224429ac10220179aa000 4 11
#18 69 637 23266
48 00028140a01002014538e140e805100e 0000001a106224469a410220179aa000 5 10
#16 299 679 23565
50 00028140e01002004538e140e805100e 00000018106224479a410220179aa000 5 11
#16 320 639 23885
52 00028140e01002004518e1c0e805100e 00000018106224678a410220179aa000 5 11
#14 273 691 24158
54 00028140e01002004518e1c0e805001e 00000008116224678a410220179aa000 5 12
#14 222 660 24380
56 00030140e01002004518e1c0e805001e 00000008116224778a410220179a2000 5 12
#12 158 743 24538
58 00030140e01002004508e1c0e805801e 00000008116224778a110220179a2000 6 14
#10 219 848 24757
60 00030140e01002084108e1c0e805801e 000000081162a4778a110220179a0000 7 12
62 00030140e0104208410861c0e805801e 000000080562a4778a110220179a0000 4 13
64 000201c0e0104208410861c0e805801e 000000080522a4778a110620179a0000 4 13
66 000001e0e0104208410861c0e805801e 000000080720a4778a110620179a0000 4 13
68 000001e0e0104208410821c4e805801e 000040080720a4778a110620171a0000 4 10000
70 000001e0e0104208410821c4e801901e 000040080700a4778a110e20171a0000 4 10000

