Randseed 682676be
#56 1000 1035 0
1 00aa8002aa000aa8002aa000aa8042a2 00002aa800aaa002aa800aaa002aa800 2 1
#56 120 1031 120
3 00aa8002aa000aa8002aa4002a8042a2 00002aa800aaa002aa800aaa002ab000 3 0
#54 340 1057 460
5 00aa8002aa000aa80028a4402a8042a2 00002aa800aaa002aa800aac002ab000 4 2
#52 2873 987 3333
7 00aa8002aa000aa80028a4402a8041a2 00002aa800aaa002aa800aac002b3000 4 2
#50 2799 914 6132
9 00aa8002aa000aa8002864402a8041a2 00002aa800aaa002aa800aac00273000 3 1
#48 165 945 6297
11 00aa0012aa000aa8002864402a8041a2 00002aa800aaa002aa800aa801273000 4 3
#46 1447 924 7744
13 002a1012aa000aa8002864402a8041a2 00002aa800aaa002ab000aa801273000 4 3
#46 1399 863 9143
15 002a1012aa000b28002864402a8041a2 00002aa800aaa002ab000a9801273000 4 4
#44 911 820 10946
17 002a0013aa000b28002864402a8041a2 00002aa800aaa002ab00099801273000 4 4
#42 571 788 12452
19 002a0013aa010b08002864402a8041a2 00002aa800aaa002ab00089811273000 4 4
#38 719 833 13171
21 00260013aa010b08002864402a8041a2 00002aa800aaa002a700089811273000 4 5
#38 634 799 13805
23 00260013aa010708002864402a8041a2 00002a8804aaa002a700089811273000 4 5
#38 359 780 14164
25 00260013aa014700002864402a8041a2 00002a8814a8a002a700089811273000 4 4
#38 320 764 14484
27 00260013aa014300402864402a8041a2 0000268814a8a002a700089811273000 4 4
#36 274 791 14758
29 00260013aa014300402864402a8040e2 0000268814a8a4022700089811273000 4 4
#34 255 822 15013
31 00260013aa014300402865400a8040e2 0000268814a8a4022704089811263000 5 2
#34 729 754 16179
33 00260011ea014300402865400a8040e2 0000268814b8a0022704089811263000 5 2
#32 721 756 16900
35 00260011ea014300403861400a8040e2 0000268810b8a0122704089811263000 5 3
#30 757 756 17657
37 00260011ea014300403821440a8040e2 0000278800b8a0122704089811263000 5 3
#28 685 761 18342
39 00160011ea014300403821440a8040e2 0000278800b8a0122604889811263000 5 3
#26 396 789 18738
41 00160051ea004300403821440a8040e2 0000278800b8201a2604889811263000 5 3
#24 163 841 18901
43 00120051fa004300403821440a8040e2 0000278800b8201a0606889811263000 6 5
#22 546 868 19448
45 00120041fe004300403821440a8040e2 00002f0800b8201a0606889811263000 6 5
#20 502 905 19950
47 00100041fe044300403821440a8040e2 00002f0001b8201a0606889811263000 6 6
#18 451 955 20401
49 00100041fe044300403821440a814062 00002f0001f0201a0606889811263000 6 7
#16 670 991 21071
51 00100041fe044380401821440a814062 00002f0401e0201a0606889811263000 6 8
#14 410 1074 21481
53 00100041fe044380401821040a81c062 00002f0400e0201e0606889811263000 6 8
#12 328 1198 21809
55 00120041fe044380401820040a81c062 00002f0400e0001e0607889811263000 7 7
#10 516 1335 22325
57 00120141fe044380400820040a81c062 00003e0400e0001e0607889811263000 7 8
#8 469 1551 22794
59 00120141fe044380400820040a81d060 00003e0400e0001e06078898112e2000 8 10000
#6 480 1908 23274
61 001a0141fe040380400820040a81d060 00003e0400c0101e06078898112e2000 9 10000
#6 970 1585 24244
63 001a0141fe040380400820040a81d028 00003e0400c0101e06478098112e2000 9 10000
#4 79 2338 24323
65 001a0141fe040380400820040281d02c 00003c0400c0101e06478898112e2000 10 10000
#4 8 2334 24331
67 001a0141fe040380400800040281d02e 00003c0400c0101e06478898111e2000 11 10000
#2 1 4668 24332
69 001a0140fe040380401800040281d02e 0000380400c0101e06478c98111e2000 12 10000

