Randseed 68348484
#58 1000 1000 0
0 00aa8002aa000aa8002aa000aa8002aa 00002aa800aaa002aa800aaa002aa800 2 1
#56 145 1025 292
2 00ab0002aa000aa8002aa000aa8002aa 00001aa800aaa002aa800aaa002aa800 3 0
#54 594 1041 886
4 006b0002aa000aa8002aa000aa8002aa 00000ea800aaa002aa800aaa002aa800 3 0
#52 440 1064 1326
6 006b0002aa000aa8002aa000aa0012aa 000007a800aaa002aa800aaa002aa800 3 0
#50 337 1093 1664
8 006b0001aa000aa8002aa000aa0012aa 000003e800aaa002aa800aaa002aa800 4 1
#48 1790 1064 3455
10 006b0400aa000aa8002aa000aa0012aa 000003e800aaa002aa800aaa002ac800 4 1
#46 1392 1050 4847
12 002b0400ea000aa8002aa000aa0012aa 000003e800aaa002aa800aaa0029c800 4 1
#44 1561 1026 6408
14 002b0400ec000aa8002aa000aa0012aa 000003e8009aa002aa800aaa0029c800 4 1
#42 977 1029 7385
16 002b0400ec000aa8002aa000aa1010aa 000003e8009aa002aa800aab0009c800 4 2
#40 978 1031 8364
18 002b0400ec000aa8002aa000ac1010aa 000003e8009aa002aa800ab30009c800 4 2
#38 867 1040 9231
20 002b0400ec000aa8002aa000b81010aa 000003e8009aa002aa800ae30009c800 4 2
#36 780 1054 10011
22 002b0400ec0002a9002aa000b81010aa 000003e8009aa0028a840ae30009c800 4 3
#34 650 1078 10661
24 002b0400ec0002a9002aa000b01410aa 000003e8009aa0028a800be30009c800 4 4
#34 548 1046 11209
26 002b0400ec0002a9002aa000e01410aa 000003e8009aa0020a900be30009c800 4 5
#34 456 1019 11666
28 002b0400ec0002a9002aa400e014102a 000003e8009aa0020a900be30049c000 4 6
#32 337 1062 12003
30 002b0400ec0002a9002b2400e014102a 000003e8009aa0020c900be30049c000 5 5
#30 1042 1063 13045
32 002b0400f80002a9002b2400e014102a 000001e8049aa0020c900be30049c000 5 5
#28 677 1091 13722
34 002b0400f00402a9002b2400e014102a 000001e804b2a0020c900be30049c000 5 6
#24 768 1209 14491
36 002b0400f00400a9402b2400e014102a 000000e804b3a0020c900be30049c000 5 6
#22 606 1263 15097
38 000b0400f00400e9402b2400e014102a 000000e804b3a00204908be30049c000 5 7
#20 697 1320 15795
40 000b0500e00400e9402b2400e014102a 000000e804e3a00204908be30049c000 5 8
#18 571 1403 16366
42 000b0500e00400e9402e2400e014102a 000000e804e3a00204908be308498000 5 8
#18 496 1348 16862
44 00030500e00400e9502e2400e014102a 000000e804e3a00204908bf308490000 5 9
#16 347 1473 17209
46 00030100e00400e9d02e2400e014102a 000000e804e3a00204908bf308410100 6 11
#14 585 1600 17794
48 00030100e00400f9d02e2400e004102a 000000e804e3a00206808bf308410100 6 13
#12 645 1760 18440
50 00030100600400f9d12e2400e004102a 000000e804e3a00206809bf308010100 6 13
#10 967 1918 19407
52 00030100600400f9d12e2400e004101a 000000e804e3a00204809bfb08010100 6 13
#10 642 1790 20049
54 00030000600400f9d12e2404e004101a 000000e804e1e00204809bfb08010100 6 13
#8 693 2064 20743
56 00030000600400f9d12e2404e004100e 000000e804e0e00604809bfb08010100 6 13
#6 253 2668 20996
58 00030000200400f9d12e2404e084100e 000000f004e0e00604809bfb08010100 7 10000
#4 9 3997 21005
60 00030100200400f9d12e2404e080100e 000000f004e0e00604809bfb08090000 8 10000
#2 0 7995 21005
62 000b0100200400f9d12e2404c080100e 000000f004e0e00604809bf3080b0000 9 10000

