Randseed 6834eb2d
#56 1000 1035 0
1 00aa0012aa000aa8002aa000aa8002aa 00002aa800aaa002aa800aaa002aa800 2 0
#54 138 1068 138
3 002a1012aa000aa8002aa000aa8002aa 00002aa800aaa002aa800aaa006aa000 3 -1
#52 506 1090 644
5 002a1002aa004aa8002aa000aa8002aa 00002aa800aaa002aa800aab004aa000 3 -1
#50 452 1116 1096
7 002a1002aa004aa8002aa004aa0002aa 00002aa800aaa002aa801aab000aa000 3 -1
#48 585 1138 1681
9 002a1002a8004aa8012aa004aa0002aa 00002aa800aaa002aa801aab010a8000 3 -1
#46 340 1173 2021
11 00281042a8004aa8012aa004aa0002aa 00002aa800aaa006aa801aa9010a8000 4 0
#44 1917 1139 3938
13 00280042a8404aa8012aa004aa0002aa 00002aa801aaa006aa800aa9010a8000 4 0
#42 1322 1130 5260
15 00280002a8414aa8012aa004aa0002aa 00002b2801aaa006aa800aa9010a8000 4 0
#42 1606 1054 6866
17 0028000298414aa8012aa004aa0002aa 0000272801aaa006aa800aa9010a8000 4 0
#40 840 1064 7706
19 0028000298410ab8012aa004aa0002aa 0000272801aaa006aa804aa9000a8000 4 0
#38 959 1070 8665
21 0028000098410ab9012aa004aa0002aa 0000272801aaa006ae804aa1000a8000 4 0
#36 1067 1070 9732
23 0028000098410ab9012ca004aa0002aa 0000272801aaa006ae804ea0000a8000 4 1
#36 485 1043 10217
25 0028000098010ab9013ca004aa0002aa 00002728019aa006ae804ea0000a8000 4 1
#36 592 1010 10809
27 0028008098010ab9013ca000aa0002aa 000027280198a046ae804ea0000a8000 4 0
#36 459 985 11268
29 00280080980102b9413ca000aa0002aa 000026284198a046ae804ea0000a8000 4 0
#34 667 1003 11935
31 00280080980103b94138a000aa0002aa 000026284198a046ae804ea0040a0000 4 -1
#34 589 969 12524
33 00280080980103b94138a000b20002aa 000026284198a046ae804f20040a0000 4 -1
#32 208 1016 12732
35 00280080980103b94138a000720002aa 000026204198e046ae804f20040a0000 5 -3
#30 567 1046 13299
37 00280080980503b84138a000720002aa 000026204198e4462e804f20040a0000 5 -3
#28 966 1052 14265
39 00280080980503b84138a000320402aa 0000262041b8e0462e804f20040a0000 5 -3
#26 983 1057 15248
41 00280080980503b841382010320402aa 0000262041b8e0063e804f20040a0000 5 -3
#24 505 1103 15753
43 00280080980703b841182010320402aa 0000262041b8e0063e804f2044020000 5 -4
#22 295 1177 16048
45 00280180980703b841082010320402aa 0000262041b8e0063ec04f2004020000 6 -4
#20 908 1204 16956
47 00380180900703b841082010320402aa 0000262041b8e0063ec10f2004020000 6 -5
#18 1025 1224 17981
49 00380180900703b841006010320402aa 0000262041b8e0063ec10f2004010000 6 -5
#20 711 1030 18692
51 00380180900703b841006010320442a2 0000262041b8e0061ec10f2004018000 6 -4
#18 297 1112 18989
53 00380180900703b841006010320441a2 0000262041b8e0061cc10f6004018000 7 -5
#16 717 1161 19706
55 00380180900703b80100e010320441a2 0000262044b8e0061cc10f6004018000 7 -5
#14 346 1278 20052
57 00380180900703b80100e010320440e2 0000260044b8e0061cc11f6004018000 8 -4
#12 693 1375 20745
59 00380180900703b80100e010320450e0 0000260044b8e00618c11fe004018000 8 -1
#10 406 1569 21151
61 00380181100703b80100e010320450e0 000026004478e00618c11fe004018000 9 -2
#12 2706 857 23858
63 00180181100703b80100e010320470e0 00002e004438e00618c11fe004018000 8 4
#10 414 945 24272
65 00180182100703b80100e010320470e0 00002e004438e00418d11fe004018000 8 5
#8 80 1162 24352
67 00180180104703b80100e010320470e0 00001e004438e00418d11fe004018000 9 6
#10 41 921 24393
69 0018018010070bb80100e010320470e0 00000e004438e40418d11fe004018000 10 9
#14 306 614 24699
71 00180180104703b80100e010320470e0 00000e004438e40488d11fe004018000 10 9
73 00180182100703b80100e010320470e0 00000e004038e40488d11fe204018000 4 8
75 00181180100703b80100e010320470e0 00000e004038640488d11fe204418000 4 9
77 00980180100703b80100e010320470e0 00000e004038240488d11fe204418800 4 9
79 00580180100703b80100e010320470e0 00000e004038240488d11fe204408810 4 10
81 00380180100703b80100e010320470e0 00000e004038240488911fe204408818 4 11
83 00380180100703b80100e010720470c0 00000e0040382404889117e20440881c 4 10000
85 00380180100703b80100e010f2047080 0000060040382404889117e20440881e 4 10000

