Randseed 68434ae4
#58 1000 1000 0
0 00aa8002aa000aa8002aa000aa8002aa 00002aa800aaa002aa800aaa002aa800 2 1
#56 140 1014 605
2 00aa8002aa000aa8002aa000aa8002ca 00002aa800aaa002aa800aaa002ab000 3 -1
#54 424 1035 1029
4 002a9002aa000aa8002aa000aa8002ca 00002aa800aaa002aa800aaa002a7000 3 -1
#52 426 1059 1455
6 002b1002aa000aa8002aa000aa8002ca 00002aa800aaa002aa800aac002a7000 3 -2
#50 390 1086 1845
8 001b1002aa000aa8002aa000aa8002ca 00002aa800aaa002aa800a9c002a7000 3 -1
#48 209 1122 2054
10 001b1002aa000aa8002aa000ab0002ca 00002aa800aaa002ab000a9c002a7000 4 0
#46 2840 1048 4894
12 001b1002aa000aa8002ac000ab0002ca 00002aa800aaa002ab000a9c001a7000 4 0
#44 2591 977 7485
14 001b1002aa000aa8002ac000ae0002ca 000029a800aaa002ab000a9c001a7000 4 1
#42 1839 936 9324
16 001a1042aa000aa8002ac000ae0002ca 000021a900aaa002ab000a9c001a7000 4 1
#40 1670 900 10994
18 001a0042aa400aa8002ac000ae0002ca 000021a900aaa002ab000a9c001c7000 4 1
#40 1028 848 12022
20 001a0042aa400aa8002ac0006e0002ca 000021a900aaa002ab000b1c001c7000 4 1
#36 808 898 12830
22 001a0042aa400aa8002ac0007c0002ca 000021a900aaa002ab000e1c001c7000 4 1
#34 1652 854 14482
24 001a0042aa400aa8002ac0007c0001ca 000021a900aac002ab000e1c001c7000 4 1
#36 879 757 15361
26 001a00429a400aa8002ac0007c0001ca 0000218904aac002ab000e1c001c7000 4 1
#34 671 762 16033
28 001a00409a400ea8002ac0007c0001ca 0000218900aac012ab000e1c001c7000 4 -1
#32 2038 683 18071
30 001a00409a400ea8002ac1003c0001ca 0000218900aac012ab002e0c001c7000 4 -1
#32 2224 544 20295
32 001a00409a400ea8402ac100380001ca 0000218101aac012ab002e0c001c7000 3 -3
#30 294 560 20589
34 001a00409a400fa8402ac100300001ca 0000218101aac0129b002e0c001c7000 3 -4
#28 218 585 20807
36 001a00409a400fa8442a8100300001ca 0000218101abc0129b002e04001c7000 3 -3
#32 178 500 20985
38 001a00409a400fe8442a8100200001ca 0000230101abc0129b002e04001c7000 3 -3
#28 104 565 21089
40 001e00408a400fe8442a8100200001ca 0000030501abc0129b002e04001c7000 4 -1
#32 513 462 21602
42 001e00408a400fe844298100200001ca 0000030501b3c0129b002e04001c7000 4 -1
#32 137 453 21739
44 001e00404a400fe844298100200001ca 0000030101b3d0129b002e04001c7000 5 -2
#32 745 407 22484
46 001e00404c400fe844298100200001ca 000003010133d0139b002e04001c7000 5 0
#Clearing transposition table 1772700 
#30 649 287 24690
48 001e00404c400fe844198100200001ca 00000300013bd0139b002e04001c7000 5 1
50 001e00404c440fe844098100200001ca 00000100213bd0139b002e04001c7000 4 3
52 001e024048440fe844098100200001ca 00000100213bd01393022e04001c7000 4 3
54 001e024048440fe844098100200000ea 00000100213bd01383022e44001c7000 4 2
56 001e0240c0440fe844098100200000ea 00000100213bd01383002e44081c7000 4 1
58 001e0240c0440fe444098100200000ea 00000100213bd01383002e04081d7000 4 -1
60 001e0242c0440fe444088100200000ea 00000100213bd01383002e04080f7000 4 -1
62 001e0242c0440fe044888100200000ea 00000100213bd01383002e04000ff000 4 -4
64 001e0242c0440fe044089100200000ea 00000100213bd01383002604400ff000 4 -5
66 001e0242c0440fe044088102200000ea 00000100213bd01383202604400fe000 4 -3
68 001e0242c0440fe0440881022000007a 000001012133d01383202604400fe000 4 -3
70 001e0242c04c0fe0440801022000007a 000009012123d01383202604400fe000 4 -4
72 001e0242404c0fe0440881022000007a 000019012103d01383202604400fe000 4 -5
74 001e024240480fe04408c1022000007a 000039002103d01383202604400fe000 4 -6
76 001e024240480fe04408c1022000003e 000039002103c01383202604410fe000 4 -6
78 001e024240480fe04408c1002040003e 000031042103c01383202604410fe000 4 -7
80 001e024240480fe04408c1002040101e 000030042107c01383202604410fe000 4 -7
82 001e024240480fe04408c1002000181e 000030042307c01383202600410fe000 4 -6
84 001e024040480fe04408c1082000181e 000020042387c01383202600410fe000 4 -10000
86 001e024040480fe04408c1082080180e 000020042387d01303202600410fe000 4 -10000

