Randseed 684420a4
#56 1000 1035 0
1 00aa8002aa000aa8002aa000aa9000aa 00002aa800aaa002aa800aaa002aa800 2 0
#54 123 1069 124
3 00aa0012aa000aa8002aa000aa9000aa 00002aa800aaa006aa000aaa002aa800 3 -2
#52 624 1086 748
5 00aa0012aa000aa8002a8004aa9000aa 00002aa8002ab006aa000aaa002aa800 3 -2
#50 396 1095 1607
7 00aa0012aa000aa8002a8004aa9010a8 00001aa8002ab006aa000aaa002aa800 3 -2
#48 241 1131 1848
9 00aa0012aa000aa8002a8004aa9050a0 00001aa8002ab016a8000aaa002aa800 4 -1
#48 1805 1056 3653
11 00aa0012aa000aa8002a0014aa9050a0 00001aa8002af012a8000aaa002aa800 4 -1
#48 2151 966 5804
13 00aa0012aa010a88002a0014aa9050a0 00001a88042af012a8000aaa002aa800 4 -1
#46 1524 942 7328
15 00aa0012aa010a88002a0014aa915080 00001a88042af012a8000aaa012a8800 4 -1
#44 1146 933 8474
17 00aa0012aa010a08102a0014aa915080 00001a88042af012a8000aaa052a0800 4 -1
#42 1276 916 9750
19 00aa0012aa010a08102a0014aa955000 00000e88042af012a8000aaa052a0800 4 -1
#40 629 931 10379
21 00aa0012aa010a08002a0054aa955000 00000e88042af012a8004aaa042a0800 4 -1
#38 2142 867 12521
23 00aa0012aa010a08002a0054ea915000 00000e88042af012a8004a2a142a0800 4 -1
#36 1034 858 13555
25 00aa0012aa010a08002a0454ca915000 00000e88042af012a8004a2a14260800 4 -2
#34 1628 812 15183
27 00aa0012aa010a09002a04548a915000 00000e88042af012a8014a2a10260800 4 -3
#30 1367 830 16550
29 00aa0052aa000a09002a04548a915000 00000e08142af012a8014a2a10260800 4 -3
#28 1552 778 18102
31 00aa0052aa000a09002e04548a905000 00000e08142bf002a8014a2a10260800 4 -3
#26 1276 740 19378
33 00aa0052aa000a09002e04448e905000 00000e08142bf002a001ca2a10260800 4 -3
#24 998 718 20376
35 00aa0052aa000a09402e04448e901000 00000e08142bf002a011c82a10260800 4 -4
#30 486 542 20862
37 00aa0052aa000e09402e04448c901000 00000e08142bf002a011e82210260800 4 -4
#28 331 557 21193
39 00aa0052aa000e09402e04408d901000 00000c09142bf002a011e82210260800 4 -5
#26 348 573 21541
41 00aa0052aa000e09402e04408f900000 00000c09142bf002a011e80610260800 4 -6
#Clearing transposition table 1755074 
#24 268 596 21842
43 00aa0052aa400e09402e04408f100000 00000c09142bf0022011ea0610260800 4 -6
#22 121 639 21963
45 00aa1052aa400e09402e04408e100000 00000809143bf0022011ea0610260800 5 -7
#20 469 599 23002
47 00aa14522a400e09402e04408e100000 00000809143bf0022011ea06002e0800 5 -6
#18 213 642 23215
49 00ea10522a400e09402e04408e100000 00000809143bf0022011ea06006e0000 6 -5
51 00ee105222400e09402e04408e100000 00000809143bf0022811ea06002e0000 4 -5
53 00ee115202400e09402e04408e100000 00000809143bf0422811ea04002e0000 4 -5
55 00ee117200400e09402e04408e100000 00000809153bf0422811ea00002e0000 4 -6
57 00fe107200400e09402e04408e100000 00000809153bf0422801ea00402e0000 4 -7
59 00fe106200400e09402e04408f100000 00000801153ff0422801ea00402e0000 4 -7
61 00fe104200400e09402e04488f100000 00000801113ff1422801ea00402e0000 4 -6
63 00fe104200400e01412e04488f100000 00000801103ff1422801ea04402e0000 4 -3
65 00fe104200400e01412e04408f102000 00000801003ff1422801ea0440ae0000 4 -2
67 00fe104200400e0140ae04408f102000 00000001003ff1422801ea0440ae1000 4 0
69 00fe104200400e01402e14408f102000 00000001003fe1422841ea0440ae1000 4 2
71 00fe104200400e01402e04428f102000 00000001003fe1422841e80440ae1100 4 3
73 00fe104200400e01402e04408f502000 00000001003fe1402841e80540ae1100 4 6
75 00fe104200400e01402e04408f102800 00000001003fe1402801e80540ae1500 4 10000
77 00fe104200400e01402e04408f102001 00000001003fe1402801e80500ae1700 4 10000

