Randseed 6853aae6
#58 1000 1000 0
0 00aa8002aa000aa8002aa000aa8002aa 00002aa800aaa002aa800aaa002aa800 2 1
#56 128 1031 129
2 00aa8002aa000aa8002aa000aa80029a 00002aa800aaa002aa800aaa002ab000 3 -1
#54 701 1043 830
4 009a8002aa000aa8002aa000aa80029a 00002ab000aaa002aa800aaa002ab000 3 -1
#52 312 1071 1142
6 009a8002aa000aa8002aa000aa80428a 00002ab000aaa002aa800aaa001ab000 4 1
#50 1893 1038 3035
8 001a9002aa000aa8002aa000aa80428a 00000ab400aaa002aa800aaa001ab000 4 1
#48 1584 1015 4619
10 001a9002aa000aa8002aa000ab00428a 00000ab400aaa002aa800aaa400ab000 4 2
#46 2108 968 6727
12 001a8002aa400aa8002aa000ab00428a 00000ae400aaa002aa800aaa400ab000 4 2
#44 1785 931 8512
14 001a8002aa400aa8012a8000ab00428a 00000ae000aab002aa800aaa400ab000 4 2
#42 1313 913 9825
16 001a8002aa400aa801298000ab00428a 00000ae000aad002aa800aaa400ab000 4 2
#40 1271 895 11096
18 001a8003aa4002a801298000ab00428a 00000bc000aad002aa800aaa400ab000 4 2
#38 1130 882 12226
20 001a8003aa4002b800298000ab00428a 00000bc000aad002aa800aac400ab000 4 1
#36 418 908 12644
22 001a8003aa4002b800298000a700428a 00000bc000aad002aa8006ac400ab000 4 1
#34 499 932 13143
24 001a8003aa4002b800298010a600428a 00000bc000aad002aa9006ac4002b000 4 1
#34 886 880 14030
26 001a8003aa4102b000298010a600428a 00000b8040aad002aa9006ac4002b000 4 4
#34 892 828 14922
28 001a8003aa4102b004298010a200428a 00000b0040aad102aa9006ac4002b000 4 5
#34 1056 766 15978
30 001a8003ae4102b004288010a200428a 00000b00402ad103aa9006ac4002b000 4 4
#34 1585 672 17563
32 001a8003ae1102b004288010a200428a 00000700402ad103aa9006ac4002b000 4 3
#36 999 579 18562
34 001a0013ae1102b004288010a200428a 00000700402ac103aa9007ac4002b000 4 3
#34 861 563 19423
36 001a0011ae1102b044288010a200428a 00000700402ac101aa9407ac4002b000 4 3
#32 651 557 20074
38 001a0011be1102a044288010a200428a 00000700402ac101a99407ac4002b000 4 3
#30 280 576 20354
40 001a0011be15022044288010a200428a 00000700402ac501a99407ac0002b000 4 3
#28 181 604 20535
42 001a0011be11022044288010a200428e 00000700402ac500a99407ac1002b000 5 2
#26 871 584 21406
44 001a0811be11022044208010a200428e 00000700402ac500a99407cc1002b000 5 2
#24 542 587 21949
46 005a0811be11022004208010a200428e 00000300402ac500a99407cc1003b000 5 2
#22 281 615 22230
48 005a0811be110220042080108204428e 00000300402ac500a99427c41003b000 5 2
#20 180 659 22410
50 007a0811be110020042080108204428e 00000300402ac508a91427c41003b000 6 3
#18 452 682 22862
52 007e0811be010020042080108204428e 00000300402a4508a91427c41083b000 6 3
#16 173 745 23035
54 007e0811be010020042080108214408e 00000300402a4508b91427841083b000 7 1
#14 71 841 23107
56 007e0811be010020044080108214408e 00000300402a6508b914278410839000 8 2
#12 203 948 23310
58 007e0811be010020040088108214408e 00000300412a6508b914278410838000 9 -6
#10 303 1077 23613
60 007e0811be010020040080118214408e 00000308412a6508b914278410038000 10 -6
#10 234 1030 23847
62 007e0811be01002004008011821c400e 00004308412a6508b914278010038000 11 -10000
#2 0 5153 23847
64 007e0841be01002004008011821c400e 00004308412c6508b914278010038000 12 -10000

