Randseed 68547e46
#56 1000 1035 0
1 00aa8002aa000aa8002aa000aa9000aa 00002aa800aaa002aa800aaa002aa800 2 0
#54 137 1067 189
3 002a9002aa000aa8002aa000aa9000aa 00002aa800aaa002aa001aaa002aa800 3 -2
#52 958 1071 1147
5 002a9002aa000aa8002aa000aa9010a8 00000aac00aaa002aa001aaa002aa800 3 -1
#50 536 1092 1683
7 002a1012aa000aa8002aa000aa9010a8 000002ad00aaa002aa001aaa002aa800 3 -2
#48 427 1120 2110
9 002a1002aa004aa8002aa000aa9010a8 000002ad00aaa002aa000aae002aa800 3 -1
#48 379 1104 2489
11 002a1002aa004aa8002aa000ea8010a8 000002a900eaa002aa000aae002aa800 3 0
#46 377 1136 2866
13 002a1002aa004aa8002aa000eb8000a8 000002a900eaa001aa000aae002aa800 4 2
#44 2056 1094 4922
15 002a0003aa004aa8002aa000eb8000a8 000002a800eaa401aa000aae002aa800 4 3
#42 1725 1064 6647
17 002a0003aa004aa8002aa000eb8040a0 000002a800eaa401aa0006ae002aa800 4 3
#40 1455 1044 8102
19 002a0003aa004aa8002aa000eb814080 000002a8006aa401aa1006ae002aa800 4 2
#38 2597 889 12097
21 002a0003aa004aa8002aa010eb810080 000002a8006aa401aa1006ae042a2800 4 2
#38 1505 810 13602
23 002a0003aa004aa8002aa010eb850000 00000268006aa401aa1006ae042a2800 4 1
#38 583 779 14185
25 002a0003aa004aa8002ac010eb850000 00000068406aa401aa1006ae042a2800 4 1
#38 486 754 14671
27 002a0003ae004aa0002ac010eb850000 00000068406aa401aa1006ae14282800 4 0
#36 1317 722 15988
29 002a0003ae004aa0042ac010eb050000 00000068406aa401aa1006a614682800 4 0
#34 757 720 16745
31 002a0003ae010aa0042ac010eb050000 00000068007aa401aa1006a614682800 4 0
#32 1030 701 17775
33 002a0003ae010aa0042b8010eb050000 00000068007aa401aa1006a614582800 4 -1
#30 771 696 18546
35 002a0003ae010aa0042b8110eb010000 00000068007aa401aa1006e604582800 4 -2
#28 656 699 19202
37 002a0003ae010aa0042f8110ea010000 00000068007aa5018a1006e604582800 4 -3
#26 314 729 19516
39 002a0003be010aa0042f8110e8010000 00000068007ea4018a1006e604582800 4 -4
#24 324 763 19840
41 002a0003be010a20142f8110e8010000 00000068007ea441821006e604582800 4 -4
#22 184 816 20024
43 002a0003fe010a20142f8100e8010000 00000068007ea441821006660458a800 5 -6
#20 650 832 20674
45 00320003fe010a20142f8100e8010000 00000038007ea441821006660458a800 5 -6
#18 517 753 22222
47 00120203fe010a20142f8100e8010000 00000038007ea40182100e660458a800 5 -6
#16 107 833 22329
49 00120203fe010a20142f8100f8000000 00000018017ea40182100e660458a800 6 -3
#14 236 919 22565
51 00120203fe010820542f8100f8000000 00000008017ee40182100e660458a800 7 -4
#12 279 1026 22844
53 00120243fe010820142f8100f8000000 00000000017ee41182100e660458a800 8 -3
#10 527 1125 23371
55 00120243fe010820144f8100f8000000 00000000007ee41182104e660458a800 8 -3
#8 1027 1150 24398
57 00120243fe010822140f8100f8000000 00000000007ee41182104e260458e800 8 -10000
#4 40 2281 24438
59 00120243fe011820140f8100f8000000 00000000007ee41182104e060458f800 9 -10000
#2 2 4560 24440
61 00120243fe811020140f8100f8000000 00000000007ee41182104e060470f800 10 -10000
#2 0 4560 24440
63 00020247fe811020140f8100f8000000 00000000007ee41182104e0e0070f800 11 -10000

