Randseed 68636bba
#58 1000 1000 0
0 00aa8002aa000aa8002aa000aa8002aa 00002aa800aaa002aa800aaa002aa800 2 1
#56 157 1006 830
2 00aa8002aa000aa8002aa000aa8002ac 00002aa800aaa002aa800aaa0029a800 3 0
#54 505 1024 1335
4 00ab0002aa000aa8002aa000aa8002ac 00002aa800aaa002aa800aaa0019a800 3 0
#52 565 1042 1901
6 006b0002aa000aa8002aa000aa8002ac 00002aa800aaa002aa8006aa0019a800 3 0
#50 472 1065 2373
8 006b0000aa400aa8002aa000aa8002ac 00002aa800aca002aa8006aa0019a800 3 0
#48 325 1095 2698
10 006b0000aa000ea8002aa000aa8002ac 00002ab000aca002aa8006aa0019a800 4 2
#46 2062 1053 4760
12 006a0040aa000ea8002aa000aa8002ac 00002ab000aca002aa84062a0019a800 4 3
#44 1809 1019 6569
14 006a0040ac000ea8002aa000aa8002ac 00002ab000aca002ab04062a0019a800 4 4
#42 1354 1003 7924
16 006a0040ac000e28102aa000aa8002ac 000026b000aca002ab04062a0019a800 4 4
#42 630 973 8554
18 00620140ac000e28102aa000aa8002ac 000026b000aca002ab04062c0019a800 4 4
#40 887 977 9441
20 00620140ac000e28101aa000aa8002ac 000006b400aca002ab04062c0019a800 4 4
#38 507 1002 9948
22 00620140ac000e28101aa000aa8001ac 000006b400aca002ab04062c0019b000 4 4
#36 417 1035 10365
24 00620140ac000e30101aa000aa8001ac 000006b400aca002a704062c0019b000 4 4
#38 454 956 10819
26 00620140b8000e30101aa000aa8001ac 000006b400aca002a304462c0019b000 4 3
#36 311 992 11130
28 00600140f8000e30101aa000aa8001ac 000006b400b8a002a304462c0019b000 5 1
#36 1235 924 12365
30 00600140f8000e30101aa000a68001ac 000006b400b8a002e300462c0019b000 5 1
#34 1458 892 13823
32 00600140f8000e30101aa000a68001b8 000006b400b8c002e300462c0019b000 5 1
#36 776 766 15208
34 00600140f8000e30101aa000a6804198 000006b400b8c002e300462c0119a000 5 0
#34 1089 747 16298
36 00400940f8000e30101aa000a6804198 000006b000f8c002e300462c0119a000 5 0
#32 904 737 17202
38 00400940f8000e30101aa010a6804188 000006b000f8c001e300462c0119a000 5 1
#30 573 748 17776
40 00400940f8000730101aa010a6804188 000006a004f8c001e300462c0119a000 5 2
#28 708 751 18485
42 00400940f8000730101aa01066804188 000006a004f8c801c300462c0119a000 5 3
#26 483 771 18968
44 00400940f8000730101aa11026804188 000006a004f0c801c320462c0119a000 5 5
#24 514 793 19482
46 00400940f8000730100aa11026844188 000006a004e0c801c320462c8119a000 5 7
#22 412 827 19894
48 00400940f8010720100aa11026844188 000006a004e0c801e320462c8111a000 5 9
#20 683 842 20577
50 00400940f8010720100ea11026844088 0000068004e0c811e320462c8111a000 5 10
#18 474 883 21051
52 00400940f8010720100fa11026844008 000006a004e0c811e220462c8111a000 5 10
#16 429 940 21480
54 00400940f8010720100f911026844008 000106a004e0c811e22046288111a000 5 10
#14 433 1012 21913
56 00400901f8010720100f911026844008 000106a004e0c811c22046288111a200 5 10
#12 234 1142 22148
58 00400901f8010720100fa11026844008 000106a004e0c811c22046488111a200 6 11
#10 492 1271 22641
60 00400901f8010720300fa11022844008 000006e004e0c811c22046488111a200 6 11
#8 201 1539 22843
62 00400901f8010720300f811422844008 000006e004c0c811c22046488111a300 7 8
#6 212 1981 23055
64 00400901f8010720300f811022845008 000006e004c0c811822046488111a380 8 10000
#4 5 2970 23060
66 00400901f8090320300f811022845008 001002e004c0c811822046488111a380 9 10000
#2 0 5940 23060
68 00400801f8090320300f81102284500c 001003e004c0c8118220464881118380 10 10000

