Randseed 686433e8
#56 1000 1035 0
1 00aa8002aa000aa8002aa000aa84022a 00002aa800aaa002aa800aaa002aa800 2 1
#56 76 1010 700
3 00aa8002aa000aa8002b2000aa84022a 00002aa800aaa002aa800aaa001aa800 3 0
#54 383 1033 1083
5 00a28102aa000aa8002b2000aa84022a 00002aa800aaa002aa8006aa001aa800 3 0
#52 330 1061 1413
7 00a20112aa000aa8002b2000aa84022a 00002aa800aaa002aa8002aa401aa800 4 2
#50 2279 1012 3692
9 00a201132a000aa8002b2000aa84022a 00002aa800aab000aa8002aa401aa800 4 3
#48 2453 952 6145
11 00a201132a000aa8002b2000ab04022a 00002aa800eaa000aa8002aa401aa800 4 4
#46 1470 902 8245
13 00a201132a000aa8002b2000aa04422a 00002a6800eaa000aa8002aa401aa800 4 4
#44 2318 838 10563
15 00a201132a010a88002b2000aa04422a 00002a6800eaa000aa8002aa401ab000 4 4
#42 1616 801 12179
17 00a201132a010a88002b2000aa05420a 00001a6800eaa000aa8002aa401ab000 4 4
#42 1321 708 14120
19 00a201132a014a80002b2000aa05420a 00001a6800eaa000a98002aa401ab000 4 4
#42 650 677 14770
21 00a101132a014a80002b2000aa05420a 00001c6800eaa000a98002aa401ab000 4 5
#40 640 679 15410
23 00a101132a014281002b2000aa05420a 00001c2804eaa000a98002aa401ab000 4 6
#38 285 700 15695
25 00a101132a014081402b2000aa05420a 00001c2804eca000a98002aa401ab000 4 6
#34 195 771 15890
27 00a101132a014081402b2100aa01420a 00001c28047ca000a98002aa401ab000 5 5
#32 1270 740 17160
29 00a10111aa014081402b2100aa01420a 00001c28047ca000a99002aa400ab000 5 5
#30 1196 709 18356
31 00a10111aa014081002b2100ba01420a 00001c28047ca000b19002aa400ab000 5 4
#32 1692 559 20048
33 00a10111aa014081002b2100ba11400a 00001c28047ca000b190028a440ab000 4 7
#32 222 545 20270
35 00a10111aa014081002f2100ba10400a 00001c28047ca000b190028a440cb000 4 6
#32 397 520 20667
37 00a10111aa014081002f2120b210400a 00001c280478a400b190028a440cb000 4 7
#30 113 547 20781
39 00a10111aa014081002f2520b200400a 00001c280478a400b190028a400db000 5 6
#28 484 552 21265
41 00a08111aa014081002f2520b200400a 00001c280478a400b190028a410da000 5 7
#26 464 559 21729
43 00a08110ea014081002f2520b200400a 00001c280478a400b190028a410f2000 5 7
#24 893 531 22622
45 00a08110ea014081002f4520b200400a 00001c2a0470a400b190028a410f2000 5 7
#20 303 607 22925
47 00a08110ea014081002fc500b200400a 00001c2a0470a400b190024a410f2000 5 5
#20 337 573 23262
49 00a08110ea014081002fc500b200400c 00001c2a0470a400b190020a490f2000 5 4
#18 340 599 23602
51 00a00110ea014089002fc500b200400c 00001c2a0470a400b190020e490f0000 5 3
#18 242 572 23844
53 00a00110ea014089002fc510a200400c 00001c2a0470a400e190020e490f0000 5 3
#18 240 546 24084
55 00a00110ea014009102fc510a200400c 00001c220570a400e190020e490f0000 5 1
#14 265 664 24349
57 00a00110ea01400b102fc5102200400c 00001c020570a410e190020e490f0000 5 1
#12 243 734 24592
59 00a00110ea01500b102fc1102200400c 00001c020570a410e190220e480f0000 6 2
61 00a00110ea81500b100fc1102200400c 00001c020470a414e190220e480f0000 4 5
63 00a00110ea81500b140fc11022004008 00001c020470a514e190220e400f0000 4 6
65 00a00110ea81502b140f811022004008 00001c020470a514e3902206400f0000 4 8
67 00a00110fa81502b140f811022004000 00001e020470a514e3902206400e0000 4 9
69 00a00150fa81502b040f811022004000 00101e020460a514e3902206400e0000 4 10
71 00a20150fa81502b040f811002004000 00101e220460a514e3902204400e0000 4 10
73 00a20154fa81502a040f811002004000 00101e220460a414e3902204400f0000 4 11
75 00a22154fa815028040f811002004000 00101e220460a414c3902204400f8000 4 12
77 01a22154fa814028040f811002004000 00101e2204608414c390220c400f8000 4 12
79 01e22154fa014028040f811002004000 00101e2204608410c390220c410f8000 4 2
81 01c22154fa814028040f811002004000 00101e0204608410c390220c410fa000 4 2
83 01c02154fe814028040f811002004000 00101e0200608410c390220c410fa004 4 10000
85 01c82154fe814028040f811002000000 00001e0200608410c390220c410fa014 4 10000

