Randseed 6871bafa
#56 1000 1035 0
1 00aa8002aa000aa8002aa000aa81028a 00002aa800aaa002aa800aaa002aa800 2 1
#54 77 1071 77
3 002a9002aa000aa8002aa000aa81028a 00002aa800aaa002aa800aaa001aa800 3 -1
#52 764 1083 841
5 000a9402aa000aa8002aa000aa81028a 00002ab000aaa002aa800aaa001aa800 3 -1
#52 516 1063 1357
7 000a9402aa000aa80029a000aa81028a 00002ab000aaa002aa800aaa001ca800 3 0
#50 223 1096 1580
9 000a9402aa010a880029a000aa81028a 00002ab000aaa002aa8006aa001ca800 4 2
#48 1842 1065 3422
11 00029502aa010a880029a000aa81028a 00002ab000aaa002aa8006aa4018a800 4 2
#46 3243 971 6665
13 00009542aa010a880029a000aa81028a 00002ab000aaa002aa8006aa4018b000 3 1
#48 179 923 6845
15 00009542ae000a880029a000aa81028a 00002ab000aac002aa8006aa4018b000 4 3
#46 942 922 7787
17 00009542ae000a880029a004aa01028a 00002ab000aac002aa8006aa40187000 4 3
#46 868 884 8656
19 00008543ae000a880029a004aa01028a 00002ab000aac002ab0006aa40187000 4 4
#46 540 861 9196
21 00008443be000a880029a004aa01028a 000028b040aac002ab0006aa40187000 4 4
#46 378 844 9574
23 00008443be000a880029a014a801028a 000028b040aac002ab00072a40187000 4 4
#44 402 864 9976
25 00008443be000a880028e014a801028a 000028b040aac002ab00072a41186000 4 4
#44 709 832 10685
27 00008443be000a880018e014a801028a 000028b040aac002ab0007224118e000 4 4
#42 567 845 11252
29 00008443be4002880018e014a801028a 000028b040aac001ab0007224118e000 4 3
#40 744 850 11996
31 00008443be1002880018e014a801028a 000028b040aac1018b0007224118e000 4 4
#38 303 879 12299
33 00008443be1002880018e014b800028a 0000293040aac1018b0007224118e000 4 4
#36 455 902 12754
35 00008443be1002884008e014b800028a 0000293040aac1018b0007224418e000 4 4
#34 559 922 13313
37 00008443be1002884008e014b004028a 0000293040aac1018b0107224418c000 4 5
#32 231 966 13544
39 00010443be1002884008e014b004028a 0000293040aec0018b0107224418c000 5 4
#30 579 991 14124
41 00020443be1002884008e014b004028a 0000293040aec0018b0117204418c000 5 4
#28 767 1007 14891
43 00020443be1002884008e014b004028c 0000293040aec0418b01172044188000 5 5
#26 686 1032 15577
45 00020443be1002884008e014b0044288 0000293040aec0418f01172044180000 5 5
#24 637 1065 16214
47 00020443be1003084008e014b0044288 0000293040aec0418f81072044180000 5 4
#24 1018 980 17233
49 00020443be1003084008e014b0044188 0000293040aec0410fa1072044180000 5 6
#28 381 813 17614
51 00020643be1003084000e014b0044188 0000293040aec0410fa107a044080000 5 6
#26 259 855 17873
53 00000643bf1003084000e014b0044188 0000293040cec0410fa107a044080000 6 7
#24 1267 821 19140
55 00000643bf1003084000e014a00c4188 0000293040cec0410fa107e044000000 6 6
#20 1227 863 20368
57 00000643bf1003084000e014a01c4108 0000293040cec8410fa107e040000000 6 5
#18 745 876 21113
59 00000643bf1003084000e014a01e4008 0001292040cec8410fa107e040000000 6 4
#16 652 904 21765
61 00000643bf1003084000e014801f4008 0003290040cec8410fa107e040000000 6 4
#18 561 741 22326
63 00000643bf1003084000e014001fc008 00032900404fc8410fa107e040000000 6 5
#Clearing transposition table 1752013 
#14 184 921 22548
65 00000643bf1003084000e014020fc008 000b2800404fc8410fa107e040000000 7 1
#14 285 881 22833
67 00000643bf1003044000e014020fc008 000b1800404fc8410fa107e040000000 8 2
#12 393 962 23226
69 00000643bf1003044000e014021fc000 000e1800404fc8410fa107e040000000 8 1
#10 344 1086 23570
71 00000643bf1023004000e014021fc000 001c1800404fc8410fa107e040000000 9 0
#8 153 1319 23723
73 00000743bf1003004000e014021fc000 00381800404fc8410fa107e040000000 10 10000
#6 11 1755 23734
75 00000743bf1003004000f010021fc000 0038180040cfc8410f2107e040000000 11 10000
#4 1 2632 23735
77 00000741bf1023004000f010021fc000 0038180400cfc8410f2107e040000000 12 10000
#2 0 5265 23735
79 00000741bf1023040000f010021fc000 0038180600cfc8410e2107e040000000 13 10000

