Randseed 68729880
#58 1000 1000 0
0 00aa8002aa000aa8002aa000aa8002aa 00002aa800aaa002aa800aaa002aa800 2 1
#56 151 1013 632
2 00aa8002aa000aa8002aa000aa8002ac 00002aa8006aa002aa800aaa002aa800 3 1
#54 814 1020 1446
4 00aa9000aa000aa8002aa000aa8002ac 00002aa8006aa002aa8006aa002aa800 3 2
#52 358 1028 2255
6 00aa9000aa000aa8002aa0002a9002ac 00002aa8006aa001aa8006aa002aa800 3 1
#52 843 996 3099
8 00aa9000aa0006a8002aa0002a9002ac 00002aa8006aa000aa9006aa002aa800 3 1
#50 326 1023 3425
10 00aa9000aa0006a9000aa0002a9002ac 00002aa8006aa000aa9006ac002aa800 4 2
#48 3837 905 7262
12 00aa9000aa000ea8000aa0002a9002ac 00002ab0006aa000aa9006ac002aa800 3 1
#46 342 930 7604
14 00aa90002a100ea8000aa0002a9002ac 00002ab0006ac000aa9006ac002aa800 3 1
#44 392 954 7996
16 00aa90002a100ea8000aa0002b1002ac 00002ab0006ac000ab1006ac002aa800 3 0
#42 764 963 8760
18 00aa90002a1006a8400aa0002b1002ac 00002ab0006ac1008b1006ac002aa800 3 1
#40 288 997 9048
20 00aa90002a1006a8400aa0002b1042a8 00002ab0006ac1008b1003ac002aa800 4 4
#38 1569 967 10618
22 00aa90002a1006a8400aa0102b1042a0 00002ab0006ac1008b1003ac002b2800 4 4
#36 1031 963 11649
24 00aa90002a1006a8400ae0102a1042a0 00002aa0046ac1008b1003ac002b2800 4 4
#34 1805 914 13454
26 00aa90002a1006b0400ae0102a1042a0 00002a80046bc1008b1003ac002b2800 4 5
#32 808 921 14262
28 00aa90002a1006a0440ae0102a1042a0 00002a81042bc1008b1003ac002b2800 4 5
#32 911 864 15173
30 00aa90002a140620440ae0102a1042a0 00002a81002bc1408b1003ac002b2800 4 5
#30 563 884 15736
32 00aa90002a140600440be0102a1042a0 00002a81102bc140831003ac002b2800 4 5
#30 640 841 16376
34 00aa90002a140600400be0502a1042a0 00002b81102bc100831003ac002b2800 4 4
#28 352 876 16728
36 00aa90002a140600400be0503a1002a0 00002b81502bc000831003ac002b2800 4 5
#26 241 925 16969
38 00aa90002a140600400be050381402a0 00002b81502bc000831003a8012b2800 5 4
#26 587 880 17556
40 00aa90000a140680400be050381402a0 00002b81d00bc000831003a8012b2800 5 3
#24 1453 832 19009
42 00aa90000a040680400fe050381402a0 00000b85d00bc000831003a8012b2800 5 2
#22 867 829 19876
44 00aa90000a040680400fe040381402e0 00000b85d00bc000831003a8012b3000 5 2
#24 305 734 20181
46 00aa90000a040680500fe040381402c0 00000387d00bc000831003a8012b3000 5 2
#22 143 788 20324
48 00aa90000a040680500fe04038140380 00000387d00bc008811003a8012b3000 6 3
#20 261 841 20585
50 00ea80000a040680500fe04038140380 00000387d043c008811003a8012b3000 7 2
#18 435 886 21020
52 00ea00100a040680500fe04038140380 00000387d043c008811003b8012b2000 7 2
#16 229 968 21249
54 00ea00000e040680500fe04038140380 00000383d043c808811003b8012b2000 8 3
#14 367 1054 21616
56 007a00000e040680500fe04038140380 00000383d043c80881100338412b2000 8 1
#12 272 1185 21888
58 003e00000e040680500fe04038140380 00000383d043c80881100318412b6000 9 0
#4 162 3475 22050
60 003e00000e040680500ff04038040380 00000383d043c80980100318412b6000 10 10000
#2 63 6886 22114
62 003e00000e040680508ff04038040180 00000383d043c809801003184129e000 11 10000
#2 11 6875 22125
64 003e00000e040684508ff04038040080 00000383d043c809801003184119e000 12 10000
#4 4 3435 22129
66 003e00000e042684508ff04038040000 00000383d043c809801003084119e020 13 10000
#4 0 3435 22129
68 003e00400c042684508ff04038040000 00000383d043c809801002084119e120 14 10000
#2 0 6871 22129
70 001e00400e042684508ff04038040000 00000383d043c809801002084109e1a0 15 10000

