Randseed 687d923a
#56 1000 1035 0
1 00aa8002aa000aa8002aa000aa8012a8 00002aa800aaa002aa800aaa002aa800 2 0
#54 142 1052 572
3 00aa8002aa004aa0002aa000aa8012a8 00002aa800aaa002aa800aaa006aa000 3 -1
#52 694 1066 1266
5 00aa8001aa004aa0002aa000aa8012a8 00001aa800aaa002aa800aaa006aa000 3 -1
#50 459 1091 1725
7 00aa8001aa004aa00028a040aa8012a8 00001aa800aaa002aa801aaa002aa000 3 -1
#50 233 1081 1958
9 00b28001aa004aa00028a040aa8012a8 00000ea800aaa002aa801aaa002aa000 4 1
#48 3752 970 5710
11 00b28001aa004aa00028a4402a8012a8 00000ea800aaa002aa801aaa001aa000 3 0
#46 243 1002 5953
13 00b28001aa004ac00028a4402a8012a8 00000ea800aaa002a8805aaa001aa000 4 3
#44 1022 1001 6975
15 00b28001aa004ac0002824502a8012a8 00000ea800aaa002a8805aaa011a8000 4 3
#42 595 1020 7570
17 00b28001aa004ac0002824500a8412a8 00000e2810aaa002a8805aaa011a8000 4 4
#42 365 1003 7935
19 00b28000ea004ac0002824500a8412a8 00000e28109aa002a8805aaa011a8000 4 3
#40 290 1038 8225
21 00b28000ea004ac0002824500a8452a0 00000e28109aa002a8801aae011a8000 5 1
#38 2012 987 10237
23 00b28000ea004b80002824500a8452a0 00000e28109aa002a8801aae051a0000 5 1
#38 717 949 10954
25 00b30000ea004b80002824500a8452a0 00000e08149aa002a8801aae051a0000 5 2
#36 1205 935 12159
27 00b30000ea004b81002820500a8452a0 00000e08149aa006a8801aae041a0000 5 2
#32 701 1008 12860
29 00b30000ea004b81002820400e8452a0 00000e08149aa006a8811aae001a0000 5 3
#30 1257 992 14117
31 00b30000ea004b01402820400e8452a0 00000e08049ea006a8811aae001a0000 5 3
#28 808 1005 14925
33 00b30000ea004b01402820400f8412a0 00000e08049ea00628911aae001a0000 5 3
#26 1069 1000 15994
35 00b30000e8004b09402820400f8412a0 00000e08049ea00628811bae001a0000 5 5
#24 867 1011 16861
37 00b20040e8004b09402820400f8412a0 00000e08049ea00608851bae001a0000 5 5
#22 433 1064 17294
39 00b20040e8004b09402820400f8013a0 00000e08049ea00608851bae400a0000 5 5
#20 355 1135 17649
41 00b20040e8004b09402820400f8103a0 00000e08049ea00608851bae50080000 6 7
#18 1697 1072 19346
43 00720040e8004b09402820400f8103a0 00000e08049ea00608871bae40080000 6 8
#16 688 1120 20034
45 003a0040e8004b09402820400f8103a0 00000e00059ea00608871bae40080000 6 10
#14 971 1142 21005
47 001a0240e8004b09402820400f8103a0 00000c01059ea00608871bae40080000 6 12
#12 1206 1131 22211
49 001a0240e8004b09412800400f8103a0 00000c01059ea04608871bae40000000 6 13
#Clearing transposition table 1752857 
#10 1059 1139 23304
51 001a0240e8004b19402800400f8103a0 0000080105bea04608871bae40000000 6 14
#8 803 1223 24107
53 001a024078004b19402800400f8103a0 0000080105bea04608871fae00000000 6 14
#6 734 1386 24841
55 0012024078014b19402800400f8103a0 0000080105fea046088717ae00000000 6 10000
#4 15 2072 24856
57 0012024078010b39402800400f8103a0 0000080105feb046088713ae00000000 7 10000
#2 0 4144 24856
59 0012024078010339403800400f8103a0 0000000105feb046088713be00000000 8 10000

