Randseed 687e4a2f
#58 1000 1000 0
0 00aa8002aa000aa8002aa000aa8002aa 00002aa800aaa002aa800aaa002aa800 2 1
#56 148 1012 644
2 00aa8002aa000aa8002aa000aa80029a 00002aa8009aa002aa800aaa002aa800 3 0
#54 625 1027 1269
4 002a9002aa000aa8002aa000aa80029a 00002aa80099a002aa800aaa002aa800 3 0
#52 495 1047 1764
6 000a9402aa000aa8002aa000aa80029a 00002aa80099a002aa800b2a002aa800 3 1
#50 253 1079 2017
8 000b1402aa000aa8002aa000aa80029a 00002aa80099b000aa800b2a002aa800 4 4
#48 2319 1027 4336
10 000b1402aa000b28002aa000aa80029a 00002aa00199b000aa800b2a002aa800 4 5
#46 1355 1013 5691
12 000a1442aa000b28002aa000aa80029a 00002aa00199b000aa800b2a0032a800 4 6
#44 918 1017 6609
14 000a1442aa000b284022a000aa80029a 00002aa00199b000aa810b0a0032a800 4 7
#42 783 1028 7392
16 00021542aa000b284022a000aa80029a 00002aa00199b000aa810b0a0032c800 4 9
#40 419 1059 7811
18 00001542ae000b284022a000aa80029a 00002aa00199b000aa814b020032c800 4 9
#38 375 1095 8186
20 00001542ae000b284022a4002a80029a 00002aa00199b000aa814b020072c000 4 9
#36 305 1139 8491
22 00001542ae000b084422a4002a80029a 00002a900199b000aa814b020072c000 5 8
#36 1177 1074 9668
24 00001542bc000b084422a4002a80029a 00042a100199b000aa814b020072c000 5 9
#34 1256 1063 10924
26 00001502fc000b084422a4002a80029a 000422110199b000aa814b020072c000 5 9
#32 865 1075 11789
28 00001d02f8000b084422a4002a80029a 001420110199b000aa814b020072c000 5 9
#30 1551 1044 13340
30 00001d02f8000b004522a4002a80029a 001420090199b000aa814b020072c000 5 10
#28 944 1051 14284
32 00001c02f8400b004522a4002a80029a 001420010199b004aa814b020072c000 5 10
#26 1075 1049 15359
34 00001c02f8400b004522a4002a80019a 001420010099b004aa815b020072c000 5 10
#24 1013 1052 16372
36 00001c02f8400f000522a4002a80019a 001420010099b014aa811b020072c000 5 10
#22 954 1061 17326
38 00001c02f8400f000422e4002a80019a 001420010099b0146a811b020072c000 5 10
#20 1019 1065 18345
40 00001c02f8400f000420e4402a80019a 001420010099b0146a8919020072c000 5 12
#18 571 1120 18916
42 00001c02f8400f000420e4402a84009a 001420010098b0146b8919020072c000 5 13
#16 303 1222 19219
44 00001c02f0400f010420e4402a84009a 00142001009830346b8919020072c000 6 15
#14 1623 1165 20842
46 00001c02f0400f010020e4442a84009a 00142001009810746b8919020072c000 6 15
#14 1061 1013 21903
48 00001c02f0400f010020e4442a841098 0014200000b810746b8919020072c000 6 15
#12 1189 984 23092
50 00001c02f0400f010020e4042e841098 0014200000b810747b8919020032c000 6 17
#Clearing transposition table 1785933 
#10 866 1002 23990
52 00001c02f0400f01002064042f841098 0014200000ba10707b8919020032c000 6 17
#8 518 1123 24508
54 00001c02f0400e01002066042f841098 0014200000ba10707b8919030022c000 6 17
#6 280 1404 24788
56 00001c02f0400e01002066042f8410b0 0014200000ba10707b8919030021c000 7 10000
58 00001c02f0400e01002026043f8410b0 0014200000ba10707bc919030001c000 4 10000
60 00001c02f0400e01002026043f8410e0 0014200000ba10707bc919030000c008 4 10000

