Randseed 688b0d56
#56 1000 1035 0
1 00aa8002aa000aa8002aa000aa8002ac 00002aa800aaa002aa800aaa002aa800 2 0
#54 139 1068 139
3 00aa8002aa000aa8002aa000aa8002b8 00002aa800aab000aa800aaa002aa800 3 -1
#52 549 1088 688
5 00aa8002aa000aa8002aa000aa8002f0 00002aa800aab000aa800aac002aa800 3 -1
#54 813 1017 1541
7 00aa8002aa000aa8002aa000aa8003e0 00002aa800aab000aa800aac012a8800 3 -1
#52 900 1021 2441
9 00aa8002aa000aa8002aa000aa8403c0 00002aa800eaa000aa800aac012a8800 3 0
#50 476 1043 2917
11 00aa8002aa000aa8002aa000aa940380 00001aa800eaa000aa800aac012a8800 3 -1
#48 538 1064 3455
13 00aa8002aa000aa8002aa000aa141380 00001aa9006aa000aa800aac012a8800 3 1
#46 336 1096 3791
15 00aa8002aa000aa8002aa000aa142380 00001aa9006aa000aa800abc002a8800 4 4
#44 2504 1032 6295
17 00aa8002aa000aa8002aa000aa144380 00001aa9006aa000ab000abc002a8800 4 4
#42 2480 963 8775
19 00aa8002aa000aa8002aa000ae140380 00001aa9006aa000aa004abc002a8800 4 3
#42 2079 864 10854
21 00aa8002aa000aa8002aa000bc140380 00001aa9006aa010aa004a9c002a8800 4 6
#42 1283 803 12137
23 00aa8002aa000aa8002aa040b8140380 00001aa9006ae010aa004a8c002a8800 4 9
#38 1563 805 13700
25 00aa8002aa000aa8002aa14038140380 00001aa9006ae010aa004a8c002a9000 4 9
#38 1851 707 15551
27 00aa8002aa000aa8002ba14038040380 00001aa9006ae4102a004a8c002a9000 4 9
#40 1286 608 16837
29 00aa8002aa000aa8003ba14038040180 00001aa9006ae4102a004a8c00299000 4 8
#38 2141 527 18978
31 00aa8002aa000aa8043ba14038040080 00001aa1016ae4102a004a8c00299000 3 6
#36 268 541 19246
33 00aa8002aa000aa8143ba14038040000 00001aa1006ae4102a004a8c00a99000 3 6
#30 416 622 19662
35 00aa8002aa000aa8543ba14038000000 000019a1006ae4102a004a8c00a99000 3 8
#28 158 655 19820
37 00aa8002aa000aa8553b814038000000 000019a1007ae0102a004a8c00a99000 4 10
#26 506 667 20326
39 00aa8002aa000ea8551b814038000000 000019a1007ae0102a00468c00a99000 4 10
#24 316 696 20642
41 00aa8002aa010ea8550b814038000000 000019a1007ae0502200468c00a99000 4 8
#22 258 736 20900
43 00aa8002aa010ea0550ba14038000000 000019a1107ae0102200468c00a99000 4 8
#22 249 713 21149
45 00aa8002aa010ea0540bb14038000000 000019a1147ae0102200468c00a98000 4 9
#22 152 699 21301
47 00aa8002aa010ea0540b914238000000 000019e11478e0102200468c00a98000 5 7
#20 424 727 21725
49 00aa8002aa010ea0540b814238400000 000019e11478e0102204460c00a98000 5 8
#18 364 767 22089
51 00aa8002aa010ea0540b814038400800 00001be10478e0102204460c00a98000 5 8
#16 353 819 22443
53 00aa8002aa010ea0540b814038001800 00001be10478e1102200460c00a98000 5 11
#14 378 882 22821
55 00aa8002aa010ea0540b814038003000 00001be14478e1102200460c00298000 5 11
#12 505 945 23326
57 00aa8002aa010ea0540b814038006000 00001be14478c1102200461c00298000 5 12
#10 358 1063 23684
59 00aa8002aa010ea0540b81403a004000 00001be14478c1102200463800298000 5 15
#8 209 1276 23893
61 00aa8002aa010ea0540b814038004008 00001be14478c1100200463804298000 6 19
#Clearing transposition table 1754970 
#6 243 1613 24161
63 00aa8002aa010ea0540b814038000018 00001be14478c1100200463804198000 7 10000
#4 93 2373 24254
65 00aa8002aa010ea0540b814038000030 00001be14478c1100200463844098000 8 10000
#2 2 4744 24256
67 00aa8002aa010ea0540b814038000060 00001be14478c11002004238440d8000 9 10000

