Randseed 688b8282
#58 1000 1000 0
0 00aa8002aa000aa8002aa000aa8002aa 00002aa800aaa002aa800aaa002aa800 2 1
#56 141 1028 210
2 00aa8002aa000aa8002aa000aa8002ca 00002aa800aaa002aa800aaa002ab000 3 -1
#54 559 1045 769
4 00aa8002aa000aa8002aa000aa8002cc 00002aa800aaa002aa800aaa002ae000 3 -1
#52 380 1071 1149
6 00ab0002aa000aa8002aa000aa8002cc 00002aa800aaa002aa800aaa002bc000 3 -1
#50 511 1093 1660
8 00cb0002aa000aa8002aa000aa8002cc 00002aa800aaa002aa800aaa002f8000 3 -1
#48 304 1126 1964
10 008b1002aa000aa8002aa000aa8002cc 00002aa800aaa002aa800aaa003f0000 4 0
#46 1565 1107 3529
12 008b1002aa000aa8002aa000aa8001cc 00002aa800aaa002aa800aaa103e0000 4 0
#44 2376 1049 5905
14 008a1042aa000aa8002aa000aa8001cc 00002aa800aaa002aa800aaa501e0000 4 0
#42 1817 1013 7722
16 008a1042aa000aa8002aa4002a8001cc 00002aa800aaa002aa800aea500e0000 4 0
#40 1357 996 9079
18 008a1042aa000aa8002aa4002a8041c8 00002aa800aaa002aa800aec500e0000 4 1
#38 1073 992 10152
20 008a1042aa000aa8002aa4102a8041c0 00002aa800aaa002aa804ae8500e0000 4 2
#36 835 1000 10987
22 008a1042aa000aa8042aa4102a8001c0 00002aa800aaa002ab804ae0500e0000 4 3
#40 1413 830 12400
24 008a1042aa010aa8042aa410288001c0 00002aa800aaa002ab844ac0500e0000 4 5
#36 745 880 13145
26 00861042aa010aa8042aa410288001c0 00002aa800aaa002ab944a80500e0000 4 7
#32 389 966 13534
28 00861042aa010aa8042aa414280001c0 00002aa800aaa002abd44280500e0000 4 7
#30 956 967 14490
30 00861042aa010aa9042aa014280001c0 00002aa800aaa006abd40280500e0000 4 8
#28 706 986 15196
32 00061043aa010aa9042aa014280001c0 00002aa800aab006ab940280500e0000 4 8
#26 849 996 16045
34 00021043ba010aa9042aa014280001c0 00002aa800aaf006a9940280500e0000 4 9
#24 720 1019 16765
36 00021043bc010aa9042aa014280001c0 00002aa801aaf006a8940280500e0000 4 10
#22 1045 1017 17811
38 00021043b8010aa9042aa01c280001c0 00002aa805aaf006a8140280500e0000 4 12
#20 381 1080 18192
40 00021043b8410aa9040aa01c280001c0 00002aa805aaf006b0140280500e0000 4 13
#18 323 1165 18515
42 00021043b8450aa9040a801c280001c0 00002aa805aaf106a0140280500e0000 5 15
#16 406 1259 18921
44 00021043f8450aa9040a8018280001c0 00002aa805baf10620140280500e0000 6 17
#14 2061 1145 20982
46 00021043f8450ab9040a8010280001c0 00002aac05baf10420140280500e0000 6 18
#12 1425 1098 22407
48 00021043f8450ab8140a8010280001c0 01002aac05bae10420140280500e0000 6 19
#10 251 1268 22658
50 00021043f8450ab0140a8050280001c0 01002aac05bae10820140280500e0000 7 19
#8 638 1426 23296
52 00021043f8450ab0140a8050280000e0 01002aac05b8e14820140280500e0000 7 18
#6 585 1706 23881
54 00021043f8450ab0140a8150080000e0 01002aac05b8e10828140280500e0000 7 10000
#4 6 2556 23887
56 00021043f8450eb0140a8140080000e0 01002aac05b8e10820150280500e0000 8 10000
#2 0 5113 23887
58 00021043f8450eb0140a814008010060 01002aac05b8e108201402a0500e0000 9 10000

