Randseed 68980763
#56 1000 1035 0
1 00ab0002aa000aa8002aa000aa8002aa 00002aa800aaa002aa800aaa002aa800 2 0
#54 130 1069 131
3 00ae0002aa000aa8002aa000aa8002aa 00002aa800aaa000aac00aaa002aa800 3 -1
#52 672 1084 803
5 00ac0102aa000aa8002aa000aa8002aa 00002aa800aac000aac00aaa002aa800 3 -1
#54 571 1023 1374
7 00a80102ba000aa8002aa000aa8002aa 00002a8804aac000aac00aaa002aa800 3 -1
#52 639 1037 2013
9 00a00102ba040aa8002aa000aa8002aa 00002a9004aac000aac00aaa002aa800 3 -1
#50 505 1059 2518
11 00a00002ba040ba8002aa000aa8002aa 00002aa004aac000aac00aaa002aa800 3 0
#48 397 1086 2915
13 00a00002b2140ba8002aa000aa8002aa 00002ca004aac000aac00aaa002aa800 3 -1
#46 376 1117 3291
15 00a00002a2140be8002aa000aa8002aa 00002ca004aac000aa800eaa002aa800 3 0
#44 389 1150 3680
17 00a0000282140fe8002aa000aa8002aa 00002c8004aac010aa800eaa002aa800 3 0
#46 280 1088 3960
19 00a0000202540fe8002aa000aa8002aa 00001c8004aac010aa800eaa002aa800 4 3
#44 1423 1073 5383
21 00a0000202540fc9002aa000aa8002aa 00001c0014aac010aa800eaa002aa800 4 5
#44 903 1032 6287
23 00a0000202540f89402aa000aa8002aa 00001c04142ac010aa800eaa002aa800 4 5
#42 1295 1019 7582
25 00a0000201540f89402aa000aa8002aa 00001c04102ac010ab800eaa002aa800 4 8
#38 952 1077 8534
27 00a0000200542f89402aa000aa8002aa 00001c045022c010ab800eaa002aa800 4 10
#38 2218 960 10752
29 00a0000200542f89402aa000aa0012aa 00001c045022c010ab800ea8006aa800 4 10
#38 1222 896 11974
31 00a0000200502f89402ea000aa0012aa 00001c045022c050a3800ea8006aa800 4 9
#38 1482 818 13456
33 00a0000200502f09402fa000aa0012aa 00001c047022c010a3800ea8006aa800 4 11
#36 1334 789 14790
35 00a0000200502f09402f2100aa0012aa 00001c0470228010a3804ea8006aa800 4 11
#38 1217 683 16007
37 00a0000200502f09402e2140aa0012aa 00001c0470228010a3804ea8006ca800 4 9
#36 680 684 16687
39 00a0000200502f09402e2140e20012aa 00001c0470228010a3804ea800eca000 4 10
#36 622 649 17309
41 00a0000200402f09402e2140ea0012aa 00001c0470228010a3804ea800dca000 4 10
#36 346 630 17656
43 00a0000000402f09402e2140ea0112aa 00001c0470228010a3804ea8019ca000 4 9
#34 240 636 18182
45 00a0000000402f09402e2140ea0112b2 00001c0470228010a3804eb8019c8000 4 11
#32 233 651 18573
47 00a0000000400f0d402e2140ea0112b2 00001c0470228010a3804eb8059c0000 4 12
#28 164 733 18738
49 00a0000000400e0d402e2140ea0112f2 00001c0570028010a3804eb8059c0000 5 11
#28 547 693 19285
51 00a0000000000e0d402e2140ea0113f2 00001c05f0008010a3804eb8059c0000 5 11
#26 622 699 19907
53 00a0000000000e0d402e2140ea0103f6 00001c05f4008010a3804eb8019c0000 5 12
#24 371 726 20278
55 00a0000000000e0d402e2140ec0103f6 00001c05f4008010a3804e38119c0000 5 12
#22 445 752 20723
57 0060000000000e0d402e2140ec0103f6 00001c05f4008010a3804e38019e0000 5 12
#20 273 800 20996
59 0060000000000e0d402e0144ec0103f6 00001c05f4008010a3804e3801bc0000 5 12
#18 295 856 21291
61 0060000000000e0d402e0144e80103fe 00001c05f4008010a3804e3901b80000 5 12
#16 180 941 21471
63 0060000000000e0d402e0144e80111fe 00003805f4008010a3804e3901b80000 6 13
#14 111 1059 21582
65 0060000000004e09402e0144e80111fe 00003805f4008010a3904e3901b00000 7 10
#12 249 1194 21831
67 0060000000004e09402e0144680119fe 00003805f4008010a3d04e3901a00000 8 12
#10 566 1320 22397
69 0030000000004e09402e0144680119fe 00003805f4008012a3d04e3901800000 8 11
#8 399 1551 22796
71 0018000000004e09402e0144680119fe 00003805f4009012a3d04e3801800000 9 10000
#6 4 2066 22800
73 0018000002004e01402e0144680119fe 00003805fc009012a3d04e3801000000 10 10000
#4 1 3099 22801
75 000c000002004e01402e0144680119fe 00003805fc80901223d04e3801000000 11 10000
#2 0 6199 22801
77 000c001002000e01402e0144680119fe 00003805fc80911203d04e3801000000 12 10000

