Randseed 68989023
#58 1000 1000 0
0 00aa8002aa000aa8002aa000aa8002aa 00002aa800aaa002aa800aaa002aa800 2 1
#56 139 1019 464
2 00ab0002aa000aa8002aa000aa8002aa 00002aa001aaa002aa800aaa002aa800 3 0
#54 655 1032 1119
4 002b1002aa000aa8002aa000aa8002aa 00002aa000aae002aa800aaa002aa800 3 0
#52 405 1056 1524
6 002b1002ac000aa8002aa000aa8002aa 00002aa000abc002aa800aaa002aa800 3 1
#50 366 1084 1890
8 002a1042ac000aa8002aa000aa8002aa 00002aa000a9c012aa800aaa002aa800 3 1
#48 367 1114 2258
10 002a1042ac000aa0012aa000aa8002aa 00002aa000a8c012aa804aaa002aa800 4 2
#50 4113 905 6372
12 001a1042ac000aa0012aa000aa8002aa 00002aa000a88012aa804aae002aa800 3 0
#48 512 921 6884
14 000a1142ac000aa0012aa000aa8002aa 00002a9000a88012aa804aae002aa800 3 0
#44 291 992 7175
16 000a1142b8000aa0012aa000aa8002aa 00002a8002a88012aa804aae002aa800 4 1
#42 2626 914 9801
18 000a1142b8000aa0012aa0002a9002aa 00002c8002a88012aa804aae002aa800 4 1
#48 1615 732 11416
20 00021142f8000aa0012aa0002a9002aa 00042c0002a88012aa804aae002aa800 4 2
#48 2262 638 13678
22 00001143f8000aa0012aa0002a9002aa 00082c0002a88012aa804aae002aa800 3 1
#46 283 653 13961
24 00001043f8400aa0012aa0002a9002aa 00002d0002a88012aa804aae002aa800 3 1
#46 301 640 14262
26 00001043f8400aa0012aa0002a9012a8 00002d0002a88012aa804aae012a8800 3 1
#44 275 657 14537
28 00001043f8400b20012aa0002a9012a8 00000d0402a88012aa804aae012a8800 3 2
#42 260 676 14797
30 00001043f8400b20012aa0002a1012aa 00000d0402a8c012aa804aae002a8800 3 2
#40 240 698 15037
32 00001043f8500320012aa0002a1012aa 00000d0402a8c012b2804aae002a8800 3 3
#38 190 724 15227
34 00001043f8500320011aa0002a1012aa 00000d0002a8d012b2804aae002a8800 4 6
#36 573 722 15995
36 00001043f8500320011a20102a1012aa 00000d000228d013b2804aae002a8800 4 7
#34 646 727 16641
38 00001043f8500320410a20102a1012aa 00000d000228c413b2804aae002a8800 4 9
#32 877 717 17519
40 00001043f8500220410a21102a1012aa 00000d000208c413b2c04aae002a8800 4 12
#30 349 742 17868
42 00001043f8100220410a21102a1412aa 00000d000208c013b2c04eae002a8800 4 13
#28 329 771 18197
44 00001043f8100220410a21102a0413aa 00000d000208c013b2c04caf002a8800 4 14
#26 237 812 18434
46 00001043f8100220410a21102a05138a 00000d000200c113b2c04caf002a8800 5 13
#24 789 814 19223
48 00001043f8100220410a21103a05118a 00000d000200c013b2c44caf002a8800 5 15
#22 304 861 19527
50 00001043f8100220410a21503a05108a 00000d000200c013bac44c2f002a8800 5 15
#20 392 908 19919
52 00001043f8100220410a21503a055082 00000d000200c013bac14c2f002a8800 5 15
#18 433 960 20352
54 00001043f8100220410821503e055082 00000d000200c013bac14c2f002a0810 5 15
#16 210 1054 20562
56 00001043f8100220410821503e057080 00000d000200c013bac14c2f002a0820 6 17
#14 780 1094 21342
58 00001043f8110220410821403e057080 00000d000200c013bac1cc0f002a0820 6 19
#12 142 1252 21484
60 00001063f8110220410821403e047080 00000d000000c013bac1dc0f002a0820 7 19
#10 425 1418 21909
62 00001063f8110228410801403e047080 00000d000000c013ba41dc0f006a0820 8 20
64 00001063f811022c400801403e047080 00000d000000c013ba41cc0f006a0821 4 18
66 00001063fc11020c400801403e047080 00000d000000c0139a41cc0f006a0823 4 13
68 00001063fe11020c400801403e047000 00000d000000c0138a41cc0f006a0827 4 10000
70 00001063ff11020c400801403e007000 00000d00000080138a41cc0f006a082f 4 10000

