Randseed 68a51a54
#56 1000 1035 0
1 00ab0002aa000aa8002aa000aa8002aa 00002aa800aaa002aa800aaa002aa800 2 0
#54 128 1069 128
3 006b0002aa000aa8002aa000aa8002aa 00002aa800aaa002aa001aaa002aa800 3 -1
#52 546 1089 674
5 003b0002aa000aa8002aa000aa8002aa 00002aa800aaa002aa001aab000aa800 3 -1
#50 401 1117 1075
7 003e0002aa000aa8002aa000aa8002aa 00002aa800aaa002aa000aaf000aa800 3 -1
#48 354 1148 1429
9 003c0102aa000aa8002aa000aa8002aa 00002a6800aaa002aa000aaf000aa800 4 0
#46 3276 1056 4705
11 00380102aa040aa8002aa000aa8002aa 00001a6800aaa002aa000aaf000aa800 3 -1
#44 338 1088 5043
13 00180102aa040aa8102aa000aa8002aa 00000a6900aaa002aa000aaf000aa800 4 1
#42 2880 1003 7924
15 00080102aa040aa8102aa040aa8002aa 00000a2904aaa002aa000aaf000aa800 4 1
#40 1768 965 9692
17 00000102aa040aa8102aa040ae8002aa 00000a2904aaa002aa000aaf000b2800 4 1
#42 914 875 10606
19 00000102a8044aa8102aa040ae8002aa 00000a29046aa002aa000aaf000b2800 4 1
#40 2016 818 12622
21 00000104a8044aa8102aa040ae8002aa 00000a29046aa002aa400aae000b2800 4 3
#38 1173 800 13795
23 00000104a80442a9102aa040ae8002aa 00000a29042aa402aa400aae000b2800 4 3
#36 1137 781 14932
25 00000104a80442a8103aa040ae8002aa 00000a29042aa400aa400eae000b2800 4 2
#36 931 729 15863
27 00000104a80442a8103aa040ae0012aa 00000a29042aa400aa400eac010b2800 4 1
#32 723 775 16586
29 00000104a80442a8103aa040ae0002ae 00000a29042aa400aa400eb8010b2800 4 3
#30 753 777 17339
31 00000104a80442a8113a8040ae0002ae 00000a29042aa400aa404e98010b2800 4 5
#28 892 769 18231
33 00000104a80402a8113aa040ae0002ae 00000a29042aa410aa404e88010b2800 4 8
#26 765 769 18996
35 00000104a80402a0113aa044ae0002ae 00000a21052aa410aa404e88010b2800 4 10
#24 837 763 19833
37 00000104a80402a0103aa044ae8002ae 00000a21042ae410aa404e88010b2800 4 13
#22 605 778 20438
39 00000104b00402a0103aa044ae8002ae 00000a21042ac410aa404e88010b3800 4 14
#20 780 778 21218
41 00000104700402a0103aa044ae8002ae 00000a21043ac4102a404e88010b3800 4 12
#20 481 730 21699
43 00000102700402a0103aa044ae8002ae 00000a21043ac4102a404e88110a3800 4 14
#20 545 675 22244
45 00000100704402a0103aa044ae8002ae 00000a21043ac4100a444e88110a3800 4 14
#20 393 636 22637
47 0000010070040aa0103aa044ae8002ae 00000e210432c4100a444e88110a3800 4 14
#18 357 667 22995
49 00000100700402a1103aa044ae8002ae 00000c210432c4108a444e88110a3800 4 13
#16 534 683 23529
51 00000100700401a1103aa044ae8002ae 000008210432c410ca444e88110a3800 4 18
#14 260 744 23789
53 00000100700409a11032a044ae8002ae 000008210432c410ca044f88110a3800 4 18
#12 293 819 24082
55 00000100700409811432a044ae8002ae 000008210430c450ca044f88110a3800 4 18
#10 149 953 24231
57 00000100704409811422a044ae8002ae 000008210430c470c2044f88110a3800 5 16
#Clearing transposition table 1832264 
59 00000102704409811402a044ae8002ae 000008210430c430c2044f88110a7800 4 17
61 00001102704409801402a044ae8002ae 000008210430c430c2104f88110a7800 4 16
63 00801102704401801402a044ae8002ae 000008210430c430c2104f8851027800 4 10000
65 00c01102700401801402a044ae8002ae 000008210430c430c210478851037800 4 10000

