Randseed 68a59137
#58 1000 1000 0
0 00aa8002aa000aa8002aa000aa8002aa 00002aa800aaa002aa800aaa002aa800 2 1
#56 148 1027 218
2 006a8002aa000aa8002aa000aa8002aa 00002aa001aaa002aa800aaa002aa800 3 0
#54 592 1044 810
4 006a8002aa000aa8002aa000aa9000aa 00002aa001aaa002aa800aaa006aa000 3 0
#52 458 1066 1269
6 006a8002aa000aa8002aa000aa9000ac 00002aa000aaa006aa800aaa006aa000 3 0
#50 239 1099 1508
8 006a8002a8004aa8002aa000aa9000ac 00002aa000aaa006aa801aaa002aa000 4 1
#48 2721 1030 4266
10 006a8002a8004aa8002aa000aa90006c 00002aa000aa8006ab801aaa002aa000 4 1
#46 1734 999 6001
12 006a8002a8004aa8002aa000aa904068 00002aa000aa8002af801aaa002aa000 4 2
#44 2106 949 8107
14 006a8002a8004aa8002aa000ab104068 00002aa000aa8002bf801aa8002aa000 4 3
#42 1930 903 10037
16 006a8002a8004aa8002aa000ab114028 00002aa000aa8002ff800aa8002aa000 4 3
#44 1971 772 12008
18 006a8002a8004aa8002aa000af114020 00002aa000aa8003ff000aa8002aa000 4 3
#42 1797 723 13805
20 006a8002a8000ab8002aa000af114020 00002aa000aa8003ff000aa8002a2010 4 4
#40 2334 643 16139
22 006a8002a8000ab8002aa000bf110020 00002aa000aa8003ff000aa8002c2010 3 3
#38 259 663 16398
24 006a8002a8000ab8002aa000ff110000 00002aa000aa8003ff000aa9000c2010 3 3
#36 332 681 16730
26 006a8002b0000ab8002aa000ff110000 00002ac000aa8003ff000aa9000c2010 3 3
#34 348 701 17078
28 006a8002b0000ab8000aa400ff110000 00002b8000aa8003ff000aa9000c2010 3 3
#32 168 734 17246
30 006a8002b0000ab8000aa410ff100000 00002b8000ab0003ff000aa9000c2010 4 5
#30 884 724 18130
32 006a8002b0000ab8000ae010ff100000 00002b8000ab0003ff000aa5000c2010 4 5
#28 603 733 18733
34 006a8002a0040ab8000ae010ff100000 00002b8000ab0003ff000aa1008c2010 4 6
#26 572 745 19305
36 006a800280040af8000ae010ff100000 00002b8010aa0003ff000aa1008c2010 4 6
#24 1041 721 20346
38 002a840280040af8000ae010ff100000 00002b8050a80003ff000aa1008c2010 4 6
#22 740 714 21142
40 002a840280000bf8000ae010ff100000 00002b8040b80003ff000aa1008c2010 4 4
#22 302 686 21444
42 002a840180000bf8000ae010ff100000 0000338040b80003ff000aa1008c2010 4 5
#22 261 663 21705
44 002a8401800007f8000ae010ff100000 0000330040f80003ff000aa1008c2010 4 5
#20 231 706 21936
46 002a8401800003fc000ae010ff100000 0000330040f80003ff000aa1000c3010 5 4
#18 783 688 22803
48 002a8401800003fc000be010fe100000 0000330040f80003ff000ac1000c3010 5 4
#16 485 714 23288
50 002a8401800001fc008be010fe100000 0000130240f80003ff000ac1000c3010 5 4
#14 349 766 23637
52 003a8400800001fc008be010fe100000 0000130240f80003ff000b81000c3010 5 4
#12 465 816 24102
54 003a8400800001fc0087e010fe100000 0000130240f80003ff000f80000c3010 5 5
#10 202 939 24304
56 003a8400800001fc0083f010fe100000 0000130240f80003ff000f80000c6010 6 6
#8 434 1065 24738
58 003e8400000001fc0083f010fe100000 0000130240f80003ff000f80000cc010 6 6
60 003f8000000001fc0083f010fe100000 0000130240f80003ff000f800006c010 4 7
62 003f8000000200fc0083f010fe100000 0000130240f80003ff000f800003c010 4 10000
64 003f80001002007c0083f010fe100000 0000130240f80003ff000f8000078010 4 10000

