Randseed 68b26787
#56 1000 1035 0
1 00aa8002aa000aa8002aa000aa81028a 00002aa800aaa002aa800aaa002aa800 2 1
#54 145 1068 145
3 00aa0012aa000aa8002aa000aa81028a 00002aa800aaa002aa800aaa002ab000 3 -1
#54 940 1033 1085
5 00aa0012aa000aa8002a8004aa81028a 00002aa800aaa002aa800aaa002a7000 3 0
#52 322 1061 1407
7 002a1012aa000aa8002a8004aa81028a 00002aa800aaa002aa800aaa012a6000 4 2
#50 2521 1002 3929
9 002a1012aa000aa8002a8004aa91008a 00002aa800aaa002aa800aaa012c6000 4 2
#48 3073 916 7002
11 00281052aa000aa8002a8004aa91008a 00002a8804aaa002aa800aaa012c6000 3 0
#46 536 933 7538
13 00281052aa000aa8000a8404aa91008a 00002c8804aaa002aa800aaa012c6000 3 0
#46 394 916 7932
15 00281052aa000aa8000a8004ea91008a 00002c8800aae002aa800aaa012c6000 3 -1
#44 336 942 8268
17 00280053aa000aa8000a8004ea91008a 00000c8c00aae002aa800aaa012c6000 3 -1
#42 187 962 8792
19 00280053aa0006a8000a8004ea91008a 00000c8800eae002aa800aaa012c6000 4 0
#42 1745 856 11020
21 00200153aa0006a8000a8004ea91008a 00000c8800caf002aa800aaa012c6000 4 0
#40 1002 848 12022
23 00200153aa0006a8000a8004ec91008a 00000c0810caf002aa800aaa012c6000 4 0
#38 1421 818 13443
25 00200153aa0006a8000a8004f891008a 00000c0810caf002aa801aa8012c6000 4 -1
#38 1386 745 14829
27 00200153aa0006a8000a8004f891010a 00000c0810cad012aa801aa8012c6000 4 -1
#38 420 675 16165
29 00100153aa0006a8000a8004f891010a 00000c0810cad012ab800aa8012c6000 4 -1
#36 687 674 16852
31 00000353aa0006a8000a8004f891010a 00000c0810cad012ab800a98012c6000 4 -1
#28 746 814 17598
33 00000353aa0002a8400a8004f891010a 00000c0011cad012ab800a98012c6000 4 -2
#34 1304 594 18902
35 00000353aa0002a8400a8104f890010a 00000c0011cad012af000a98012c6000 4 -4
#32 1120 561 20022
37 00000351aa1002a8400a8104f890010a 00000c0011cad012af000c98012c6000 4 -5
#32 1050 495 21072
39 000003d1a21002a8400a8104f890010a 00000c0011cad012a7004c98012c6000 4 -5
#30 600 488 21675
41 000003f1a01002a8400a8104f890010a 00000c0011cad012a7004c9801266000 4 -6
#28 514 486 22189
43 000001f1a01402a8400a8104f890010a 00000c0011cad012a7004c9801236000 4 -6
#26 725 468 22914
45 000001f0a01402a8400e8104f890010a 00000c0011c2d112a7004c9801236000 4 -6
#26 541 387 23967
47 000001f0a01c02a8400e8104f090010a 00000c0011c2d012b7004c9801236000 4 -6
#24 413 385 24380
49 000001f0201c02e8400e8104f090010a 00000c0011c3d012b7004c8801236000 4 -6
#22 234 398 24614
51 000001f0201c02e8400f8104f080010a 00000c0001c3d012b7004c880123e000 4 -6
#20 150 423 24764
53 000001f0201c02e8400f81047088010a 00000c0001c3d012b7004c480123e000 4 -6
#18 185 450 24949
55 000001f0201c02e4400f81047088010a 00000c0001c1d012b7004c480923e000 4 -6
57 000001f0201c02e0408f81047088010a 00000c0001c0d012bf004c480923e000 4 -6
59 000001f0201c02e0400f91047088010a 00000c0003c0d012bf004c480921e000 4 -6
61 000001f0201c02e0400fa1047088010a 00000c0803c0d012be004c480921e000 4 -6
63 000001f0201c02e0400fa104708a000a 00004c0803c0d012be004c080921e000 4 -2
65 000001f0201c02e0400fa104708a0006 00000c0803c0d012be004c080921e020 4 -2
67 000001f0201c02e0400fa104708a1002 00000c0003c0d012be004c080921e060 4 -2
69 000001f0201c02e0410fa104708a1000 00000c0002c0d012be004c080921e0e0 4 -2
71 000001f0201c02e8410fa104708a0000 0000180002c0d012be004c080921e0e0 4 -2
73 000001f0201c02ec410fa104700a0000 0000180002c0d0133e004c080921e0e0 4 -2
75 000001f8201c02ec410fa10470080000 0000180002c0d0133e4048080921e0e0 4 -2
77 000001f8211c02ec410fa10460080000 0000180002c0d0131e4048080921e1e0 4 -10000
79 000001f8211c22ec410f210460080000 000018000280d0131e4048090921e1e0 4 -10000

