Randseed 68b32cb1
#58 1000 1000 0
0 00aa8002aa000aa8002aa000aa8002aa 00002aa800aaa002aa800aaa002aa800 2 1
#56 135 1030 135
2 00ab0002aa000aa8002aa000aa8002aa 00002aa800aaa002ab000aaa002aa800 3 0
#54 619 1046 754
4 006b0002aa000aa8002aa000aa8002aa 00001aa800aaa002ab000aaa002aa800 3 0
#52 313 1074 1067
6 006b0002aa000aa8002aa000aa8002ac 00001aa8006aa002ab000aaa002aa800 4 1
#50 2231 1028 3298
8 006b0001aa000aa8002aa000aa8002ac 00001aa8006aa002ab000aaa001aa800 4 2
#48 2209 978 5507
10 006a0041aa000aa8002aa000aa8002ac 00001aa8006aa002ab000aac001aa800 4 1
#46 6369 744 11876
12 006a0041a8004aa8002aa000aa8002ac 00001aa8006aa002ab000aac001ab000 3 -1
#44 454 757 12330
14 006a0041a8000ab8002aa000aa8002ac 00001aa8006aa002ab000aac011aa000 3 -1
#42 374 776 12704
16 006a0041a8000ab8002ac000aa8002ac 00001aa8006aa001ab000aac011aa000 3 -1
#40 203 804 12907
18 006a0041a8010ab0002ac000aa8002ac 00001aa8006ac001ab000aac011aa000 4 1
#40 2724 668 15631
20 006a0041a8010ab0002ac4002a8002ac 00001aa8002ac401ab000aac011aa000 3 -1
#38 467 679 16098
22 006a0041b8010aa0002ac4002a8002ac 00001aa8002ac400ab100aac011aa000 3 2
#38 123 672 16221
24 00680141b8010aa0002ac4002a8002ac 00001aa8002ac400ab1002ad011aa000 4 3
#36 2108 592 18329
26 00680141b8010aa0042a84002a8002ac 00001ca8002ac400ab1002ad011aa000 3 1
#36 440 568 18769
28 00680141b8010aa0042a84002a8042a8 000018aa002ac400ab1002ad011aa000 3 0
#34 524 571 19293
30 00600141b8010aa0042a84102a8042a8 000018b2002ac400ab1002ad011aa000 3 1
#40 268 456 19863
32 00600141b8010aa0042a84102a814288 000018b2002ac400ab1002ad8112a000 3 1
#38 215 469 20078
34 00600540b8010aa0042a84102a814288 000018b2002ac400ab1002ad85122000 3 0
#28 362 611 20440
36 00600440f8010aa0042a84102a814288 000018b2002ac4008b1402ad85122000 3 0
#26 56 654 20496
38 00600440f8010aa0042a84102a015288 000018b2002ac4008b1002ad95122000 4 3
#32 993 469 21489
40 00600440f8010ae0042a84102a015280 000018b2002ac400831102ad95122000 4 3
#32 222 455 21711
42 00600440f8010ae0042884502a015280 000018b2002ac400831302ad91122000 4 3
#30 508 452 22219
44 00600440f8010ae0042884502a015180 000018b2002ac4008317028d91122000 4 3
#30 305 431 22524
46 00200440f8110ae0042884502a015180 000010b2006ac4008317028d91122000 4 3
#26 278 476 22802
48 00200440f8110ae1042880502a015180 000010b2006ac4008317028cd1122000 4 3
#24 137 505 22939
50 00200440f81102e1042884502a015180 000010b2006cc4008317028cd1122000 5 2
#24 321 444 23669
52 00200440f81102e1042884500a055180 000010a2046cc4008317028cd1122000 5 2
#22 174 468 23843
54 00200440f81102e1042884500a0151c0 000010a2046cc4008317038cd1022000 5 2
#Clearing transposition table 1753856 
#20 315 479 24206
56 00200440f81102e1042884100a0151e0 000010a2046cc400a317038cd1002000 5 2
#18 173 513 24379
58 00200440f8110261442884100a0151e0 000010a2046cc500a317038cc1002000 5 2
#16 72 568 24451
60 00200440f811026044288c100a0151e0 00041022046cc500a317038cc1002000 6 3
#14 270 611 24721
62 00200440f811026044088c110a0151e0 00041022046cc500a3174388c1002000 6 3
#4 263 2008 24984
64 00200440f811026044088c110201d1e0 00041022046c8510a3174388c1002000 7 2
66 00200440f811026044008c110209d1e0 00021022046c8510a3174388c1002000 4 3
68 00000440f811026044008c110219d1e0 00031022046c8510a2174388c1002000 4 3
70 00000440f811026044008c110219c1e2 00031822046c8510a2164388c1002000 4 3
72 00000440f811026044008c110219c1e4 00071822046c8510a2164388c1000000 4 10000
74 00000440f811022044008c110219e1e4 000f1822046c8510a2164388c0000000 4 10000

