Randseed 68bfa9a8
#56 1000 1035 0
1 00aa8002aa000aa8002aa000aa8012a8 00002aa800aaa002aa800aaa002aa800 2 0
#54 125 1069 125
3 00aa8002aa000aa8002aa000ab8002a8 00002aa800aaa000aac00aaa002aa800 3 -1
#52 786 1080 911
5 00aa8002aa000aa8002aa004a98002a8 00002ca800aaa000aac00aaa002aa800 3 -1
#50 415 1105 1364
7 00aa8002aa000aa8002ae004a88002a8 00002cb000aaa000aac00aaa002aa800 3 -1
#48 313 1138 1677
9 00aa8002aa000aa8002be004a80002a8 00002ce000aaa000aac00aaa002aa800 4 0
#46 2538 1077 4215
11 00aa8002aa000aa8042be000a80002a8 00002ce000aaa000aa800aab002aa800 4 0
#44 1911 1037 6180
13 00aa8002aa000aa8042bc040a80002a8 000028e100aaa000aa800aab002aa800 4 0
#42 1488 1015 7669
15 00aa8002aa000a88042bc040b80002a8 000020e100eaa000aa800aab002aa800 4 1
#42 1252 956 8921
17 00aa8002aa000a88142bc040980002a8 000020e100eac000aa800aab002aa800 4 1
#40 1671 917 10641
19 00aa8002aa040a88142b8040980002a8 000020e100eac000aa800eab000aa800 4 1
#40 1032 866 11673
21 00aa8002aa040b88102b8040980002a8 000020e100eac000aa800eab000b2800 4 2
#40 1063 813 12736
23 00aa80028a040b88102f8040980002a8 000020e1006ac400aa800eab000b2800 4 3
#42 581 746 13317
25 00aa80028a140b88102f0040980002a8 000020e1006ac400aa900eaa000b2800 4 3
#40 364 762 13742
27 00aa84028a140b88102e0040980002a8 00002061046ac400aa900eaa000b2800 4 3
#38 467 778 14210
29 00ba84028a140b88102e0040880002a8 00001061046ac400aa900eaa000b2800 4 4
#36 710 782 14920
31 00fa84028a140b88102e0040800002a8 00001861046ac400aa9006aa000b2800 4 4
#34 823 779 15744
33 00fe84028a140b8810260040800002a8 00001861046ac410a89006aa000b2800 4 3
#32 575 792 16319
35 00ff84028a140b8810260000800002a8 00001861046ac410a890062a100b2800 4 3
#30 386 819 16705
37 00ff84128a140b8810220000800002a8 00001861046ac410a890062a100e2800 4 3
#28 283 858 16988
39 00ff84128a140b8810220000800002b0 00001861046bc400a890062a100e2800 5 2
#26 302 900 17290
41 00ff84128a140b8810220000800002e0 00001861046bc400a810162a100e2800 5 2
#24 307 950 17597
43 00ff84128a140b8810220000800003c0 00001861046bc400a810062e100e2800 6 3
#22 1485 901 19082
45 00ff84128a140b881022000080100380 000018614463c400a810062e100e2800 6 3
#20 1008 883 20169
47 00ff84528a140b881020000080100380 000018214463c440a810062e100e2800 6 3
#20 606 822 20775
49 00ff84528a140b891000000080100380 000018214463c440a810062e400e2800 6 4
#16 694 941 21469
51 01ff845288140b891000000080100380 000018014463c440a811062e400e2800 6 5
#12 316 1202 21785
53 01ffa45288140b890000000080100380 000018012463c440a811062e400e2800 7 5
#10 1574 1128 23359
55 01ffa44688140b890000000080100380 000018013063c440a811062e400e2800 7 6
#8 537 1276 23896
57 01ff244688940b890000000080100380 000018013063c440a811063c400e2800 7 6
#6 321 1594 24217
59 01fe244688941b890000000080100380 000018013063c440b8110638400e2800 8 10000
#4 1 2391 24218
61 01fe244680941b890020000080100380 000018013063c440f8110238400e2800 9 10000
#2 0 4782 24218
63 01fe244680941b890020040080100300 000008013063c440f8110238410e2800 10 10000

