Randseed 68c01a6c
#58 1000 1000 0
0 00aa8002aa000aa8002aa000aa8002aa 00002aa800aaa002aa800aaa002aa800 2 1
#56 133 1030 133
2 00aa8002aa000aa8002aa000aa8002ca 00002aa800aaa002aa800aaa002ab000 3 -1
#54 517 1050 650
4 00ab0002aa000aa8002aa000aa8002ca 00002aa800aaa002aa800aaa012aa000 3 -1
#52 478 1072 1128
6 00ab0002aa000aa8002aa000aa0012ca 00002aa800aaa002aa800aba012a8000 3 -1
#50 374 1098 1540
8 00ab0002aa000aa8002aa000aa0011ca 00002aa800aaa002aa810aba002a8000 3 -1
#48 199 1135 1740
10 00ab0002aa000aa8002aa000aa0410ca 00002aa800aaa002aa810af2002a8000 4 0
#46 4053 1008 5794
12 00b30002aa000aa8002aa000aa0410ca 00002aa800aaa002a2810af2042a8000 3 -1
#44 301 1041 6095
14 00b20042aa000aa8002aa000aa0410ca 00002aa800aaa002a2810ae2042b8000 4 2
#42 1310 1028 7405
16 00b20042aa000ab0002aa000aa0410ca 00002aa800aaa002a2850ae204298000 4 2
#40 958 1031 8363
18 00b00042aa010ab0002aa000aa0410ca 00002aa800aaa102a2850ae204288000 4 2
#38 981 1034 9344
20 00b00042ae010aa0002aa000aa0410ca 00002aa800baa102a2850ae204280000 4 2
#36 1204 1020 10632
22 00b00042ac010aa0042aa000aa0410ca 00002aa800bea102a2850ae200280000 4 2
#34 1362 1000 11994
24 00b00042b8010aa0042aa000aa0410ca 00002aa800bca102e2850ae200280000 4 2
#32 1048 997 13042
26 00b00042b8010aa0042aa0006a0410ca 00002aa800bca103e2840ae200280000 4 1
#30 1134 983 14248
28 00b00042b8010aa0042ac0006a0410ca 00002aa800b8a103e2c40ae200280000 4 3
#26 1189 1043 15437
30 00b00042f8010aa0042a80006a0410ca 00002aa800f8a103e2c40ac200280000 4 6
#24 719 1063 16241
32 00b00402f8010aa0042a80006a0410ca 00002aac00f8a103e2c40a8200280000 4 11
#22 525 1112 16766
34 00b00402f8010aa0042a80007a04108a 00000aac00f8a103e2c40e8200280000 4 12
#20 830 1140 17596
36 00a00403f8010aa0042a80007a04108a 00000aa800f8a103e2c40e8300280000 4 14
#24 511 907 18107
38 00201403f8010aa0042a80007a04108a 00000aa80078a103e2c40e8300380000 4 14
#22 367 956 18474
40 00201403f8010aa0042a80407a04100a 00000aa80078a103e2c41e8100380000 4 15
#20 304 1022 18778
42 00201403f8010aa0042a80407a045002 00000aa80078a103e3c40e8100380000 5 15
#18 912 1034 19690
44 00201403f8010aa0042a80403e045002 00000aa80078a113e3440e8100380000 5 16
#16 1322 998 21012
46 00201403f8010aa0042880503e045002 00000aa80078e113e2440e8100380000 5 17
#14 641 1049 21654
48 00201403f8010aa0042880503e047000 00000aa80178e113e0440e8100380000 5 17
#12 381 1160 22035
50 00201403f8050a20042880503e047000 00000ab80178e103e0440e8100380000 6 18
#10 217 1349 22252
52 00201403f8010a20042881503e047000 00000af801786103e0440e8100380000 7 16
#10 120 1325 22372
54 00201403f8010620042881503e047000 00000bf801782103e0440e8100380000 8 17
#8 224 1600 22597
56 00200403f8010620043881503e047000 000013f801782103e0440e8100380000 9 10000
#6 8 2131 22605
58 00200407f8010620043881503e046000 000011f801782107e0440e8100380000 10 10000
#4 2 3196 22607
60 00000407f8810620043881503e046000 008001f801782107e0440e8100380000 11 10000
#2 0 6393 22607
62 00000407f8810c20043881503e046000 004001f801782107e0440e8100380000 12 10000

