Randseed 68cbf21e
#56 1000 1035 0
1 00aa0012aa000aa8002aa000aa8002aa 00002aa800aaa002aa800aaa002aa800 2 0
#54 76 1045 772
3 00aa0012aa010a88002aa000aa8002aa 00002aa800aaa002aa800aab000aa800 3 -1
#52 467 1067 1239
5 00aa0012aa010a88002aa000aa80032a 00002aa800aaa002aa800aab000ab000 3 -1
#50 439 1092 1679
7 00aa0012aa010a88000aa400aa80032a 00002ac800aaa002aa800aab000ab000 3 0
#50 375 1077 2054
9 00aa0012aa010a880008a440aa80032a 00002ac800aaa002aa800aab4002b000 3 0
#48 345 1108 2399
11 00a20112aa010a880008a440aa80032a 00002ac800aaa002aac00aaa4002b000 4 3
#46 1908 1073 4307
13 00221112aa010a880008a440aa80032a 00002ac800aaa002aac00aaa5000b000 4 3
#44 1228 1066 5535
15 00221112aa010a880008a444aa00032a 00002ac800aa6002aac00aaa5000b000 4 4
#42 1018 1068 6553
17 00221112aa1108880008a444aa00032a 00002a8810aa6002aac00aaa5000b000 4 5
#40 952 1074 7505
19 00221112aa1108880000a544aa00032a 00002c8810aa6002aac00aaa5000b000 4 6
#38 787 1089 8292
21 00221102ae1108880000a544aa00032a 0000288910aa6002aac00aaa5000b000 4 6
#38 431 1067 8723
23 00221102ae1108800100a544aa00032a 0000288910aa6002aac00aaa5100a000 4 6
#36 254 1112 8977
25 00221102ae1108800100a544aa00032c 0000280910ae6002aac00aaa5100a000 5 5
#34 798 1130 9775
27 00221102ae1108800100a544aa004328 0000200910ee6002aac00aaa5100a000 5 5
#34 1003 1071 10778
29 00221102ae1108800100a544ae004320 0000200910ee6002aac04aaa51008000 5 4
#32 2956 954 13735
31 00221102ae1108800100a554ae000320 0000200910ee6002aac04aaa51010000 4 6
#34 524 867 14259
33 00221102ae1108800500a514ae000320 0000200910ee6003aac042aa51010000 4 6
#32 552 886 14811
35 00201142ae1108800500a514ae000320 0000200910ee6403aa8042aa51010000 4 6
#30 354 922 15165
37 00201102ae1108a00500a514ae000320 0000200900ee6443aa8042aa51010000 4 6
#28 317 965 15482
39 00001502ae1108a00500a514ae000320 0000200900ee65438a8042aa51010000 5 0
#26 1741 905 17223
41 00001d00ae1108a00500a514ae000320 0000200d00ee65418a8042aa51010000 5 1
#24 1199 881 18423
43 00001d00bc1108a00500a514ae000320 0000200d00ee25458a8042aa51010000 5 -1
#22 553 911 18976
45 00000d00fc1108a00500a514ae000320 0000200d00ee25458a8052a851010000 5 -4
#30 587 629 19563
47 00000c00fc1108a00500a514ae008320 0000200d00ee25558a8052a850010000 5 -3
#28 307 623 20274
49 00000c00fc1108a00500a414ae048320 0000200d00ee25558a8052a850020000 5 -2
#26 307 647 20581
51 00000c00fc1108a00500a414ae148220 0000200d00ee25558a8052e850000000 5 -1
#22 290 739 20871
53 00000c00fc1108a00500a414ae158200 0000200d00ee25558a8053e840000000 5 -1
#20 222 790 21094
55 00000c00fc1108a00500a4148e178200 0000200d01ee25558a8043e840000000 6 0
#20 300 760 21394
57 00000c00fc1108201500a4148e178200 0000200d01ee25558a8143e800000000 6 0
#18 222 820 21616
59 00000c00fc1108201500a4148e1f8000 0000200d01ee255d8a0143e800000000 7 -2
#20 487 689 22103
61 00000c00fc1108202500a4148e1f8000 0000200c01ee275d8a0143e800000000 7 -2
#18 598 699 22701
63 00000c00fc1108202400a4148e9f8000 0000300c01ee275d8a0141e800000000 7 -2
#16 604 711 23305
65 00000c00f81108202400a41c8e9f8000 0000301c01ee275d8a0141e000000000 7 -2
#14 446 660 24378
67 00000c00f81108204400a41c8e9f8000 0000303c01ee275d8a0101e000000000 7 -2
#12 275 724 24653
69 00000c00f81108204400a61c8e9f0000 0080303c01ee275d8a0100e000000000 7 -1
#10 106 848 24759
71 00000c00f80108204400a71c8e9f0000 00c0303c01ee275d8a01006000000000 8 0
#8 53 1047 24812
73 00000400f80108204408a71c8e9f0000 00e0303c01ee275d8a01002000000000 9 -10000
#2 9 4179 24821
75 00000000f80108204428a71c8e9f0000 00f0303c01ee275c8a01002000000000 10 -10000
#2 0 4179 24821
77 00000000780108214428a71c8e9f0000 00f0323c01ee275c8a01000000000000 11 -10000

