Randseed 68ccb459
#58 1000 1000 0
0 00aa8002aa000aa8002aa000aa8002aa 00002aa800aaa002aa800aaa002aa800 2 1
#56 129 1031 129
2 00aa8002aa000aa8002aa000aa8002ca 00002ab000aaa002aa800aaa002aa800 3 -1
#54 941 1034 1070
4 00aa8002aa000aa8002aa000aa8001ca 00002ab000aaa002aa800caa002aa800 3 0
#52 507 1054 1577
6 00aa8002aa000aa8002aa000aa8400ca 000032b000aaa002aa800caa002aa800 3 0
#50 543 1075 2120
8 00aa8002aa000aa8002aa000ba84008a 000032b000aaa002aa800caa002ab000 3 0
#48 391 1103 2511
10 00aa8002aa000aa8002aa000be84000a 000032b000aaa002aa800cca002ab000 3 1
#48 319 1090 2830
12 00aa8002aa000aa8002aa000be844002 000032b000aaa002aa800cca0029b000 4 4
#46 2134 1045 4964
14 00aa8002aa000aa8002aa000be844004 000032b000aaa002aa840c8a0029b000 4 4
#44 1965 1003 6929
16 00aa8000aa400aa8002aa000be844004 000032b0008aa402aa840c8a0029b000 4 5
#42 1851 962 8780
18 00aa8000aa000aa9002aa000be844004 000032b0008aa402aa840c8a0129a000 4 4
#42 782 925 9562
20 00aa8000a8004aa9002aa000be844004 000032b0008aa402aa840c8c0129a000 4 4
#40 547 944 10109
22 00aa8000a8004aa90028a040be844004 000032b0008aa402ab040c8c0129a000 4 4
#38 678 958 10787
24 00aa8000a8004aa90028c040be844004 000032b00086a402ab040c8c0129a000 4 5
#36 439 987 11226
26 00aa8000a8004aa90028c040be045004 000031b00086a402ab040c8c0129a000 4 4
#34 883 993 12109
28 00aa8000a80048a94028c040be045004 000031b00086a402ab040c8c0131a000 4 6
#32 717 1010 12826
30 00aa8000a80048694028c040be045004 000030f00086a402ab040c8c0131a000 4 5
#30 1633 912 15319
32 00aa8000a80048694028c100be045004 000030f00006b402ab040c8c0131a000 4 7
#30 680 866 15999
34 00aa8000a800486944288100be045004 000030f00006b412aa040c8c0131a000 4 6
#28 944 861 16943
36 00aa80006800486944288100be045004 000030f00006b412aa044c880131a000 4 4
#30 578 765 17521
38 00aa80006800486904388100be045004 000030700406b412aa044c880131a000 4 6
#28 409 790 17930
40 00aa80006801482904388100be045004 000030700406b412ea044c080131a000 4 8
#26 254 832 18184
42 00aa800068014829043881007e045004 000030600606b412ea044c080131a000 5 5
#24 581 852 18765
44 00aa800038014829043881007e045004 000030600606b412ea044c0801332000 5 6
#22 457 888 19222
46 00aa800038014829043881103e045004 000020640606b412ea044c0801332000 5 6
#20 310 946 19532
48 00aa800038010829053881103e045004 000000640686b412ea044c0801332000 6 6
#22 2744 611 22276
50 00a2810038010829053881103e045004 000000640686b412fa004c0801332000 5 5
#20 475 624 22751
52 0062810038010829053881103e045004 000000640684b492fa004c0801332000 5 7
#16 310 742 23061
54 0032810038010829053881103e045004 000000640684d492fa004c0801332000 5 7
#14 122 831 23183
56 00328100380108210538a1103e045004 000000640684d492fa00480901332000 6 8
#10 480 1067 23663
58 00328100380100210538a1103e04500c 000000640680dc92fa00480901332000 6 8
#8 235 1275 23898
60 00328100380100200538a1103e04500e 000000640680dc92f240480901332000 7 7
#6 164 1645 24063
62 00328100380100200438a1143e04500e 000000600680dc92f240480901332200 8 6
#10 305 926 24368
64 00328000380100200438a1143e84500e 000000e00680dc92f240480901330200 9 -1
#10 429 840 24797
66 00318000380100200438a1143e84500e 000000e00680dc92f240480901320240 9 -10000
#8 170 1008 24967
68 00318000780100200438a1143e80500e 000000e00680dc92f2404809013002c0 10 -10000
#2 0 4033 24967
70 0031820078010020043881143e80500e 000000e00680dc92f240480901300380 11 -10000

