Randseed 68d7c0f9
#56 1000 1035 0
1 00aa8002aa000aa8002aa000aa8002ac 00002aa800aaa002aa800aaa002aa800 2 0
#54 71 1071 72
3 00aa8002aa000aa8002aa000aa8002b8 00002aa800aaa002aa801aa8002aa800 3 -1
#52 682 1086 754
5 00aa8002aa000aa8002aa000aa804298 00002aa800aaa002aa801aa8002ab000 3 -1
#50 620 1105 1374
7 00aa8002aa000aa8002aa000ae804288 00002aa800aaa002aa801aa8012aa000 3 -1
#48 553 1128 1927
9 00aa8002aa000aa8002aa010ae804280 00002aa800aaa002ab800aa8012aa000 3 0
#48 510 1106 2437
11 00aa8002aa000aa8002aa010ae804300 00002aa800aaa002ab004aa8012aa000 3 1
#46 510 1132 2947
13 00aa8002aa000aa8042aa010a6804300 00002ab000aaa002ab004aa8012aa000 3 1
#46 339 1118 3286
15 00aa8002aa000ab8042aa010a2804300 00002ab000aaa002ab004aa8011aa000 4 3
#44 1226 1113 4512
17 00a88042aa000ab8042aa010a2804300 00002ab000aaa002ab004aa8011ca000 4 5
#46 871 1026 5383
19 00a88042aa010ab0042aa010a2804300 00002ab000aaa002ab004b28011ca000 4 5
#46 832 990 6215
21 00a88042aa010ab00429a010a2804300 00002ab000aaa002ab004728011ca000 4 5
#44 592 1008 6807
23 00a88042aa010ab00429a010a2804180 00002ab000aaa002ab0047284118a000 4 6
#42 628 1026 7435
25 00a88042aa010ab00429a010a2844080 00002ab000aaa001ab0047284118a000 4 7
#40 507 1052 7943
27 00a08142aa010ab00429a010a2844080 00002aa004aaa001ab0047284118a000 4 7
#36 318 1152 8261
29 00a08142aa010ae00429a010a2844080 00002aa004aac001ab0047284118a000 5 5
#34 1883 1109 10144
31 00a08142aa010ae00429a010b2844000 00002aa004aac001ab1047284108a000 5 5
#34 3494 903 13638
33 00a08142aa4102e00429a010b2844000 00001aa004aac001ab1047284108a000 4 8
#36 553 822 14191
35 00a08142ba4102600429a010b2844000 00001ca004aac001ab1047284108a000 4 9
#34 304 853 14495
37 00a08142ba4102600429a010ba804000 00041c2004aac001ab1047284108a000 4 10
#34 273 837 14768
39 00a08142ba4102604421a010ba804000 00041c2004aac001ab1047084508a000 5 9
#32 648 849 15416
41 00a08142fa4102204421a010ba804000 00021c2004aac001ab1047084508a000 5 10
#32 783 800 16200
43 00a08102fa5102204421a010ba804000 0002182104aac001ab1047084508a000 5 10
#30 587 814 16787
45 00a08402fa5102204421a010ba804000 0002182104aa8011ab1047084508a000 5 10
#26 319 914 17106
47 00e08402fa5102204420a010ba804000 0002182104a88051ab1047084508a000 5 10
#28 310 827 17416
49 00608402fa5106204420a010ba804000 0002182104289051ab1047084508a000 5 10
#28 218 811 17635
51 00208402fa5106204420a030ba804000 0002182104289851ab1046084508a000 6 12
#26 949 801 18584
53 00008402fa5106204420a070ba804000 0002182104209951ab1046084508a000 6 13
#28 495 708 19079
55 00008402fa5106204420a0709a804008 0002182104209951ab1046084109a000 6 13
#26 382 733 19461
57 00008402fa5106204420a0708a80400c 0002182104209951ab104608410b2000 6 13
#24 247 774 19708
59 00008402fa5106204420a0708280400e 0002186104209951ab104608410b0000 7 12
#22 361 811 20069
61 00008402fa5106204420a0308280500e 0002186104209951ab104608410e0000 7 12
#20 247 868 20316
63 00008402fa5106204420a0148280500e 0006186104209951ab104608400e0000 8 13
#18 542 904 20859
65 00008002fa5106204420b0148280500e 0006186104209911bb104608400e0000 8 18
#16 1950 773 22809
67 00008002fa51062004a0b0148280500e 0006186104209911bb184608400c0000 8 18
69 00008002fa51062004a0b0150280500e 0006186104209911bb1c460840080000 4 15
71 00008002fa51062004a0b8140280500e 0006186104a09811bb1c460840080000 4 16
73 00008002fa51062004e0b0140280500e 000618e104a09811bb1c460040080000 4 21
75 00008002fa51062005e0a0140280500e 000619e104a09811ba1c460040080000 4 20
77 00008002fa5106280560a0140280500e 00060de104a09811ba1c460040080000 4 10
79 00008002fa5142280560a0140280500e 00040fe104a09811ba1c460040080000 4 10000

