Randseed 68d86444
#58 1000 1000 0
0 00aa8002aa000aa8002aa000aa8002aa 00002aa800aaa002aa800aaa002aa800 2 1
#56 142 1021 390
2 00aa8002aa000aa8002aa000aa8002ac 00002aa800aaa002aa800aaa002ab000 3 0
#54 695 1033 1085
4 00aa0012aa000aa8002aa000aa8002ac 00002aa800aaa002aa800aaa002ae000 3 0
#52 397 1058 1482
6 00aa0012aa000aa8002aa000aa8001ac 00002aa800aaa002aa800aaa012a6000 3 0
#50 418 1084 1900
8 00aa0012aa000aa8002aa004aa0001ac 00002aa800aaa002aa800aba012a2000 3 0
#48 332 1115 2232
10 00a80052aa000aa8002aa004aa0001ac 00002aa800aaa002aa804aba012a0000 4 1
#46 2796 1042 5028
12 00a80052aa000aa8002aa004aa0400ac 00002aa800aaa002ab804a9a012a0000 4 1
#48 2534 893 7562
14 00a80052aa000aa8002aa004ba04002c 00002aa800aaa012ab804a8a012a0000 4 1
#48 2556 786 10118
16 00a80042ae000aa8002aa004ba04002c 00002aa800aae012ab004a8a012a0000 3 -1
#48 351 772 10469
18 00a80042ae000aa8002aa004b804402c 00002aa800aae012ab004a8a41220000 3 0
#46 275 793 10744
20 00a00142ae000aa8002aa004b804402c 00002aa800aae012ab004a8841620000 3 1
#46 316 780 11060
22 00a00142ae000aa8002a8004b884402c 00002aa800aae012ab004a8841220800 3 1
#46 385 763 11445
24 00a00142ae000aa8002a8004b885400c 00002aa800aae012ab00468841220800 3 1
#48 323 718 11768
26 00a00142ae000aa8002a8000b885500c 00002aa800aae012ab00468841120800 3 1
#46 316 735 12084
28 00a00142ac010aa8002a8000b885500c 00002ca800aae012ab00468841120800 3 1
#44 105 764 12189
30 00a00142b8010aa8002a8000b885500c 00002ca800aae012ab00468841520000 4 4
#42 1311 738 13500
32 00a00142b8050a88002a8000b885500c 00002ca800aae012ab00468841500040 4 5
#40 1348 707 14848
34 00a00142b8040a88102a8000b885500c 00002ca800aae012ab00468841500080 4 6
#40 1045 655 15893
36 00201142b8040a88102a8000b885500c 00002ca800aae012ab00468841500100 4 7
#38 1312 620 17205
38 00201142b8040a88102a8100b881500c 00002ca800aae012ab00468841500200 4 9
#36 1046 597 18251
40 00101142b8040a88102a8100b881500c 00002ca800aae012ab00468841580000 4 9
#36 1799 497 20050
42 00101142b8040a88102e8100b880500c 00002ca800aae0122b10468841580000 3 8
#42 148 419 20198
44 00101142b8040a88102e8100b8807008 00002ca800aae0122b004e8841580000 3 9
#42 119 413 20317
46 00101142b8440288102e8100b8807008 000028a900aae0122b004e8841580000 4 11
#40 733 397 21050
48 00101142b8440288101e8100b8807008 000028a900aae0122b004e8a41180000 4 12
#28 750 514 21800
50 00101142b8440288101e8100ba807000 000028a900aae0122b004e8e40180000 4 12
#26 1291 454 23091
52 00101142b8440288101e8110ba007000 000028a900aae0122e004e8e40180000 4 13
#34 1152 279 24243
54 00101142b8440388100e8110ba007000 000028a900aac0522e004e8e40180000 3 12
#34 67 275 24311
56 0010114238540388100e8110ba007000 000028a904aa80522e004e8e40180000 4 13
#32 147 283 24458
58 0008114238540388100e8110ba007000 000028a904aa80522e004e4e40180000 4 12
#30 64 298 24522
60 0008114238440388100f8110ba007000 000028a904aa80522e004e2e40180000 5 10
#28 76 314 24598
62 0008114238440788100f8110b2007000 000028a904aa80522e004e4e40180000 6 13
#26 335 312 24933
64 0008114238440f88100f8110a2007000 000028a904aa80522e004e8e40180000 6 15
66 0008114238440f88100f811122007000 000028a904aa80522e404e8e40080000 4 16
68 000a114238440f88100f811122006000 000028b904aa80522e404e8c40080000 4 15
70 0002114238440f88100f811122046000 000028b904a880522e404e8c40880000 4 14
72 0000114238440f88100f811122046080 000128b904a880522e404e8c40080000 4 15
74 0000114238440f80110f811122046080 000328b904a880122e404e8c40080000 4 16
76 0000114238440f80108f811122046080 000728b904a880122e404e8840080000 4 17
78 0000114238440f80110f811122046080 000f28b904a8801226404e8840080000 4 18
80 0000110238440f80110f811123046080 001f28b904a8801226404e8040080000 4 20
82 0000110238440f80110f811123842080 001f28b904a8801226404e4040080000 4 20
84 0000110230440f80110f811523842080 001f28b904a8801226404e2040080000 4 20
86 0000110230440f80110f8114a3842080 001f28b904a8801226404e0044080000 4 20
88 0000110230440f80110f811423942080 001f28b904a8801226404e0040088000 4 20
90 0000110220440f80110fa11423942080 001f28b904a8801226404e0040084000 4 10000
92 0000010220440f80110fa11423942180 001f28b904a8801226404e0040080008 4 10000

