Randseed 68e542f3
#56 1000 1035 0
1 00aa8002aa000a68002aa000aa8002aa 00002aa800aaa002aa800aaa002aa800 2 0
#54 87 1070 87
3 00aa8002aa004a60002aa000aa8002aa 00002aa800aaa002aa001aaa002aa800 3 -1
#52 577 1089 664
5 00aa0012aa004a60002aa000aa8002aa 00002aa800a9a002aa001aaa002aa800 3 -2
#50 418 1116 1082
7 00a80052aa004a60002aa000aa8002aa 00000aac00a9a002aa001aaa002aa800 3 -3
#50 608 1032 3186
9 00a801528a004a60002aa000aa8002aa 00000aac04a8a002aa001aaa002aa800 3 -3
#50 347 995 4123
11 00a801528a004a60002ac000aa8002aa 00000aac04a8a002a6001aaa002aa800 3 -3
#46 264 1070 4387
13 00a801528a004a600029c000aa8002aa 00000aa804a8b002a6001aaa002aa800 4 -1
#44 933 1076 5320
15 00a801528a004a600029c000a68002aa 000008a844a8b002a6001aaa002aa800 4 -1
#42 1003 1079 6323
17 00a801528a004a600029c010a28002aa 000008a844e8b000a6001aaa002aa800 4 -1
#42 701 1046 7024
19 00a801530a004a600029c010a28002aa 000008a844f8a000a6001aaa002aa800 4 -1
#42 918 1002 7942
21 00a801530a004a600029c010a29000aa 000008a844f8a000a6001aaa002ca800 4 -1
#40 618 1022 8560
23 00a801530a0046600029c010a29000aa 000008a844f8a000a60016aa002ca800 4 -1
#38 302 1059 8862
25 00a801530a0046600019c010a29000aa 000004a844f8a000a60016aa002ca800 5 -3
#36 1490 1036 10352
27 00a801530a0046600009c110a29000aa 000004a844f8a000a60016aa4028a800 5 -3
#36 1231 967 11583
29 00a801530a0046600008c110a29040aa 000004a844f8a000a60016a24128a800 5 -2
#34 920 970 12503
31 00a801530a00466000088110a39040aa 000004a844f8a000a60016a24028b800 5 -2
#34 788 924 13291
33 00a801530a00466040088110839040aa 000004a844f8a000a60016a240689800 5 -1
#32 1085 914 14376
35 00a801530a00476040088010839040aa 000004a844f8a000a68016a240688800 5 -1
#34 720 817 15096
37 00a801530a0047c040088010839040aa 000004a844f8a000868416a240688800 5 -1
#32 1802 756 16898
39 00a801530a0247c040008010839040aa 000004a8c478a000868416a240688800 5 -2
#28 1097 755 18421
41 00a801531a0247c000008010839040aa 000004a8c478a000868017a240688800 5 -3
#28 934 688 19355
43 00a801531a0247c000008010839050a2 000004a8c478a010828017a240688800 5 -3
#26 460 706 19815
45 00a801531a0247c004008010839050a0 000004a8c478a010828017e240608800 5 -3
#24 686 708 20501
47 00a801d3120247c004008010839050a0 00040428c478a010828017e240608800 5 -3
#22 438 732 20939
49 00a801d3120247e004008010839040a0 00040428c478a010829017e200608800 5 -3
#22 285 706 21224
51 00a801d3120247e004008010039042a0 00020428c478a010829017e200608800 5 -3
#20 352 742 21576
53 00a811d2120247e004008010039042a0 00020420c578a010829017e200608800 5 -3
#18 239 798 21815
55 00b811d2120247e004008010031042a0 00020020c578a810829017e200608800 6 -2
#16 906 784 22721
57 00b811d2120247e004008010030043a0 00020020c478a814829017e200608800 6 -1
#16 485 724 23206
59 00b811d2120247e004008010030043c0 00010020c478a814829017e200608800 6 0
#14 395 735 23851
61 00b811d2120247e004008010030041e0 00010020c478a814829017e200508800 6 2
#12 350 799 24201
63 00b811c2120247e804008010030041e0 00010020c478a814829017e280408800 6 4
#10 193 921 24394
65 00b811c2100247e805008010030041e0 00010020c478a814829017e204408800 7 4
#4 305 2150 24699
67 00b811c2100247e805008010030040f0 00010020c478a815829013e204408800 8 10000
#4 77 2112 24776
69 00f811c2100247e805008010030000f0 00010020c478a815829033e204408000 9 10000
#4 30 2097 24806
71 00f811c2100247e80500801003000078 000100208478a815829033e20440c000 10 10000
#6 19 1391 24825
73 00f811c2100243e80500801003800078 000100200478a815829033e20440e000 11 10000
#4 10 2082 24835
75 00f811c2100243e80500801003820070 000100200470a815829033e20440f000 12 10000
#2 0 4165 24835
77 00f811c2100243e80500801003860060 000100200460a815829033e20440f800 13 10000

