Randseed 68e5f086
#58 1000 1000 0
0 00aa8002aa000aa8002aa000aa8002aa 00002aa800aaa002aa800aaa002aa800 2 1
#56 146 991 1244
2 00aa8002aa000aa8002aa000aa8001aa 00002aa800aaa1028a800aaa002aa800 3 0
#54 517 1008 1761
4 00aa0012aa000aa8002aa000aa8001aa 00002aa001aaa1028a800aaa002aa800 3 0
#52 569 1025 2330
6 00ac0012aa000aa8002aa000aa8001aa 00002aa001aaa1028a800aaa002ab000 3 0
#50 317 1054 2647
8 00ac0012aa000aa8002aa000aa8400aa 00002aa001aaa1028a800aca002ab000 4 2
#48 2393 998 5040
10 00ac0002ae000aa8002aa000aa8400aa 00002ac001aaa1028a800aca002ab000 4 3
#46 2552 846 9529
12 00ac0002ae000aa80022a100aa8400aa 00002ac001aaa5020a800aca002ab000 3 1
#44 221 874 9751
14 00ac0002ae000aa80022a100ba84002a 00002ac001aaa5020a800aca0029b000 4 4
#42 1102 864 10853
16 00ac0002bc000aa80022a100ba84002a 00002b8001aaa5020a800aca0029b000 4 4
#40 851 864 11704
18 00ac0002f8000aa80022a100ba84002a 00000b8401aaa5020a800aca0029b000 4 5
#38 946 860 12650
20 00ac0402f0000aa80022a100ba84002a 00000b8401ab25020a800aca0029b000 4 5
#36 2504 769 15154
22 00ac0402e0100aa80022a100ba84002a 00000b8401ab25020a840a8a0029b000 3 3
#34 194 803 15348
24 00ac0402e0100aa80022a100bb04002a 00000b8401ab25020a840a8a4021b000 4 6
#32 1082 744 17081
26 00ac0402e0100aa80022a100ba04402a 00000b8401ab25020a840a8b4001b000 4 7
#32 1427 655 18508
28 00ac0403e01008a80022a100ba04402a 00000b8401ae25020a840a8b4001b000 4 7
#32 1027 591 19535
30 002c1403e01008a80022a100ba04402a 00000b8401ae25020a840e8a4001b000 4 7
#30 850 574 20385
32 002c1403e04008a80022a100ba04402a 00000b8401ae25020a840e8a4400b000 4 7
#28 1080 538 21465
34 002c1403e04008a80022c100ba04402a 00000b8401ae25020a840eaa44003000 4 9
#26 540 538 22005
36 00381403e04008a80022c100ba04402a 00000b8401ae25020a850eaa40003000 4 11
#24 554 536 22559
38 00301403e04008a90022c100ba04402a 00000b8401ae24420a850eaa40003000 4 11
#26 446 427 23445
40 00201403e04008a90032c100ba04402a 00000b8401a624420a850eba40003000 4 10
#26 500 388 23945
42 00201403e04008a90032c100ba05400a 0000098411a624420a850eba40003000 4 9
#28 678 312 24623
44 00201403e04008a904328100ba05400a 0000098411a624420a810efa40003000 4 10
#28 280 292 24903
46 00201403e04008a9043a8100ba04400a 0000098411a624420a810e7e40003000 4 10
48 00201403e04008b9043a0100ba04400a 0000098411b620420a810e7e40003000 4 10
50 00201403e04108b9003a0100ba04400a 0000088411be20420a810e7e40003000 4 10
52 00201403e0410839103a0100ba04400a 00000884119e20420a810e7e41003000 4 10
54 00201403e0410839103a01003a14400a 00000884119e20420e810e7c41003000 4 10
56 00201403c0410839103a01003a1c400a 00000884119e20420ec10e7c01003000 4 10
58 0020140380410839103e01003a1c400a 00000884119e20420fc10e7c01002000 4 10
60 0020140380410839103e01003a1c400c 00000884119e20460fc10e3c01002000 4 10
62 0020140380410839003e01003e1c400c 00400084119e20460fc10e3c01002000 4 10
64 0030040380410839003e01003e1c400c 00800084119e20460fc10e3c01002000 4 10
66 0038040380410839003e01003e1c4008 00800084119e30460fc10c3c01002000 4 10
68 003c040380410839003e01003e1c4000 01000084119e30460fc10c3c01002000 4 10
70 003e040380410839003e01003e1c0000 01002084119e30460fc1083c01002000 4 10000
72 003e044380410839003e01003e0c0000 01002004119e30460fc1083c01002004 4 10000

