Randseed 68f273a5
#56 1000 1035 0
1 00aa8002aa000aa80032a000aa8002aa 00002aa800aaa002aa800aaa002aa800 2 0
#54 76 1017 1529
3 00aa8042a2000aa80032a000aa8002aa 00002aa001aaa002aa800aaa002aa800 3 -1
#52 390 1041 1920
5 00b28042a2000aa80032a000aa8002aa 00002aa001aaa002aa800aaa002ab000 3 0
#52 222 1033 2142
7 00b28042a2040a280032a000aa8002aa 00002aa001aaa0032a800aaa002ab000 4 3
#50 1654 1008 3796
9 00b28042a2040a280032a000aa81028a 00002aa000aae0032a800aaa002ab000 4 3
#48 1402 991 5198
11 00a28442a2040a280032a000aa81028a 00002aa000aae0032a8006aa002ab000 4 4
#46 889 996 6087
13 00229442a2040a280032a000aa81028a 000028a040aae0032a8006aa002ab000 4 4
#48 725 924 6812
15 00029443a2040a280032a000aa81028a 000028a040aae0032a8006aa002a7000 4 3
#46 747 932 7560
17 00039403a2040a280032a000aa81028a 000028a040aae0032a8006aa10287000 4 5
#44 566 948 8126
19 00039403a2040a280031a000aa81028a 000028a040aac0132a8006aa10287000 4 6
#42 504 970 8630
21 00039403a2040a280430a000aa81028a 000028a040aac0132b0006aa10287000 4 7
#40 490 994 9120
23 00039403a2040a080430e000aa81028a 000028a040aac0132b0006ac10287000 4 7
#40 295 926 10462
25 00039403a2040a080430e000ab01028a 000028a040aac0132b00069c10287000 5 5
#38 542 894 12013
27 00039403a2040a080430e000ab01018a 000028a040aac0132b00069c10187000 5 6
#36 473 917 12486
29 00039403a2040a080030f000ab01018a 000028a040aac0132b00069c50087000 5 5
#34 960 914 13446
31 00039403a2040c080030f000ab01018a 000028a040aac0132b00079c50007000 5 5
#32 1617 871 15064
33 00019413a2040c080030f000ab01018a 000028a040aac0132b00079c50803000 5 5
#30 1805 808 16870
35 00009413a6040c080030f000ab01018a 000028a040aac0132b04079c40803000 5 6
#28 1193 781 18063
37 00001413ae040c080030f000ab01018a 000028c040aac0132b04079c40803000 5 8
#26 1042 761 19105
39 00001513ae000c080030f000ab01018a 0000288050aac0132b04079c40803000 5 7
#24 1032 738 20137
41 00001513ae000c080030f000af00018a 0000288010aec0132b04079c40803000 5 7
#24 858 667 20995
43 00001113ae400c080030f000af00018a 0000288010aec0132b0407bc40801000 5 7
#22 832 652 21827
45 00001113ae400c080030f000af00018c 0000288010aec013270407bc40801000 5 8
#22 429 613 22256
47 00001113ae400c080030f000be00018c 0000288010aec013070407fc40801000 5 8
#20 137 660 22393
49 00001113ae400c088010f000be00018c 0000288010aec01307040ffc40800000 6 9
#18 610 666 23003
51 00001113a7400c088010f000be00018c 0000288010afc01303040ffc40800000 6 10
#16 543 681 23546
53 00001113a7400c088010f000be004188 0000288010bf801303040ffc40800000 6 10
#14 650 686 24196
55 00001113a7400c088010f000be044088 00002880109f811303040ffc40800000 6 10
#12 472 722 24668
57 00001113a7400c088010f0003e144088 00002880108f811323040ffc40800000 6 10
#10 256 815 24924
59 00001113a7400c08809070003e144088 00002880108f811323240ffc00800000 7 9
61 00001113a7404c00809070003e144088 00002880108f911322240ffc00800000 4 11
63 00001113a7404c00811070003e144088 00002884108f911320240ffc00800000 4 11
65 00001113a7404c08811030003e144088 00002884508f910320240ffc00800000 4 11
67 00009113a6404c08811030003e144088 00002a84508f9103202407fc00800000 4 10000

