Randseed 68f3563a
#58 1000 1000 0
0 00aa8002aa000aa8002aa000aa8002aa 00002aa800aaa002aa800aaa002aa800 2 1
#56 142 975 1688
2 00aa8002aa000aa8002aa000aa80029a 00002aa800aaa002a8804aaa002aa800 3 0
#54 705 985 2393
4 00aa8002aa000aa8000aa400aa80029a 00002aa810a8a002a8804aaa002aa800 3 0
#52 530 1002 2923
6 002a9002aa000aa8000aa400aa80029a 00002aa810a86002a8804aaa002aa800 3 0
#50 369 1028 3292
8 002a8003aa000aa8000aa400aa80029a 00002aa810a86002a8804aaa0032a800 3 0
#48 320 1057 3612
10 002a8003aa000aa8000aa000ea80029a 00002aa810886402a8804aaa0032a800 4 2
#46 1496 1038 5108
12 002a8003aa000aa8000aa000ea80428a 00002ab010886402a8804aaa0032a800 4 3
#44 1531 1016 6640
14 002a8003aa000aa8000aa0007a80428a 00002ab010886402a8804aaa0072a000 4 4
#42 982 1018 7622
16 002a8003aa000aa8000aa0007b804282 00002ab010886402a8804a6a0072a000 4 5
#40 778 1030 8400
18 002a8003aa000aa8000aa0007b805280 000026b010886402a8804a6a0072a000 4 6
#38 673 1048 9073
20 002a8003aa000aa8000aa0003f805280 000026b010886402a8800a7a0072a000 4 7
#36 591 1074 9664
22 002a8003aa000aa8000a80043f805280 000026b010882406a8800a7a0072a000 4 8
#34 834 1088 10498
24 002a8043a2000aa8000a80043f805280 000026b010882406b0800a7a0072a000 4 8
#32 492 1125 10990
26 001a8043a2000aa8000a80043f805280 000026b010882406b0800a7b0062a000 4 9
#30 196 1187 11186
28 000a8143a2000aa8000a80043f805280 000022b050882406b0800a7b0062a000 5 7
#30 2318 1033 13504
30 000a8141a2100aa8000a80043f805280 000022b050882406b0800e7b0042a000 5 8
#28 871 1044 14375
32 000a8140a2100aa8400a80043f805280 000022b050883404b0800e7b0042a000 5 8
#26 1628 999 16003
34 000a8140a2100aa8400a81003f805280 000022b450882404b0800e7b0042a000 5 8
#24 2413 882 18416
36 000a8140a25002a8400a81003f805280 000022b450882404b0801e7b0002a000 5 10
#22 950 875 19366
38 000a8140225003a8400a81003f805280 000022b450882404b0801e7b00032000 5 13
#20 1447 818 20813
40 000a8140225403a8400a81003f801280 000022b450882404b0901e7a00032000 5 13
#18 724 737 22359
42 000a8140225403a8400b01003f801280 000020b4d0882404b0901e7a00032000 5 13
#16 616 753 22975
44 000a8140223403a8400b01003f801280 000000b4d0c82404b0901e7a00032000 5 14
#16 413 701 23388
46 000a8140223403a8400b01003f841200 000000b4d0c82c04b090167a00032000 5 16
#14 331 754 23719
48 000a8140221403a8400f01003f841200 000000b6d0482c04b090167a00032000 5 16
#12 132 858 23851
50 000a8140221403a8400f01003f941000 000000b7d0482c04b090127a00032000 6 19
52 000a8140221403b0400f01003f941000 000000b7d0402c04b090127a40032000 4 19
54 000a8140220403b0400f01003f9c1000 000000b7d0400c04b090127e40032000 4 20
56 000a8140240403b0400f01003f9c1000 000000b7d0400c00b090927e40032000 4 22
58 000881402c0403b0400f01003f9c1000 000000b7d0400c00b410927e40032000 4 22
60 000881402c0403f0400e01003f9c1000 000000b7d0400c00bc10827e40032000 4 22
62 000901402c0403f0400e01003f9c1000 000000b7d0400c00bc10a27c40032000 4 10000
64 000901402c0483f0400e01003f9c0000 000000b7d0400c009c10a27e40032000 4 10000

