Randseed 69000ec7
#56 1000 1035 0
1 00aa8002aa000aa8002aa000aa9000aa 00002aa800aaa002aa800aaa002aa800 2 0
#54 137 1067 189
3 00aa8002aa000aa8002aa000aa94002a 00002aa800aaa006aa000aaa002aa800 3 -2
#52 692 1081 881
5 00aa8002ac000aa8002aa000aa94002a 00002aa800aaa004aa400aaa002aa800 3 -2
#50 461 1068 2292
7 00aa8002ac000aa8002aa100aa90002a 00002aa800aaa004aa000eaa002aa800 3 -1
#52 345 1013 2637
9 00ab0002ac000aa8002aa100aa90002a 00002aa800aaa004aa0006aa402aa800 3 0
#50 590 1030 3227
11 00ab0002ac4002a8002aa100aa90002a 00001aa800aaa004aa0006aa402aa800 3 0
#50 250 1020 3477
13 00a30102ac4002a8002aa100aa90002a 00001aa800aaa004aa0006ab400aa800 4 3
#48 1969 981 5446
15 00830502ac4002a8002aa100aa90002a 00001a6800aaa004aa0006ab400aa800 4 3
#48 2214 889 7660
17 00830402ec4002a8002aa100aa90002a 00001a6800aaa0042a1006ab400aa800 4 2
#46 2284 828 9944
19 00830402ec4002a8002aa100aa901028 00001a6801aaa0002a1006ab400aa800 4 2
#44 830 828 10774
21 00830402ec4002a8002aa100ab900028 00001a6801aaa0002a100eaa400aa800 4 3
#42 1064 817 11838
23 00830402ec4002a8002aa100ab910008 0000196801aaa0002a100eaa400aa800 4 4
#40 797 818 12635
25 00830402ec4002b0002aa100ab910008 0000196801aaa0002a100eaa400a6800 4 4
#38 545 832 13180
27 00830402f84002b0002aa100ab910008 0000197801aa80002a100eaa400a6800 4 3
#40 391 771 13571
29 00830402f84002b0002a8104ab910008 0000197801aa80002a100e2a500a6800 4 3
#42 623 705 14194
31 00830403f04002b0002a8104ab910008 0000197801aa80002a100e2a400e6800 4 2
#40 604 710 14799
33 00830403f04002b010288104ab910008 000019f800aa80002a100e2a400e6800 4 2
#38 599 715 15398
35 00830403f04002b0502881048b910008 000019f004aa80002a100e2a400e6800 4 2
#38 254 702 15652
37 00830403f04002e0502881048b910008 000019f004aa80002c100e2a400e6800 4 1
#36 202 730 15854
39 00830403f04002e1500881048b910008 000019e004ab80002c100e2a400e6800 5 -1
#38 404 670 16258
41 00830403e04402e1500881048b910008 000019e0049b80002c100e2a400e6800 5 -1
#36 491 680 16749
43 00830403e0440ae0500881048b910008 000019e0048b81002c100e2a400e6800 5 -1
#34 300 703 17049
45 00830403e05402e0500881048b910008 000019e0048381002c140e2a400e6800 5 -1
#30 427 768 17476
47 00830403e05402e0500a80048b910008 000019e0048380002c140eaa400e6800 5 0
#30 450 738 17926
49 00830403e05402e0500380048b910008 000019e0048380000c140eea400e6800 5 -2
#28 312 768 18238
51 00830403e01402e0500380148b910008 000019e0048380000c100eea500e6800 5 -1
#30 93 711 18331
53 00830403e01402e05003801483918008 000019e0048380000c000eea540e6800 6 1
#24 539 844 18870
55 00430403e01402e05003801483918008 000019e00483800006000eea540e6800 6 3
#24 363 813 19233
57 00430403e01402e05003801403918208 000019e00483800006000eea540e7000 6 3
#20 321 944 19554
59 00230403e01402e05003801403918208 000019e00483800002004eea540e7000 6 3
#18 104 1038 19658
61 00230403e01402e05003801403818308 000019e00481801002004eea540e7000 7 2
#16 372 1121 20030
63 00230403e01402e05003801403818188 000019e00481801002006ee2540e7000 8 3
#14 786 1169 20816
65 00330403e01402e01003801403818188 000031e00481801002006ee2540e7000 8 3
#12 525 1276 21341
67 00330403e01402e01003801403818190 000021e40481801002006ee2540e7000 8 3
#10 425 1446 21766
69 003b0403e01400e01003801403818190 000001e40481901002006ee2540e7000 9 -1
#8 162 1768 21928
71 003b0403e01400e010038014038180d0 000001e00481901202006ee2540e7000 10 -10000
#4 6 3533 21934
73 003e0403e01400e010038014038180d0 000001e00481901202406ee2500e7000 11 -10000
#2 0 7066 21934
75 003c0403e01400e010038014078180d0 000001e00480901202407ee2500e7000 12 -10000
#2 0 7066 21934
77 00380403e01400e010038014078180f0 000000e00480901202407ee2504e7000 13 -10000

