Randseed 6900f3b8
#58 1000 1000 0
0 00aa8002aa000aa8002aa000aa8002aa 00002aa800aaa002aa800aaa002aa800 2 1
#56 132 1031 132
2 00b28002aa000aa8002aa000aa8002aa 00001aa800aaa002aa800aaa002aa800 3 -1
#54 746 1041 878
4 00b28002aa000aa8002aa000aa8002b2 00001aa800aaa002aa800aaa002ab000 3 -2
#52 476 1063 1354
6 00a28402aa000aa8002aa000aa8002b2 00000aa900aaa002aa800aaa002ab000 3 -2
#50 503 1085 1857
8 00a20412aa000aa8002aa000aa8002b2 00000aa900aaa002ab000aaa002ab000 3 0
#48 201 1122 2058
10 00a00452aa000aa8002aa000aa8002b2 00000aa900aaa001ab000aaa002ab000 4 2
#48 1268 1069 3326
12 00a00452aa004aa0002aa000aa8002b2 00000a8904aaa001ab000aaa002ab000 4 2
#46 1200 1018 5566
14 00a00452aa004aa0002aa004aa0002b2 00000a8904aaa001ab0006aa002ab000 4 2
#46 1250 964 6816
16 00800452ea004aa0002aa004aa0002b2 00000a89046aa001ab0006aa002ab000 4 2
#44 1085 959 7901
18 00800452ea004aa0002aa004aa1000b2 00000a89046aa000ab1006aa002ab000 4 2
#44 1496 891 9397
20 00800452ea004aa0002aa014a81000b2 00000a89046aa000aa1046aa002ab000 4 2
#42 1178 877 10575
22 00800452ea044a20002aa014a81000b2 00000a89042aa400aa1046aa002ab000 4 3
#40 674 887 11249
24 00800452fa004a20002aa014a81000b2 00000a89042aa400aa1046aa012aa000 4 4
#38 1286 866 12535
26 00800452fa004a20002aa014a81010b0 00000a890432a400aa1046aa012aa000 4 3
#40 550 795 13085
28 00800452fa004a20002aa014a8141030 00000a890422a400aa1046aa412aa000 4 2
#40 905 703 14937
30 00800452fa004a20002aa014a8940030 00000a890422a400aa1046aa412b2000 4 2
#38 581 709 15518
32 00800452fa004a20002aa014a8940060 00000a890422a400aa1046aa512a2000 4 1
#36 681 711 16199
34 00800452fa004a20002aa01428940260 00000a890422a400ae1046aa512a0000 4 0
#34 410 728 16609
36 00800452fa004a20002aa014089402e0 00000a890422a400ae1046ea51280000 4 -1
#32 355 752 16964
38 00800452fa014a00002aa014089402e0 00000a890422a400ae1043ea51280000 4 0
#32 308 733 17272
40 00800452fa014a00002aa014089403c0 00000a890422a400ae1043eb51080000 4 1
#30 413 754 17685
42 00800452fa014a00002aa014889003c0 00000a810522a400ae1043eb51080000 4 3
#32 256 691 17941
44 00800452fa014a00002aa41488900380 00000a810522a4008e1443eb51080000 4 3
#32 137 682 18078
46 00001452fa014a00002aa41488900380 00000a810522a4008e1543eb41080000 5 -1
#32 370 659 18448
48 00001452fa014a01002aa41488900300 00000a810522a4008e1553e941080000 5 1
#32 543 625 18991
50 00001452fa014a01012aa41488100300 00000b010522a4008e1553e941080000 5 1
#30 359 643 19350
52 00001452fa414a01012aa41488100200 00000b010522a4108e1553e940080000 5 2
#30 288 624 19638
54 00001442fa414a09012aa41488100200 00000b010520a4508e1553e940080000 5 1
#30 224 609 19862
56 00001402fa514a09012aa41488100200 00000b010520a4508e9543e940080000 5 1
#30 156 598 20018
58 00001402fa514a09012a24148a100200 00000b210520a4108e9543e940080000 6 2
#26 325 665 20343
60 00001402fa504a09412a24148a100200 00000b210520a4148e1543e940080000 6 2
#24 190 705 20533
62 00001402fa504a09612224148a100200 00000b610520a4148e1143e940080000 7 -7
#20 975 749 21508
64 00001402fa504a09712024148a100200 00000be10520a4148e1143e940000000 7 -7
#18 324 796 21832
66 00001402f8504a09712024148a900200 00000be10720a4108e1143e940000000 7 -8
#10 226 1388 22058
68 00001402f8504a09712024048b900200 00400be1072084108e1143e940000000 8 -8
#12 215 1121 22273
70 00001402f8504a09712024048b980000 00400be1062084108e1143e960000000 9 -8
#14 1393 762 23666
72 00000402f8504a09712024048b9c0000 00401be1042084108e1143e960000000 9 -5
#12 223 851 23889
74 00200402f0504a09712024048b9c0000 00403be1042084108e1143e920000000 10 -4
#10 232 975 24121
76 00300402e0504a09712024048b9c0000 00003be5042084108e1143e920000000 11 -10000
#8 85 1198 24207
78 00300402e0500a09712024048f9c0000 000039e504a084108e1143e920000000 12 -10000
#6 17 1592 24224
80 00300402e0500a01712024049f9c0000 000039e504a094108e1143e120000000 13 -10000
#4 2 2387 24226
82 00380402e0500a01612024049f9c0000 000039e504a094128e1103e120000000 14 -10000
#2 0 4774 24226
84 003c0402e0500a01412024049f9c0000 000039e504a094128e5103e100000000 15 -10000
#2 0 4774 24226
86 003c0402e0500a0140202404bf9c0000 000038e504a094128e510be100000000 16 -10000

