Randseed 690e12f9
#56 1000 1035 0
1 00aa8002aa000aa8002aa000aa8012a8 00002aa800aaa002aa800aaa002aa800 2 0
#54 68 1050 633
3 00aa8002aa000aa8002aa000ab8002a8 00002aa800aab000aa800aaa002aa800 3 -1
#52 612 1017 2533
5 00aa8002aa000aa8002aa4002b8002a8 00002aa800aab000aa800aaa002ca800 3 -2
#50 719 1029 3252
7 00aa8002aa000aa8002aa4002f0002a8 00002aa001aab000aa800aaa002ca800 3 -2
#48 593 1048 3845
9 00aa8002aa000aa8003aa0002f0002a8 00002aa001eaa000aa800aaa002ca800 3 -2
#46 423 1075 4268
11 00aa8001aa000aa8003aa0002f0002a8 00001aa001eaa000aa800aaa002ca800 3 -2
#46 508 1053 4776
13 00aa8001aa000ab0003aa0002f0002a8 00001aa001eaa000aa804aa2002ca800 3 -1
#44 235 1090 5011
15 00aa8001aa000ab0013a80002f0002a8 00001aa000eaa004aa804aa2002ca800 4 0
#42 1069 1091 6080
17 00aa8001aa0006b0013a80002f0002a8 00001aa000eaa004aa804aa2002c6800 4 0
#40 1110 1090 7190
19 00aa8001aa0006b0013a80402e0002a8 00001a8004eaa004aa804aa2002c6800 4 -1
#38 775 1107 7965
21 00aa8001aa0006b0013b80402c0002a8 00001a8000eba004aa804aa2002c6800 4 -1
#36 659 1132 8624
23 00aa8001aa0006b0013b80402c0002b0 00001a80007ba004aa804aa2002c6800 4 0
#36 675 1094 9299
25 00aa80018a0406b0013b80402c0002b0 00001a00107ba004aa804aa2002c6800 4 0
#34 441 1132 9740
27 00aa80018a0406b0011f80402c0002b0 00001a00107ba004ae800aa2002c6800 4 0
#34 411 1108 10151
29 00aa8000ca0406b0011f80402c0002b0 00000e00107ba004ae800aa2002c6800 4 0
#30 424 1228 10575
31 00aa80006a0406b0011f80402c0002b0 00000e00107ba004ae800aa3000c6800 4 -1
#30 459 1197 11034
33 00aa80002a0406b0111f80402c0002b0 00000e00107ba044ac800aa3000c6800 4 -2
#26 364 1354 11398
35 00aa80002a0406b0121f80402c0002b0 00000e00107ba044ac800a93000c6800 5 -4
#24 6172 952 17570
37 00aa80002a0406b0121f80402c0102a0 00000600507ba044ac800a93000c6800 4 -3
#24 731 891 18301
39 00aa80002a0406b0121f81402c010280 00000600507ba044ac800e92000c6800 4 -3
#22 236 951 18537
41 00aa80002a0402b0521f81402c010280 00000600503ba144ac800e92000c6800 5 -4
#20 1380 908 19917
43 00aa81002a0402b0521f81400c010280 00000200503ba544ac800e92000c6800 5 -4
#18 984 899 20901
45 00aa01102a0402b0521f81400c010280 00000200503ba544ac800e82020c6800 5 -4
#16 721 922 21622
47 00a801502a0402b0521f81400c010280 00000200503ba544ac800e02120c6800 5 -6
#16 1764 701 23387
49 00a001d02a0402b0521f81400c010280 00000200503be544a8800e02120c6800 5 -8
#14 480 733 23867
51 00a001d02a0402b0521f81400c010180 00000200503be544a8800e0252086800 5 -8
#12 302 805 24169
53 006001d02a0402b0521f81400c010180 00000200503be544a880060272086800 5 -8
#10 130 940 24299
55 006001d02a0402b0521f81400c050080 00000200503be544a080160272086800 6 -4
#10 536 833 24835
57 006001d02e0402b0521f81400c040080 00000200503be544a0a0160262086800 6 -3
59 006001c02e0402b0561f81400c040080 00000200403be544a0a0160262486800 4 -3
61 006001c02c0402b0561f81400c050080 00000200403be54580a0160262486800 4 -3
63 006001c02c0402b0561f81400c070000 00000200403be50580a0160262487800 4 -3
65 003001c02c0402b0561f81400c070000 000002004039e50580a0160262487808 4 -10000
67 001801c02c0402b0561f81400c070000 000002004039e50580a0160242487908 4 -10000

