Randseed 690edf73
#58 1000 1000 0
0 00aa8002aa000aa8002aa000aa8002aa 00002aa800aaa002aa800aaa002aa800 2 1
#56 145 996 1111
2 00aa8002aa000aa8002aa000aa8002ca 00002aa800aaa002aa800aa2012aa800 3 -1
#54 892 984 2421
4 006a8002aa000aa8002aa000aa8002ca 00002aa800aaa002aa800aa2002ae800 3 -1
#52 305 1010 2726
6 006a8002aa000aa8002aa000aa0012ca 00002aa800aaa002aa800aa2001ae800 4 0
#50 1816 978 4542
8 006b0002aa000aa8002aa000aa0012ca 00002aa800aaa002aa800aa2400ae800 4 0
#48 1347 962 5889
10 006b0002aa000aa8002aa000aa00138a 00002aa800aaa002aa8006a2400ae800 4 0
#46 1777 927 7666
12 002b0402aa000aa8002aa000aa00138a 00002aa800aaa001aa8006a2400ae800 4 0
#44 2582 852 10248
14 002a0442aa000aa8002aa000aa00138a 00002aa800aaa001aa9006a24002e800 3 -3
#42 342 876 10590
16 00220542aa000aa8002aa000aa00138a 00002a2810aaa001aa9006a24002e800 3 -2
#44 327 821 10917
18 00020542ea000aa8002aa000aa00138a 00002a2810aaa001aa9007a20002e800 3 -2
#42 134 854 11051
20 00020542ea000aa8002aa0002a10138a 00002a28106aa001aa9007a20002e800 4 0
#40 752 859 11803
22 00020542ea000aa8002aa0002c10138a 00002a28106aa001aa9007a20003c800 4 -1
#38 1264 838 13067
24 00000542ea010aa8002aa0002c10138a 00002a28106aa001aa9007a210038800 4 -2
#36 982 830 14049
26 00000443ea010aa8002aa0002c10138a 00002a28106aa001aa91078210038800 4 -2
#34 650 841 14699
28 00000443ca110aa8002aa0002c10138a 00002a28106aa401aa91078210030800 4 -2
#34 307 823 15006
30 00000403ca110aa8042aa0002c10138a 00002a281062a501aa91078210030800 4 -2
#34 401 799 15407
32 00000403ca110ae8042a20002c10138a 00002a281062a501ba90078210030800 4 -3
#32 302 830 15710
34 00000403ca1112e8042a20002c10138a 00002a281062a501ba94078210020800 4 -3
#30 200 872 15910
36 00000403ca1112e8052a00002c10138a 00002a281062a511b894078210020800 5 -5
#28 780 879 16690
38 00000403ca1112e8054a00002c10138a 00002a281062e501b894078210020800 5 -5
#26 667 895 17357
40 00000403ca1112e8054a00000c14138a 00002a28106ae501b894038210020800 5 -6
#24 776 905 18133
42 00000403ca1112e8054a00000c30138a 00002a28106ee501b894038210000800 5 -6
#20 727 1014 18860
44 000004038a1112e8454a00000c30138a 00002a28506ee500b894038210000800 5 -5
#22 266 897 19126
46 000004078a1112e8454200000c30138a 00002a08546ee500b894038210000800 6 -3
#20 1412 846 20538
48 00000417881112e8454200000c30138a 00002a08546ee500b894038210400000 6 -3
#18 871 778 21998
50 00000417889112e8054200000c30138a 00002a08546ee500b894138210000000 6 -3
#18 571 714 22569
52 00000427889112e8054200000c30138a 00001a08546ee500b894138210000000 6 -2
#16 424 750 22993
54 00000427889112e8054200000c30038e 00400a08546ee500b894138210000000 6 -1
#14 336 810 23329
56 00000427889112e8054200000c30039c 00600208546ee500b894138210000000 6 -1
#12 444 871 23773
58 00000427889112e8054200000430839c 00300208546ee500b894138210000000 6 -1
#14 863 623 24636
60 00000427889112e8054100000430839c 00300208546ee504b894138010000000 6 -1
62 0000042788911268054180000430839c 00100288546ee504b894138010000000 4 -1
64 0000046788911228054180000430839c 00100288556ee504b894038010000000 4 -1
66 0000046788911238044180000430839c 00040288556ee504b894038010000000 4 -1
68 00000467889112380441802004308398 00040298556ee504b814038010000000 4 -1
70 000004478891123804418020043083b8 000402b0556ee504b814038010000000 4 -1
72 000004478891123004418020043083f8 000502b0546ee504b814038010000000 4 -10000
74 000004478891123004418021043083f0 000702a0546ee504b814038010000000 4 -10000

