Randseed 691f3f73
#58 1000 1000 0
0 00aa8002aa000aa8002aa000aa8002aa 00002aa800aaa002aa800aaa002aa800 2 1
#56 145 1030 145
2 00a68002aa000aa8002aa000aa8002aa 00001aa800aaa002aa800aaa002aa800 3 -1
#54 450 1034 1067
4 00a68002aa000aa8002aa000aa8012a8 00001aa8006aa002aa800aaa002aa800 3 -1
#52 469 1056 1536
6 00868402aa000aa8002aa000aa8012a8 00000aa9006aa002aa800aaa002aa800 3 -2
#50 667 1071 2203
8 00860412aa000aa8002aa000aa8012a8 000002a9007aa002aa800aaa002aa800 3 -2
#48 491 1096 2694
10 00820452aa000aa8002aa000aa8012a8 00000289047aa002aa800aaa002aa800 3 -2
#46 463 1123 3157
12 00820052ea000aa8002aa000aa8012a8 000002890472a402aa800aaa002aa800 3 -2
#46 333 1109 3491
14 00021052ea000aa8002aa000aa8012a8 000002091472a402aa800aaa002aa800 4 -1
#44 3647 993 7138
16 00021052ea0002a9002aa000aa8012a8 000004091472a402aa800aaa002aa800 3 -2
#42 226 1030 7364
18 00001052ea0102a9002aa000aa8012a8 000004091462a402aa900aaa002aa800 4 0
#40 1947 984 9311
20 00001052ea0102a8002aa400aa8012a8 000004091462a402aa900aaa001aa800 4 1
#38 1531 955 10842
22 00001052ea0102a8000aa400ea8012a8 000004091422a402ea900aaa001aa800 4 1
#40 996 858 11838
24 00001012ea0102e8000aa400ea8012a8 000004091422a402ea900aaa000ea800 4 1
#38 1653 816 13491
26 00001012ea0102e8000a8404ea8012a8 000004091422a402fa9008aa000ea800 4 2
#36 652 825 14143
28 00001012ea0102e8000a8004fa8012a8 000004091422a402fa9008aa0007a800 4 2
#32 812 877 14955
30 00001810ea0102e8000a8004fa8012a8 000004081422a402fe9008aa0007a800 4 1
#36 1365 704 16320
32 00001810ea0102e8000a8004fa9010a8 000004081402a402ff9008aa0007a800 4 1
#36 747 662 17067
34 00001810ea0102e8000a8004fe8010a8 000004081402a401ff9008aa0007a800 4 1
#34 1440 617 18507
36 00001810ea0102f0000a8004fe8010a8 000004081402a401ff9008aa0003e800 4 2
#36 555 552 19062
38 00001810ea0102f0000a8000ff8010a8 000004081402a401ff8108aa0003e800 4 2
#34 755 540 19817
40 00001810ea0102f0000a80107f8010a8 000004081402a401ff81086a0003e800 4 2
#32 306 554 20123
42 00001810ca1102f0000a80107f8010a8 000002081402a401ff81086a0003e800 4 2
#30 361 567 20484
44 00001c108a1102f0000a80107f8010a8 000001081402a401ff81086a0003e800 4 2
#26 149 643 20633
46 00001c108a1103e0000a80107f8010a8 000000881402a401ff81086a0003e800 5 0
#26 1224 549 21857
48 00000c508a1103e0000a80107f8010a8 000000881402a411ff01086a0003e800 5 0
#26 337 523 22194
50 00000c70881103e0000a80107f8010a8 000000881002a411ff01486a0003e800 5 0
#26 425 490 22619
52 00000c70881103e0000680107f8010a8 000000881002e411ff0148620003e800 5 1
#6 186 2065 22805
54 00000c70881103e0000600107f8410a8 000000881002e411ff4140620003e800 6 2
#4 458 2868 23263
56 00000c70881103e0000600007f8410e8 000000881002e411ff4140620001e804 7 1
#2 281 5456 23544
58 00000c70881103e0000400807f8410e8 000400881000e411ff4140620001e804 8 2
#16 295 645 23839
60 00000c70881103e0000000807f8410f8 000400881000c411ff6140620001e804 8 2
#18 619 504 24458
62 000004708a1103e0000000807f8410f8 000400881000c411ff2160620001e804 8 2
#Clearing transposition table 1771267 
#16 437 509 24923
64 000004708a1103e0000002807f8410f0 000600880000c411ff2160620001e804 8 2
66 000004708a1103e0000006807f8410e0 000700080000c411ff2160620001e804 4 2
68 000004708a1103e000000e807f8410c0 000380080000c411ff2160620001e804 4 2
70 000004708a1103e000400e807f841080 0001c0080000c411ff2160620001e804 4 2
72 000004708a1103e200400e807f841000 0000c0080100c411ff2160620001e804 4 2
74 000004708a1113e200400e807f801000 000040080100e411ff2160620001e804 4 2
76 000004708a111be200400e007f801000 000000080100e411ff2160660001e804 4 10000
78 000004708a511be200400e007f800000 000000000100e411ff2160660041e804 4 10000

