Randseed 692015a0
#56 1000 1035 0
1 00aa8002aa000aa8002aa000aa9000aa 00002aa800aaa002aa800aaa002aa800 2 0
#54 132 1069 132
3 002a9002aa000aa8002aa000aa9000aa 00002aa800aaa000aac00aaa002aa800 3 -2
#52 437 1093 569
5 002a9002aa4002a8002aa000aa9000aa 00002ab000aaa000aac00aaa002aa800 3 -2
#50 420 1120 989
7 002a8003aa4002a8002aa000aa9000aa 00002cb000aaa000aac00aaa002aa800 3 -2
#48 280 1155 1269
9 002a8003aa4002a8002aa000ea8000aa 00002cb000aaa000aa800eaa002aa800 4 -1
#46 2713 1087 3982
11 002a8003aa4002a8002aa1006a8000aa 000038b000aaa000aa800eaa002aa800 4 -1
#46 1543 1020 5525
13 002a8003aa4002a9000aa1006a8000aa 000038b000aaa000aa9006aa002aa800 4 -1
#44 1805 985 7330
15 000a8403aa4002a9000aa1006a8000aa 000038b000aaa000aa9006aa002ca800 4 -1
#42 1192 975 8522
17 000a8003aa5002a9000aa1006a8000aa 000038b000aac000aa9006aa002ca800 4 -1
#40 862 980 9384
19 000a8003aa5002a9400aa1002a8000aa 000038b0008ac400aa9006aa002ca800 4 -1
#38 884 985 10268
21 000a8003aa5002a9400aa1002a8010a8 000038b0008ac400ab1006aa002ca800 4 -1
#36 648 989 11196
23 000a8003aa5002b1400aa1002a8010a8 000038a0048ac400ab1006aa002ca800 4 -2
#34 914 993 12110
25 000a8003aa5002b1400a81042a8010a8 000038a0048ac400ab1006aa001ca800 4 -2
#32 690 1012 12800
27 000a8003aa5002a1440a81042a8010a8 000038a0048ac400aa1046aa001ca800 4 -2
#30 500 1046 13300
29 000a8003aa500aa0440a81042a8010a8 00003860048ac400aa1046aa001ca800 4 -3
#28 1195 1036 14495
31 000a8003aa5002a0440a81043a8010a8 00003064048ac400aa1046aa001ca800 4 -4
#26 759 1027 15638
33 000a8003aa1002a0440a81043a8110a8 00003064048a8410aa1046aa001ca800 4 -5
#26 509 988 16147
35 000a8001aa1002a0440a81043e8110a8 00003064048a8410aa1046aa011c8800 4 -6
#28 636 872 16783
37 000a8001ea1002a0440a81043e811088 00003064048a8410aa1046aa011c4800 4 -5
#24 493 977 17276
39 000a8001e21102a0440a81043e811088 00003064048a8410aa1046aa011c2800 4 -5
#24 462 938 17738
41 000a8101e21102a0440a81043c811088 00003064048a8410aa1046aa410c2800 4 -5
#22 563 972 18301
43 000a8100e21103a0440a81043c811088 00003064048a8c10aa1042aa410c2800 4 -5
#20 268 1043 18569
45 000a8100e2110320440e81043c811088 0000306404868c10aa1042aa410c2800 5 -6
#20 773 965 19342
47 000a8110e0110320440e81043c811088 0000306404868c10a21142aa410c2800 5 -6
#16 664 1124 20006
49 000a8110e0110320440e81043c811048 0000306404868c10921142aa410c2800 5 -6
#14 428 1223 20434
51 000b8100e0110320440e81043c811048 0000306404868c109211426a410c2800 5 -6
#12 366 1366 20800
53 000b8100e0110320440e81043c811028 0000306404868c109211423a410c2800 6 -5
#10 550 1530 21350
55 000b8100e0100360440e81043c811028 0000306404869c109211423a41082800 6 -4
#8 376 1818 21726
57 000b8100e0120360440e01043c811028 0000306404849c909211423a41082800 7 -5
#8 893 1595 22619
59 000f0100e0120360440e01043c811028 0000306404849c909211423841482800 7 -4
#Clearing transposition table 1750673 
#8 404 1489 23043
61 000f0100f0120360440e01043c811008 0000302404849c909a11423841482800 8 1
#4 607 2675 23650
63 000f0100f0120360440e01043c811010 0000302404809c909a11423841482804 9 0
#2 74 5276 23724
65 000f0100f0120360440e01043c811020 0000300404809c909a11423841482806 10 1
#12 344 822 24068
67 000f0100f8120360440e01043c811000 0000300400809c909a11423841482807 10 1
#10 596 867 24664
69 000e0100fc120360440e01043c811000 0000200400809c909a114238414c2807 10 10000
#8 120 1054 24784
71 000e0100fc120360440e21043c810000 0000200400809c909a114238410c280f 11 10000
#6 20 1398 24804
73 000e0100fc120360450e21043c010000 0000000400809c909a114238410c288f 12 10000
#4 3 2096 24807
75 000e0100fc120368450e21003c010000 0000000000809c909a114238410c28cf 13 10000
#2 0 4193 24807
77 000c0100fe120368450e21003c010000 0000000000809c909a114238410c20df 14 10000

