Randseed 6930010b
#58 1000 1000 0
0 00aa8002aa000aa8002aa000aa8002aa 00002aa800aaa002aa800aaa002aa800 2 1
#56 137 1024 302
2 00aa8002aa000aa8002aa000aa8002ca 000028a840aaa002aa800aaa002aa800 3 0
#54 754 1034 1056
4 002a9002aa000aa8002aa000aa8002ca 000020a940aaa002aa800aaa002aa800 3 0
#54 495 1016 1551
6 00289042aa000aa8002aa000aa8002ca 000020a9406aa002aa800aaa002aa800 3 0
#52 300 1044 1851
8 002890429a000aa8002aa000aa8002ca 000020a9406aa4022a800aaa002aa800 4 2
#50 1743 1016 3594
10 002810529a000aa8002aa000aa8002ca 000020a9446a24022a800aaa002aa800 4 3
#50 1413 959 5007
12 002810529a000aa8002aa000aa80038a 000020a9447a20022a800aaa002aa800 4 3
#48 1134 952 6141
14 000814529a000aa8002aa000aa80038a 000020a9047e20022a800aaa002aa800 4 4
#44 932 996 7073
16 000015529a000aa8002aa000aa80038a 00042029047e20022a800aaa002aa800 4 4
#42 1070 993 8143
18 000015529a000aa8002aa000aa00138a 00042029047c21022a800aaa002aa800 4 4
#40 829 1001 8972
20 000015529a000aa8002aa000aa04118a 00042028047c21022a840aaa002aa800 4 4
#38 777 1013 9749
22 000015529a000aa8002aa000ba04108a 00042028047c21022a840aca002aa800 4 6
#36 858 1021 10607
24 000015529a000aa8002aa100ba04100a 00042028047821023a840aca002aa800 4 5
#38 559 938 11166
26 000015529a000aa8002aa100ba04000e 00042028047821023a840aca002a6800 4 4
#38 869 892 12035
28 000015529a000aa8000aa500ba04000e 00042028047821023a840aca40226800 4 5
#34 458 971 12493
30 000015529a000aa8000aa500ba04001c 00042028047821023a8408ca402a6800 4 5
#32 715 987 13208
32 000015529a000aa8000aa500ba048018 00042028047821023a8408ca40286840 4 6
#34 1034 868 14242
34 000015529a000a88040aa500ba048018 00042028047821023a8408cc40286840 4 7
#30 567 946 14809
36 000015529a000a88040aa500be048010 00042028047821003ac408cc40286840 4 9
#28 439 982 15249
38 000015529a000a88040aa510be008010 00042028047821043a4408cc40286840 4 11
#24 345 1117 15594
40 000015529a000a48040aa510be008010 00042028047821043a4408cc40283840 5 10
#24 1676 977 17270
42 000017521a000a48040aa510be008010 0004202804782104384448cc40283840 5 12
#20 1398 1033 18668
44 000017521a000a28040aa510be008010 0004202804782104384448cc00383840 5 12
#18 819 1057 19487
46 000017521a000a28040aa7103e008010 0002202804782104384448cc00383840 5 13
#16 834 1084 20321
48 000017521a010a28040aa3103e008010 0003202800782104384448cc00383840 5 13
#14 1501 1025 21822
50 000017520e010a28040aa3103e008010 0003202801782100384448cc00383840 5 14
#12 749 1071 22572
52 00001f500e010a28040aa3103e008010 0003202801f82100304448cc00383840 5 14
#10 404 1204 22976
54 00000fd00e010a28040aa3103e008010 0003202c01f82100204448cc00383840 5 14
#8 264 1440 23240
56 000007d00e014a28040aa3103e008010 0001a02c01f82100204448cc00383840 6 16
#6 446 1771 23686
58 000007c00e014a28440aa3103e008010 0001a02c01f82100204448cc00383880 7 10000
#4 88 2613 23774
60 000007c00e014e28440aa1103e008010 0001a02c01f831002044488c00383880 8 10000
#2 2 5224 23776
62 000003c00e014e28440aa1503e008010 0001802c01f831022044488c00383880 9 10000

