Randseed 69308210
#56 1000 1035 0
1 00aa80022a100aa8002aa000aa8002aa 00002aa800aaa002aa800aaa002aa800 2 0
#54 74 1068 164
3 00aa80022a100b28002aa000aa8002aa 00002aa800aaa002aa800aaa006aa000 3 -1
#52 300 1097 464
5 00aa80002a500b28002aa000aa8002aa 00001aa800aaa002aa800aaa006aa000 4 1
#50 3119 1011 3711
7 00aa80002a500e28002aa000aa8002aa 00001aa800aaa002aa800aae002aa000 3 0
#48 354 1038 4065
9 00aa80002a100e29002aa000aa8002aa 00001aa800aaa002a6800aae002aa000 3 0
#48 475 1019 4540
11 00aa80002a100e29002ac000aa8002aa 00001aa800aaa002a7000aae002aa000 3 1
#46 192 1055 4732
13 00aa800032100e29002ac000aa8002aa 00001aa800a9a002a7000aae002aa000 4 4
#44 1221 1047 5953
15 00aa800032100e31002ac000aa8002aa 00001aa800a9c002a7000aae002aa000 4 4
#42 1244 1038 7197
17 00aa800034100e31002ac000aa8002aa 00001ab000a9c002a7000aae002aa000 4 4
#40 840 1048 8037
19 00aa800034100e31002ac4002a8002aa 00001ae000a9c002a7000aae002aa000 4 5
#38 674 1067 8711
21 00aa800034000e31402ac4002a8002aa 00001ac008a9c002a7000aae002aa000 4 5
#36 1115 1065 9826
23 00aa800034000e31402cc4002a8002aa 00001ac008a9c002a7000aae002ca000 4 6
#36 437 1040 10263
25 00aa800034000e31402cc1002a8002aa 000019c008a9c002a7000aae002ca000 4 5
#34 326 1083 10589
27 00aa800034000e31400cc1003a8002aa 000019c008a9c002a7000abc002ca000 5 3
#34 1643 986 12233
29 00aa800034000e31400cc1003c8002aa 000019c008a9c002a7000abc012c8000 5 3
#34 2127 861 14360
31 00aa800034000e30400cc1003c8102aa 000019c008a9c002a7000af8012c8000 5 3
#30 1280 890 15640
33 00aa800034000e304008c1003c8102ea 000019c008a9c002a7010af8002c8000 5 4
#28 1207 868 16847
35 00aa8000340006304008c1003c8102fa 000009c108a9c002a7010af8002c8000 5 4
#26 1765 799 18612
37 00aa8000340002304008c1003c8103fa 000009c108a9c002a7010af8002c4000 5 5
#24 934 787 19546
39 00aa8000340002304008c100388103fe 000009c108a9c002a7010af0022c4000 5 5
#22 787 787 20333
41 00ab0000340002304008c100388103fe 000001c108b9c002a7010af0022c4000 5 5
#20 674 799 21007
43 006b0000340002304008c100388103fe 000001c008b9c102a7010af0022c4000 5 6
#18 409 842 21416
45 006b0000340000304008c100388113fe 000001c008b9c102af010af0022c0000 5 6
#16 403 897 21819
47 003b0000340000304008c100388113fe 000001c00879c102af010af0022c0000 5 6
#14 274 986 22093
49 003b0000140200304008c100388113fe 000001c00879c102af010af0021c0000 6 8
#12 1094 968 23187
51 003b00001402003040084108388113fe 000001c00879c10aaf010af0001c0000 6 9
#10 488 1064 23676
53 003b00201002003040084108388113fe 000001c00879c10aaf010af0400c0000 6 10
#8 261 1265 23937
55 001f00201002003040084108388113fe 000001c00879c10aaf050ae0400c0000 7 9
#6 110 1651 24047
57 001f02001002003040084108388113fe 000001c00879c10aaf0506e0400c0000 8 10000
#4 4 2474 24051
59 001e02005002003040084108388113fe 000001c00879c109af0506e0400c0000 9 10000
#2 0 4949 24051
61 001e0200500200300008410c388113fe 000001c00879c9092f0506e0400c0000 10 10000

