Randseed b6fc77fa
# 6245 nodes in table
# best score 0
1 00aa80022a100aa8002aa000aa8002aa 00002aa800aaa002aa800aaa002aa800 2 0
# 0.6492 seconds
# 11004 nodes in table
# best score 0
3 00aa80022a100a88042aa000aa8002aa 00002aa800aaa006aa000aaa002aa800 2 0
# 0.4899 seconds
# 25348 nodes in table
# best score 0
5 00aa80022a100289042aa000aa8002aa 00002aa001aaa006aa000aaa002aa800 3 0
# 0.9983 seconds
# 35556 nodes in table
# best score 1
7 00aa80022a140209042aa000aa8002aa 00001aa001aaa006aa000aaa002aa800 3 1
# 0.6610 seconds
# 54018 nodes in table
# best score 2
9 00aa80022a1402090432a000aa8002aa 00001aa001aae002aa000aaa002aa800 3 2
# 0.8584 seconds
# 63188 nodes in table
# best score 2
11 00aa80022a1402090432a000ab0002aa 00001ca001aae002aa000aaa002aa800 3 2
# 0.4034 seconds
# 71170 nodes in table
# best score 3
13 00aa80022a0403090432a000ab0002aa 00001ca004aae002aa000aaa002aa800 3 3
# 0.4538 seconds
# 85067 nodes in table
# best score 3
15 00aa80022a0403090432a000a70002aa 00001ca0046ae002aa000aaa002aa800 3 3
# 0.5595 seconds
# 95840 nodes in table
# best score 4
17 00aa80022a0403090431a000a70002aa 00001ca0046ae002aa000caa002aa800 3 4
# 0.6139 seconds
# 105340 nodes in table
# best score 4
19 00aa8042220403090431a000a70002aa 00001ca0046ae002a8004caa002aa800 3 4
# 0.6007 seconds
# 115714 nodes in table
# best score 4
21 00aa8042220403080439a000a70002aa 00001ca0046ae002a8004caa002ab000 3 4
# 0.5818 seconds
# 122060 nodes in table
# best score 4
23 00aa80422204030805398000a70002aa 00001ca0046ae002a8000cba002ab000 3 4
# 0.2405 seconds
# 128996 nodes in table
# best score 4
25 00aa80422204030805398000a70001aa 00001ca1042ae002a8000cba002ab000 3 4
# 0.2377 seconds
# 135117 nodes in table
# best score 6
27 00b280422204030805398000a70001aa 00001ca1042ae002a84008ba002ab000 3 6
# 0.2490 seconds
# 138058 nodes in table
# best score 6
29 00b280422204030805398000a70400aa 00001ca1042ae002a84008ba002a7000 3 6
# 0.2247 seconds
# 163683 nodes in table
# best score 8
31 00b280422204030807388000a70400aa 00001ca1042ae002a84008bc002a7000 4 8
# 1.3431 seconds
# 197383 nodes in table
# best score 9
33 00b280422204030807388000870400ea 00001ca1042bc002a84008bc002a7000 4 9
# 1.5616 seconds
# 224863 nodes in table
# best score 11
35 00e280422204030807388000870400ea 00001c81042bc042a84008bc002a7000 4 11
# 1.3159 seconds
# 245439 nodes in table
# best score 12
37 00e280442204030807388000870400ea 00001c81002bc042b84008bc002a7000 4 12
# 1.2955 seconds
# 258980 nodes in table
# best score 13
39 00e280442204030807308400870400ea 00001c81002b8042f84008bc002a7000 4 13
# 0.6676 seconds
# 271672 nodes in table
# best score 14
41 01c280442204030807308400870400ea 00001c81002b0042f84108bc002a7000 4 14
# 0.8046 seconds
# 284913 nodes in table
# best score 15
43 01c300442204030807308400870400ea 00001c81002b0042f84108bc00aa3000 4 15
# 0.7372 seconds
# 294890 nodes in table
# best score 17
45 01c300442204030807308400870400e6 00000c81002b0442f84108bc00aa3000 4 17
# 0.6453 seconds
# 300285 nodes in table
# best score 17
47 01c300442204030807308400830440e6 00000c81002b0442f84108bc10a83000 4 17
# 0.4119 seconds
# 303776 nodes in table
# best score 16
49 01c300442204018807308400830440e6 00000881002b0443f84108bc10a83000 4 16
# 0.2806 seconds
# 305826 nodes in table
# best score 17
51 018320442204018807308400830440e6 00000081102b0443f84108bc10a83000 4 17
# 0.2438 seconds
# 320888 nodes in table
# best score 16
53 018220642204018807308400830440e6 00000081102b0443f84500bc10a83000 6 16
# 0.6177 seconds
# 327884 nodes in table
# best score 15
55 018220642204018807308400810460e6 00000081103b0443f84500bc10a81000 5 15
# 0.2534 seconds
# 327968 nodes in table
# best score 10000
57 010230642204018807308400810460e6 00000081103a0443f84508bc10a81000 7 10000
# 0.0078 seconds
# 327981 nodes in table
# best score 10000
59 010238602204018807308400810460e6 00000081103a0443f84508bd10a80000 8 10000
# 0.0006 seconds

