Randseed b6fccf5b
# 5599 nodes in table
# best score 1
0 00aa8002aa000aa8002aa000aa8002aa 00002aa800aaa002aa800aaa002aa800 2 1
# 0.4547 seconds
# 11612 nodes in table
# best score 2
2 00aa8002aa000aa8002aa000aa80029a 00002aa800aaa002aa800aa8006aa800 2 2
# 0.6033 seconds
# 15916 nodes in table
# best score 2
4 00aa8002aa000aa8002aa000aa80428a 000028a840aaa002aa800aa8006aa800 2 2
# 0.5102 seconds
# 28286 nodes in table
# best score 1
6 00a68002aa000aa8002aa000aa80428a 000028a840aaa002a6800aa8006aa800 3 1
# 0.6195 seconds
# 42205 nodes in table
# best score 3
8 00a68002aa000aa8002aa000aa805288 000028a840aaa002a68009a8006aa800 3 3
# 0.7788 seconds
# 55600 nodes in table
# best score 3
10 00a68002aa000aa8002aa000ab805280 000028a800aea002a68009a8006aa800 3 3
# 0.7209 seconds
# 71394 nodes in table
# best score 5
12 00a28042aa000aa8002aa000ab805280 000028a800aeb000a68009a8006aa800 3 5
# 0.7061 seconds
# 86714 nodes in table
# best score 5
14 00a20052aa000aa8002aa000ab805280 000028ac00aea000a68009a8006aa800 3 5
# 0.7344 seconds
# 100405 nodes in table
# best score 6
16 00a00052ba000aa8002aa000ab805280 000028ac00aea000a68009a8005aa800 3 6
# 0.5420 seconds
# 107908 nodes in table
# best score 8
18 00a000529e000aa8002aa000ab805280 000028ac009ea000a68009a8005aa800 3 8
# 0.4321 seconds
# 116950 nodes in table
# best score 9
20 00a000529e000aa8002aa000ab845200 000028ac009ca100a68009a8005aa800 3 9
# 0.3344 seconds
# 123293 nodes in table
# best score 10
22 00a000529e000aa8002ac000ab845200 000028ac009ca100a70009a8005aa800 3 10
# 0.4167 seconds
# 127729 nodes in table
# best score 11
24 00a000529e004aa0002ac000ab845200 000028ac009ca100a70008e8005aa800 3 11
# 0.2309 seconds
# 130936 nodes in table
# best score 12
26 002010529e004aa0002ac000ab845200 000028ac009ca100a70008e80059a800 3 12
# 0.1767 seconds
# 134026 nodes in table
# best score 11
28 002010529e0048a0402ac000ab845200 000008ac00dca100a70008e80059a800 3 11
# 0.1724 seconds
# 136951 nodes in table
# best score 12
30 002000539e0048a0402ac000ab845200 000008a401dca100a70008e80059a800 3 12
# 0.1850 seconds
# 140718 nodes in table
# best score 12
32 000004539e0048a0402ac000ab845200 000008a401cca100a70408e80059a800 3 12
# 0.1767 seconds
# 167019 nodes in table
# best score 15
34 000004519e2048a0402ac000ab845200 000008a401cc2110a70408e80059a800 4 15
# 1.5560 seconds
# 185730 nodes in table
# best score 16
36 000004519e2044a0402ac000ab845200 000028a4018c2110a70408e80059a800 4 16
# 1.0342 seconds
# 201408 nodes in table
# best score 18
38 000004519e2044a0402ac0006b845200 000028a4018c2110a30428e80059a800 4 18
# 1.0526 seconds
# 217742 nodes in table
# best score 17
40 000004519e2044a0402a80106b845200 000028a4018c2100a30428ec0059a800 4 17
# 1.1640 seconds
# 235973 nodes in table
# best score 18
42 000004519e2044a0402a81102b845200 000028a4018c2100a30424ec0059a800 4 18
# 0.9126 seconds
# 250725 nodes in table
# best score 19
44 000004519e2044a0402a81102b845100 00002924018c2100a30424ec0059a800 4 19
# 0.8390 seconds
# 265694 nodes in table
# best score 19
46 000004519e2044a0402a81102f844100 00002924018c2100231424ec0059a800 4 19
# 0.6820 seconds
# 291804 nodes in table
# best score 18
48 000004519e2044a0402b81102f044100 00002924218c2100231424cc0059a800 4 18
# 0.9293 seconds
# 313241 nodes in table
# best score 18
50 000004519e2044a0402981103f044100 00002924218c2100231424cc00d9a000 4 18
# 1.0699 seconds
# 322181 nodes in table
# best score 20
52 000004518e2144a0402981103f044100 00002924218c21003314248c00d9a000 4 20
# 0.3827 seconds
# 327064 nodes in table
# best score 21
54 000004518e2144a0c02981103e044100 00003124218c21003314248c00d9a000 4 21
# 0.2571 seconds
# 331441 nodes in table
# best score 19
56 000004518e2144a0c02881103e044180 00003124218c21003314248c0199a000 5 19
# 0.2454 seconds
# 331465 nodes in table
# best score 10000
58 000004118e2144a0c42881103e044180 00003124218c21003314208c8199a000 5 10000
# 0.0091 seconds
# 331471 nodes in table
# best score 10000
60 000004118e2144a1c42881103e044080 00803124210c21003314208c8199a000 7 10000
# 0.0006 seconds

