Randseed b705b4ac
# 5670 nodes in table
# best score 1
0 00aa8002aa000aa8002aa000aa8002aa 00002aa800aaa002aa800aaa002aa800 2 1
# 0.4736 seconds
# 11043 nodes in table
# best score 1
2 00aa8002aa000aa8002aa000aa80029a 00002aa800a9a002aa800aaa002aa800 2 1
# 0.5267 seconds
# 15238 nodes in table
# best score 1
4 00aa8002aa000aa8002aa000aa80029c 00002aa800a9a002aa800aaa002a6800 2 1
# 0.4146 seconds
# 26358 nodes in table
# best score -1
6 00a28102aa000aa8002aa000aa80029c 00002a6800a9a002aa800aaa002a6800 3 -1
# 0.6775 seconds
# 46565 nodes in table
# best score 0
8 00a28102aa000aa8002aa000a680029c 00002a3800a9a002aa800aaa002a6800 3 0
# 0.9880 seconds
# 58771 nodes in table
# best score 0
10 00828502aa000aa8002aa000a680029c 0000283840a9a002aa800aaa002a6800 3 0
# 0.6133 seconds
# 84593 nodes in table
# best score 0
12 00029502aa000aa8002aa000a680029c 0000203940a9a002aa800aaa002a6800 3 0
# 1.0942 seconds
# 98957 nodes in table
# best score 0
14 00029102aa100aa8002aa000a680029c 0000203144a9a002aa800aaa002a6800 3 0
# 0.6906 seconds
# 119002 nodes in table
# best score 0
16 00029102a8104aa8002aa000a680029c 0000203144a9a002aa800aaa001a6800 3 0
# 0.7912 seconds
# 133863 nodes in table
# best score 0
18 00029002a8144aa8002aa000a680029c 0000203144a9a002aa800aaa000e6800 3 0
# 0.7368 seconds
# 147893 nodes in table
# best score 0
20 00029002a8140ab8002aa000a680029c 0000203144a9a002aa800aaa400c6800 3 0
# 0.5350 seconds
# 158297 nodes in table
# best score -1
22 00029002a8140ab8002aa1008680029c 0000203144a9a002aa800aaa410c2800 3 -1
# 0.5098 seconds
# 167896 nodes in table
# best score -1
24 00028002a8540ab8002aa1008680029c 0000203144a9a002aa800aaa410c3000 3 -1
# 0.3080 seconds
# 177181 nodes in table
# best score -1
26 0002800288540bb8002aa1008680029c 0000203144a9a002aa8006aa410c3000 3 -1
# 0.4120 seconds
# 182092 nodes in table
# best score 0
28 0002800088540fb8002aa1008680029c 0000203144a9a001aa8006aa410c3000 3 0
# 0.2838 seconds
# 205947 nodes in table
# best score 1
30 0002800088540f98012aa1008680029c 0000203144a9a001aa9006aa41083000 4 1
# 1.2848 seconds
# 267900 nodes in table
# best score 0
32 0002800088540f98012aa1048600029c 0000203144a9a001aa9006ba41082000 4 0
# 2.4535 seconds
# 291681 nodes in table
# best score -1
34 0002800088540f98012aa1048200429c 0000203144a9a001ea9006ba41002000 4 -1
# 0.7908 seconds
# 319802 nodes in table
# best score -1
36 0002800088540f98014aa1048200429c 0000203144a9a001e89046ba41002000 4 -1
# 1.0612 seconds
# 341824 nodes in table
# best score -1
38 0002800088140f98114aa1048200429c 0000203144a9a001e09146ba41002000 4 -1
# 0.8969 seconds
# 344533 nodes in table
# best score -1
40 0002800008140f98114ea1048200429c 000020354429a001e09146ba41002000 3 -1
# 0.0629 seconds
# 371036 nodes in table
# best score -1
42 0002800008040f98114ea104a200429c 000020354429a003c09146ba41002000 5 -1
# 1.0994 seconds
# 390040 nodes in table
# best score 1
44 0002800008040798114ea104a204429c 000020254429e003c09146ba41002000 5 1
# 1.0293 seconds
# 398158 nodes in table
# best score 2
46 0003000008040798114ea104a204429c 000020254428e007c09146ba41002000 5 2
# 0.3613 seconds
# 411917 nodes in table
# best score 3
48 0002004008040798114ea104a204429c 000020254428f007809146ba41002000 5 3
# 0.4671 seconds
# 432704 nodes in table
# best score 5
50 0002004008040798114ea104a214409c 0000002544a8f007809146ba41002000 5 5
# 0.5786 seconds
# 443564 nodes in table
# best score 7
52 0002004008040398114ea104a21c409c 00000025c4a0f007809146ba41002000 4 7
# 0.2965 seconds
# 452545 nodes in table
# best score 7
54 00020040080403d8114ea104a21c401c 00000025c4a0f007809146fa41000000 4 7
# 0.2874 seconds
# 460852 nodes in table
# best score 8
56 00020040080403d8154e2104a21c401c 00000025c4a0f0078091467a41800000 4 8
# 0.2578 seconds
# 472791 nodes in table
# best score 7
58 00020040080403f8154e2100a21c401c 00000005c4a0f0078091567a41800000 5 7
# 0.3599 seconds
# 481294 nodes in table
# best score 10
60 00020040080501f8154e2100a21c401c 00000005c4a0f0078091567e41000000 5 10
# 0.3136 seconds
# 482258 nodes in table
# best score 5
62 00020040080501f8154e2100a21cc00c 00000007c4a0f0078091567e01000000 5 5
# 0.0324 seconds
# 482520 nodes in table
# best score 10000
64 00020040080501f8154e2100a21dc008 00000007c0a0f0078091567e09000000 6 10000
# 0.0084 seconds

