Randseed b70649b0
# 5510 nodes in table
# best score 0
1 002a9002aa000aa8002aa000aa8002aa 00002aa800aaa002aa800aaa002aa800 2 0
# 0.4339 seconds
# 13867 nodes in table
# best score 0
3 002a9002aa004aa0002aa000aa8002aa 00002aa800aaa000aac00aaa002aa800 2 0
# 0.5785 seconds
# 30037 nodes in table
# best score -2
5 000a9402aa004aa0002aa000aa8002aa 00002aa800aaa000aac00aaa002ab000 3 -2
# 0.7914 seconds
# 42312 nodes in table
# best score -2
7 000a9402aa004ac0002aa000aa8002aa 000022a900aaa000aac00aaa002ab000 3 -2
# 0.8314 seconds
# 54290 nodes in table
# best score -1
9 000a9003aa004ac0002aa000aa8002aa 000022a800eaa000aac00aaa002ab000 3 -1
# 0.6043 seconds
# 72342 nodes in table
# best score -1
11 000a1013aa004ac0002aa000aa8002aa 000022a804ea2000aac00aaa002ab000 3 -1
# 0.9621 seconds
# 86555 nodes in table
# best score -1
13 00021113aa004ac0002aa000aa8002aa 000020a844ea2000aac00aaa002ab000 3 -1
# 0.6734 seconds
# 98419 nodes in table
# best score 0
15 00021013ba004ac0002aa000aa8002aa 000020a8447a2000aac00aaa002ab000 3 0
# 0.5011 seconds
# 110324 nodes in table
# best score 0
17 00029013ba000ac0002aa000aa8002aa 000000ac447a2000aac00aaa002ab000 3 0
# 0.5603 seconds
# 123345 nodes in table
# best score 1
19 00029013ba000ac0002aa000aa81028a 000000ac447a2000aa800eaa002ab000 3 1
# 0.4622 seconds
# 133648 nodes in table
# best score 2
21 00029013ba000ac0002aa000aa81018a 0000006c447a2000aa800eaa002ab000 3 2
# 0.4390 seconds
# 140350 nodes in table
# best score 2
23 00029013b2040ac0002aa000aa81018a 0000006c447a2000aa800eaa002cb000 3 2
# 0.2224 seconds
# 146604 nodes in table
# best score 2
25 00029013b2040ac0002ac000aa81018a 0000006c447a2000aa800eac002cb000 3 2
# 0.1969 seconds
# 151883 nodes in table
# best score 2
27 00029013b2040ac0002ac000ab01018a 0000006c447a2000aa800eac002c7000 3 2
# 0.1730 seconds
# 156957 nodes in table
# best score 2
29 00029013b2040b80002ac000ab01018a 0000002c447aa000aa800eac002c7000 3 2
# 0.2726 seconds
# 163137 nodes in table
# best score 3
31 00029013b2040b800022c100ab01018a 0000002c447aa000aa8006ac402c7000 3 3
# 0.2069 seconds
# 167479 nodes in table
# best score 5
33 00029013b2040b800022c100bb00018a 0000002c447aa000aa8006ac401c7000 3 5
# 0.1342 seconds
# 172924 nodes in table
# best score 5
35 00029013b2040b800022c110ba00018a 0000002c047aa400aa8006ac401c7000 3 5
# 0.2524 seconds
# 177437 nodes in table
# best score 5
37 00029013b2040b800023c110b800018a 0000002c0472a400aa9006ac401c7000 3 5
# 0.2287 seconds
# 180589 nodes in table
# best score 5
39 00029013b2040b800023c050b800018a 0000002c0472a400ab1006ac401c7000 3 5
# 0.1020 seconds
# 200096 nodes in table
# best score 6
41 00039013b0040b800023c050b800018a 0000002c0472a4009b1006ac401c7000 4 6
# 0.8188 seconds
# 209782 nodes in table
# best score 0
43 00039013b0040b8000238050b802018a 0000000c0472e4009b1006ac401c7000 3 0
# 0.3956 seconds
# 224655 nodes in table
# best score 4
45 00039043b0040b8000238050b802018a 0000000c0472e4009a1046ac401c7000 4 4
# 0.7853 seconds
# 242535 nodes in table
# best score 3
47 00031043b8040b8000238050b802018a 0000000c0472e4009e1046a8401c7000 4 3
# 0.9347 seconds
# 252306 nodes in table
# best score 3
49 00031043b8040b8000238050b802018c 0000000c0470e4409e1046a8401c7000 4 3
# 0.3991 seconds
# 261024 nodes in table
# best score 6
51 00031043b8040b8000238050b8020198 0000000c0470e4009e1046a8411c7000 4 6
# 0.3056 seconds
# 263602 nodes in table
# best score 5
53 00021043f8040b8000238050b8020198 0000000c0470c4109e1046a8411c7000 3 5
# 0.1129 seconds
# 272616 nodes in table
# best score 17
55 00021043f804038100238050b8020198 0000000c04708410be1046a8411c7000 4 17
# 0.3978 seconds
# 277627 nodes in table
# best score 17
57 00021043f804038000638050b8020198 0000000c04e08410be1046a8411c7000 4 17
# 0.2507 seconds
# 284473 nodes in table
# best score 17
59 00001063f804038000638050b8020198 0000000c04e08410fe1042a8411c7000 5 17
# 0.3401 seconds
# 286309 nodes in table
# best score 18
61 00011063f804018000638050b8020198 0000001404e08410fe1042a8411c7000 4 18
# 0.1125 seconds
# 290011 nodes in table
# best score 18
63 00011063f804018000238450b8020198 0000001404e08410fe104288451c7000 4 18
# 0.2494 seconds
# 290091 nodes in table
# best score 10000
65 00011063f80401800023845098060198 0000001404e08410fe10438845187000 4 10000
# 0.0029 seconds
# 290096 nodes in table
# best score 10000
67 00011063f80401800023844098070198 0000001404e08410fe10438847087000 7 10000
# 0.0004 seconds

