Randseed b70ec7d3
# 5769 nodes in table
# best score 1
0 00aa8002aa000aa8002aa000aa8002aa 00002aa800aaa002aa800aaa002aa800 2 1
# 0.4994 seconds
# 11497 nodes in table
# best score 2
2 00aa8002aa000aa8002aa000aa8002ca 00002aa800aaa002ab000aaa002aa800 2 2
# 0.4552 seconds
# 15421 nodes in table
# best score 2
4 00aa0012aa000aa8002aa000aa8002ca 000022a900aaa002ab000aaa002aa800 2 2
# 0.2687 seconds
# 26338 nodes in table
# best score 0
6 006a0012aa000aa8002aa000aa8002ca 000022a900aaa002ab000aac002aa800 3 0
# 0.6760 seconds
# 40083 nodes in table
# best score 0
8 006a0012aa004aa0002aa000aa8002ca 000022a900aaa002ab000aac002ab000 3 0
# 0.6220 seconds
# 53314 nodes in table
# best score 1
10 00680052aa004aa0002aa000aa8002ca 000022a900aaa002ab0006ac002ab000 3 1
# 0.6057 seconds
# 65207 nodes in table
# best score 0
12 006800529a004aa0002aa000aa8002ca 0000228904aaa002ab0006ac002ab000 3 0
# 0.5285 seconds
# 76366 nodes in table
# best score 1
14 006800529a004aa0002aa000aa9000ca 0000228904aaa001ab0006ac002ab000 3 1
# 0.4676 seconds
# 83730 nodes in table
# best score 1
16 006800528a014aa0002aa000aa9000ca 0000228904aaa1018b0006ac002ab000 3 1
# 0.3188 seconds
# 93864 nodes in table
# best score 2
18 006800508a414aa0002aa000aa9000ca 0000228904aaa1018e0006ac002ab000 3 2
# 0.5331 seconds
# 99625 nodes in table
# best score 2
20 006800508a414aa0002aa000aa94008a 0000228904aaa101860046ac002ab000 3 2
# 0.2305 seconds
# 105129 nodes in table
# best score 2
22 006800508a414aa0002a2010aa94008a 0000228904aaa100861046ac002ab000 3 2
# 0.2826 seconds
# 111414 nodes in table
# best score 2
24 006800508a414aa0002a2000aa94408a 0000228904aaa100061046ac402ab000 3 2
# 0.2956 seconds
# 152779 nodes in table
# best score 3
26 006800508a414aa0002a2000ab944082 0000228904baa000061046ac402ab000 4 3
# 1.9113 seconds
# 171333 nodes in table
# best score 4
28 006800508a414aa0002a2100ab944002 0000228904baa0000610462c502ab000 4 4
# 0.8746 seconds
# 186343 nodes in table
# best score 4
30 006800508a414a60002a2100ab944002 0000228904baa00006004e2c502ab000 4 4
# 1.0133 seconds
# 197044 nodes in table
# best score 4
32 006800508a414a6000282140ab944002 0000228904baa00006004e0c542ab000 4 4
# 0.5316 seconds
# 208836 nodes in table
# best score 4
34 006800508a414a60002821402b944202 0000228904baa00006004e0d540ab000 4 4
# 0.6170 seconds
# 219197 nodes in table
# best score 5
36 006800508a414a60002821402b844302 0000228904baa00006104e0c540ab000 4 5
# 0.4276 seconds
# 232046 nodes in table
# best score 5
38 006800508a414a61000821402b844302 0000228105baa00006104e0c540ab000 4 5
# 0.4657 seconds
# 239939 nodes in table
# best score 6
40 006800508a414a61000821402b844182 0000228105baa00086104e0c5402b000 4 6
# 0.3007 seconds
# 253072 nodes in table
# best score 4
42 006800508a414e60000821402b844182 0000228105baa000c610460c5402b000 5 4
# 0.8457 seconds
# 265981 nodes in table
# best score 5
44 006800508a414e60000821c02b844082 0000230105baa000c610460c5402b000 5 5
# 0.7040 seconds
# 285623 nodes in table
# best score 5
46 006800508a414e60000821e02b844002 0000220145baa000c610460c5402b000 5 5
# 0.8468 seconds
# 308223 nodes in table
# best score 5
48 006800508a414e60000021f02b844002 0000200145bea000c610460c5402b000 5 5
# 1.1202 seconds
# 320394 nodes in table
# best score 5
50 006800508a414e60000021f02b844004 0000200305bea000c610460c5402b000 5 5
# 0.4854 seconds
# 346537 nodes in table
# best score 6
52 006800508a014f60000021f02b844004 0000200305bea010c210460c5402b000 5 6
# 0.8146 seconds
# 369095 nodes in table
# best score 10
54 006800508a0147e0000021f02b844004 0000200301bea018c210460c5402b000 5 10
# 0.8878 seconds
# 376134 nodes in table
# best score 11
56 006800408e0147e0000021f02b844004 0000200301be201cc210460c5402b000 4 11
# 0.4993 seconds
# 384727 nodes in table
# best score 11
58 006804400e0147e0000021f02b844004 0000100301be201cc210460c5402b000 4 11
# 0.3506 seconds
# 393045 nodes in table
# best score 11
60 006804400e0107e0200021f02b844004 0000100301fc201cc210460c5402b000 5 11
# 0.3948 seconds
# 433175 nodes in table
# best score 13
62 006804400e0107e0200421f023844004 0000100201fc281cc210460c5402b000 6 13
# 1.3327 seconds
# 438744 nodes in table
# best score 12
64 007004400e0107e0200421f023844004 0000100201fc281cc210460c5003b000 5 12
# 0.2664 seconds
# 458800 nodes in table
# best score 14
66 003006400e0107e0200421f023844004 0000100201fc281cc210460c50033040 6 14
# 0.7781 seconds
# 461048 nodes in table
# best score 16
68 001007400e0107e0200421f023844004 0000100201fc281cc210460c50031840 4 16
# 0.1353 seconds
# 478859 nodes in table
# best score 15
70 001007c00e0107e0200421f023840004 0000100201fc281cc210460c40039840 7 15
# 0.8464 seconds
# 478913 nodes in table
# best score 10000
72 001007c00e0107e0200421f023842000 0000100201fc281d8210460c40039840 7 10000
# 0.0057 seconds

