Randseed b70fa402
# 6051 nodes in table
# best score 0
1 00aa8002aa1008a8002aa000aa8002aa 00002aa800aaa002aa800aaa002aa800 2 0
# 0.5032 seconds
# 10738 nodes in table
# best score 0
3 00aa0012aa1008a8002aa000aa8002aa 00002aa800aaa000aac00aaa002aa800 2 0
# 0.5365 seconds
# 31268 nodes in table
# best score -2
5 00aa0012aa1008a8012a8000aa8002aa 00002aa800aaa000aa401aaa002aa800 3 -2
# 1.2225 seconds
# 50600 nodes in table
# best score -1
7 00aa0012aa1008a8012a8000ab0002aa 00002aa001aaa000aa401aaa002aa800 3 -1
# 1.1370 seconds
# 68535 nodes in table
# best score -1
9 00aa0002ae1008a8012a8000ab0002aa 00002aa000aae000aa401aaa002aa800 3 -1
# 0.8048 seconds
# 80835 nodes in table
# best score -1
11 00aa0002ae1008b8002a8000ab0002aa 00002ac000aae000aa401aaa002aa800 3 -1
# 0.6340 seconds
# 91256 nodes in table
# best score -1
13 00aa0002bc1008b8002a8000ab0002aa 00002ac000abc000aa401aaa002aa800 3 -1
# 0.5164 seconds
# 103566 nodes in table
# best score -1
15 008a0402bc1008b8002a8000ab0002aa 00002b8000abc000aa401aaa002aa800 3 -1
# 0.5714 seconds
# 113408 nodes in table
# best score -1
17 000a1402bc1008b8002a8000ab0002aa 00002b0040abc000aa401aaa002aa800 3 -1
# 0.4418 seconds
# 123974 nodes in table
# best score 0
19 000a1402b81408b8002a8000ab0002aa 0000230140abc000aa401aaa002aa800 3 0
# 0.4511 seconds
# 131271 nodes in table
# best score 0
21 000a1402b81408b0042a8000ab0002aa 0000230140ab8040aa401aaa002aa800 3 0
# 0.2981 seconds
# 137790 nodes in table
# best score 0
23 000a1402b01408b0142a8000ab0002aa 0000230040eb8040aa401aaa002aa800 3 0
# 0.1845 seconds
# 144036 nodes in table
# best score 1
25 000a1402b01408b0142a8000ab01028a 0000230040eb8040aa001eaa002aa800 3 1
# 0.1661 seconds
# 149890 nodes in table
# best score 1
27 00061402b01408b0142a8000ab01028a 0000230040eb0040aa011eaa002aa800 3 1
# 0.1547 seconds
# 156442 nodes in table
# best score 1
29 00041482b01408b0142a8000ab01028a 0000230040ea0040aa011eba002aa800 3 1
# 0.2001 seconds
# 164788 nodes in table
# best score 3
31 00041083b01408b0142a8000ab01028a 0000230040e80040aa011efa002aa800 3 3
# 0.2203 seconds
# 169122 nodes in table
# best score 3
33 00041083b01408b014228100ab01028a 0000230040e80040aa010efe002aa800 3 3
# 0.1856 seconds
# 179660 nodes in table
# best score 1
35 00001083b01408b014268100ab01028a 0000220040e80140aa010efe002aa800 3 1
# 0.2609 seconds
# 215883 nodes in table
# best score 3
37 00001003b01408b0142e8100ab01028a 0000220040e80140aa1106fe002aa800 4 3
# 1.4938 seconds
# 220445 nodes in table
# best score 1
39 00001003b01408b0142e8100aa01428a 0000220040680540aa1106fe002aa800 3 1
# 0.1947 seconds
# 255172 nodes in table
# best score 1
41 00001003a01408b0142e8100aa05428a 0000220040680540aa1106fc102aa800 4 1
# 1.0251 seconds
# 266893 nodes in table
# best score 2
43 00001003a01408b0142e8100aa05418a 00002200406807408a1106fc102aa800 4 2
# 0.4827 seconds
# 289570 nodes in table
# best score 3
45 00001003a01408b0142e8100aa05418c 00000204406807408a1106fc102aa800 4 3
# 0.9254 seconds
# 302334 nodes in table
# best score 3
47 00001003a01408b0142e8100a805419c 00000204406807408a1106f8142aa800 4 3
# 0.4935 seconds
# 334429 nodes in table
# best score 0
49 00001003a01408b0142e8100a00541bc 00000204406807408a1106f8142ab000 5 0
# 1.0929 seconds
# 346240 nodes in table
# best score 0
51 00001003a01408b0142e8100a00501fc 00000204406807408a1102f8542ab000 5 0
# 0.3902 seconds
# 352440 nodes in table
# best score 1
53 00001003a01608b0142e8100a00401fc 00000204406807408a1102f8541ab000 5 1
# 0.3128 seconds
# 358364 nodes in table
# best score 2
55 00001003a01708b0142e8100a00401f8 0000020440e807408a1102f8540ab000 5 2
# 0.2594 seconds
# 362215 nodes in table
# best score 5
57 00001003a01708b0142e8100a00403f0 0000030040e807408a1102f8540ab000 5 5
# 0.2207 seconds
# 366640 nodes in table
# best score 5
59 00001003a01708b0142e8100a01403e0 0000038040e807408a1102f85402b000 5 5
# 0.1919 seconds
# 370041 nodes in table
# best score 5
61 00001003a01708b0142e8500a01403c0 000003c040e807408a1102f81402b000 5 5
# 0.1611 seconds
# 374315 nodes in table
# best score 5
63 00001003a01708b1142e0500a01403c0 000003c040e807408a1102f81400f000 7 5
# 0.3153 seconds
# 375987 nodes in table
# best score 6
65 00001003a01788a1142e0500a01403c0 000003c040e807408a1142f80400f000 6 6
# 0.0842 seconds
# 377547 nodes in table
# best score 5
67 00000403a01788a1142e0500a01403c0 000003c040e807008b1142f80400f000 7 5
# 0.0933 seconds
# 380869 nodes in table
# best score 4
69 00000403a41788a1102e0500a01403c0 000003c040e807088b1142f80400e000 8 4
# 0.1748 seconds
# 381216 nodes in table
# best score 3
71 00000403a6178881102e0500a01403c0 000003e040e807088b1140f80400e000 7 3
# 0.0433 seconds
# 381840 nodes in table
# best score 3
73 00200401a6178881102e0500a01403c0 000003f040e807088b0140f80400e000 7 3
# 0.0323 seconds
# 381840 nodes in table
# best score 10000
75 00300401a6078881102e0500a01403c0 000003f040e8070c8b0140f80400c000 8 10000
# 0.0010 seconds
# 381840 nodes in table
# best score 10000
77 00380400a6078881102e0500a01403c0 000003f040e8270c8b0140f804008000 8 10000
# 0.0007 seconds
# 381843 nodes in table
# best score 10000
79 0038040086079881102e0500a01403c0 000003f84068270c8b0140f804008000 8 10000
# 0.0002 seconds

