Randseed b718fa79
# 5691 nodes in table
# best score 1
0 00aa8002aa000aa8002aa000aa8002aa 00002aa800aaa002aa800aaa002aa800 2 1
# 0.4715 seconds
# 11239 nodes in table
# best score 1
2 00aa8002aa000aa8002aa000aa8002ac 00002aa800b2a002aa800aaa002aa800 2 1
# 0.4577 seconds
# 15692 nodes in table
# best score 1
4 00aa8002aa000aa8002aa000aa80029c 00002aa800b2a002aa800aaa002ca800 2 1
# 0.2968 seconds
# 29576 nodes in table
# best score 0
6 00a28102aa000aa8002aa000aa80029c 00002aa800b2a001aa800aaa002ca800 3 0
# 0.8140 seconds
# 45500 nodes in table
# best score 0
8 00828502aa000aa8002aa000aa80029c 00001aa800b2a001aa800aaa002ca800 3 0
# 1.0663 seconds
# 58423 nodes in table
# best score 0
10 00828502aa000aa8002aa000aa804298 00001aa800b2a001aa800b2a002ca800 3 0
# 0.6984 seconds
# 67189 nodes in table
# best score 1
12 00828501aa000aa8002aa000aa804298 00001aa800b2a001aa804b22002ca800 3 1
# 0.5352 seconds
# 75632 nodes in table
# best score 0
14 00828501aa000aa8002aa000a6804298 00001aa80072a001aa804b22002ca800 3 0
# 0.3799 seconds
# 84632 nodes in table
# best score 0
16 00828501aa000aa8002aa000a7004298 00001aa80062a401aa804b22002ca800 3 0
# 0.4585 seconds
# 91631 nodes in table
# best score -1
18 00828501aa0008a8402aa000a7004298 00001aa80062a401aa804b22001ca800 3 -1
# 0.3482 seconds
# 97799 nodes in table
# best score -2
20 00828501aa0008a8402aa000a7004198 00001aa80062a401aa804722001ca800 3 -2
# 0.2574 seconds
# 103464 nodes in table
# best score -2
22 00828501aa0008a85028a000a7004198 00001aa80062a401ab800722001ca800 3 -2
# 0.2935 seconds
# 107847 nodes in table
# best score -2
24 00828501aa0008a81038a000a7004198 00001aa80062a401ab800722001c9800 3 -2
# 0.1841 seconds
# 112195 nodes in table
# best score -2
26 00428501aa0008a81038a000a7004198 00001aa804622401ab800722001c9800 3 -2
# 0.2788 seconds
# 129218 nodes in table
# best score 1
28 00428501aa0008a81038a00067004198 00001aa814602401ab800722001c9800 4 1
# 0.8954 seconds
# 142311 nodes in table
# best score 3
30 00420511aa0008a81038a00067004198 00001aa814602405a9800722001c9800 4 3
# 0.7037 seconds
# 158674 nodes in table
# best score 4
32 00400551aa0008a81038a00067004198 00001aa814602405a9800722005c8800 4 4
# 0.9054 seconds
# 183273 nodes in table
# best score 4
34 00400551aa0008a81038a01066004198 00001aa814602405c9800722005c8800 4 4
# 1.2797 seconds
# 197576 nodes in table
# best score 5
36 00400551aa0010a81038a01066004198 00001aa814602405c8801722005c8800 4 5
# 0.8994 seconds
# 217948 nodes in table
# best score 6
38 00400550ea0010a81038a01066004198 00001aa814602405c0811722005c8800 4 6
# 1.0312 seconds
# 229287 nodes in table
# best score 6
40 00200550ea0010a81038a01066004198 00001aa015602405c0811722005c8800 4 6
# 0.6307 seconds
# 245645 nodes in table
# best score 6
42 00200550ea0050a01038a01066004198 00001aa215602404c0811722005c8800 4 6
# 0.7917 seconds
# 267939 nodes in table
# best score 7
44 00200550ea0050a01038a01036004198 00011aa211602404c0811722005c8800 4 7
# 1.3204 seconds
# 279180 nodes in table
# best score 8
46 00200550ea0050e00038a01036004198 00011aa211602404c0801762005c8800 4 8
# 0.5430 seconds
# 289014 nodes in table
# best score 6
48 00200550ea0050e00038a0103e004188 00011aa211602404c0801762005d0800 4 6
# 0.6546 seconds
# 294826 nodes in table
# best score 6
50 00200550ea0040e20038a0103e004188 00011aa211602404c0801762004f0800 4 6
# 0.3257 seconds
# 309830 nodes in table
# best score 5
52 00200550ee0000e20038a0103e004188 00011aa211602404c08017c2004f0800 5 5
# 0.6077 seconds
# 314228 nodes in table
# best score 5
54 00200550ee0000e10038a0103e004188 00011aa211602404c08017c2404e0800 5 5
# 0.1387 seconds
# 322481 nodes in table
# best score 8
56 00200550ee0000e0003ca0103e004188 00011aaa11602404c08017c2404e0000 5 8
# 0.3436 seconds
# 331847 nodes in table
# best score 9
58 00200550ee0000e0043ca0103e004180 00015aaa11602404c08017c2400e0000 5 9
# 0.3808 seconds
# 342464 nodes in table
# best score 10
60 00200550ee0000e0043ce0101e004180 0001daaa11602404c08017c0400e0000 5 10
# 0.2774 seconds
# 355593 nodes in table
# best score 11
62 00200550ee0400e0043ce0100e004180 0005daaa01602404c08017c0400e0000 5 11
# 0.5488 seconds
# 360416 nodes in table
# best score 13
64 00200540fe0400e0043ce0100e004180 0007daaa01602404c08007c0400e0000 4 13
# 0.2719 seconds
# 364333 nodes in table
# best score 12
66 00200500fe0400e0143ce0100e004180 0007daaa01602405808007c0400e0000 5 12
# 0.1522 seconds
# 364480 nodes in table
# best score 10000
68 00200500fc0400e0343ce0100e004180 000fda8a01602405808007c0400e0000 7 10000
# 0.0043 seconds
# 364497 nodes in table
# best score 10000
70 00200500f80400e0343ce0100e014180 001fda8a01602405800007c0400e0000 7 10000
# 0.0005 seconds
# 364502 nodes in table
# best score 10000
72 00200500f80400e0343ce0100e0140c0 001fda8a0160240580000f80400e0000 7 10000
# 0.0002 seconds

