Randseed b719b2b7
# 5251 nodes in table
# best score 0
1 00aa8002aa000aa8002aa000aa9000aa 00002aa800aaa002aa800aaa002aa800 2 0
# 0.6374 seconds
# 9770 nodes in table
# best score 1
3 00aa8002aa000aa8002aa000aa91008a 00002aa001aaa002aa800aaa002aa800 2 1
# 0.3108 seconds
# 13917 nodes in table
# best score 1
5 00aa8002aa000ca8002aa000aa91008a 00002aa001aaa002aa800aaa002ab000 2 1
# 0.4539 seconds
# 24952 nodes in table
# best score 0
7 00aa8002aa000ca80022a100aa91008a 00002aa001aaa002aa800aaa0026b000 3 0
# 0.5504 seconds
# 36430 nodes in table
# best score 0
9 00aa8002aa000ca80022a100a991008a 00002aa001aaa002aa800aaa00267000 3 0
# 0.6591 seconds
# 48359 nodes in table
# best score 0
11 00aa8002a8004ca80022a100a991008a 00002aa001aaa002aa800aac00267000 3 0
# 0.5422 seconds
# 56595 nodes in table
# best score 1
13 00aa8002a8004ca80022a100e981008a 00002aa001aaa002aa800a2c10267000 3 1
# 0.4272 seconds
# 64847 nodes in table
# best score 1
15 00aa8002a8004ca804222100e981008a 00002aa001aaa002aa800c2c10267000 3 1
# 0.3295 seconds
# 70081 nodes in table
# best score 2
17 008a8402a8004ca804222100e981008a 00002aa0016aa002aa800c2c10267000 3 2
# 0.2151 seconds
# 74834 nodes in table
# best score 3
19 00888442a8004ca804222100e981008a 00002aa0016a2012aa800c2c10267000 3 3
# 0.2553 seconds
# 80010 nodes in table
# best score 4
21 00888442a8004c6804222100e981008a 00001aa0016a2012aa800c2c10267000 3 4
# 0.1891 seconds
# 82857 nodes in table
# best score 4
23 00888442a8004c6804202140e981008a 00001aa0016a2012aa800c2d10067000 3 4
# 0.1666 seconds
# 85938 nodes in table
# best score 4
25 00888442a8014c6800202140e981008a 000018a0416a2012aa800c2d10067000 3 4
# 0.1840 seconds
# 102806 nodes in table
# best score 7
27 00880452a8014c6800202140e981008a 000018a0416a2002ab800c2d10067000 4 7
# 0.8618 seconds
# 116490 nodes in table
# best score 7
29 00800552a8014c6800202140e981008a 000018a0416a2001ab800c2d10067000 4 7
# 1.1277 seconds
# 140024 nodes in table
# best score 8
31 00800552a8014c6800204140e981008a 00001820516a2001ab800c2d10067000 4 8
# 1.6206 seconds
# 164731 nodes in table
# best score 9
33 00800552b8014c2800204140e981008a 00001820416e2001ab800c2d10067000 4 9
# 1.6006 seconds
# 184266 nodes in table
# best score 8
35 00800512b801cc2800204140e981008a 00001820417c2001ab800c2d10067000 4 8
# 1.5914 seconds
# 192619 nodes in table
# best score 8
37 00800512ba01cc2000204140e981008a 00001820417c2001ab800c1d10067000 4 8
# 0.6975 seconds
# 206734 nodes in table
# best score 8
39 00800512ba01cc2000208140e981008a 00001821017c2001ab800c1d10067000 4 8
# 0.9989 seconds
# 212204 nodes in table
# best score 7
41 00800412ba01cc2004208140e981008a 00001821017c2001ab800e1c10067000 4 7
# 0.4778 seconds
# 224413 nodes in table
# best score 6
43 00800412ba01cc2004208140eb01008a 00001821017c2001ab800e9c10027000 4 6
# 0.6017 seconds
# 259012 nodes in table
# best score 4
45 00800012fa01cc2004208140eb01008a 00001821017c2001a9802e9c10027000 5 4
# 1.1920 seconds
# 285018 nodes in table
# best score 3
47 008000127a01cc2004218140eb01008a 00001821017c2001a990269c10027000 5 3
# 1.0213 seconds
# 304356 nodes in table
# best score 3
49 008000127a01cc2004208150eb01008a 00001821017c2005a990268c10027000 5 3
# 0.9785 seconds
# 322605 nodes in table
# best score 2
51 008000127a01cc2004208170ea01008a 00001821017c2005a990268410827000 5 2
# 0.7235 seconds
# 345883 nodes in table
# best score 2
53 008000127a01cc2004208170ea01008c 00001821017c2005b190268410827000 5 2
# 0.5901 seconds
# 362981 nodes in table
# best score 2
55 008000127a01cc2004208170ea05000c 00001821017c2005b194268410807000 5 2
# 0.4685 seconds
# 370870 nodes in table
# best score 1
57 008000123a01cc2004208170ea07000c 00001821017c2005e194268410807000 5 1
# 0.2248 seconds
# 376859 nodes in table
# best score 1
59 010000123a01cc2004208170ea07000c 00001821017c2105e194268400807000 5 1
# 0.1536 seconds
# 404586 nodes in table
# best score 1
61 000020123a01cc2004208170ea07000c 00001c21017c2104e194268400807000 7 1
# 1.2070 seconds
# 418004 nodes in table
# best score 1
63 000000163a01cc2004208170ea07000c 00001e21017c2104e194260400807000 7 1
# 0.6172 seconds
# 430990 nodes in table
# best score 1
65 000000143a81cc2004208170ea07000c 00001f2101782104e194260400807000 8 1
# 0.5949 seconds
# 433459 nodes in table
# best score 1
67 000000143a81d82004208170ea07000c 00001f2901782104e194260400803000 8 1
# 0.2014 seconds
# 433682 nodes in table
# best score 10000
69 000000103a81d82104208170ea07000c 00001fa901782104e190260400803000 8 10000
# 0.0313 seconds
# 433689 nodes in table
# best score 10000
71 000000103a81d82104208170ea074008 00001fe901382104e190260400803000 11 10000
# 0.0073 seconds
# 433689 nodes in table
# best score 10000
73 000000101a81d82104208171ea074008 00010fe901382104e190260400803000 15 10000
# 0.0018 seconds
# 433690 nodes in table
# best score 10000
75 000000101a81d82104208971ea074000 00014fe901382104e190260400801000 15 10000
# 0.0005 seconds

