Randseed b722cae8
# 5847 nodes in table
# best score 1
0 00aa8002aa000aa8002aa000aa8002aa 00002aa800aaa002aa800aaa002aa800 2 1
# 0.4726 seconds
# 14613 nodes in table
# best score 1
2 00aa8002aa000aa8002aa000aa80029a 00002aa800aaa002aa800aaa002b2800 2 1
# 0.6683 seconds
# 20509 nodes in table
# best score 1
4 00aa8002aa000aa8002aa000aa80029c 00002ab000aaa002aa800aaa002b2800 2 1
# 0.3485 seconds
# 34948 nodes in table
# best score -1
6 00aa8002aa000aa8002aa000aa84021c 00002ab000aaa002aa800aaa00332800 3 -1
# 0.9835 seconds
# 54326 nodes in table
# best score -1
8 00aa8002aa000aa8002aa000b284021c 00002ab000aaa002aa800aaa00333000 3 -1
# 1.1345 seconds
# 72789 nodes in table
# best score -2
10 00aa8002aa000aa8002aa0007284021c 00002ab000aaa002aa800aaa01332000 3 -2
# 0.9871 seconds
# 82485 nodes in table
# best score -1
12 00aa8002aa000aa8002aa0007284420c 00002ab000aaa002aa800aca01332000 3 -1
# 0.4329 seconds
# 89597 nodes in table
# best score -1
14 00aa8002aa000aa8002aa1006284420c 00002b3000aaa002aa800aca01332000 3 -1
# 0.4002 seconds
# 96543 nodes in table
# best score 0
16 00aa8002aa000aa8002ea1006280420c 00002b3000a2a102aa800aca01332000 3 0
# 0.4523 seconds
# 101775 nodes in table
# best score 1
18 002a9002aa000aa8002ea1006280420c 0000273000a2a102aa800aca01332000 3 1
# 0.3150 seconds
# 109128 nodes in table
# best score 1
20 002a9002aa000aa8002ea1046200420c 0000273000a2a102aa801ac801332000 3 1
# 0.3328 seconds
# 115532 nodes in table
# best score 4
22 002a9002aa000aa8002ea11462004208 0000273000a2a106aa800ac801332000 3 4
# 0.3710 seconds
# 121800 nodes in table
# best score 4
24 002a9002aa000aa8002ee11462004200 0000273000a2e106aa000ac801332000 3 4
# 0.2245 seconds
# 126619 nodes in table
# best score 5
26 002a9002ac000aa8002ee11462004200 0000073400a2e106aa000ac801332000 3 5
# 0.2026 seconds
# 140136 nodes in table
# best score 5
28 002a9002ac000aa8042ee11062004200 0000073400a2e106aa000a8811332000 3 5
# 0.4811 seconds
# 148202 nodes in table
# best score 7
30 002a9002ac000aa8042ee11062004100 0000073400a2e106aa000a0811372000 3 7
# 0.3086 seconds
# 155644 nodes in table
# best score 8
32 002a9002ac000aa8042ee11062084000 0000033440a2e106aa000a0811372000 3 8
# 0.2411 seconds
# 164203 nodes in table
# best score 10
34 002a9002a8010aa8042ee11062084000 0000033442a2e102aa000a0811372000 3 10
# 0.2794 seconds
# 170297 nodes in table
# best score 10
36 002a9002a8010aa0052ee11062084000 0000033442a2e112a8000a0811372000 3 10
# 0.3370 seconds
# 175145 nodes in table
# best score 10
38 002a9002a8010ae0042ee11062084000 0000037442a2c112a8000a0811372000 3 10
# 0.2479 seconds
# 182951 nodes in table
# best score 10
40 002a9002a8010ae0142ec11062084000 0000037442aac11288000a0811372000 3 10
# 0.3623 seconds
# 207238 nodes in table
# best score 14
42 002a8002a8410ae0142ec11062084000 0000037442aac11188000a0811372000 4 14
# 1.0236 seconds
# 233122 nodes in table
# best score 15
44 002a8002a0410ae0542ec11062084000 000003f442aac10188000a0811372000 4 15
# 1.2089 seconds
# 240803 nodes in table
# best score 15
46 002a800280450ae0542ec11062084000 000003f442bac00188000a0811372000 4 15
# 0.3877 seconds
# 250349 nodes in table
# best score 16
48 002a800280440ee0542ec11062084000 000003f442bac0018800060811372000 4 16
# 0.3643 seconds
# 258931 nodes in table
# best score 14
50 002a800280400ee0543ec11062084000 000003f442bac0018800060011372004 5 14
# 0.5106 seconds
# 271258 nodes in table
# best score 15
52 002a800380400ee0543ec11062004000 000003f442bac0030800060011372004 6 15
# 0.6126 seconds
# 272332 nodes in table
# best score 10000
54 002a840380400ee0543ec11022004000 000003f442bac0030001060011372004 6 10000
# 0.1496 seconds
# 272337 nodes in table
# best score 10000
56 003a840380400ee0543ec11022000000 000003f442bac0030000062011372004 7 10000
# 0.0113 seconds
# 272341 nodes in table
# best score 10000
58 003e840380400ee0541ec11022000000 000003f442bac0010020062011372004 8 10000
# 0.0005 seconds

