Randseed b7235af2
# 6264 nodes in table
# best score 0
1 00aa8002aa000aa8002ac000aa8002aa 00002aa800aaa002aa800aaa002aa800 2 0
# 0.5485 seconds
# 11063 nodes in table
# best score 1
3 00aa8002aa010a88002ac000aa8002aa 00002aa800aaa002aa800aa8006aa800 2 1
# 0.3145 seconds
# 15134 nodes in table
# best score 1
5 00aa80032a010a88002ac000aa8002aa 00002aa800aaa002aa800aa8002ab800 2 1
# 0.3302 seconds
# 24857 nodes in table
# best score 0
7 00aa80032a010a880029c000aa8002aa 00002aa800aaa000aac00aa8002ab800 3 0
# 0.4732 seconds
# 42625 nodes in table
# best score 1
9 00a281032a010a880029c000aa8002aa 00002aa800aaa000aac00aa0012ab800 3 1
# 0.7549 seconds
# 53518 nodes in table
# best score 1
11 00a281032a014a800029c000aa8002aa 00002a2810aaa000aac00aa0012ab800 3 1
# 0.4989 seconds
# 69093 nodes in table
# best score 0
13 00a281032e010a800029c000aa8002aa 00002a2810aaa000aa800ea0012ab800 3 0
# 0.7418 seconds
# 78837 nodes in table
# best score 0
15 002291032e010a800029c000aa8002aa 00002a3010aaa000aa800ea0012ab800 3 0
# 0.5181 seconds
# 89917 nodes in table
# best score 2
17 002191032e010a800029c000aa8002aa 00002a3010aaa000aa800f20012ab800 3 2
# 0.4116 seconds
# 102815 nodes in table
# best score 2
19 002190032e050a800029c000aa8002aa 00002a3010aaa000aa800f20011ab800 3 2
# 0.5680 seconds
# 114125 nodes in table
# best score 2
21 002190032e050a800029c000a68002aa 00002a3010aaa000aa800f20011af000 3 2
# 0.4721 seconds
# 120394 nodes in table
# best score 3
23 002310032e050a800029c000a68002aa 00002a3010aaa000aa800e20411af000 3 3
# 0.3268 seconds
# 132359 nodes in table
# best score 3
25 002310032e050a800029c000a68002ac 00002a6010aaa000aa800e20411af000 3 3
# 0.4310 seconds
# 141323 nodes in table
# best score 4
27 002310032e0506800029c000a68002ac 00002a6010aac000aa800e20411af000 3 4
# 0.4026 seconds
# 148517 nodes in table
# best score 6
29 002310032e0506800029c000a680029c 00002a6010aac000aa800620411ef000 3 6
# 0.3541 seconds
# 205606 nodes in table
# best score 9
31 00230003ae0506800029c000a680029c 00002c6010aac000aa800620411ef000 4 9
# 3.2954 seconds
# 258162 nodes in table
# best score 9
33 00230001ae1506800029c000a680029c 00002c6010a2c100aa800620411ef000 4 9
# 2.8453 seconds
# 294629 nodes in table
# best score 10
35 00230001ac1506a00029c000a680029c 00002c6010a2c000ea800620411ef000 4 10
# 1.4643 seconds
# 343404 nodes in table
# best score 10
37 00260001ac1506a00029c000a680029c 00002c6010a2c000eb000620411ef000 4 10
# 2.1182 seconds
# 369323 nodes in table
# best score 12
39 00260001ec1502a00029c000a680029c 00002c6010a2c000ee000620411ef000 4 12
# 1.0164 seconds
# 391010 nodes in table
# best score 14
41 002c0001ec1502a00029c000a680029c 00002c6010a28010ee000620411ef000 4 14
# 0.9354 seconds
# 412696 nodes in table
# best score 16
43 002c0001e81582a00029c000a680029c 00002c6010a20050ee000620411ef000 4 16
# 0.7725 seconds
# 425665 nodes in table
# best score 16
45 002c0001e81582a00021c100a680029c 00002c6010a20050ee100220411ef000 4 16
# 0.6983 seconds
# 432396 nodes in table
# best score 17
47 002c0001e815c2800021c100a680029c 0000386010a20050ee100220411ef000 4 17
# 0.2565 seconds
# 437018 nodes in table
# best score 19
49 002c0001e815c2800021c100a680019c 0000386010a20040fe100220411ef000 4 19
# 0.1894 seconds
# 459940 nodes in table
# best score 18
51 000c0401e815c2800021c100a680019c 0000386010a20040fc100220411ff000 5 18
# 0.9946 seconds
# 492170 nodes in table
# best score 19
53 000c0401e815c2800021c100a68001b8 0000386010a20440f8100220411ff000 5 19
# 1.0921 seconds
# 525270 nodes in table
# best score 20
55 00080501e815c2800021c100a68001b8 0000386010620440f8100220411ff000 5 20
# 1.1314 seconds
# 527512 nodes in table
# best score 10000
57 00080501e815c2800021c500268001b8 0000306210620440f8100220411ff000 7 10000
# 0.1083 seconds
# 527677 nodes in table
# best score 10000
59 000c0501e815c2000021c500268001b8 000030e210620440f8100220401ff000 6 10000
# 0.0083 seconds
# 527681 nodes in table
# best score 10000
61 000c0501e815c2000021c580068001b8 000030e210620440f8100220481fe000 8 10000
# 0.0003 seconds

