Randseed b72c6fce
# 5565 nodes in table
# best score 1
0 00aa8002aa000aa8002aa000aa8002aa 00002aa800aaa002aa800aaa002aa800 2 1
# 0.5879 seconds
# 9870 nodes in table
# best score 1
2 00a68002aa000aa8002aa000aa8002aa 00002aa800aaa002a2810aaa002aa800 2 1
# 0.3528 seconds
# 14158 nodes in table
# best score 1
4 00a70002aa000aa8002aa000aa8002aa 00002aa800aaa001a2810aaa002aa800 2 1
# 0.2993 seconds
# 25904 nodes in table
# best score 0
6 00a70002aa000aa8002aa000aa9000aa 00002aa8006aa001a2810aaa002aa800 3 0
# 0.6660 seconds
# 36056 nodes in table
# best score 1
8 00a70002aa000aa8000aa400aa9000aa 00002aa8006aa001a28109aa002aa800 3 1
# 0.5477 seconds
# 44018 nodes in table
# best score 1
10 00271002aa000aa8000aa400aa9000aa 00002ac8006aa001a28109aa002aa800 3 1
# 0.3553 seconds
# 58719 nodes in table
# best score 1
12 00271002ac000aa8000aa400aa9000aa 00002ac8006aa001a28109aa042a2800 3 1
# 0.6486 seconds
# 69874 nodes in table
# best score 1
14 00271002ac000aa8000aa400aa9010a8 00002ac8006aa001a28109aa04262800 3 1
# 0.4948 seconds
# 78641 nodes in table
# best score 2
16 00271002ac000aa80008a440aa9010a8 00002ac8006aa001a28109ac04262800 3 2
# 0.4463 seconds
# 87867 nodes in table
# best score 2
18 00071402ac000aa80008a440aa9010a8 00002ac8006aa001a28009bc04262800 3 2
# 0.3133 seconds
# 96648 nodes in table
# best score 2
20 00071402ac000aa80008c440aa9010a8 00002ac8006aa001c28009bc04262800 3 2
# 0.2967 seconds
# 101101 nodes in table
# best score 2
22 000714029c000aa80008c440aa9010a8 00002ac8006aa011c08009bc04262800 3 2
# 0.1385 seconds
# 126420 nodes in table
# best score 4
24 000714028c010aa80008c440aa9010a8 00002ac81068a011c08009bc04262800 4 4
# 1.2550 seconds
# 146514 nodes in table
# best score 3
26 000710028c110aa80008c440aa9010a8 00002ac81068a411808009bc04262800 4 3
# 1.0554 seconds
# 160025 nodes in table
# best score 4
28 000700038c110aa80008c440aa9010a8 00002ac81068a411808009bd04062800 4 4
# 0.7021 seconds
# 180342 nodes in table
# best score 4
30 000700038c114aa00008c440aa9010a8 00002ac81068a41180c009bc04062800 4 4
# 1.2933 seconds
# 208699 nodes in table
# best score 5
32 000700038c114aa00008c400ba9010a8 00002ac81068a41180e001bc04062800 4 5
# 1.3294 seconds
# 225059 nodes in table
# best score 6
34 000700038c114aa00008c400ba911088 00002ac01168a41180e001bc04062800 4 6
# 0.9033 seconds
# 241537 nodes in table
# best score 7
36 000700038c114aa00008c000fa911088 00002bc00168a41180e001bc04062800 4 7
# 0.7796 seconds
# 252144 nodes in table
# best score 7
38 000700038c114aa00008c000f9911088 00002bc00168a41180b001bc04062800 4 7
# 0.6681 seconds
# 260823 nodes in table
# best score 7
40 000700038c114aa00008c000f9911048 00002bc00168a41080b003bc04062800 4 7
# 0.7715 seconds
# 270420 nodes in table
# best score 8
42 000300238c114aa00008c000f9911048 00001bc00168a41080b003bc04062800 4 8
# 0.5766 seconds
# 313068 nodes in table
# best score 7
44 000300238c114aa00008c000f9915040 00001f800168a41080b003bc04062800 5 7
# 1.8196 seconds
# 322398 nodes in table
# best score 7
46 000300238c114aa04000c000f9915040 00001f800168a41080b003fc00062800 5 7
# 0.5136 seconds
# 331030 nodes in table
# best score 7
48 000300238c114ba00000c000f9915040 00001f800068a41480b003fc00062800 5 7
# 0.4244 seconds
# 341087 nodes in table
# best score 8
50 000300238c114ba00000c000f9915020 00001f800068a41c803003fc00062800 5 8
# 0.5544 seconds
# 352100 nodes in table
# best score 10
52 000300238c1153a00000c000f9915020 00001f800068241c813003fc00062800 5 10
# 0.4690 seconds
# 363477 nodes in table
# best score 10
54 000300238c9143a00000c000f9915020 00001f804060241c813003fc00062800 5 10
# 0.6080 seconds
# 370146 nodes in table
# best score 11
56 000100238e9143a00000c000f9915020 00001f804060041c813023fc00062800 5 11
# 0.3211 seconds
# 373977 nodes in table
# best score 12
58 000100238e9103e00000c000f9915020 00001f8040600418813023fe00062800 5 12
# 0.2445 seconds
# 386151 nodes in table
# best score 13
60 000000278e9103e00000c000f9915020 00001f8040600418813023fe00462000 6 13
# 0.4024 seconds
# 404216 nodes in table
# best score 11
62 000000278e9103e004008000f9915020 00001f8040600418813023fe004c2000 7 11
# 0.6664 seconds
# 428819 nodes in table
# best score 12
64 000000278e9103e004008000fb911020 00001f8040600418813023fe040c2000 8 12
# 0.7032 seconds
# 452092 nodes in table
# best score 13
66 000000278e9103e004008000fb914020 00001f8040600418813023fe040c1000 8 13
# 0.8778 seconds
# 471372 nodes in table
# best score 12
68 000000278e9113e004000000fb914020 00041f8000600418813023fe040c1000 8 12
# 0.6373 seconds
# 476029 nodes in table
# best score 10000
70 000000278e9113e200000000fb914020 00041f8000600418813023fe04081100 8 10000
# 0.2261 seconds
# 476688 nodes in table
# best score 10000
72 000000278e9113e200000000fb91c000 00060f8000600418813023fe04081100 8 10000
# 0.0352 seconds
# 476728 nodes in table
# best score 10000
74 000000278e9113e200000400fb11c000 00060f8000600418813023fe04001300 10 10000
# 0.0033 seconds
# 476729 nodes in table
# best score 10000
76 000000278e9113e200000c00fb01c000 00060f8000600418813023fe04001180 11 10000
# 0.0002 seconds

