Randseed b72d3b2f
# 5631 nodes in table
# best score 0
1 00aa8002aa000aa8002aa000aa8001aa 00002aa800aaa002aa800aaa002aa800 2 0
# 0.5491 seconds
# 11114 nodes in table
# best score 0
3 00aa80032a000aa8002aa000aa8001aa 00002aa800aaa002aa800aab000aa800 2 0
# 0.3694 seconds
# 14990 nodes in table
# best score 1
5 00aa80032a000aa8002aa000ca8001aa 00002aa800aaa002aa800aab004aa000 2 1
# 0.2627 seconds
# 28394 nodes in table
# best score 0
7 00aa800328004aa8002aa000ca8001aa 00001aa800aaa002aa800aab004aa000 3 0
# 0.6822 seconds
# 37695 nodes in table
# best score 1
9 00aa800328004aa8042a2000ca8001aa 00001aa800aaa002aa800eaa004aa000 3 1
# 0.4729 seconds
# 51882 nodes in table
# best score 2
11 00aa800328004aa8042a2000ca8001b2 00001aa8006aa002aa800eaa004aa000 3 2
# 0.7767 seconds
# 60763 nodes in table
# best score 3
13 00aa800328004aa8042a2000ca8000f2 00001aa8006aa001aa800eaa004aa000 3 3
# 0.5763 seconds
# 67964 nodes in table
# best score 4
15 00aa8001a8004aa8042a2000ca8000f2 00001aa8006aa001aa9006aa004aa000 3 4
# 0.3852 seconds
# 77605 nodes in table
# best score 5
17 00aa8001a8004aa804282040ca8000f2 00001aa8006aa001aa9006ae000aa000 3 5
# 0.5946 seconds
# 86134 nodes in table
# best score 6
19 00a68001a8004aa804282040ca8000f2 00001aa8006aa001ab1006ae000aa000 3 6
# 0.4622 seconds
# 94213 nodes in table
# best score 7
21 00a38001a8004aa804282040ca8000f2 00001aa8006aa001ab1006ae010a8000 3 7
# 0.4980 seconds
# 106771 nodes in table
# best score 7
23 00a38001a8004aa804282040ca8100e2 00001aa8006aa400ab1006ae010a8000 3 7
# 0.4012 seconds
# 115941 nodes in table
# best score 9
25 00a38001a8014aa800282040ca8100e2 00001ca8006aa400ab1006ae010a8000 3 9
# 0.3457 seconds
# 123487 nodes in table
# best score 8
27 00a38001a8014aa800282040ce810062 00001ca8006aa400ab1006ae01068000 3 8
# 0.3775 seconds
# 127185 nodes in table
# best score 9
29 00a38001a80142a900282040ce810062 00001ca8006aa400ab1046ac01068000 3 9
# 0.1466 seconds
# 131936 nodes in table
# best score 11
31 00a38001a80142a900282040de810022 00001c68006aa400ab1046ac01068000 3 11
# 0.2950 seconds
# 134932 nodes in table
# best score 12
33 00a38001a801432900282040de810022 00001c68006aa400ab1046ac21048000 3 12
# 0.1209 seconds
# 137817 nodes in table
# best score 12
35 00a38001a801432900282040de011022 00001c68006aa400cb1046ac21048000 3 12
# 0.1128 seconds
# 141594 nodes in table
# best score 13
37 00a38001b801430900282040de011022 00001c68006aa400cb1046ac21044000 3 13
# 0.1176 seconds
# 146044 nodes in table
# best score 13
39 00a18011b801430900282040de011022 00001c68006aa400cb10472c21044000 3 13
# 0.1690 seconds
# 174021 nodes in table
# best score 13
41 00a08011ba01430900282040de011022 00001c28046aa400cb10472c21044000 4 13
# 1.4265 seconds
# 197331 nodes in table
# best score 14
43 00608011ba01430900282040de011022 00001c28047aa400cb10472c21004000 4 14
# 0.9810 seconds
# 215278 nodes in table
# best score 14
45 00608011ba014309002820c0dc011022 00001c28047aa410cb10472821004000 4 14
# 1.0594 seconds
# 227143 nodes in table
# best score 15
47 00608011ba014309002820c05c091022 00001c28047ea4108b10472821004000 4 15
# 0.5911 seconds
# 234228 nodes in table
# best score 15
49 00608011ba014309002c20c05c091002 00001c28047ea4108b10472823000000 4 15
# 0.2944 seconds
# 243891 nodes in table
# best score 15
51 00608011fa004309002c20c05c091002 00001c28047ea4108b11470823000000 4 15
# 0.4546 seconds
# 245572 nodes in table
# best score 18
53 00608011fa004309402c20805c091002 00001c28047ea4108f11470821000000 4 18
# 0.1040 seconds
# 262874 nodes in table
# best score 18
55 00608211f2004309402c20805c091002 00001c08047fa4108f11470821000000 6 18
# 0.5595 seconds
# 263890 nodes in table
# best score 10000
57 00600211f6004309402c20805c091002 00001c0a007fa4108f11470821000000 7 10000
# 0.0578 seconds
# 263900 nodes in table
# best score 10000
59 00700210f6004309402c20805c091002 00001c0a007fa4108f91470801000000 7 10000
# 0.0032 seconds
# 263904 nodes in table
# best score 10000
61 00700210f6004308406c20805c091002 00001c02017fa4108f91470801000000 8 10000
# 0.0004 seconds

