Randseed b735391d
# 5532 nodes in table
# best score 1
0 00aa8002aa000aa8002aa000aa8002aa 00002aa800aaa002aa800aaa002aa800 2 1
# 0.5533 seconds
# 10965 nodes in table
# best score 1
2 00aa8002aa000aa8002aa000aa8002ac 00002aa800aaa002aa800aaa002ab000 2 1
# 0.4692 seconds
# 15572 nodes in table
# best score 1
4 006a8002aa000aa8002aa000aa8002ac 00002aa800aaa002aa800aaa002ae000 2 1
# 0.4869 seconds
# 31769 nodes in table
# best score 0
6 006a8002aa000aa8002aa000aa8001ac 00002aa800aaa002aa800aaa002bc000 3 0
# 1.1931 seconds
# 43203 nodes in table
# best score 0
8 006b0002aa000aa8002aa000aa8001ac 00002aa800aaa002aa800aaa002f8000 3 0
# 0.6641 seconds
# 57525 nodes in table
# best score 0
10 006b0001aa000aa8002aa000aa8001ac 00002aa800aaa002aa800aaa003f0000 3 0
# 0.7274 seconds
# 86923 nodes in table
# best score 0
12 002b0401aa000aa8002aa000aa8001ac 00002aa800aaa002aa800aaa103e0000 3 0
# 1.3311 seconds
# 125271 nodes in table
# best score -1
14 000b0401ea000aa8002aa000aa8001ac 00002aa800aaa002aa800aaa501e0000 3 -1
# 1.4533 seconds
# 138104 nodes in table
# best score 2
16 000a0441ea000aa8002aa000aa8001ac 00002aa800aaa002aa800aea500e0000 3 2
# 0.8599 seconds
# 158881 nodes in table
# best score 2
18 00020541ea000aa8002aa000aa8001ac 00002aa800aaa002aa800aec500e0000 3 2
# 0.9628 seconds
# 173962 nodes in table
# best score 2
20 00020540fa000aa8002aa000aa8001ac 00002aa800aaa002aa800af8500e0000 3 2
# 0.7034 seconds
# 197396 nodes in table
# best score 3
22 00020540fa000aa8002aa4002a8001ac 00002aa800aaa002aa810af0500e0000 3 3
# 0.7897 seconds
# 205764 nodes in table
# best score 3
24 00020540fa000aa8042a24002a8001ac 00002aa800aaa002aa850ae0500e0000 3 3
# 0.4061 seconds
# 215766 nodes in table
# best score 2
26 00000540fe000aa8042a24002a8001ac 00002aa800aaa002ea8508e0500e0000 3 2
# 0.4309 seconds
# 224412 nodes in table
# best score 2
28 00000540fc010aa8042a24002a8001ac 00002aa800aaa003ea8508e0100e0000 3 2
# 0.4904 seconds
# 229547 nodes in table
# best score 3
30 00000540fc0106a8042a24002a8001ac 00002aa800aaa003eac508e010060000 3 3
# 0.2700 seconds
# 234734 nodes in table
# best score 4
32 00000540fc1102a8042a24002a8001ac 00002aa800aaa043eac508e010020000 3 4
# 0.2334 seconds
# 239731 nodes in table
# best score 4
34 00000540fc1102a8042a24002a8001b8 00002aa800aaa143eac508e010000000 3 4
# 0.2056 seconds
# 244984 nodes in table
# best score 4
36 00000540fc1102a8042a24002a8400b8 00002aa800aaa543eac508e000000000 3 4
# 0.3093 seconds
# 248925 nodes in table
# best score 5
38 00000540fc1100b8042a24002a8400b8 00002aa800aab543eac500e000000000 3 5
# 0.2192 seconds
# 272269 nodes in table
# best score 6
40 00000540fc0100b8052a24002a8400b8 00002aa900aab543ea8500e000000000 4 6
# 1.1787 seconds
# 289590 nodes in table
# best score 6
42 00000540fc0100b8053a20002a8400b8 00002aa900aab547ea0500e000000000 4 6
# 0.8130 seconds
# 304931 nodes in table
# best score 6
44 00000540fc0100b8053a20002a8500b0 00002aa900aab547e80540e000000000 4 6
# 0.7631 seconds
# 315783 nodes in table
# best score 6
46 00000540fc0500b8013a20002a8500b0 00002aa900aab547e80580e000000000 4 6
# 0.4553 seconds
# 317258 nodes in table
# best score 6
48 00000440fc0500b8113a20002a8500b0 00002aad00aab547e80500e000000000 4 6
# 0.0941 seconds
# 318995 nodes in table
# best score 5
50 00000440fc0500b8113a20003a850030 00002aad00aaf543e80500e000000000 5 5
# 0.0751 seconds
# 320052 nodes in table
# best score 5
52 00000440fc0500b8113a20003e850020 00002aad01aa7543e80500e000000000 5 5
# 0.0499 seconds
# 320068 nodes in table
# best score 10000
54 00000440fc0500b8113820043e850020 00002abd01aa3543e80500e000000000 6 10000
# 0.0012 seconds
# 320074 nodes in table
# best score 10000
56 00000440fc0500b8111821043e850020 00012abd01aa1543e80500e000000000 7 10000
# 0.0003 seconds

