Randseed b7358d56
# 5288 nodes in table
# best score 0
1 00aa8002aa000aa8002aa000aa8002ac 00002aa800aaa002aa800aaa002aa800 2 0
# 0.4480 seconds
# 10150 nodes in table
# best score 0
3 00aa8002aa000aa8002aa000aa8002b8 00002aa001aaa002aa800aaa002aa800 2 0
# 0.4742 seconds
# 14709 nodes in table
# best score 0
5 00aa8002aa000aa8002aa000aa8002f0 00002aa001aaa002aa800aaa001aa800 2 0
# 0.4063 seconds
# 18506 nodes in table
# best score 0
7 00aa8002aa000aa8002aa000aa8003e0 00002aa001aaa002aa800aaa001ac800 2 0
# 0.2864 seconds
# 44192 nodes in table
# best score -1
9 00aa8002aa000aa8002aa000aa8403c0 00002aa001aaa002aac002aa001ac800 3 -1
# 1.4427 seconds
# 55750 nodes in table
# best score -1
11 00aa8002aa000aa8002aa000aa940380 00002aa001aaa002aac002aa400ac800 3 -1
# 0.5540 seconds
# 66684 nodes in table
# best score -1
13 00aa8002aa000aa8002aa000ab140380 00002aa001aab002aa8002aa400ac800 3 -1
# 0.5601 seconds
# 76478 nodes in table
# best score -1
15 00aa8002aa000aa8002aa000ae140380 00002aa001aab002aa8003aa4002c800 3 -1
# 0.5896 seconds
# 85608 nodes in table
# best score -1
17 00aa8002aa000aa8002aa040ac140380 00002aa001aab002aa8003aa1002c800 3 -1
# 0.3582 seconds
# 96788 nodes in table
# best score 0
19 00aa8002aa000aa8002ba040a8140380 00002aa001aab002aa8003aa10038800 3 0
# 0.5647 seconds
# 116147 nodes in table
# best score 4
21 00aa8002aa000aa8002be040a0140380 00002aa0012ab003aa8003aa10038800 3 4
# 0.7911 seconds
# 128045 nodes in table
# best score 5
23 00aa8002aa000aa8002be44080140380 00002aa0012aa003aa9003aa10038800 3 5
# 0.5318 seconds
# 137010 nodes in table
# best score 6
25 00aa8002aa000aa8002be440801003c0 00001aa0012aa003aa9003aa10038800 3 6
# 0.4510 seconds
# 144859 nodes in table
# best score 6
27 00aa8002aa000aa8002fe400801003c0 00001aa0012aa003aa9003b210038800 3 6
# 0.3196 seconds
# 153186 nodes in table
# best score 7
29 00aa8002aa000aa8042fc400801003c0 00001aa0012aa003aa9003f210030800 3 7
# 0.4087 seconds
# 160040 nodes in table
# best score 8
31 00aa8002aa000aa8142f8400801003c0 00001aa0012aa403aa9003f210020800 3 8
# 0.3259 seconds
# 166209 nodes in table
# best score 8
33 00aa8002aa000ab814278400801003c0 00001aa0012aa403aa9003f210420000 3 8
# 0.3962 seconds
# 170982 nodes in table
# best score 8
35 00aa8002aa000bb814238400801003c0 00001aa0012aa403ea9003f210400000 3 8
# 0.2370 seconds
# 174821 nodes in table
# best score 8
37 00aa8002aa000bb814038400801003e0 00001aa0013aa403ea9003f200400000 3 8
# 0.2102 seconds
# 202840 nodes in table
# best score 10
39 00aa8002aa000bb814038000801003f0 00001aa0003ae403ea9003f200400000 4 10
# 1.3324 seconds
# 232557 nodes in table
# best score 11
41 00aa8002aa000bb814038000001003f8 00001aa10032e403ea9003f200400000 4 11
# 1.1935 seconds
# 247777 nodes in table
# best score 12
43 00aa8002aa000bb814038000000003fc 00001aa10032e407ea1003f200400000 4 12
# 0.7447 seconds
# 265205 nodes in table
# best score 13
45 00aa8002aa000bb814038000000021fc 00001ea10032e407ca1003f200400000 4 13
# 0.6604 seconds
# 285758 nodes in table
# best score 15
47 00aa8002aa000bb814038000000030fc 00001ea10032e407c81043f200400000 4 15
# 1.0698 seconds
# 299490 nodes in table
# best score 18
49 00aa8002aa000bb8140380000080307c 00001ea10032e405c81043fa00400000 4 18
# 0.6487 seconds
# 317540 nodes in table
# best score 19
51 00aa8002aa000bb8140380040080303c 00001ea10033e401c81043fa00400000 5 19
# 0.8955 seconds
# 332721 nodes in table
# best score 19
53 00aa8002aa000bb81403a0040080301c 00001fa10033e401881043fa00400000 5 19
# 0.7676 seconds
# 334396 nodes in table
# best score 21
55 00aa8002aa000bb81403e0040080300c 00001fa11033e401881003fa00400000 4 21
# 0.1693 seconds
# 385181 nodes in table
# best score 20
57 00aa8002aa040bb81403e00400803004 00001fa11433e401881003f200400000 7 20
# 4.4688 seconds
# 385188 nodes in table
# best score 10000
59 00aa8002ea040bb81403e00400803000 00001fa11433e401881013f200000000 7 10000
# 0.1603 seconds
# 385313 nodes in table
# best score 10000
61 00aa8002ea040bb81403e00401802000 00001fa11433e401889013f000000000 5 10000
# 0.0039 seconds
# 385319 nodes in table
# best score 10000
63 00aa8002ea040bb81403e00403800000 00001fa11433e405889003f000000000 7 10000
# 0.0003 seconds

