Randseed b73eebc7
# 5905 nodes in table
# best score 1
0 00aa8002aa000aa8002aa000aa8002aa 00002aa800aaa002aa800aaa002aa800 2 1
# 0.4994 seconds
# 10881 nodes in table
# best score 1
2 00ab0002aa000aa8002aa000aa8002aa 00001aa800aaa002aa800aaa002aa800 2 1
# 0.3525 seconds
# 16344 nodes in table
# best score 1
4 00a70002aa000aa8002aa000aa8002aa 00001aa8006aa002aa800aaa002aa800 2 1
# 0.3361 seconds
# 34643 nodes in table
# best score -1
6 00a60042aa000aa8002aa000aa8002aa 00001aa8006aa001aa800aaa002aa800 3 -1
# 0.9422 seconds
# 65395 nodes in table
# best score -1
8 00a60042aa000aa8002aa000aa9000aa 00001aa8006aa001aa8006aa002aa800 3 -1
# 1.6918 seconds
# 95904 nodes in table
# best score -1
10 00a60042aa000aa8002aa000aa90006a 00001aa8006aa001aa8006ab000aa800 3 -1
# 1.2023 seconds
# 127512 nodes in table
# best score -2
12 00a60042aa000aa8002aa000aa900066 00001aa8006aa001aa800eaa000aa800 3 -2
# 1.6100 seconds
# 151381 nodes in table
# best score -1
14 00a60042aa000aa8001aa000aa900066 00000ea8006aa001aa800eaa000aa800 3 -1
# 1.1969 seconds
# 163498 nodes in table
# best score 1
16 00a60042aa000aa8001aa000ea800066 00000ea8003aa001aa800eaa000aa800 3 1
# 0.5008 seconds
# 174487 nodes in table
# best score 3
18 00a60042aa000aa8001aa000ea810026 00000ea8003aa0012aa00eaa000aa800 3 3
# 0.5540 seconds
# 188533 nodes in table
# best score 2
20 00a60042aa000aa8001aa000ea811022 00000ea8003aa0012aa007aa000aa800 3 2
# 0.6713 seconds
# 196285 nodes in table
# best score 4
22 00a60042aa000aa8001aa000fa811002 00000ea8003aa0012aa007aa0006a800 3 4
# 0.3693 seconds
# 207850 nodes in table
# best score 5
24 00a60042aa000aa8001aa0007e811002 00000ca9003aa0012aa007aa0006a800 3 5
# 0.3952 seconds
# 214612 nodes in table
# best score 7
26 00a60042aa000aa8000ea0007e811002 000008a9003ea0012aa007aa0006a800 3 7
# 0.2386 seconds
# 225377 nodes in table
# best score 6
28 00a20042ba000aa8000ea0007e811002 000008a9003ea0002aa007ea0006a800 3 6
# 0.3242 seconds
# 229700 nodes in table
# best score 6
30 00a20042ba000aa8000ea0103e811002 000008a9003ea0002aa007ea01068800 3 6
# 0.1511 seconds
# 235532 nodes in table
# best score 7
32 00a20042ba000aa8000ea0143e811000 000008a9003ea0002aa007ea01468000 3 7
# 0.2900 seconds
# 240721 nodes in table
# best score 9
34 00a20042ba000aa8000fa0141e811000 000008a9003ea0002aa007ea21448000 3 9
# 0.2109 seconds
# 244422 nodes in table
# best score 10
36 00a20042ba000aa8000fe0140e811000 00000889043ea0002aa007ea21448000 3 10
# 0.2031 seconds
# 251314 nodes in table
# best score 11
38 00a00042ba010aa8000fe0140e811000 00000889043ea1000aa007ea21448000 3 11
# 0.3672 seconds
# 258107 nodes in table
# best score 10
40 00a00042ba010aa8040fe0140e810000 00000889043ea0400aa007ea21448000 3 10
# 0.2959 seconds
# 274464 nodes in table
# best score 13
42 00a00042ba010aa80507e0140e810000 00000889043ea0400a9007ea21448000 4 13
# 0.9221 seconds
# 286044 nodes in table
# best score 14
44 00a00042ba0106a80507e0140e810000 00000889043ea0400a9803ea21448000 4 14
# 0.5320 seconds
# 296124 nodes in table
# best score 15
46 00a00042ba0107280507e0140e810000 00000889043ea0404a9803ea21408000 4 15
# 0.4872 seconds
# 313064 nodes in table
# best score 13
48 00a00042ba0147280503e0140e810000 00000889043ea0406a9803ea01408000 5 13
# 0.7557 seconds
# 328251 nodes in table
# best score 13
50 00a00042ba014e280503e0140e810000 00000889043ea1406a8803ea01408000 5 13
# 0.5681 seconds
# 332609 nodes in table
# best score 15
52 00a00042f8014e280503e0140e810000 00000909043ea1406a8803ea01408000 5 15
# 0.3338 seconds
# 333626 nodes in table
# best score 10000
54 00a00442f8010e280503e0140e810000 00000889043ea1406a8803ea01408000 6 10000
# 0.1177 seconds
# 333632 nodes in table
# best score 10000
56 00e00442f8010e200503e0140e810000 00040809043ea1406a8803ea01408000 7 10000
# 0.0074 seconds
# 333637 nodes in table
# best score 10000
58 00e01442f8010e200501e0140e810000 00020809043ea1406a8803ea01408000 8 10000
# 0.0006 seconds

