Randseed b73fb24f
# 5887 nodes in table
# best score 0
1 00aa8042a2000aa8002aa000aa8002aa 00002aa800aaa002aa800aaa002aa800 2 0
# 0.4961 seconds
# 10719 nodes in table
# best score 1
3 00aa8042a2000aa8002aa000aa81028a 00002aa800aaa002aa800aaa006aa000 2 1
# 0.3281 seconds
# 14600 nodes in table
# best score 1
5 00aa8042a2000aa81028a000aa81028a 00002aa800aaa002aa800aaa005aa000 2 1
# 0.4045 seconds
# 28670 nodes in table
# best score 1
7 00aa8042a2000aa81028a1008a81028a 00000aac00aaa002aa800aaa005aa000 3 1
# 0.7716 seconds
# 38574 nodes in table
# best score 2
9 00a28142a2000aa81028a1008a81028a 00000ab400aaa002aa800aaa005aa000 3 2
# 0.4101 seconds
# 53837 nodes in table
# best score 3
11 00a28142a2000ba80028a1008a81028a 00000ab400aac002aa800aaa005aa000 3 3
# 0.9178 seconds
# 64699 nodes in table
# best score 4
13 00a28142a2000ba84028a0008a81028a 00000ab400aac002aa800caa005aa000 3 4
# 0.4814 seconds
# 78726 nodes in table
# best score 4
15 00a28142a2100ba84020a0008a81028a 00000ab400aac042a2800caa005aa000 3 4
# 0.6681 seconds
# 86554 nodes in table
# best score 6
17 00a2814222100fa84020a0008a81028a 00000ab400aac042a2800caa045a2000 3 6
# 0.4279 seconds
# 92435 nodes in table
# best score 6
19 00a2814222000fa94020a0008a81028a 00000ab400aac042a2800cae041a2000 3 6
# 0.3847 seconds
# 96680 nodes in table
# best score 7
21 00c2814222000fa94020a0008a81028a 00000ab000eac042a2800cae041a2000 3 7
# 0.2215 seconds
# 101178 nodes in table
# best score 8
23 00c2914022000fa94020a0008a81028a 00000ab000eac042a2800cbc041a2000 3 8
# 0.2324 seconds
# 105650 nodes in table
# best score 8
25 00c2914022040fa90020a0008a81028a 00000ab000eac042a3000cbc041a2000 3 8
# 0.2302 seconds
# 111555 nodes in table
# best score 9
27 00c2914022040fa90020a0008881428a 00000ab000eac042a3004cbc001a2000 3 9
# 0.1995 seconds
# 118258 nodes in table
# best score 10
29 00c2914022040fa90020a0008881430a 00000ab000eac042a3004cbc011a0000 3 10
# 0.2564 seconds
# 122062 nodes in table
# best score 13
31 00c2904032040fa90020a0008881430a 00000ab000eac052a3004c9c011a0000 3 13
# 0.1795 seconds
# 156996 nodes in table
# best score 14
33 00c2904032040fa90020a0004881430a 00000ab000ebc052a3004c9c001a0000 4 14
# 2.4041 seconds
# 192450 nodes in table
# best score 16
35 00c3900032040fa90020a0004881430a 000006b000ebc052a3004c9c001a0000 4 16
# 2.4011 seconds
# 219550 nodes in table
# best score 17
37 0083980032040fa90020a0004881430a 000002b040ebc052a3004c9c001a0000 4 17
# 1.3330 seconds
# 231703 nodes in table
# best score 16
39 0083980034040fa90020a0004881430a 0000033040ebc052a3004c9c001a0000 4 16
# 0.7337 seconds
# 254159 nodes in table
# best score 14
41 00039c0034040fa90020a0004881430a 0000033040ebc052a3004c1c101a0000 5 14
# 1.3917 seconds
# 274827 nodes in table
# best score 15
43 00039c0034040fa90020a0004881c302 0000023040fbc052a3004c1c101a0000 5 15
# 0.9131 seconds
# 288542 nodes in table
# best score 15
45 00039c003c040fa90000a0004881c302 0000023040fbc05263004c1c101a0000 5 15
# 0.6584 seconds
# 304381 nodes in table
# best score 16
47 00039c003c040fa90000a2000881c302 0000023040fbc05233004c1c101a0000 5 16
# 0.7010 seconds
# 319129 nodes in table
# best score 16
49 00039c203c040fa80000a2000881c302 0000021042fbc05233004c1c101a0000 5 16
# 0.5810 seconds
# 324038 nodes in table
# best score 18
51 00039c203c0407a88000a2000881c302 0000021042fbc0521b004c1c101a0000 4 18
# 0.2967 seconds
# 344248 nodes in table
# best score 15
53 00019c203c0407a88010a2000881c302 0000020042fbc0521b004c3c101a0000 5 15
# 0.7459 seconds
# 357309 nodes in table
# best score 16
55 00019c203c0407a88010a2000801d302 0000020040fbc0521b004c7c101a0000 5 16
# 0.4571 seconds
# 362546 nodes in table
# best score 15
57 00011c203c0407a88010a2004801d302 0000020040fbc0521b004cfc10180000 5 15
# 0.2429 seconds
# 367530 nodes in table
# best score 15
59 00011c203c0407a8841022004801d302 0000020040fbc0521b0044fc90180000 5 15
# 0.2413 seconds
# 372260 nodes in table
# best score 15
61 00011c203e0407a8841022000801d302 0000020040fbc0521b0040fc901c0000 5 15
# 0.2441 seconds
# 402150 nodes in table
# best score 14
63 00011c203e0407a8841022000801f300 0000020040fbc0521a0040fcb01c0000 7 14
# 1.1117 seconds
# 402529 nodes in table
# best score 10000
65 00011c203e0407a0851022000801f300 0000000040fbd0521a0040fcb01c0000 7 10000
# 0.0194 seconds
# 402551 nodes in table
# best score 10000
67 00011d203e0407a0851020000801f300 0000000040fbd0521a0044f8b01c0000 8 10000
# 0.0021 seconds
# 402555 nodes in table
# best score 10000
69 00001f203e0407a0851020000801f300 0000000040fbd0520a2044f8b01c0000 8 10000
# 0.0003 seconds

