Randseed b747ea43
# 5180 nodes in table
# best score 1
0 00aa8002aa000aa8002aa000aa8002aa 00002aa800aaa002aa800aaa002aa800 2 1
# 0.5349 seconds
# 9740 nodes in table
# best score 1
2 00aa8002aa000aa8002aa000aa80029a 00002aa800aaa002aa800aaa002ab000 2 1
# 0.4855 seconds
# 13976 nodes in table
# best score 1
4 00ab0002aa000aa8002aa000aa80029a 00002aa800aaa002aa800aaa002ae000 2 1
# 0.3159 seconds
# 55667 nodes in table
# best score -1
6 006b0002aa000aa8002aa000aa80029a 00002aa800aaa002aa800aaa042ac000 3 -1
# 2.3279 seconds
# 70666 nodes in table
# best score -1
8 006b0002aa000aa8002aa000aa80031a 00002aa800aaa002aa800aba042a8000 3 -1
# 0.8090 seconds
# 83812 nodes in table
# best score -1
10 006b0002aa000aa8002aa000aa90021a 00002aa800aaa002aa810aba042a0000 3 -1
# 0.7107 seconds
# 100845 nodes in table
# best score -1
12 006b0002aa000aa8002aa000a890421a 00002aa800aaa002ae810aba002a0000 3 -1
# 1.1075 seconds
# 133678 nodes in table
# best score -2
14 006b0002aa000aa8002a6000a890421a 00002aa800aaa002af810ab2002a0000 3 -2
# 1.3195 seconds
# 165215 nodes in table
# best score -2
16 006a0042aa000aa8002a6000a890421a 00002aa800aaa002af811aa2002a0000 3 -2
# 1.5239 seconds
# 172512 nodes in table
# best score -1
18 00680042ae000aa8002a6000a890421a 00002aa800aaa012af811a82002a0000 3 -1
# 0.3863 seconds
# 194421 nodes in table
# best score -1
20 00680042ae000aa8002a6000e890401a 00002aa800aae012af801a82002a0000 3 -1
# 0.8485 seconds
# 201009 nodes in table
# best score 2
22 00680040ae400aa8002a6000e890401a 00002aa801aae012a7801a82002a0000 3 2
# 0.2498 seconds
# 234285 nodes in table
# best score 0
24 00680040ae400aa8002a6000f090401a 00002aa801abe012a7801a80002a0000 3 0
# 0.9563 seconds
# 246251 nodes in table
# best score -1
26 00680040bc400aa8002a6000f090401a 00002aa801afe012a7800a80002a0000 3 -1
# 0.4397 seconds
# 274894 nodes in table
# best score -3
28 00680040f8400aa8002a6000f090401a 00002aa001afe112a7800a80002a0000 3 -3
# 0.9812 seconds
# 341516 nodes in table
# best score -2
30 00600140f8400aa8002a6000f090401a 00002aa000afe112e7800a80002a0000 4 -2
# 4.0169 seconds
# 396069 nodes in table
# best score -3
32 00200540f8400aa8002a6000f090401a 00002aa000afc112e7840a80002a0000 4 -3
# 3.4650 seconds
# 464934 nodes in table
# best score -2
34 00200540f8400aa8002a6000f090400e 00002aa000bfc112e7040a80002a0000 4 -2
# 2.8168 seconds
# 586911 nodes in table
# best score -4
36 00200540f8400aa9000a6000f090400e 00002aa004bfc11267040a80002a0000 5 -4
# 5.7669 seconds
# 598976 nodes in table
# best score 0
38 00200501f8400aa9000a6000f090400e 00002a8004bfc11267040b80002a0000 4 0
# 0.4675 seconds

