Randseed b7486f97
# 5026 nodes in table
# best score 0
1 00aa8002aa000aa8002aa000aa8012a8 00002aa800aaa002aa800aaa002aa800 2 0
# 0.5916 seconds
# 9485 nodes in table
# best score 0
3 00aa8002aa000aa8002aa004aa8002a8 00002aa800aaa006aa000aaa002aa800 2 0
# 0.3623 seconds
# 13567 nodes in table
# best score 0
5 00aa8002aa000aa8012aa004aa0002a8 00001aa800aaa006aa000aaa002aa800 2 0
# 0.2985 seconds
# 27534 nodes in table
# best score -2
7 00aa8002aa004aa8012aa000aa0002a8 00001aa800aaa006aa000aaa001aa800 3 -2
# 0.7853 seconds
# 37419 nodes in table
# best score -2
9 00aa8002aa004ab8012a8000aa0002a8 00001aa800aaa006aa000aaa001a6800 3 -2
# 0.5533 seconds
# 48238 nodes in table
# best score -2
11 00aa8002a8004af8012a8000aa0002a8 00001ca800aaa006aa000aaa001a6800 3 -2
# 0.6402 seconds
# 57512 nodes in table
# best score -2
13 00aa8002a8000af8112a8000aa0002a8 00001ca800aaa006aa4002aa001a6800 3 -2
# 0.4621 seconds
# 70631 nodes in table
# best score -1
15 00aa8002a8000bf8102a8000aa0002a8 00001ca8006aa006aa4002aa001a6800 3 -1
# 0.6335 seconds
# 92539 nodes in table
# best score -2
17 00aa8002a8000ff0102a8000aa0002a8 000018a9006aa006aa4002aa001a6800 3 -2
# 0.8046 seconds
# 122925 nodes in table
# best score -2
19 00aa8002a80407f0102a8000aa0002a8 000018a9006aa007aa0002aa001a6800 3 -2
# 1.3033 seconds
# 153301 nodes in table
# best score -2
21 00aa8002a80407e0102a8040aa0002a8 000018a90072a007aa0002aa001a6800 3 -2
# 1.1783 seconds
# 177416 nodes in table
# best score -1
23 00aa8102a80407e0102a8040a20002a8 000018a90172a003aa0002aa001a6800 3 -1
# 0.8516 seconds
# 195116 nodes in table
# best score 1
25 00aa8102e80407e0102a8000a20002a8 000018a10172e003aa0002aa001a6800 3 1
# 0.6914 seconds
# 205424 nodes in table
# best score 2
27 00aa8102f80403e0102a8000a20002a8 000018610172e003aa0002aa001a6800 3 2
# 0.3302 seconds
# 213573 nodes in table
# best score 4
29 00ba8102f80403c0102a8000a20002a8 000018610172e001aa1002aa001a6800 3 4
# 0.3547 seconds
# 222774 nodes in table
# best score 4
31 00ba8102f00403c0102e8000a20002a8 000018610172e001aa1002aa001c6800 3 4
# 0.3416 seconds
# 238746 nodes in table
# best score 5
33 00ba8102e00403c0102e8100a20002a8 000018610172e000aa1002aa401c6800 4 5
# 0.9010 seconds
# 248499 nodes in table
# best score 6
35 00fa8102e00403c0102e8100820002a8 000018610172e000a21102aa401c6800 4 6
# 0.5701 seconds
# 256588 nodes in table
# best score 7
37 007a8102e00403c0102f8100820002a8 000018610172e000a21002ba401c6800 4 7
# 0.5807 seconds
# 270175 nodes in table
# best score 9
39 007e8102e00403c0102f8000820002a8 000018610162e400a21002ba401c6800 4 9
# 0.7468 seconds
# 280551 nodes in table
# best score 9
41 007f8102e00403c010278000820002a8 000018610162e400a21002bc401c6800 4 9
# 0.5221 seconds
# 287624 nodes in table
# best score 9
43 007f8102e00403c010278000820002b0 000018610162e400a21002f8401c6800 4 9
# 0.3503 seconds
# 295470 nodes in table
# best score 10
45 007f8102e00403c010278000820002e0 000018610063e400a21002f8401c6800 4 10
# 0.4146 seconds
# 299646 nodes in table
# best score 11
47 007f8102e00403c010278000820003c0 000018410863e400a21002f8401c6800 4 11
# 0.2565 seconds
# 303298 nodes in table
# best score 12
49 007f8102e00403c010278400020003c0 000018410863e400a21002f8411c2800 4 12
# 0.1517 seconds
# 311260 nodes in table
# best score 11
51 00ff8102e00403c010270400020003c0 000018410863e400e21002f841182800 5 11
# 0.2219 seconds
# 316897 nodes in table
# best score 11
53 01ff8102e00403c010260400020003c0 000018410863e400c21003f841182800 5 11
# 0.1706 seconds
# 320145 nodes in table
# best score 10000
55 01ff2102e00403c010260400020003c0 000018410861e410c21003f841182800 5 10000
# 0.0363 seconds
# 320165 nodes in table
# best score 10000
57 01ff2104e00403c010260400020003c0 000018410821e410c21043f841182800 8 10000
# 0.0004 seconds

