Randseed b7518ff3
# 5640 nodes in table
# best score 1
0 00aa8002aa000aa8002aa000aa8002aa 00002aa800aaa002aa800aaa002aa800 2 1
# 0.4852 seconds
# 10091 nodes in table
# best score 1
2 00aa8002aa000aa8002aa000aa8002ca 00002aa800aaa002aa800aaa002a9800 2 1
# 0.4093 seconds
# 14821 nodes in table
# best score 1
4 002a9002aa000aa8002aa000aa8002ca 00002aa800aaa002aa800aaa006a8800 2 1
# 0.4320 seconds
# 18960 nodes in table
# best score 1
6 002a9002aa000aa8002aa000aa8012c8 00002aa800aaa002aa801aaa006a8000 2 1
# 0.4792 seconds
# 35764 nodes in table
# best score 0
8 002a1012aa000aa8002aa000aa8012c8 00002aa800aaa002aa001aae006a8000 3 0
# 1.0241 seconds
# 52691 nodes in table
# best score 0
10 002a1012aa4002a8002aa000aa8012c8 000022a900aaa002aa001aae006a8000 3 0
# 0.9167 seconds
# 72515 nodes in table
# best score 0
12 000a1412aa4002a8002aa000aa8012c8 000022a900aaa002aa000abe006a8000 3 0
# 1.0531 seconds
# 86221 nodes in table
# best score -1
14 000a1412aa4002a8002aa000aa9010c8 000022a900aaa002aa000abe00668000 3 -1
# 0.6227 seconds
# 98425 nodes in table
# best score -1
16 000a1412aa4042a0002aa000aa9010c8 000022a900aaa002a8004abe00668000 3 -1
# 0.6080 seconds
# 106694 nodes in table
# best score 0
18 00061412aa4042a0002aa000aa9010c8 000022a900aaa002a8004a7e00668000 3 0
# 0.4160 seconds
# 114816 nodes in table
# best score 0
20 00021452aa4042a0002aa000aa9010c8 0000228904aaa002a8004a7e00668000 3 0
# 0.3488 seconds
# 118881 nodes in table
# best score 1
22 00021452aa4042a0002aa000aa901068 0000228904aaa002a8004a3e04668000 3 1
# 0.1821 seconds
# 125123 nodes in table
# best score 1
24 00021452aa4042a0002aa000aa911028 0000228904aaa002a8014a3e04660000 3 1
# 0.3414 seconds
# 133376 nodes in table
# best score 0
26 00001452ba4042a0002aa000aa911028 0000228904aaa002b8014a3e00660000 3 0
# 0.3168 seconds
# 139115 nodes in table
# best score 1
28 00001452ba4042a0002aa0009a911028 0000228904aaa042b8014a3e00260000 3 1
# 0.3152 seconds
# 143614 nodes in table
# best score 0
30 00001452ba414280002aa0009a911028 0000228904aea042b8014a3c00260000 3 0
# 0.2631 seconds
# 167566 nodes in table
# best score 2
32 00001052fa414280002aa0009a911028 0000228904bea04298014a3c00260000 4 2
# 1.2086 seconds
# 207015 nodes in table
# best score 1
34 00001852fa014280002aa0009a911028 0000228904bea44288014a3c00260000 4 1
# 2.1741 seconds
# 210638 nodes in table
# best score 0
36 00001852fa014280001aa0009a911028 0000228804fea44288014a3c00260000 3 0
# 0.2589 seconds
# 215547 nodes in table
# best score 0
38 00001852fa014280001aa4009a811028 0000028c04fea44288014a3c00260000 3 0
# 0.2676 seconds
# 230757 nodes in table
# best score 3
40 00001852fa014080401aa4009a811028 0000028804feb44288014a3c00260000 4 3
# 0.9643 seconds
# 239467 nodes in table
# best score 3
42 00001c50fa014080401aa4009a811028 0000028804feb44208414a3c00260000 4 3
# 0.8527 seconds
# 252378 nodes in table
# best score 3
44 00000c70fa014080401aa4009a811028 0000028804feb44208414a3d00060000 4 3
# 0.6833 seconds
# 259262 nodes in table
# best score 5
46 00000470fa014088401aa4009a811028 0000028804feb46208414a3c00060000 4 5
# 0.3352 seconds
# 265042 nodes in table
# best score 6
48 00000470fa014088401aa4409a811008 0000028804feb4620841493c00060000 4 6
# 0.3281 seconds
# 275511 nodes in table
# best score 9
50 00000470fa014088501aa4409a801008 0000028804feb4720841493800060000 4 9
# 0.4083 seconds
# 282066 nodes in table
# best score 9
52 00000470fa014088501aa4408e801008 0000028804feb0720a41493800060000 4 9
# 0.2754 seconds
# 288000 nodes in table
# best score 10
54 00000470fa004088511aa4408e801008 0000028804feb0720a41491900060000 5 10
# 0.2196 seconds
# 291716 nodes in table
# best score 10
56 00000470fa004088511aa4408e805000 0000028800feb0720a41491900260000 5 10
# 0.2117 seconds
# 293441 nodes in table
# best score 10
58 00000470fa004088513aa4400e805000 0000028800fe30720a41491900360000 5 10
# 0.1422 seconds
# 293542 nodes in table
# best score 10000
60 00000470fa004008513ea4400e805000 0000028800fe30720a414919003c0000 6 10000
# 0.0057 seconds
# 293550 nodes in table
# best score 10000
62 00000470fa004008513ea4440e804000 0000028800fe30720a414819203c0000 8 10000
# 0.0007 seconds
# 293554 nodes in table
# best score 10000
64 00000470fa004008513ea4440f800000 0000028900fe30720a404819203c0000 8 10000
# 0.0003 seconds

