Randseed b751e9a2
# 5208 nodes in table
# best score 0
1 00aa8002aa000aa8002aa000aa8001aa 00002aa800aaa002aa800aaa002aa800 2 0
# 0.5432 seconds
# 9604 nodes in table
# best score 0
3 00aa8002aa000aa8002aa000aa8400aa 00002aa800aaa002aa800aaa006aa000 2 0
# 0.3845 seconds
# 13997 nodes in table
# best score 0
5 00aa8002aa000aa8002aa000ea84002a 00001aa800aaa002aa800aaa006aa000 2 0
# 0.4660 seconds
# 39606 nodes in table
# best score -2
7 00aa8002aa000aa8002a8004ea84002a 00001aa800aaa002aa001aaa006aa000 3 -2
# 1.3937 seconds
# 55834 nodes in table
# best score -2
9 00aa8002aa000aa800228104ea84002a 00001aa800aaa002aa801aaa002aa000 3 -2
# 0.8978 seconds
# 70666 nodes in table
# best score -2
11 00aa8002aa000aa800228404ea84002a 00001aa800aaa002a8805aaa002aa000 3 -2
# 0.9713 seconds
# 82525 nodes in table
# best score -2
13 00aa8002aa000aa900228404ea80002a 00000ea800aaa002a8805aaa002aa000 3 -2
# 0.6398 seconds
# 98079 nodes in table
# best score -2
15 00aa8002aa0002a900228404fa80002a 00000ea800aaa002a8805aaa012a8000 3 -2
# 0.6278 seconds
# 113234 nodes in table
# best score -2
17 00aa8002aa0002a800228404fe80002a 00000ea800aaa002a8801aba012a8000 3 -2
# 0.7852 seconds
# 129937 nodes in table
# best score -2
19 00aa8002aa0002a800028404fe80402a 00000ea800aaa002a8801aba012b0000 3 -2
# 0.6312 seconds
# 140702 nodes in table
# best score -1
21 00aa8002aa0002a800028004ff80402a 00000ea800aaa002a8811aba002b0000 3 -1
# 0.6347 seconds
# 151906 nodes in table
# best score -2
23 00aa8002aa0002a810008004ff80402a 00000ea800aaa002a8811a7a002b0000 3 -2
# 0.4660 seconds
# 156245 nodes in table
# best score -2
25 00aa8002aa0002a810008004ff80401a 00000ea800aa8006a8811a7a002b0000 3 -2
# 0.2288 seconds
# 161361 nodes in table
# best score -1
27 009a8002aa0002a810008004ff80401a 00000eb000aa8006a8811a7a002b0000 3 -1
# 0.2659 seconds
# 166903 nodes in table
# best score -1
29 009a8002aa0002a814000004ff80401a 00000eb000aa8006a8813a78002b0000 3 -1
# 0.2445 seconds
# 172086 nodes in table
# best score -1
31 009a8002ca0002a814000004ff80401a 000007b000aa8006a8813a78002b0000 3 -1
# 0.2923 seconds
# 177669 nodes in table
# best score 0
33 001a9002ca0002a814000004ff80401a 000007b000aa8006a8813a78002e0000 3 0
# 0.2529 seconds
# 180864 nodes in table
# best score 0
35 001a9042c20002a814000004ff80401a 000007b004aa0006a8813a78002e0000 3 0
# 0.1653 seconds
# 193561 nodes in table
# best score 2
37 001a9042c00042a814000004ff80401a 000007b004aa0046a8813a70002e0000 4 2
# 0.6907 seconds
# 196530 nodes in table
# best score 2
39 001a9042c00043a804000004ff80401a 000007b004aa0042a8817a70002e0000 3 2
# 0.1562 seconds
# 199069 nodes in table
# best score 2
41 001a9042c010432804000004ff80401a 000007b014aa0042a8817a30002e0000 3 2
# 0.1187 seconds
# 212578 nodes in table
# best score 5
43 001b9002c010432804000004ff80401a 000007b01caa0042a8817a20002e0000 4 5
# 0.6001 seconds
# 222795 nodes in table
# best score 8
45 001f1002c010432804000004ff80401a 000003b01caa0042a881fa20002e0000 4 8
# 0.6327 seconds
# 235031 nodes in table
# best score 10
47 003e1002c010432804000004ff80401a 000003b01caa0042b801fa20002e0000 4 10
# 0.4644 seconds
# 247818 nodes in table
# best score 11
49 003c1402c010432804000004ff80401a 000001b01caa0042f801fa20002e0000 4 11
# 0.4631 seconds
# 253840 nodes in table
# best score 11
51 003c1402c010433800000004ff80401a 000001b01caa0041f801fa20002e0000 4 11
# 0.4354 seconds
# 260664 nodes in table
# best score 12
53 003c1402c010631800000004ff80401a 000001b01caa0041f801fa20003c0000 4 12
# 0.3578 seconds
# 265837 nodes in table
# best score 12
55 003c1402c110630800000004ff80401a 000001b01caa0041f801fa2100380000 4 12
# 0.2267 seconds
# 276960 nodes in table
# best score 11
57 003c1402c310430800000004ff80401a 000001a01cae0041f801fa2100380000 5 11
# 0.2755 seconds
# 281528 nodes in table
# best score 9
59 003c1412c310430000000004ff80401a 000001a01cae0441f801fa0100380000 5 9
# 0.2113 seconds
# 281595 nodes in table
# best score 10000
61 003c9412c210430000000004ff80401a 000001a01cae0441f801fc0100380000 5 10000
# 0.0054 seconds
# 281599 nodes in table
# best score 10000
63 003c9412c210430000000000ff80401e 000001a01cee0441f801ec0100380000 8 10000
# 0.0005 seconds

