Randseed b75a6ef4
# 5788 nodes in table
# best score 1
0 00aa8002aa000aa8002aa000aa8002aa 00002aa800aaa002aa800aaa002aa800 2 1
# 0.5033 seconds
# 11950 nodes in table
# best score 2
2 00aa8002aa000aa8002aa000aa8002ca 00002aa800aaa002aa001aaa002aa800 2 2
# 0.4516 seconds
# 16145 nodes in table
# best score 3
4 00aa0012aa000aa8002aa000aa8002ca 00002aa800ab2002aa001aaa002aa800 2 3
# 0.3230 seconds
# 30900 nodes in table
# best score 2
6 00aa0012aa000aa8002a8004aa8002ca 00002a6800ab2002aa001aaa002aa800 3 2
# 1.0872 seconds
# 44509 nodes in table
# best score 2
8 002a1012aa000aa8002a8004aa8002ca 00002a6800ab2002aa001b2a002aa800 3 2
# 0.7112 seconds
# 56346 nodes in table
# best score 3
10 001a1012aa000aa8002a8004aa8002ca 00002a68002b3002aa001b2a002aa800 3 3
# 0.5658 seconds
# 66737 nodes in table
# best score 4
12 001a1012aa000aa8002a8004aa84028a 00002a68002b3002aa001b22012aa800 3 4
# 0.4896 seconds
# 76115 nodes in table
# best score 4
14 001a1012aa000aa8002a8004aa94008a 00002a68002b3002aa001b224122a800 3 4
# 0.3718 seconds
# 89257 nodes in table
# best score 4
16 001a1012aa000aa8002a8000aa94108a 00002a68002b3002aa000b224162a800 3 4
# 0.6016 seconds
# 104850 nodes in table
# best score 7
18 001a1012aa004aa0002a8000aa94108a 00002a68002b3002b2000b224162a800 3 7
# 0.7086 seconds
# 114346 nodes in table
# best score 7
20 001a1012aa004aa0002a8000a694108a 00002a68002b3002b2000b424162a800 3 7
# 0.5447 seconds
# 127751 nodes in table
# best score 7
22 001a1012aa004aa0002a8000a294508a 00002a68002b3002e2000b424162a800 3 7
# 0.5999 seconds
# 135526 nodes in table
# best score 9
24 001a1012aa004aa0002a8000a29c500a 00002a68002b3002e2000e424162a800 3 9
# 0.3117 seconds
# 145220 nodes in table
# best score 10
26 001a1012aa044a20002a8000a29c500a 00002a68002b2002e2400e424162a800 3 10
# 0.4729 seconds
# 167693 nodes in table
# best score 13
28 001a1012aa044c20002a8000a29c500a 00002a68002b2012e0400e424162a800 4 13
# 1.0107 seconds
# 181491 nodes in table
# best score 13
30 001a1012aa044c20002a8100229c500a 00002a68002b2013c0400e424162a800 4 13
# 0.9051 seconds
# 198839 nodes in table
# best score 15
32 000a1112aa044c20002a8100229c500a 00002a68002b2013c0400e024962a800 4 15
# 1.0453 seconds
# 215368 nodes in table
# best score 16
34 000a1112aa044c20002e8100228c500a 00002a680029a013c0400e024962a800 4 16
# 0.7186 seconds
# 228910 nodes in table
# best score 17
36 000a1112ae040c20002e8100228c500a 00002a680029c013c0400e024962a800 4 17
# 0.6516 seconds
# 285849 nodes in table
# best score 15
38 000c1112ae040c20002e8100228c500a 00002a684021c013c0400e024962a800 5 15
# 2.6351 seconds
# 327077 nodes in table
# best score 15
40 000c1112ae040c00042e8100228c500a 00002a684021c013c0400e025162a800 5 15
# 1.8419 seconds
# 363981 nodes in table
# best score 16
42 000c1112ae040c00002e8110228c500a 00002a684021c013c0400e024163a800 5 16
# 1.4214 seconds
# 381655 nodes in table
# best score 16
44 000c1112ae040c00001e8110228c500a 00002a684021c013c0400e034143a800 5 16
# 0.6889 seconds
# 407318 nodes in table
# best score 18
46 000c1112ae040c00001f8110228c5002 00002a684021c013c0400e034141a810 5 18
# 1.1058 seconds
# 432948 nodes in table
# best score 18
48 000c1112ae040c00000f8118228c5002 00002a684021c013c0400e034041a814 5 18
# 0.9360 seconds
# 469420 nodes in table
# best score 20
50 00081112be040c00000f8118228c5002 00000a6c4021c013c0400e034041a814 5 20
# 1.2148 seconds
# 560616 nodes in table
# best score 23
52 00001112be0c0c00000f8118228c5002 00000a6c4021c013c0400e074041a014 6 23
# 2.8324 seconds
# 571095 nodes in table
# best score 22
54 00001112be4c0800000f8118228c5002 00000a6c4021c013c0400e074041801c 5 22
# 0.4454 seconds
# 581899 nodes in table
# best score 22
56 00001112be4c0800000f8110228c7002 00000a6c4021c013c0400e0740438018 5 22
# 0.5729 seconds
# 583502 nodes in table
# best score 10000
58 00001113be4c0000000f8110228c7002 00000a6c4021c41380400e0740438018 6 10000
# 0.0568 seconds
# 583507 nodes in table
# best score 10000
60 00001113be4c0000200f8110228c7000 00000a6c4021e40380400e0740438018 7 10000
# 0.0042 seconds
# 583512 nodes in table
# best score 10000
62 00001103be5c0000200f8110228c7000 00000a3c4021e40380400e0740438018 8 10000
# 0.0004 seconds

