Randseed b75ae918
# 5457 nodes in table
# best score 0
1 00aa8002aa000aa8002aa0002a9002aa 00002aa800aaa002aa800aaa002aa800 2 0
# 0.4708 seconds
# 9717 nodes in table
# best score 0
3 00aa8002aa000aa8002aa1000a9002aa 00002aa800aaa002aa8002ab002aa800 2 0
# 0.4354 seconds
# 14172 nodes in table
# best score 1
5 00aa8002aa000aa8002aa1000a9002ca 00002aa800aaa002aa8002ab4022a800 2 1
# 0.4578 seconds
# 25184 nodes in table
# best score 0
7 00aa8002aa004aa0002aa1000a9002ca 00002ab000aaa002aa8002ab4022a800 3 0
# 0.7482 seconds
# 35499 nodes in table
# best score 1
9 00aa8002aa004aa0002aa1000a9002c6 00002ab000aaa002aa8002ab4022b000 3 1
# 0.5367 seconds
# 48241 nodes in table
# best score 2
11 00aa8002aa004aa0002aa1000a9002c3 00002ab000aaa002aa8002ab40227000 3 2
# 0.6727 seconds
# 56903 nodes in table
# best score 3
13 00aa8002aa004aa0002ca1000a9002c3 00002ab000aaa002aa8002ab41226000 3 3
# 0.4488 seconds
# 64357 nodes in table
# best score 4
15 00aa8002aa004aa0001ca1000a9002c3 00002ab000aaa002aa8002ad41226000 3 4
# 0.4332 seconds
# 87570 nodes in table
# best score 4
17 00aa8002aa004aa0001ca1000a1012c3 00002ab000aaa002aa8002ad51206000 3 4
# 0.8167 seconds
# 98312 nodes in table
# best score 6
19 00aa8002aa004aa0001ca1000a101ac1 00001ab000aaa002aa8002ad51206000 3 6
# 0.4655 seconds
# 106963 nodes in table
# best score 8
21 00aa8002aa004aa0001ca11008101ac1 00001ab000aaa002aa8042ad51202000 3 8
# 0.5656 seconds
# 116311 nodes in table
# best score 8
23 00aa8002aa004aa0400ca11008101ac1 00001ab000aaa002ab8042a951202000 3 8
# 0.3822 seconds
# 121717 nodes in table
# best score 8
25 00aa8002aa104aa0400ca01008101ac1 00001ab000aaa002ab8040a971202000 3 8
# 0.2088 seconds
# 131024 nodes in table
# best score 9
27 00aa8002aa104ba04008a01008101ac1 00001ab004aa2002ab8040a971202000 3 9
# 0.4000 seconds
# 135777 nodes in table
# best score 10
29 00aa8002aa104fa04000a01008101ac1 00001ab004aa0006ab8040a971202000 3 10
# 0.2900 seconds
# 189221 nodes in table
# best score 10
31 00aa8002aa1047e04000a01008101ac1 00001ab004aa0002af8040a971202000 4 10
# 2.7556 seconds
# 222235 nodes in table
# best score 12
33 00aa8002ea1047e00000a01008101ac1 00001ab004aa00029f8040a971202000 4 12
# 1.7891 seconds
# 254941 nodes in table
# best score 12
35 00aa8002ea1047e00000203008101ac1 00001ab004aa00029f8040c971202000 4 12
# 1.5435 seconds
# 261573 nodes in table
# best score 15
37 00ca8002ea1047e00000203008101ac1 00001ab004aa00029f8040c9f1002000 4 15
# 0.5314 seconds
# 274134 nodes in table
# best score 15
39 00ca8002ea1047e00000003408101ac1 00001ab004aa00029f8240c8f1002000 4 15
# 0.7174 seconds
# 283608 nodes in table
# best score 14
41 00ca8002e810c7e00000003408101ac1 00001ab004aa00019f8240c8f1002000 4 14
# 0.5552 seconds
# 294660 nodes in table
# best score 15
43 00ca8002e810c7e00000003008901ac1 00001af000aa00019f8240c8f1002000 4 15
# 0.5259 seconds
# 304903 nodes in table
# best score 16
45 00ca8002e810c3f00000003008901ac1 00001be000aa00019f8240c8f1002000 4 16
# 0.5395 seconds
# 312252 nodes in table
# best score 17
47 00ca8001e810c3f00000003008901ac1 00001be0006a00019f8240c8f1002000 4 17
# 0.3046 seconds
# 319017 nodes in table
# best score 17
49 00ca8001e810c3f00000003004901ac1 00001bc0106a00019f8240c8f1002000 4 17
# 0.2583 seconds
# 323961 nodes in table
# best score 18
51 00ca8001e810c3f0000000200c901ac1 00001bc0102a04019f8240c8f1002000 4 18
# 0.1956 seconds
# 370300 nodes in table
# best score 19
53 00ca8001e810c3f0000000200c101ac3 00001bc0102a0400df8240c8f1002000 6 19
# 1.6794 seconds
# 407616 nodes in table
# best score 17
55 00ca8001e810c3f0000000000c111ac3 00001bc010260400df8240c8f1002000 7 17
# 5.1045 seconds
# 407837 nodes in table
# best score 10000
57 00ca8001e810c3f0000000000c131a43 00001fc010220400df8240c8f1002000 8 10000
# 0.1488 seconds
# 407840 nodes in table
# best score 10000
59 00ca8001c811c3f0000000000c131a43 00001fc010220400ff8240c871002000 8 10000
# 0.0065 seconds
# 407843 nodes in table
# best score 10000
61 00ca80018a11c3f0000000000c131a43 00001fc210200400ff8240c871002000 8 10000
# 0.0004 seconds

