Randseed b7635a2f
# 6120 nodes in table
# best score 1
0 00aa8002aa000aa8002aa000aa8002aa 00002aa800aaa002aa800aaa002aa800 2 1
# 0.6397 seconds
# 10850 nodes in table
# best score 1
2 00a68002aa000aa8002aa000aa8002aa 00002a9800aaa002aa800aaa002aa800 2 1
# 0.4584 seconds
# 18478 nodes in table
# best score 1
4 00a68002aa000aa8002aa000aa8001aa 00002a98009aa002aa800aaa002aa800 2 1
# 0.5055 seconds
# 34152 nodes in table
# best score 0
6 00a68002aa000aa8002aa000aa8001ac 00002a98009aa000aac00aaa002aa800 3 0
# 0.7543 seconds
# 45289 nodes in table
# best score 0
8 00269002aa000aa8002aa000aa8001ac 00002698009aa000aac00aaa002aa800 3 0
# 0.6125 seconds
# 59002 nodes in table
# best score -1
10 00269002aa000aa8000aa400aa8001ac 00002698009aa000aac00aaa4022a800 3 -1
# 0.6813 seconds
# 71503 nodes in table
# best score -1
12 002690029a000aa8000aa400aa8001ac 00002698009aa000a6c00aaa4022a800 3 -1
# 0.6558 seconds
# 80724 nodes in table
# best score 1
14 002690029a000aa8000aa400aa8400ac 00002698009aa00086c40aaa4022a800 3 1
# 0.4157 seconds
# 87737 nodes in table
# best score 2
16 002690029a000aa8000aa500aa84002c 00002698009aa00086441aaa4022a800 3 2
# 0.2710 seconds
# 94171 nodes in table
# best score 3
18 002690028a010aa8000aa500aa84002c 00002698008ea00086441aaa4022a800 3 3
# 0.2432 seconds
# 100329 nodes in table
# best score 3
20 002690028a010aa8000a6500aa84002c 00002698008ea00086441a9a4022a800 3 3
# 0.2598 seconds
# 105778 nodes in table
# best score 4
22 0026900288014aa8000a6500aa84002c 00002618108ea00086441a9a4022a800 3 4
# 0.2522 seconds
# 111792 nodes in table
# best score 4
24 0026900288014aa8000a6500aa85000c 00002618108ea00086441a9a40226800 3 4
# 0.1946 seconds
# 116097 nodes in table
# best score 5
26 0026900288014aa800026500ba85000c 00002618108ea000864c1a1a40226800 3 5
# 0.1369 seconds
# 118413 nodes in table
# best score 5
28 0026900208114aa800026500ba85000c 00002618108ea000065c1a1a40226800 3 5
# 0.1265 seconds
# 120761 nodes in table
# best score 5
30 0026900208114aa8002265003a85000c 00002618108ea000065c1a1b40026800 3 5
# 0.0925 seconds
# 124759 nodes in table
# best score 5
32 0026900208014ba8002265003a85000c 00002618108ea000065c1a1b40006840 3 5
# 0.1416 seconds
# 145852 nodes in table
# best score 8
34 0026900208014ba9002261003a85000c 00002618108ea000065c1a1b40006820 4 8
# 1.4142 seconds
# 148973 nodes in table
# best score 7
36 0026900208014ba9002261003a850018 00002618108ea000065c1a1b40006840 3 7
# 0.1201 seconds
# 153727 nodes in table
# best score 7
38 0026900208014ba9002221043a850018 00002618108ea000065c5a0b40006840 3 7
# 0.2180 seconds
# 171093 nodes in table
# best score 9
40 0026900208014ba9002221043a858010 00002618108e2010065c5a0b40006840 4 9
# 0.9005 seconds
# 193340 nodes in table
# best score 10
42 0026900208414ba9000221043a858010 00002618108e2010065c5a0b40006880 4 10
# 0.8153 seconds
# 212863 nodes in table
# best score 12
44 0026900208414ba9000221443a818010 00002618108e2010065c5a0b40006900 4 12
# 0.7250 seconds
# 223753 nodes in table
# best score 13
46 0026900208414ba9100221443a818000 00002618108e2010065c5a0b40406100 4 13
# 0.6003 seconds
# 231369 nodes in table
# best score 13
48 0026900208414ba9100201443b818000 00002618408e2010065c5a0b40406100 4 13
# 0.4911 seconds
# 240186 nodes in table
# best score 15
50 0026900208414be9100201443b810000 00002e18408c2010065c5a0b40406100 4 15
# 0.4368 seconds
# 248069 nodes in table
# best score 15
52 0046900208414be9100201443b810000 00000e1c408c2010065c5a0b40406100 4 15
# 0.5784 seconds
# 252653 nodes in table
# best score 15
54 00c6900208414be8100201443b810000 00000e1c408c2010065c5e0a40406100 4 15
# 0.3818 seconds
# 266594 nodes in table
# best score 15
56 00c690020841cbe0100201443b810000 00000e1c418c0010065c5e0a40406100 5 15
# 0.5708 seconds
# 274349 nodes in table
# best score 16
58 00c6904208418be0100201443b810000 00000e0c418c2010065c5e0a40406100 5 16
# 0.3468 seconds
# 274465 nodes in table
# best score 10000
60 00c2904208418fe0100201443b810000 00000e04418c6010065c5e0a40406100 6 10000
# 0.0018 seconds
# 274478 nodes in table
# best score 10000
62 00c3904208418fe0100201443b800000 00000e00418c7010065c5e0a40406100 8 10000
# 0.0004 seconds

