Randseed b76415db
# 4991 nodes in table
# best score 0
1 00aa8002aa000aa8002aa000aa8012a8 00002aa800aaa002aa800aaa002aa800 2 0
# 0.5097 seconds
# 9896 nodes in table
# best score 0
3 00aa8002aa004aa0002aa000aa8012a8 00002aa800aaa000aac00aaa002aa800 2 0
# 0.4920 seconds
# 14016 nodes in table
# best score 0
5 00aa8002ae000aa0002aa000aa8012a8 00002ab000aaa000aac00aaa002aa800 2 0
# 0.2807 seconds
# 25679 nodes in table
# best score -1
7 00aa8002ae000aa0000aa400aa8012a8 00002ab000aaa000a8c04aaa002aa800 3 -1
# 0.5821 seconds
# 40056 nodes in table
# best score -1
9 00aa8002ae000a80040aa400aa8012a8 00002ab000aaa000a8c04aac002aa800 3 -1
# 0.8701 seconds
# 61419 nodes in table
# best score -2
11 00aa8002ae400280040aa400aa8012a8 00002ae000aaa000a8c04aac002aa800 3 -2
# 1.0255 seconds
# 72424 nodes in table
# best score -1
13 00a28102ae400280040aa400aa8012a8 00001ae000aaa000a8c04aac002aa800 3 -1
# 0.6226 seconds
# 80560 nodes in table
# best score 0
15 00a28102ae500080040aa400aa8012a8 00001ac010aaa000a8c04aac002aa800 3 0
# 0.4172 seconds
# 88344 nodes in table
# best score 0
17 00a28102ae5000800406a400aa8012a8 00001a8010aea000a8c04aac002aa800 3 0
# 0.3814 seconds
# 94956 nodes in table
# best score 0
19 00a28102ae5000800406a400aa8052a0 00001a8010aea000a8c04aac012a8800 3 0
# 0.3074 seconds
# 101552 nodes in table
# best score 1
21 00a28102ae5000800406a400aa8052c0 00000e8010aea000a8c04aac012a8800 3 1
# 0.2312 seconds
# 108461 nodes in table
# best score 1
23 00a28102ae5000801402a400aa8052c0 00000c8110aea000a8c04aac012a8800 3 1
# 0.2398 seconds
# 114018 nodes in table
# best score 3
25 00a28102ae5000801402a440a28052c0 00000c8110aea000a8c04abc002a8800 3 3
# 0.1847 seconds
# 119108 nodes in table
# best score 3
27 00a28142ac5000801402a440a28052c0 00000c8110aea000a8c10abc002a8800 3 3
# 0.2264 seconds
# 122265 nodes in table
# best score 5
29 00c28142ac5000801402a440a28052c0 00000c8110aea000a8c10abc042a0800 3 5
# 0.1171 seconds
# 124789 nodes in table
# best score 5
31 00c28142ac5000001402a440aa8052c0 00000c8110aea000a8c10abc046a0000 3 5
# 0.1469 seconds
# 140071 nodes in table
# best score 7
33 00c28142ac5000001402a4409a8052c0 00000c8110aea000a8c10abc046c0000 4 7
# 1.0438 seconds
# 153386 nodes in table
# best score 8
35 00c30142ac5000001402a4409a8052c0 00000c0110afa000a8c10abc046c0000 4 8
# 0.8115 seconds
# 163763 nodes in table
# best score 10
37 00c301c2a85000001402a4409a8052c0 00000c0110afa000a8c10abe042c0000 4 10
# 0.5885 seconds
# 176649 nodes in table
# best score 10
39 00c301c2a85000001402a0409a9052c0 00000c0100afa040a8c10abe042c0000 4 10
# 0.8354 seconds
# 190064 nodes in table
# best score 12
41 00c301c2a85000000402a0409a9252c0 00000c0100afc040a8c10abe042c0000 4 12
# 0.6484 seconds
# 203526 nodes in table
# best score 13
43 00c301c2a85000000402a0401a9253c0 00000c0100afc040a8810ebe042c0000 4 13
# 0.6847 seconds
# 213518 nodes in table
# best score 14
45 00c301c2a85000000400a0401a9353c0 00000c0100afc040a8850e3e042c0000 4 14
# 0.4793 seconds
# 220736 nodes in table
# best score 15
47 00c301c2a85000000400a0401a1373c0 00000c0100afc040b8850e3e002c0000 4 15
# 0.3062 seconds
# 231253 nodes in table
# best score 16
49 00c301c2e84000000400a0401a1373c0 00000c0100a7c040f8850e3e002c0000 4 16
# 0.4267 seconds
# 243706 nodes in table
# best score 15
51 00ca01c2e84000000400a0401a1373c0 00000c0100a3c440f8850e3e002c0000 5 15
# 0.5402 seconds
# 253243 nodes in table
# best score 15
53 00d801c2e84000000400a0401a1373c0 00000c0100a3c440f8850e3e40280000 5 15
# 0.5046 seconds
# 279321 nodes in table
# best score 11
55 00f801c2684000000400a0401a1373c0 00000c0100a3c440f8811e3e40280000 7 11
# 0.9286 seconds
# 280410 nodes in table
# best score 11
57 00f811c2284000000400a0401a1373c0 00000c0100a3c440f891163e40280000 5 11
# 0.1892 seconds
# 284130 nodes in table
# best score 11
59 00f811c2084008000400a0401a1373c0 00000c010023d440f891163e40280000 5 11
# 0.1494 seconds
# 285553 nodes in table
# best score 11
61 00f811c2084008000400a0401813f3c0 00000c010023d440f891163f40080000 5 11
# 0.0423 seconds
# 285558 nodes in table
# best score 10000
63 00f811c2084008000000e0401813f3c0 00000c010023c442f891163f40080000 5 10000
# 0.0002 seconds
# 285569 nodes in table
# best score 10000
65 00f811c208400800010060401813f3c0 00000c0100238442f8911e3f40080000 5 10000
# 0.0001 seconds

