Randseed b76beb2c
# 5902 nodes in table
# best score 1
0 00aa8002aa000aa8002aa000aa8002aa 00002aa800aaa002aa800aaa002aa800 2 1
# 0.6345 seconds
# 10746 nodes in table
# best score 1
2 00aa8002aa000aa8002aa000aa8002ca 00002aa800aaa002aa800aaa006aa000 2 1
# 0.4899 seconds
# 15558 nodes in table
# best score 1
4 00aa8002aa000aa8002aa000aa8001ca 00002aa800aaa002aa801aaa002aa000 2 1
# 0.4076 seconds
# 43713 nodes in table
# best score -1
6 00b28002aa000aa8002aa000aa8001ca 00002aa800aaa002aa801aaa012a8000 3 -1
# 1.4047 seconds
# 74668 nodes in table
# best score -1
8 00b28002aa000aa8002aa0006a8001ca 00002aa800aaa002aa801aae002a8000 3 -1
# 1.7386 seconds
# 92691 nodes in table
# best score -1
10 00b28002aa000aa8002aa0006a84018a 00002aa800aaa002aa801aae042a0000 3 -1
# 1.2284 seconds
# 109071 nodes in table
# best score 3
12 00b28002aa000aa8002aa0006b04018a 00002aa800aaa002aa801abe002a0000 3 3
# 1.0126 seconds
# 124090 nodes in table
# best score 4
14 00b28002aa000aa8002aa0003b04018a 00002aa800aaa002aa801abe00290000 3 4
# 0.8286 seconds
# 138064 nodes in table
# best score 5
16 00b28002aa000aa8002aa0003e04018a 00002aa800aaa002aa801abe00288000 3 5
# 0.7780 seconds
# 152069 nodes in table
# best score 5
18 00b28002aa000aa8002aa0003e04408a 00002aa810a8a002aa801abe00288000 3 5
# 0.7620 seconds
# 161644 nodes in table
# best score 5
20 00b28002aa000aa80028a0403e04408a 000028a850a8a002aa801abe00288000 3 5
# 0.4491 seconds
# 172644 nodes in table
# best score 7
22 00b28002aa000aa80028a1403e04400a 000028a850a8a002aac012be00288000 3 7
# 0.6341 seconds
# 178058 nodes in table
# best score 7
24 00b08042aa000aa80028a1403e04400a 000028a85088a402aac012be00288000 3 7
# 0.2782 seconds
# 181450 nodes in table
# best score 8
26 00b08042aa000aa80038a1403e044002 000028a85088a402aac012be00308000 3 8
# 0.1760 seconds
# 184637 nodes in table
# best score 9
28 00b08042aa000aa90038a1003e044002 000028a85088a402b2c012be00308000 3 9
# 0.1592 seconds
# 187513 nodes in table
# best score 10
30 00309042aa000aa90038a1003e044002 000028a854882402b2c012be00308000 3 10
# 0.1844 seconds
# 202187 nodes in table
# best score 15
32 00301052aa000aa90038a1003e044002 000028a854882402b2c012bf00208000 4 15
# 1.3852 seconds
# 216346 nodes in table
# best score 15
34 00301052aa0002a94038a1003e044002 000028a854882502a2c012bf00208000 4 15
# 0.8317 seconds
# 224248 nodes in table
# best score 16
36 00301052aa1002a84038a1003e044002 000008ac54882502a2c012bf00208000 4 16
# 0.7699 seconds
# 237539 nodes in table
# best score 19
38 00201452aa1002a84038a1003e044002 000008ac54882502a2c0529f00208000 4 19
# 0.7200 seconds
# 240011 nodes in table
# best score 19
40 00201453aa1002a84018a1003e044002 000008ac54882503a280529f00208000 3 19
# 0.1654 seconds
# 249589 nodes in table
# best score 20
42 00201453aa1002a84018a1003e045000 000009ac44882503a280529f00208000 4 20
# 0.6032 seconds
# 261151 nodes in table
# best score 21
44 00201453aa1002a84018a1003e046000 00000b2c44882503a280529f00208000 4 21
# 0.5166 seconds
# 285058 nodes in table
# best score 19
46 00201453aa1002684018a1003e046000 0040032c44882503a280529f00208000 5 19
# 1.0073 seconds
# 319333 nodes in table
# best score 20
48 00200453aa1002684018a1203e046000 0040032c44882503a2805a9f00008000 5 20
# 1.4575 seconds
# 336889 nodes in table
# best score 20
50 00200453aa1002384018a1203e046000 0040032c44882503a2845a1f00008000 5 20
# 0.9164 seconds
# 352555 nodes in table
# best score 20
52 00200453aa100238411881203e046000 0040032c44882503a2845e1e00008000 5 20
# 0.6741 seconds
# 354537 nodes in table
# best score 21
54 00200453aa104238401881203e046000 0040032c44882507a2845e0e00008000 4 21
# 0.1361 seconds
# 355457 nodes in table
# best score 10000
56 00200453aa104238400881303e046000 0040032c45882507a0845e0e00008000 6 10000
# 0.0560 seconds
# 355464 nodes in table
# best score 10000
58 00200413ba104238400881303e046000 0040032c45882507a094560e00008000 7 10000
# 0.0020 seconds
# 355470 nodes in table
# best score 10000
60 00200413ba104238440881303e044000 0040032c45882507a094560e00000010 7 10000
# 0.0003 seconds

