Randseed b76c5214
# 4957 nodes in table
# best score 0
1 00aa8002aa000aa8002aa000aa8012a8 00002aa800aaa002aa800aaa002aa800 2 0
# 0.4284 seconds
# 9180 nodes in table
# best score 0
3 00aa8002aa000aa8002aa004aa8002a8 00002aa800aab000aa800aaa002aa800 2 0
# 0.3624 seconds
# 13765 nodes in table
# best score 0
5 00aa8002aa000aa8002aa004aa8042a0 00002aa800aab000aa800aaa006aa000 2 0
# 0.3152 seconds
# 40444 nodes in table
# best score -2
7 00aa8002aa000aa8002aa014aa8002a0 00002aa800aab000aa800aaa016a8000 3 -2
# 1.1730 seconds
# 60392 nodes in table
# best score -2
9 00aa8002aa000aa8002aa014aa810280 00000aac00aab000aa800aaa016a8000 3 -2
# 1.0872 seconds
# 81932 nodes in table
# best score -2
11 00aa8002aa000aa8002aa014ae800280 00000aac00eaa000aa800aaa016a8000 3 -2
# 1.0107 seconds
# 105907 nodes in table
# best score -3
13 00aa8002aa000aa8002aa014ae840200 00000aac00eaa000aa804aaa006a8000 3 -3
# 1.0928 seconds
# 132554 nodes in table
# best score -2
15 00aa8002aa000aa8002aa014be800200 00000aac00eaa4002a804aaa006a8000 3 -2
# 1.2777 seconds
# 154814 nodes in table
# best score 0
17 00aa8002aa000aa8002aa014be800100 00000aac00eaa4002a804aaa005a8000 3 0
# 0.8616 seconds
# 184802 nodes in table
# best score 0
19 00aa8002aa000aa8002aa014be800080 00000aac00eaa4002a804aaa005b0000 3 0
# 1.3919 seconds
# 207770 nodes in table
# best score 1
21 00aa8002aa000aa8002aa014be800040 00000aac00eaa4002a804aaa005e0000 3 1
# 0.8399 seconds
# 224096 nodes in table
# best score 6
23 00aa8002aa000aa8002aa014be800020 00000aac00eaa4002a804aaa404e0000 3 6
# 0.7137 seconds
# 244690 nodes in table
# best score 7
25 00aa8002aa000aa8002aa014be810000 00000aac00eaa4002a804eaa404c0000 3 7
# 1.0279 seconds
# 263708 nodes in table
# best score 7
27 00aa8002aa000aa8002aa014bf800000 00000aa900eaa4002a804eaa404c0000 3 7
# 0.9349 seconds
# 284935 nodes in table
# best score 7
29 00aa8002aa000aa8002aa0549f800000 00000ab100eaa4002a804eaa404c0000 3 7
# 1.0938 seconds
# 300601 nodes in table
# best score 7
31 00aa8002aa000aa8012aa0548f800000 00000ab100eaa4002a804faa40480000 3 7
# 0.7134 seconds
# 322822 nodes in table
# best score 9
33 00aa8002aa000aa8012aa0540f900000 000002b100faa4002a804faa40480000 3 9
# 0.8080 seconds
# 332093 nodes in table
# best score 12
35 00aa8002aa000aa8012aa0540f800200 000002b000faa5002a804faa40480000 3 12
# 0.4512 seconds
# 340545 nodes in table
# best score 13
37 00aa8002aa000aa8012aa0540f800100 000002b000faa5002a8447aa40480000 3 13
# 0.5441 seconds
# 352468 nodes in table
# best score 15
39 00aa8002aa000aa8012aa0540f800080 000002b000fea1002a8447aa40480000 3 15
# 0.4903 seconds
# 359586 nodes in table
# best score 17
41 00aa8002aa000aa8012aa0540f800040 000002b000fec1002a8447aa40480000 3 17
# 0.4653 seconds
# 374558 nodes in table
# best score 18
43 00aa8002aa000aa8012aa0540f800020 000002b000ffc1002a8447aa40400000 3 18
# 0.5564 seconds
# 435922 nodes in table
# best score 20
45 00aa8002aa000aa8012aa0540f810000 0000027000ffc1002a8447aa40400000 4 20
# 2.4469 seconds
# 468023 nodes in table
# best score 19
47 00aa8002aa000aa8052aa0540f800000 0000007040ffc1002a8447aa40400000 4 19
# 1.3210 seconds
# 503281 nodes in table
# best score 19
49 00aa8002aa000ae80528a0540f800000 0000007040ffc1002a8457aa40000000 4 19
# 1.5124 seconds
# 525010 nodes in table
# best score 21
51 00aa8002aa000ae80528a0140f810000 0000007040ffc1042a8457a840000000 4 21
# 0.9036 seconds
# 538448 nodes in table
# best score 21
53 00aa8002aa000ae84520a0140f810000 0000003044ffc1042a8457a840000000 4 21
# 0.5762 seconds
# 545302 nodes in table
# best score 21
55 00aa8002aa000ee80520a0140f810000 0000003044ffc1042a85578840000000 4 21
# 0.3775 seconds
# 545681 nodes in table
# best score 10000
57 00aa8002aa000ee90500a0140f810000 0000003004ffe1042a85578840000000 5 10000
# 0.0133 seconds
# 545686 nodes in table
# best score 10000
59 00aa8002aa000ee10500a0140f830000 0000003004ffe1043a85538840000000 8 10000
# 0.0008 seconds

