Randseed b7746d96
# 5638 nodes in table
# best score 1
0 00aa8002aa000aa8002aa000aa8002aa 00002aa800aaa002aa800aaa002aa800 2 1
# 0.4971 seconds
# 11734 nodes in table
# best score 1
2 00aa8002aa000aa8002aa000aa8002ac 000028a840aaa002aa800aaa002aa800 2 1
# 0.4222 seconds
# 16717 nodes in table
# best score 1
4 00aa8002aa000aa8002aa000aa80029c 000028a840aaa002aa800b2a002aa800 2 1
# 0.3996 seconds
# 27924 nodes in table
# best score 0
6 00aa80032a000aa8002aa000aa80029c 000028a840aa2012aa800b2a002aa800 3 0
# 0.6877 seconds
# 42838 nodes in table
# best score 0
8 002a90032a000aa8002aa000aa80029c 000028a840aa2012aa800e2a002aa800 3 0
# 1.0323 seconds
# 56058 nodes in table
# best score 1
10 002a90031a000aa8002aa000aa80029c 000028a840aa2012aa800e28006aa800 3 1
# 0.7771 seconds
# 66162 nodes in table
# best score 2
12 002a10131a000aa8002aa000aa80029c 000028a840aa2012aa800e28006b2800 3 2
# 0.5980 seconds
# 73080 nodes in table
# best score 3
14 002a10131a000aa0012aa000aa80029c 000028a840aa2002aa804e28006b2800 3 3
# 0.3715 seconds
# 84499 nodes in table
# best score 4
16 002810531a000aa0012aa000aa80029c 000028a841aa0002aa804e28006b2800 3 4
# 0.5031 seconds
# 93622 nodes in table
# best score 5
18 002810531a000aa0012aa000ab00029c 000028a841aa0000aac04e28006b2800 3 5
# 0.3911 seconds
# 100646 nodes in table
# best score 6
20 002810531a000aa0012aa000ab04021c 000008ac41aa0000aac04e28006b2800 3 6
# 0.3128 seconds
# 108664 nodes in table
# best score 5
22 002800531a400aa0012aa000ab04021c 000008ac41aa0000aac04e28005b2800 3 5
# 0.4289 seconds
# 113803 nodes in table
# best score 7
24 002800531a400aa0012aa000ab044218 000010ac41aa0000aac04e28005b2800 3 7
# 0.3098 seconds
# 117900 nodes in table
# best score 8
26 002800531a400aa0012aa010ab044208 000020ac41aa0000aac04e28005b2800 3 8
# 0.2180 seconds
# 122604 nodes in table
# best score 9
28 002800531a400aa0012ba010ab044200 000020ac419a0000aac04e28005b2800 3 9
# 0.1898 seconds
# 127060 nodes in table
# best score 10
30 002800531a400aa0011ba010ab044200 000020ac419a00006ac04e28005b2800 3 10
# 0.2839 seconds
# 131315 nodes in table
# best score 11
32 002800521a400ea0011ba010ab044200 000020ac019a01006ac04e28005b2800 3 11
# 0.2420 seconds
# 142494 nodes in table
# best score 10
34 002800521a400ea0011ba0106b044200 000020ac019a01006a804e28805b2800 3 10
# 0.5157 seconds
# 146371 nodes in table
# best score 12
36 002800521a400ea0011ba1102b044200 000020ac019e01002a804e28805b2800 3 12
# 0.2103 seconds
# 151578 nodes in table
# best score 13
38 002800521a400ea0011ba1102b044100 000020ac019e01400a804e28805b2800 3 13
# 0.2274 seconds
# 154192 nodes in table
# best score 15
40 002800521a400ea0010ba1103b044100 000020ac019e01400a804e28805b1800 3 15
# 0.1632 seconds
# 157131 nodes in table
# best score 16
42 002800521a400ea0050ba1103a044100 000020ac019e014008804e2c805b1800 3 16
# 0.1527 seconds
# 174433 nodes in table
# best score 19
44 002800521a400ea0050ba1103a044080 000000ac019e114008804e2c805b1800 4 19
# 1.1848 seconds
# 182325 nodes in table
# best score 19
46 002800521a400e80050ba1103e044080 0000012c019e114008804e2c805b1800 4 19
# 0.4153 seconds
# 234022 nodes in table
# best score 18
48 002800521a400e80070b81103e044080 0000002c219e114008804e2c805b1800 5 18
# 2.8753 seconds
# 241947 nodes in table
# best score 20
50 002800520e400e80070b81103e044080 0001000c219e114008804e2c805b1800 4 20
# 0.5205 seconds
# 261438 nodes in table
# best score 20
52 002800520e400e80160b81103e044080 00010004219e314008804e2c805b1800 5 20
# 0.7585 seconds
# 319713 nodes in table
# best score 23
54 002800520e400e00560b81103e044080 00010004218f314008804e2c805b1800 6 23
# 2.5330 seconds
# 383058 nodes in table
# best score 25
56 003000520e400e00560b81103e044080 00010000218f314208804e2c805b1800 6 25
# 1.8892 seconds
# 387088 nodes in table
# best score 26
58 002004520e400e00560b81103e044080 00010000218f314608004e2c805b1800 4 26
# 0.2548 seconds
# 389313 nodes in table
# best score 10000
60 002004520e400e10460b81103e044080 00010000218f314608000e2c80db1800 7 10000
# 0.1683 seconds
# 389328 nodes in table
# best score 10000
62 002004520e408e10460981103e044080 00010000218f314608000e4c80db1800 5 10000
# 0.0100 seconds
# 389333 nodes in table
# best score 10000
64 002014420e408e10460981103e044080 00010000218f304618000e4c80db1800 8 10000
# 0.0006 seconds

