Randseed b774cdbb
# 5315 nodes in table
# best score 0
1 00aa8002aa000aa80028a040aa8002aa 00002aa800aaa002aa800aaa002aa800 2 0
# 0.5330 seconds
# 9959 nodes in table
# best score 1
3 00aa8002aa000aa80028a040aa8002a6 00002aa800aab000aa800aaa002aa800 2 1
# 0.4053 seconds
# 15792 nodes in table
# best score 1
5 00aa81028a000aa80028a040aa8002a6 00002aa800aab000aa800aaa002ab000 2 1
# 0.4285 seconds
# 51493 nodes in table
# best score -1
7 00aa81028a000aa800286040aa8002a6 00002aac00aaa000aa800aaa002ab000 3 -1
# 1.7031 seconds
# 64468 nodes in table
# best score 0
9 00aa81028a0008a840286040aa8002a6 00002aac00aa8004aa800aaa002ab000 3 0
# 0.7784 seconds
# 75658 nodes in table
# best score 1
11 00aa81028a0008a840286040ac8002a6 00002aac00aa8044a2800aaa002ab000 3 1
# 0.6778 seconds
# 88569 nodes in table
# best score 2
13 00aa81028a0008a840186040ac8002a6 00003aac002a8044a2800aaa002ab000 3 2
# 0.5874 seconds
# 98677 nodes in table
# best score 2
15 00aa81028a0008a841182040ac8002a6 00003aac002a8044a2800aac002ab000 3 2
# 0.7299 seconds
# 111406 nodes in table
# best score 3
17 00aa81028c0008a841182040ac8002a6 00003ea8002a8044a2800aac002ab000 3 3
# 0.5419 seconds
# 122932 nodes in table
# best score 4
19 00aa8102880108a841182040ac8002a6 00003ea8002a8044a2800aac001ab000 3 4
# 0.3613 seconds
# 127712 nodes in table
# best score 5
21 009a8102880108a841182040ac8002a6 00003ea8002a0054a2800aac001ab000 3 5
# 0.1794 seconds
# 134437 nodes in table
# best score 5
23 009b0102880108a841182040ac8002a6 00003ea8002a0050a2801aac001ab000 3 5
# 0.2338 seconds
# 140938 nodes in table
# best score 5
25 009b0102081108a841182040ac8002a6 00001ea9002a0050a2801aac001ab000 3 5
# 0.2236 seconds
# 146615 nodes in table
# best score 8
27 009b0102081108a8411821408c8002a6 00001ca9002a0450a2801aac001ab000 3 8
# 0.2605 seconds
# 150939 nodes in table
# best score 9
29 009b0102081108a8410c21408c8002a6 000018a9002a0650a2801aac001ab000 3 9
# 0.2961 seconds
# 166580 nodes in table
# best score 12
31 009b0102081108a8410c21408d0002a6 000018b1002a0650a2801aac001ab000 4 12
# 1.3352 seconds
# 191636 nodes in table
# best score 13
33 009b0102081108a8410c21408d000266 000018e1002a0650a2801aac001ab000 4 13
# 1.6424 seconds
# 215485 nodes in table
# best score 15
35 009b010208118888410c21408d000266 000018e1002a075082801aac001ab000 4 15
# 1.4211 seconds
# 232936 nodes in table
# best score 16
37 009b010208118888410e214089000266 000018e1002a075082801a2c101ab000 4 16
# 1.0527 seconds
# 250155 nodes in table
# best score 18
39 009b01020011c888410e214089000266 000018e1002a075082801a2c001bb000 4 18
# 0.7374 seconds
# 263287 nodes in table
# best score 18
41 009b01020051c088410e214089000266 000018e1002a075082801a0c041bb000 4 18
# 0.5708 seconds
# 275221 nodes in table
# best score 19
43 009f00020051c088410e214089000266 000018e1002a07508280160c041bb000 4 19
# 0.5150 seconds
# 285551 nodes in table
# best score 20
45 005f00020051c088410e214089000266 000018e1002a07508280120c441bb000 4 20
# 0.5343 seconds
# 294089 nodes in table
# best score 19
47 005f00020051c088110e214089000266 000018e1002a07508200120e441bb000 4 19
# 0.3232 seconds
# 303191 nodes in table
# best score 18
49 005f00000051c888110e214089000266 000018e1002e07108200120e441bb000 5 18
# 0.4084 seconds
# 312679 nodes in table
# best score 18
51 005f00000051c8c8110e204089000266 000008e1002e07108210120e441bb000 5 18
# 0.3784 seconds
# 316562 nodes in table
# best score 19
53 005f00000051c8c8110e204089000236 000000e1102e07108210120e441bb000 5 19
# 0.2309 seconds
# 333596 nodes in table
# best score 10000
55 005f00000051c8e8110e204081000236 000000e1102e07108210420e441bb000 6 10000
# 0.4150 seconds
# 333681 nodes in table
# best score 10000
57 005f00000051c8e8110e20408100023c 000000e1102e07108210420e401bf000 7 10000
# 0.0078 seconds
# 333682 nodes in table
# best score 10000
59 005f00000051c8e8110e00408900023c 000000e1102e07108210420c409bf000 10 10000
# 0.0005 seconds

